<?xml version="1.0" encoding="UTF-8"?>
<testsuite name="TestSuite" time="34.151" tests="14" errors="0" skipped="6" failures="2">
  <properties>
    <property name="java.runtime.name" value="Java(TM) SE Runtime Environment"/>
    <property name="sun.boot.library.path" value="E:\Java\jdk1.8.0_101\jre\bin"/>
    <property name="java.vm.version" value="25.101-b13"/>
    <property name="java.vm.vendor" value="Oracle Corporation"/>
    <property name="maven.multiModuleProjectDirectory" value="E:\Javaworkspace\dianqingOApageObject"/>
    <property name="java.vendor.url" value="http://java.oracle.com/"/>
    <property name="path.separator" value=";"/>
    <property name="guice.disable.misplaced.annotation.check" value="true"/>
    <property name="java.vm.name" value="Java HotSpot(TM) 64-Bit Server VM"/>
    <property name="file.encoding.pkg" value="sun.io"/>
    <property name="user.script" value=""/>
    <property name="user.country" value="CN"/>
    <property name="sun.java.launcher" value="SUN_STANDARD"/>
    <property name="sun.os.patch.level" value=""/>
    <property name="java.vm.specification.name" value="Java Virtual Machine Specification"/>
    <property name="user.dir" value="E:\Javaworkspace\dianqingOApageObject"/>
    <property name="java.runtime.version" value="1.8.0_101-b13"/>
    <property name="java.awt.graphicsenv" value="sun.awt.Win32GraphicsEnvironment"/>
    <property name="java.endorsed.dirs" value="E:\Java\jdk1.8.0_101\jre\lib\endorsed"/>
    <property name="os.arch" value="amd64"/>
    <property name="java.io.tmpdir" value="C:\Users\ADMINI~1\AppData\Local\Temp\"/>
    <property name="line.separator" value="&#10;"/>
    <property name="java.vm.specification.vendor" value="Oracle Corporation"/>
    <property name="user.variant" value=""/>
    <property name="os.name" value="Windows 10"/>
    <property name="classworlds.conf" value="E:\Javaworkspace\.metadata\.plugins\org.eclipse.m2e.launching\launches\m2conf8291363905919158644.tmp"/>
    <property name="sun.jnu.encoding" value="GBK"/>
    <property name="java.library.path" value="E:\Java\jdk1.8.0_101\bin;C:\Windows\Sun\Java\bin;C:\Windows\system32;C:\Windows;E:/Java/jre1.8.0_101/bin/server;E:/Java/jre1.8.0_101/bin;E:/Java/jre1.8.0_101/lib/amd64;E:\Python\Python37\Scripts\;E:\Python\Python37\;E:\app\Administrator\product\11.2.0\dbhome_1\bin;C:\ProgramData\Oracle\Java\javapath;C:\Windows\system32;C:\Windows;C:\Windows\System32\Wbem;C:\Windows\System32\WindowsPowerShell\v1.0\;E:\Java\jdk1.8.0_101\bin;E:\Java\jdk1.8.0_101\jre\bin;C:\strawberry\c\bin;C:\strawberry\perl\bin;C:\Program Files (x86)\MySQL\MySQL Server 5.0\bin;E:\apache-maven-3.6.0\bin;E:\apache-jmeter-3.3\bin;E:\apache-ant-1.9.14\bin;E:\git\Git\cmd;E:\Program Files (x86)\Fiddler;E:\eclipse;;."/>
    <property name="java.specification.name" value="Java Platform API Specification"/>
    <property name="java.class.version" value="52.0"/>
    <property name="sun.management.compiler" value="HotSpot 64-Bit Tiered Compilers"/>
    <property name="os.version" value="10.0"/>
    <property name="user.home" value="C:\Users\Administrator"/>
    <property name="user.timezone" value="Asia/Shanghai"/>
    <property name="java.awt.printerjob" value="sun.awt.windows.WPrinterJob"/>
    <property name="java.specification.version" value="1.8"/>
    <property name="file.encoding" value="UTF-8"/>
    <property name="user.name" value="Administrator"/>
    <property name="java.class.path" value="E:\apache-maven-3.6.0\boot\plexus-classworlds-2.5.2.jar"/>
    <property name="java.vm.specification.version" value="1.8"/>
    <property name="sun.arch.data.model" value="64"/>
    <property name="java.home" value="E:\Java\jdk1.8.0_101\jre"/>
    <property name="sun.java.command" value="org.codehaus.plexus.classworlds.launcher.Launcher -B -gs E:\apache-maven-3.6.0\conf\settings.xml -s E:\apache-maven-3.6.0\conf\settings.xml test"/>
    <property name="java.specification.vendor" value="Oracle Corporation"/>
    <property name="user.language" value="zh"/>
    <property name="awt.toolkit" value="sun.awt.windows.WToolkit"/>
    <property name="java.vm.info" value="mixed mode"/>
    <property name="java.version" value="1.8.0_101"/>
    <property name="java.ext.dirs" value="E:\Java\jdk1.8.0_101\jre\lib\ext;C:\Windows\Sun\Java\lib\ext"/>
    <property name="sun.boot.class.path" value="E:\Java\jdk1.8.0_101\jre\lib\resources.jar;E:\Java\jdk1.8.0_101\jre\lib\rt.jar;E:\Java\jdk1.8.0_101\jre\lib\sunrsasign.jar;E:\Java\jdk1.8.0_101\jre\lib\jsse.jar;E:\Java\jdk1.8.0_101\jre\lib\jce.jar;E:\Java\jdk1.8.0_101\jre\lib\charsets.jar;E:\Java\jdk1.8.0_101\jre\lib\jfr.jar;E:\Java\jdk1.8.0_101\jre\classes"/>
    <property name="java.vendor" value="Oracle Corporation"/>
    <property name="maven.home" value="E:\apache-maven-3.6.0"/>
    <property name="file.separator" value="\"/>
    <property name="java.vendor.url.bug" value="http://bugreport.sun.com/bugreport/"/>
    <property name="sun.cpu.endian" value="little"/>
    <property name="sun.io.unicode.encoding" value="UnicodeLittle"/>
    <property name="sun.desktop" value="windows"/>
    <property name="sun.cpu.isalist" value="amd64"/>
  </properties>
  <testcase name="testLogin" classname="com.f.dianqingoa.testcase.SuiteTest001_Login" time="4.502"/>
  <testcase name="testLogout" classname="com.f.dianqingoa.testcase.SuiteTest002_Logout" time="3.202"/>
  <testcase name="test01_switchCourse" classname="com.f.dianqingoa.testcase.SuiteTest003_SwitchTitle" time="2.371"/>
  <testcase name="test02_switchPracticalCourse" classname="com.f.dianqingoa.testcase.SuiteTest003_SwitchTitle" time="8.289"/>
  <testcase name="test03_switchEmploymentClasses" classname="com.f.dianqingoa.testcase.SuiteTest003_SwitchTitle" time="9.547"/>
  <testcase name="test04_switchSpecialColumn" classname="com.f.dianqingoa.testcase.SuiteTest003_SwitchTitle" time="6.24"/>
  <testcase name="test05_switchApeAsk" classname="com.f.dianqingoa.testcase.SuiteTest003_SwitchTitle" time="0">
    <skipped/>
    <system-out><![CDATA[[DEBUG] 2019-07-12 19:38:40,165 method:org.apache.http.client.protocol.RequestAddCookies.process(RequestAddCookies.java:122)
CookieSpec selected: best-match
[DEBUG] 2019-07-12 19:38:40,165 method:org.apache.http.client.protocol.RequestAuthCache.process(RequestAuthCache.java:75)
Auth cache not set in the context
[DEBUG] 2019-07-12 19:38:40,165 method:org.apache.http.impl.conn.PoolingHttpClientConnectionManager.requestConnection(PoolingHttpClientConnectionManager.java:219)
Connection request: [route: {}->http://localhost:60573][total kept alive: 3; route allocated: 1 of 2000; total allocated: 3 of 2000]
[DEBUG] 2019-07-12 19:38:40,165 method:org.apache.http.impl.conn.PoolingHttpClientConnectionManager.leaseConnection(PoolingHttpClientConnectionManager.java:250)
Connection leased: [id: 2][route: {}->http://localhost:60573][total kept alive: 2; route allocated: 1 of 2000; total allocated: 3 of 2000]
[DEBUG] 2019-07-12 19:38:40,165 method:org.apache.http.impl.execchain.MainClientExec.execute(MainClientExec.java:190)
Stale connection check
[DEBUG] 2019-07-12 19:38:40,168 method:org.apache.http.impl.conn.Wire.wire(Wire.java:86)
http-outgoing-2 << "[read] I/O error: Read timed out"
[DEBUG] 2019-07-12 19:38:40,168 method:org.apache.http.impl.execchain.MainClientExec.execute(MainClientExec.java:238)
Executing request POST /session/321baedde2997e3a97edef8a09db022e/element HTTP/1.1
[DEBUG] 2019-07-12 19:38:40,168 method:org.apache.http.impl.execchain.MainClientExec.execute(MainClientExec.java:243)
Target auth state: UNCHALLENGED
[DEBUG] 2019-07-12 19:38:40,168 method:org.apache.http.impl.execchain.MainClientExec.execute(MainClientExec.java:249)
Proxy auth state: UNCHALLENGED
[DEBUG] 2019-07-12 19:38:40,168 method:org.apache.http.impl.conn.LoggingManagedHttpClientConnection.onRequestSubmitted(LoggingManagedHttpClientConnection.java:124)
http-outgoing-2 >> POST /session/321baedde2997e3a97edef8a09db022e/element HTTP/1.1
[DEBUG] 2019-07-12 19:38:40,168 method:org.apache.http.impl.conn.LoggingManagedHttpClientConnection.onRequestSubmitted(LoggingManagedHttpClientConnection.java:127)
http-outgoing-2 >> Content-Type: application/json; charset=utf-8
[DEBUG] 2019-07-12 19:38:40,169 method:org.apache.http.impl.conn.LoggingManagedHttpClientConnection.onRequestSubmitted(LoggingManagedHttpClientConnection.java:127)
http-outgoing-2 >> Content-Length: 38
[DEBUG] 2019-07-12 19:38:40,169 method:org.apache.http.impl.conn.LoggingManagedHttpClientConnection.onRequestSubmitted(LoggingManagedHttpClientConnection.java:127)
http-outgoing-2 >> Host: localhost:60573
[DEBUG] 2019-07-12 19:38:40,169 method:org.apache.http.impl.conn.LoggingManagedHttpClientConnection.onRequestSubmitted(LoggingManagedHttpClientConnection.java:127)
http-outgoing-2 >> Connection: Keep-Alive
[DEBUG] 2019-07-12 19:38:40,169 method:org.apache.http.impl.conn.LoggingManagedHttpClientConnection.onRequestSubmitted(LoggingManagedHttpClientConnection.java:127)
http-outgoing-2 >> User-Agent: Apache-HttpClient/4.3.4 (java 1.5)
[DEBUG] 2019-07-12 19:38:40,169 method:org.apache.http.impl.conn.LoggingManagedHttpClientConnection.onRequestSubmitted(LoggingManagedHttpClientConnection.java:127)
http-outgoing-2 >> Accept-Encoding: gzip,deflate
[DEBUG] 2019-07-12 19:38:40,169 method:org.apache.http.impl.conn.Wire.wire(Wire.java:72)
http-outgoing-2 >> "POST /session/321baedde2997e3a97edef8a09db022e/element HTTP/1.1[\r][\n]"
[DEBUG] 2019-07-12 19:38:40,169 method:org.apache.http.impl.conn.Wire.wire(Wire.java:72)
http-outgoing-2 >> "Content-Type: application/json; charset=utf-8[\r][\n]"
[DEBUG] 2019-07-12 19:38:40,169 method:org.apache.http.impl.conn.Wire.wire(Wire.java:72)
http-outgoing-2 >> "Content-Length: 38[\r][\n]"
[DEBUG] 2019-07-12 19:38:40,170 method:org.apache.http.impl.conn.Wire.wire(Wire.java:72)
http-outgoing-2 >> "Host: localhost:60573[\r][\n]"
[DEBUG] 2019-07-12 19:38:40,170 method:org.apache.http.impl.conn.Wire.wire(Wire.java:72)
http-outgoing-2 >> "Connection: Keep-Alive[\r][\n]"
[DEBUG] 2019-07-12 19:38:40,170 method:org.apache.http.impl.conn.Wire.wire(Wire.java:72)
http-outgoing-2 >> "User-Agent: Apache-HttpClient/4.3.4 (java 1.5)[\r][\n]"
[DEBUG] 2019-07-12 19:38:40,170 method:org.apache.http.impl.conn.Wire.wire(Wire.java:72)
http-outgoing-2 >> "Accept-Encoding: gzip,deflate[\r][\n]"
[DEBUG] 2019-07-12 19:38:40,170 method:org.apache.http.impl.conn.Wire.wire(Wire.java:72)
http-outgoing-2 >> "[\r][\n]"
[DEBUG] 2019-07-12 19:38:40,170 method:org.apache.http.impl.conn.Wire.wire(Wire.java:86)
http-outgoing-2 >> "{"using":"link text","value":"[0xe7][0x8c][0xbf][0xe9][0x97][0xae]"}"
[DEBUG] 2019-07-12 19:38:40,234 method:org.apache.http.impl.conn.Wire.wire(Wire.java:72)
http-outgoing-2 << "HTTP/1.1 200 OK[\r][\n]"
[DEBUG] 2019-07-12 19:38:40,235 method:org.apache.http.impl.conn.Wire.wire(Wire.java:72)
http-outgoing-2 << "Content-Length:102[\r][\n]"
[DEBUG] 2019-07-12 19:38:40,235 method:org.apache.http.impl.conn.Wire.wire(Wire.java:72)
http-outgoing-2 << "Content-Type:application/json; charset=utf-8[\r][\n]"
[DEBUG] 2019-07-12 19:38:40,235 method:org.apache.http.impl.conn.Wire.wire(Wire.java:72)
http-outgoing-2 << "[\r][\n]"
[DEBUG] 2019-07-12 19:38:40,235 method:org.apache.http.impl.conn.Wire.wire(Wire.java:86)
http-outgoing-2 << "{"sessionId":"321baedde2997e3a97edef8a09db022e","status":0,"value":{"ELEMENT":"0.5576797842132484-1"}}"
[DEBUG] 2019-07-12 19:38:40,236 method:org.apache.http.impl.conn.LoggingManagedHttpClientConnection.onResponseReceived(LoggingManagedHttpClientConnection.java:113)
http-outgoing-2 << HTTP/1.1 200 OK
[DEBUG] 2019-07-12 19:38:40,236 method:org.apache.http.impl.conn.LoggingManagedHttpClientConnection.onResponseReceived(LoggingManagedHttpClientConnection.java:116)
http-outgoing-2 << Content-Length:102
[DEBUG] 2019-07-12 19:38:40,236 method:org.apache.http.impl.conn.LoggingManagedHttpClientConnection.onResponseReceived(LoggingManagedHttpClientConnection.java:116)
http-outgoing-2 << Content-Type:application/json; charset=utf-8
[DEBUG] 2019-07-12 19:38:40,236 method:org.apache.http.impl.execchain.MainClientExec.execute(MainClientExec.java:267)
Connection can be kept alive indefinitely
[DEBUG] 2019-07-12 19:38:40,237 method:org.apache.http.impl.conn.PoolingHttpClientConnectionManager.releaseConnection(PoolingHttpClientConnectionManager.java:280)
Connection [id: 2][route: {}->http://localhost:60573] can be kept alive indefinitely
[DEBUG] 2019-07-12 19:38:40,237 method:org.apache.http.impl.conn.PoolingHttpClientConnectionManager.releaseConnection(PoolingHttpClientConnectionManager.java:286)
Connection released: [id: 2][route: {}->http://localhost:60573][total kept alive: 3; route allocated: 1 of 2000; total allocated: 3 of 2000]
[DEBUG] 2019-07-12 19:38:40,239 method:org.apache.http.client.protocol.RequestAddCookies.process(RequestAddCookies.java:122)
CookieSpec selected: best-match
[DEBUG] 2019-07-12 19:38:40,239 method:org.apache.http.client.protocol.RequestAuthCache.process(RequestAuthCache.java:75)
Auth cache not set in the context
[DEBUG] 2019-07-12 19:38:40,239 method:org.apache.http.impl.conn.PoolingHttpClientConnectionManager.requestConnection(PoolingHttpClientConnectionManager.java:219)
Connection request: [route: {}->http://localhost:60573][total kept alive: 3; route allocated: 1 of 2000; total allocated: 3 of 2000]
[DEBUG] 2019-07-12 19:38:40,239 method:org.apache.http.impl.conn.PoolingHttpClientConnectionManager.leaseConnection(PoolingHttpClientConnectionManager.java:250)
Connection leased: [id: 2][route: {}->http://localhost:60573][total kept alive: 2; route allocated: 1 of 2000; total allocated: 3 of 2000]
[DEBUG] 2019-07-12 19:38:40,240 method:org.apache.http.impl.execchain.MainClientExec.execute(MainClientExec.java:190)
Stale connection check
[DEBUG] 2019-07-12 19:38:40,241 method:org.apache.http.impl.conn.Wire.wire(Wire.java:86)
http-outgoing-2 << "[read] I/O error: Read timed out"
[DEBUG] 2019-07-12 19:38:40,242 method:org.apache.http.impl.execchain.MainClientExec.execute(MainClientExec.java:238)
Executing request POST /session/321baedde2997e3a97edef8a09db022e/element/0.5576797842132484-1/click HTTP/1.1
[DEBUG] 2019-07-12 19:38:40,242 method:org.apache.http.impl.execchain.MainClientExec.execute(MainClientExec.java:243)
Target auth state: UNCHALLENGED
[DEBUG] 2019-07-12 19:38:40,242 method:org.apache.http.impl.execchain.MainClientExec.execute(MainClientExec.java:249)
Proxy auth state: UNCHALLENGED
[DEBUG] 2019-07-12 19:38:40,243 method:org.apache.http.impl.conn.LoggingManagedHttpClientConnection.onRequestSubmitted(LoggingManagedHttpClientConnection.java:124)
http-outgoing-2 >> POST /session/321baedde2997e3a97edef8a09db022e/element/0.5576797842132484-1/click HTTP/1.1
[DEBUG] 2019-07-12 19:38:40,243 method:org.apache.http.impl.conn.LoggingManagedHttpClientConnection.onRequestSubmitted(LoggingManagedHttpClientConnection.java:127)
http-outgoing-2 >> Content-Type: application/json; charset=utf-8
[DEBUG] 2019-07-12 19:38:40,243 method:org.apache.http.impl.conn.LoggingManagedHttpClientConnection.onRequestSubmitted(LoggingManagedHttpClientConnection.java:127)
http-outgoing-2 >> Content-Length: 29
[DEBUG] 2019-07-12 19:38:40,244 method:org.apache.http.impl.conn.LoggingManagedHttpClientConnection.onRequestSubmitted(LoggingManagedHttpClientConnection.java:127)
http-outgoing-2 >> Host: localhost:60573
[DEBUG] 2019-07-12 19:38:40,244 method:org.apache.http.impl.conn.LoggingManagedHttpClientConnection.onRequestSubmitted(LoggingManagedHttpClientConnection.java:127)
http-outgoing-2 >> Connection: Keep-Alive
[DEBUG] 2019-07-12 19:38:40,244 method:org.apache.http.impl.conn.LoggingManagedHttpClientConnection.onRequestSubmitted(LoggingManagedHttpClientConnection.java:127)
http-outgoing-2 >> User-Agent: Apache-HttpClient/4.3.4 (java 1.5)
[DEBUG] 2019-07-12 19:38:40,245 method:org.apache.http.impl.conn.LoggingManagedHttpClientConnection.onRequestSubmitted(LoggingManagedHttpClientConnection.java:127)
http-outgoing-2 >> Accept-Encoding: gzip,deflate
[DEBUG] 2019-07-12 19:38:40,245 method:org.apache.http.impl.conn.Wire.wire(Wire.java:72)
http-outgoing-2 >> "POST /session/321baedde2997e3a97edef8a09db022e/element/0.5576797842132484-1/click HTTP/1.1[\r][\n]"
[DEBUG] 2019-07-12 19:38:40,246 method:org.apache.http.impl.conn.Wire.wire(Wire.java:72)
http-outgoing-2 >> "Content-Type: application/json; charset=utf-8[\r][\n]"
[DEBUG] 2019-07-12 19:38:40,246 method:org.apache.http.impl.conn.Wire.wire(Wire.java:72)
http-outgoing-2 >> "Content-Length: 29[\r][\n]"
[DEBUG] 2019-07-12 19:38:40,247 method:org.apache.http.impl.conn.Wire.wire(Wire.java:72)
http-outgoing-2 >> "Host: localhost:60573[\r][\n]"
[DEBUG] 2019-07-12 19:38:40,247 method:org.apache.http.impl.conn.Wire.wire(Wire.java:72)
http-outgoing-2 >> "Connection: Keep-Alive[\r][\n]"
[DEBUG] 2019-07-12 19:38:40,247 method:org.apache.http.impl.conn.Wire.wire(Wire.java:72)
http-outgoing-2 >> "User-Agent: Apache-HttpClient/4.3.4 (java 1.5)[\r][\n]"
[DEBUG] 2019-07-12 19:38:40,248 method:org.apache.http.impl.conn.Wire.wire(Wire.java:72)
http-outgoing-2 >> "Accept-Encoding: gzip,deflate[\r][\n]"
[DEBUG] 2019-07-12 19:38:40,248 method:org.apache.http.impl.conn.Wire.wire(Wire.java:72)
http-outgoing-2 >> "[\r][\n]"
[DEBUG] 2019-07-12 19:38:40,248 method:org.apache.http.impl.conn.Wire.wire(Wire.java:86)
http-outgoing-2 >> "{"id":"0.5576797842132484-1"}"
[DEBUG] 2019-07-12 19:38:44,261 method:org.apache.http.impl.conn.Wire.wire(Wire.java:72)
http-outgoing-2 << "HTTP/1.1 200 OK[\r][\n]"
[DEBUG] 2019-07-12 19:38:44,261 method:org.apache.http.impl.conn.Wire.wire(Wire.java:72)
http-outgoing-2 << "Content-Length:72[\r][\n]"
[DEBUG] 2019-07-12 19:38:44,261 method:org.apache.http.impl.conn.Wire.wire(Wire.java:72)
http-outgoing-2 << "Content-Type:application/json; charset=utf-8[\r][\n]"
[DEBUG] 2019-07-12 19:38:44,261 method:org.apache.http.impl.conn.Wire.wire(Wire.java:72)
http-outgoing-2 << "[\r][\n]"
[DEBUG] 2019-07-12 19:38:44,262 method:org.apache.http.impl.conn.Wire.wire(Wire.java:86)
http-outgoing-2 << "{"sessionId":"321baedde2997e3a97edef8a09db022e","status":0,"value":null}"
[DEBUG] 2019-07-12 19:38:44,262 method:org.apache.http.impl.conn.LoggingManagedHttpClientConnection.onResponseReceived(LoggingManagedHttpClientConnection.java:113)
http-outgoing-2 << HTTP/1.1 200 OK
[DEBUG] 2019-07-12 19:38:44,262 method:org.apache.http.impl.conn.LoggingManagedHttpClientConnection.onResponseReceived(LoggingManagedHttpClientConnection.java:116)
http-outgoing-2 << Content-Length:72
[DEBUG] 2019-07-12 19:38:44,262 method:org.apache.http.impl.conn.LoggingManagedHttpClientConnection.onResponseReceived(LoggingManagedHttpClientConnection.java:116)
http-outgoing-2 << Content-Type:application/json; charset=utf-8
[DEBUG] 2019-07-12 19:38:44,262 method:org.apache.http.impl.execchain.MainClientExec.execute(MainClientExec.java:267)
Connection can be kept alive indefinitely
[DEBUG] 2019-07-12 19:38:44,263 method:org.apache.http.impl.conn.PoolingHttpClientConnectionManager.releaseConnection(PoolingHttpClientConnectionManager.java:280)
Connection [id: 2][route: {}->http://localhost:60573] can be kept alive indefinitely
[DEBUG] 2019-07-12 19:38:44,263 method:org.apache.http.impl.conn.PoolingHttpClientConnectionManager.releaseConnection(PoolingHttpClientConnectionManager.java:286)
Connection released: [id: 2][route: {}->http://localhost:60573][total kept alive: 3; route allocated: 1 of 2000; total allocated: 3 of 2000]
[DEBUG] 2019-07-12 19:38:44,264 method:org.apache.http.client.protocol.RequestAddCookies.process(RequestAddCookies.java:122)
CookieSpec selected: best-match
[DEBUG] 2019-07-12 19:38:44,264 method:org.apache.http.client.protocol.RequestAuthCache.process(RequestAuthCache.java:75)
Auth cache not set in the context
[DEBUG] 2019-07-12 19:38:44,264 method:org.apache.http.impl.conn.PoolingHttpClientConnectionManager.requestConnection(PoolingHttpClientConnectionManager.java:219)
Connection request: [route: {}->http://localhost:60573][total kept alive: 3; route allocated: 1 of 2000; total allocated: 3 of 2000]
[DEBUG] 2019-07-12 19:38:44,265 method:org.apache.http.impl.conn.PoolingHttpClientConnectionManager.leaseConnection(PoolingHttpClientConnectionManager.java:250)
Connection leased: [id: 2][route: {}->http://localhost:60573][total kept alive: 2; route allocated: 1 of 2000; total allocated: 3 of 2000]
[DEBUG] 2019-07-12 19:38:44,265 method:org.apache.http.impl.execchain.MainClientExec.execute(MainClientExec.java:190)
Stale connection check
[DEBUG] 2019-07-12 19:38:44,266 method:org.apache.http.impl.conn.Wire.wire(Wire.java:86)
http-outgoing-2 << "[read] I/O error: Read timed out"
[DEBUG] 2019-07-12 19:38:44,266 method:org.apache.http.impl.execchain.MainClientExec.execute(MainClientExec.java:238)
Executing request POST /session/321baedde2997e3a97edef8a09db022e/element HTTP/1.1
[DEBUG] 2019-07-12 19:38:44,266 method:org.apache.http.impl.execchain.MainClientExec.execute(MainClientExec.java:243)
Target auth state: UNCHALLENGED
[DEBUG] 2019-07-12 19:38:44,266 method:org.apache.http.impl.execchain.MainClientExec.execute(MainClientExec.java:249)
Proxy auth state: UNCHALLENGED
[DEBUG] 2019-07-12 19:38:44,266 method:org.apache.http.impl.conn.LoggingManagedHttpClientConnection.onRequestSubmitted(LoggingManagedHttpClientConnection.java:124)
http-outgoing-2 >> POST /session/321baedde2997e3a97edef8a09db022e/element HTTP/1.1
[DEBUG] 2019-07-12 19:38:44,266 method:org.apache.http.impl.conn.LoggingManagedHttpClientConnection.onRequestSubmitted(LoggingManagedHttpClientConnection.java:127)
http-outgoing-2 >> Content-Type: application/json; charset=utf-8
[DEBUG] 2019-07-12 19:38:44,266 method:org.apache.http.impl.conn.LoggingManagedHttpClientConnection.onRequestSubmitted(LoggingManagedHttpClientConnection.java:127)
http-outgoing-2 >> Content-Length: 73
[DEBUG] 2019-07-12 19:38:44,266 method:org.apache.http.impl.conn.LoggingManagedHttpClientConnection.onRequestSubmitted(LoggingManagedHttpClientConnection.java:127)
http-outgoing-2 >> Host: localhost:60573
[DEBUG] 2019-07-12 19:38:44,266 method:org.apache.http.impl.conn.LoggingManagedHttpClientConnection.onRequestSubmitted(LoggingManagedHttpClientConnection.java:127)
http-outgoing-2 >> Connection: Keep-Alive
[DEBUG] 2019-07-12 19:38:44,267 method:org.apache.http.impl.conn.LoggingManagedHttpClientConnection.onRequestSubmitted(LoggingManagedHttpClientConnection.java:127)
http-outgoing-2 >> User-Agent: Apache-HttpClient/4.3.4 (java 1.5)
[DEBUG] 2019-07-12 19:38:44,267 method:org.apache.http.impl.conn.LoggingManagedHttpClientConnection.onRequestSubmitted(LoggingManagedHttpClientConnection.java:127)
http-outgoing-2 >> Accept-Encoding: gzip,deflate
[DEBUG] 2019-07-12 19:38:44,267 method:org.apache.http.impl.conn.Wire.wire(Wire.java:72)
http-outgoing-2 >> "POST /session/321baedde2997e3a97edef8a09db022e/element HTTP/1.1[\r][\n]"
[DEBUG] 2019-07-12 19:38:44,267 method:org.apache.http.impl.conn.Wire.wire(Wire.java:72)
http-outgoing-2 >> "Content-Type: application/json; charset=utf-8[\r][\n]"
[DEBUG] 2019-07-12 19:38:44,267 method:org.apache.http.impl.conn.Wire.wire(Wire.java:72)
http-outgoing-2 >> "Content-Length: 73[\r][\n]"
[DEBUG] 2019-07-12 19:38:44,267 method:org.apache.http.impl.conn.Wire.wire(Wire.java:72)
http-outgoing-2 >> "Host: localhost:60573[\r][\n]"
[DEBUG] 2019-07-12 19:38:44,267 method:org.apache.http.impl.conn.Wire.wire(Wire.java:72)
http-outgoing-2 >> "Connection: Keep-Alive[\r][\n]"
[DEBUG] 2019-07-12 19:38:44,267 method:org.apache.http.impl.conn.Wire.wire(Wire.java:72)
http-outgoing-2 >> "User-Agent: Apache-HttpClient/4.3.4 (java 1.5)[\r][\n]"
[DEBUG] 2019-07-12 19:38:44,267 method:org.apache.http.impl.conn.Wire.wire(Wire.java:72)
http-outgoing-2 >> "Accept-Encoding: gzip,deflate[\r][\n]"
[DEBUG] 2019-07-12 19:38:44,267 method:org.apache.http.impl.conn.Wire.wire(Wire.java:72)
http-outgoing-2 >> "[\r][\n]"
[DEBUG] 2019-07-12 19:38:44,267 method:org.apache.http.impl.conn.Wire.wire(Wire.java:86)
http-outgoing-2 >> "{"using":"css selector","value":"img[src$\u003d\u0027appload.png\u0027]"}"
[DEBUG] 2019-07-12 19:38:44,283 method:org.apache.http.impl.conn.Wire.wire(Wire.java:72)
http-outgoing-2 << "HTTP/1.1 200 OK[\r][\n]"
[DEBUG] 2019-07-12 19:38:44,284 method:org.apache.http.impl.conn.Wire.wire(Wire.java:72)
http-outgoing-2 << "Content-Length:102[\r][\n]"
[DEBUG] 2019-07-12 19:38:44,284 method:org.apache.http.impl.conn.Wire.wire(Wire.java:72)
http-outgoing-2 << "Content-Type:application/json; charset=utf-8[\r][\n]"
[DEBUG] 2019-07-12 19:38:44,284 method:org.apache.http.impl.conn.Wire.wire(Wire.java:72)
http-outgoing-2 << "[\r][\n]"
[DEBUG] 2019-07-12 19:38:44,284 method:org.apache.http.impl.conn.Wire.wire(Wire.java:86)
http-outgoing-2 << "{"sessionId":"321baedde2997e3a97edef8a09db022e","status":0,"value":{"ELEMENT":"0.7810828821041502-1"}}"
[DEBUG] 2019-07-12 19:38:44,284 method:org.apache.http.impl.conn.LoggingManagedHttpClientConnection.onResponseReceived(LoggingManagedHttpClientConnection.java:113)
http-outgoing-2 << HTTP/1.1 200 OK
[DEBUG] 2019-07-12 19:38:44,284 method:org.apache.http.impl.conn.LoggingManagedHttpClientConnection.onResponseReceived(LoggingManagedHttpClientConnection.java:116)
http-outgoing-2 << Content-Length:102
[DEBUG] 2019-07-12 19:38:44,284 method:org.apache.http.impl.conn.LoggingManagedHttpClientConnection.onResponseReceived(LoggingManagedHttpClientConnection.java:116)
http-outgoing-2 << Content-Type:application/json; charset=utf-8
[DEBUG] 2019-07-12 19:38:44,285 method:org.apache.http.impl.execchain.MainClientExec.execute(MainClientExec.java:267)
Connection can be kept alive indefinitely
[DEBUG] 2019-07-12 19:38:44,285 method:org.apache.http.impl.conn.PoolingHttpClientConnectionManager.releaseConnection(PoolingHttpClientConnectionManager.java:280)
Connection [id: 2][route: {}->http://localhost:60573] can be kept alive indefinitely
[DEBUG] 2019-07-12 19:38:44,285 method:org.apache.http.impl.conn.PoolingHttpClientConnectionManager.releaseConnection(PoolingHttpClientConnectionManager.java:286)
Connection released: [id: 2][route: {}->http://localhost:60573][total kept alive: 3; route allocated: 1 of 2000; total allocated: 3 of 2000]
[TestResult name=test05_switchApeAsk status=FAILURE method=SuiteTest003_SwitchTitle.test05_switchApeAsk()[pri:0, instance:com.f.dianqingoa.testcase.SuiteTest003_SwitchTitle@44c8afef] output={null}]
]]></system-out>
  </testcase>
  <testcase name="test05_switchApeAsk" classname="com.f.dianqingoa.testcase.SuiteTest003_SwitchTitle" time="0">
    <skipped/>
    <system-out><![CDATA[[DEBUG] 2019-07-12 19:38:44,288 method:org.apache.http.client.protocol.RequestAddCookies.process(RequestAddCookies.java:122)
CookieSpec selected: best-match
[DEBUG] 2019-07-12 19:38:44,289 method:org.apache.http.client.protocol.RequestAuthCache.process(RequestAuthCache.java:75)
Auth cache not set in the context
[DEBUG] 2019-07-12 19:38:44,289 method:org.apache.http.impl.conn.PoolingHttpClientConnectionManager.requestConnection(PoolingHttpClientConnectionManager.java:219)
Connection request: [route: {}->http://localhost:60573][total kept alive: 3; route allocated: 1 of 2000; total allocated: 3 of 2000]
[DEBUG] 2019-07-12 19:38:44,289 method:org.apache.http.impl.conn.PoolingHttpClientConnectionManager.leaseConnection(PoolingHttpClientConnectionManager.java:250)
Connection leased: [id: 2][route: {}->http://localhost:60573][total kept alive: 2; route allocated: 1 of 2000; total allocated: 3 of 2000]
[DEBUG] 2019-07-12 19:38:44,289 method:org.apache.http.impl.execchain.MainClientExec.execute(MainClientExec.java:190)
Stale connection check
[DEBUG] 2019-07-12 19:38:44,292 method:org.apache.http.impl.conn.Wire.wire(Wire.java:86)
http-outgoing-2 << "[read] I/O error: Read timed out"
[DEBUG] 2019-07-12 19:38:44,292 method:org.apache.http.impl.execchain.MainClientExec.execute(MainClientExec.java:238)
Executing request POST /session/321baedde2997e3a97edef8a09db022e/element HTTP/1.1
[DEBUG] 2019-07-12 19:38:44,292 method:org.apache.http.impl.execchain.MainClientExec.execute(MainClientExec.java:243)
Target auth state: UNCHALLENGED
[DEBUG] 2019-07-12 19:38:44,292 method:org.apache.http.impl.execchain.MainClientExec.execute(MainClientExec.java:249)
Proxy auth state: UNCHALLENGED
[DEBUG] 2019-07-12 19:38:44,292 method:org.apache.http.impl.conn.LoggingManagedHttpClientConnection.onRequestSubmitted(LoggingManagedHttpClientConnection.java:124)
http-outgoing-2 >> POST /session/321baedde2997e3a97edef8a09db022e/element HTTP/1.1
[DEBUG] 2019-07-12 19:38:44,293 method:org.apache.http.impl.conn.LoggingManagedHttpClientConnection.onRequestSubmitted(LoggingManagedHttpClientConnection.java:127)
http-outgoing-2 >> Content-Type: application/json; charset=utf-8
[DEBUG] 2019-07-12 19:38:44,293 method:org.apache.http.impl.conn.LoggingManagedHttpClientConnection.onRequestSubmitted(LoggingManagedHttpClientConnection.java:127)
http-outgoing-2 >> Content-Length: 38
[DEBUG] 2019-07-12 19:38:44,293 method:org.apache.http.impl.conn.LoggingManagedHttpClientConnection.onRequestSubmitted(LoggingManagedHttpClientConnection.java:127)
http-outgoing-2 >> Host: localhost:60573
[DEBUG] 2019-07-12 19:38:44,293 method:org.apache.http.impl.conn.LoggingManagedHttpClientConnection.onRequestSubmitted(LoggingManagedHttpClientConnection.java:127)
http-outgoing-2 >> Connection: Keep-Alive
[DEBUG] 2019-07-12 19:38:44,294 method:org.apache.http.impl.conn.LoggingManagedHttpClientConnection.onRequestSubmitted(LoggingManagedHttpClientConnection.java:127)
http-outgoing-2 >> User-Agent: Apache-HttpClient/4.3.4 (java 1.5)
[DEBUG] 2019-07-12 19:38:44,294 method:org.apache.http.impl.conn.LoggingManagedHttpClientConnection.onRequestSubmitted(LoggingManagedHttpClientConnection.java:127)
http-outgoing-2 >> Accept-Encoding: gzip,deflate
[DEBUG] 2019-07-12 19:38:44,294 method:org.apache.http.impl.conn.Wire.wire(Wire.java:72)
http-outgoing-2 >> "POST /session/321baedde2997e3a97edef8a09db022e/element HTTP/1.1[\r][\n]"
[DEBUG] 2019-07-12 19:38:44,294 method:org.apache.http.impl.conn.Wire.wire(Wire.java:72)
http-outgoing-2 >> "Content-Type: application/json; charset=utf-8[\r][\n]"
[DEBUG] 2019-07-12 19:38:44,294 method:org.apache.http.impl.conn.Wire.wire(Wire.java:72)
http-outgoing-2 >> "Content-Length: 38[\r][\n]"
[DEBUG] 2019-07-12 19:38:44,294 method:org.apache.http.impl.conn.Wire.wire(Wire.java:72)
http-outgoing-2 >> "Host: localhost:60573[\r][\n]"
[DEBUG] 2019-07-12 19:38:44,294 method:org.apache.http.impl.conn.Wire.wire(Wire.java:72)
http-outgoing-2 >> "Connection: Keep-Alive[\r][\n]"
[DEBUG] 2019-07-12 19:38:44,295 method:org.apache.http.impl.conn.Wire.wire(Wire.java:72)
http-outgoing-2 >> "User-Agent: Apache-HttpClient/4.3.4 (java 1.5)[\r][\n]"
[DEBUG] 2019-07-12 19:38:44,295 method:org.apache.http.impl.conn.Wire.wire(Wire.java:72)
http-outgoing-2 >> "Accept-Encoding: gzip,deflate[\r][\n]"
[DEBUG] 2019-07-12 19:38:44,295 method:org.apache.http.impl.conn.Wire.wire(Wire.java:72)
http-outgoing-2 >> "[\r][\n]"
[DEBUG] 2019-07-12 19:38:44,295 method:org.apache.http.impl.conn.Wire.wire(Wire.java:86)
http-outgoing-2 >> "{"using":"link text","value":"[0xe7][0x8c][0xbf][0xe9][0x97][0xae]"}"
[DEBUG] 2019-07-12 19:38:44,305 method:org.apache.http.impl.conn.Wire.wire(Wire.java:72)
http-outgoing-2 << "HTTP/1.1 200 OK[\r][\n]"
[DEBUG] 2019-07-12 19:38:44,305 method:org.apache.http.impl.conn.Wire.wire(Wire.java:72)
http-outgoing-2 << "Content-Length:102[\r][\n]"
[DEBUG] 2019-07-12 19:38:44,305 method:org.apache.http.impl.conn.Wire.wire(Wire.java:72)
http-outgoing-2 << "Content-Type:application/json; charset=utf-8[\r][\n]"
[DEBUG] 2019-07-12 19:38:44,305 method:org.apache.http.impl.conn.Wire.wire(Wire.java:72)
http-outgoing-2 << "[\r][\n]"
[DEBUG] 2019-07-12 19:38:44,305 method:org.apache.http.impl.conn.Wire.wire(Wire.java:86)
http-outgoing-2 << "{"sessionId":"321baedde2997e3a97edef8a09db022e","status":0,"value":{"ELEMENT":"0.7810828821041502-2"}}"
[DEBUG] 2019-07-12 19:38:44,305 method:org.apache.http.impl.conn.LoggingManagedHttpClientConnection.onResponseReceived(LoggingManagedHttpClientConnection.java:113)
http-outgoing-2 << HTTP/1.1 200 OK
[DEBUG] 2019-07-12 19:38:44,306 method:org.apache.http.impl.conn.LoggingManagedHttpClientConnection.onResponseReceived(LoggingManagedHttpClientConnection.java:116)
http-outgoing-2 << Content-Length:102
[DEBUG] 2019-07-12 19:38:44,306 method:org.apache.http.impl.conn.LoggingManagedHttpClientConnection.onResponseReceived(LoggingManagedHttpClientConnection.java:116)
http-outgoing-2 << Content-Type:application/json; charset=utf-8
[DEBUG] 2019-07-12 19:38:44,306 method:org.apache.http.impl.execchain.MainClientExec.execute(MainClientExec.java:267)
Connection can be kept alive indefinitely
[DEBUG] 2019-07-12 19:38:44,306 method:org.apache.http.impl.conn.PoolingHttpClientConnectionManager.releaseConnection(PoolingHttpClientConnectionManager.java:280)
Connection [id: 2][route: {}->http://localhost:60573] can be kept alive indefinitely
[DEBUG] 2019-07-12 19:38:44,306 method:org.apache.http.impl.conn.PoolingHttpClientConnectionManager.releaseConnection(PoolingHttpClientConnectionManager.java:286)
Connection released: [id: 2][route: {}->http://localhost:60573][total kept alive: 3; route allocated: 1 of 2000; total allocated: 3 of 2000]
[DEBUG] 2019-07-12 19:38:44,307 method:org.apache.http.client.protocol.RequestAddCookies.process(RequestAddCookies.java:122)
CookieSpec selected: best-match
[DEBUG] 2019-07-12 19:38:44,307 method:org.apache.http.client.protocol.RequestAuthCache.process(RequestAuthCache.java:75)
Auth cache not set in the context
[DEBUG] 2019-07-12 19:38:44,307 method:org.apache.http.impl.conn.PoolingHttpClientConnectionManager.requestConnection(PoolingHttpClientConnectionManager.java:219)
Connection request: [route: {}->http://localhost:60573][total kept alive: 3; route allocated: 1 of 2000; total allocated: 3 of 2000]
[DEBUG] 2019-07-12 19:38:44,307 method:org.apache.http.impl.conn.PoolingHttpClientConnectionManager.leaseConnection(PoolingHttpClientConnectionManager.java:250)
Connection leased: [id: 2][route: {}->http://localhost:60573][total kept alive: 2; route allocated: 1 of 2000; total allocated: 3 of 2000]
[DEBUG] 2019-07-12 19:38:44,308 method:org.apache.http.impl.execchain.MainClientExec.execute(MainClientExec.java:190)
Stale connection check
[DEBUG] 2019-07-12 19:38:44,309 method:org.apache.http.impl.conn.Wire.wire(Wire.java:86)
http-outgoing-2 << "[read] I/O error: Read timed out"
[DEBUG] 2019-07-12 19:38:44,309 method:org.apache.http.impl.execchain.MainClientExec.execute(MainClientExec.java:238)
Executing request POST /session/321baedde2997e3a97edef8a09db022e/element/0.7810828821041502-2/click HTTP/1.1
[DEBUG] 2019-07-12 19:38:44,309 method:org.apache.http.impl.execchain.MainClientExec.execute(MainClientExec.java:243)
Target auth state: UNCHALLENGED
[DEBUG] 2019-07-12 19:38:44,309 method:org.apache.http.impl.execchain.MainClientExec.execute(MainClientExec.java:249)
Proxy auth state: UNCHALLENGED
[DEBUG] 2019-07-12 19:38:44,309 method:org.apache.http.impl.conn.LoggingManagedHttpClientConnection.onRequestSubmitted(LoggingManagedHttpClientConnection.java:124)
http-outgoing-2 >> POST /session/321baedde2997e3a97edef8a09db022e/element/0.7810828821041502-2/click HTTP/1.1
[DEBUG] 2019-07-12 19:38:44,309 method:org.apache.http.impl.conn.LoggingManagedHttpClientConnection.onRequestSubmitted(LoggingManagedHttpClientConnection.java:127)
http-outgoing-2 >> Content-Type: application/json; charset=utf-8
[DEBUG] 2019-07-12 19:38:44,310 method:org.apache.http.impl.conn.LoggingManagedHttpClientConnection.onRequestSubmitted(LoggingManagedHttpClientConnection.java:127)
http-outgoing-2 >> Content-Length: 29
[DEBUG] 2019-07-12 19:38:44,310 method:org.apache.http.impl.conn.LoggingManagedHttpClientConnection.onRequestSubmitted(LoggingManagedHttpClientConnection.java:127)
http-outgoing-2 >> Host: localhost:60573
[DEBUG] 2019-07-12 19:38:44,310 method:org.apache.http.impl.conn.LoggingManagedHttpClientConnection.onRequestSubmitted(LoggingManagedHttpClientConnection.java:127)
http-outgoing-2 >> Connection: Keep-Alive
[DEBUG] 2019-07-12 19:38:44,310 method:org.apache.http.impl.conn.LoggingManagedHttpClientConnection.onRequestSubmitted(LoggingManagedHttpClientConnection.java:127)
http-outgoing-2 >> User-Agent: Apache-HttpClient/4.3.4 (java 1.5)
[DEBUG] 2019-07-12 19:38:44,310 method:org.apache.http.impl.conn.LoggingManagedHttpClientConnection.onRequestSubmitted(LoggingManagedHttpClientConnection.java:127)
http-outgoing-2 >> Accept-Encoding: gzip,deflate
[DEBUG] 2019-07-12 19:38:44,310 method:org.apache.http.impl.conn.Wire.wire(Wire.java:72)
http-outgoing-2 >> "POST /session/321baedde2997e3a97edef8a09db022e/element/0.7810828821041502-2/click HTTP/1.1[\r][\n]"
[DEBUG] 2019-07-12 19:38:44,310 method:org.apache.http.impl.conn.Wire.wire(Wire.java:72)
http-outgoing-2 >> "Content-Type: application/json; charset=utf-8[\r][\n]"
[DEBUG] 2019-07-12 19:38:44,311 method:org.apache.http.impl.conn.Wire.wire(Wire.java:72)
http-outgoing-2 >> "Content-Length: 29[\r][\n]"
[DEBUG] 2019-07-12 19:38:44,311 method:org.apache.http.impl.conn.Wire.wire(Wire.java:72)
http-outgoing-2 >> "Host: localhost:60573[\r][\n]"
[DEBUG] 2019-07-12 19:38:44,311 method:org.apache.http.impl.conn.Wire.wire(Wire.java:72)
http-outgoing-2 >> "Connection: Keep-Alive[\r][\n]"
[DEBUG] 2019-07-12 19:38:44,311 method:org.apache.http.impl.conn.Wire.wire(Wire.java:72)
http-outgoing-2 >> "User-Agent: Apache-HttpClient/4.3.4 (java 1.5)[\r][\n]"
[DEBUG] 2019-07-12 19:38:44,311 method:org.apache.http.impl.conn.Wire.wire(Wire.java:72)
http-outgoing-2 >> "Accept-Encoding: gzip,deflate[\r][\n]"
[DEBUG] 2019-07-12 19:38:44,311 method:org.apache.http.impl.conn.Wire.wire(Wire.java:72)
http-outgoing-2 >> "[\r][\n]"
[DEBUG] 2019-07-12 19:38:44,311 method:org.apache.http.impl.conn.Wire.wire(Wire.java:86)
http-outgoing-2 >> "{"id":"0.7810828821041502-2"}"
[DEBUG] 2019-07-12 19:38:45,816 method:org.apache.http.impl.conn.Wire.wire(Wire.java:72)
http-outgoing-2 << "HTTP/1.1 200 OK[\r][\n]"
[DEBUG] 2019-07-12 19:38:45,816 method:org.apache.http.impl.conn.Wire.wire(Wire.java:72)
http-outgoing-2 << "Content-Length:72[\r][\n]"
[DEBUG] 2019-07-12 19:38:45,816 method:org.apache.http.impl.conn.Wire.wire(Wire.java:72)
http-outgoing-2 << "Content-Type:application/json; charset=utf-8[\r][\n]"
[DEBUG] 2019-07-12 19:38:45,816 method:org.apache.http.impl.conn.Wire.wire(Wire.java:72)
http-outgoing-2 << "[\r][\n]"
[DEBUG] 2019-07-12 19:38:45,817 method:org.apache.http.impl.conn.Wire.wire(Wire.java:86)
http-outgoing-2 << "{"sessionId":"321baedde2997e3a97edef8a09db022e","status":0,"value":null}"
[DEBUG] 2019-07-12 19:38:45,818 method:org.apache.http.impl.conn.LoggingManagedHttpClientConnection.onResponseReceived(LoggingManagedHttpClientConnection.java:113)
http-outgoing-2 << HTTP/1.1 200 OK
[DEBUG] 2019-07-12 19:38:45,818 method:org.apache.http.impl.conn.LoggingManagedHttpClientConnection.onResponseReceived(LoggingManagedHttpClientConnection.java:116)
http-outgoing-2 << Content-Length:72
[DEBUG] 2019-07-12 19:38:45,818 method:org.apache.http.impl.conn.LoggingManagedHttpClientConnection.onResponseReceived(LoggingManagedHttpClientConnection.java:116)
http-outgoing-2 << Content-Type:application/json; charset=utf-8
[DEBUG] 2019-07-12 19:38:45,818 method:org.apache.http.impl.execchain.MainClientExec.execute(MainClientExec.java:267)
Connection can be kept alive indefinitely
[DEBUG] 2019-07-12 19:38:45,818 method:org.apache.http.impl.conn.PoolingHttpClientConnectionManager.releaseConnection(PoolingHttpClientConnectionManager.java:280)
Connection [id: 2][route: {}->http://localhost:60573] can be kept alive indefinitely
[DEBUG] 2019-07-12 19:38:45,819 method:org.apache.http.impl.conn.PoolingHttpClientConnectionManager.releaseConnection(PoolingHttpClientConnectionManager.java:286)
Connection released: [id: 2][route: {}->http://localhost:60573][total kept alive: 3; route allocated: 1 of 2000; total allocated: 3 of 2000]
[DEBUG] 2019-07-12 19:38:45,820 method:org.apache.http.client.protocol.RequestAddCookies.process(RequestAddCookies.java:122)
CookieSpec selected: best-match
[DEBUG] 2019-07-12 19:38:45,820 method:org.apache.http.client.protocol.RequestAuthCache.process(RequestAuthCache.java:75)
Auth cache not set in the context
[DEBUG] 2019-07-12 19:38:45,820 method:org.apache.http.impl.conn.PoolingHttpClientConnectionManager.requestConnection(PoolingHttpClientConnectionManager.java:219)
Connection request: [route: {}->http://localhost:60573][total kept alive: 3; route allocated: 1 of 2000; total allocated: 3 of 2000]
[DEBUG] 2019-07-12 19:38:45,820 method:org.apache.http.impl.conn.PoolingHttpClientConnectionManager.leaseConnection(PoolingHttpClientConnectionManager.java:250)
Connection leased: [id: 2][route: {}->http://localhost:60573][total kept alive: 2; route allocated: 1 of 2000; total allocated: 3 of 2000]
[DEBUG] 2019-07-12 19:38:45,820 method:org.apache.http.impl.execchain.MainClientExec.execute(MainClientExec.java:190)
Stale connection check
[DEBUG] 2019-07-12 19:38:45,821 method:org.apache.http.impl.conn.Wire.wire(Wire.java:86)
http-outgoing-2 << "[read] I/O error: Read timed out"
[DEBUG] 2019-07-12 19:38:45,821 method:org.apache.http.impl.execchain.MainClientExec.execute(MainClientExec.java:238)
Executing request POST /session/321baedde2997e3a97edef8a09db022e/element HTTP/1.1
[DEBUG] 2019-07-12 19:38:45,821 method:org.apache.http.impl.execchain.MainClientExec.execute(MainClientExec.java:243)
Target auth state: UNCHALLENGED
[DEBUG] 2019-07-12 19:38:45,821 method:org.apache.http.impl.execchain.MainClientExec.execute(MainClientExec.java:249)
Proxy auth state: UNCHALLENGED
[DEBUG] 2019-07-12 19:38:45,821 method:org.apache.http.impl.conn.LoggingManagedHttpClientConnection.onRequestSubmitted(LoggingManagedHttpClientConnection.java:124)
http-outgoing-2 >> POST /session/321baedde2997e3a97edef8a09db022e/element HTTP/1.1
[DEBUG] 2019-07-12 19:38:45,822 method:org.apache.http.impl.conn.LoggingManagedHttpClientConnection.onRequestSubmitted(LoggingManagedHttpClientConnection.java:127)
http-outgoing-2 >> Content-Type: application/json; charset=utf-8
[DEBUG] 2019-07-12 19:38:45,822 method:org.apache.http.impl.conn.LoggingManagedHttpClientConnection.onRequestSubmitted(LoggingManagedHttpClientConnection.java:127)
http-outgoing-2 >> Content-Length: 73
[DEBUG] 2019-07-12 19:38:45,822 method:org.apache.http.impl.conn.LoggingManagedHttpClientConnection.onRequestSubmitted(LoggingManagedHttpClientConnection.java:127)
http-outgoing-2 >> Host: localhost:60573
[DEBUG] 2019-07-12 19:38:45,822 method:org.apache.http.impl.conn.LoggingManagedHttpClientConnection.onRequestSubmitted(LoggingManagedHttpClientConnection.java:127)
http-outgoing-2 >> Connection: Keep-Alive
[DEBUG] 2019-07-12 19:38:45,822 method:org.apache.http.impl.conn.LoggingManagedHttpClientConnection.onRequestSubmitted(LoggingManagedHttpClientConnection.java:127)
http-outgoing-2 >> User-Agent: Apache-HttpClient/4.3.4 (java 1.5)
[DEBUG] 2019-07-12 19:38:45,822 method:org.apache.http.impl.conn.LoggingManagedHttpClientConnection.onRequestSubmitted(LoggingManagedHttpClientConnection.java:127)
http-outgoing-2 >> Accept-Encoding: gzip,deflate
[DEBUG] 2019-07-12 19:38:45,822 method:org.apache.http.impl.conn.Wire.wire(Wire.java:72)
http-outgoing-2 >> "POST /session/321baedde2997e3a97edef8a09db022e/element HTTP/1.1[\r][\n]"
[DEBUG] 2019-07-12 19:38:45,823 method:org.apache.http.impl.conn.Wire.wire(Wire.java:72)
http-outgoing-2 >> "Content-Type: application/json; charset=utf-8[\r][\n]"
[DEBUG] 2019-07-12 19:38:45,823 method:org.apache.http.impl.conn.Wire.wire(Wire.java:72)
http-outgoing-2 >> "Content-Length: 73[\r][\n]"
[DEBUG] 2019-07-12 19:38:45,823 method:org.apache.http.impl.conn.Wire.wire(Wire.java:72)
http-outgoing-2 >> "Host: localhost:60573[\r][\n]"
[DEBUG] 2019-07-12 19:38:45,823 method:org.apache.http.impl.conn.Wire.wire(Wire.java:72)
http-outgoing-2 >> "Connection: Keep-Alive[\r][\n]"
[DEBUG] 2019-07-12 19:38:45,823 method:org.apache.http.impl.conn.Wire.wire(Wire.java:72)
http-outgoing-2 >> "User-Agent: Apache-HttpClient/4.3.4 (java 1.5)[\r][\n]"
[DEBUG] 2019-07-12 19:38:45,823 method:org.apache.http.impl.conn.Wire.wire(Wire.java:72)
http-outgoing-2 >> "Accept-Encoding: gzip,deflate[\r][\n]"
[DEBUG] 2019-07-12 19:38:45,823 method:org.apache.http.impl.conn.Wire.wire(Wire.java:72)
http-outgoing-2 >> "[\r][\n]"
[DEBUG] 2019-07-12 19:38:45,823 method:org.apache.http.impl.conn.Wire.wire(Wire.java:86)
http-outgoing-2 >> "{"using":"css selector","value":"img[src$\u003d\u0027appload.png\u0027]"}"
[DEBUG] 2019-07-12 19:38:45,833 method:org.apache.http.impl.conn.Wire.wire(Wire.java:72)
http-outgoing-2 << "HTTP/1.1 200 OK[\r][\n]"
[DEBUG] 2019-07-12 19:38:45,834 method:org.apache.http.impl.conn.Wire.wire(Wire.java:72)
http-outgoing-2 << "Content-Length:103[\r][\n]"
[DEBUG] 2019-07-12 19:38:45,834 method:org.apache.http.impl.conn.Wire.wire(Wire.java:72)
http-outgoing-2 << "Content-Type:application/json; charset=utf-8[\r][\n]"
[DEBUG] 2019-07-12 19:38:45,834 method:org.apache.http.impl.conn.Wire.wire(Wire.java:72)
http-outgoing-2 << "[\r][\n]"
[DEBUG] 2019-07-12 19:38:45,834 method:org.apache.http.impl.conn.Wire.wire(Wire.java:86)
http-outgoing-2 << "{"sessionId":"321baedde2997e3a97edef8a09db022e","status":0,"value":{"ELEMENT":"0.48922835172207546-1"}}"
[DEBUG] 2019-07-12 19:38:45,834 method:org.apache.http.impl.conn.LoggingManagedHttpClientConnection.onResponseReceived(LoggingManagedHttpClientConnection.java:113)
http-outgoing-2 << HTTP/1.1 200 OK
[DEBUG] 2019-07-12 19:38:45,834 method:org.apache.http.impl.conn.LoggingManagedHttpClientConnection.onResponseReceived(LoggingManagedHttpClientConnection.java:116)
http-outgoing-2 << Content-Length:103
[DEBUG] 2019-07-12 19:38:45,834 method:org.apache.http.impl.conn.LoggingManagedHttpClientConnection.onResponseReceived(LoggingManagedHttpClientConnection.java:116)
http-outgoing-2 << Content-Type:application/json; charset=utf-8
[DEBUG] 2019-07-12 19:38:45,835 method:org.apache.http.impl.execchain.MainClientExec.execute(MainClientExec.java:267)
Connection can be kept alive indefinitely
[DEBUG] 2019-07-12 19:38:45,835 method:org.apache.http.impl.conn.PoolingHttpClientConnectionManager.releaseConnection(PoolingHttpClientConnectionManager.java:280)
Connection [id: 2][route: {}->http://localhost:60573] can be kept alive indefinitely
[DEBUG] 2019-07-12 19:38:45,835 method:org.apache.http.impl.conn.PoolingHttpClientConnectionManager.releaseConnection(PoolingHttpClientConnectionManager.java:286)
Connection released: [id: 2][route: {}->http://localhost:60573][total kept alive: 3; route allocated: 1 of 2000; total allocated: 3 of 2000]
[TestResult name=test05_switchApeAsk status=FAILURE method=SuiteTest003_SwitchTitle.test05_switchApeAsk()[pri:0, instance:com.f.dianqingoa.testcase.SuiteTest003_SwitchTitle@44c8afef] output={null}]
]]></system-out>
  </testcase>
  <testcase name="test05_switchApeAsk" classname="com.f.dianqingoa.testcase.SuiteTest003_SwitchTitle" time="0">
    <skipped/>
    <system-out><![CDATA[[DEBUG] 2019-07-12 19:38:45,837 method:org.apache.http.client.protocol.RequestAddCookies.process(RequestAddCookies.java:122)
CookieSpec selected: best-match
[DEBUG] 2019-07-12 19:38:45,837 method:org.apache.http.client.protocol.RequestAuthCache.process(RequestAuthCache.java:75)
Auth cache not set in the context
[DEBUG] 2019-07-12 19:38:45,837 method:org.apache.http.impl.conn.PoolingHttpClientConnectionManager.requestConnection(PoolingHttpClientConnectionManager.java:219)
Connection request: [route: {}->http://localhost:60573][total kept alive: 3; route allocated: 1 of 2000; total allocated: 3 of 2000]
[DEBUG] 2019-07-12 19:38:45,838 method:org.apache.http.impl.conn.PoolingHttpClientConnectionManager.leaseConnection(PoolingHttpClientConnectionManager.java:250)
Connection leased: [id: 2][route: {}->http://localhost:60573][total kept alive: 2; route allocated: 1 of 2000; total allocated: 3 of 2000]
[DEBUG] 2019-07-12 19:38:45,838 method:org.apache.http.impl.execchain.MainClientExec.execute(MainClientExec.java:190)
Stale connection check
[DEBUG] 2019-07-12 19:38:45,839 method:org.apache.http.impl.conn.Wire.wire(Wire.java:86)
http-outgoing-2 << "[read] I/O error: Read timed out"
[DEBUG] 2019-07-12 19:38:45,839 method:org.apache.http.impl.execchain.MainClientExec.execute(MainClientExec.java:238)
Executing request POST /session/321baedde2997e3a97edef8a09db022e/element HTTP/1.1
[DEBUG] 2019-07-12 19:38:45,839 method:org.apache.http.impl.execchain.MainClientExec.execute(MainClientExec.java:243)
Target auth state: UNCHALLENGED
[DEBUG] 2019-07-12 19:38:45,839 method:org.apache.http.impl.execchain.MainClientExec.execute(MainClientExec.java:249)
Proxy auth state: UNCHALLENGED
[DEBUG] 2019-07-12 19:38:45,839 method:org.apache.http.impl.conn.LoggingManagedHttpClientConnection.onRequestSubmitted(LoggingManagedHttpClientConnection.java:124)
http-outgoing-2 >> POST /session/321baedde2997e3a97edef8a09db022e/element HTTP/1.1
[DEBUG] 2019-07-12 19:38:45,839 method:org.apache.http.impl.conn.LoggingManagedHttpClientConnection.onRequestSubmitted(LoggingManagedHttpClientConnection.java:127)
http-outgoing-2 >> Content-Type: application/json; charset=utf-8
[DEBUG] 2019-07-12 19:38:45,839 method:org.apache.http.impl.conn.LoggingManagedHttpClientConnection.onRequestSubmitted(LoggingManagedHttpClientConnection.java:127)
http-outgoing-2 >> Content-Length: 38
[DEBUG] 2019-07-12 19:38:45,839 method:org.apache.http.impl.conn.LoggingManagedHttpClientConnection.onRequestSubmitted(LoggingManagedHttpClientConnection.java:127)
http-outgoing-2 >> Host: localhost:60573
[DEBUG] 2019-07-12 19:38:45,839 method:org.apache.http.impl.conn.LoggingManagedHttpClientConnection.onRequestSubmitted(LoggingManagedHttpClientConnection.java:127)
http-outgoing-2 >> Connection: Keep-Alive
[DEBUG] 2019-07-12 19:38:45,840 method:org.apache.http.impl.conn.LoggingManagedHttpClientConnection.onRequestSubmitted(LoggingManagedHttpClientConnection.java:127)
http-outgoing-2 >> User-Agent: Apache-HttpClient/4.3.4 (java 1.5)
[DEBUG] 2019-07-12 19:38:45,840 method:org.apache.http.impl.conn.LoggingManagedHttpClientConnection.onRequestSubmitted(LoggingManagedHttpClientConnection.java:127)
http-outgoing-2 >> Accept-Encoding: gzip,deflate
[DEBUG] 2019-07-12 19:38:45,840 method:org.apache.http.impl.conn.Wire.wire(Wire.java:72)
http-outgoing-2 >> "POST /session/321baedde2997e3a97edef8a09db022e/element HTTP/1.1[\r][\n]"
[DEBUG] 2019-07-12 19:38:45,840 method:org.apache.http.impl.conn.Wire.wire(Wire.java:72)
http-outgoing-2 >> "Content-Type: application/json; charset=utf-8[\r][\n]"
[DEBUG] 2019-07-12 19:38:45,840 method:org.apache.http.impl.conn.Wire.wire(Wire.java:72)
http-outgoing-2 >> "Content-Length: 38[\r][\n]"
[DEBUG] 2019-07-12 19:38:45,840 method:org.apache.http.impl.conn.Wire.wire(Wire.java:72)
http-outgoing-2 >> "Host: localhost:60573[\r][\n]"
[DEBUG] 2019-07-12 19:38:45,840 method:org.apache.http.impl.conn.Wire.wire(Wire.java:72)
http-outgoing-2 >> "Connection: Keep-Alive[\r][\n]"
[DEBUG] 2019-07-12 19:38:45,840 method:org.apache.http.impl.conn.Wire.wire(Wire.java:72)
http-outgoing-2 >> "User-Agent: Apache-HttpClient/4.3.4 (java 1.5)[\r][\n]"
[DEBUG] 2019-07-12 19:38:45,840 method:org.apache.http.impl.conn.Wire.wire(Wire.java:72)
http-outgoing-2 >> "Accept-Encoding: gzip,deflate[\r][\n]"
[DEBUG] 2019-07-12 19:38:45,840 method:org.apache.http.impl.conn.Wire.wire(Wire.java:72)
http-outgoing-2 >> "[\r][\n]"
[DEBUG] 2019-07-12 19:38:45,841 method:org.apache.http.impl.conn.Wire.wire(Wire.java:86)
http-outgoing-2 >> "{"using":"link text","value":"[0xe7][0x8c][0xbf][0xe9][0x97][0xae]"}"
[DEBUG] 2019-07-12 19:38:45,855 method:org.apache.http.impl.conn.Wire.wire(Wire.java:72)
http-outgoing-2 << "HTTP/1.1 200 OK[\r][\n]"
[DEBUG] 2019-07-12 19:38:45,855 method:org.apache.http.impl.conn.Wire.wire(Wire.java:72)
http-outgoing-2 << "Content-Length:103[\r][\n]"
[DEBUG] 2019-07-12 19:38:45,855 method:org.apache.http.impl.conn.Wire.wire(Wire.java:72)
http-outgoing-2 << "Content-Type:application/json; charset=utf-8[\r][\n]"
[DEBUG] 2019-07-12 19:38:45,855 method:org.apache.http.impl.conn.Wire.wire(Wire.java:72)
http-outgoing-2 << "[\r][\n]"
[DEBUG] 2019-07-12 19:38:45,856 method:org.apache.http.impl.conn.Wire.wire(Wire.java:86)
http-outgoing-2 << "{"sessionId":"321baedde2997e3a97edef8a09db022e","status":0,"value":{"ELEMENT":"0.48922835172207546-2"}}"
[DEBUG] 2019-07-12 19:38:45,856 method:org.apache.http.impl.conn.LoggingManagedHttpClientConnection.onResponseReceived(LoggingManagedHttpClientConnection.java:113)
http-outgoing-2 << HTTP/1.1 200 OK
[DEBUG] 2019-07-12 19:38:45,856 method:org.apache.http.impl.conn.LoggingManagedHttpClientConnection.onResponseReceived(LoggingManagedHttpClientConnection.java:116)
http-outgoing-2 << Content-Length:103
[DEBUG] 2019-07-12 19:38:45,856 method:org.apache.http.impl.conn.LoggingManagedHttpClientConnection.onResponseReceived(LoggingManagedHttpClientConnection.java:116)
http-outgoing-2 << Content-Type:application/json; charset=utf-8
[DEBUG] 2019-07-12 19:38:45,856 method:org.apache.http.impl.execchain.MainClientExec.execute(MainClientExec.java:267)
Connection can be kept alive indefinitely
[DEBUG] 2019-07-12 19:38:45,857 method:org.apache.http.impl.conn.PoolingHttpClientConnectionManager.releaseConnection(PoolingHttpClientConnectionManager.java:280)
Connection [id: 2][route: {}->http://localhost:60573] can be kept alive indefinitely
[DEBUG] 2019-07-12 19:38:45,857 method:org.apache.http.impl.conn.PoolingHttpClientConnectionManager.releaseConnection(PoolingHttpClientConnectionManager.java:286)
Connection released: [id: 2][route: {}->http://localhost:60573][total kept alive: 3; route allocated: 1 of 2000; total allocated: 3 of 2000]
[DEBUG] 2019-07-12 19:38:45,858 method:org.apache.http.client.protocol.RequestAddCookies.process(RequestAddCookies.java:122)
CookieSpec selected: best-match
[DEBUG] 2019-07-12 19:38:45,859 method:org.apache.http.client.protocol.RequestAuthCache.process(RequestAuthCache.java:75)
Auth cache not set in the context
[DEBUG] 2019-07-12 19:38:45,859 method:org.apache.http.impl.conn.PoolingHttpClientConnectionManager.requestConnection(PoolingHttpClientConnectionManager.java:219)
Connection request: [route: {}->http://localhost:60573][total kept alive: 3; route allocated: 1 of 2000; total allocated: 3 of 2000]
[DEBUG] 2019-07-12 19:38:45,859 method:org.apache.http.impl.conn.PoolingHttpClientConnectionManager.leaseConnection(PoolingHttpClientConnectionManager.java:250)
Connection leased: [id: 2][route: {}->http://localhost:60573][total kept alive: 2; route allocated: 1 of 2000; total allocated: 3 of 2000]
[DEBUG] 2019-07-12 19:38:45,859 method:org.apache.http.impl.execchain.MainClientExec.execute(MainClientExec.java:190)
Stale connection check
[DEBUG] 2019-07-12 19:38:45,861 method:org.apache.http.impl.conn.Wire.wire(Wire.java:86)
http-outgoing-2 << "[read] I/O error: Read timed out"
[DEBUG] 2019-07-12 19:38:45,861 method:org.apache.http.impl.execchain.MainClientExec.execute(MainClientExec.java:238)
Executing request POST /session/321baedde2997e3a97edef8a09db022e/element/0.48922835172207546-2/click HTTP/1.1
[DEBUG] 2019-07-12 19:38:45,861 method:org.apache.http.impl.execchain.MainClientExec.execute(MainClientExec.java:243)
Target auth state: UNCHALLENGED
[DEBUG] 2019-07-12 19:38:45,861 method:org.apache.http.impl.execchain.MainClientExec.execute(MainClientExec.java:249)
Proxy auth state: UNCHALLENGED
[DEBUG] 2019-07-12 19:38:45,861 method:org.apache.http.impl.conn.LoggingManagedHttpClientConnection.onRequestSubmitted(LoggingManagedHttpClientConnection.java:124)
http-outgoing-2 >> POST /session/321baedde2997e3a97edef8a09db022e/element/0.48922835172207546-2/click HTTP/1.1
[DEBUG] 2019-07-12 19:38:45,861 method:org.apache.http.impl.conn.LoggingManagedHttpClientConnection.onRequestSubmitted(LoggingManagedHttpClientConnection.java:127)
http-outgoing-2 >> Content-Type: application/json; charset=utf-8
[DEBUG] 2019-07-12 19:38:45,862 method:org.apache.http.impl.conn.LoggingManagedHttpClientConnection.onRequestSubmitted(LoggingManagedHttpClientConnection.java:127)
http-outgoing-2 >> Content-Length: 30
[DEBUG] 2019-07-12 19:38:45,862 method:org.apache.http.impl.conn.LoggingManagedHttpClientConnection.onRequestSubmitted(LoggingManagedHttpClientConnection.java:127)
http-outgoing-2 >> Host: localhost:60573
[DEBUG] 2019-07-12 19:38:45,862 method:org.apache.http.impl.conn.LoggingManagedHttpClientConnection.onRequestSubmitted(LoggingManagedHttpClientConnection.java:127)
http-outgoing-2 >> Connection: Keep-Alive
[DEBUG] 2019-07-12 19:38:45,862 method:org.apache.http.impl.conn.LoggingManagedHttpClientConnection.onRequestSubmitted(LoggingManagedHttpClientConnection.java:127)
http-outgoing-2 >> User-Agent: Apache-HttpClient/4.3.4 (java 1.5)
[DEBUG] 2019-07-12 19:38:45,862 method:org.apache.http.impl.conn.LoggingManagedHttpClientConnection.onRequestSubmitted(LoggingManagedHttpClientConnection.java:127)
http-outgoing-2 >> Accept-Encoding: gzip,deflate
[DEBUG] 2019-07-12 19:38:45,862 method:org.apache.http.impl.conn.Wire.wire(Wire.java:72)
http-outgoing-2 >> "POST /session/321baedde2997e3a97edef8a09db022e/element/0.48922835172207546-2/click HTTP/1.1[\r][\n]"
[DEBUG] 2019-07-12 19:38:45,862 method:org.apache.http.impl.conn.Wire.wire(Wire.java:72)
http-outgoing-2 >> "Content-Type: application/json; charset=utf-8[\r][\n]"
[DEBUG] 2019-07-12 19:38:45,863 method:org.apache.http.impl.conn.Wire.wire(Wire.java:72)
http-outgoing-2 >> "Content-Length: 30[\r][\n]"
[DEBUG] 2019-07-12 19:38:45,863 method:org.apache.http.impl.conn.Wire.wire(Wire.java:72)
http-outgoing-2 >> "Host: localhost:60573[\r][\n]"
[DEBUG] 2019-07-12 19:38:45,863 method:org.apache.http.impl.conn.Wire.wire(Wire.java:72)
http-outgoing-2 >> "Connection: Keep-Alive[\r][\n]"
[DEBUG] 2019-07-12 19:38:45,863 method:org.apache.http.impl.conn.Wire.wire(Wire.java:72)
http-outgoing-2 >> "User-Agent: Apache-HttpClient/4.3.4 (java 1.5)[\r][\n]"
[DEBUG] 2019-07-12 19:38:45,863 method:org.apache.http.impl.conn.Wire.wire(Wire.java:72)
http-outgoing-2 >> "Accept-Encoding: gzip,deflate[\r][\n]"
[DEBUG] 2019-07-12 19:38:45,863 method:org.apache.http.impl.conn.Wire.wire(Wire.java:72)
http-outgoing-2 >> "[\r][\n]"
[DEBUG] 2019-07-12 19:38:45,863 method:org.apache.http.impl.conn.Wire.wire(Wire.java:86)
http-outgoing-2 >> "{"id":"0.48922835172207546-2"}"
[DEBUG] 2019-07-12 19:38:47,925 method:org.apache.http.impl.conn.Wire.wire(Wire.java:72)
http-outgoing-2 << "HTTP/1.1 200 OK[\r][\n]"
[DEBUG] 2019-07-12 19:38:47,926 method:org.apache.http.impl.conn.Wire.wire(Wire.java:72)
http-outgoing-2 << "Content-Length:72[\r][\n]"
[DEBUG] 2019-07-12 19:38:47,926 method:org.apache.http.impl.conn.Wire.wire(Wire.java:72)
http-outgoing-2 << "Content-Type:application/json; charset=utf-8[\r][\n]"
[DEBUG] 2019-07-12 19:38:47,926 method:org.apache.http.impl.conn.Wire.wire(Wire.java:72)
http-outgoing-2 << "[\r][\n]"
[DEBUG] 2019-07-12 19:38:47,926 method:org.apache.http.impl.conn.Wire.wire(Wire.java:86)
http-outgoing-2 << "{"sessionId":"321baedde2997e3a97edef8a09db022e","status":0,"value":null}"
[DEBUG] 2019-07-12 19:38:47,926 method:org.apache.http.impl.conn.LoggingManagedHttpClientConnection.onResponseReceived(LoggingManagedHttpClientConnection.java:113)
http-outgoing-2 << HTTP/1.1 200 OK
[DEBUG] 2019-07-12 19:38:47,926 method:org.apache.http.impl.conn.LoggingManagedHttpClientConnection.onResponseReceived(LoggingManagedHttpClientConnection.java:116)
http-outgoing-2 << Content-Length:72
[DEBUG] 2019-07-12 19:38:47,926 method:org.apache.http.impl.conn.LoggingManagedHttpClientConnection.onResponseReceived(LoggingManagedHttpClientConnection.java:116)
http-outgoing-2 << Content-Type:application/json; charset=utf-8
[DEBUG] 2019-07-12 19:38:47,926 method:org.apache.http.impl.execchain.MainClientExec.execute(MainClientExec.java:267)
Connection can be kept alive indefinitely
[DEBUG] 2019-07-12 19:38:47,927 method:org.apache.http.impl.conn.PoolingHttpClientConnectionManager.releaseConnection(PoolingHttpClientConnectionManager.java:280)
Connection [id: 2][route: {}->http://localhost:60573] can be kept alive indefinitely
[DEBUG] 2019-07-12 19:38:47,927 method:org.apache.http.impl.conn.PoolingHttpClientConnectionManager.releaseConnection(PoolingHttpClientConnectionManager.java:286)
Connection released: [id: 2][route: {}->http://localhost:60573][total kept alive: 3; route allocated: 1 of 2000; total allocated: 3 of 2000]
[DEBUG] 2019-07-12 19:38:47,929 method:org.apache.http.client.protocol.RequestAddCookies.process(RequestAddCookies.java:122)
CookieSpec selected: best-match
[DEBUG] 2019-07-12 19:38:47,930 method:org.apache.http.client.protocol.RequestAuthCache.process(RequestAuthCache.java:75)
Auth cache not set in the context
[DEBUG] 2019-07-12 19:38:47,930 method:org.apache.http.impl.conn.PoolingHttpClientConnectionManager.requestConnection(PoolingHttpClientConnectionManager.java:219)
Connection request: [route: {}->http://localhost:60573][total kept alive: 3; route allocated: 1 of 2000; total allocated: 3 of 2000]
[DEBUG] 2019-07-12 19:38:47,930 method:org.apache.http.impl.conn.PoolingHttpClientConnectionManager.leaseConnection(PoolingHttpClientConnectionManager.java:250)
Connection leased: [id: 2][route: {}->http://localhost:60573][total kept alive: 2; route allocated: 1 of 2000; total allocated: 3 of 2000]
[DEBUG] 2019-07-12 19:38:47,930 method:org.apache.http.impl.execchain.MainClientExec.execute(MainClientExec.java:190)
Stale connection check
[DEBUG] 2019-07-12 19:38:47,931 method:org.apache.http.impl.conn.Wire.wire(Wire.java:86)
http-outgoing-2 << "[read] I/O error: Read timed out"
[DEBUG] 2019-07-12 19:38:47,931 method:org.apache.http.impl.execchain.MainClientExec.execute(MainClientExec.java:238)
Executing request POST /session/321baedde2997e3a97edef8a09db022e/element HTTP/1.1
[DEBUG] 2019-07-12 19:38:47,931 method:org.apache.http.impl.execchain.MainClientExec.execute(MainClientExec.java:243)
Target auth state: UNCHALLENGED
[DEBUG] 2019-07-12 19:38:47,931 method:org.apache.http.impl.execchain.MainClientExec.execute(MainClientExec.java:249)
Proxy auth state: UNCHALLENGED
[DEBUG] 2019-07-12 19:38:47,932 method:org.apache.http.impl.conn.LoggingManagedHttpClientConnection.onRequestSubmitted(LoggingManagedHttpClientConnection.java:124)
http-outgoing-2 >> POST /session/321baedde2997e3a97edef8a09db022e/element HTTP/1.1
[DEBUG] 2019-07-12 19:38:47,932 method:org.apache.http.impl.conn.LoggingManagedHttpClientConnection.onRequestSubmitted(LoggingManagedHttpClientConnection.java:127)
http-outgoing-2 >> Content-Type: application/json; charset=utf-8
[DEBUG] 2019-07-12 19:38:47,932 method:org.apache.http.impl.conn.LoggingManagedHttpClientConnection.onRequestSubmitted(LoggingManagedHttpClientConnection.java:127)
http-outgoing-2 >> Content-Length: 73
[DEBUG] 2019-07-12 19:38:47,932 method:org.apache.http.impl.conn.LoggingManagedHttpClientConnection.onRequestSubmitted(LoggingManagedHttpClientConnection.java:127)
http-outgoing-2 >> Host: localhost:60573
[DEBUG] 2019-07-12 19:38:47,932 method:org.apache.http.impl.conn.LoggingManagedHttpClientConnection.onRequestSubmitted(LoggingManagedHttpClientConnection.java:127)
http-outgoing-2 >> Connection: Keep-Alive
[DEBUG] 2019-07-12 19:38:47,932 method:org.apache.http.impl.conn.LoggingManagedHttpClientConnection.onRequestSubmitted(LoggingManagedHttpClientConnection.java:127)
http-outgoing-2 >> User-Agent: Apache-HttpClient/4.3.4 (java 1.5)
[DEBUG] 2019-07-12 19:38:47,932 method:org.apache.http.impl.conn.LoggingManagedHttpClientConnection.onRequestSubmitted(LoggingManagedHttpClientConnection.java:127)
http-outgoing-2 >> Accept-Encoding: gzip,deflate
[DEBUG] 2019-07-12 19:38:47,932 method:org.apache.http.impl.conn.Wire.wire(Wire.java:72)
http-outgoing-2 >> "POST /session/321baedde2997e3a97edef8a09db022e/element HTTP/1.1[\r][\n]"
[DEBUG] 2019-07-12 19:38:47,932 method:org.apache.http.impl.conn.Wire.wire(Wire.java:72)
http-outgoing-2 >> "Content-Type: application/json; charset=utf-8[\r][\n]"
[DEBUG] 2019-07-12 19:38:47,932 method:org.apache.http.impl.conn.Wire.wire(Wire.java:72)
http-outgoing-2 >> "Content-Length: 73[\r][\n]"
[DEBUG] 2019-07-12 19:38:47,933 method:org.apache.http.impl.conn.Wire.wire(Wire.java:72)
http-outgoing-2 >> "Host: localhost:60573[\r][\n]"
[DEBUG] 2019-07-12 19:38:47,933 method:org.apache.http.impl.conn.Wire.wire(Wire.java:72)
http-outgoing-2 >> "Connection: Keep-Alive[\r][\n]"
[DEBUG] 2019-07-12 19:38:47,933 method:org.apache.http.impl.conn.Wire.wire(Wire.java:72)
http-outgoing-2 >> "User-Agent: Apache-HttpClient/4.3.4 (java 1.5)[\r][\n]"
[DEBUG] 2019-07-12 19:38:47,933 method:org.apache.http.impl.conn.Wire.wire(Wire.java:72)
http-outgoing-2 >> "Accept-Encoding: gzip,deflate[\r][\n]"
[DEBUG] 2019-07-12 19:38:47,933 method:org.apache.http.impl.conn.Wire.wire(Wire.java:72)
http-outgoing-2 >> "[\r][\n]"
[DEBUG] 2019-07-12 19:38:47,933 method:org.apache.http.impl.conn.Wire.wire(Wire.java:86)
http-outgoing-2 >> "{"using":"css selector","value":"img[src$\u003d\u0027appload.png\u0027]"}"
[DEBUG] 2019-07-12 19:38:47,943 method:org.apache.http.impl.conn.Wire.wire(Wire.java:72)
http-outgoing-2 << "HTTP/1.1 200 OK[\r][\n]"
[DEBUG] 2019-07-12 19:38:47,943 method:org.apache.http.impl.conn.Wire.wire(Wire.java:72)
http-outgoing-2 << "Content-Length:101[\r][\n]"
[DEBUG] 2019-07-12 19:38:47,943 method:org.apache.http.impl.conn.Wire.wire(Wire.java:72)
http-outgoing-2 << "Content-Type:application/json; charset=utf-8[\r][\n]"
[DEBUG] 2019-07-12 19:38:47,943 method:org.apache.http.impl.conn.Wire.wire(Wire.java:72)
http-outgoing-2 << "[\r][\n]"
[DEBUG] 2019-07-12 19:38:47,943 method:org.apache.http.impl.conn.Wire.wire(Wire.java:86)
http-outgoing-2 << "{"sessionId":"321baedde2997e3a97edef8a09db022e","status":0,"value":{"ELEMENT":"0.577206411735846-1"}}"
[DEBUG] 2019-07-12 19:38:47,943 method:org.apache.http.impl.conn.LoggingManagedHttpClientConnection.onResponseReceived(LoggingManagedHttpClientConnection.java:113)
http-outgoing-2 << HTTP/1.1 200 OK
[DEBUG] 2019-07-12 19:38:47,943 method:org.apache.http.impl.conn.LoggingManagedHttpClientConnection.onResponseReceived(LoggingManagedHttpClientConnection.java:116)
http-outgoing-2 << Content-Length:101
[DEBUG] 2019-07-12 19:38:47,943 method:org.apache.http.impl.conn.LoggingManagedHttpClientConnection.onResponseReceived(LoggingManagedHttpClientConnection.java:116)
http-outgoing-2 << Content-Type:application/json; charset=utf-8
[DEBUG] 2019-07-12 19:38:47,944 method:org.apache.http.impl.execchain.MainClientExec.execute(MainClientExec.java:267)
Connection can be kept alive indefinitely
[DEBUG] 2019-07-12 19:38:47,944 method:org.apache.http.impl.conn.PoolingHttpClientConnectionManager.releaseConnection(PoolingHttpClientConnectionManager.java:280)
Connection [id: 2][route: {}->http://localhost:60573] can be kept alive indefinitely
[DEBUG] 2019-07-12 19:38:47,944 method:org.apache.http.impl.conn.PoolingHttpClientConnectionManager.releaseConnection(PoolingHttpClientConnectionManager.java:286)
Connection released: [id: 2][route: {}->http://localhost:60573][total kept alive: 3; route allocated: 1 of 2000; total allocated: 3 of 2000]
[TestResult name=test05_switchApeAsk status=FAILURE method=SuiteTest003_SwitchTitle.test05_switchApeAsk()[pri:0, instance:com.f.dianqingoa.testcase.SuiteTest003_SwitchTitle@44c8afef] output={null}]
]]></system-out>
  </testcase>
  <testcase name="test05_switchApeAsk" classname="com.f.dianqingoa.testcase.SuiteTest003_SwitchTitle" time="2.206">
    <failure message="跳转转失败！！！ expected [true] but found [false]" type="java.lang.AssertionError">java.lang.AssertionError: 跳转转失败！！！ expected [true] but found [false]
	at org.testng.Assert.fail(Assert.java:96)
	at org.testng.Assert.failNotEquals(Assert.java:776)
	at org.testng.Assert.assertTrue(Assert.java:44)
	at com.f.dianqingoa.testcase.SuiteTest003_SwitchTitle.test05_switchApeAsk(SuiteTest003_SwitchTitle.java:113)
</failure>
    <system-out><![CDATA[[DEBUG] 2019-07-12 19:38:47,947 method:org.apache.http.client.protocol.RequestAddCookies.process(RequestAddCookies.java:122)
CookieSpec selected: best-match
[DEBUG] 2019-07-12 19:38:47,947 method:org.apache.http.client.protocol.RequestAuthCache.process(RequestAuthCache.java:75)
Auth cache not set in the context
[DEBUG] 2019-07-12 19:38:47,947 method:org.apache.http.impl.conn.PoolingHttpClientConnectionManager.requestConnection(PoolingHttpClientConnectionManager.java:219)
Connection request: [route: {}->http://localhost:60573][total kept alive: 3; route allocated: 1 of 2000; total allocated: 3 of 2000]
[DEBUG] 2019-07-12 19:38:47,947 method:org.apache.http.impl.conn.PoolingHttpClientConnectionManager.leaseConnection(PoolingHttpClientConnectionManager.java:250)
Connection leased: [id: 2][route: {}->http://localhost:60573][total kept alive: 2; route allocated: 1 of 2000; total allocated: 3 of 2000]
[DEBUG] 2019-07-12 19:38:47,948 method:org.apache.http.impl.execchain.MainClientExec.execute(MainClientExec.java:190)
Stale connection check
[DEBUG] 2019-07-12 19:38:47,949 method:org.apache.http.impl.conn.Wire.wire(Wire.java:86)
http-outgoing-2 << "[read] I/O error: Read timed out"
[DEBUG] 2019-07-12 19:38:47,949 method:org.apache.http.impl.execchain.MainClientExec.execute(MainClientExec.java:238)
Executing request POST /session/321baedde2997e3a97edef8a09db022e/element HTTP/1.1
[DEBUG] 2019-07-12 19:38:47,949 method:org.apache.http.impl.execchain.MainClientExec.execute(MainClientExec.java:243)
Target auth state: UNCHALLENGED
[DEBUG] 2019-07-12 19:38:47,949 method:org.apache.http.impl.execchain.MainClientExec.execute(MainClientExec.java:249)
Proxy auth state: UNCHALLENGED
[DEBUG] 2019-07-12 19:38:47,949 method:org.apache.http.impl.conn.LoggingManagedHttpClientConnection.onRequestSubmitted(LoggingManagedHttpClientConnection.java:124)
http-outgoing-2 >> POST /session/321baedde2997e3a97edef8a09db022e/element HTTP/1.1
[DEBUG] 2019-07-12 19:38:47,949 method:org.apache.http.impl.conn.LoggingManagedHttpClientConnection.onRequestSubmitted(LoggingManagedHttpClientConnection.java:127)
http-outgoing-2 >> Content-Type: application/json; charset=utf-8
[DEBUG] 2019-07-12 19:38:47,949 method:org.apache.http.impl.conn.LoggingManagedHttpClientConnection.onRequestSubmitted(LoggingManagedHttpClientConnection.java:127)
http-outgoing-2 >> Content-Length: 38
[DEBUG] 2019-07-12 19:38:47,949 method:org.apache.http.impl.conn.LoggingManagedHttpClientConnection.onRequestSubmitted(LoggingManagedHttpClientConnection.java:127)
http-outgoing-2 >> Host: localhost:60573
[DEBUG] 2019-07-12 19:38:47,949 method:org.apache.http.impl.conn.LoggingManagedHttpClientConnection.onRequestSubmitted(LoggingManagedHttpClientConnection.java:127)
http-outgoing-2 >> Connection: Keep-Alive
[DEBUG] 2019-07-12 19:38:47,950 method:org.apache.http.impl.conn.LoggingManagedHttpClientConnection.onRequestSubmitted(LoggingManagedHttpClientConnection.java:127)
http-outgoing-2 >> User-Agent: Apache-HttpClient/4.3.4 (java 1.5)
[DEBUG] 2019-07-12 19:38:47,950 method:org.apache.http.impl.conn.LoggingManagedHttpClientConnection.onRequestSubmitted(LoggingManagedHttpClientConnection.java:127)
http-outgoing-2 >> Accept-Encoding: gzip,deflate
[DEBUG] 2019-07-12 19:38:47,950 method:org.apache.http.impl.conn.Wire.wire(Wire.java:72)
http-outgoing-2 >> "POST /session/321baedde2997e3a97edef8a09db022e/element HTTP/1.1[\r][\n]"
[DEBUG] 2019-07-12 19:38:47,950 method:org.apache.http.impl.conn.Wire.wire(Wire.java:72)
http-outgoing-2 >> "Content-Type: application/json; charset=utf-8[\r][\n]"
[DEBUG] 2019-07-12 19:38:47,950 method:org.apache.http.impl.conn.Wire.wire(Wire.java:72)
http-outgoing-2 >> "Content-Length: 38[\r][\n]"
[DEBUG] 2019-07-12 19:38:47,950 method:org.apache.http.impl.conn.Wire.wire(Wire.java:72)
http-outgoing-2 >> "Host: localhost:60573[\r][\n]"
[DEBUG] 2019-07-12 19:38:47,950 method:org.apache.http.impl.conn.Wire.wire(Wire.java:72)
http-outgoing-2 >> "Connection: Keep-Alive[\r][\n]"
[DEBUG] 2019-07-12 19:38:47,950 method:org.apache.http.impl.conn.Wire.wire(Wire.java:72)
http-outgoing-2 >> "User-Agent: Apache-HttpClient/4.3.4 (java 1.5)[\r][\n]"
[DEBUG] 2019-07-12 19:38:47,950 method:org.apache.http.impl.conn.Wire.wire(Wire.java:72)
http-outgoing-2 >> "Accept-Encoding: gzip,deflate[\r][\n]"
[DEBUG] 2019-07-12 19:38:47,950 method:org.apache.http.impl.conn.Wire.wire(Wire.java:72)
http-outgoing-2 >> "[\r][\n]"
[DEBUG] 2019-07-12 19:38:47,951 method:org.apache.http.impl.conn.Wire.wire(Wire.java:86)
http-outgoing-2 >> "{"using":"link text","value":"[0xe7][0x8c][0xbf][0xe9][0x97][0xae]"}"
[DEBUG] 2019-07-12 19:38:47,961 method:org.apache.http.impl.conn.Wire.wire(Wire.java:72)
http-outgoing-2 << "HTTP/1.1 200 OK[\r][\n]"
[DEBUG] 2019-07-12 19:38:47,962 method:org.apache.http.impl.conn.Wire.wire(Wire.java:72)
http-outgoing-2 << "Content-Length:101[\r][\n]"
[DEBUG] 2019-07-12 19:38:47,962 method:org.apache.http.impl.conn.Wire.wire(Wire.java:72)
http-outgoing-2 << "Content-Type:application/json; charset=utf-8[\r][\n]"
[DEBUG] 2019-07-12 19:38:47,962 method:org.apache.http.impl.conn.Wire.wire(Wire.java:72)
http-outgoing-2 << "[\r][\n]"
[DEBUG] 2019-07-12 19:38:47,962 method:org.apache.http.impl.conn.Wire.wire(Wire.java:86)
http-outgoing-2 << "{"sessionId":"321baedde2997e3a97edef8a09db022e","status":0,"value":{"ELEMENT":"0.577206411735846-2"}}"
[DEBUG] 2019-07-12 19:38:47,962 method:org.apache.http.impl.conn.LoggingManagedHttpClientConnection.onResponseReceived(LoggingManagedHttpClientConnection.java:113)
http-outgoing-2 << HTTP/1.1 200 OK
[DEBUG] 2019-07-12 19:38:47,962 method:org.apache.http.impl.conn.LoggingManagedHttpClientConnection.onResponseReceived(LoggingManagedHttpClientConnection.java:116)
http-outgoing-2 << Content-Length:101
[DEBUG] 2019-07-12 19:38:47,962 method:org.apache.http.impl.conn.LoggingManagedHttpClientConnection.onResponseReceived(LoggingManagedHttpClientConnection.java:116)
http-outgoing-2 << Content-Type:application/json; charset=utf-8
[DEBUG] 2019-07-12 19:38:47,962 method:org.apache.http.impl.execchain.MainClientExec.execute(MainClientExec.java:267)
Connection can be kept alive indefinitely
[DEBUG] 2019-07-12 19:38:47,963 method:org.apache.http.impl.conn.PoolingHttpClientConnectionManager.releaseConnection(PoolingHttpClientConnectionManager.java:280)
Connection [id: 2][route: {}->http://localhost:60573] can be kept alive indefinitely
[DEBUG] 2019-07-12 19:38:47,963 method:org.apache.http.impl.conn.PoolingHttpClientConnectionManager.releaseConnection(PoolingHttpClientConnectionManager.java:286)
Connection released: [id: 2][route: {}->http://localhost:60573][total kept alive: 3; route allocated: 1 of 2000; total allocated: 3 of 2000]
[DEBUG] 2019-07-12 19:38:47,964 method:org.apache.http.client.protocol.RequestAddCookies.process(RequestAddCookies.java:122)
CookieSpec selected: best-match
[DEBUG] 2019-07-12 19:38:47,964 method:org.apache.http.client.protocol.RequestAuthCache.process(RequestAuthCache.java:75)
Auth cache not set in the context
[DEBUG] 2019-07-12 19:38:47,964 method:org.apache.http.impl.conn.PoolingHttpClientConnectionManager.requestConnection(PoolingHttpClientConnectionManager.java:219)
Connection request: [route: {}->http://localhost:60573][total kept alive: 3; route allocated: 1 of 2000; total allocated: 3 of 2000]
[DEBUG] 2019-07-12 19:38:47,964 method:org.apache.http.impl.conn.PoolingHttpClientConnectionManager.leaseConnection(PoolingHttpClientConnectionManager.java:250)
Connection leased: [id: 2][route: {}->http://localhost:60573][total kept alive: 2; route allocated: 1 of 2000; total allocated: 3 of 2000]
[DEBUG] 2019-07-12 19:38:47,964 method:org.apache.http.impl.execchain.MainClientExec.execute(MainClientExec.java:190)
Stale connection check
[DEBUG] 2019-07-12 19:38:47,966 method:org.apache.http.impl.conn.Wire.wire(Wire.java:86)
http-outgoing-2 << "[read] I/O error: Read timed out"
[DEBUG] 2019-07-12 19:38:47,966 method:org.apache.http.impl.execchain.MainClientExec.execute(MainClientExec.java:238)
Executing request POST /session/321baedde2997e3a97edef8a09db022e/element/0.577206411735846-2/click HTTP/1.1
[DEBUG] 2019-07-12 19:38:47,966 method:org.apache.http.impl.execchain.MainClientExec.execute(MainClientExec.java:243)
Target auth state: UNCHALLENGED
[DEBUG] 2019-07-12 19:38:47,966 method:org.apache.http.impl.execchain.MainClientExec.execute(MainClientExec.java:249)
Proxy auth state: UNCHALLENGED
[DEBUG] 2019-07-12 19:38:47,966 method:org.apache.http.impl.conn.LoggingManagedHttpClientConnection.onRequestSubmitted(LoggingManagedHttpClientConnection.java:124)
http-outgoing-2 >> POST /session/321baedde2997e3a97edef8a09db022e/element/0.577206411735846-2/click HTTP/1.1
[DEBUG] 2019-07-12 19:38:47,966 method:org.apache.http.impl.conn.LoggingManagedHttpClientConnection.onRequestSubmitted(LoggingManagedHttpClientConnection.java:127)
http-outgoing-2 >> Content-Type: application/json; charset=utf-8
[DEBUG] 2019-07-12 19:38:47,966 method:org.apache.http.impl.conn.LoggingManagedHttpClientConnection.onRequestSubmitted(LoggingManagedHttpClientConnection.java:127)
http-outgoing-2 >> Content-Length: 28
[DEBUG] 2019-07-12 19:38:47,966 method:org.apache.http.impl.conn.LoggingManagedHttpClientConnection.onRequestSubmitted(LoggingManagedHttpClientConnection.java:127)
http-outgoing-2 >> Host: localhost:60573
[DEBUG] 2019-07-12 19:38:47,966 method:org.apache.http.impl.conn.LoggingManagedHttpClientConnection.onRequestSubmitted(LoggingManagedHttpClientConnection.java:127)
http-outgoing-2 >> Connection: Keep-Alive
[DEBUG] 2019-07-12 19:38:47,966 method:org.apache.http.impl.conn.LoggingManagedHttpClientConnection.onRequestSubmitted(LoggingManagedHttpClientConnection.java:127)
http-outgoing-2 >> User-Agent: Apache-HttpClient/4.3.4 (java 1.5)
[DEBUG] 2019-07-12 19:38:47,967 method:org.apache.http.impl.conn.LoggingManagedHttpClientConnection.onRequestSubmitted(LoggingManagedHttpClientConnection.java:127)
http-outgoing-2 >> Accept-Encoding: gzip,deflate
[DEBUG] 2019-07-12 19:38:47,967 method:org.apache.http.impl.conn.Wire.wire(Wire.java:72)
http-outgoing-2 >> "POST /session/321baedde2997e3a97edef8a09db022e/element/0.577206411735846-2/click HTTP/1.1[\r][\n]"
[DEBUG] 2019-07-12 19:38:47,967 method:org.apache.http.impl.conn.Wire.wire(Wire.java:72)
http-outgoing-2 >> "Content-Type: application/json; charset=utf-8[\r][\n]"
[DEBUG] 2019-07-12 19:38:47,967 method:org.apache.http.impl.conn.Wire.wire(Wire.java:72)
http-outgoing-2 >> "Content-Length: 28[\r][\n]"
[DEBUG] 2019-07-12 19:38:47,967 method:org.apache.http.impl.conn.Wire.wire(Wire.java:72)
http-outgoing-2 >> "Host: localhost:60573[\r][\n]"
[DEBUG] 2019-07-12 19:38:47,967 method:org.apache.http.impl.conn.Wire.wire(Wire.java:72)
http-outgoing-2 >> "Connection: Keep-Alive[\r][\n]"
[DEBUG] 2019-07-12 19:38:47,967 method:org.apache.http.impl.conn.Wire.wire(Wire.java:72)
http-outgoing-2 >> "User-Agent: Apache-HttpClient/4.3.4 (java 1.5)[\r][\n]"
[DEBUG] 2019-07-12 19:38:47,967 method:org.apache.http.impl.conn.Wire.wire(Wire.java:72)
http-outgoing-2 >> "Accept-Encoding: gzip,deflate[\r][\n]"
[DEBUG] 2019-07-12 19:38:47,967 method:org.apache.http.impl.conn.Wire.wire(Wire.java:72)
http-outgoing-2 >> "[\r][\n]"
[DEBUG] 2019-07-12 19:38:47,967 method:org.apache.http.impl.conn.Wire.wire(Wire.java:86)
http-outgoing-2 >> "{"id":"0.577206411735846-2"}"
[DEBUG] 2019-07-12 19:38:49,647 method:org.apache.http.impl.conn.Wire.wire(Wire.java:72)
http-outgoing-2 << "HTTP/1.1 200 OK[\r][\n]"
[DEBUG] 2019-07-12 19:38:49,647 method:org.apache.http.impl.conn.Wire.wire(Wire.java:72)
http-outgoing-2 << "Content-Length:72[\r][\n]"
[DEBUG] 2019-07-12 19:38:49,647 method:org.apache.http.impl.conn.Wire.wire(Wire.java:72)
http-outgoing-2 << "Content-Type:application/json; charset=utf-8[\r][\n]"
[DEBUG] 2019-07-12 19:38:49,647 method:org.apache.http.impl.conn.Wire.wire(Wire.java:72)
http-outgoing-2 << "[\r][\n]"
[DEBUG] 2019-07-12 19:38:49,648 method:org.apache.http.impl.conn.Wire.wire(Wire.java:86)
http-outgoing-2 << "{"sessionId":"321baedde2997e3a97edef8a09db022e","status":0,"value":null}"
[DEBUG] 2019-07-12 19:38:49,648 method:org.apache.http.impl.conn.LoggingManagedHttpClientConnection.onResponseReceived(LoggingManagedHttpClientConnection.java:113)
http-outgoing-2 << HTTP/1.1 200 OK
[DEBUG] 2019-07-12 19:38:49,648 method:org.apache.http.impl.conn.LoggingManagedHttpClientConnection.onResponseReceived(LoggingManagedHttpClientConnection.java:116)
http-outgoing-2 << Content-Length:72
[DEBUG] 2019-07-12 19:38:49,648 method:org.apache.http.impl.conn.LoggingManagedHttpClientConnection.onResponseReceived(LoggingManagedHttpClientConnection.java:116)
http-outgoing-2 << Content-Type:application/json; charset=utf-8
[DEBUG] 2019-07-12 19:38:49,649 method:org.apache.http.impl.execchain.MainClientExec.execute(MainClientExec.java:267)
Connection can be kept alive indefinitely
[DEBUG] 2019-07-12 19:38:49,649 method:org.apache.http.impl.conn.PoolingHttpClientConnectionManager.releaseConnection(PoolingHttpClientConnectionManager.java:280)
Connection [id: 2][route: {}->http://localhost:60573] can be kept alive indefinitely
[DEBUG] 2019-07-12 19:38:49,650 method:org.apache.http.impl.conn.PoolingHttpClientConnectionManager.releaseConnection(PoolingHttpClientConnectionManager.java:286)
Connection released: [id: 2][route: {}->http://localhost:60573][total kept alive: 3; route allocated: 1 of 2000; total allocated: 3 of 2000]
[DEBUG] 2019-07-12 19:38:49,652 method:org.apache.http.client.protocol.RequestAddCookies.process(RequestAddCookies.java:122)
CookieSpec selected: best-match
[DEBUG] 2019-07-12 19:38:49,652 method:org.apache.http.client.protocol.RequestAuthCache.process(RequestAuthCache.java:75)
Auth cache not set in the context
[DEBUG] 2019-07-12 19:38:49,652 method:org.apache.http.impl.conn.PoolingHttpClientConnectionManager.requestConnection(PoolingHttpClientConnectionManager.java:219)
Connection request: [route: {}->http://localhost:60573][total kept alive: 3; route allocated: 1 of 2000; total allocated: 3 of 2000]
[DEBUG] 2019-07-12 19:38:49,652 method:org.apache.http.impl.conn.PoolingHttpClientConnectionManager.leaseConnection(PoolingHttpClientConnectionManager.java:250)
Connection leased: [id: 2][route: {}->http://localhost:60573][total kept alive: 2; route allocated: 1 of 2000; total allocated: 3 of 2000]
[DEBUG] 2019-07-12 19:38:49,653 method:org.apache.http.impl.execchain.MainClientExec.execute(MainClientExec.java:190)
Stale connection check
[DEBUG] 2019-07-12 19:38:49,655 method:org.apache.http.impl.conn.Wire.wire(Wire.java:86)
http-outgoing-2 << "[read] I/O error: Read timed out"
[DEBUG] 2019-07-12 19:38:49,655 method:org.apache.http.impl.execchain.MainClientExec.execute(MainClientExec.java:238)
Executing request POST /session/321baedde2997e3a97edef8a09db022e/element HTTP/1.1
[DEBUG] 2019-07-12 19:38:49,655 method:org.apache.http.impl.execchain.MainClientExec.execute(MainClientExec.java:243)
Target auth state: UNCHALLENGED
[DEBUG] 2019-07-12 19:38:49,655 method:org.apache.http.impl.execchain.MainClientExec.execute(MainClientExec.java:249)
Proxy auth state: UNCHALLENGED
[DEBUG] 2019-07-12 19:38:49,656 method:org.apache.http.impl.conn.LoggingManagedHttpClientConnection.onRequestSubmitted(LoggingManagedHttpClientConnection.java:124)
http-outgoing-2 >> POST /session/321baedde2997e3a97edef8a09db022e/element HTTP/1.1
[DEBUG] 2019-07-12 19:38:49,656 method:org.apache.http.impl.conn.LoggingManagedHttpClientConnection.onRequestSubmitted(LoggingManagedHttpClientConnection.java:127)
http-outgoing-2 >> Content-Type: application/json; charset=utf-8
[DEBUG] 2019-07-12 19:38:49,656 method:org.apache.http.impl.conn.LoggingManagedHttpClientConnection.onRequestSubmitted(LoggingManagedHttpClientConnection.java:127)
http-outgoing-2 >> Content-Length: 73
[DEBUG] 2019-07-12 19:38:49,656 method:org.apache.http.impl.conn.LoggingManagedHttpClientConnection.onRequestSubmitted(LoggingManagedHttpClientConnection.java:127)
http-outgoing-2 >> Host: localhost:60573
[DEBUG] 2019-07-12 19:38:49,657 method:org.apache.http.impl.conn.LoggingManagedHttpClientConnection.onRequestSubmitted(LoggingManagedHttpClientConnection.java:127)
http-outgoing-2 >> Connection: Keep-Alive
[DEBUG] 2019-07-12 19:38:49,657 method:org.apache.http.impl.conn.LoggingManagedHttpClientConnection.onRequestSubmitted(LoggingManagedHttpClientConnection.java:127)
http-outgoing-2 >> User-Agent: Apache-HttpClient/4.3.4 (java 1.5)
[DEBUG] 2019-07-12 19:38:49,657 method:org.apache.http.impl.conn.LoggingManagedHttpClientConnection.onRequestSubmitted(LoggingManagedHttpClientConnection.java:127)
http-outgoing-2 >> Accept-Encoding: gzip,deflate
[DEBUG] 2019-07-12 19:38:49,657 method:org.apache.http.impl.conn.Wire.wire(Wire.java:72)
http-outgoing-2 >> "POST /session/321baedde2997e3a97edef8a09db022e/element HTTP/1.1[\r][\n]"
[DEBUG] 2019-07-12 19:38:49,658 method:org.apache.http.impl.conn.Wire.wire(Wire.java:72)
http-outgoing-2 >> "Content-Type: application/json; charset=utf-8[\r][\n]"
[DEBUG] 2019-07-12 19:38:49,658 method:org.apache.http.impl.conn.Wire.wire(Wire.java:72)
http-outgoing-2 >> "Content-Length: 73[\r][\n]"
[DEBUG] 2019-07-12 19:38:49,658 method:org.apache.http.impl.conn.Wire.wire(Wire.java:72)
http-outgoing-2 >> "Host: localhost:60573[\r][\n]"
[DEBUG] 2019-07-12 19:38:49,658 method:org.apache.http.impl.conn.Wire.wire(Wire.java:72)
http-outgoing-2 >> "Connection: Keep-Alive[\r][\n]"
[DEBUG] 2019-07-12 19:38:49,658 method:org.apache.http.impl.conn.Wire.wire(Wire.java:72)
http-outgoing-2 >> "User-Agent: Apache-HttpClient/4.3.4 (java 1.5)[\r][\n]"
[DEBUG] 2019-07-12 19:38:49,659 method:org.apache.http.impl.conn.Wire.wire(Wire.java:72)
http-outgoing-2 >> "Accept-Encoding: gzip,deflate[\r][\n]"
[DEBUG] 2019-07-12 19:38:49,659 method:org.apache.http.impl.conn.Wire.wire(Wire.java:72)
http-outgoing-2 >> "[\r][\n]"
[DEBUG] 2019-07-12 19:38:49,659 method:org.apache.http.impl.conn.Wire.wire(Wire.java:86)
http-outgoing-2 >> "{"using":"css selector","value":"img[src$\u003d\u0027appload.png\u0027]"}"
[DEBUG] 2019-07-12 19:38:49,669 method:org.apache.http.impl.conn.Wire.wire(Wire.java:72)
http-outgoing-2 << "HTTP/1.1 200 OK[\r][\n]"
[DEBUG] 2019-07-12 19:38:49,670 method:org.apache.http.impl.conn.Wire.wire(Wire.java:72)
http-outgoing-2 << "Content-Length:102[\r][\n]"
[DEBUG] 2019-07-12 19:38:49,670 method:org.apache.http.impl.conn.Wire.wire(Wire.java:72)
http-outgoing-2 << "Content-Type:application/json; charset=utf-8[\r][\n]"
[DEBUG] 2019-07-12 19:38:49,670 method:org.apache.http.impl.conn.Wire.wire(Wire.java:72)
http-outgoing-2 << "[\r][\n]"
[DEBUG] 2019-07-12 19:38:49,670 method:org.apache.http.impl.conn.Wire.wire(Wire.java:86)
http-outgoing-2 << "{"sessionId":"321baedde2997e3a97edef8a09db022e","status":0,"value":{"ELEMENT":"0.9962400918991225-1"}}"
[DEBUG] 2019-07-12 19:38:49,670 method:org.apache.http.impl.conn.LoggingManagedHttpClientConnection.onResponseReceived(LoggingManagedHttpClientConnection.java:113)
http-outgoing-2 << HTTP/1.1 200 OK
[DEBUG] 2019-07-12 19:38:49,671 method:org.apache.http.impl.conn.LoggingManagedHttpClientConnection.onResponseReceived(LoggingManagedHttpClientConnection.java:116)
http-outgoing-2 << Content-Length:102
[DEBUG] 2019-07-12 19:38:49,671 method:org.apache.http.impl.conn.LoggingManagedHttpClientConnection.onResponseReceived(LoggingManagedHttpClientConnection.java:116)
http-outgoing-2 << Content-Type:application/json; charset=utf-8
[DEBUG] 2019-07-12 19:38:49,671 method:org.apache.http.impl.execchain.MainClientExec.execute(MainClientExec.java:267)
Connection can be kept alive indefinitely
[DEBUG] 2019-07-12 19:38:49,671 method:org.apache.http.impl.conn.PoolingHttpClientConnectionManager.releaseConnection(PoolingHttpClientConnectionManager.java:280)
Connection [id: 2][route: {}->http://localhost:60573] can be kept alive indefinitely
[DEBUG] 2019-07-12 19:38:49,672 method:org.apache.http.impl.conn.PoolingHttpClientConnectionManager.releaseConnection(PoolingHttpClientConnectionManager.java:286)
Connection released: [id: 2][route: {}->http://localhost:60573][total kept alive: 3; route allocated: 1 of 2000; total allocated: 3 of 2000]
[TestResult name=test05_switchApeAsk status=FAILURE method=SuiteTest003_SwitchTitle.test05_switchApeAsk()[pri:0, instance:com.f.dianqingoa.testcase.SuiteTest003_SwitchTitle@44c8afef] output={null}]
ITestResult tr: [TestResult name=test05_switchApeAsk status=FAILURE method=SuiteTest003_SwitchTitle.test05_switchApeAsk()[pri:0, instance:com.f.dianqingoa.testcase.SuiteTest003_SwitchTitle@44c8afef] output={null}]
[DEBUG] 2019-07-12 19:38:49,676 method:org.apache.http.client.protocol.RequestAddCookies.process(RequestAddCookies.java:122)
CookieSpec selected: best-match
[DEBUG] 2019-07-12 19:38:49,676 method:org.apache.http.client.protocol.RequestAuthCache.process(RequestAuthCache.java:75)
Auth cache not set in the context
[DEBUG] 2019-07-12 19:38:49,676 method:org.apache.http.impl.conn.PoolingHttpClientConnectionManager.requestConnection(PoolingHttpClientConnectionManager.java:219)
Connection request: [route: {}->http://localhost:60573][total kept alive: 3; route allocated: 1 of 2000; total allocated: 3 of 2000]
[DEBUG] 2019-07-12 19:38:49,676 method:org.apache.http.impl.conn.PoolingHttpClientConnectionManager.leaseConnection(PoolingHttpClientConnectionManager.java:250)
Connection leased: [id: 2][route: {}->http://localhost:60573][total kept alive: 2; route allocated: 1 of 2000; total allocated: 3 of 2000]
[DEBUG] 2019-07-12 19:38:49,676 method:org.apache.http.impl.execchain.MainClientExec.execute(MainClientExec.java:190)
Stale connection check
[DEBUG] 2019-07-12 19:38:49,677 method:org.apache.http.impl.conn.Wire.wire(Wire.java:86)
http-outgoing-2 << "[read] I/O error: Read timed out"
[DEBUG] 2019-07-12 19:38:49,677 method:org.apache.http.impl.execchain.MainClientExec.execute(MainClientExec.java:238)
Executing request GET /session/321baedde2997e3a97edef8a09db022e/screenshot HTTP/1.1
[DEBUG] 2019-07-12 19:38:49,677 method:org.apache.http.impl.execchain.MainClientExec.execute(MainClientExec.java:243)
Target auth state: UNCHALLENGED
[DEBUG] 2019-07-12 19:38:49,677 method:org.apache.http.impl.execchain.MainClientExec.execute(MainClientExec.java:249)
Proxy auth state: UNCHALLENGED
[DEBUG] 2019-07-12 19:38:49,677 method:org.apache.http.impl.conn.LoggingManagedHttpClientConnection.onRequestSubmitted(LoggingManagedHttpClientConnection.java:124)
http-outgoing-2 >> GET /session/321baedde2997e3a97edef8a09db022e/screenshot HTTP/1.1
[DEBUG] 2019-07-12 19:38:49,677 method:org.apache.http.impl.conn.LoggingManagedHttpClientConnection.onRequestSubmitted(LoggingManagedHttpClientConnection.java:127)
http-outgoing-2 >> Cache-Control: no-cache
[DEBUG] 2019-07-12 19:38:49,677 method:org.apache.http.impl.conn.LoggingManagedHttpClientConnection.onRequestSubmitted(LoggingManagedHttpClientConnection.java:127)
http-outgoing-2 >> Host: localhost:60573
[DEBUG] 2019-07-12 19:38:49,677 method:org.apache.http.impl.conn.LoggingManagedHttpClientConnection.onRequestSubmitted(LoggingManagedHttpClientConnection.java:127)
http-outgoing-2 >> Connection: Keep-Alive
[DEBUG] 2019-07-12 19:38:49,677 method:org.apache.http.impl.conn.LoggingManagedHttpClientConnection.onRequestSubmitted(LoggingManagedHttpClientConnection.java:127)
http-outgoing-2 >> User-Agent: Apache-HttpClient/4.3.4 (java 1.5)
[DEBUG] 2019-07-12 19:38:49,677 method:org.apache.http.impl.conn.LoggingManagedHttpClientConnection.onRequestSubmitted(LoggingManagedHttpClientConnection.java:127)
http-outgoing-2 >> Accept-Encoding: gzip,deflate
[DEBUG] 2019-07-12 19:38:49,677 method:org.apache.http.impl.conn.Wire.wire(Wire.java:72)
http-outgoing-2 >> "GET /session/321baedde2997e3a97edef8a09db022e/screenshot HTTP/1.1[\r][\n]"
[DEBUG] 2019-07-12 19:38:49,678 method:org.apache.http.impl.conn.Wire.wire(Wire.java:72)
http-outgoing-2 >> "Cache-Control: no-cache[\r][\n]"
[DEBUG] 2019-07-12 19:38:49,678 method:org.apache.http.impl.conn.Wire.wire(Wire.java:72)
http-outgoing-2 >> "Host: localhost:60573[\r][\n]"
[DEBUG] 2019-07-12 19:38:49,678 method:org.apache.http.impl.conn.Wire.wire(Wire.java:72)
http-outgoing-2 >> "Connection: Keep-Alive[\r][\n]"
[DEBUG] 2019-07-12 19:38:49,678 method:org.apache.http.impl.conn.Wire.wire(Wire.java:72)
http-outgoing-2 >> "User-Agent: Apache-HttpClient/4.3.4 (java 1.5)[\r][\n]"
[DEBUG] 2019-07-12 19:38:49,678 method:org.apache.http.impl.conn.Wire.wire(Wire.java:72)
http-outgoing-2 >> "Accept-Encoding: gzip,deflate[\r][\n]"
[DEBUG] 2019-07-12 19:38:49,678 method:org.apache.http.impl.conn.Wire.wire(Wire.java:72)
http-outgoing-2 >> "[\r][\n]"
[DEBUG] 2019-07-12 19:38:49,949 method:org.apache.http.impl.conn.Wire.wire(Wire.java:72)
http-outgoing-2 << "HTTP/1.1 200 OK[\r][\n]"
[DEBUG] 2019-07-12 19:38:49,950 method:org.apache.http.impl.conn.Wire.wire(Wire.java:72)
http-outgoing-2 << "Content-Length:157074[\r][\n]"
[DEBUG] 2019-07-12 19:38:49,950 method:org.apache.http.impl.conn.Wire.wire(Wire.java:72)
http-outgoing-2 << "Content-Type:application/json; charset=utf-8[\r][\n]"
[DEBUG] 2019-07-12 19:38:49,950 method:org.apache.http.impl.conn.Wire.wire(Wire.java:72)
http-outgoing-2 << "[\r][\n]"
[DEBUG] 2019-07-12 19:38:49,950 method:org.apache.http.impl.conn.Wire.wire(Wire.java:86)
http-outgoing-2 << "{"sessionId":"321baedde2997e3a97edef8a09db022e","status":0,"value":"iVBORw0KGgoAAAANSUhEUgAABVYAAAJrCAYAAAALesjvAAAgAElEQVR4nOzdeXhU5dn48e9MMtkz2SALJKyBsEQMasCgQAUVLFUphYpF69LyVqHSUkqhVjQtLYVS3vijgra+om1FsVAErQW0xAYwEBZBRCAQQkISyEK2STIzyWy/P85kMpNMkgkEsnh/rstLcuYsz5xZzjP3uZ/7UfmG9bchhBBCCCGEEEIIIYQQXxOleaevex/qTmiHEEIIIYQQQgghhBBCfK1IYFUIIYQQQgghhBBCCCE6SAKrQgghhBBCCCGEEEII0UHeXd0AIYQQoicq8SryaL0oS/8b3BIhhBBCCCGEEF1BMlaFEEIIIYQQQgghhBCigySwKoQQQlyHkDKbR8uEEEIIIYQQQvQuElgVQgghrpMEUoUQQgghhBCid/nggw/aXUdqrAohhBDXqbqvipAyG9V9VV3dFCGEEEIIIXqEiPAw+vQJI0SrJSDAH41GCVGZTGb0egPVOh1Xr1ZSXlHZxS0VX0eNQdUPPviAhx56qNX1VL5h/SXNRgghhOigxsmrnAOqjf92XiaTVwkhhBBCCNEkLrYfA+L6ERgY4NH6dXV6LhVcpqDw8g1umfi6Kc077Xa5u0zV1oKrElgVQgghroG7wGrj34AEVkWniwh3zujQoFJJhnRH2Gw2TCaTIwNGsl+EEEKIm0urDWLE8HhCQ7UAWPTVaHQFRKjq0KpMaNQ2VFgx4U2lxY8a7xCMAZGo/ZX1q6p0nD2Xg05X25VPQ/Qi7gKrbQ3/dxdclcCqEEIIcQ1aC6w2XyaBVXG9IsLDiImOwsfHp6ub0qs0NDRwpbhEAqxCCCHETRAd1ZdbEkegUqmw6nUEV55jqG8lgyO1+Pv5cyG/lDqThf6x4fiobNQ3NFBVacBqhUuWAMpCRqIKCMdms/HlqbMUl5R19VMSvUBrGasdITVWhRBCiOvgrq6q1FoVnSWufz/69u3T1c3olXx8fBg4II4Af38KimRooRBCiJ5prsrCi2oLAL+xerHF5tXFLWopOqovY24ZCUBd7pcMMFxgxOA+xA8eSJC/N6hVlNbUYaysQRvkj0ZlJQg/omP6oLKpGFJrpKr8S45VxVAZOtyxLwmuiu5AMlaFEEKIa9CYsdoeyVgV10qCqjdPWdlVCa72Mg9aTfzRaiQcz37qVKDi52o/PlRrbnDLhOiuhjJ19jjifEGXt4ftn1V0dYOEh057NRBh/64rR8UoS/ca4aLVBjE+eaySqXoxizv7mImO6gM2PQ31tfh6+xHg503ZVSMlV6uIjA7jankFxVUGai3eqNVqBvQJIj5GSx9tIDsvenM1KB6bzUbWkeNSFkBcF8lYFV1sEotWJVP+/Do2u/1bCCF6v7XWYP5o03Z1M0QvExEeJkHVm6hv3z7oDQYpC9CLdCSoChCOjT9ajRJYFV9j/Rl9WxIJ/sAQb7I/+ztfdXWTBAAJ313CsylhlB98k5X/uNDVzemwEcPjUalU+FbkcFesinKjis++KkBXp0eNiQhfGwP6avHz9kVtrsdcb6CixsLRYhWX6y2oNP5YzpczMqKKqcO1TIwM5aPSCzSED2XE8HgOHz3R1U9RfM1JxqromMnzWTszHs/m7jOQvSOV8pRUIg6msj4Dpi5IZdYwf7dr689/xNKN+9pcx936jaYuSGVWbBHbn3+dvYAS6J1Bgu4IC1dvs681mxVpyUR71P5SMhd3fZB43vKOnb+m7dYwIaqUzCyYMD6y3fW7jblL2DCeds79bFasCiPT8Vor260NP8JupjBLe8rxmn89zt8kFq2aAnuU5wkon9WUSpY63vstTV2QynTSledhP38uz2nuEjY4P3dDDtuffx0WpDJBW0N0lPN56R6flxbmLmHDoHyn7wD36zQ999msSBtI7mLnG0bNzq1diVfRzQ2qPvsexb+A1YMf4WXnfzc+9uQloscvbbbRWk5U3MGh8Ht4hrWcqHiUEe72ff5d/Fps2504f3cr15b1Gdf++e4JEkeN8LymatQoJo4ZRB9fC8aKPDIzs6m+sc3rlRoaGjh1+mxXN0N0kjKz7pq26+vd1nd682uCu79dkwymLljC6K/WtbiGuFyD2zyep0kLztev5teyHuIafmc4zmuzfszUBalMqEgld9AaknQ97xrQlSJm/oQVk/vh6S0G3cl3+eWbngW2lP5109/FWctYeWU+a6fBbud+vQvXfv+85WsYkreMlVvaOZgnfcAeIG7cNB6cNoXR4UDFWXbv2cOHh11HWHTnUgBxsf0YOSIeS205o40nyC428XmBHqNKg7HBhDcWhoSruTMW+mv9KK8yEhIaxLFLBrLrwwgLj+JCXg42LxUNdfWMDoUJw7SEhIVx2BqPyj+EM2dzKCiUUSfi2kjGqrj5Ml5nqaNj6GHGasYpVqQtYV7GOoqxX0C3uHYolX83aVynVXOXsDYcNx2weGalrWGW87r+yWxIS6axA7Zy8bYW++rOF93Nqzty/pqCD/rzH7FwtRIwS3IThJ7u/nA3mT347SYWMiFtDROcF9iDeu47XIoAbSR7V6fCglTWLihl6cZ9vfz8NdrH+pPJbJg2n6kZrueo5Q2HDtiyjoVbnDuws1mxaj65hUDeOhau7kDntovMGxRJcd66DmyxjZU75rN21XyKn89mdCtBVeiCTNVXHyF61KcYKwpZXf0ZywenM/1iIatDGle4C2PFowCc3RxL0nMAS0kKX8uJitPs/tUoksLdBE//9CnGcTfpObSj9eBoKZmLl7Gy2VLnz/fmjalu3+Pd7/PavojwMI+DqiF3PMTjEwbipa+krgH8hgxnVHws7/9tL7k3uJ29jY+PDxHhYZK1Ktqwj/V7ElibMhsyaLrhM3MNG2aWkrk4nxB0Lll+ezfmMyFtCfMy8hnS4ub+DDakzbD/280NyskJxDXbX3NN/RmnhXMHEk0k0c59KQ/6UV3O5XeGou0AdPN+pP18GnLILFSWbF69jOIFqaxdgOs+7L8hdC1+c7jpm5Y0JWm0vE510xvL16F8Rybnxs5mtEddnBoKvupItmBTQHzqglQmAFNH9yfA39/1N5z9/Rq9PJWIg6ectp/NkKhScle3f6SO9wG7n9FzlzB/fGRTkDt8BNMfHUrSkLdZuaXpRuAWmxdbLN0nmOpsQFw/ANRXvuRMXS0nis1Y/AIYP/5O9h/IRF9nJPuqmf5aDZEBNgz14FtvoUxvIyiyH8W1JTSoGrAZzfj6BpFv8iHgUg23+gQQaiuk2j+EAXH9JLAqupQEVsU1cbnb2DwAlraGCS6dt22szFrC2gWT2A1Ej1/DhvGNKzd1KPXnnfYxaAkr5q5j5ZbmgRt7ZkBhjbKemw6Y28w7F+6CeZH24Ktdt+p8duT8bWPl4m09LJDgSYdUuVPtwr8piK4//xFLv9KhH6Q8tNclwNKLz1+LGwuRyjkx5LB9j7Jk78ZU9s5Vnv/ejfs8C4RObi9zoPtyG5iLcn7NFcp7JsHp/M1gw6oEsnXxJNi/22alxSv/mLmGDTObZcZAFw7/1/HfPyiZqi8P/rOyqJWM1deyTjPorVYCqt3Q3hbB0fayrpo+35t7UTZSiNbT91YCU8YOxJT7Ia/8K09ZFDqWufNSmDRpL7m955TcNCFarQRWe4lzFgt9VCpC1WrUAN42fGfXo7nLBIDpMw3123zBrMIGVFmtlNls7f86ynidEympLJp8yqm/qHxXMXcg0f6Rjv6JcjNX+Z5aMXeby8199wFD9yOrWiQNAI4A1UblhvKKuY3Bp9msGA+Zi5c5Zc2mMp3sHndNb98+1j9vP3/N+/9zl7A2fBKwz821RQnmYTAQPWY+U7e07O80JXkovxsab9gDLQOtq+ZT3AP7TK07wntfTOA3E/u1u6Yp7wjvHe7g7mPms3YVnCgEwuczPbaI7Yudz19jv38SEc0vh+5uGoBTINY1I9ZdHxBweQ27rYRHecQ5qOqgITp5BvOOn2Vzdhe0qwMiwsMIDAygoaYCdVUFOdU2fMPCMFls1NRWYTYb8fayYbZ6canSSoLWSkODlZpaIw0WFeezz6JSW7BZ1GDzoV5lwmq1EBMVQVyYH33MDWQaqgkMDJEbo+K6nTjR8ZISSUlJgARWxTVrGWRwsAdlXGxZx1Jg6oIpHmWskneE6jFLmLclnyHaHKoHpbJocirrSSCOInZXaIkLb1zZXaDUOQMAN4HSNtrvLojX1Tw9fy5Dt2ewIS2ZzCwIGNbsfNAskN0NzFu+hgl0oJPT/DWdnAAMZEXaGvsPEqeAbW89f+5uLGDv5M9UPhBNNwySmcc+NueVsmHQbKCNEgGj+0Nheo/8geD842ne8vaG/+1jaYanwzG7gWffo/hbpSzfDMunv8eJ393VbFh/U8YqKFmrhxx/uSsDcJ63wu/hmRvb6hvP/vnuTQIC2i+Ho4glIljH5a15TYuqjpNbmkxK1Fjg+I1oXq/m+bkX3Z0euGSzcdliIUKlIm52Aw2TzDSgAkA1yYwGKHzHh6s2G6YO7Hvz6lRgNitmOo+UKoVBwWTvWMZXo5Vh6I6bmFvWsZKWw6Bd+qv2fo0j+NqBm5x7N6YzetUMEiiF5YlUZxWRlLaGIVnLWMkS+8iVbn6NuxbNSxY17/83+9s5WDo6Fgr2nCJkZiKjJ8Net78JwDEqaFDLslAAezeeYkLaQA/LjPUc5duPk31HP7ejyppUcGL3Hsqv4zjRw+LRn/+I6OWpLDrY/LdZJCH+/kTPVPqys9JSmW7A6TOWTvWYZMqfz2eI/bfb5tXKDYXuPqLKExF3DCCitQfVkSTcEQ7Z3XuCsT59lNfFeCUfQ60Fg8oXGuqp1OmpOHocq9mKGhVe3j7oG0zU1tswma1YDWrAC5PJhMYHTDYzPl4abGYbVpUFNH5ojJWYzT4EmYqp8w+hTx8JrIquI4FVcY38SZi5hg0zW3nYkKP8v7HD01ibEQ8zVhuHWqUlw/mPWLmxkhVpS1h0PhjdyVT2sqRZRmFbWY/tBUq78aRbHT1/W9axcEtjoNlA9o51bM6Azd22U+GUabB6GZvnLmFD2hIyF+czxCVLbRsrn29tH661Fwt2LGOlU72t3n3+3GdoFmctY2HWEtaG69AN07pm+23JpzhtIPOAYrd7bPyxsc81IzZqDRsGlVLMtdWsuync1WaLahkUb6T8wJrE6Fh/AvxntBwm2N28+gjRrwLPvsfyb8Fb4bFKfdU2vJbl9Ef1ZyxvrMnKj9h9ce6Nauk1a60UQPPMlGJ7sED5Qd14o6z10iLd4kZIB2g0nla2q8ds9ca3P1DVuExLiJ8vlhr9jWlcL+f5uRc9hRkosdkYcpcJo1nN+RLlNR4WZSL4LhNXNnfgNXdcZ5Rh/64Zq8lEa3PIzABG29d3BP7s/dTVzbNI2xjiPi2eAP9WslWdby7PXcKG8cFk7zhC8cyB5K5Otd9UnsSiVWvYoDvCwue7eWZee2KnKDe7m/f17SWL3NZDb2sE29xkEihie8Y2olOSmZAyGzLauOEcHtx62yaH0Tunr9zHnjMpJNwW3uoa+vMHeetaMyZ1lRTT394Xm82KVUXKZweazunkMLQlR1i4GqXG6kkt08OPKNf7aVD9VSQhY3R8NTmMJOd9z12iJGvY++895gZ6M0khbd/o8w9JBLr3c2ocgWOpLmPk4L4YrtRx"
[DEBUG] 2019-07-12 19:38:49,950 method:org.apache.http.impl.conn.LoggingManagedHttpClientConnection.onResponseReceived(LoggingManagedHttpClientConnection.java:113)
http-outgoing-2 << HTTP/1.1 200 OK
[DEBUG] 2019-07-12 19:38:49,950 method:org.apache.http.impl.conn.LoggingManagedHttpClientConnection.onResponseReceived(LoggingManagedHttpClientConnection.java:116)
http-outgoing-2 << Content-Length:157074
[DEBUG] 2019-07-12 19:38:49,950 method:org.apache.http.impl.conn.LoggingManagedHttpClientConnection.onResponseReceived(LoggingManagedHttpClientConnection.java:116)
http-outgoing-2 << Content-Type:application/json; charset=utf-8
[DEBUG] 2019-07-12 19:38:49,951 method:org.apache.http.impl.execchain.MainClientExec.execute(MainClientExec.java:267)
Connection can be kept alive indefinitely
[DEBUG] 2019-07-12 19:38:49,951 method:org.apache.http.impl.conn.Wire.wire(Wire.java:86)
http-outgoing-2 << "uc6ESqUCVKhUYLPaMDWYMGmg3qyiwQxWi5UAjRovtQWTBby8NJjNZrCBSeWFzdxAXZ0RL2sd/TT+nKcjo32E6HwSWBXXyMOM1S3rWLilKbDpnE3W7kUuI5uCafGEVCiPr8xawobxNWQuBlrEAyJb1uR0aW6Op0+se7mW8zc5gRAM6M8XEZIyn0XT4lu529xdakI5TzLW2EGezQqDzk3gzzVw4hj2vniZ8qNmVRhfZdi3twdme//5c52YZ97yNQxpc+1t5JasYcjcVgKrk+1Z4RkASkas467/FafPdvh81qY5BV3Hd4Pz4ZTB6/nEBsmE6ErRF+ZTEGvP6r3hDb0+rz15F6Eh5xnBj9h9cQXfCGm+ho7//moU01/titZdn46VAmi8ETLFaVnL92GPKe1xTQ5wumAU90yawz2WPXx61pcx901lVFgl5/Z18/GBQnQBtQqCfG3Y7P/usIzXWZqh3JAHXMoSQWnT5DpaqP4KyGj8nkp2k10JrWVUzls+gwT/Vq6rLiPDJrFoDGQuTlUmrJqJ03EMZO9YxsJWMzF7jgDdKRaeHMiGxixcx7W9WekER9KHgeysItAq57t5n2DeoEj0hUeU601eKRPGKzecW0vQmDDMn+Is94HXeSnxBJQc6fZ9h2tiMrf+mC6H3f/opKDe3IFwcp1S0qIilZVXlMVjR/dHl/c6MBvQMmEMnHheufEfRxG7CWO6rpK9jv+D8pmIBP9mZd7cZIf3xJFZPU3jKJCGOh3afmGE+Kq5VGPGbLagUoHVagObCpVajcVmpbbBjNUGVquVEG/Qqq2U1luxeqnBalW+w/1txGm9qK8zobGaCFNXuRxLiK4ggVXRMc4ZYW1lrKIM1xjtEnx1VzfKuUOpBGsbC/RPXTCFuMIcdPbaR9jvFkdMdne068lYjWwx0UD35OH5Gw3VhaAlm0xdMqMPNnaqu+sMsfasVUe26jo2t3n33/m1dn5tS6lmINHMZkVaItU7Ups9z956/lqWKijOU3406PLywc2ZdJQDcJN82m4ZAF0laOMh73WWLu6uQ61mMyQKolurq+V4Dyl16HKzICm8lPUnw1i0YAkbhrkZ7tdNanH9dOdpnuQz/lvd2MaWQdTXsk4zqEta1z25q63X3ZlMJo8nrzr8z48JnDOZMdOfYNw3AUMl+ZUBjLr/Icq3fsDhqnZ3IZyYTB0ZEC56kpID3vS/34zGy4QNCPS1UfTx9fwUstdMdcqMnLc8lUUH00FbQ3nzgOaWdSy8Mp+1KZUsbXY9aZzBvrFUUZIuh+Ko+NaTBhwJA04jf9jGysUAk4gY001HYl0jva4UtmxTbpanrWHDoMZrsvKclRnjK5ngNHN8Yx9x6uT5JGlz2O0UjB0SBbo8+3nbkk/x+GSGzAWc+jLOI5xaTKobldwUtOsm/YPON4UHkyKhKJMX/7jzuob7t025OZD7POydXMT0lNlgD6we35jK3smNN/KVfvpmlGC27uQyGJ1qD7zOd9qf82dC0VMzVnsDjUb5jvW2WqitrqJ/eF9OlxjBZsOm8sJqteDt7QU2FRov0NdbwGQDlRpvlZlR4Rr8as3UmgHUBPt7MaKPimBLFUH+PugNFmzGGpdjCdEV5N0nOsa5puPcJWwYD5k7dCSlVLJ0dSmLVs0g5GRrQRbnov2zWbQqkTiKOPH8667ZRaNRCpkPq+HE4tcpXpDKhAXz0cYWsX0HygU3r/m+ryNjde5Aorvz8GYHT87fbFakVJKp608csHejcvd3w8ymO3iOIbXdoiPYMtjp/Dq6Dn8zkL0jvY197aNcN4MJaZEUZy1zk03dG88f7K2oYfr5dHYzhQnaGshbpwypSlNmTB3iLrBoLwcwusXbPoEJw2o4sbi1LPLGTJ1ScrtVILU51wlCmijvN7LsPzYnh1GdtY7NLFGGkG15nfU3tZ0d9Ox7LB/zJcsHpzPdMYxfyzd+V4jxd84r6vivu+1D7mJ1RSFNE+me560b19qOc5vNpWgxSQVufui2oXveAGidXm/wOLAKeXy6NY9PnReFjmX2nBQmznkIJLjaIXq9oaubIG6Qi/9QhvxH3a1k4RV97O1Ydi0iFqSywVG6RLnBqT+fg27mDKINOWxvbUPnoJyT4ixg8nyma0+xdDWsSPMwY7WVEigtJpdtc36BnkK5vs9bvkaZDGwLTF2QSLS/P7PSlDUco5mez6aaRKZPg4I9ziOWEpV+5/hmN1+bTWLV5jWmm/QBb6iJQ4nyBVNgPAt+saSVlQzkpm9k81HPd7t5dapyvY/qz+iDqaxkPmvHR5LgeL+WMg8d6CqVoOo02L34CBPso9KmLki1D/OfzYq0GnIXA3O1BCC1NbszPy81+loz4cEmbonUcLbcSo3Ripe3Fz5qG318LAwPVaE2qTCjQeOtwlejZmhUIPf2CcBiU2GxWlBbGvChHn+bBUt9A2arBX9/KeEjup4EVsU1sHfiyFFmcJw8317XZh/rn0ep5zTGzRCLuUtYQWPQZyDV9pp3Q9KWMK9Zx7GxkPlmgI3pjF6VTO7z69gLRKesYcWg0mbZdh3JWHW+kzmbFeODyc7SMT1tDbPs+2m9nmcX8uT8TQ6jOu91CE90bNaUrdUdMy7dBMAas6LddlqVmkruTF2QyoQoZVi86+RU9hV64/mbPJ+1Y3Tsfn4fLJgCeevIHbSGFctLiS7JZyWwwr6qczZMY4bH1AWpxLnsMJuVrQVVHcdMIK7bZ3g3/tB0+l6YPJ+1M/tTsMMp6J5hD6R2v1Kj7jXWWOVH9qHtf2b64D/zWlYhT0ae5yxwaPA9nN15mtW/+5TXXr3HdXuXGqvdkKNWnjNPP3ezWbE8jOpWHzdQfeX6m3izVOt0hIa2qPHguarjbNsKs+ekkPJACkXvHqSo85rXq1XresKNVnEtbGYVue/4kPuOpzct2la+MZWFzn2LVWFkbnwdFqQyK7aNDd30b5RgEU4JDLNpM2nAbcaqYt7yNSRRClqdRxNf9USbVy9z/Nuln2avwzlrDDTecA/JU677Sj8onepY/5avgb2P0PYkVl8z+//J7iGPMyGqs8MFjeUrTjEkLZVFO1JZurjp0XnLU4mIsX8PO30eJoBy4yG2iO3PK8F1beNvRexZze5q7Ts0r7nfzW80jJ7NhEFtD20PGJTMvNH72NyNO+UmkxkfHw0mlPqp1jodY6MgJtiHugYbGh9fQgN8GRzmzYi4cIoqTJw4U4oX3miDfLhrXDz9I/3wslmovFpOyeVirlzRUVpnRq32QuPjg9XLx3EsIbqKBFZFxzgK5C9j++hUpi+YxF77l/m85alE6GqUgOsemJ62hgmNd3v945k1JoftJ5ewIQ0yF6+jeEEqcWSzcnEkK+wX1saLm+tdYtdO4+bVy+zDrpwb1vGMVWVmVqeL6haUC3LaGiZ0t9o7Hp8/JVA0dUFXN/gauEwI0TiR1RpadnyavdaGUiasWkO07ggLF5eyaNUUFk3eR7nW3z7Ma3bvPX9OGeRT7Ys2rz7CirREsndsQ/lhpohurPfWEc4ZhFHKDZNsnTL8qtt8Ntxq/M6wDxkElJsvzctD9FTxRBNFUkUhTwJwnrfC7+EZ1nKiopCZ+1fiF/5nAF5zbLOUpMFd0tibwJ+EmYlKRvu0KUq5GJcfSrMZElVDbnf98eRGeUUlMdFRHchadaPqONu2FhJFGSWd17ReraGhQWYUFu1QbtzFYSBh1XwidJC7GmWSHV0le+cuYS3pLDyZzNoFk9jrNPQ4YkEqKyhqO2PVhScZq82Wz4yHxrrr9j7trK9DdqVTf2XWoCMsfL6URavWKCXFxi9h3pYjRMRCtXcCcf4Gsvc0Ox8Zr3MiZY19EqvSLngC3Zi5lMy//Z29V52W9ZnE/O8nE1F+it0dyFaFxlJv6axnH+wIY+20+UzNaPrN5chodZeBmtFU+38CR1ho/3w5JhdzHlnpcsyeVgoghUWPJhPdXiKmJpIJj86n4IXXu+0UVsoIHA1Gb3/KzbVYayzEqLyI9jGjCfLF3wf6RwYybPgA+sWEk+StYfDAMj7d9yW3Jg5mQP9wAgMt+KltBGnCMOqquOITiFrlQ329gQCNmau2YMex"
[DEBUG] 2019-07-12 19:38:49,952 method:org.apache.http.impl.conn.Wire.wire(Wire.java:86)
http-outgoing-2 << "hOgqElgVHdOYUWTvOJ7QzmDDTCVLcHNFDRsG5bO9MJHpo9NZuliZhZ3JYWgN9mDrNJ2S5UpTIEjJnlM6QCtilpHZ6sFdhzsVZzlfQjzMWHW6k1mctYyFq5ut2nhBnruEDavmQ3cIrnbw/LkMW3IztNZ5SG1HhtLeEM53lh2TUNm5zPS6hg3TlGFd7mqsZtqzmQHW70lg7cw1JFBKZuOPnd56/qDZexrmLU8GRymEUqoNyUxIWwOUkhmzhA1pbU2c0XISjYVOWQTMXaLUNdvSbPZ2ey3TbnE+XDhlRNsD9UPaamMbQ9GhOzy/tZyoeJQRwNnNsUQ/17TsyYpCnqz+jOXhsbDzNMaKFZzdHMuhVvflOvHV2c33tLpmV3B5fxly2rguRBLilJk8dfQUZrmp/613ymrpKa4UlzBwQFz7K7alSoKqHXGlWM6WaMfkBEIKlcCl43vKqV+wIQpghv2GnnKjd31GJCH+kWj5iKVfJbBW20bGahuUhADl3/rzHzVN1NPYN27ej3Lu07q9Ud0b2EtKlRxh4eJ8pU+4GlakTaF6xzLl+U+ez9q0GQQYcti+vvWSP5tXL3NcJ5pnATvriXW7r8nE7zA9qR8B9GP67BT2vnbQ8dCk2VNIivOHuCnMy93H+v0e7tNR6sJ+fp0TBJyv+xjsCQItOUoBrIYVaWvs5cRKyWxvxFWPcpD1Lxx0+nsoU2ePI84XqC/i4LZ99JTpKZUROFrUQRHYauoxqPwoNnjh02DDS1fPoKhA/IMC8db40mCxERbkza2jYzAaqujbNwhtoDcqXxUNDfWYbTasKm/0xgaq6wz4+qgJDNKQa4t0HEuIrqLyDetv6+pGCCGEEEIIV3H9+9G3b5+ubsbXQlnZVQqKLnd1M0Qn+qT+2rKP7/Nta8LT6zTZefIq54SBthIEhOgCfSax6LkZJATVkP3RRtanVzgeipgyn5/PiEdbm8P2P73ums0qboBwpj6zgFkJweiyP+KPr+27gZOJda6I8DBuv+0WDFXlWLMzaTB50WA0og1QExniT2yUPzF9/Bg6qB8xkaH0CQvAz8+XnItFeHv7ERmuRaNRYzEauZxfxNnsPGqMFkxmFYbaaqLC/dnjNR6TXzjHPv9SRp2Ia1KadxqAEydOdHjbpCSlKKYEVoUQQgghuikJrt54ElTtnf5RX0UYHfuZU4mK7/qG3pWD4xgAACAASURBVKAWCSHE189dKXcQGBhA0aFP8KmrISw4GH9fK77eEOBrJiLcjwH9IunXN4SocC3B2gCulF7Fz8+fPqEhaFBTV1VNyeXLnLuQj9lmApOVqLBQzuoDOBGcTF2dns8OdrAuhRB2nRFYlVIAQgghhBDdVEHRZfQGw/XXXBUtNDQ0cKW4RDJceqmXNYH81FTncXC1EhUvawJvcKuEEOLr5VLBZUaOiCdi5O1o845hbWhAjYqaWgMNJrBgwoaa6lojRWW1aIMC8PJWo66tJf9SOT7eKlTmeozVVahU3lisVryxgNXEaU284xhCdCUJrAohhBBCdGPlFZWUV1QSER5GiFZLQIA/Go0GlUrV1U3rUWw2GyaTCb3eQLVOJwHVXi5TrSFTsk+FEKJLFRReJiY6ktDQcMqCIumrz8NiMuPrCxaLCVODjZqaGswWC/VWCAjW0i+6LxovCzUl1ZSVl1NRVU1ZaTl1+noCfaGPvxef1MTQEB5GVZWOgkIJrIquJYFVIYQQQogeoDHAKoQQQgjRU5w9l8P45LGEDL2VsvP1xPiUYLGYsZnV1JgtGOrq8beoqEdDcIiefmYzAV4+1FpU7P/yIrU1BsL8ICYsgAANfF4XQW3UaGw2G2fP5XT10xNCAqtCCCGEEEIIIYQQovPpdLV8eeosY24ZSciwcZTknyTScglftS9mixWLzUadBeqra2nIv4yvj4ZgjZpzlwpR+/sSE+RHfGQwwWoTH5eFUTsgEYAvT51Fp6vt4mcnhARWhRBCCCGEEEIIIcQNUlxSBsAtiSMIHjiGqppYvCrOERlYT4PJhMVqxYKVunoL2QXFBAeo8PH25pYBfdD6wMUaHzJMsTT0DcVms/HlqbOOfQrR1SSwKoQQQgghhBBCCCFumOKSMvQGAyOGxxMaGg7Bd1JcW4ml4hI+lmr8vBrw8gKrxYTF6ofJO4gcYwDFxgjqNcHgDVVVOs6ey5FMVdGtSGBVCCGEEEIIIYQQQtxQOl0th4+eIC62HwPi+hEYFAZBYQCYgGr7fw5q5X91dXouFVyWiapEtySBVSGEEEIIIYQQQghxUxQUKkHSiPAw+vQJI0SrJSDAH41GCVGZTGb0egPVOh1Xr8rknaJ7k8CqEEIIIYQQQgghhLipyiskaCp6PnVXN0AIIYQQQgghhBBCCCF6GgmsCiGEEEIIIYQQQgghRAdJYFUIIYQQQgghhBBCCCE6yNtYUdjVbRBCCCGEEEIIIYQQQoibRqfTXfc+JGNVCCGEEEIIIYQQQgghOkgCq0IIIYQQQgghhBBCCNFBElgVQgghhBBCCCGEEEKIDpLAqhBCCCGEEEIIIYQQQnSQBFaFEEIIIYQQQgghhBCigySwKoQQQgghhBBCCCGEEB0kgVUhhBBCCCGEEEIIIYToIAmsCiGEEEIIIYQQQgghRAdJYFUIIYQQQgghhBBCCCE6SAKrQgghhBBCCCGEEEII0UESWBVCCCGEEEIIIYQQQogO8u7qBoieS2eqI734KPtLT3BZX0aJsYISQwUAUf7hRPmF0y+gLxMjk5gSfQdaTWAXt1gIIYQQQgghhBBCiM4hgVXRYXsuH+KvFz7icPlXmK0Wt+vk1hSRW1MEwD/z0/FWezEuYjRPDJ3BtH533szmCiGEEEIIIYQQQgjR6SSwKjx2rOIsq758i2PlZzq8rdlqIbPsJJllJ7k9YiTP3/Ikt4ePuAGtFEIIIYQQQgghhBDixlPZbDZbVzdCdG9WrPz25JtsyvmgU/f7dPxDvDDmKdRS6lcIIYQQQgghhBBC3EQ6nQ6AEydOdHjbpKQkQDJWRTt0pjoWHv4D+0s6/iZrz6acDzhfc4kN434h9VeFEEKIXsZkNmMyW7BarV3dFCGEEKJHU6tUeHl54e3thZe6axOTLtQUsr/0BPtKjpOty6e8vpp6iwkbNydnT4UKXy8NEb4hJGgHMilqLBMjkxgaHHtTji9Ec5KxKlqlM9XxnYxlnNcV3NDjDNPG8c/JayS4KoQQQvQSemO9BFSFEEKIG0Dj7Y2vj+amH3dbfjp/Of8+BXUlABgs9Te9De74e/kCEBcYxf8M+zazB07p4haJnqQzMlYlsCrcsmLlic9+fUMyVd2ZGJXEX+96ScoCCCGEED1cncGIdC+FEEKIG8fLywt/X5+bcqzdlw+y8uQb1Jj06Ex1N+WY10qrCSRYE8CKMT9ger+Urm6O6AE6I7AqUSzh1m9PvnnTgqoA+0tO8NuTb17z9oWFRS5/Z+zbj8lkcn+sAwf4/eo1vPranzt0jLNnz/Kzny/lN7/93TW3UwghhOjN9MZ6CaoKIYQQN5jFYqG+wf3v3c60+GgaPz+6niJ9WbcPqoIy6rZIX8bPj65n8dG0rm6O+JqQGquihWMVZzt9oipPbMr5gBmxd3F7+AiPt2loaODF1F+z/f0dbN/2DxJHj+bAZ5/x+BNPEh8/lD+9/DLDhw9z2eZQ1mE2vvZnYmP788MfPO3ymJeXF+pWata89JuVZGYeRKVSce/UKUxIUe6AHfv8c/69a7fHbV78k0UEBQV5vL4QQgjRE5jMZhn+L4QQQtwkJrP5htVcLTFW8PiBlyioK+k2Q/47otasZ3fRQb6qyuXvd/+aKL/wrm6S6MWkFIBo4TsZyzlWfqZLjn17xEj+OXm1x+sf+/xzZn93LmazmZiYGP7+1zd57PEnKC4pITKyL4ue+zEvrHjJ4/19d85s1q39g9vHLhUUcN+0B9Dr9cTG9uc/e3YTGBjI3/7+Nr9a8aLHxzh6+BBRkZEery+EEEL0BFJXVQghhLi5bkS91RJjBbP++wuK9GWdut+u0j+gL9u/8QcJrgq3pBSA6HR7Lh/qsqAqwLHyM+y5fMjj9W+/7TZW/joVgCtX"
[DEBUG] 2019-07-12 19:38:49,952 method:org.apache.http.impl.conn.Wire.wire(Wire.java:86)
http-outgoing-2 << "rvDNbz1EcUkJarWa9S+nEdm3b6e1bUBcHL9c/gtAKT3QWBIgODiIuLjYNv8LCw3ttHYIIYQQ3ZEEVYUQQoiby2KxdPo+Hz/wUq8JqgIU6ct4/IDnyVZCdJSUAhAu/nrhI4/XnRQ5lm/2n8Co0MEEePu7XUdvNnC66iL/LspkX+lxj9swrd+dHrfjsXnf43xODpvefIuGhgYAnlu4gLsmTMBqtXL+7GmX9f/fn17hlQ0biY3tz6f/+cTlMS8vL5e/q6qq+NGChQA8+f3HefL73+ejj/7N4SNHMRrrMZvNfHvmTL49c2abbXxj05uk/malx8+pM1ltNtQqlcsyk8mMSgXe3p59BRQUXiY4OIjQEO01t8Nms1FXpycoKPCa9wFgNpvdtvuLL7/i1ltGe7yf4pJS+kSEu+xLrzdwubiY+CGDr6uNHVV4+QqBAQGEhYbc1OMKIYQQQgghei5rJw9AXnw0jYK6kk7dZ3dQUFfC4qNppN2xuKubInohCawKB52pjsPlX7W7ngoVvx+7gLmD7/dov2PChjF38P1sufgxvzy+ERttf/kfLv8KnakOrcazANzp02c4lJXl+DswMJCfLHqOzz8/zutvvNFi/XPnzgNQXl7B4iU/b/H42KQk/mf+DwGob2ggM/MgAPffey8AaevWoTfoGT5sWIttu5v6+gbW/elV7r1nEuNuH+tYnnfpEqvW/j9e/OUSBg8c0O5+0vcdYN+Bg/zfhv9F1SxI6ymbzcYf17/K3SnjuPeeSQAcPnac2269xRHcNJnMbP/gX3xn5oN4NwtyN9rwl02MGpnAffdMdiw7l5PLb/+Qxsa0NfTtE+FRe/b+dz9nzp3ntyuWO5YFBPizZdsOKiqr+MPKFR4Hnq/Xwawj7PvsEH/646pW1zl3/gIDB8The5Nm/xRCCCGEEEJ8fey+fJBPLh/ukTVV22Ow1PPJ5cPsvnyQ6f1Suro5opeRwKpw2Ft8BLO1/aEEPxz2sMdBVWdzB9/PhdoiXj+/o831zFYLe4uP8O24b7S5nsViYf0rG/jTKxswmZpmRKyrq+P4iROUlpbxr4/+3er2BoPB7eMWi8URWHUnNrZ/m+3qTnx9fZj5rQdIXbWWaVO/wQ+emAcomaq1dXXU1ek92s/xL77knkl3OYKqZouFoqIrHDpyjMRRIzCbzRw4eJgBcf158AH37w21Ws28R2bxq1//noLCIp56/FF2fLiLLdt2MCC2PzabDRs2DmYdpU5v4OnHH3W7n0e+M5Of/fIlSsuuMnzoUM7lXOD02XP4+vjw9pZtWCwWauv01Onr+Mmz84nt38/tfnx8fNDrDQBcvlKMrqYGs9lC8m1JvP/hLj5Oz6CktIyoyL588/6pHp2na2U2WxyzaJddLSfr6OeYzWYMBiN6vZ46vYEvvzpDcHAQLy5fcl2Zw0IIIYQQQgjR3MqTb1Br9uz3YU9Ua9az8uQbElgVnU4Cq8Jhf0n7xXp91N4sGTXvmo+xZNQ8/nrhXzRYze22pb3AqkqlYs/HH2MymfD29mbxT3/Cq6/9mdraWo4cOcr0adP45bJfdLiNQwa3Pwz83S3vkX/pUpvrjBo5koce/FaHj9/ZRo0Yzrem34fFqfZd48yRGk37XwFnz+VQWlpGbl4+S1/4NX0jItAbDEyZPJFtOz7EbDETHhZGbV0d23d+xLR778FH476A+rChQ7hvymSGD4sHQO2lZuyYRB5/dA6gZLUezDpKXKz7YChAdFQksx76JvUNDYwelUCINpgP/72HxT9+hsqqKr4x8S78/Hxb3d5kMqM36DEajRiNRtIzDhARHsbu/3zKmNEjiYrsy6Jnf8j2Dz4i+bakDpUXuFYmk8lRhqJPRDjRUZGUlV1ly9b3Wb5kEaNHjuC1N97iQm4eIdrgG94eIYQQQgghxNfHtvx0aky9N6jaqMakZ1t+OrMHTunqpoheRAKrwuGK4Wq76yRoB+Hnde1Dkf28fEjQDuLLqpzrbotareb3v/0ti366mPUvpzF2bBJHjx3j00//y5Gjx1i44FkWPPsM6Z9+6vGEGuOSx6H1IHD1/o4dHDyU1eY6Dz/0YLcIrF4qLGLOrIfQOA1rb6zFo/FWAqAmk5kGUwOBAQEttk/P2M+iBfMJ8Pdn5Zr/5TcvLMPfz49z5y8A8OAD09AGB1FdraOiorLVoCooQdp53/0OAQFKTV6rxf3r4u3V+leTsb6eKZMnog0Owtvbm1NnztKvXwzjk2/jhwsXEx0VSdKYxFa3LygqYt+Bg+RdKsBisaBSqQgLC+XBB+5n9f+u54WliwkI8Cf3Yj733jOJ6KjIVvfVWcwWJWP1xMlT7M/MYsjggUSEh2GxWgkNDUGj8abBZEKr1V5zKQYhhBBCCCHEDWCu4syhfRw8lU+VCQiM5paxk0i5NYqgHjJd+F/Ov4/OVNfVzbjhdKY6/nL+fQmsik4lgVXhUGKsaHedAYFRbpcX6cvYnLuLE5XnKXWzn76+YdwSFs+TQ2cwIDCq3cCqJ20BGDs2ifT/fIzGHswbNGAgAJ9//rljnR89uwCj0bM6MR/ueJ+kpFs9WhfA38+PmH6u2ZUFBQUupQm6SsaBTI4dP0lO7kWCg4L41dKfOoLGjcPO33x7C76+PhgMRsLCQlm88H9cJvAyGI307RPBncm3c/T4F2g0Gvz9/Nwez9ZG4fTTZ7P57/5MTp0+izY4mN++9Eu8vbwwm91nLqvVLXsgdXo923d+RH5BIcUlpby4fAm1tXX8++O93PuNSXx1Jhuz2cIXp05z/sJFQkO1LnVYGw0ZNJAhgwby7tb30dXUcs+ku8i9mI9arWbQgAFcyMsn89ARxt0xllOnz3Lo8DEemzubPhHhrZ/sVtTW1VFVraO2tpYRw1vW5D177jwHDh7mxMlT6PUGii5f4YH7pjBo0AB2f5KOWq2mX0w0AKYGEz4+rQethRCix8tJZ2tlInOS3dzQykln06lAHp45HreVtHPS2ZQfw9NTRzZ7oJSDOzI4w4DWt23c/hDc/dgUhnva3vIstu6q49bHpjDcfpzC/pPdt9/hDLveziH0gQdJcW6My75aOrd3KwdIVJ5feRZbd12ippUjBCfY25CTzqZD5a4PBg1gZPAlzlxxt6UfI5u3SwghRJvMJZlsemsfxWZA7U1QkDfGKxc4eOUCB/eNYtYPHiIxqKtb2bYLNYWdMmHV/Inv8Bz/YMz+HcBM3nnwKSa4/flSyHvbF7LM/tea+3byCJ8w6JNXIH4lJ8eMobXCZ7qyN+37v3YFdSVcqClkaHDsde1HiEYSWBUOJYb2g5kqWmbL/avwAMs/f4VaswGtJpC+vqEt1jlReY6DV7/k77n/JtSn/YxQT9rSqDGoevTYMd5+5x0AKquqMBqN+DkFAW+//Tb6xcS02L6+vp6PP/mPx8dzlpiYyPZt/3BZdvekb7RbJuBmmHRXCpPvnsDrb73NseMnCQpqmgysMQj6wyfmMXBA6xcUg8FIiFbL7k/SyT6fg7eXF6/+31uUXS1nePxQl3WtttazgkeNSGDUiARef+ttii4XOyamstpsnL+Qy3v/3IHRWI+uphYAtbrl+ywwIIBZD88g+1wOv1+3noaGBkrKykgYNhS1Ws2Z7HPU6fX0CQ9j2NAhaNoJQlqtVoxGI5+kZ6A3GPDx8WFkwjB2/ms3Tz8+l+ioSHx9fdFovAkKbDmR2qa/v0tp2VUaGhow1tdTX19PfX3Tv61WKxqNxvFcp907hTnfftBlHwMHxBEeFobFYuFCbh4zpt/neKzsajlRkX0dGcD1DQ34+/u3+ZyEEKJHi08kdkcGW5nMnLBTLYOClLPzbefra4QjEHouv5xgbcvRCuf2KsHOu3UZpB8Z3HrQM34KD1d+yM4dWUS0FYB1bk1uKTUx8UogtPwihbUR3NpmUBXIucKVoEjGNTtAeW4pJIxvNag7fOoc2LuVTXvh6anjmfPYePdtOvIh6c4LgpwCyjnpbDql7CsFlADtfpji4fMVQgjRjPELtm7aRzGhJD40l4duCVUCLNY6LmZ+wNaM02x/K4jQBVOI7caZq/tL2y8JeG3qyDz5Pb7nklP1Y/4zy/Um6LJP"
[DEBUG] 2019-07-12 19:38:49,952 method:org.apache.http.impl.conn.Wire.wire(Wire.java:86)
http-outgoing-2 << "Hob7dpJ3Hwz6ZAVjWsnBUgK3nWN/6QkJrIpOI4FV4XAtQ4wv1BSy5OjL9PEN5fWUX5HS9xa369VbTHxWeoKfHk3zaJh/R9tSVnaVZ55d6JIpWlVVRXR0tOPvHz79NN+a8c0W25aXl19zYLU7cz6HgYH+LlmgjYFVG61nmQKEh4USGBhIaIiWbPus9HNnfxtfXx/y8gv4585/Ne3T2va+GjXPuuwfE0Py7WPx8/VFrVaTX1DI4EED3W4bGBCAj49SiiIgIICUcXeQMu4OAGpqa3nvnzsZPXIE0dGRFJeU0tDQ4Fi/Uc6Fi2R8dpBDh4/h46MhYXg8PhoNZouFf+74F7V1dRjrG8i7VEhFZSVlV8t54L4pLSbB+ub9UymvqMTPzxdfHx98fHzw9fXB18cXH18f1B68h/39/PD388NqtaL2anp9amprOXX6DIMHDnAs09XUEB7W8qaFEEL0HpGkzExk19unOPfYFJ6Od3qotYxV5+zNKxlsysYRTCzfu5ULA+cwJx5ACUzuypnDA877dRKR/CB367a2HYB1OMPhbBj5wEiglIP7lTYceHsrB1qsq2SCRpzYyoEr4BwgVrJLyzmcbaQGe/sbxSgZqkqwdDxzps7xPJu2Ue0l12B0UGCLjFfH4/bjCSGE8MzF9E85b/Vj5OwnmZXgNKpPHcjgux/lad5kY8ZhPj42nqeTWyZqdBf7So5jsHg2wtMtlyzTp8ib9RQ5+W9SSiATxuwkb0zzDQo5Zv+XI8v1k4cdGaw3msFSz76S4zw5tOvL9oneQQKrwiHSL4zaDhasfvnMFsw2C39O+SWJoUNbXc/XS8OUmGTeSHmB7+57vt2AXqRfmMdtKCq6zFM/nE9JaSkajcYRXK2sdA2slpaWcvHixRbbV1RWenys3qKtYfvN3XVnMgBv/v1d+kSEExKiRa1SOTIxr2WfjX78o6cxmUz0i4lGrVZjNBj54+9e8mhbg8HAH//2Dg3217uxrMCbb79LcHAwXmo1d9x2KxMn3OmyXYPJRP6lAmL7x2Aymwnw92fnR7spKS3jQm4eTz02F5VKxeb3/smw+ME8cN8Ul/IIjaKjIjut/qrFYkHjreFi/iU++Gg3d9yWxKWCIp567FHHOjU1tQS4qYErhBC9y0geeMwerNyRwZla58eaZazGJCrZmw/QLPOylIM7tirbXtnKpkONG0QQw1Z20UZwVetHTXYWB4e0PSS+/EhOU+Zpziml1MBjbjI/7VmhwyOgHIi5s+nYjdml5/aeojZhMk87B3Nz0tmU7+64H7Iz29hiuWP4f3NuMlZbLG/jeEIIIVpTRM4FI0RM4p4E96XS+kyYxNisrRy/kIM5+dZuG3zJ1l3nBSBHyTJtUQqgn2cZq43mT3yHX/VtGYDujOH/zV33cxbCSXf9bIsuEOUXTm5NUYe2OVFxjsTQoW0GVZ0l9xnF7REjOFp+pt22eOLosWPM/9GzXL16lYCAANat/QPPLvwxoGSsOnvp17/hpV97tNteyWqzsf+zQ9yWdEuHg6DlFZUUFF1m2NAhvPCb37PkuWfd7t9TFouF/IJCBsbF8pNfvEC/mGiW/+w5Xt74F+Y98h2GDh7U7j78/f35+U8WOP6uqKziR4t+zg+emMeA2P6tbjdqxHB+88IyXv2/tyivqKRPRDiPPTKbZS+uZNniHzN82FAys45QUVnJvd94glEjEjx+Xteqtk5PQVERb/59Cz//yQLe3bqdwQMHkDhqBABGYz1V1TpCPJhYTQgheiSnLMrGIGHKTPuQdWizxmp5bin0j+fcjg9h4njYnwUT5/C028CoEnR1H1wt5VyRkeAgP86cOENKa9mb5VmkZxshyL6/U3C3o13ONVSVTNagxDlEoARWWyjK4kBtBHdP7cCNumaZpef2buWL1tZ1l7HqoASvqxLn8IDnRxdCCAFALVU6YGQEfVpbRR1KaCBQVUcVtL5eFyuvr+7Evd3Of2Z9l9KT/wAPMlZbqLHXWrVbc9/OG3KN6tznLL7uJLAqHPoF9O3wNqXGCgYGRbe/ohNPgqaetMVoNPL0D+ZTWVWFv58ff930BgkJTYPkdDXKILcRCSNoMDVQfrWcktJSl33ExcUSHNwUrPLzd3+3sTV6g54zZ866LGvoBhNXOTOZTOh0tfzuD2nMnT2T4KAgrhSXtr+hk/SM/UycMJ75Tz3Gz5a/yIqVq1n07A8BOHb8C9RqNRdy89rdj9lsprS0jHXrX+Xp73+PHf/ahdFo5InvfRe1Ws23pt/Hi79dw7LFzzEmcZTbfRjrlWEql68UE6INdmST1tuXezIEH6Cmto6w0BDH3/dNmcy7295n0IA4Mg4c5DsPz+DWW0Z7tK/rcbW8gpNffsW4O27jxz96mnM5F9ifmcWS556horKS8LAwcvPysdlsDPEg4CyEED1ShFI3VMniLHeTrQota6xCzJ2TCS2C2IkRUJQDRJIyMZKtu7ayyb6OSzZnzinOBCe6lhlolHOKM7UR3P1YDBfezuFg+Ug3Wav2YGlMBEo3I5KUma3NLKwEh9vUfzxPJ8PBHR9ycGJTlmx5ZSfMzBw/xf3zLM9y+sOP0DDg6zd4RwghrpMffn5AbR212O+1tWDEaAJC/OjYr8ybq97SCb9f41fyXN9AtISza/v3lGH9OZ2bZdqZOuU5C2EngVXhcHfkrfwzP739Fe0sNgv9AvpysjKHGpOeYI1nw5TdTYDV3MTIpHbX8fPz4+dLfsbK3/2OTW+8zp13jqesrKl+q0ajvL0/3Pk+29/fwQsvKkPMH33kEVQqFe9s2ULi6NH85bVXAXjhxZd4f8dOli39udtZ6d356qvT3P9Ay7qt3UXepQIOHztOYEAA33n4W/j7+1N4+QpFl5XpgLPP5VBWVo6x3kjZ1XJuT7q1xWRWObkXyTp6nBd+8VPUajXf/953yThwELVKOUcNDQ1ERITbJ8dqPWs1Ny+fo59/gVYbzPynHqemtpZdH+/lhV/8jP79lEnFbksaw+CBA/hD2iv85ZV1BDSbrCnjQCZ/37KNny78H7KOfs6fXvs/wkJDGTxwAFptMOOTb+dKcSnlFZV4e3vj7e3F8PihLvVmT589R8aBTPLyL/Hth5TXztfXhxnT7iUoMJC/vPk3/P38+OzQEaxWG9Pvm+ISgO1sfSLCeX7pTxmZMIzaujpee+NvLHr2h9wyeiQf7vqYr85ko9cbiImOYtSIDlfXE0KIHiiClJlzGH7kQ3bq4t3U/XTOCj3DrkNGruzKUB7atZWqhAHN6pPSVKe01UpDpRw8VU5wwmSGE0lEQg473WWtll+kMDiROQOvNA2rR8kaPUAiT09ttqzGdcj9lUPOpQkgOAGUAGw8u97eyi6nUgHB2uuYUqpZHVVnMQkD3CwVQgjRMQOJHwzHzxzjSNlt3OMmL8icfZjjOugzdmArgddeIn4lJ8eEc6qsjkQ+YRk/5j+z7qOVqjt2SpmAT29SE4W4kSSwKhymRifjrfbCbLW0u67FZmHxkTQu1l4GYOmx9aTdsRh/b9/rboe32osp0Xd4tO73H3+MsWOTuCVRmQm4MWsRwMfHh917Pub1/3uDw0eOAHDPPd9g9e9/R0FhIe9t3cqu3Xv4+JP/kP7pp2x+5128vLy4+64JTLz77ut+Ht1BTFQUM6bdx7R778FgMPDf/ZkEBPjj4+PDgvlP4ePjg0oF2uBgQrRaLM1ee6Oxnr2f7uc3v/oFAQFKkPO2pDHcestorpZX8MwPn2Dq5In2Y0USEd56NnJ0VCQTJ4xn1sPfIigwgDf+9g6/+sViBg2Mc1nvgfvv5fSZ7BZB1avlFbz59hae+N4j3HXnOO66cxxPznuE4198ycHDR/ny9BnKyys4cuw4VqsVjUbDD77/PRKGuV7SR40YjrG+ni++/Iq7xo/DbLFw5Nhx9n12iFCtlnWrfk1EeDi7/5POwVkNGgAAIABJREFU+x/+m/yCQpb/rLPmn3QvcdQIrpZX8Mbf3uF/nnrcUQLg2w9+E7VazSfpGby4fAl+vtf/+RJCiB7lyik2vX3KzQN+KNP5OddkzYKJD5JCFlt3NW0X7ElFl8Y6qfbM1ojk8YzckcGu"
[DEBUG] 2019-07-12 19:38:49,953 method:org.apache.http.impl.conn.Wire.wire(Wire.java:86)
http-outgoing-2 << "nJGuJQMixjNnKpBzxWnbdA5cieDux0YCTaWOhk+dTPmODHbu1TqCw+5qrOJ4HrDr7XTOxU9pWau1o+wZwIoz7Hr7CkMfm6JMflWexdYi+3OuBZmuSgghrs3IyZOIzt7H/re3Evrktxkb1hReMRak87cd2RgDRvHtcdf9rX5D+XppMFoarn0HTjVWlV/lr3Dv9lecVpjJOw9+F840r7cK82Ou/bDXw9dL0/5KQnhIAqvCQasJZFzEaDLLTra5nsVm4adH0viwcL9j2e7LBzn1nwtMihpLX9+W6SDfir2LYVrPMiTGRYxGq/F81sTGoCpARWWF498vvPgSFy7kuqx775QpqNVqBg4YwCPfncM7727hmQULMZlM+Pv58erGVzwKqv4m9SVHqYHWRIR3/QXU19eHOd9+EABtcBCPfOfhDm1vtVn5wZPzWkxU5eXlRVRkX6Iim27NNmadtibA358nH5sLgMFo5Jmnv2/PcnV1Z/Jt3Jl8W4vlfSLC+cuf1uGjaboIenl5ccdtSdxxW1OGs8ViobKqGo3GmxCt1m1bBsbFsvSnCwkI8OfzL75kQGx/li3+scs6Dz5wP/feM4nsczlu99HZSsvK+PmiZ1tMlHXH2Fu5Z+JdaKW+qhDi68jtTPVKxmpLRs7s2kphTESLjNU2lWex9VA5MXc6BzQjSUmMYNMhJdDZ6niB8iy2Hqpj5AMPulknkpSZiVS9fYpdOSNpvxp9Y5C4lXqsjdwEm4PdXe7Ks9h6QqsEginnwNtbOYAfIx94kDmJ6Ww6VE7MnZNh/1Y2Bbs7z0IIIdoUMYHvz7rKxu2n+XDjy3wSM5D4Pt5UXbpAYbUZvL3x868j53gRceP7d9tyABG+IRTpyzp5r8okVce2L1TKAjSvt9qslqpD8H3kzbrPZZGu5ZyN1y3C98aNSBRfPxJYFS6eGDqjzcCq2WZm0eF1fFT0WYvHCvWlvHNxj9vt/nx+OyuTnmHOwKluH2/ehmuVl6fM7ufl5cUfVv+eOY88yrjkO8i5kMvVq0qZALPZzMeffMKd48dx8OAhLuYptUF/uXwZU6e0VifN1YgRIzrULqvV2qH1u4vmWaOdxd+v9W5F88CiM+egalvb94lou45vRHgYEeHKDYDbbr2l1fX8/fxIGpPY6uOdqbVJstoLWAshRG90bm865Vraz1h1GfKuBA07lrF6hl27LkHC5JaTWcVP4eHKD9m5I4uI/8/e/cdFXef9v38MWlnRLyF13BZZ80cldgVZRqV7GdGltGTW4q4spKRn9Waxnm7LudaLbq769ZbHurGn41Ie3W+GBkeuI1eXETX6lahdrNAiaFdsK11Dah1/oKVRWilz/vh8ZuYzn5mBAUF++LzvEjDzmc+85zM/cJ7zer/eIRbNAszK0Lb27w9LP+3AAsTHTp6G0J8NhgmbQ/jyG77+Go5xJRDD3Vn3MIa/s7WkjBej45ieZQbJo4y2Cy9WoXBVRKSDBo19gN8sGEvNW+9Ss/cfNLiBiy9n2L+k8sC/juLzVwrZ+kYxn3+dzSP39s5wdeyVI7o+WL31RkZxDUdGAfvAO/XfXrEaJFzg2sXGXjmi269DLhwKViXAvw2/g1tjbuSDY38Pef72g+/RSsdDwtNnv+f/+OCP7Dy6m2/Ohv/I6daYG/m34XdEvF+Px8OJkye56sorOXL0KP/18ssAXD9yJLffdhtvVm5nxIg47pz0UwBeKX+V1YWFHDlylGnTpvJc4Wp+MetXtLS0sHT5/2B3QwOLf/fvDLm24wt5hfPdd9/zzrs1vt8jCQdFREQuRMdOnuZr91/469ifcg+7+Ht7Fau+Ke9mKwAvW8VqzG3pZID55s57ZUYoi3VxK5uY29K5+2QZ5SXfmMHkuQndY9XuCMe+hugRwWOKuS2dR9vYvz+QNXvG8o254FeMWTHrD3o7sl8REQlv4DVjmfTQWCaFOG/YzzM49GIZ9buKeYneGa5OHppIzdHdnDr7XfsbR+Rx3hhxHfsOVDLk5nL+5qwk1Eekdv9zRyb/s43zRw26HLqgevXSAZcweWjiue9IxKRgVYLkj5/Dw3/+XcjzOhOqWr3c1HZ76vzxczq0P4fDwb2p/8bR5mY8Hg8ej7F40v1p0wC4/vqRbCwuxu02eqG9X1sLQNyPf8ytSUncPH48m/9zE1mPzOH48eOU/dfL/P3jj9n6WkVHb1qAr776igkTkxk4cCBnzpzx9X6NiYnhmmvCrpwhIiJyATvCsa/NqtMYOPZ+4LnH3q+g/BPzHVV0HG23rDtJzStl/L0FnHcMgX3G1HeAK8Ym+ELVaEvP03DGpGQQ834F5SUVHDPHFsSy/7bGFrbHqvXy5j6mtzMur4DjwiBuvGUIHNvFF8Rxz4MTieEINa/8xWwF0Bb/sRcRkS4y6HrSH82AXhyuThpyC0/zUud3MGoFf7v5Zq4E9h2ATempDDlaxM0fvAIfPMfTqeX84iLA2gogwsWr/rdJm3jyWm/7uG9497NXOj9Oi0gWyxaJlMPjTaJELP7H39bz4r5Xz+t1PjrqAX5/89wOX+7JJb/npeISAAYNuoS777qb/+f5QgaZ083/8Y/9/GvKvcTExJB+//3MeHA6SUmBn1B9/sUX/H7pct6oquI/N5Vw1513AnD4yBEm3G5U0C77/RLmPpoT8bimP/QwdXX1vt8vu+wy/q+CZ7g/La3Dt1FERKS3a/n2VE8PQUREpHc6/Q8qXiyj/suB3PjQ/07GjV1X4xZ92bm3b7vvjVw+PdnUBaPp/cZcGcf2ewt7ehjSS5w8eRKADz/8sMOXveUWI6BXsCohtdLK7HeWs+Nwxx9cnTFp6C1svGspUUR1+LLHjx/ns8ZGPB4PCQkJIVdOf+/997k1KanN/p0Af//7x9x4o79/aktLC6v/aLzopqbey+233RbxuP62ezf793+Gw+EgJmYwCePGcfXVV0d8eRERkb5EwaqIiEgbTn/Cjtpobru7aytWuyJY/a8Db/I//vYCJ3/4pgtG1HtdedHl/P7mefx8RGRrq0j/p2BVutXJH77h4b/8jr0nP+/W6xl95Y95+adPc+VFwSvEi4iISN+gYFVEROT864pgFeCubfO6fhGrXuZHl13LO1Nf6OlhSC/SFcFqx8sD5YJx5UWX8/JPn2bS0O7rPzJp6C0KVUVERERERER60JKb5xI98LKeHka3iR54GUs60XpQpD0KVqVNV150ORvvWsqjox7o8n0/OuoBNt61VKGqiIiIiIiISA+aOjyZ1OG3c+mA4NZ6fd2lAy4hdfjtTB2e3NNDkX5Iwaq0K4oofn/zXF7+16e5NebGc97frTE38vK/Ps3vb57bqZ6qIiIiIiIiIhe6KIejS/f37IQn+PHlQ7t0n73Bjy8fyrMTnujpYUg/pR6r0mH/6+BONv7jdd47toczrWcjuszAqAHcHjOO2dffz78Nv6ObRygiIiLn27enTtOqf1aKiEgv4nA46M+Rx0UDB3LJxRd16T4Pnz7OQ3/+937Tb/VHl13Lf//rMwwdNLinhyK9kBavkh518odvqDr0PjsOf4j7VDOHTx/n8KnjAAy9dDBDBw3GeWksk4beQsqw2zTlX0REpB/77vsf+OHMmZ4ehoiIiE+Uw9GvP/S7dNAlDIjq+lmgh08fJ/vtpXz+zWFOnf2uy/d/Plw64BJ+fPlQiu9erlBVwlKwKiIiIiK9QqvHw6nTp9G/LEVEpDcwZsn334rV7qhWtXui9lkqD75Hy5lvu/V6ulr0wMtIHX67pv9Lu7oiWB3YpSMSERERkQtSlMPBxRddxHff/9DTQxEREcHhiKK1tbWnh9EtBgwY0O2hKhg9V7cdrGHF39bz9Q/fcvKHb7r9Os/FlRddzhUXXcaSm+dqoSo5bxSsioiIiEiXuGjgQDwe+OHMmX5bISQiIr2bw+EgyuHgbD8NVc9HparV1OHJTB2ezH8deJM/7d3C598cBug1LQIuHXAJYCxQ9evRM/j5iHt6eERyoVErABERERHpUmfOnOWHs2fwtHrweDzoH5siItKdHBiBqiPKAR76Xaga5XAwYMAABg4c0C09VTviH19/wY4jH1J9uJ5PTh7g2Hcn"
[DEBUG] 2019-07-12 19:38:49,953 method:org.apache.http.impl.conn.Wire.wire(Wire.java:86)
http-outgoing-2 << "+O7sD5yvv/YOHFwy4CJiLrmKsVeOYPLQRCYNuYXrr7juvFy/9C/qsSoiIiIivVKrx0Pr2VZaPR5Vr4qISLfyVqlGDYgiymiuKiLSLvVYFREREZFeKcrhIGrggJ4ehoiIiIhIt+nZGnIRERERERERERGRPkjBqoiIiIiIiIiIiEgHKVgVERERERERERER6SAFqyIiIiIiIiIiIiIdpGBVREREREREREREpIMUrIqIiIiIiIiIiIh0kIJVERERERERERERkQ5SsCoiIiIiIiIiIiLSQQN7egAiIiIiIiISmsfj6ekhiEgv5nA4enoIIhc0BasiIiIiIiI9RMGpiJyL9l5DFLyKdC8FqyIiIiIiIueRwlQROV+8rzcKWEW6h4JV8Tl8+HBPD0FEREREpN9rK1hV6Coi56KtAFXhqt/QoUN7egjSTyhYFR+9sIiIiIiIdL1wYan39KbPv+DPf6mm7sO/sv+zRr788itaW1vP5xBFpA+LiorimmuuZuRP4km65V/4159OJu7H1wHhw1SFrCJdw+HRR6IiIiIiIiLdItTbLWug+uKGYiqr3jzfwxKRfi415R4enZPdZsCqcFUudCdPngTgww8/7PBlb7nlFgCiunREIiIiIiIiAgSHqh6Px3daecXr/Gr2XIWqItItKqve5Fez51Je8ToQ+PrjpTo7kXOnVgAiIiIiIiJdzBpY2H9+qaSUP60v6olhicgFpLW1lWf+8H/z1VcneCRrFg6HI2gxKy1uJXJuVLEqIiIiIiLShUKFqt5qsVdfcylUFZHz6k/ri3j1NVdA1aqqVUW6hoJVERERERGRLhI+VIWmps8pePaPPTU0EbmAFTz7R5qaPsfjIWS4qqBVpHMUrIqIiIiIiHSBtipVPR4PRS+V0Nra2lPDE5ELWGtrKy9uLAl4TQKFqyLnSsGqiIiIiIjIOQoVSFgDjKbPm6iseqsHRiYiYnjjzbdo+rzJV7WqcFXk3ClYFRERERER6UL+QBVfgPHnv7zd08MSEeHPf3kbj6c14PVJRDpPwaqIiIiIiMg5CF/t5TEDDA/1f/3b+R+YiIhN/V//Zn7w0wqEfu1S2CoSuYE9PQAREREREZH+xNoCwPv1WWNjTw9LRITPGhtDtgBwOBw9NSSRPk0VqyIiIiIiIp0UrsrL2sOwtdXDV1+d6InhiYgE+OqrE7S2eoJaloCqVkU6Q8GqiIiIiIhIF/EvCGMNLlppbW3t6aGJiNDa2uprUeJ9rfK+XolIxylYFRERERER6YRIqlWtK2+LiPQGG4tLba9R/vP0eiXSMQpWRUREREREukDoalWjFYCISG9RvKmUjSWbQr5mWSlkFWmfglUJrWENGdnzyMhewrbt5s8b6szT19AQdAE325ab2zdbTm5+nSez54W5jFcd6+2X840h+HJHti8hY/nrHAm5nxBjOM/aHV+I8xo2hD7dOHNNyNvUsOE83taw97s5jg113X+dvsek5as7rtc+jJC3z/t4t3yFu//6Ot9z2PrV1vM5EsZzYf257URERKTXsvYt9K++LSLSe7xUUsrG4k2+1ykR6ZyBPT0A6T22LZ/H+n2Bp0393Qqmsob1ALjZ9rIRMC3PnsfU373A3ARzw+Y6duwDRt1BUqz/8kfqdvIpMCZ7BgmE1rBhDdsAnljDdcULze0s17X8dZ5fej9DvBdIuoOpxVt4LPsAS33bAySRnu1kW7GbHXVupt7n7OSR6CYNO9k2ysmYfTupa76fqZbjlDAhCaqCTwdoqK2DUTMCjivUsavKyZhRvfC2Nqwh42ls900XGTUj8LHQE5pf58kntvBpykLKlib5Tj6yfQmPZe9k7rMrgu7Dvs8ZcLsaNsxjefaaCO9jN9uWL2FH8gqe6k2PUxERkS4UuiWAWgGISO+2sWQTOODR2dl4POBwGKd7PB4c3l/acGT7EiqGr2Bugvl+qNgdvFHKQsrmJPm2f+zgDN/vgPH+6nlYFPQ+L8z7iIY1ZLw8IvB9YcMaMp62FMOMSmIqdWyz5Rv28Yh0BQWr4jN16QtMNV+81u+zBCnNIxhDHZ/iNLYxX/gmDjNeNI3tzZ3s28Jj2VuAJJY+O4JS84X10+IlZBSb29jCsYQ5K5h7YAnr99VRut3NU/c5ObJ9jbHPEEHakNj7mVvshOw1lG5/nZHFW4xg1qKt6+spDbV1jElewawRSyi1h6EJdzCVNSFC0jp2VcGY7KTA8TfsZNuoO3j+4QM89nIdR+7r+dt3YXCz7XkzVLX9MR5y3wqWHpzH8udfJ6kXPN66U8KchUytWsOuBkjo8vRcRESkbwg1ZdZ7WnvTa0VEeouNxZtwOBxmuOoggjw1pCH3raDsvra2qKOi2A2sIaPKe1oSU1Pq+HQfZo5gmPq7F0g/aGYC+yzv7TGKi9hXF7R9WTE0bFjCFz9bwdRYN9uWu81Mo471y92kL72fIQ1ryKjt3O0TCUfBqnRc7P08tdT7i/cTKaf/RSvbqEDd9doWPgVLZav/PAj9iVZAIAqWoBbGZK/gqfvcrM9ew/7sFTxV/IKxzX33M9e2T2PbwOq4hg3zWF5FD31CZVSYTnrWyRCcfFpjD0OTmJgC2w66AeuncTvZhpO5SbbbUlvHmOQZDBlGyArYnuI7xhhVzd5Qm+1LeKzmDpYm72S59z5PWUjZHGdAMB/qfvM6ctANjOj+G9GW5jp27HMy97HQj5+En81gzBP++6NhwzyWE/h4O2IeC2vYH/hcSLJUghrPGX63EJ5eYzwWFjhZv9Ztq4ztwarQhjVkPB1mPOPvhS1v8Cn4/kEUUOnu+yDH+C34/g98zQg8NpZj+fABHvN9Qp3UPdXSIiIineBvCdADweqoRmru2E/jznuYFapqS0TEtOGl/xcHDh6d461cbSddDagQnce2CP4N3rBhDfuzFzK3ZifXLTW3bX6dJ1+7g7Jn3Tz5mpOnvO+bml/nyadh7rMr4Pkl/PPhF5ibYLw32J+8gueT1wS9pwrmZv0T88zZt7DNG8Sm3NH+ARHpAAWr4pORPc/yW+CLEABV1k+WwAhTF4bZWx2QBKNGkB7m1TXUJ1ptBaMANMPEbCfbipeQcbAPlfB7K0xjYUjSHYwp3kJFw/2WgMlsB/D0ThrmJPn+ILXVBmDSs06ITWLSqC2sf62Oqb3gWCTMeYGyCcGtAI4A7NtCafIKyoqd5nR64/E09XcvUJaA+cd5DduS2phKP8LZs5Wghw7w6ag7WBRufOb98c9DQIRBd8OGeSw/MIPni41/FBzZvoTHbO0vtj29k6XFL5gfINTxz7W26mYz8J302HkKVZvd7MfJpGFAbIhqa994fsnUh34aNvTd9vQa5j77AmWx3ue+5f43Wy6QvYIy83JGuwVbC4J9W3isdiFlxQvxBrHLN9T1ndcGERHpd6xhqpGnBq64LSLSGxW9VAIOB3PnZLe/ccJCs0J0HrsmvBDwvjak5tcpZSFP3ZcE98H6DXUk/MzNk09sYeTvXoBYeGrCGp7c7jTeM3jf5z6xxLj80/P8xRbFS3gMALMIK+wMVacqVuW8ULAqPmXFL0CoVgDeqrGQL1juoGn4hiQmzlnIxA3zWL09yXhxbHaz/1wHGesk4b4VlA03Qrj1kbyImxLmvEDZnHMdQGcY/WLHJM8wjp33j0RtHXMTLOGP2Q7AP73azRcHYOrDgcf8yPYtvpAWnCQlO1lfHBjIdo86owo1lJRILp/ELG+wFns/s1K2sPzADH/wbt7+cKHkkYPuwHC/B1o8RFo1u/+gGxIiCDmbX6e0ysncZ/23Y8h9M5havCWgCjmwR7HRS/gxS9XzkbqdfJoyg6fOS9Wyvx2CcX2dH8+Y7IW+22jcbv/93/DaFj4dNYPnLWHskPsWMrdmia9liCGJpb4Q1eyzXOPmCPTrdgwiItLbBfZZ9f/eDRynKJz6T75/fxS/tS5qevhatr9/FQcPB24+PPYYhbed4eVtQ9kU8bC+p/DBt5kQHeq8a6ndOp7cY+avoxqpSbiUwleGssk8KT/lTdLb/aeRbT9A5m27yWEsqe9f3M4YRlJREs9KAE5QmvUB8RHdLuvlRKRoYzEOB8yd80gEW9fxxQEn"
[DEBUG] 2019-07-12 19:38:49,953 method:org.apache.http.impl.conn.Wire.wire(Wire.java:86)
http-outgoing-2 << "+w8sIaPWydSqujDZgFFM85TvvbiTHx1YQsYTTrMidR4ZtQspm7OQpwLe0EYyE80ITX3rYABUzWN9ygzmqmJVOuCWW27p9GUVrEoY/hehMdkzGGk9K2Rz6RAVrg1rzGnhS1g//AXmDrPtw/vCF0JQSwAgYAEd8xMyCJx+HurybU0vPy/Mhb1GPuwdQ7gw1GgHsNwbuDbXsWNfErMC/pK4qatxB1Rueitgu7/fZeg/bMZ09wiMGhEcdHWgAjUwGDc+AHhsOb2if67dyOERPt4OHeBT3Hxqf+4AUy0Bs31/xn3ubTlgPCamPtydFZq257etnUZnxxP+OBkfKoxJtvUWxsl1I+BTa8uMUI8rERGRXqY7K1YnDPuSGwY3ET3lYn67JY4/nDHP+Ppyln5yeeDGA7/m/5zyV4ZfPJQpw65lkzsqwmu5mNxX7glx+glKs5oi2kPbLQki3U9w+Gpc9kvL71cxqyTUWEUkEi9uKMYBzM2ZDYRfyOrI9p38cwQwfIYxvd83w87NtuVb/NP9fSxtvkb5Z+yx9AWu2zCPjGws7zOcTF26kCPbl5ARakEs/NvONdsUPlV8v63H6k5VrMp5oWBVfJ7MnmcJOq0Vq2621WyBfQc4Qh0VZiBqVKLat7e8WCYs5PlsY2r/tqfXMPFZs9JvhJMhsUk8VXx/4AACwta2P53yTZ9een9A4NZuK4HzxRIYHqnbyafAp9bpCwC4bZV3ge0AhphVfwHHwAxp2WdvywCfvvw66Qm9L2TsHk6mPjaDHU+cn/6yY8wAMDBADLGhdwr8sBDnhdWJnqBm1fOOOjdTh29h/b4klnZrqO609VDt6fGIiIj0HuH6p/pbAkB3VqzWuoezdNcAHv56qBGqOs6Q+y9f8MDoL7kYgEs5uPfHFP31crafuYL/eOtWcgddwX9EHKp2jfg73qSmzUKxa/EV3MYcpnLaHozi1KPUjIXGnXfTzFEmTHuTmqDLjmR3Vw9Y5AK2fkMx4GBuTrjK1ToqDt5B+vAtVAxPYurSJEsBlqVP6hMHmFW8kATzvf7I371A2TDjZ+viU+BdsGoJGdlbAt57BK7RgH/fr7V1C5xMXboi+OSEhUYbOpEupGBVfJ4KaAVgPceoEmNfHcuzjQbV/he3MJ8embxTd//58AyGHKprY0tzejEwNSWJbVV1bfRJrGNXFUDvWbTJ6shBty+I81aYhl1My76Ila8dgJsfhaj6O1K305geba/SbFhDxtO983j0bUbl5MgJ3hYGbfe09U5f9/ZgHTLcCbZp6UY7AdOwEYyhM9XGTqY+nMT6l+vYNqKOMdkrenixpq4eT4jKVMBfydqDH5qIiIi0IXTG2v0NVt/dN5R3AS49QenPdhN/yfeWc78kPuEgy0ePZMJr8axsvor/6NS1hJtibwlE2xBZxarxvXnreFJLhga3AkiIpGJVRLrC+g0vAYQOV5vd/GjC/XDQH442vLaFkQ+/wBBvRhB7P7NS5pnFRPdbCqvuDy6y8koIXodlW1CBkl8G4dZdsS+Ca2kF0AMt5aR/U7AqERky3IkRopqVa4fW8OT2GZaK1XCcTF36gvFj2H9x+cPcMdkrmHufk/ThxkI2IV8oG3YaL5ApMzoUIvpaBqR046JXZs/MSc+awU/DFqNfbYhFhRImJEGVPQw1+1W+vIYxQW0A6qgodjMm2z49Gl8gG7CAUI9y80UzJHRhyHuk2c2QWH9gHdjns5s02KsvvZWywY9N4/Fl65c63An7LPextz3GKHMDb6/Zp9cw0Ve1apmq0tbYEu5g6tNrzH7IveA+b2c8wSFpO7v72QzGPLGGJ4f7P5Q4sn2NcX8s7QW3V0REJCLnc9WqM/whxR6qWlyyn/SUK9j9WgwVndl9zGlig3qSRt4KIPaa78GsoQ12FbNKxhv9WVuGUBEQnH5JadYRmreOhfYqVkc1UnNHx1d1aDv0FblwecPVeY/ODjwj1nh/c+Sg+Xvz65QemMEi25omCT+bAU9soeE+473Oke1LqBi+wijSsrUYPLJ9CatZGFSQFLJi1bzO4KpVs4VZykLKLIv/RvT+SqSTFKxKO+wVrE6ui4WG1+r4tMrNtqSFvu2CeqzaHTrAp2Cp5vRP3bdPNR5iWaAqoyrwvIZas2p2Qi9a9bthDRlP+6t5A8Y6agZJocI/Mwy1Vz96e6YGtQFo2Mk2nMxNChUqGf1ZtxX7/2j1mIQZzB21xHg8mJ8Gdom6NYH9dboxILc/LgOOZ+z9PFWcxLblS4w+QAGM54dPwkKWpsxjufe5MWoGS7PdLLe8G0iYs4K5B5ZYFgYzWgO0/0ffvM/p2AcM3SfceMxq1qeN9hVh/2FkF3s/Tz0LTz5h6bds7cUkIiLSi3VnT9WwRhzkzqvDhKpeV+/n5yNiqDjQ8d1njjxCtDvOttCTGYi2Y+WBkaTf8TY1Y9u/nsad9xiLXsUcJmfsUaK5grdKxhvXG7LPq8W+eJL3hV62Kj/lTaacvNusfhWRrmMUvRjVqjZm1ap3ht6Q+1YwccMStg1bwdTY+5k1Yh4VDfeTfjB0qBox7/txvV+QHuDwhGsKJBecbcvn+QPUUTN4/uEDPPZ0Hb5EtUOXAAAgAElEQVQekLYFp4zp7ZjBq73HqnkZS+BoCN5Xe0FLYMi1EJ5fYlStFS+EEAtXhRJxmCNyDvwLqbXTk7RLGM81es1ju7eNR0REpHt530ZZv7e2ttLa6v1+lrNnja8zZ87ywMO/6NLr/+3d9TzgBFri+OPWGEjaQ95Nh9u9XMtHd5NaB3+YtocJ0YB7FD99+4p2L5ef8ibpITMP2/T8UY3UJFxK4StDjYC0Xd9T+ODbxDZYqkZjDlM57RQff/I1NzCW1PdPhWlDEH4cmbftJvfKOJKrrvKN3xusBrYYEJFw5s55hLk5j4RcvApsFaj2xalsi10HtxwMx78GhT8LCCNMsU2oBa6tlA+I18mTJ895HwpWRUT6oCPbl/BYzR29pj9QbxuPiIhId7MHq62tHjweb7B6ltbW1m4NVn1BZ8s4Cl8ZCrftJnfs0XYv1/LJ3aS+D4UPvm0Gq7f6wseO8/dEDRmsnuPU/PAB6PcUPvgJ7LD3Ww0/rsCKVaNfLGoBIBKWN1QFwgarIn1dVwSragUgItKX+KrAk1jaG6a59LbxiIiIXCBWVt0TOC3/yFURBKtXcPCIEVLmtjetPmJX4A4ZbtLm1Hy/EBWrIRmLVO329Xi19Vu1BMT5KR8Q+8ndzAo3Lq5i1s6R1NzRSP6+eFt7AxGZOyc79KJVIhJEwaqISF+SsJCy4vY3O29623hEREQuVAeupWHCPhIubWObljj+Vyf6q4YVc5pIOx9l3rab3LFX2Ba/6oBRXxLP1zTHAMcgqAWB5XrSuZXk9qb574un8Jrd5KacYGWnK3ZF+p9H52Tz6ByFqiKRiurpAYiIiIiIiMi5upSlfxnPsXCN3r6/jnffjrTvaWQyRx4huuVSGiPYdtP740neCelZuymM6eg1naD0jv007owjdtqbVN52Kux26WOvoCLCoHTT+2OpvaKpE+MR6Z9yHsnm0dlBK/SKSBtUsSoiIiIiItIPHGy+ll+X/wt/evCvBGaF1/Fn1xj+o+UcryCoZ+q11G7tQFi7L55kc7p/4GJYI6mwtgGIOUzltD1EA407x1L4oDG1P3XfxbDvHuOy0YC1FYBZwTqrxB+qZgb0nR1JRZW9ivVicl8ZH+noRfq1nEeyyJmd1dPDEOlztHiViIiIiIhIB/X04lXhGQszBXY2Hdn5Kfgi0u/Nzs7k0dnZOBxRREU5cDgcAQtWafEq6a+6YvEqtQIQEREREREREbkAPZI1iznZv+rpYYj0WQpWRUREREREREQuMNmZv+SRX83q6WGI9GnqsSoiIiIiItJvXM6f309keMBpF7O7h0YjIr3Tr345k6zM89WiRKT/UrAqIiIiIiLSbwxk3SfX9PQgRKQXmzUzg1/NmtnTwxDpF9QKQERERERERETkAjHrFz/v6SGI9BsKVkVEREREREREREQ6SMGqiIiIiIiIiIiISAcpWBURERERERERERHpIAWrIiIiIiIiIiIiIh2kYFVERERERERE"
[DEBUG] 2019-07-12 19:38:49,954 method:org.apache.http.impl.conn.Wire.wire(Wire.java:86)
http-outgoing-2 << "RESkgxSsioiIiIiIiPR5GRS6yimcaTt5ZgGVrgIyu/y6isjv0n2KiPQ9A3t6ACIiIiIiItIZeZS6hlGRlscm8iitnka8fZOmrSRnFZC5upzcxOh299hSv5bURWXtX2d1DLlpUDE5h5UhtsovqWJ8QwqzVrWxq8VFVDpdpLrTqEmLsw469H4XF1GTsIfkrIK2T2tr3Gl5bGpnS8AIIx+P4a0wtw9o95gGH8sMCl1puNOs+8yg0JUFG6aTuznE/mN2BNy2UKf5lZG7YSKVj5dTiLk/y+0Iut2RHs+ZBVQ+nkjIW1pdRbrtpEZXO/d7GPklVaTHtbWF/3HRscczFLoWMKH9zQOuI+xjYGYBlXOgyPdYyqDQtYAb9tru78VF1Ew+RmGkjzkg0ueXiPQeClZFRERERET6lMAQNbe6ipz6eppb6gNDnMVF1CQYP25aND0w3JlZQOUDh0gNG0iGCWq915lmfE+vLsf53HRq7ionhxJfsLSyoYmahDwgglBwVQ4VCUYQW+EsJycGpvgCO3/QlZ8wmNpXAy8b6rSOywgbvKXbg0PbMQ4bRC8uotJpO23mRG44vodcsBz/A2HGlEd6YjQwjZrqaeZ11dNsOw1aqH1uOrmbA++vCY9XUfO4/XZ4tzVOi/h4bs4j1Rb6hg6Jz1Xg+EJdn1fQ45k8SqvHsTtMEJmbFhh4VjpdpC4qI3N14OM2wOY8UimgsrqK8d6wOGRQXUZumrGvmpIR/sf3qhwKneXkluSxKeh51rHnV+hjIiK9wcBjX57A4/HQ2tqKx+MJ+MLjwQP+7yIiIiIiImK8X7L87P1qbW31fZ0920pr61nOnj3bxddewKzJBbaKOCOoya2uMoI7r6Y9xvfFRbaqUIM/oDMEBIX2oBYIW/m5eTrxJVWULi4zAqhVe2isHkc+GEHX4iJyR++lMK2AwCBzATWuidQeh/g0Y+wt9SWkZpXhD9Ms23sDw6atJGfB+Lho4q0holmhG+72Bh4fa5AXpkrWyqxUtIpOXEBN9YKQm7fUB/6e/0AizQ0pAGTeNZrmhjwgI+Rl80umgSuFZLwhoFF1GetKIXl/AZWPj+Zje+AWcH/Zg0azMtb3cwePJ2EqSq3Bc8jHS3cIH4THhwvCgx4P1vvN/7Ov2ta2fXRaFTX+XNcXuFufL0bYm0Ghq8o2NmsQbnmcdeT51cXch48wYMAABgwYQFRUFAMGDMDhcBAVFYXD4fB9Ab7vIn2JA8Dh8H+3fXkf6xcNOPfH90CHAzwe88liCVAdDvDgwOHx4PEOBkARq4iIiIiISEgOh+0L6J5YIoPCyXEQHUdudRHxk/cEBzWWilVW5ZC8ynJ6RFOUY0h3VZFrDYma6qklhniMCtR093TftO+VWWuNHp/7p5O7uYDdTVWMXwxgvz6jws9aOZhfUkWjy6xYZSKlrolUpB0ilmPUAE5rIGXerszVk4zw0Xu7ZhZQ+YB/qIHVpMGBVX5JOfaiUm+g1hhQoZhIdNNWkl8NPkKRV6zmMT6uheZXATJIHh1NfKIlrPOFmU1UPHeMKWylyFlA/qIcilaXU1Nt3glpVdSYF5nweBWVd1muPzoxKFgPDBpbqPX93PHjGRhE2ytWjeN7/tiD8FAVq4Fj8t1XYSpWM1eX+4+V9fkCtFmhG9AyoCygOtb+HAnUsedXV3JYvxyW77Yv8H8X6RscgT85HAGPYeOx7v3QoGuucSA4cDg8eDz401y8YasRowaEqh49q0REREREREJxBPwPy09dbHEaE4430cgxKqpjyFk9jOYQwRpNe8L0yIwL3tbU6Eph1v5hxHKMorTg3pz5JeU4Z+YxfvReKhZZzwkMlVZmpZg/2UKqgPEsoKY6jcYm6352UbE3i5ySGDi+h01ActAox5EedP1tWDyOeHNfwcqo2ZtFbnUV6U1bSZ6cY4SN1YOpfW46qZMxfn88jpb6tQH7iLRiNXP1JOKBZjDvu60k+6p3g3usrtwMmTMLGG9OBU8OdTvt4W3EFauhtH08M1eXkx4XbQmATQHBbVPYqe1dyx/Me6tKW+rraQacq8upMXuvNrpSmGWpMg28r8JUrLo7MZzNeaRuzqO0upzCSKftz+zM86vrOCL8n3dbkT7D4fuP8aul8tph+cTAYdvuXJgVq47Ik1o9p0RERERE5ELnsf1sfgXEEh6HUZjS5cUpGRROHkzthh3EzhkGq3JIJY9SV5iKVWuPzMUFFO7PCxH+2Co6F8cQfXxP0BTqRlcKsxqOU/P4NBpdKcb0/2/qib0xzOJGITS6Uoyw0nKd8SVVpPtaAcCmRTtIr54GrhyM6fJxgf1Om7Yya8MwKl0F0G7lrb+6t8Y1LGSlrrVnZ35JFemD6ymc7CLZVUXpyBRmBVUwhurzGU4e6YnHaWwabOw/gr6wvkrKyYcorbaFmeHaFnSoYrVjxzP4ttorOAN7oJ4XIe6TSLZtewEwaLP/adBiXd4qXrM9R6RGduD51d4icJ0R5fB9OSzfHVGB06VBrQCkLwofrPof2x3IQdsxMNzOHPirVT0Bp4qIiIiIiFzoQiergVNpPeZXF7+PmjmR2L0lzNo8glJrz89wFas+eZSmJRKPPagzWUos8xPiaGzIAYp8U6i9U6XzE+KAFpr3Z+Cc3MTurLwOL2BkBId7zSrbIhqbsLQCADhAcwvE+m9I0NR13+JCbYarRkgWW7+WZHMaeE11OcnPTcdenOhdab7RMh1+U5rRpqCm2joNvu2FhwK1UPv2XppdObgTjNYDK7Omd+BI2W57WwFmhypWO3A8Q1Y8m+xBo3Whpw6LDlp0K1ATFd7xhuifG07jF03EX2ffflpQf2Hf9q6U4JB0cRE1aYPbWVzLqDx2P2DrRWtp+eB9LnXo+dUdrQACQqYoy3f1WJX+o70+q/bEs7MGhn2S+Juv4sCD+X8REREREREJw/7GzRpQdJnNecwywx3fVOfF44i3LDQUSn7JJGJbWqjdECocsvSjnFnAFLaSugpYbJtCnVhl9OF8tYDKxxcYvUcD9mOb2m4u+FQUIvhsdh+C0UYYGF9SxfiEInLjooE0ClcPZgIttCTkAQfaPBapI4uoXJ3Bpnds58WkUVkdR7MrxbgtYFQu7i+gck4BHMd3e63BYbxtoSKDN/QzAtbg6sTQU/qt8ku824VYeMkSKDa6UowA0cdWXeoNGAMUBEx7DxbYpiGsUMfTWvHsE7piNWQP0oi1tBNcmjcwVKWqpW9qeKHvo/ySKqYcC9MrFzA+kBhM7XMl8EABmZtDhPgzJ3IDeynaDJs2p/iOQcg+qef0/Ooa4V6nQr1uKViVvsYR+J+wVavG6d0UrFoXtDJWu3R4/y8iIiIiInLBM94n+X/2ftm3CXV6V/BNFX9nIpUPHCI1K4fC1eVUrj7gO+0tpjHenEacX1LF+Ia1fDx5QfiqQG/FqjVI84ZYZpVgS/1aMyQKF7Yt4Ia9a/3neasgzSpRb6AVHxNN/OhJtLAXFhcZFX5NeyisH0zO6MFMiNlBcloB+SXlFM5sI1g1x5gKsDiNaA75Tz/mIjUrRFhm3j7f4lXe29tGOGccv5SggCwwNA6uuGwMqt60B5yhw77M1dbLtFOx2kYFZ3zQ1HVodK01er2GE+J4eqt5g7Qb+JoCFngKzajkNaqBCVg8zLhcwHELWUVr73drC2oXTyT2OMSb91FL/VY+Hj3N6HcbNlTNoNBljMfYz8SQFdKZd42GvSWRtYbo9POr60RFRYX9UrAq/UngQlUhgtUu+PMcFKz6e656fOEqYCStqGpVREREREQknPNSsUoGyaPh4w1lwETfqb4+mIvT4NguVi5KIb+kitJ19XDMCGwKJ4erCrSt6r64iJqEPSQ3jDO+ZwX2qMxhBx+PnmQJBP1T7oOCSd/iPt5+pXmMj2uitn4wExJjiA+oQCwICKeMsC2Dwjn2nqDWFgfmuJyDaTnWTgjbjrYWo2pssP6WR6kZ7KUvhk2roO2Ky3PRTsVqyF6j9lYAVkbP2Y4cz3PusToyhuimPW1Ws+aXVJEe10TFZH/Fp/WxU2PvLeut0LYE4tYKUV9w7rUqj1m+YzON+MRpTACInmZ8IGF73BphMtQ+"
[DEBUG] 2019-07-12 19:38:49,954 method:org.apache.http.impl.conn.Wire.wire(Wire.java:86)
http-outgoing-2 << "l+KrEPd/UFBFjuWxHh8DH78aQUWwV4efX11LFavSX/kerZbHrT9U9X7vxmDVG6p6u6sav3sCBqWnlIiIiIiIXOh6tGJ15kRuOL7DrGg7RPPj9n6RLdQ+Z4Q8K7NSLKdn0GYfS2/F6swCKicfozCtAGYW0JIWav8F5C46QKGrnEJKYI5R1Zcath9kAbMmQ2l1Efn7j0G9i9xFZcZ1haiqtDIqLEP0BMVeSem/3WEFVDo2UWELrVpCBcOYFau2fTS7UkhelUGhy9I6IOjYnmvYGmJRpMVF1JjHrNHVgTAvQCePp/X4tdRT6Duj7VYDmc7BNDaEaVNhPZ5ZoTYwj8FMo/LZ+dz0wD7Cds4CKqsTifYt1mVvv2CEt7Os41tdTk31AqPCeL8xHurXkjw5fMWzcZksap/bQezgvVRsDlPZmxjYWqLx7/XE/rgjz6+uD1dVsSoXisDMMzhc7Yq/zo6vvznlsf6x9/3R93hUnSoiIiIiIhJCuGC1tbXV+DrbytnWs5w9e5azZ86SNefRHhytiIhfyYYXGTBwAAMGGF8KVqU/8y5eZXwL7Lfaeub7c96/r2LVV6dq9lf1rZylgFVERERERCQivkCiW1sBiIh0XodaAWjBHemjrIGq/0eH7/Su+ts80Nifw5qo4sASpnoDVhEREREREQGsM/3A4zArVls9EGU53xOFx+GhNaq15wYqImLjiHIQ5TCrVB1ttwIAVa1K3xeqarWrWHqsevB9DOFw4FClqoiIiIiISJs8eLz1L3gcRpmKtWq1K6tiRES6grWq3l5dr2BV+ptwlatdxResejwB16NwVUREREREpF3epmrgcHgXAfZ+ebNVhRIi0nv4Xp9w+F6jwgerDvQSJn2VPVT1nd6FD+qBYXfq8eBRGwAREREREZE2+Gf+WXsShqv8EhHpaR3pserdXqSvCheudpWB1ieIdWVL9VYVERERERGJnH21YQWr0nMyKHSl4U7LYWVPD0V6nXCL7ClYlQtBl/dY7c6di4iIiIiIXCh876d6IFjNL6lifEMKs1a1sdHiIiqdLlLdadSkxVnOaKJicogAbnERNQl7SM4qaPs0U+bqctLd05m1yvg5NzE6eAxNW32XzVxdTm7MjsB9zSygcg4UpeWxKcRN8O3Xsp/IZFDoyoIN08nd3IGLRSi/pIr0OAg8lnmUuoZRsQFyHk8kxNEIoYXa58wxRnr8ZxZQGW7/1VWk205qdKUwa1WY4+F9jCwqC7GzEJeZWUDlA4dIbe++WFxEzeRjFIa5XyHw8eO/vgXcsHdtmPEA5FFaPY14Wqh9rgTmpOHecIwpjyfS7LI/HzIoLJlITdYh0l3DqGhjLMG3ewETQhzglvq2xtZ7BbYrUbAqci4GOhyOwEpVERERERER6dUyV5eTQ4kv1FnZ0ERNQh5QELBNUHAJsCqHigQjiK1wlpMTA1N8AZw/GMxPGEztq4GXDXVaKJsWTW8ntMojPTEamEZN9TTztCYam+KIjobc6ipyzVMbXVshbRrxAC31FE42A7HFRbaA2Dw/ZGA2gtjo4+zuolDVH6R6x5hCclaYjTfnkWq7Xvv9F/I6Ij3+IfbfoYrVoOO4gJrqBebP1qC4jNzqNGrmFJC5OfAYZ64uJ3f03vDB6SoXtZMXkL4YNoUM//NIH72XikXWfWYx4XgTjYlZFM4sswTA1qCziYrJKczynj7HfzzyS6qoXG0JPmdO5Ia4GNzkMau6iMrVGWyyf8jQtJXkrAOW/ZuBrS/wNsPytDxYXU5Oe8dWRHqtrvrAYGCbO9PiVSIiIiIiIr3OpkXTiS+ponRxmVGVt2oPjdXjyAcjBFtcZAZdBQQGUQuocU2k9jjEpxnhZUt9CalZZXjDuIDtH6+i5nHMwAnGx0UT7z0N8/SGcf5wKrGKmrQwFbAW+SXTiK3fSu3ocf7wb2YBlQ/sIfm5YcFVkKsK8FaAWgVUDJrVriHNHEZsREc2MiuzUszbZwaYAWFhHqXV49g9eU8n997B428eJ3vYCwRWrIYInW+YU0R+Wg7J3vGHqlgNqoiNM4LvlnoKNxinbFo0nU2LzbDynYnhK2jTqqhJs55gBJY1d02C6umwupxKSkh1p5GbeNx4HM0soPLxIvI3WwLeNOvjNTT/fWTIvGs0za7pxmmrXHxcMpHMRYG3vSbBu7XxGKakHGfYaxCR3q67+6uCrRVA8AjUZ1VERERERCQS/h6rwdNru8PKrLUUusop3D+d3M0F7G6qYvxiAPu0azOIsoRm+SVVNLrMilUmUuqaSEXaIWI5Rg3gtFYqmoFT5upJ4ErxB1EzC6h8AFhlhFMRtSMwLzeFraQuMsPSkjx4dRiV5vRtNkPqSCOk67Jp1iNjiGYwzpnAuVathqqUtQSYLfX1NJ/jVdCR4+9jaSMQVLFqDaXzKK2eRGxLNM3Hj5PuKmdKdLQlCLVUrJphbHBFrFml+rhxKX/VcRr5i3JCbh9eHqUP7GDWojxKS3aQ2pBGTRr+2785j1QKqKyuYrwrhVnYjr+93YHtd6P1QR7pidD8Du22m7gQaPEqka7TdrAqIiIiIiIivZS3cs+wMivF/MlShQe2isMF1FSn0dhk3c8uKvZmkVMSA8f3sAlIDrqucUFTtQPl4RzcQuzkcmoSjtMYF2dM3Q+h0ZVCqm/a/AGaBy+g5vEWap9bC3OqqEnYSnJWDqneTWxBptEmoIkKV7ixBMtPiKOlpYUb7sqAzecY1ppBstETtITmyWZfT1+VbR6l1THt72d0FjXVae1W9xraPv6Zq8tJj4v2V7h6BYSMTf77pOU4zUDzqznMiqDHaqieuY2uFJLdRVQ6j9GcGMPucH16A0J+I9Rtfs7fpzVz9STi46KpqW6iYrKLQtc4ausHk24PTFtaIK2cwuemkzwZQrU7yC8px/lqcB/dzNWTiIcuCLxFRAIpWBUREREREelL2lqsKIRGVwqpk8G3mFJaHvElVaT7WgHApkU7SK+eBq4cIAOICwy2mrYya8MwKl0FEKLSL3P1OGKPA8d2GNP7rX0vQ/b69C46RGDf1M1GNW1N9TT/NHdLkBnQx3NxEVMiOgJ5jI9r4q3JexhfnUY+ZREEmW2wHP9Gt+X0OKNfbKNra0S7iT6+g+TqcdR4KzEDKn07dvyDe9raj7tl2vzMYcQeP8bHgwcDoUJTa49V4/FTQWDbhfySKsa3c/t8rQma9ljGdoDmlmlMeLyKmgeM+9doI1BA4f48Y6xpHQm+LcepaSuFx2D8SPy3K2YHyVmQnmjksp0XbYzZDK1zq6sA47kjIhc2BasiIiIiIiJ9ScjFitpmLJa0l+boRHKri2hswtIKAIzAC0sf0uCp6L4p2UHhXh7pMXuoODaJdHcBuYuwTLfeZWwys4DKx2N4y9cz05j2n7zf+Nm6WBX4x1ZTPcmY3k4BOTHHaTTHHx9Rlaf3tk8ivmkHsyggs76cnNUZrDyXFgPm8c9cXR5YUenrd5pHafjWnz4txw7AqgKSV+VRWu2t1PX2le3A8W8raA8xTX68K4XUrAwKXaMB2PTOXnJGB0+N9y6wNWsVZK6G6ERb4NpgVAI3N+yBRGuFrtEj9oa9a0nOMoLy0sUF5n6ymHB8K8lpBebiUgdIfWcilWmJRFNlVi6XwBxvT+CAI+Z7LPhvr62f7+Jx5DgzyC9ZQPrgeqPH8MwCqN/Bx6MntX+nhGVts2A9PiJyoVOwKhH56sRJPjvQxEH3YY5/eYJTp0/j8fTtpc0cDgeXDhrE4GuuYrhzKD8ZEcfVV13Z08MSEREREemADApdWbDBDH3a6B/Z7D4Eo42emfElVYxPKCI3LhpIo3D1YCbQQktCHnAg/NVtzvP1P930jnnazGE0N+SB0x9c5T+QSHN1CpvIMNoKbM7jrQeqmLI6g5WLrMFwWyGxtwozg0JXDG+l7WG86xiFGyDHVUBjdQSHZ2YBOYnHqZhsBJZGZa59lfkOsrQmaHSPIDYa3JsP0fy4UbHa8R6rBcyaXBAQQIYV6viHDNpDV6wGVw6booPDbfBXZG5yHyeHEorIIj3mODTkMGtVHqXVTezOgvEBQbK9RcVWSqvLKWQvN1juC//iUmW2"
[DEBUG] 2019-07-12 19:38:49,955 method:org.apache.http.impl.conn.Wire.wire(Wire.java:86)
http-outgoing-2 << "8WdQOMe+AJr5OA+4vSEWr9p/DNIWkN5khLfe7WdtzqDQ1ZFg1aiEhRZqw2wRXCUsIhciBavSpq9OnOSDD3ezb39jTw+ly3k8Hr49dYpvT53ii4OHeO+DvzJqZDy33jJeAauIiIiI9AH+ykBfMOVb6KecZEuFXXxMNPGjJ9HCXlhc5JuiXVg/mJzRg5kQs8OsIiyncGYbwSrAKrP/6eI0ojkEm/PIxahqBIzFqQbXU2QLCFe+Ws+Ux/1T8Y0epdONINEWCHurJVMXlcHMicTudZHLCEq9t3EzsLionYrBPErNylh/QFfALNc4agJWmQ/BWmEb4vYbPWz97QziS/aQPNnb4zbCHqs2/h657bAff0L3QAWCeqxWhNunuUhVcMUqxrGYfIyitDJYnQUNOexOqKK0pIn4pj3MAuN+wXaf+hRQUT+J3LREGgPuCyvjsTwhGlrqt/Jx+0chiP8YtFD7akEb44mEEexSUo6zja0iXrCtl/nm228ZMGCA7ysqKsr3ZV+8qq8uXOUAHFFRDBgwgIEDBzIgKqqnhyT9lIJVCevvn+5jx7vv9fnK1I7Yt7+Rf3x2gEl33s6NY0b19HBERERERMIwQr1YS99Ln815pG42ppeXjjRWRB8f10Rt/WAmJMYQv8q6uFVBQJi2Mms6RsWgvcfnnqARZDoHG9PZA2RQOMdbrWpjVq2OXwysMir+4kvKKZw5nVzzvPTFgNMSqpqXMxZYygsag316uq/E0pweT/1aUu2h16ockimiproc53PBCx0BMDKG6KY94YNXs2q1pX6r0VO2YRw11eXmdPECZk02xxDu8u3q2PHvUI/VUNqqWLVUxGaapxtVqJOofc5ofeAVHwPN7/gv7++zupVksyq3pto2rX5xETVpg6l9LoVkXyXqtODFq8JVj1ru6+TJZcb+5hSQuXkXyaMDxxMZS8Vt1nTjdjyQFSJgzcA5uIXm/R3dv5wPHsDT2kprays//PADF110EZdcfHFPD0v6IQWrElL93xp474O/9vQweoTH46H6nV2cPn2axJsTeno4IiIiIiI2RvCEKyU4NPQxwr3S6iLy9x+Dehe5i8qMECoosArU6FpLc6gen9grI1uofc7eq9QbStkWpzLPNaoy/dWJQOBK9nHecM8bmNqnhAeyLqjkrXrF0sM1bCXhqhyzv6s3fA48O9M5mMaGgtCXnVlApRkE5m7OoNA1zqxizTOO9+Y9jPfe9qatnZwu3snjb+23aneilFAAACAASURBVDnu9un5QdqqWLXtt9EN+SXG488IR40FqYyp801UUEBltbmtK4XkLP8+jen/GRS6vPe5cTuTg+6nNloBWB8/LfUU2lshrMqh0FlObnWieX74m21/LDa6QtdANx6DdOvj1HrcOttSQs6rH374AU9rK4MGDerpoUg/4zj9/ZkLpxxRIvL3T/dR/c6unh5GrzD5romqXBURERGRIN5ZXdbvra2teDwezp49S2trK2fPnvV9/fwXmW3tTuQ8s/TmxdqGwRo0Bi/YJP3DxqIX+n0rgHBUuSpW35365pz3oWBVAnx14iSbt7x2QU3/b4vD4WDmjJ+p56qIiIiIBFCwKiJ91YUcrAJceuml6rkqQNcEq3okSYAPPtytUNXC4/HwwYe7e3oYHfJR8XyWv+Hu6WGIiIiIiIiI9Dpnzpzp6SFIP6Ieq+Lz1YmT7Nvf2LEL/XQ686/Yy7rXPjJPuJOsOdF8tGE7dUEb38RDcyZw2WcvUfKXO8n69SgGh9jldwdrWffaR6TMfIRxV7c/BO/23vH8ZuhR/rj5Xf8G4+9jfvKl7PtTOVUdu3WAsaDVrbeM75mq1WYXy/+9nL1hN0gk/8UF3GQ55aZp02FdPUfvdXJtyP29x53PLCP18Fqy/lDf/hiun86zT6aZ+6pn46O7uC3gOt1UPrWMgw+uY/a4yG9ar9DsYvlWJ0uzEy0n1rPx0XKGP7OM1NjQF/uoeD4r34LRmctYyDpczvkMf2UZG+MWUOLd154L/Pg2u9j4YSKz7w21jqpxmzb+A8DJ7GeWkRpbz8ZH1wYs8JCaOZ3GTSEe/wHHTEREREREJHJnz57t6SFIP6JgVXw+O9DUzdfwEf+9AR6a80seOv6flPzp3aAtkn72S26z/H78k5co+Usbu/zpdOZf4f3lJh76yVVw8VX85tfevqgnOP7VVVwCjPv1I3hzqXb3a/PZgaaeW8hqiiWsC+Cm8qly32/esM/riUfL4frp5E98j5WbzArW66fz7IvLjEDqcFv79qpn41P+6tejb5RTiZvKR+f7TkudkkjlP4A/zPeHYu3utzdwU7munL3/gCzfcXOSOgUqccO/z2ejeao3QH3CPI6pv11HSbZx3tE3zMs9uY7UPWvJesrtD/0u5OMbm8Zt7vls3LOO2UODPyBI/e06SuxBsSUwPfrGMlzONJa+mEbowFlERERERKTjPK2tPT0E6UcUrIrPQffhDmxtrTidwG9+PZovDl7KdcONJtB3//oR7iawmtQITf/Gug3/2cUjx9z/zVzbXMvbjCb+QDn/vRujWvXWU7z9pxZuCltJ276D7sM9F6y+tdYS/Nklkm/+dFP2AlKb3KSZwdRHxfN5PymNa93vMTpzGUtDVg52QLOLNbtu59lnwOWrRHRT+dQ6Zj+zjh9tXcY/p4Wv8uxtjr6xjo1xC3h2Yjku5zKjGnTPWrJeiePZF524nvIfS8MySu41A79wOx23IDgsjFQ/O74AN2Uv45/FLo5mewNS8H4g8KNQx+kf5cYHAqbU3wZ+YOANnFN/28eqd0VEREREpNdQ80PpSgpWxef4lyc6sPW7RsWpvRXA+PuYfyu8v2E7dQHVpOciVNuAE+yxTu0ffx+3XdbEus0fAVdz05z7SBkxmHHDL4av9lHHu9R9Np3fzLyTus3BlbLt6dix6WIRVqxCIrMf3EVWcT0lSbsocy5j6Tg4GkG7VXu1K9jDKzeV65rIeHIB1wK3uZdRued23v1DOXtJJD8WbsqezvuPruWjvlBV6A0xn0zkWhK5rXgZlUOX8aO6Q8yeb9zG2Q/uYvkbbjOQtk9Tnx8wZT3o9ykLKEny/3rBHV8fJ6nZUPnUfHPav4WlKteoVHUGV6ya+5htacvQZrAtIiIiIiIich4pWBWfU6dPd+pylwyfwG/mjOY4V3H5tyfg26Odqgpt0/eHeNtXbXonWb+2dVfcvZ11u8Ho4zqKwRfD5dTyxz99ZPRd/fUj8NW+wN6rHdDZY9N5gUFe+IpVjIBqyr+R+tb/MrevN7evJ2uTMbV971vLyNpkuYwt+LOHVx8Vz+d9As9PfXIBYARbK99yQxM8++I6rqWejY/OZ2WIfq+9VmwaSx9cS5Y13Htrvu/7Rt+J9WTtMsK+2S+uYzbeKerL/KHonrUsd08Prgjes8vyywV2fC09VEdnLmPpk+tIDTivnB89ab8t9SErVr2MCux1pCEiIiIiIiLSOyhYlU7yV5Hap/vfPfxaUsBXTeptAfB+uF11hfH3MT95GJfwPV98cojvxg4zAt9fT/Bt8t1lcb7eqx3tsXr+JTL7xXXcVmyZ/h1yoSWL7IeYTfB2R99YRmPmMpbeS2CgFRD8tccalC1g9vVr2WgLwbj+EGWPzjf6aPaFHqDjFlDyYuBJHxVHNt2+0tfvNJH8Z+Kg7hDgNBcHayKjwwFofzu+/p6zyyOomDYk+sJrq498n9I4GT4UiHh/IiIiIiIiIt1Lwar4XDpoEN+eOhXh1tZWAMYpST/7JXfHHuftGrjt19Oh5hQMvRq+hW++/giuuLnzg7t4mK9vq+FEYL7iq1g1dXFoeumgQV27w4i52WhZRIkpiUErp3unTx+1TTfPegtz8apOXA+QaqtoTbVWHd5rrUDsg5qDF1PyeSvwOAAw5RfMbvr/fNPZA6fx1xPf5Obonl088YdDzH5mWYhQ9QI7viEcfWOZb/EvwN8KIMzj13ve7LjzNkQRERERERGRDlGwKj6Dr7mqA8HqTTw0ZwLXXQzHP/mIlJmPMO4y/3T9OnNa/lW3TuDuq0+w50/Az85hcO21AvDyVa6G1tlK1cHXXNXxC3UJyxRysxJ19m+h"
[DEBUG] 2019-07-12 19:38:49,955 method:org.apache.http.impl.conn.Wire.wire(Wire.java:86)
http-outgoing-2 << "0Tv1fM9alrsTuRa4NikRmuJ4dj6s2dpEfFMcaU+mcbS4nPgkYyGkiK6HUFPVvfyVlSH1+kpKU6x1MaVQ6tkYtHjVPaQSqsfnMIazlif+kEj+i6FCVbjgjm8YQYuoNbtYvs748absdZRkg/3Yf1T8Hv+knvffguHTemDQIiIiIiIiImEoWBWf4c6hfHHwUIRbf8R/b/jI8vtL/oWkwmyTFHR+pN6lZIPt9z+1sXmYXqpJP/tlp/tTDncO7eQlu0Jg2JbVNJ3ZccvY+MZ0GnfFsfBJc3GlP0D+i2lc2+wCJjJ7vpvlxS7ubErktuy2r+Gm7MBA8KbsdW0cqzC9PptdLN/a8VvXM9oJME2V5lT8sKvQWypfR2dON46JtxWD5QF/4R1fq0NUPrWOg3GAs63tvIGq099r9frpPPuksWhXY+YChq+bj+vBMPeFiIiIiIiIyHmmYFV8fjIijvc++GvkF/jpdH7zk1O8veEL4udM4LLPXqLkL0Ylq/HznWT9Oo5va/6T/97d/u5CGTz2EX4ztu1tvjtoO+HqUb5eqnbHP+ncOH4y4vzPR/atJP/WOmY/s44SLL1T9zSR9YdymLLArKhMZPaLtkrG2DSWJq0li4mUhLuSt9a2vTAWwPXTbQsG1bPSuuiT1ZQF7d2sXsI/9d43RT2gGjRUxaqVGcwy3bLA1Doqb1nGLR++B07vQlgX6vH127tpLWQuYyHreGKTbRE1gOunG9/37KLyH/VUFieSarYHuHbPWrIefY/Zz6xjdixw7zo+Kp7PRhSuioiIiIiISM9TsCo+V191JaNGxrNvf2MEW99J1ljY8ydz6v8H1zH/1vtI+st2/tvyc8mfvuKhOb/kIf6TsHsNmL7/PV/U+Ktc2526b+nx6tPFFaujRsZz9VVXduKS58Y/NdrUDLDL6LE6ZQElLy6APWvJenStOcX6kK//6ujMZYCbylcOMXt+G1PH251abgSMgfpXReW19y6j5F4wwtL5/ipWW+Dp7xHqZPYztp6oJDL7GTfL/30+G83zOcwFf3yPug/5qn2PvtF2K4CP6g4x+5l1pB5eS9Zb5b5qYSCoPy3UM3tc322JICIiIiIiIv2D4/T3Zzw9PQjpPb46cZLNW17D49HDAsDhcDBzxs96JFgVERERkd7L++9l6/fW1lY8Hg9nz56ltbWVs2fP+r5+/ovMnhyuiIjPxqIXGDBggO8rKirK9+VwOHxfgO97fxN9+eU9PQTpBb479c057yOqC8Yh/cjVV13JpDtv7+lh9BqT7rxdoaqIiIiIiIiIiARRKwAJcuOYUZw+fbpj/Vb7odtv/RduHBO6V6uIiIiIiIiIyIWmr01w7u6iawWrElLizQkMGjSIHe++d8G1BXA4HEy683aFqiIiIiIiIiJywelPOVB33xQFqxLWjWNG4Rw6hA8+3B3hglZ936iR8dx6y3hN/xcREREREZHOmdBIzU+uIbnsqg5c6HsK534C28fCfW9zQ9PdpFZe3G1DFLHzQJsppCfwP32Iw/v/bqFgVdp09VVXkvLTu7j1lvF8dqCJg+7DHP/yBKdOn+7zn2A4HA4uHTSIwddcxXDnUH4yIk6BqoiIiIiIiJyb2uHU/ssnFP54PLmfR3qhi3GfBCcXk7v+HvIzdnfw8iKdZ893woWsfTNX9eDwhBh2F/UIcJz+/kxfOyQiIiIiIiI9yvsm1Pq9tbUVj8fD2bNnaW1t5ezZs76vn/8isyeHKyLd5nsK577NhMsi2PTbcRSuH8omTlCa+wHx7V7gWmpf6fpwdWPRCwwYMMD3FRUV5ftyOBy+L8D3vb+Jvvzynh5Cr2ENVT2W5NRjS1Htv/ctDluOavz+w3enznnPqlgVEREREREREem0kVQUxrOyzW1OUDr3tP9XX8jql5+xG+dOVanK+RMYqvo/KLxs0IXRhkLBqoiIiIiIiIhIj7mY3PXx5Ge8Sc2wNjYLEaTaNX4F44cCn0Nm6m5yGKs+q9JtrLWn1lC1j3d9PO8UrIqIiIiIiIiInIOVZfe0U7Fqc9kecv9/9u4+PKr6zv//85yZ3HAPkRCkkbtdC5WbSsHyq5YClrIFrUnB2tBeXxvahtKfiKuuqLXd0tpWgaor4PWj0q3U79WFtosmXUt6UawgrS4VS7/cuGHtlzuzSIiGO4GQzJzz++OcM3PmLpnczSTwenDNlczMmTOfOXNmwrzm/Xmfuw9wt3v2yOs38x+RK8/wubH9eGWNQlXpQrZ/yr8XqipYbSsFqyIiIiIiIiIi7ZJuv1SItAy4ppHBvgrWb33hD0wA/u1UPxYOauJbX3iTwTWfbFtQK9Ju0UDVOSlZbQsFqyIiIiIiIiIi7TKABWtudn9vYs3XDsJWp09qyp6pRRfpe3ZQYluAul7wiT/yuQvjWPNrVatK14lM/Y+91PlnW9kYUo9lZnsAIiIiIiIiIiI93jWnGMsQXk968Kkm1nztD2ycAl8adI4PTveKXH51/0Leq/OWK2T3VqeS9Uuf2cfGKZkYuFyxIpWqdsxJ0qdgVURERERERESkI6Yc4fXSk9RsbekAVYW8V9fEJ4ZDTQ2s+dofeP3uPzKFIbxOHb8vPcB7J/oxZXYdXwJGDsQXuIp0FV/1qnqstplaAYiIiIiIiIiItMc1TiDa98RkPrEmttPqkdPwudI/8Lp3wYVxrOEUC88O5zPv5MK/3uxbx0lqKm922gZMOcLrd/8BGM1/JK1+Felc/lBVFattYzQ2hbTFRERERERE2iDSn87307IsbNsmHA5jWRbhcDhyuv2LX8rmcEVEIn7+3E8JBAKRk2makZNhGJETEPl5uenbp0+2h5BV/r9d3t8vy/tpWRQM6JflEWbG2bNnO7wOtQIQERERERERERG5gnhVlpECVdt3krQpWBUREREREREREbmS2DHdVVGy2j7qsSrtpr4bIiIiInKlStYKIHrSEZZFRKR7iv5JspNmqPqL1TYKVqVV+o+giIiIiIiIiMjlyY77KelTsCop+QNVwzAwDQhEmllncWAiIiIiIlkWX7FqWTa2bWFZNlYgjGUZhMPOKRTSf55FRKSHULraJgpWJUF8hWpO0CRgqh2viIiIiIiIiIiIR8GqxLB9h4MLmCY5wUBWxyMiIiIiIiIiItIdqQxRIvzTmRSqioiIiIiIiIiIpKZgVYD4UNVQqCoiIiIiIiIiItICBasSE6oaQG6OOkSIiIiIiHQmU8csEJFuQO9FIp1Lr6grnD9UtW2boCpVRUREREQ6yEi4ZMCA/lkYh4hIrH79+mV7CCKXFZUmCmBHqlWDAWXtIiIiIiJtZRgQOQ5sEsOvuYZTp05nbkAiIkl86EPDsj0EuUI1njpB7ekmrBb+ViZlmOQPvIrhg3p1ybg6SinaFSxareqcDyhUFRERERHpAAPDcELWmEsNGD/uI9kZkoiIz9gxY7I9BLkineZke0JVANui8fQZGjp9TJ1DFatXOK8FgG1ZmDlqAyAiIiIi0nmiCeuNU6fyi42/yuJYRETghsmTMXz/RDLDcov6chg0+moK075dA0cPfcAl2ybcZWPrGJUoXqFs/zwl28bGJqAm1iIiIiIibWLEl6cmLgHAhz50NdNuurHrByQiksLUj9/A0KFFztuSdwKFrCIdoCRNsHHaAbT+n0IREREREUnF/99pw/C3BXASjDtuL9URuUUkK0zT5HOfuyXZsfWSXyaSMQ0cPXSM/z70LvXZHko76K/6FSzSBsA9iYiIiIhI5/MC12FXD6Piq1/J7mBE5Ir05QVlDC0qSrg8UmClcFWkXRSsCoCCVRERERGRTmP4fjonr4J11s0z+OIX5mVxbCJypSm57VamTbvJfR+KPcXTTFaRttHBq650XrWqglURERERkQ5zwgrb1wog2hLACSwM5pV8jn59+/Gzn/9vLMvK9pBF5DJlmiYLvniHE6rG/fPzzitUlewoYMTogmwPot0UrF7h7LifIiIiIiLSdoZhuLUKdsxl0XDVOZmmgW0bfHrmdMaOuZbNL/6G13f9OWvjFpHL05TJH+OWOf/A0KFXx1aouoX0CZf5KGCVzGrg6KEPuEQOg0ZfTWG2h9NGClavQJr2LyIi"
[DEBUG] 2019-07-12 19:38:49,955 method:org.apache.http.impl.conn.Wire.wire(Wire.java:86)
http-outgoing-2 << "IiLS+QwDbDt2im2yqbeGYWIYNsOuvpq7Fn+dz992K3/e/Sb/VXOQ2uPvcu7cOVWyikjaTNOgb9++XD10KNf+/d9z/fUfZWhREaZpRt93zJbbAChMFWkfBaviUtgqIiIiIpIup0LVTvK712UreZjqnbzKVcMwGTZsKLfdOpfP3TLHd2BZO0m3rsz+n/3sBxcIBAKYhhkJZdxHlpH7v3DxYpet+/R7dSz/6nzCpgmmQU4wSK5hkGuY9OudRzDgPle2jR1uIj8HCgb2Y0hBfwYO6EffAf3Iy8/FMKFfv14Ydohcw6Zfn76cawry1/+zn/976H+YNGkCA/r3Ii8I+bnQbIUIB0xM2yIIBCz44OwFGhrOcOrUOd4/fYEz55u40BSiKWSTl5vDwL45DOobJD/HwMjtx5RFT5DXf3D7Hvebz7F2G3z2i9ex/5c7qY1fYNg0lvyvqQyMu00lt1E+GXb/799AyUKm9G/nhpeOixxryoi5zDDcSf6mEfOajZyP/72VXqugsFUyRa0ApKezbeWqIiIiIiKdJLbPqhOemqaNbRvuycS2bUz3UMKWhXu95fzX3HaCWiek9f9HPbMhh+lGN9FgOPr4MsEwu+5+Bg0ZyrUfmcCht2uwTZOcQC6GYRDC4GyThQGEmy9hhEP0zjXJDeZg2TbN4TBhO0Q4dAkrZBMIGBhWDjm5AYIBg2Y7TH7QpvjqgZxuOEmvPIMAzrY0McgLBgmZNlazRbgpRHMoTPOlRuzmZgiHCTc1EbrUhNFskYOJ0dxM4wdNnAsbBAf2oWjk35E/sO0TZZ977MfUAsWfWch3Hr4Kzvwn+4dN4+6v/D++EPW/+d3PG5xAzrvocBVr37qOu78yGAO44VNX8WjVLq6NuV37nN79M9b8vsE587Hb+M4/fLiDa7xyGNF01fnhhapGbJhqmmYkZPWHq8lC1ZYCVhFJTcGqYKNcVURERESkrfyVqt55cOoWUrUAcAJUiP8fuFOpGvvTuzy1Lv5fvGliuCczCxWrpmF26fonTZ/FO0f+hk2ApqYwpmkSMEw+uNQI4WbycgL0zc8lLz+AYRo0NYe4eOkS5y8GMAMGwWAAwwgQam4maNo0hyxyewcwDJt+fXvTt08eAdPGNCwChkkgYBIIBjFCYYxgLs0hm0vNTVy62MjFCxexrDB9+vQikJNHU1OI5uYQzU2NGJZFfrAXRjhEwd9f367t8rVvLYPDlfzsfSdoI9L/1yS6NjO6nwIcruT7mwzu/NaNRGrJRn+epQ3/ypqtg/nnjgShhytZ+/vB3PmtrzOK93nj5//Khje/xlenXNX+dV7u4vug+sLVaKjqPKcxwap7Mkwj0hrA3yIAYr8sUbgqXcvi0on/4e0L4bb9BTOcL6m6IwWrIiIiIiIiHRTfDsDfCsA0DcB0rzeTHOQKLMuOVKpG2wE4y2XrEAkBN5AJmHGtADIUvJhm1warN9w8h9/8fB02NqZhcuH8JULNzeQEDXrnBejbuxe9cgPk5pjk5gcwc5yK1YuXmsnNDWG7RwGyLRsrFKJXXi5YFhY2eXlBcnICBEybnByD3JwAOcEgBjaYBqYNNs2cbwrRfCnExcZGPvjgImHDIMcMktcnB6wcmi4Z2FYTeaZBwLIZOukz7douy3+4wv3tbb7/e/j4P3wKw3C2cXRtXvhvcvR3K/j5mx/mK9/+PKPi1nXVxyu4Z/dP+f5j/8VXHkm8Ph2H336baz77df7ONIFCps4YQ/WOv3Hm44UMasf6LntJXnIGRssVq261aky4GheqerdJepcKWKVLhLlwoY03MUzyBw6guzYLULAqIiIiIiLSqeIPXGW6fVWdCCsalDrBnGU5rQOcVgB2pGo1NlS1427b9cyAiWkGnJ9ulaPzuDJ3/12p78BBzLjtdrb88hdcagpj2AF65ebSKz+HPr0C5OXmEAxA2LK42HiJULOFZQUwgwHMYBO9LzYRajYIGDahJjAxsSwbCwiFbWwgbIfBNMB0gnXLsrGabZpDzYQaQ9hhCyscJtwcwrItwuEQFpfICeTQKy+f/gN6EzR7EzChcPIccvu1bwL+9//5YQ5XP8bLVy3i6x+/Ck6/xk8PuM9xZCk3eDv3n7xizuP7/zwm5fqumrqI7495jZ/+aAU1X36YW0bHLXD6NX665gAT767g4wlDfp/36wbz0ZsKMb0StMFXM/x4HWcDJqpZbVlCGwA3YPVXx0em/5tmwil5Nb3aAEgGBXIYMLA/hQP60LXv8pmhYFVERERERKSdkrcD8M57FatA3MdHZ8qudzLcUNXAsvwHroptG5DpytWAG6p6B7DKdLAaMLt+4ufM0gVU//IX9M7JIT8vn7ycHPJyA0AzTY0XsXMCBLBppolQDthGAMN0qo6DwQD5wQDN4TB5wQChEOTn50IgQCjsVLQ2NjaRn29h2mHCpkkAg3AoTNPFJpoaG7nUHKK5uRkbCAaDBDGBMFhhmi6eJ9fIp3ffPuQETUZ+ekEHtkkNNW8a1LKe5Q3zefQmE+P4dp7+wauxi31oBtMKbuIbt7zHrn99nJf+J9X6xrLwn+fzje9OS351wA1pAwES8/EG3j9uUOi/zlveDHTb6b5Z1ULFarJg1V+ZmhCu+g5eldBeIMNV6XJlCQRzGThoIIP75V8WgapHwaqIiIiIiEgn8ELWZP0KnSnWCbeIHOjKawPg9GBNXbEaOZeBkDUQyHKwGuj6iG3w0A+x4JtLeXnjz8kJBLCtMM1NF7EJEzBN7HCYJiuEgdsP0LRiDuLVOz+XSyGLvGCQczlN5OXlEDANwraFRQ7nLjQTss5i2mDaEAiYmIaFFWomdKmR5sZGQqEQOQHnEFdhwti2gWGHyck1yAsYhJoucs3NX6fXoKvb/Tgbdr2K+fHrGD54Bnfwa9a/Xohxzc3809c/6Zte+1/8x0/fd8JQirhx0T9zI3Dot49yYOx3+Nzf+Zb77gECgRZC0IJP8c3vfSrFlUUUXWNAIEDkKQ44h/dqcZ1XumQ9VpO1AjBTh6v+NgGqVpXMKqB4eLbH0DUUrIqIiIiIiHRAbH9VfwWr0wYALEwTLCsarjphhlOl6g9WE0PVVD1Wuz5ZjQlWTTMyBTlTIUwgmJmI7bNf+jqH9+zi8P6/YmBjun1QwaKpKQSEyQkahC2LcMgkFAjT1NTEeRuamkPkNjZjYJCfn0fv3r3IC5j06dubqwYXYRtghcOcO/cBly40EgwY5OSaYIWwmpoINzURamqiuSlEUyhMsxXCtsPkGgbBgEk41MxVoz/KNZ8p79BjfK16CBPK4d16k8JPLOGupEuNp3Rx/GX1vHfiOiaU+APPgBPWBdsbgpqYxvucPBUg4M37P1XHO8OHcVW713nlabHHqi9gjYSrvoNaJQtVFa6KtI+CVRERERERkQ6KD1cdXvgZDVdt2wScqf+G4Uz99wJWL1R11hPbBgCy0AogGHCmZgei1W6QwWA1AxWrnpLF9/Mvd5cRyAmAhVO5GgoRMHHD8DBYNlgGRjhMuNmmybKwrBChUDPBQA7BvBzC2PTu3YuCQQMJ5gWwrDB2qJl8LD4IW4RDIWzLItQc5tKlZi5eaOTihUYuXWqmqdnCNC3ycgxnHAGDQMDkw19Y1uFtMfSrC/gwv+T3ZiC6rrd/ybJtV/PQNz9Fwdu/ZNl/TWDlbdfF3vDtHfym+KOs9N//qQbeHf4hZrRUXXrqVZ5ZtZdJDyzhxoSjUQ3lk58Zx7Jtf2LGmE9RQD2v/aGGmz6zgEKlqmlLaAWQrNdqXGWqF67GV6mm+l1EWqdgVUREREREpAvEBqxOuApEAlanbUCqalV/X9UMJ6quQCAQ6bN6uQerIz8ykTu/tYJf/PghLDuMgU1O0OmXa9lhLMsJwp3ANYxpBiEnBwzn4FaBXJwqV8MgJydIbk6QnKATdhnBIHl2P4JhOHX6DA1nz3HhQiPnzzdysbGRUHMIbGe/yAGc2mAbA4uJ5d9nwIhxHX5808YCbxsYATdYs+BWHgAAIABJREFUfXsj//SHD/HIkulOK4CxX+KRhtU8+B8BflzqhKsNr63mR78p5JuPT4gNUE+d4Jg5rOVp+/4eq8kWGvslvlnzHVY8"
[DEBUG] 2019-07-12 19:38:49,956 method:org.apache.http.impl.conn.Wire.wire(Wire.java:86)
http-outgoing-2 << "8gcARtx2D3ePVaraFslbjqQ+MFWqKlWFqiIdYzQ2hbLzV1qyJvqfNBvLsgiHw4TDYQYN6JflkYmIiIiI9Gz+A1n5/9/tD0xTneKXdc5H1paphxBx+uwHWQ1Wz1+4kJH78fvDr/+V//jpCvcgUTZWOEwoHMKynVDcMJz8NBg0ycnNITcYJJCTQ6/8fHr37kP/vn0ZUtCXosGD6JMbID8vSPOlZkLNNnXvneav+w9ysuEMzZdC2LZFjmGRGzDokx+kd69c8gJg2mFMq5mp/+sRxt769c57cP/9bzxdP4t7Crdx34GP8uTnEwPbt198hH3j7mHI1qd54UNfii7z3//GfT89EFnuk1//IfM+3HlDk7aLaQXgq1aFuIA1xcGtvOVi1nkFBat9+/TJ9hCyJvbvEdi2hWXb2JZF2LKwwhZXDeqf7WFmxNmzZzu8DgWrVyAFqyIiIiIiXcOOm6/v/7+39zMxZI2ej19H/Poy6fSZD2J7rF4BwSrA9hee4zc/fRzLCgMGlu18ZsK2wTAIWRYYEAyYmIZBwDTJCQTJy8tj0IABFBX145ohQxjUO4+Bfftw9sw5zlxo5Oi77/GXAzVcvBSGsE1uAPrlmvTPM+iXn0uf3nkEDZvQpYtM/tKDfOTWRVl5/NKzxPda9X6m83vMeq6gUBUUrCpYdXRGsKpWACIiIiIiIp3ECycS+636l/E+2HoHrrJx+q62PP0/09WrXqgaCAQwDdMZOJEfXX//3pG+Muzm279Gv0EF/OLHD7jjyMG0g1iWhY2Nadk4XXANLMAK21i2TXP4EqHwaQiG6Z3XiyAGQQLUv3eKurNnePe9U5g5OeSbueSaBr1yoKBPLgX5QXrnGOQYFuGwxfUVTzLyk5/PymOXnsUfqgIJoWlrP+NvJyJtp2BVRERERESki3kHt4rtZ+gVQRruT3/FamLQkeniVdM0Y06ZrljNVrAKMPUz8xk28sP8+pnv8s7f9hM0TWwgZNkYluU8F27FsRlwpltbtkWzbXHq9AX65J/DCoU4dz6HM2fP0HDmDM3hZgb2642JSX4A+uQFGNw3n6v69iJoNZE/ZCQf/sJDDBwxPmuPW3qW+GAVUvdebel6EWk/tQK4AqkVgIiIiIhIZiSbyp9qqn93qVT1XIk9VpPZ9sv/j9//8hlnqqxtELbCWGELy50+axgGFjbhUIhgMIdcI5dBA/vQt08OeTk2VijEpcZLEDbplZtDftAmz4ReuQH65QXpn5fD8E9/hWEzy7P9UKWHa6kSVVWqsdQKQK0AoHNaAWTvK0AREbls1W2uIL+gmPyFldR19LbHKykrKCa/oIJNx7tgsJ2lhXF6j6lsc33y2+5enfp697r8gtXsanUQb/J4a8t642zxuXHW8/juVu/w8uBt43bsr10msj+l87wn2rWquA37TReLPJboqeV96wrb/8DdRr73jiSv07rNFd1rH/Vx3uOS72uR9/RVb2Z8XN1F/FG34y/zH0zGNJMfvds0vVN8BWlXnwyMJPebqVNbjnDelafPlP2/fOvZbXzqtq+Ql5dHTjBITjDg/gw6LROCAQI5QYyAiW0bNF5q5uz5izSc+4CwYZETDHBV/74MKxjAsIG9GdI/jyH9e/HhGV9k8gO/5EM3L8z649Tp8ju19B4kIp1DwaqISIx6Ni0sjvsQGL3sivqg3wFHDlU7v1x3DUVdfm/e87OaXV6w2EL4EA2cnBAjer7tp5j94fgxKgGYwKhhseN75SVne1QeOtb2hzdsOKUA7ONw0mDZ//g7w5s8XlDCcmD57DT3+Uj4m+4pbqxJgre0b9/m+05cx65XVjq/JOyvvveDlLd3l/GHRklD0ei6Ugbs7ZHi8U9/zFtgJdPTeQ66YAyR0/glVLKMHQ21NLqnmUdTvUbbuv+19BylPkWfA/c9I1Xo11rA3eZ9N/n23/WLJVRSTfn45I9516piRlRUQ9US7onff7L5+nOfA+c9biVPtWff7vD99xzJgoz4ACT+stZO0cC1a07ZDoW602nQkGGUfO0hvvOzV7ht4QOMGns9AcMgYICJjYlNTsAkYNgEgiFs6xJYTQSBfMOksG8+g/sEKehtMnLM9Vw/715u+vZvGP25e8gbNDTrj0+ny+OU7D0k2XuOiHQe9VgVEWnN8T9RWeX8uvyVN3loyuQsjaOSsvFL3PDO9XAVjQ8kjmfXKn+wAqXr97BpfmHS1dZtrnA+sJes5ehzpS0GodH1LmNHw1KmJl3qTV5x77t09PCWHlEXq2fTwkmUV8VdXLKWow2lFFFP3XEoeqCWxgfibxsNd1radn51R/c5vzx8U+x22b3RHcMcNnw5nX0nxbjd0CU6SXAOG/avp+y4t/6VTC/wrlvJ9IKVvuUWc2R8CctZxo79LT0n0ccdWb8XEu9eTf4zw1veR1rbh5LtwwDDStnUUNrCuFowZSmNDUsTL9+9mvzZzjZYvrWWh6akWkF0f+WxEvJjXjdVeKOKrCPuMdRt/paz/atKyH/LffzDSrn34SVUPraSpzYvcPYfbz8oWcvTaexPbdfSa9LHt12yNgZg6vxkz3d79r9Cyp6rpSxuTWm/rx0fzsz1c1he4Xv+0hh/RAv7bjpjiCzjs3x2sbsNgKoljChYEnN9ZcUk8ivitg9k5/UHvve4Zdw7vzD1Ppbw+op7b/WPPzJW3z6Vavw9jGEYSVsDeNe1JtVtu4phGE4PxyT9XjN1/91Nn/6DmF66kOmlCzlVf5y/7fszx/57Lyfe+Rvvn6zl/Jn3IdRMfk6AfgMHMLhgMFcXD2fY8GspHP4RCkZ+lNwBXfF3QCS17vhaErlcKFgVEWnNsJsoLYHKKlg+sxuFquB8UMUfriYP5SorJlFG7IfYZB/oWxvDU48luyJVEOgFAMlXF/1Q7YQptBh+xdq1qpjpJA+VEyUJIAAopCjhsnaIDxEi4YFzv6O8asikweiP4JHotnOeJy/MSzXu2O3tVFt6y3rBVHzA9SaPt/Y44vax5Vt99328kjL3MY5YdU2a2z27IlWozGFkC89z3eZ1TnXk1lpmvuJ8cRANYuvZ9FLL91M0fz2Nn6ikbPwx7v3hTbyyqphy3+sk4TUQCcrin7NU/CG5T4ovVSL7x3Xe9fHnu6mu2v9aq5ofVsjU+etpHLGa/NlLuGfzTWl9kdLZWg7/Y8V/cZZt3mutdP0CRm6uIL+iOubxRP7WpNxnrzzxAUdbwtKshCOGc5Ct+Io4gUGFw7jh5lJuuLkDX06IdAG9RkUyR60ARERa5VRENTak/8G3S5Ss5WhkKu0eNpS4lz+2LtqXL1I55HxQb2yoZcfDzvnKio2R6ZNtDlXxpqomE90+jQ1VkYCodP2eyLTfZCcvvNi1yp32+0q6/ffcCsPHSjp3SnVHRZ6f6DaIhtG+adD717rB6QRGDXO33dZlgBc2+ypKX18d09Zg16piyjbHthOY+kAtjQ3JAtj01W2ucKdrOxJCnmGlPL1+jvN7S9u9agkjWp0SngH+LwFKbmFmym3jTmF+uKpjr+1hpWxqWMrUYYWUPRC7n3uvv8TXQ/xzNocN+33Xe/tJzOu+lqPe8+CZstS9bilTj1dSVjCJ8qpl7Pjy8Mh+M/OHVSx/rIT8ggo2DfMt34GH3Jk6bf/zibQjSZe7HTfNP+b2KY7fZ+NaKsS1G+lIX2nHm7H3m+rUUp/SbLz+fO9x987HbQnQ8pcZKfnHn2y7XwbVqqm0NG1XRATa1iJE7yMimaVgVUQyI9IDLklfS++DYkyfuOhBPCIfWAvie8/VJ+mHmqRnZrIPom06mEr0A2/kA71vrI/vjr/PxP5viX08W+txF3cApGGlbIqZ4lnIzFu9gKWaI+6ykSq9krUsdIOJqV/2gryVvBLzGOewYb8voG3J7tVMfwxKS+a0vNzxd/iru+7ST6RX9RUZnz8gbnEsf3KDS3faaQbUba5oR4hbTflsNwiIbw/QIi9snUB5xcpoT0X3OaisKKHy1j1uMFcf11/Sq3yMC4FW/anFx+YP2VNVzhXN/1FkX6ms+Fby5youBEw4RULlruX/EqD01ptaqFh0t3WnVtHFBmReZWFlxaQUPT5T8Hr2ptWn2N0P"
[DEBUG] 2019-07-12 19:38:49,956 method:org.apache.http.impl.conn.Wire.wire(Wire.java:86)
http-outgoing-2 << "xi+B9XvckHWjG1JN4rnjk3mowd2nxnck/GtNqn6uyU+P7+7k/a8dEg+65G6rhH02tkdsY1tbBqRQNH997Jd2qV5DvtdOyi9TsvD6815rpesXMNVrm/Pw4vZ90eMff7LtnqH3j+4g2z0addJJp+53EpHuS60ApAfby9oXvsOPI+fH8vQnV1AyxLfIyS0s/uNP+J13Pv8bvDF3Lpmf5HeC7Ru3svdc3MX9RrFgwTRnPDXVrH418YN28afuZN5Y90zCMoV8etEcxvlvELdM//GzKb9xaKc8is5S+UhxpGcp4FQgvTWHyip/hVE15Y9UMvO5UormL2Z5RXWkqjHS4zTS+9TrXVmffEp63HT59lRrtiSmHx4AK5m+MNoLsNVpm0n70VVTPr4Ckk4Fd0QrsrzqIF9vU3+YNOwargcqgb8erYcphc6H+fkA9Wxq9RG+yeOzVwLLuPcu4p6nFNs8Ydp7ck6FptdqoZrK1+uZ2cptIuFxQljp6zFatYQRq9ayocWxpNcPsrJikhvSVfP4iLZULTtTvWe+XsFzI9oY3EX2CX87gKU0NtzkTBuvmET+IWefju0v2UIrgBT7oP/1Bcn2Z//jqaXxh86U7fLxqxnVCVWPHZnWnDSEi2tZUVmxkV3zF3B44UZGPdfZVZqx+7+zP7tXpeh3me77T7SVQWvc5zzSO5iYqfMAy2dXMHL/esqmLKWxYQGbFk7qopYO6fdYjZjSkf1vAYdTtCGJiOvr6Ve6fhv3jriF5SxhesHKNk3Hv1x07PW3h5FvOb9XVkwiH3D+Hg9n08Li5H+LI/eVqtWJiIiISM+iilXpoeJDVYAa7vnjg1SddM/Gh6oAjT/hhi1b6EaTh9vkwKH4kdfz8rPVHPDOJglnz+7fyobXTmRieGmqpvK6qoTqk8qq6oSp61T9lleOA0xmpnfZW+9EKq3qXv+tE3i5U30jB5FJVvXiVUMer+QeL9SIW25kex+Sbz2RabpVS3huN8SEnTFTgb3wwQsto1P3o9ugmvJfpJj26VYvAu2vDkpLPZsWulP1tyYLTHxtANzp7AlTmlttB1BI2V3ObStf+hNHWhyPtz2THQgqrqLsgZt846li+cOJ+106StfvieyT6R2lPFbR/MUwuy1HsXb3iZK1HE2oSnOq6XY8TPoVvq2Kq9BLeXLHMqyUex8G5wuEuMrHdkxFnvpAqvuLtlTwvzb8p8QQrJ5NjyTexyurJlFetZLpSY5m7q/49V5Ty2d70703trI/Ovt/wvT8FrZFel/qxB1Qq6Xp397z54W4u1e729l5HTpjc76ocfaXrqjS7YiO7H9/YuZzSZZNVWWa8P4zlqlTSnnIba2yvE2v0zZIsi+0uZ1GOtPgM/76i77/R/5uP7yYsmH+9jCtPJ+pxn+FtQIQERGRnkvBqvRc+d/gjXlVHJlXxZF5j/JPANRQfcz5mF9/bIcTqnrLffIbfBagcQevnUy10q5WyKcX3clS7+RVq/r0Hz87ev0iX7Vq/O0/P4r+AHxAfT3ACbbvqY9dx6ectZ89+na3CpMjB4ByDwoFxE5dn7ks4TaRyyJhq9sbEa86M3o++YczZ7p8JIxlDht+6KsmG1ZKWTsrlZbfFV1P0fzFkQ+jfz0au9UjU4H9YVRkWrsvzPEFPP4g2bNrVXG0wrVkLUe7MCCJhNVp9KCMVthNYFRbg94pNznboeq3vHIo9WJHfuEcaKjlvpnxqikfX8Jyd1tGA/nhaYfpUx+Ihmcpw9XIfuc/EJFXQbqSp9JoJVBZMYn8VcQGZSnGEwkmYlpoJGsFUNFp06Yj9//ltZQ+XBUdY6TPZ7qnZCG9E3K2FFzvWtXy9ZH9FX/bCqfa2vs9NlxN1h/Y98XAcws65QsX/ylpCJvwONz9/OFlzs9Ww1WH/72hdP2PKBvmn0LvVG639YuBNmnDa6ojEva/ONHX+D6eSus14O0HSyG+bUuqHqvptHPwJNkXEg+QlaIFQfxtk73fZ/v1F6kST/aFVxqGlbKpTeF49+kPLCIiIqJgVXqoiSyJmdJfxDX5sUsU9hvt/NK72FluyGTm5AOM5pohZFg9DfFtAOKXaPig1bWMmxs37R+AvhQW+u+jFyOvdaf+jy2mGODcCQ50p2Q1bdHeoUxZEAkHKl+v97UBaG+fzXaEf0m1dpCOyTy0NS4orlrCiHaFXU7vxmilaupgoVPsXu1U17U5vE2nz2L84/eqkqtZ/liqir7odf4wO+n9xlRSLmPD+jmRUN5rodBy781ERfPXR6pyk4aryQ5exWQWukGa/+BhUW4/zkgYtofGBybH9BVO+yA2D1f57tsJIyJVZK1J0nO4xdMj8LRvn6jbXOHb5l6PUec5jjwWb7zHKylL0ofYO/BaquC6bnMF0x9roarQ21/dbbHprgnuFcuY+cBSX0V1sspVfP2B3feYjmp3xeqbPFfhHABow5eX8lCk6r6Fgza54br/vSEa3BVS9lxV3Bc4XVSZCWnvSzHPcQf3v1je9oPlt96S5qCdULFsc72vgtPXfzpFSJ4YjmZHtl9/kZ7GvtkTiX3F407ueFMu10KgnXQfEhEREckSBatyeTj5JtWNzq/j+7lRyZhSns4HGr7DyBdKGPnCIu5phM8OL+VjWRtoPS8/+zyrn32e1Rt3Jq0iPbt/q3P9s8/zQk38tft4wbv9i4c5Sy8mfj4+bL3Ikbfdqf/1pznrXtbwfqc/mAyLHqyp8qU/scurSEp2UCBvyneL04b3cbiTq/gAXzjj41YTxVaqxYc3KabPR4LT6JR8cKdmJgQLwxnpHdzlkO/I8b4xXT8i3SCgnk3PuBWo/oAo0rfR/bDrCzBTTylNUqmXpOLUqUqew/KHU1X0edctY2bMc3mMI27IviMm1IwaNWICzjavjLQSSPfgWjGmLI1UUi1/Jr0DAEWrmJNVrXoHFVoWd5v1Sabkxu0jXVKp3PLU6fhxOtwgq2oJI1qtqnyTx8cvoTKhjUC0JUaq6uho5eVKpsffj7+n6MNVqav6WghXo9XsnXRwpHZVrHoVzrB8a3Tq+yZ33JUVk7jnJf/ybiuDV26KfW4eK4kLofxV1MvY0XATr7Sl4rIVdUf3Ob/EHGgr2b7U2sHy2rP/xdq1qiTy5cLMT6T5ANwv6mKedzdohOgXObEBZudJGi56wWKKgD763GX59edvS+Pud/79KqGNQFwrlsS/Gyn2kSSvpyutH66IiIh0TwpW5TKwl7VeL9X8b/DFMd7lRdw4ZGzcsmOZM7zL6vtSiwScPucOs9EXrp48fTHhZrWvJgtX/S6y9w33Ay0TGFPs/BYJZ188nHi/PVjRJ25xPpBV/Zan3Gn/kbYCvuCVx0riKlne5HH3g2BkHe7BsSIfLI9Xsqld1S+xfVCjRyNPDO6csCwu+POmwMePB6jbvDryId8/xTn1AVb82yDafzM6pvhAMoP8vW1Zxo5klbZTltLYsJ6Fo1OvZuSX16eeBpowDdkNXEuGM9KteK6sWOJOse5AX1pv2mra1cKtVa32dJN5yNuvHyuhbPM7KZZ7J/rlQNyBnSJT31ucShztxRvzGj/uHMzIOTL5npYD5ylLfcGmP+j2WonMYcP6ZSR7PWaC1+qidP2e2Ne4O+7lW2t5+lb/LZL0S03xxVJ8JfVDnVZx6WvLMnp4J6yv/byqSnCPUp/u7SJf1LnvC/6g3mtT41VEpxVgtk9MCJmiFUBiMJ/d15//IGteH/H271feweDmsGGrrxXA1mXOdu+CUFtERES6RsPZcxk5dQcKVqVnO/gTRnoHscr/Bm/42gPU736QG47VQMGjvj6scQe4ypTCaZT7e6u6vU/9U/THzfVdv2g2E/s5l9ce2udb0QTmxfdYrd0TCV/Hzb2TTxdHl+4/fpK7nl4UXNWljzAzIgctqXbaAPj6skJsf1N/v9KYaq3IOkjoxdryQWpa4KsOSzyglDctM34sXvAaDd3iK5NGVESfe2/6euJji50SGd0GTj/FmAPyJD34VCopDj4SqRhzK8tiPpzHTTmN8B9QaA4b9ndyf7xkVcL+y6+7hiJ/6MwydmT4wD1F8xe7R23PVm9Ar39jV92/2/Li4So2zb8mxTLX"
[DEBUG] 2019-07-12 19:38:49,956 method:org.apache.http.impl.conn.Wire.wire(Wire.java:86)
http-outgoing-2 << "UPbDtZTGB+u+0N3rC5rSlKW+A4mtZpdv31q+Nb1Ap2j++khIGVneq058eDFl8922I1VLuGdztPI78rpL9wA67WgF4HxxkPxxFM1fn9kKPa93b2thVqQtS1sq4jtf3eaK6LYtWcvTLewLu1b5H1c0GHa+qPOqOh2RtiO+avUW2zJkRbZef7EVpx0K6o9XUlbghqr74w5s5VWbt7uNjoiIiGRaQf9+GTl1BwpWpec6+BNGHtgCwGeHP8uRmJ6rdbx2sgYYy9PXTXQvm8gXh4/Ff4CrrPF6n6Y0lHEjerW8jsJp3OBVqDaciFzsD2jLrz3NkXMQ7cPa8/kPbJXYI3Ny5OjOsWKrcKY+kGxKaWu9UlNbvjW2CrXVqjmWscN3RGR/784YkXC2nsNvpTsaX/VSzBgzMG3yEz+isaGWHfimIS+sZNOqSb5q2yRHgu6o48ecECRmGnL0cqeKLtp3MelU8i43mYe8MMMbb4YO9JMxU5a23p5gWCmbYsJdX+jeShjmmfplr5JtJU9tJvIFQFv279iQ0mt74b1PRCvzKitKYirFk01l9u9blRWTKNs8PK2j3HeX/pypeJWIrfUijrZQyFZFvNMOYURrFfG+5Q+/hRuc1/um/Dvjj7YSIDItPjJV3xe4VlZMykqPT/+XbDGy8vqLhssxfaEXVnK41TX5xrDQ3bYlaznakOJvxJSlbtV19EtD9VgVERGR7iCY7QGItM9e1rqh6j+Nq2LJmFTLOSFqyZAiomFrFtTs48DYCdFeqDW11ALRwPMEB2pg3Fj3oFOc4MBRpzVA/4HuB536nbzw9rXMu9FbZh8HnZXQv8C5rP61ag5cO4cZ7jq3b3NbARQXJznoVYZNWeoccTmGUxVZltayjkgvv5QHrUqxzrTvI9ntnWq/h1KurKXrW7tta+NJNaaWpHmf7Vl3C+MsGuY8H1MfqKXxAYhM64xMzd2TJPzypn4mWWHVEkYULPFd4HygLvcv8/AGNrzlBEBetZnnlVeco8HfO5/IFNjS9VWUvlRC+WMl5JOiF2d7JYw3uWT9KKP7NU6l4OyVCbdL9viXb039PL+yqpjlj5G0n238/UetZHpBsvtObdcqX6V2kvFGPFZCftxyy7fW8tBztYxaVcHhL8eFYZFK5LgvPYaVcu/DS7h+Zud8WeC12Yip1nNbR4x6rvUKXyeIc6vsqKRs/CTyK9K779L1e9g0v23jjRx8LdW0+yTbue28L3Na60UcrfZM7Hfd9n2pffuf7/0jboo7w26itAQqq9wDIQ6DaE9m57HVcRMbSqD8Onf8X15L6WNu2OhuS6entf8+i3lq9B4WDqth08JZse9fyd4HUrw3OM9/egF77Oss+vcvu68/JxR1Xj97aGxY7xuv83iXzy5O2vc6ulyKKtWk3L9tu1eTPxtGDqsHuvcXFCIiInL5U7AqPdPB153p/8CPD5Tw4wO+6woe5ciMiU5/1WM1/O7YIkYe8994LoumZLrPai0vP7uHl+Mu7T9+UiTwrN+zldWvxt+ukBsiQarbO3V/4jJjIq1kP2Dvi8+zN+76T8+dEH+jHspXdZjsoFXSzfhD2zd5vMAJnGLDhLaGxsnsgYUbGeUP2aqWuB/2F0D8B/f5tczcXMGIihLKRqcfbLQqEupED0DkiD/vLuuGutFgxAtLWgrZk/EvHw2WZz5Qy0NxYVA0gEnVS3EZO1pqF5Ak9I0G6e039YH17n0mBu3JqpynPlDbSa9/Nxh8uCpuPyik7LkUz8GwUjY1eDWr9exijm+M/uvSdazVJRLCs5aqC1MdvCvZfpiKN72/1V7Ezut35uYKnhsRf5/J9qUWvkhJeRufFPvf0dEVjDi0OMnjLqTsh2uprFqSEPBFg/TJse9Bw1p/Dqc+UMsmb/0dfv9K7zWUapnsvv5af/wJsyV8PZHbPf4pS2lsaONtRERERLqI0dgUsrM9CMks27YjPy3LIhwOEw6HGTSge/SnSEekf2oybrAKxLQLcMzlhXnf4GNdPsJEB7Y8z8u10fP9x8+m3BeaUr+TDTEHmyrk04vm+CpNT7B941b2+vsz9xvFggXTovUaNdWsfrU+9fU9VdwHsVY/fGeC7wN+RqbZi4iIiGTYqTPnCAQCBAIBTNPEMAyAyM+u9sH58xm5HxG58vTt0yfbQ8gaJxKysW0b2wbbtrBsG9uyCFsWVtjiqkH9sz3MjDh7tuOH+1awegW6HIJVucLEBKvdIFQFBasiIiJy2VOwKiKXKwWrClZBwaq0k4JVERERERFpjYJVEblcKVhVsAqdE6yanTAOERERERERERERkSuKglURERERERERERGRNlKwKiIiIiIiIiIiItJGClZFRERERERERERE2kjBqoiIiIiIiIiIiEgbBbM9AJHW1O9+kBuO1aS9/GeHP8u6KUXuub2sfeEXXPPJFZQM8S10cguL/7iDOfGXZ0JNNatfhU8vmsM4AE6wfeNWGibdybyx8Qvv44Vnayj4/BeYwU42vPgBNyyawzj/5YVwYMvzvDFwNuU3Ds3wgxERERER6Xnq609mewgi0orCwkx/WBdpOwWr0jMUPMqRGRNbXewv20t4Nub8d/gxwB9LuCdy6Vz+qWALvwN+F3M5/NO4KpaM6aQxpzJ2DkupZvW8WVa5AAAgAElEQVSz1bBoDuMYyoxZo9jwYjUHxjpha/1rv+a3TKP8xjTWV7+TN2rhbO1WVu+Pvar4U8nC2m7irQOw9Xfw1z3w7nHnsquHwfWTYPZn4bpx2R2fiIiIiFy2FNiIiEhnULAql6363Q8y78I3eOOT8J3d8OjcuRQCThUrvDCvlHe2LOKdv8tAmBpv7ByWjj3B9o3Ps/pc9OKXn32elylk4vh0V3SC7dsOw/hRFO8/DN05SPX7lyfgpd8kXn78f6D2Hee6W2+Df7w/82MTEREREREREUmDglXpWQ7+hJEHtiRcHDv9Hzi5he+cnM4bbpi67u9+wuLddTzKk05bgYJHOUIRH5v7KGtfeJCqQVloCcBQZiy4kxm+S5xK1UmMYydH0lnF23vYO2ASS68tpP5a+O2Lz7P61V5MdFsEdEsPPQC7/5x4eX4+XDMc3v5v5/xLv4ETJ+DxVZkdn4iIiIiIiIhIGnTwKul5Ch7lyLyqyOmFgiTLDJnLukiFKjDmE4w/togbTk7njXnP8vSF7zDyhZ/wFyayZF4mQ1WnSnXDayecszXV0d85wYGjF+lfkKJPauE0yiN9WScwb9EXmHHjHJbOnQCFQyksnEb5ojtZumgsDS8+zwvpt6XNnH95InmompMDHxkH58+DYUQv3/1n5zZtcGCLb/t66ney4dn4bRL3XPgXf+3XrN6yL2G9qzfupL5NoxERERERERGRy5UqVuXydnILi//4E36H0z/1iDvlv2RuFSUHf8LIF0qAubww7xt8LCMDcqpUD2x5ntVbJrF07iRGbtzJ9mu/wAze5si5Qm4YC7yW6vb7eOHZPdS2ci/9x8+mvLu1BHjrQPLp/716wc2zoLERBgyEujoIh6LXv/SbDvdcrX/7BPTrRe2endSPneYG7kMZN6IXe4++Tf2NQ6MhvBtwF0+a4FvDPg7W9qJ/v8PsrJnWM9otiIiIiIiIiEiXUrAql6dIoDqWpz/5LHN2L+KeAyX8+EDccvnf4I25xfzyhRLmkaGDVwHj5t6JFxPOmDWUDdt2cmDECc4Wj3UOXtXirQv5dKRyNdGBLc/zRmcOtrNs/V3yy6//GFgWFBbClpfACie/bbuD1RMcOAojZ42l4cUaDtQTaZNQeO1Q+u8/EXMZ9b6A21NTS23xWBYMrGHjoX0wdkL8nYiIiIiIiIhIEuF9+2h85BGsnTshnOQzf0sCAcxp08j/4Q8JTOh+n8UVrMrlachc1s2bGz0/t4qSFhZfMq+KJV0+KJ+aalbv6cuCBdMoLJzGDQOe5+X9vZj4+ba+STgVrD3ioFV/3ZP88hPvOm+sf/f30Ks3nD2b/m3TUbOHvQxlQeEEThbv4eU39jFjrrudC69lZL/DHHn7BBQ6LRjq344G3O4A2b6nnuJJcyi86jT9X6xhe/2E7tvDVkRERERERKQbaVy2DGvXLqeo"
[DEBUG] 2019-07-12 19:38:49,957 method:org.apache.http.impl.conn.Wire.wire(Wire.java:86)
http-outgoing-2 << "qq0sC+uPf6Rx2TL6VFd3/uA6SMGq9DwN32HkC7EXfbZvqoXrqNqyiHsaW1phJlsBOOobPqD/iEmR6edDBvai1fn9SVd0mrPA2VerOTA2dRVrt/Du8djzgYDTBuDMaWfq/xt/htxc6N0bCofAO+9Eq1fjb9sGBw7VR7Z14ehCXn61lgNMcLfVUGZMKmT1Hq8dgFPdOnGWL+COqWBNDGJFREREREREJDXrP//TCVVtu+03tm0Ih511dEMKVqXnKXiUIzMmRs7+ZXsJz7Zyk5RT/E9uYfEf3+nU4bXOPUjVJC+Y28fO/VBcDHu37WTcgmkt3HYC8xZ5od8Jtm87TP/xo2D/B5ElvDYD9a/9mo2nxzoHt+qODAOmz4R3jkFTE1y4AHl5YJgwabITpja1cYpAgn0crIX+o91tPbaY4lf3cLAGxnkVvmOLKX7VbRHwvlfdGl1D/dsnONtvKM7xzVL1ZRURERERERGRpNo6/T+eG652RwpWpWcZ843IAag8H5tRxbpWbvbjZP1VI+ayqBOGlr56Gs4VMsYN9g5s2UNt8SSWzi1k+8atzsGRbvwC5e6yiU6wfeNW9p7rxcTP38k8drJhf+JSJ09fpP/AbhT9XT0Man0hdigEr78Gk6fAxYtO0GoAOTlwYJ9zvf+2bdC/wJ3W/1qNUwj86vOsftW3QMxBrCYwpngPb7x9ggOn62MqiZ3Q+yJwmI3PHvatQAexEhEREREREUmHjfNxP4HhO3kLeqck6+iOFKxKz5Bk+n8qydoCdKuK1frTnO3XlyE4B5p6+cwoFixwqkpnzBrFhheTT+s/sOV5Xq4FcALVpZH071pG9tvKy88+z8sxtyjk03O70XT16ydFg1XDcKpTL12C5pBz3jSd/qrnzsG5s7G9V66flOad7ONgbS8KbgCvMpjiSbFVu/U72fBi7AGrxo0u5OU9O3njXC9G3uDbZjW11NKLiZ//QkxP1QNbnudlHcRKREREREREpFV/C4e5yjDoaxjkGm6KaoB5TZjczzQRnOhUo4b2Bmj6fS7WO4FIktpk25y3bd63bdJNBjJJwar0DHHT/1NJbAtQRMncqtQ3GDKXdfM6Ori2qX/7BGcHjKWwppqNZ0Y5B7DyriycRvkinINbvepWq/YbxbRCKHSn+CcayowFdzIjE4PviNmfhZd+4/weCMCib8IL/w7/dQDy850g9dIlGDXK+Vn7TrT/yuzPtrJy5yBetUD/8bOZV4jbG7VXbL9UgMJp3FD8fOxBrMZOYuKereztN4px/gD1UD0UT0o4UNW4G0bxhg5iJSIiIiIiItKqC8AF2yZo2/QDhpgm+QNt8hc1YgyxsE1nucDUEPmjLC78uBdNpwxO2jZnbJsw3bdi1WhsCnXXsUkXsd2wyrZtLMsiHA4TDocZNKBflkcml71/eSIarvbqBQMHwbAPQa98COaAGYAzp+BgDZw/7wSrt94G/3h/dsctIiIicgU6deYcgUCAQCCAaZoYbpWR97OrfXD+fEbuR0SuPH379Mn2ELLGiYRsbNvGtsG2LSzbxrYswpaFFba4alD/Tr3Pnb7tbQAB4CNfu0T/T4T5v+/n0CvHyakamw1GX9XMudcD/Ne/5hEiNlCd1sl/F86ePdvhdahiVUQy5x/vhxMnYPefnb6qFy86B6lKZcrHFaqKiIiIiIiIXCZsIAT0mRQGE0Jhg8NnAgAM7muBCb0nhWnO6ijTZ2Z7ACJyhXl8lVOF2ppbb3OWFREREREREZHLyqVTzuyHIf3DFPa1uKqvxZD+4ZjregJVrIpI5v3j/U7f1K2/g7/uiVatXj3MOVDV7M/Cdck7yoqIiIiIiIhIz1ZbncO1dzZR0McJUy0bCvqEsS451/UUClZFJDuuG6fwVEREREREROQK9P7uAP1GBBk6M0RBbzdcbYYTO4K8vzuQ5dGlT8GqiIiIiIiIiIiIZIzVZHBkcw7v/58A/UZYAJw7anLubyZWk1oBiIiIiIiIiIiIiCRlNRmceSvAmbd6ToVqPB28SkRERERERERERKSNFKyKiIiIiIiIiIiItJGCVREREREREREREZE2Uo9VERERERERka5Ws4HFz+yNnp9Wzro7JmZvPD1dwzZWfncLh7zzI+fyg/tnMTibY+rJtD2lCxm5udjNzWDb7VyBgZGT07mD6iSqWBURERERERHpSm6oOuOuJ1m35knWfW8uo3duYOWOumyPrGdyQ0Buf9DZnmvKmXFkC9/+1d7WbyuJtD2liw2cNg0jGATDaPuNDQMjGGTgtGmdP7BOoGBVREREREREpMvUsf23e2FaOWVj3YsKZvHV24s49O/VHMzq2Hqmg9u2cGjkXL46vci9ZCJld02EndVsb8jq0HokbU/paqNXrGDQzTdj5ua2+bZmbi6Dbr6Z0StWdMHIOk6tAERERERERES6SsM+/nwEZtwSO+1/cFERsJc9NTBmbPKbSjJ72bMTRt8+IXaa+pBiRrOXP++rY0YkIJTWaXtK1+v9kY8w7oUXsj2MLqGKVREREREREZGucrKWQxQxdEjc5UOKGQ0cq1M7gDZpOMkxYHhRXNhXMIThwCFtz7bR9hTpEAWrIiIiIiIiIpnmBlfSWYoYOjLbY7icaHuKpEPBqoiIiIiIiIiIiEgbKVgVERERERERyTR3CrZ0ljpOHMn2GC4n2p4i6VCwKiIiIiIiItJVhhQzmjpOnEx+dUJvS2mZ20IhVW/a0dqebaPtKdIhClZFREREREREuoobXG3fuzfm4vf2vckhJjJpbHaG1XM5vT8P7d7He/6La/7Cdor4+AQFgW2j7SnSEQpWRURERERERLrMRGbdXgQ7N7Cpxr2oYRs/+/c6ZtxVzpisjq0nKmLGLRPhyBZ+tsOrstzLpmf2Mvr2cmYUZHVwPZC2p0hHGI1NITvbg5DMsm078tOyLMLhMOFwmEED+mV5ZCIiIiIi0l2cOnOOQCBAIBDANE0MwwCI/OxqH5w/n5H7yZT3dqzg2/8enW49464nKVO1avvVbGDxM9Eq4NG3P8iy6aqubLcrbHv27dMn20PIGicSsrFtG9sG27awbBvbsghbFlbY4qpB/bM9zIw4e/Zsh9ehYPUKpGBVRERERERao2BVRC5XClYVrELnBKvBThiHSKeoS9EsW0RERETkSlSkg8aIiIh0awpWpdvQfxxFRERERERERKSn0MGrRERERERERERERNpIwaqIiIiIiIiIiIhIGylYFREREREREREREWkjBasiIiIiIiIiIiIibaRgVURERERERERERKSNFKyKiIiIiIiIiIiItJGCVREREREREREREZE2CmZ7ACIiIiIiIiLd01423b2B7RRR9r1yeK6aqxcWU/XdLQy/60nKxnrL1bH9iWquvr+cMcDBX93HUzvj11VE2fceZEaBt96/MGlNOWMi95HEtHLW3THR+b1mA4v3fix6PtVl3Zy3bUbf/iBfZQPbisoZ+tsVbLqmPO5x1LH9iRWcuMW/nb3LN8BCb1vCeztW8O3dk/nB/bMYHFluL5vurmbo96LLxfI/By1d1r2ltT1rNrD4mb2tr2zkXN82TLYtUj0nqZbvedtTpK0UrIqIiIiIiIhEOOHRpiMAE7l3zZOUeZcDFMxi2ZpZHPzVfayse5Bl04uSrMMfojoO/moF70bOTaRsDWy6ewXvfu9ByiL34VOzgcW+LOzg3jrKZsUGqMku647e27GCb/97HQAz7nqSdXd4lwMUMeP+J5lRs4HFT5z0BXtFzLj/QbY/cR+L93ohoS/Y823bwdMfZN2Ebay8ewMlkRBvImXfO8nK727g6mTBXs1fOHb7nNjtnuyybqhd23NafHAdby+bnjjpu49qtlPH9rvvi1w2Y9pEth8Bnrkv+kWAt94evD2l8zWcPZeR+yno3y8j99MSo7EpZGd7EJJZtm1HflqWRTgcJhwOM2hA9ndIERERERHpHk6dOUcgECAQCGCaJoZhAER+drUPzp/PyP2kFluFmnje1bCNld/dwiH37OjbH6SkbkWLFasHf7WCd2elqqR0RapRi3xBr2taOevuILHStdXwLLve27GCbUUPRqod489HtVDF6xdTYRld"
[DEBUG] 2019-07-12 19:38:49,957 method:org.apache.http.impl.conn.Wire.wire(Wire.java:86)
http-outgoing-2 << "pxc6JjPjrieZVRe/zETuXVMOCZXGzuXdtdoy7e2ZVmWzE6zOun8Wgxu2sfI5+OpC2LZvAmXTi/BXCl+9LXb/Tdzm3X979u3TJ9tDyBonErKxbRvbBtu2sGwb27IIWxZW2OKqQf2zPcyMOHv2bIfXoYpVEREREREREU/8tGlfxV6y8zPuepJlaybEtQJorWLVkyxATBY++S5zK1nf21ENdz3JOi9Ea9jGym1te6iZEf8Y74t7vPclDYfjq3hTh7Cx09MHT3+QddPdqxq2sXLbEJbFBYrv1TnPm7MuZ7o6Dduoopx1ayb61lvd3gfdhdqxPX0PP1mbihnxbS2eq6Xk/nIGA5PqVrC9ZjJ/fmYLh5jIvQUw5o457Ll7Awd9+2nP3Z4iHaNgVURERERERMQztpx1ayBZhWqrlaY1G1hZN4cS6tj03fvYFHNlEWWzktwmpuoy3fDpL2zbPZlZ96f3kLIrGpImhKPu9kreTiFdztT3llsztG7Ptjf5+KwHOzCOTGnH9qz5i+9MbOh/8Ff3sSdm4SJm3F8O7vqf2lkH78AP1jzJYPay6e77eCqNytOesz1FOkbBqoiIiIiIiEhSe3nKq1CdVs4PimDPSaDAnf5cN8ftL1nNpiN7YW856+4oAqJ9Lzt9HO5YyhaeZOUT2/hq3FT47m57pD/nRO79XjHsrQOK3JYKtZQknULuia/OdFovLJtexJg7nmRZu8bhjuWOct59YgXbF7bSoqGbSWd7tm3qfbTH8OjbyykbuYFNR7bw7bu3RBcZWUfV3fc57S/c18Xlsj1F2krBqoiIiIiIiIgnpmdqXGVezV84VlfHwb0reOqdufzg/onu1PxiykbC1XdMTDrV2m/GXU8yqc2DSmwFQMEsli3c1gPC1bqYHrGx0873Mvydk7xXs4FvP1NH2fcedB7jHfHBtDP9/djtqStS39uxgp9RzrKi6thWDsBi7/lwq4Njx+FOXXcrNbd3+zCwHdsz7vbx1dQzYjoluAe/8s5O9/2ewns7qnvw9hTpGAWrIiIiIiIiIp6CWSxbM4uk0/KHFMMzK3hqWjnr7nfTqLHlrBtbx/YnagEYExMK+g4I5FvNQX/uF18NyETubctYb9nAyh11LJuQ7o0yLRrUvbdjBdvirhvKBr79zETuXZMsBHQc/JUTqn6VarY3lCcJ6erYvxs+vrAICrxWDqTusdriWOew6YltvHd/d92gHd2erbUC8NQlHjTNL60DpfWE7SnSMQpWRURERERERFoRPfJ5EWWzJkYuS3ZApZherP7g1FcxGZHkyPZtMracZWOBmmoOMaS9a8k8X2Xw6NvnOCFgkiD0vR0reIpy1k0vAuZAsgrIhn38mcl8tVOqIidSdj/AXk4cgas7Y5WZ0NL29OWfY+6IDVzH3PFkC60CUvRSbdOB0nro9hRJk4JVERERERERkVTcwIrbH2TdmiJnKv5z2xh//wT274ahC+OWr9ngHPBn5wauXvOxpMHp+5HfvNCpNfE9Vj+WsMR7dXWMLurIQaAyxa2EZK7vgEgb2D7hQcbvexOKnAMnxWz3O7zH5U0vv4/F+LbryVqYMqdN4XR8T9CE9gwNJzk2sphkxxvrXtLcnjs3RFsipDJybtzjjdvv/KaVx5y9fLanSNsoWBURERERERGJ8E2BHjmXH0RaA7jGlvODuhVOFerIufyAbay8ewuHmEjZjhU8tXsyP1hTHg24gO2Rqf7ONOzUVXvx/TPLgTqS9ljFX0Xrrbt7Bqsx1b7fi+vhyUTKvneSld+9j00UUfY92P7Efb6gMJ57+4ZtrLz7Prj9QUrq6vj4rKK4/rhRMYGie7ClxJ6gJNx+9O0PdsvetW3bnkVwkjSm7jttK2KlX7Hak7enSEcYjU0hO9uDkMyybTvy07IswuEw4XCYQQP6ZXlkIiIiIiLSXZw6c45AIEAgEMA0TQzDAIj87GofnD+fkfsRkStP3z59sj2ErHEiIRvbtrFtsG0Ly7axLYuwZWGFLa4a1D/bw8yIs2fPdngdZieMQ0SkDerZtLCY/FVvdsradq0qJr+gmPyFldS1vninq9tc4dx/mo8nsnzCeN3tUlDBpuMtraFzt18mtbStItcVrGZXl4/kTR4vKObx3XEX717d5fff8ee/A3avTv1a8a5r4/3vWtWW114Lj7GlsSXlPIf5yZ5HERERERGRDFGwKiKZtXsj5VXAYyVOIBIJdJKfyjbXt7Cu1Ux/zP29agnPtRawtHJf8aeYwCbFbUdUuEeKfawkyfWJAdKRQ+7y111DzESt43+isgqgmiMtBVvt3H7R4DLutKrSDbtSnTIRdELRJ26hFICVvJLiedy1Ki6U9R57spC5hevqNq9jObB8tu/5OV5J2eyVqe+/jftO0n2Idj7/xyspa8d9tyUorTu6z/ml5BZmDmt9eXD2qemPkd5rD4BjHKkCmMCoNO8jpd1/YjkAcxjZnnUl3aar2ZXwPHdh0C0iIiIiIj2eglURyawpS9nxsPPr8mcqqZuylMaG2oSTt0xqb/L47JUxlyyfnWYI+HBVwv2Urt/jXraHDSXJx50wzv1r3TBwGTuSPIbGhvWUxYQ+9Rx+yx3rzMkxq9/1iyVUApSsZeGUFsbewe23fGv82K+h7Lm4y3zbp7FhKVNbGE5HRKqNC4rJH+8+fmD5bN/lbgVjJMR7rCRF2JV+xe8rLznhZun6H0Wfn2GlPL1+jnP/zySpmkyxnZOfqtzQL/G+2/X8DytlUzvu23mu4/fBlrdJQuDbgqL562P3xdZu4IWhJcMZmeZ9eONLCP8jr/1qyse3/sVAzL5WUMzjx0vZ5O7vpev3xL1e5rBhv/caShUCRytm4/dVERERERG5cihYFZGM8E8Dn/plJ9BYfutN7VxbPZsWlrghzVqORsLQlUxPJ9zwVZd6Fa+VFZPcyyY5FaEJ95cktImEgSuZnirYccfjBDvRdUfCw4X/P3v3Hx1Vfe///pkfhARIgMhAxEgSJEoFrBEsFURAe9BQv02EQxtXl1789gt6CytWe6DgOb3f3NVvhUKrNQt6FW4PXD3niuWKiV8lyrcIiKIWaDhKPCAIBMaYMBDyO5MfM3P/2Htm9kxm8ov8hNdjrSwye/be85m9Zzynr7w/708BFRxln6XyNiXE8T11/XyvawkyfcrOt93Wi2au8gfZ/mDbjnPPanxh9bZsxmGEeN7QMG9PZ8LC0CrefM68B6t5ZrEt4Llxi58yPlOFK3m6vUrpbrja+9+jCleS8kQBn/mqmC2f+aDKa1/FeJiK3bnhxh1i7L6q2KB9261KB8DmD/8D/mgQ7g8a1h/rHwZWc2DP6k5eJDMEDxMCe6ueA5jXVeGqiIiIiMj1Q8GqiPQ9swJvzWJbp6vj/BzseMIMgrI2Ubotm3HYyNlW6AvFOgw3ulyxamtb1Yn5+iEqBQNCQjMYJPg5S8BzzhvSWMZValZPhqwgvIrr17Zi1RLaeqsALeFax6FXJ5jTrgPbJhiVpZ9tNO5lwTsf++7ZZ/uMKflz27QhmM6aSjtr2qvobddRtpljyNsTqhJ3OmvM+1Kw7HXLa4eoTuzm1Puruf9h2zl0GMCafxiwVngXrmSu934EVCiHqXjuZMWu9bjsh2cHfD6NNgj+MDRsVfqR/Hbejz+Ezt76qP8e+oLfnmpdYbYtaKeC1/ddst6vwnfZp9YBIiIiIiLXDQWrItIPwlSAdhgQHWV9YnCo6jWdNd5QtKNwtcsVq6ayAnKslZ4BlXdZvmC1YFlG5wNJS8AVPD08vO5ev/YrVq1BkbPTlX2dYAbBvvBpbaFvivrM+ebr+AKpEMFZQD/M7ve8/Gxjli/ADBvO+lotWKufjUC3c1Pxu1hN2537bw30O3WfjJAwb+1q3/HbO2y10XW+dg0AawvZEVARbN7XjtoAFK4kZcEG4992+uOStYmXgiqOu+Yo683vQMGyDP+4vcoucIzw92Tc4q0Bn6FxKdOuYiwiIiIiIjJYRff3AES6r4LC3ct52ul9vJBdi57kLusuJ18htWS3/3HskxxeuJCr+Z/jXfMFu7YUY/c9juOOR5YwzzIAx6GdvH680b8hOYPchdNCPxfA"
[DEBUG] 2019-07-12 19:38:49,958 method:org.apache.http.impl.conn.Wire.wire(Wire.java:86)
http-outgoing-2 << "xgPLM5kC4DjI9rfOUhPiHD4nisj/0BL2hdqnz2Wy/bgZRAWHlsEsz2dvLfaFNp9tNMPRtYU4V00nZ5udtI3JzF23kpTEd/3nB7PqLjfgtN7jrecM6Ug+sQs2kLd2NQXrNvheL5hvPO88R+w7PwwKf0PI2kTpttnse+J10rpcidn56zdu8Vaci0M/V/Gm9zezGphNlK7o6li6acZsY3p/1jTSIGBRoux7zPsxPpsdlbP9lcrd4Av9sjZR6rtvxvsteDjw3s9cVcz2LzNYWriSlI03h7zPPeaq7n8nlV3gGJlkT/Rvmr/KTunEZf4q4qt1JN9yrtUcCL5m3vtaeJ5zwDhLv9k7Uyzfu6xNlP4Wnp66koJ1Wayfb61QtlQcr+jge9Wh6aw5voljU1fC1mKeOZPB3C8nkMp54+nS8xSQSXanQnJLv+cuLP4lIiIiIiKDnypWZZAKDlUBdrNo1yv83fswOFQFcL7C3bt307PdE8MJDlUBGvn8rZ3sNwcQMji1F5O/+4vOv0xwqBrqHMGhandepz/5QkNjGnG7AShm787jm8imiKVTzQrHDnpE+itWgxa5OYJvxfi8PXbWzDdfJKgXZfD57lyxldKH3yWlUxWWNnJWwNxQq9v3hHZXlc9nX++8age80+vNKtLCDcydGmpRop5Yld0M5IKrnI+8brQhWJZBbMC1t7SWWPey7/WDF0Bq89Pt+9fb9/88BUwjLaV3Tu/9fhgy2X68bZsFo70DwBecLQPfVHsySQ0OIq0LiS1YZrn+/r7K7S7w1kUBwa6p4J0NQBHnOvrslRWQ46tWX82Bjv6QIiIiIiIi1xRVrMrgdLLADFW9VareoHU3h04+yV23Gbs9NGELL88w/2euN2h1HuDQxYVkje2Dccan8eijc8wKWW/Q2si5U+VgSwIg+b7HWTTZ2N0XtNrtlDCNKbOWkDsr8JQlu19lrx0SpmYwBSg5bIaq3gpUb9DqPQdQcsYMVb37eINWyz4D2vhsdlRmd7xfe8d4A5KgcC2gYjXldaMqdY+d+fssC/NYz3XE3NZRxSqBVaLevo8FyzKIXRZ0kFkNC5ns+Gn3F2YKK+BaHGV9YhZ5lutQ8WbwgPqC2S+1317LwY7N3rAvRIVlO+MLrm6ueLPzlZ/9cv9n5OKsNF4npHVZxAZPhe+sgErpzMAKccs+L66D7KxMCgqLKPjEQU6KWcHqrfAMCjDHLX6e7e8Av/VXZL8YNEbrd81vA3MT/b1k8/Z0rydv9sOrKSjcQN6+o6yZEa5i2cGOfzbfe5j/HoiIiBlYDMcAACAASURBVIiISAhuJ9XVtdTWNdHocuNxm9sjI4iOiiFuRBw3jEwgZhCUgw6CIYq05ag9Y/ySeI859X8cs8Ya6eTvv/3ceO62J/2hKsDom3moLwfJNBb5QlUAG4nxgXvYZi3xhaoAtsQR7Z/yRBF77UB8Gj+clQSU46g2nkqeaE7rt6WTGg/g4OQJY9PYUXEAJIwyRzM5mWSA+BH0Rb480OzbGKZidd9sSrdmkregE1WcHVSshhNq8SJmPGoumFXE0n/vnapF78JH64+0s1PpxxR0sGBPj2q3krbjxbN8q8x3Q8Wbz/naCoReyKp39Nf9b1dnFq8KJaj9RN6eMKHw+NlkZ63mmW1PkYexUNkOs4I1eIErPxs527znswSYFjNXheoJ7F8cy9neQmel/rHnLQjxvb1ntlmx/HE7i2F5q25DBfMiIiIiItJWKw2VFZw5f5GKK400tFhCVQC3h9aWJmqvVHHu/DfYK+txhz3XwKBgVQa3yk98U/8v1JkpYoM95FR/x/kDvAfARG7ujzTRcYpztcavCYlJIXfxVZaGDDzL2V9sPJ+cMadNn1j7GW/I5KDSfJ2aynIAbLMmkwzUHN9D/pZXyTdbFIQ6z/VgvjWQOb6JbG8YM/9js/JwA3nrAFYzPziYMXuChgqj/IFUiOPaZSNnhRkMWaae9yrvwltPFMDirTgr7cw/Y4ZX67JYj7EKfEdtF7rnY9YnJrP+E/OhdTGmTgV7R1l/NdPmywp42lth2sPTyrunH+7/1WoTqrZXGWojZ1suM5nO/LVA4UqWroOAPrrtvtbHFBRmsn3PJrpYtx5eSjbPmN/VA95F7wKYY/W1LgjFu6hZ3wXzIiIiIiKDVyOXvinHXtVEqxuIGsLwhATG35TErRMncOvECUy86QbGjYolJgpwu2iousyZb67g7OjU/UjBqgxKtglzzerT3SzalUXqriwWVbZzwMlXuPu8Ebw+NCE7cIGrPvEFu7x9UOPTmDO57R6OQzuNalTCBJ4nivm8Nvj4JKakGNWo2IsDQtNA07gtOXibjdtCjKNveftohl6lvkeNn0A2xqI3mNWbOW8eNSvhNjA3MZ/PZuQGBaX+wMTfX9Psp+irWF3GjiP+ykuj8m0Dc7vad7NbVYtdv355m1/mGPjDTLMdQPC06rwFRuha0cmRdMzBvnfMMHMdzK+0s+ae7pyniKVTszjGBbaZ58ueOKFL4/BXP2ay/beBbSF69j13QVfuvzcUT7T2pO1DR/IDPm9dmW4/86eWcHTtU51rezA+mx2VPd0iwVw8K2sCqWH2SJ2YSft9Vr19gnuiD7CIiIiIyLWsEcc3l6hscgORDE0YzcSUG7lpzChGDI3x7RU9dDgjE8eSmjKe8SOHEAm4m2q58E3lgA1XFazK4DR2IS/f+6Rlav9Cdk1ZaPw6LDkglPz7/izfIlYBPVf7yokif9gZ0HPVq5z9r7/qW8TK2nM1YB+zWjUhJT3geNusJTw6Nc6/ITmDB8wQ1VsZ6+/LuoDc5Y+T+0gaCTjYu6WIkh57o92RyfbjQVWfvbT4y2f/bk773WcNrSaQs82ojjSmgzvY8YQRru3YmBxi6vxqDlQW+itWrdO5MQKmA2uD9us0o2oxe2txF3o1dv76nTtjhpqFRQEBrDcwnrvOej6zgs8M8NprH+A9vr0p+8aU/wzOrWgbWHfL2kJ2/BSOmYsfdarq0WRtAZC99XlfWFfx5jLjGhSu7HDBseCFzjrbX7V9Xbj/ISp8e+t7E8DbuiFgoaqu9TD1fg+BwOpc7x81evV9bGCud+ydbnsRYnEtryNmn1iMvrEiIiIiIhKa83IVVU0eIJLhY8aSMiaeaMBdf5nz5+18deY8X505z+nz5VysbwWiGXHDjUy0xRINeJrqqbjc2P6L9BMtXiWD19iFvLxooe/h3/cbczkfGjEuYJtRyTqZl+79Xd8sWGXlXSQKI9RcOiu4BUA5+1/fY1SiYuOB5ZmhF5LytRGIIzW9bRsBW8AiV1+wa4uxb+INxuOTduP8d3tf3zaHu5PPstdu9GGd0ueVqzZyttnJ6bPXO8o+b3D40+lgTkEvOHMesDFzld0M+rw9E1dy7vbVwAbyFuQzvzLXPM8G5iaav/oW/Mn0vUregmQzaLHs1xUzctlhhlTeIDR0NWZXr59ZncdqDuzBCJcK32VfWTY5q4rZ/mUGSwtXc8AXeBrnT9uYzIsTi9sJzvzXtd1wszuLj7Vh7Wc5gR1PZBkBnXfxo844ku8PQbM28ZKlzYGx0Ji5sJdZCXwuTCVm8OJVPaaD+29dDK1HdWbxqqCp/8YfD7oWkPvCazLJWwt564zrvDTcolc9zj/mijeXkQLkzZ8O3uYxt9/MOM7jrQQHYG1h+HGZbUHyuhjui4hI50UAnv4ehIhccyL6ewDXG3cVF2ta8AAxI2/gpgSzQrXOwTlHI62W/9C7W5upulhBq+0mxo+AyPixjG8u40J1K0011VSOjiNxgJWIKliVQepzNu2HlfPuMB6efMUXoGZOGBe0bSG7Fj3ZP9P/zVA1dBUqOA4d9E3vb1vJatnvVLnZRiCJKcE7nShiF5m+85fs9lbHBu9rDVG9YetA5Q3s4M6UHggsyiYwf2smeWfMqceLnyJvWRF5YQIl79Tm+WzgxYmzSS2DcavsOFcZY1ufmEXe2kIOkMXcL3/I/BnZ5JjBoTGlfjUHjk/gxRDT80OuCt+GNwjt7vsPvn5HjVBy7WxmzpiOszLXCJamJrPUd0zgaup+z7HjnjChV9kFs61AF8LNUApXkpK4sv19"
[DEBUG] 2019-07-12 19:38:49,958 method:org.apache.http.impl.conn.Wire.wire(Wire.java:86)
http-outgoing-2 << "yi5wjEy2H8+Fjcn+hadWdLbC0cGOzZb314nXzFuQzDFLiDrT9xnogPe6hOi12+v33/fa7VRaBguxon1ga4ijrDc/y9lbC8l+J4ulheE+L8GM0HT+J8vMUNsfoq5ZBeBgxxMZZsAa/vjgz9+5N5eFqRQOHpd5vPXe+XrsrmY++cQmbjD2++10KPs47Gu2ZfRYXdPRbiIi0m0RkZF43AN92RIRGWwiIgdYMneNa65swOkBouOw3eCdbevk4hUjVI0YMoyxSaOIpwFHeTXVLS7qrlymecQNxACxNyQwvL6SutZmaiqdJI6J7cd305aCVRm8Kn9N6q7ATQ9NeNZXlfr3b3ebW3ezaNfugP3+aUohK2/r5fGdsPt6ndo/fJX8Dy3PJWeQu9BGSalZyl57lte3nLXsEMcdjyxhng2g3LdfcBsArzbnJ447fuANaqdxW3IxdnuI/cL0e+0PwT0+wagM7Mo047DG25i5eKulJ0vnApGZq+zsAHMKdFBIui6LuQCECug2MHeqf7/18+3MNx/6qh2P5Af2xwx+TNfef7vXrwzI6vnqx4pP3jXaK3Q63AwjaxOlQVPA27wfa9XrKjulE5eRcuYpy/UJquJtM5W/a1W+n21MZt/8Lkxzb3P/jBA4uKKzN+5/qHuftydEMDgjF6ev+hpj0bIwn4GAELnsPGRlsv235jkXd7HavKyAnGVFIe9zd6vXU6/m8zs+mx17zpNT+igzZ9gCr4l6pYqIDChRUVG4FayKSA+Liorq7yFcR1qpdrYCEDMsnuG+7Q00tgBEkzBuDCOHACQwblwzDfYGWlqaqQYz0xjBmGE11NW00uxswE3sgOprGuFsbtXsiuuMx+Px/et2u3G5XLhcLkaPjO/nkXVFBYW7l/O0pXtxYFja9nmrvghWHYd2+vqmtpGcQe5C2BVyoSkIDFa/8O0XsvLVcZDt3oWxgHAtBdqMp4MqWRERERG5vl2priUqKoqoqCgiIyOJiDAm0Hr/7W0ut5vGxoHZU09EBq+4uDiiruOqVSMS8uDxePB4wONx4/Z48LjduNxu3C43N4xO6KFXq+Gb0irqXVHE33gTN8Z1sLv7MufO1dPMEEZPvNGfVzQ6OPttIy1RsYxLGcvInhpdTU3HO3VAwep16NoIVkVEREREpDf1d7AK0NTcTEtLS5+9nohc24YMGcLQmJiOd7yG9W2wWknpmTqagoPSUNz1VFZc4VKjm4ihCdxy0yhLZWoXztMFPRGsqhWAiIiIiIiIDEhDY2LwuN20ulz9PRQRGeSio6Ku+1B1oHLXXuTcJSetHogcOpykG0cNqOn+7Rks4xQREREREZHrUGxsLEOGDOnvYYjIIDZkyBBiYwfWokfXh2iiowDctIbt7FJPxRUjVB0Sb2PSTTcwIjitbHThBoiKYqBF4wpWRUREREREZEAbGhNDXFwcQ4YMMdoS9PeARGRAiwAiIyMZMmQIcXFxqlTtN8OIiQJw0VQfZhEcmmhuBYhm+A2hm7A217fQAhAVzUBrYqlWACIiIiIiIjLgRUVGEqVwRERkEIlmZGw0V5pbaW6opZ5YhrfZJ5GUiYntnKOOSw2tAMTEDhtwFaIDbTwiIiIiIiIiIiJyDYhJHEZsBNDaiONyqH4AlZSeOc9XZ77FEeJZ5+Ua6luBiBgSEgdeOwcFqyIiIiIiIiIiItLzIkcxNiGaCKC5+jLf1LZ2+tDWmouUVbfiAWISRpI4AFNMtQKQAc9x5Ffcff5Ep/d/aMIWXp4xznz0OZt2/Ts33/s7ssZadrq4m6c+OkBm8Pa+cKKI/A/hgeWZTAGgnP2v76Ey43EWTQ7e+Qt2bTlB4iNLmMdBtr9Vx93LM5li3W6Dkt2vcnjUApbOSurjNyMiIiIiIiIiEl7sDaMZ5bzElSY39Y5yzreMJjlxuFntGaoVQCt1lx2UV7fgBiKGjiApTP/V/qZgVQaHxN9wbt4dHe729/1ZbAl4/Gt+D/BRFk/7ti7knxJ38x7wXsB2+Kcphay8rYfGHM7kTHIpIn9LESzPZApJzPtBGtvfKqJkshG2Og7t5F3msHRWJ87nOMhhO9TY95B/PPCp5PtChbUDw8X6TzlV+Rrf1u6ntvksAPExadwYP4/0xMcYO/z7/TxCEREREREREbl6cdhuGkPEN5epbHLjrLrM6doa4hOGM3rEMGKHGPGku6WB2to6rtQ6aXYZR0YOjSf5ptEMvCYABgWrcs1yHPkVixqe5PC98Osj8JuFC7EBRhUr7FqUzYXdy7lwSx+EqcEmZ5I7uZz9r79Kfq1/894tr7IXG3dM7eyJytn/17MwNY3k42dhAAepVh9fWMGJS1vbbK9uOkV10ylOXNrK5DHLmH3z5n4YnYiIiIiIiIj0rDjG3JTEsKpKKqqctLhaqL1SRe2VqtC7R0YzfNRIbhw1fED3MVWwKoPLyVdILdndZnPg9H/g4m5+fXEuh80w9eVbXuGpIxX8hheMtgKJv+Ec47hr4W/YtOtXFI7uh5YAJDHv0ceZZ9liVKpmMIWDnOvMKU4V8/nIDHLTbTjS4d23XiX/wzjuMFsEDETvf/0w9po9He534tJW6ppLefCWd/pgVKEEtlvoqvbbM1zduSWIw9omQ0RERERERAamaIaNGktagpPqqhqq6pppdrnxeMynIyKIjIombsRwbKMSiBnIiapJwaoMPkFtAYKn/wMwdiEvL7Q8vu0epu5azt2xT3J40bMc2r2c1F0L2bXoSVYu6rjFQM8x+qmeSzEDtxNFbK/MMMO3ckpKG0nISILKEIfa5rB0uffBNBYtnwbgC2ZtJLF0+RyM0O5Vdg3A6tWPL6xoE6oOjboBD0aNfwRRNLku+56z1+zh4wsruli5alzjz0dmkLtwWk8Me5ALE+KeKCL/w7qgED7o82nhOLST16smW65pP1znE0XkF4/g0UfnoDxaRERERERkkIqMZWRiLCODW6sOQgpW5dp2cTdPffQK72H0Tz1nTvnPWlhI1slXSN2VBRgB6119MiCjSrVk96vk784gd2EGqa8fZH/6EuZxinO1Nu6eDBwKd/wX7NpSjL2DV0mYuoClAyxUvVj/aZvp/9GRw0hP/N+4bcxSAE5e2saJy6/Q6m7w7XPi0tau9Vx1nOIccSTYT7DfMa3fKkKnLHx8QFdPlpxxkBAfx+eHv2CeLxhNYkpKHJ+XnsIxK8kSXhqhf3KGJUAdINcZCPqjg4iIiIiIiEjfULAq1yZfoDqZl+7dQuaR5TxdksXvS4L2i32SwwuTeWNXFovoo8WrCAzd5v0gie1/PUhJSjk1yZONxavaPdrGA+1MeS7Z/SqHe3KwPeRU5WsBjyMiokkYms4tiT8hOnIYABMTf0JZ3QdccZbg8bQGHNvZYNVxqhxS5nB31R4OnyoHW6ip+INP5bFC/u1v1di+9zCP3nm1f9b7gpN2G3c/MoLDb9kpYZrv82RLTyLheDklDvxhqcMS+vs2Xd117tn3IyIiIiIiItL3FKzKtWnsQl5eZOkFsLCQrHZ2X7mokJW9PigL65Rm2xzuHvkqe4/HcccjXZ1SbVSwDoZFq76t3R/w+Ltjf4XL04zH46LFXW9s9Li5OWEhExIe5ljFb8MeG94XHDwOqY8kMeWyjb0fFlMyyxtCm1Pi70vi3IdnqQGITwuYVl6y+1X2BpQDx5Foee7wqDQSjp/F7j3OcZDtb5nnAkj2T4sP7rHa3rk7o6ayzvy3Erp0ZFuOQyewJ09mkc2GI34Phw+VM8U79d+WTmr8Wc5ZwlLHKX/ob2jvOvf9+wnssdrefTbaF1Rm+L8v1hYHJbtfZW914L5qKSEiIiIiIiLhKFiVwafy16TuCtz00IhwO1dQuHs5TzvbO2FftgIwOCrrSEjJ8AV6Y0fF0eH8/pAnqqIGqPmwiJLJA3vhntrmswGPb4y/j/rmMkbFTWZIpHEDW9z11DSfIS7aFhCsBh8b1gk79vgk5tgAWzLJHxZz8gRM8YXOjXxeDI8ufxybGUofPDGHRZONgG1vdRqPLjeDVrMHqVXN8TruXv44i8AM88pJfeRxs7LTCOK2H7KF7E/a0bk7kjrvYRalVpOQOqFLx7UVOK2/"
[DEBUG] 2019-07-12 19:38:49,958 method:org.apache.http.impl.conn.Wire.wire(Wire.java:86)
http-outgoing-2 << "7dT/JOZl2Mgv9m4rp6QU7viBJVzs8Dr35fsJJfx9bs+UhQtwvL7H2JdihaoiIiIiIiLSrkGwvpZIkMTfcG5Roe9nVyeK3f5pSmHAMb6fe5/kod4fcRBzkapEb/hmVP8lJ8Pnfz3YQRuAaSzytQEoZ/9fz5IwNY0Eyx5TFj7O0llJOA7tJH/3F73zFnpAq7sel6cJ//J/AB7c7mZavRWsXVRyxgEjR5kB4TRuSwb7Ges1iOOOH8wJeL6mshx/2GhZFGlyMslB50+YmuELr71VnP7eokYgWVN6Kugedu7cHYocSfLECSRc7X+1Hac4VxtH4g3GQ1t6Egm1xtR/n8nJJHu3nSjmc5KYYumh2vF17oSeej8hhbvPHUli3g/SqPnwVfI/hAcUqoqIiIiIiEg7VLEqg8ttT/oWoPK6a14hL3dw2O9D9Vf1WUjfrnvjoLLWxm1m9VzJ7mLsyRnkLrSx31stN2sJS8192zKnKNfGcccjj7OIg2w/3navi1WNJIwaOGunx8ekUd10yve4uPy3JMZ9l7RR2bjNfqpuTwsXG/7GpYbDbY7tkOMgh+0AxeRvKbY8MQAWV+p3I7CZ77/ksDE9/vO3XuVzyx6Bi1hN47bkYg6fKqekyhFQXa3rLCIiIiIiImJQsCqDQ4jp/+GEagsQdlGqi7t56qMLVzW0LnNUURM/grFg6eloBFrzfpDG9rdCT+v39+g0AtVcX4CVTmr8HvZueZW9AUfYeGDhwFm46cb4eQHB6qWGozS0lHNzwkJio8cAbppd1dird1PXcr7NsR1xnCqnps3CXkYIbfQLbe/oJGwj4fPigzgmG5WOjkMnsBO++6ctPYmEt6xhYjn7i/0h5MWrOHePOmHHHj+COYCxaBUkTF0Q2K7gRBH5HwYuYjVloo29xQc5XBtH6t3+fTu+zgPnM9eWeS/OfAGTp2FUizfiLx82q8Dve5wfVu7k9d1fMEVVqyIiIiIiIhKGglUZHBJ/w7l5d3S429/3Z7ElYMs4shYWhj9g7EJeXnS1g+sax6lyakZOxnaiiNerAxdPwjaHpcsxgy6zWjU+jTk2sC18PEwP1STmPfo4HUeP/Ss98TFOXNoasK2h5Ru+rdvP0KhEPLhodde3CVW9x7bPbK8wdU7QNTL7hX5YTMms9iffe/trvr7F6OeaMDWNZNqZPm6bw9L7isi3VH62CSy7e+6e4PsMxXHHI5lmb1c7dmw8EDzGyRncURy0iJW57fP4NEsbgM5c517u9Vt71ncdwbzm6Z0/fMrdaRx+y1tta+OOqXHYqwDrYlWTASaTvKU4ZM9cEREREREREYAIZ3Orp+Pd5FriMXtaejwe3G43LpcLl8vF6JHx/TwyudZ9fGFFm3B1SOQIvP8RigBa3IGLOk0es4zZN2/umwGKiIiIiM+V6lqioqKIiooiMjKSiIgIAN+/IiIy+BiRkAePx4PHAx6PG7fHg8ftxuV243a5uWF0QkenuSbU1NRc9TlUsSoifWb2zZupay7FXrPHty04SLVKTligUFVEREREREREBqReWY9ZRCScB295h8ljlnW43+Qxy3jwlnf6YEQiIiIiIiIiIl2nilUR6XOzb95MeuJjnKp8jW9r91PbbPTMjI9J48b4eaQnPsbY4d/v51GKiIiIiIiIiISnYFVE+sXY4d9XeCoiIiIiIiIig5ZaAYiIiIiIiIiIiIh0kYJVERERERERERERkS5SsCoiIiIiIiIiIiLSRQpWRURERERERERERLpIi1eJiIiIiIiIiIhIj6isqe2T10lMiO+T12mPglURERERERERERHpEQMh8OwragUgIiIiIiIiIiIi0kUKVkVEREREROSaVbw5nUnp6UzaXBz8DH9KN57707H2jw14vnwnK9LTmZS7EwcO3s5t/xyY+4R/vh3H1jMpPZ0V7zjanvWdZcb7yt1J22dFRKQvqBWAiIiIiIiIDDiOd5ZxzzP7u3zcgy8eYvPDNvNRMZ/80fjt2dkZQef/Ey8AMI/kpKsZaXscvJ07i2eLgKJ02HmKJfYO3tcv/sLpFRnhnzfZZizgQfbzftHX2AFbh0eIiEhPU7AqIiIiIiIiA1cng8bizeks+WPgNn94Ci8sSff9/uCLzzPFF27u59k56TzrO+pn7Dy1ho5fsQPlO1kx5zneNx8+u/MUP78TuHMrpx/u3ilDvUf4M0vS/+x/mPk8n+QvUdAq15hyPnr/ayY/OJsxIZ+/wN//+hUVHZxlWMpdzE0f3fPDk+uWglURERERERG5BhWz85n9wDxeePEWnn0GX2BavDmdJWCGkPP4JHcW7y+wVLoGhaIvLEmn5Bc/gz/+2bctmD+4/Rk7Tz3IJ77j5/HCwa38qEtVscX8Kf3HviD4/WdmMemZn7Hz1ClOLzbGhq8y118VG1itK9c343Nh/69moH9sPZOW/Nkf8B9bz6R/vcUfwgd95kPrzme5r1TTMGIKmd/3D6721H9Sk/4dbvJtOc5HnzZBen+MT65VClZFRERERETkmlO82Qgmn935PPzrLACWbH6QT1L+ZFZ9/oyd+UvgnWXmVP1ZrMAMJpOWsPnUEl+FqC+MWrEmbADl28eUcfB5Sp6HvPwl2I6tZ9KbD3aq8tY8mp+fOsU95usHBKblXxuv/cyfKX54DRnl+3m/yHg//02hqniZn4v3i9IpefEQm5P9T1nbbOw8tiTgcxuuQjx0tXTv+ebYXj6/ZN3SxJUrTqr+upco6+Yxt5J5583+x3X/yYFPy2gAXNXVNJWWMQxvpWpfjFyuNwpWRUREREREZIALrOAMZEzdD1C+k//bDCR/fqcN8v+CPf197pn9Pvcs8bYA+DNLNj/I6RVbOZ1sVO/l9WQwmbSEzfnm2Jf8GfgzK1K6UlHq4MJJ6+PgaxDUAsD7WK0ABMw/Dszj7dxZvF9qx+ELVh3YSxnwn5Ob7nzAUmnq4vSHRfx9VCxRI24m8/u3hj9wxHeY+4PvAHDp04+59P3ZTPY9+U2vjVeuXwpWRUREREREZJCwTEVub+qyWXHql8HPd77PpCV/xghif8aF3Fk8+8cfm2HnGk7n986IvZWzZD5P3sN2/pQ+K0xA7PfszlP8PMlbiQrvP/Mcb8/4ufEgbCDWXvgs15uACtOiH/O++fsLS2aZG/dzT/pzg6N9xKVPORGTyvjGapKGXuAjxy3ca4sKuau10tVVXU3TX/dyFoAhpH0/sa9GLNcRBasiIiIiIiJyTfOHTP6FqTLyD0HuLJ59ZhaTSttfIKvkX5ex4rZbOtdj1TqV+th683Xn8cJzRhj681On+LnlON+07KDA1PHOHstr7efZOfux8r2nTi7uJdeXjBWnOL2inR3MP0y08ccfM6kPp/x3yF3GR580M+WHY/jmf1Uz6rvfofyDT6m4fzbjIi371TXSQHCla7DjfNTrA5brjYJVERERERERuSZZe0kagqfPGx48+Scmpe8P7JNqthMAYMHzRlVfF3qs+lsAdId34S1zfC8+z5RnvuYeMxQGIGUesB9OnsZBBjazL+vPQ51OpLMGSI9VQx2n9x+mYdrDpEU6jIn8keO597tnefOD4yy4fyrx3nDV2UwzAFc48fHfOdtoPc8Q0r5/H5NH9O3o5fqgYFVERERERESuLb7w82fsPLWVztVzFvOn9HQmMY8Xdi3g/UV7IBMoginJXZ0q7eDt3KuYln/s/aBj5/Hzg7AiPb1txWzRc9yTHlh52DbklevOsfVm64v2PdgHQ+meOs5/tJ8Tttk8nBo07d82m8yJe3nn3TpmP/R9bhpibI6KBmjiUl0sdz84mzHm7pc+fZ8TTkDBqvQCBasiIiIiIiIySOzn2TnpPNvRbr4eq0ZYuqSj/QGjTcApTpuPfnRqCcWb0319TrukfD/vF83jhYM/xz6nGwFr0i08CEz5xc944Y9mOOZ9T97QeIAvPiT97M41nA5e1M0qXCuAgaDlAoffO0xF6n3c4foPiv4K0MSVK06q/rqXKGBYyl0snnGS//nuPpp/OJ+0S3UwOgkoh8YKPjX3A3BVOxk16Fa5ngAAIABJREFUqd/ejVzjFKzKgFFRUdHfQxARERERGTDGjRvX30MY"
[DEBUG] 2019-07-12 19:38:49,959 method:org.apache.http.impl.conn.Wire.wire(Wire.java:86)
http-outgoing-2 << "QDqe5l7c7vGWRa+CtbcIlo+Dt3Nn8Ww7Iauvx6r5Wr5gt93zhpE0iSmZz7Nk9te8EDz9uvxrY6whKlVB1apyDRgynu8++DAxMTHAA0wAoJyP3v+ayT/wV6LC98nOBnBx+lu4aTZAEvdmLwp9Xncvj1uuSwpWZcDQ/+MoIiIiIiIDk40f5Z/iR9CFHqtXI5l7/msyNr5u84zDbmwLXM3dG/zOIzlUeCzXmY7/EODVphXAgFi8KoqYmKiOd/Oq/w9ORaaRGRP66bNH3ud8SxxN9S0kffc7PTNEEZOCVREREREREZEBxUbGncCx4O3eRa1+xn972NoEwI69Oy0L5Bpl+UNAOOFaAQyoxauskrj3wTB/NRh+F5lzwx+ZNuNB0npnUCIKVkVERERERGQA65EKuk72Zu0H9tL9ADy4YF4H/VKL+VP6j3mBebxwcE3gglzlpykB4BZuVsWqdIavD3GYx0EyVpzi9Io+GJfIIKNgVURERERERAauMBV0wdqvqOtij1XrtsznWdKjPUu9AalF5vPkPdxerLqfP6U/xwv8jJ2nzFC1zbhDBK4iItKrIpzNrZ7+HoT0LY/H4/vX7XbjcrlwuVyMHhnfzyMTEREREZGB4kp1LVFRUURFRREZGUlERASA718RERl8jEjIg8fjweMBj8eN2+PB43bjcrtxu9zcMDqhv4fZJ2pqaq76HKpYFRERERERERERkV7nvFJOWVUzHZZ5RkQSO+oGJoyO65NxdVdkfw9ARERERERERERErnVVXOxMqArgceOsqqay18d0dVSxKiIiIiIiIiIiIr3MbbYiGMLoiTe2s2BfJaVn6mjyeHD12di6RxWrIiIiIiIiIiIiIl2kYFVERERERERERESkixSsioiIiIiIiIiIiHSRglURERERERERERGRLlKwKiIiIiIiIiIiItJFClZFREREREREREREukjBqoiIiIiIiIiIiEgXKVgVERERERERERER6SIFqyIiIiIiIiIiIiJdFN3fAxAREREREREREZHrUSWlZ+poYgijJ96Irb+H00WqWBURERERERERERHpIlWsioiIiIiIiIiISD9IJGViYn8PottUsSoiIuJ1JJ/YxGRiE5exo6xzh1S8uYzYxHw+692RhdaN8XZ4vicKqOjk7p9tTCY2MZn1R3rgtU3G9UwmduPRnjupiIiIiIhIL1CwKiJ9o6yAnE4GQN6wxh/wONjxRLLCFgnQbqDpDRy79Hk5yvoFG8zfi1j675059ijblhUBG5i78ahxjkTzsxrqx/uZ9n0fgn/y2eENFsP8+ENMBzs2e8c7jbTxXXir7b3/wpWkdCqoPcq+dQCZpFpfO+x7s37/j7K+v8JoERERERHpJ5FERAC0cOXMeb4K+1NHE0BEBFH9O+AOKVgVkT5R8cm7FABQRMEnjj54RX/A1elqujaBUA9VAV4XQgSKnap8DB9Etnvfygp42htohrhPn+0zA8d1L3f6Hn62MYs864Z1WZ347ExnzZ7VlteazppKO87gH+8+wdYWmvsUsz3L2JS2eGvQttUcsJxrzQxjv4o3n2NpofdEG5jbXqBrCW7DhZnW95+3Zys5HQS1FW++bO5fxNKplns+PpsdlveTt8eOs7LQcm0d7Hgiizw2MLcL1bEiIiIiIjLYjWLsqBgiIzqxa0QksaNGMtCbBChYFZE+Me6eH5INwGqeWdyb6/x5g7qgkKwjR/KJnbrSDH+9jMCoJ6c5X6v8IZtF4UpSOgrOyi5wrDsvOD6bHWZYl7fneeYHheJz13l3tIR+7QS2FW8uM4/JZPtxO6VbMwHIWxAmXPe9Xj6fzXjUCBHX/pD5XX0f67LMcWVYQlKv85xrs810JJ+UZUUAZG8txnl8k+/7dSBUsOv7yWVmmPP5rtnaQl94y5H8MFW/3kpd8/W8wfHtNzMOoOxjCgqhTTUr00gbbyPnt+Z4C1fy9JsOS0uDZN/78l8b/aFDRERERORaETs6iUlpE7h1Ygc/aclMGB3X38PtkBavEpG+MT6bHZXZvfwiR1nf1UAVCJhSnbWJ0m3ZjLOcK2/fUdbMmN6zQ73mTGP7cX+VY8Wby4yArPBd9pVld1j9aAR0YUK/sIzqUEP4z9dnG82gdW0hzlVt76NvrGT638PirRw4k8zcdUUsnboMjrdXwWkjZ5udnC6N3eQbk4MdT5jhalkBOQEh/wbmJlo/n7PZZ/m8vrTYBlcTOJYVkONtgWC9RpbtseuMylNv4Oqtbs3e+igz8VYIZ7L9p+Z7+Wdj/Hlbn2f+ePwBetYEUgHGZ/PS1ncpWFZEwbIM1u8xQl/w34/srcXsWGwLvDYiIiJd5gGPB+eVk7zzb38hpqYWZ/k3jIx1U1fbzPnGapb/j/+D+JvvBYbgjvSAp7/HLDIwuN1umpubaW114XK58Hjc/T2kdkVERBIVFUV0dBQxMTFERqqWUHqfPmUi0jfCLrITNBW80z0xLX1Xg6sQ1xaGn3rdgeyHZxsVd0xn/tpunaId/veaE1Sl55+iHXg9ct4MbJtQEaL/pv+9W44Nuo6+vrXWqeAdtD7wv1Y+nwVd7+BxjVucGxA8+iuU+5I5xoD37u0DCnnz24aqn21Mbhuqmmau8lauGuFqe9WSoe5Lp6os26tY9bUJCJ5KbyNnWzHbs1ZzYFu2+Xn1aqclQMjq4aOs94a4WZso9QXP/nAUjKpYXxUrDs5+afxWsCzDUiHsrQ423kv21mLWLD7PtsRksxo8k+2/9Y933OLn2Z5lVAj7zw3nzhS1c8FEREQ6y00ELqIiW4mov8CH/+82zn36GWePF9PQ1AAeSE9O4tYbEji5v4iW6q+AViI8rUR63ETiJkIJq1yn3G439fUN1NTU4HQ6aW1tGfChKoDH46a1tQWn00lNTQ319Q243QN/3DK4qWJVBrHP2bTr1/ze93gyL937O7LGBu12cTdPffQK73kfxz7J4YUL6c3J6IG+YNeWYuxhnk2YuoCls5J8j0t2v8pey87J9z3OosneR+Xsf30Pn9d6H9t4YHkmUzp6reQMchdOu6p30SvaVOYB67KY24lDrf0l/ZV0RgXjGoAjH3dhIDbmP5wJhUUULHudzxbnMrODQO6qvfMcsYXWAGkDc5/4guzCooDrUbDsOXbcYwZ+vr6igfIWLCP1+FZyxhthcN46YN3HfLZqulkB6n8v3gpDjuQT61uoyStcdeYXvPjEBnNqt3dcGaxPCQzErD77d29Y90OjYjGcsvPm+7VUZYYIOducf6N1ur+5P+fh9kwjrPzSrDw+8rEZSK5mfsBYLVWQviplLNfFrKBdvBVnirFt6dRkCnxVlKF1usqyvQruMv8nwKjehO3HnwrayUbOttwQB3el8tfb65TAawB8ttEy9rWFQe/ZmMpfULgSthbzzJkM5n65idIV50lZsCGgshVs/u9kGzZytm3t1EhFREQ6KwKPEYhGgAc3ntYIai/b+br0PBG4iY2MpKmmhbONjUR7YHRcFJHVl2n45j8ZlfgdIlzNeIgC8zwReHy/iVwPmpuaaWhs6O9h9IiWlmZaWpoZFjeMmKEx/T0cuUapYlUGqeBQFeAET3/0KwovWjadfIVUa6g6oJWz//XAULXt89ZQFcDB3i1FlPT+4HqFL3wz+1o6K+2WXpHtsASMgZV03Tdu8VazOtFb8ZdFHm2r6XpKQeE0sxemf5EfCoso8FYp+ipugxb7ClnF6N9n5nzvcRvY561k9YWLmWTfY8O3+jvehYWMnwNrjXMt/ffgquEieLi4zf3J2xeuKtYMPYPCus7ruEJ05qrgKk5g/HRyVpn3sXAlKYnJvvDYFygD1tAzb48dZ0djnJHru08FyzLaVOt2XWD1b5sK5E+u8vSdHkOIYBkC+62ymgMh2id0xKjgXcaOMm8VdfhFs0RERHpCBJ6AKtMID0R6PEAkzc0uhrncjBs5kkuN9fzt3Nec/fYiZyrK8cQOxe0G++nTuF1uIjwReHBj7QdgxKouVbDKNc/pdF4zoapVQ2MDTqezv4ch1yhVrMrgFVB56g1aT1B0voKsseOMbSW7AXhowhZentH1eKdnTGPR8qBqUcdBtr91lhps"
[DEBUG] 2019-07-12 19:38:49,959 method:org.apache.http.impl.conn.Wire.wire(Wire.java:86)
http-outgoing-2 << "3G1WqzoOHTRD0+AqVNOJ4qDnvUGrg5MnYMpky77xaTz66Jw+rMrtDn8VJWuf8lcnjs/mmbUrKVgX7riPWT91g2/q8ks9tRCWZTEgv8701+ymtbPNoM9fLevvUQnMmG30d7UeMz6bHausG/wVqgVnzgM2mPEo27M2GKGh2RvW6H+Jv3rUF7RC3oLktj1pv7xABdYwzbLg2PjZZGcRUL0aVuFKnn5zdrsVnkZoaam89FWMGgFvTjdCvXGWKtM24we61xM16JirWkQp8FxG9a2lSresoHv9WoHAyt8glgDVV/EdHKpa+612ovq1YFmG+ceRlaT4PhPeha0yOxjrUdYnvmxWW3f4xkREREIyQk83Hjx43BFEmNu8BaattDA0cTy33DqOC/9ZTkV1LVmzv8t3b0+hbuQIhieNZfjQoTRGj4KWSlqjR+Bxu4iMiDZi1AgjZPXgASKI9AyByChFrHLNaW5qvqbDR6fTSWREpCpXpcepYlUGqTtYGTCdfxw3xwbtcvITo6I19kl+02+haijl7P/rWWqA5Pu8AWo5JaWNELAtkKOyzvglOdl8PokpKcYKefYzX5g7VVHTm0PvJdkTJ3R+53UbfEGgvx/q1Qpdwenrr/nPHaxs38uM0BRCVTrObRNAm0EtmAGpvx9mz12v0IwqUntAxW2XKzxn5JqVs5jj74Y2bQ42MLfTvXv7iLe/bbvjusC+d4qAaaR1OnhcbVZCh/jZZu1vurXNtoB+q2Sy/XguM4/kh+nNasjeWmzcr6xNlJr3PG9Blq+SeulU7+/eSnBLJfKRj8kzv187gqud8fdv9fefNXq4Xn3FsIiIXDM8biJaG/G0NuFxteDxNOOJaMUV5TJ+PB7cra3ExUQRGxfFpO+M56ePZ/EP/20xN/2X+0m9M4P4EaPxDIll1LAhVF04THPNKTxNl2i6Uoaz/Cuc5SdpKP+SlivfgCsKT2QEqHpVrjFut/uarFQN1tConqvS8xSsyrXh4lGKzD+uTY03YoK/f2tWq45N5tDuLFJ3GT+bTvbXIE3eytP4NOZ4q0wdpzhnVqPeRhH5W141fl4/SJsIwW73Tf2/WGWEsVRXBe5Xe5bXvefY/UWvvZWe4g8OwbowTkhZm9huBm8Fy55rf2GgzgrTh3NcillpXPgu+3rida6Kf+p29tbioOn7gXwLRxW+y74jH5vVpd42AFaWFgxhArhum/Gor8VB4P3tTWbw7A1VszZR6m1dsC5rgE9H9y78tIwdZLOj0o5z/nkzUNzA3I2wJujeGK0XzKByvHlMZS6pby4LCkPN6fjtBKTGPln+SuY9W8nBrF4tXElKF4LpvD3G59L4I0Wh77tlBL7+6lRvJXX2w7PJWWUPaoEB4T6f7VZAi4jI9cPtxN1gp7n2LK76UtyNdtzOMtwNl/HU1+Oqq8Zz5STusr00fbWDG2M9pH7vNr77D7O5XO3kwpcVVJx0UHOunqpTV/j26BnKPjnGlZJjXDl7mNIj/8bnb6/n5PsvcuyD/4fTp47h8jjNXqsR/l6uIteAxsZrt1I12PX0XqVvKFiVa8DnbPL2UY19kp/cFvjse+d/zdOW/3b+viSoD2ufKmd/sRGBJmeEmqrvYO+Hloi09iyvm8GoLT2JBO8+Zmjaph/r5bq2Fav24gEark4g1dtbdN3Lliq218Mv+GOav8rfW7Q71aS+Fdy9QdP4CWbf0A28aKmG802h71LFYG85z7ng61JWwIuhWiaY0/WhiILN7xoViNZ2C2abgVDXr+LN/G6E1UdZHxzaWe6jryL5SL5ZgegPOD97M/g4f3/PDitsyy5wzPd7ATmJgQsuObdlM258Njv2+PvOzm03XLx6bassO7DuZV78Evwhohk8BlfdrssKrPa0ttLwVr8+UUCFt/9w4UpSvPuXTSB1Le0EpJZFrLD0LbZeu3VZIStFC5ZlGPercCUplvHOXNVRb2Lv+K2Bv4Mdm83K8a2byB4A1eIiIjJAuZporjmHs+Y8LY1ltDR+S3PdNzTXlNJcVYKz4mNaz/8vmkqLcF86TGRLDSNvn0Tk0OGUn7rM12ca+MoRRe2YSbgmZRA1aTpO2wTqPaO5dPIb6ksvMDRuLM7mOL76z8uUlg1haHw6UTHDiKCVCI/Zx1XhqlwD3G43LS3Nvf9ClR/wh2df46tQ21/6gMu+DRf58KVf8YeDQf+j/avXWBmwX/e0tDSralV6lIJVGdxOvkKqdxGrgJ6rFom/4dyiQs4t2sJLsYDZh7VfWPqk3jY51A5x3PHI4+Quf5zc+8x34q1Qtc1h6SNpZrhqnOMB7z4jRxnve3Kmcaz58+jUuMBzDCg2clb4F2gyqvWSQ6xUH8p01ngDny5W04HDnF6NvxJ1fDbP+KpgM9pMSQ5c+CgEb2DYq6GdP4j2jXHqu5AVal9/O4CCQuO95s239iqdzhNbzXYB3kWezJ+UZd0M4YPOE6q/qT+otiysdSbMcR31zz2ST6xv2jqWENCsjLT2Zp2Ra1RCesPW7r3DTrFWEzuDKjQDlJ03x14U2K/W+1nyLbpVHNiWYqrRPqDizZeNINQamINZuWostJW3Zys5ZfnETs1gqTeEXZfF+iOW/TnKeksInL21OLAidEau+dpBFeLm+L3VqdZWAJSaQa9vETjwtwIwpvL7xu/t+wv+MH5tIWsWZ/OSuQjZ05r6LyIiFu5WJ64GOzRVAS4iIobgcYOrqZ7mWgcNlaU4r5yltakSV/QwouKTiUhMxd0ci+NCC/aaGFK+dz/3P/wI06bPJOW2yaROvYNb5/yAm2bPo3lYIpcvVFJ9qQpPQiLf1kQwKu0OUtMnE+k2lrTyRPjHo3BVBrvm5j4IVQES7+eX/3IT//PZX/EXb7pa+QF/+B/f8F+evp8bfDuO5b6nf8dSXmPl/3fcf/ytj/F/3lXMf7du66Y+e89yXdDiVTJ4nXyF1E4sTvXQCF9XQWaNnQznT/BeXQX0arwSWskZMyDw9UkNNgKbN9OYnEzyhw7s1OFwADaMcHX5HP/5dr8KQMKo0AGULT2JhONnB27f1Rm5OPcQEKbm7bEzf1+o3qFtjz2wdoOx37osciYWd3KKsGWxKEuoM3OVndKJy9osYJW3p6PKu8Apzb33qbKR89tNFBT6w8S8PVuZvy855EJSRjuAInPfwBYHEGqBJ1NwUNcp/kW0As9VGBBwzpy/GtZtCBjPzFXFbP8yqLoz6LhQ/CEtWBcZc1aGOWBGLs4O7uPVGLd4K87Fnd+/otQIsPP2FMKCLPIoouATBzmLcynd+gUpy4oCPnu++7V5AqWrJnBuI/gXO7sQdHZjcSyAzzb6A9qXeI6UZdNIHW/+B6WsgBxLOO0NVSvebPs9MBgVpPO3ZUPpF0AmqaE+KynZ7KjMNh94WwxYF8JysOMJM/BfYQbdvkWzVnPAvPfjFj/P9neKWLosg/UpHX8PRUTk2uesr8JVf4ZI6sHVAO4IXK2t4GqltbkRZ30V9Vcu4XHWEzs0moihUYwcnYjHFYW9rIlv6oZR5azhy12v8p3JU7n3oYUQGUOE242npZmYuBFETryN6sNVxJRfwTkkiqFjxzF56q1ERnqI9LiMgUREBIwrAo/ZIqAHHN/EvKdh896Vxv9ecLzNmpwPmLPjj/ywYhPznn7bv+9PNrB/+Z2W406zascf+aENKt/7BYs2TmLzjgm8lrOJlJf28BP7L1h04H52rfsRiUDJlgWseKMLY/veSt+xXsY5bve9Lhzj/3pgNW+E2FcGptZWV++/yFevsfJlfyB69uVf8aHl6fxnfwVA2iO/5JdzxgJww5xfssmsXv1LqfVkr7HykPf3qeS+8Bi3dnE4ffKe5bqhYFUGqc/ZZIaq/zSlkJW3td3jrhsXQuVu3rt4FAcLsVHBoYsnAGvY2pe+4KQ5dT954rTAp2zppMaf5fNaBydPwJTJwAk7xu7esPULdu2GRQvNY08Uma0A4khNTwLAceILmDzNV7XrOFVuhKrxIxjbm2/tagSvCg8ww45zlXVD6FXcZ64K3q+D85rChWBdDccM3p6woXqYBpvOmko7azr1uiH2HW8NrExtrlU7+wZr5xqFH1c37kW7rxf6"
[DEBUG] 2019-07-12 19:38:49,960 method:org.apache.http.impl.conn.Wire.wire(Wire.java:86)
http-outgoing-2 << "fB2Z+dNNZH8JL23LZpy3/+zUZJZ24tg2VZl9wBcE334z44DPzhRhBMzTmVlpZ01ZATlTM4hd5j8mb0Gyb3q+1dNvFrNj1VbL9TZaPxQUriQlcWXbA8zq33FY76eDHf9sqfjFrIS2vH5gwG0GpIUrSdl4Mwcwxt+9Fhk2crYVci7xYyNg9wW81vDVu5+dtI3JzF2QTF4nAncREbm21X17jLihzbhpAY8LV6ub5oYGmuvqcDkbaG2qx1lbg6vFics5hKi4aEaMiMTxTQ2NkTfx8dG/cejjQ9RcLGXGd25hyvS7iB97M263G48bGltbcLoiqYsdyZDyb4m6YSg3JbgY4jhK0+iRRNom4SGSCA8E56iRuHH3yYTQ21m1Yw288Dgbr/JMU5bvYf/ywG1GIPtlyBAVMIPeTXwasPFLNuYsCBzP3zax6IFNljF7g1cZaFyuqwkZa7GXVJIwJcUyszKEWx9j0wvWDRf58KX3SXo6RCjqrWJ94TFuNatX7zOfunzwD+wd90t+3NUkNcjVvWeRQApWZXA6+Ykx/R/4fUkWv7fOc0/8Defm3QG3ZfPS17t52vkKd+96xbLDQpaHqW7tVb6gNFQbgCTmZdj4/EMH9g9fJd/y57uEqRn+6lZ7MflbigOOTJg6h3ne/yel8gSvBz0P4fq59q2B1a+0B5WZi0N1q9JTum18Nju2eR90L5ztVcE9UsGYLr9qOuAAMiFrAqne5zoThIfVnfff1WOMqmTm21kzw8FnGzNh7WxmgtEvt3AlKYVA1iae6FRl6XTWVE73h6pZmygN06Zh5io7zp8WkDM1i9h1weGriIhcLy5f+A/iImvxNLsAD263i+amRlobnTQ3NtBUU0PlRQf1dQ3EDIlixHAPo4YPJzJqKA0tLVxpaeCjAwc5XfYt1TVNzEqv49Kly8SPvRlXawuNTU7q6+tprnfiaG7GeamWkZ4GIpoqqDr9dyKiR2MbMZahw0cRGaZC9eoqV8t5d+3jbPyb8WjFA2/zk5/8iDfeMCpUP81ZwPmf/KjD4zbmLGDj927n+3/7EviSFeb/sf/06QUYxalfsuiBD8IEncd4Y6O5imzahNDVprYfsX6vfxyqWB38PJ6r6TdayqE/F3PnC4+1H6x2ReL9/PKF4/zl2T9Q/i+/5L5e+BBd3XsWCaRgVQYlR+2ZTuw1jqyFW2D3csviVQvZtehJ7urFsYXjqKwzfglXPTo5k1yKyLcsXpUwdQFLZyWZj2wkxoO91n9I8n2Ps8gS0tpmzeGO0j1mH9fQ+/SXTvcrHWyuKhCTAaeDKl6fju57u+exMXPVVgbbeqQzV9nN727g+NuvVg5dpe3T2e+PvmciIte1Zmcd0c6ztHpawOPB43LjcrXgdjXR4mykvqqK2itVNDa24mIIdU1uoofFMGy0jcghMQwbezPV/1FCVGs9jTUN3DFhNN+ZeCM33DCG1uYWnE3N1NfXU32liqq6GmpqanBUXqE1ciixQzxEDR1GXe0lhlddZOiwBNwRkSHj06tvCXA7q1ZNYuNGWLXqNOeTV7L/kQkBrQDeeONLNuY8buyeFnzcaePfAxN4bBV82kErgGCV723H2xngJ7Pu7NSIp8z6EbzxNhvfOsYPl99JyZbVvMHtrHpWoeq1rYwjbx3gDFf4ilouv/U6x0jlvkfuIanNvsf5y7OvBUz99zFbAPiN5cf/8kvuS5zKj1+Y2hsDF+lxClZlULLN+B3nOlUVNY6shYWh1/fpY7ZZS8id1cFOkzPJDRuCJjHv0ceZ1+4JOrNP/+mPKdgiIiIiMrg1XTmFx92K2+2itbkFt8tFdFQknlYXjfX1uJqbGRI9hLHjR+GJjKLJ5WJ43EiGDh+FJxKIjGTsjancO3Ucd4wdRepNcdxx/yKiRyRSV1dPbV0dVVcuc/nyZaqqqmhoaKTCcYUWVwxpNw3DNWQYLlcLDdUVxCeOZ0hsfJtWAF492m/V/jZrnjam3X+a8wtYNYnutgJ4w1ux+r37w+xhqVblR9zXTqbVcW/WoNYAql4d0CIiIrtRwRlP0q3fIY5zlB8sY+Kt3yGZ0QwLue9UfvzC7/ixddNXr7Hy5YtmiBrqmIt8+NJr8NgvSfrgV+Qfsj7n789q7cnaFRERWsddeo6CVRHpE85Ke38PQUREREQGGVeLE3ftCVwuD62tLjweD5FRUUZf1NZIYAhDE0bRUtdAfaubUaMTGDt6LLiiaW1tYviwaJqddYxJS+cfHn6MxoYrJI4Zw8hbZ1J+uRZ3/WWq6+qpqqryBas1NTVcvlKDKzKWW1JsOF3RDPN4aKr+hoYqG/G2W4iMjgk53h4NVgEjSF3K+Zzt3Ts8aOp+OEalqdfbvPbeP7Ka9SErXAN6sx4PWlDLN2b1VB0soqKiaG3terCaPOVOkommhFrSptzZhQWkjvOXly/y4395DD74gMv/eD83BO9SeZzDZLA0EW74x9+x6R+NzT3VYzUqKurqTiBioWBVREREREREBqS6ytO0tjThdrWCKwp3KzhbWomOiqTZ6aTVE0FldRMlJ0oZkziSkYljiIqKpbnVjcfZgCt+FMOinNS6mhmZnsHQFiexcaOoaXRSU3eF5oZaqmvrqL5yhdr6euqrGyizn6c1GmLjYnC5h9DgjCA+MYoIVwP1V+zEjBhDXPwYPB5v5ZsnYMzdD1e/ZKNZNbpxI/z1xJxpAAAgAElEQVRkVbjq0s56mxUPBIeewE82sH+5f6p/5Xu/MCtQf8SqVaeNMRxYzyKzT+uiBzYFHKOK1WtLdHQUra0t3Tw6hVk/i+9Cf1WzEvWp3xmVqvfDH176gKVPB4arl0uK4a7H2gauPSQ6WsGq9BwFqyIiIiIiIjIgXfz6U0ZFN+F0Q111A85GI7T0RERy8ZtynHVXOFV+hW8rG7k9Mob6ukZGDm+gsdFDdGsNzUM9JNgSqb94kdqoBFqjhuKsqsDZ0kp9XT11dXVUV9fgrGuhtvkyl78tp6XmCrFDYcSwoTibGgAXI+JjGTZiGC2eRlqa64j1JBIREUVERAQeD1jD1e4Hq/4eq5v3rmSK4+0QfcpD9Vi1BrJfwvdWcuNDf2T/Q+BbTCooTPWqfO8XLNr4pfHaO1Zyz9FfAPBp2lL2r0vyL4z1xmrmvQE/eWkP/7sqVq8pMTExOJ3d7f4fT/KU+E7tefngH/jvb8GP/+V3/P/s3Xt0FHW+9/t3VfU1SedGAiGEq4oIqCDeEUWZDYKOIM4I6qOPnn3U8RmOunWDui/r4ZzZe+PI1q0u5syoz1lynOVtZkRgVIQzKIo4XnDwAgioBEIISTrXTqfvVXX+qO5Od6cTEhKSgN/XrEzS1VVdv6o0QT75/r6/mxMpe/E1PHz7ezz50COQMq2/sQ4uuqb3U/x7yuHIXnEuxImQYFUIIYQQQgghxJDja2kgR6+HmI0mbxvVB+tpDZhgd1HT0IARi2ALtvL9gSpwF1DndtFQVkx+jgvNlo/PFyEWPMywCU6K8lQaalup9ztRTI32aIhAIEAwGCAcDhMLh3GHfBSrMdrdMZymRswwCIZ1GhvbaPrbIcIxjbFnTmJqmYNEk1XDMFEUs/sL6ZEyrlv1NOxew2rgw+fn8uGYZWl7VFV9D9zAb7b+jEOPpfZYTVm86rWnua60lrcfm2sFognxYNRyA7/ZuoyRyVDVejwFaIrvcemYsviYtnBdPJzlmS3cJ+sJnXZUVcVudxCNRk7OCZre48l/2ww3Psyap7KEpcXX8PBT19C4/UmWPQQ3/8s8ao9OZ05xIoytzzjgkbSFsK78xa971RrAbnegqtJjVfQfCVaFEEIIIYQQQgw5SrCW3Hw3elsMj+6jwB6gNRbl+6M11LeFCLTrBNv9tLSGKQg1Uaca7M91kJfnoKyigOaIg1BLkHDbl/hVOx5HAQ7cNAZ1Au0mWihEjqFT6HTgshkcam3nWHUlYwpA09xUtYQJtDbia/Fz2bU3cv7kCwnHosRwxCtVuw5U+9ZrdSOvvw6XLqnCqlBdAUzm0sq9cPE1jAQOJfdND2T5Yg2zPxjDulVbWJcMToGLJ3PpZzArUUnq3cij8erW40/Tn8Z9W7fEv45XwHa7f0Yr"
[DEBUG] 2019-07-12 19:38:49,960 method:org.apache.http.impl.conn.Wire.wire(Wire.java:86)
http-outgoing-2 << "AKlgHfLcbtfJC1bjwenxDJv1MGtmxR88EP+cuq2fuN2u/n1BkVWTr21AzlOc37OK6ZNJglUhhBBCCCGEEEOOS2unrsaLv7aWcHs7WlMrkwo9lLhcHKo3OVIf4Ts/2D1FaG4nhxtaOfrxN2ianSsdTkrzcqlvdRBtO4rDDi2+Sirr/TSaTnI9JYQMk/ZwjObGVgL+ACU5IeZOKyBXjfFtvYLRolPX3soP1YeoGPclU6ZdzMhxZ5Ob5wIUlP5co8q7kUeXruEToKMCdSMdoaQVaH6yZEx6CJp2HKyuupPfjF9h9UVlMstfe4KqpSt4ffydrLhqLYuXzqXqmS3cN7Vni1p1ZoWs9yUeSiuA04KqquS4cwgEA4M9lJMqx50j1aoDZCgEngNFglUx5Hl3PsJFVft6vP+1Y57ndxeOiD/6mjXrXmb0Fb9mYeqsg/p3+MVHHzA/c/tA2LeJZz+EOffMZwoAtWx7dQtN0+9g8aTMnb9h3fP7KL7x58xmO2vf9HPRPfOZkrq9FPa88xKfF87lzsvLBvhihBBCCCGEODm8337NN3/ZxjC3m3A0xtGj9Xjy8zhyrIlgTMXmj1DSDnW6DW+7iq89iB6L8ulX+ynw2Jl8Rh5jR42l5ogTI3aIfFeYKRUarSGFY7VV2BSDXAWmjC9iZHExuTYTM+ADbHgL7fj21fDp1z9QXpxDMOLHF2wi3ywF7P1/saWdg87rrk1pBeAFLp7M8hs7+p5eelUZlE7LOK6WPc9PBs6MT+//kt/Gnym+9mm2Vaxh9gMPMkaCT5HB4XRgmEYf+q0ObS6XC4dTequK/qeEIrH+aAgjTiGJKSumaWIYBrquo+s6RQVD8zcK3p2PcJH/Ng7NPu+4+/5t20Kez+sIVv+2bSGLmzL3WsA/Fr/Df3baDv84ZQPLzu77mI8rM1z1poam4P34j7zNLO683Hv8YJXtrH2zEl+W01RcmS2sHSL27oEt78KXu+BYjbVtZDlMmw5zr4XJUwZ3fEIIIYQQP3LNrW1omoamaaiqihIv0VT6tVSzax//6mZc4SZU06AtECKEiqqbmKYNXyBCXUMLLcEo1e0m1W0hGloDBKKg5uRw4Xln83cXn8VZo3IpKpzAwa9+INBcSVFhEIcjhMPmAIdKcXEBgbZWYsEwMd1GIBijoLCAMAZbv2hg266jTBhdzOLFNzJ+5iJ0dyHDioop8OQed/wGUhknTj2RcOS0q1zNcedIqJoiseCeaZqYJpimgWGamIaBbhgYusGwovzBHuaA8PmyJSm9IxWr4rTl3fkIiwP38vkV8K874VcLFmD9UvZr1qyDdYsXceSdezhyxgCFqakmzef+SbVse/Ulnk1pPbL1+ZfYSinn9bgpfC3b/lIJU8dTsbsShnKQmurpJ+GtzClDQM1RqD5iPXf9DfDgwwM/NiGEEEIIMSQ49QANvgbKK0aRl+uk0O6ivqaenBw7NpdGUb6LgvJcgu0xDu4/QjBSwHd1fr5rjrB/734KPQq5rvNxa0eZeE45hw+52PnFdqaeV8goNUIsphNqacOJjVDYwETFaTOxO2MUlRQz157HlIoy3OXjKD5vNn7FhS3QglY4NAtShOgPDqcDm91GMBg6eX1XB4jd7sDtdsn0f3FSSbAqTi37n2Pcnnc6bU6f/g/Uv8O/1l/F5/Ew9XdnPMcvdtbxK56y2goU/4pDjOCCBb9izbpH2FA0CC0BKGP2LXcwO2WLVak6nSlsT2lI343vdvF1wXTuP6sU71nw9psv8eyHbs6LtwgYkh5dDjs/67zd5YLRY+C7A9bjtzZCbS08vrrzvkIIIYQQ4rRX3RrGFnPiC0UZVlBAwcgCHCXD0GMGwapqgqEogbo2auqbMI0YDrvG5LICxg4z+fKony8+/BJvpZeLzxvNpRecyejRIxkz6jY2bHqXnREvCy4fRsTvwiyMotoUNEXF4XLhsGsoKgw/YyQF088nVDCVcCRKW301BcOGoTlOQisAIYYQVVXJzc3BMFxEItYvIXRdxzSNwR5atxRFRdM0bDYNh8MhgaoYEBKsilNP8a/S2gL8bdtCns/cZ/gCfrcg5fHZlzF13T1c5LqXzxc/xMfv3MO4dQtYt/heli0+fouB/mP1Uz00Nt4Pdd8m1jZNj/dGrWXP4SD508sgS5sCSmdx5z2JB+ey+J5zAZLBbCll3HnPLKy+rC+xbihWrz79ZPZQ1W6Hc6ZAXS0oSmJugrXv00/2qnI1a79Zr9UuIT/tnmR8L1J4P/4jr7ZM4v4F56a97tbW8dxyyyyGamYthBBCCHE6aalvZuyEEXiK8mmva6KppQV3cRk+PUL5WRNw+NppPlLDqBFluPNcBEIBVFPB29SKGW7l7PJSPj/YyCtv17L9i++5fu4kzhkzikXXLWDP3w7SHKzH4ahEa9LIy3USicQwozpO1Y5NMzHNdmyBH4hEc6gLFaBpBqMLinE5j98GQIjTgaqquFyuwR6GEEOaBKvi9Fb/Dr/46Dnexeqfeig+5X/hgg0s3P8c49YtBKyA9YIBGZBVpbrnnZd49p3p3L9gOuNe3c62s37ObL7jUFspF00CPu7q+G9Y9/wuqo9zlvypc7lzqIWqe/dkn/7vdsM1P4FQCAoKoa4O9FjH829t7HPPVe93teBxU71rO95JiWC0jClj3Xx9+Du8l5elhKVWwF0x/dyUV/iG/dVu8j2VbN83a+gF1kIIIYQQp6FKb4D2cBWOQxrji0sZNaGCfft/YPR5k4gZNhoO11BUMoyIHUyHDaMmSCzajifHzrix5Xj9fs4s1ihxG/zQ2MLaVz7jmsvO5oqLGhhRXkazfzxHvD7GVTSjKwb5xYUYepSYYaJHDXLywK02Egjux65PpHzcVIaPGBHvMStLlQghhJBgVZyukoHqJJ654nnm77yHB/Ys5D/3ZOznupfPF1Tw+rqFLGbgFq+asuAOEjHh7J+UsfYv29kzthZfxSRr8apujy7tWPQqiz3vvMTn/TnY/rLl3ezbp10AhgGlpfDOW2Do2Y894WC1lj2HYdxPJtH05j72eEm2SSg9q4z83bVp2/CmBNwJ+6qprpjELYX7ePXgNzDp3MyTCCGEEEKIfuZzF5LTHsQRjfF9rIUf6uoozsmj8qsDtIcCjB0/El8ohMu0EYrouDwlBNpMfK3NlJUWMbzcQ2F+IdX1LbQebsDbqvPeR99y7FgL/31JHiMLHeQ4L6SorJlY67dE9Si5uXkYRgRDV4hEDVQlRJGzhZGjc3GNGo2iaZgYKAzMAl5CCCGGNglWxelp+AJ+tzilF8CCDSzsZvdlizew7KQPKsW+TTy7K8+aVl46i4sKXmLrbjfn3djbwM6qYD0lFq36clf27bXHQNfhjDPBnQPZVuXr6tie2LeLrynjltJzqa/YxdbPv2F2Yop/6VmM81Ry6LtaKLXaAXi/6wi44wNk2y4vFdPnUzqshfw397HNe+7Q7WErhBBCCHGamDDxDN7auI1Lz/Bg10HXFaq8AZz2MK48G96GIBPPP4uaQ8cI1NQQMWLYbU4cqpOQqeBtjlJU4GJE2MWNF53Jzv21fFcX5MDRev7XH77gzoXnkFdcxP6/1XPW1FFE2w+j2oqx5eSgagaqqWOiYA+3oTTswiwsQ9UmoahOq31VN0wJXoUQ4kdBglVx6mn6V8atS990bV5XO9ex4Z17eCDU3QsOZCsAi7fJT/7Y6cnp58ML3Rx3fn/WF2rBB/g+3MSeSV1XsQ4Jx2rSH2ua1QagtcWa+v/5Z+BwQE4OlA6HI0c6qlczj+2FPQe9yXtdOqGUrR9Ws4dz4/eqjNnTS3l2V6IdgFXdet5PUgLutArWzkGsEEIIIYQ4OW67ZRFVX37OtoMtTMgPo4eieDwKbsVArVcpDujUNn9FSY6NyRPLOXK0CZfHg7exhfpDbdTXN+Fy2ojEIoSiEXB4aAu10BY1MI428sV3EaZP93LmhPNoCzSSmxsgYLZT6LT+Oy9mhLDZwVQ19EgL0WM7UWwFKJ5xEpsKIYQAJFgVp6KeLF6Vocsp/vXv8IuPjvTr8I4vZZEqAL5h+26oqICv/7KdKbfM6ubYjkWroJZtf6kkf+p42O1P"
[DEBUG] 2019-07-12 19:38:49,960 method:org.apache.http.impl.conn.Wire.wire(Wire.java:86)
http-outgoing-2 << "7pFoM5BtAaYhRVHgqqvhSBVEIhAIgNMJigrTZ1hhaiRLW4Be+Yb91ZA/IX6vJ1VQ8eEu9u+DKYkK30kVVHwYbxHQmKhu7XgF73e1+DxlDAe67ssqhBBCCCH6W97YqfyP22Zz1idfs23nEUKKnSP1fnJcbvIUg9ZwI7nuPKLFCru+rCSvwIOdOmw2DZuqUzEin/2HjzF81AhyDJVvq+tx5zrx+0KgOvj8u1ZmL56CdjhI+KgTLZKHZ3gbBENongJQbJhEUW0qkUiAYP0BPMXn4vaMHexbI4QQYoiQYFWcWs6+N7kAVcIFszfwu+Mc9p/Z+qsmLeCefhhaz3lpaivl7Hiwt+edXVRXTOf+BaVse3WLtTjS5T/nzvi+nVmr2X/d5ua8G+9gMdtZu7vzXvUtQfILh1D0N7IcqlNC7FgM/voxzLgQgkEraFUAux32fGM9n3psL+QXx6f1f7zPKgT+8CWe/TBlh7RFrM7l7IpdfP5dLXtavGmVxFboHQQqefX5ypQXkEWshBBCCCFONs1Tjp5fxvwLfcwYN4LP9zfwxb4aWkIm4WgMbyRCVZuXQ7VRSgs9aIEI7WaM1nCUolwHnhw3qtvDscYgDhUM3cDusANhQuEQx1p8FIy6BG/VRkrLy9n91UGKh+djc+iYKmj2XGKxMDZNxZGbSygcwYj4rdlWmgaAaZrxxazSSSsAIYT4cZBgVZwaskz/70q2tgBDqmLV24LPk8dwrIWmtraO55ZbrKrS2T8Zz9o3s0/r3/POS2ytBrAC1fuT6d9ZjPNsYevzL7E17YhS5iwYQtPVp03vCFYVxapODYchGrMeq6rVX7WtDdp81oJWqcf2yDfsr3ZTfBEkKoOpmJ5etevdzto30xesmjKhlK27tvN5m5txF6Xcs33VVOPmvBt/ntZTdc87L7FVFrESQgghhDipVIeHQNhDa7SU/MIW5s9wMqPCRaM/wuFaH18fbOBgIEZI0fjO20Zxnocc1SSmmzT6AlQ1RSgqyiccDuFr96PrKkcCbQQjkG9XientfHfYS8Wo0TR+W0XByLFUt/gZUW4SNhUMu9NarEpTMBQVTY2iRlsx9DCq6hjs2yOEEGIIkGBVnBoypv93pXNbgBEsXLCh6wOGL+B3i/s6uN7xfleLr2ASpfs28WrreGsBq8STpbO48x6sxa0+jFeresYzqxRK41P8Oytj9i13MHsgBt8Xc6+FtzZaX2sa3HMfrPsTfLsHXC4rSA2HYfx463P1ETDNjmO7ZS3iVQ3kT53L4lLivVHd6f1SAUpncVHFS+mLWE2aznm7tvC1ZzxTUgPUg16omN5poaopF43nc1nESgghhBDipHMMP4OdH26jpDiPvFw7I4aPZvjICGV5xyiz6Xxb6+Pb+gDfR2F/Qws5Njs2ExTNwB4xqW8+xoQxhah2B23BICagKSamauKPxPjkr5/y32/+CbWHqymrmEogeBRsrdiUKLqqoNpyMEwdVQXVlUcs2o4j2obiyAVUyFKZKtWqQgjx46GEIjFzsAchBpYZD6tM08QwDHRdR9d1igo8gzwycdp7+smOcNXthsIiKB8FbhfY7KBq0NoM+/dBe7sVrF5/Azz48OCOWwghhBDiR6i5tQ1N09A0DVVVk1Pes019P1migTY2/l+34W2M0Bw0KfLkUJxjw9fcwJGaY+SaUUpsJlUtIb5pjlDZGqYlAk5NwaVpKKaBw2ZD13Wcmp1WI0aO00VegYeIw8kZo8az6qnVVH2xGb1Job7+ENf+pAJNC4DdRdRUiKGjaioYEEPDXTEbV/EkFGxY4Wo6I8u2gbWbt178Ct85c7j10s4z2PZtfpkPerA2rCf1+AObea5yFPfOm9qxQ8MOXvmznwvumsfgd8jq/pqz7v/HVi79+UxKuthj3+Z1NMxYzBUlvTtOiKHOioRMTNPENME0DQzTxDQMdMPA0A2GFeUP9jAHhM/n6/NrSMWqEGLgPPgw1NbCzs+svqrBoLVIVVcuvFhCVSGEEEKIHzF7jocR587DU/kptS1BmloDfPP9MaqO1FLra2dSiZOzJnhwOU00l4Mcp4NDjSGOBaL4oxEcNhW7bmCikmO3kV9cRJ4zF5tLw+1w0tpUz+FDleQUDifUVsfZ06dhuCI4VAVTUUE3QFVQFRVTU1CMMEagHt0zFs2RD6aCQketUn9UqzZ8so43vs3lqozA0toeBDJCzwz7Nn+F75xx5H/7MR+dmRkMWkbNvI3rJ3YziAObeaUp8aCWj75qAH8Dz734VXxbCaPKG2gDPnjxZT7o6ev2Uuo1U35+erCbottrPrCZ53Y0ZD3ujRcPZWxxM+Wn2e+ZEEJkI8GqEGJgPb46vXK1K1KpKoQQQgghgOnzf8Yr/8da8gpLOHN4AUWqSbjFj2Eq5LpMbHYdQ7fji0QpH17K5LMLaPKFaWyPUt/SRquvlYipUTSylIKSYdhw4Q/6cNodtEcCHNizl7+bcxX7j9bgUG0c/P4wU6YMx9ANFA0UTEzTAMVAUzX09qMY4TNQbR5UxSC1HUCfgtV4AOgpL6HTXMIDm9nC5dx7V1m8UjR7aLpv88t8wPnce+lUOHMHr/x5M/v6WFHa8MnHVI2ew018xb4z51nnbNjBK+/ncdNdBXxysio4D2yOB8yLmUQtH/1xK698UtIpUD7uNU+cx72dwt7eVJ5a597j79iSCGS7C7iFED8OEqwKIQbegw9bfVO3vAtf7uqoWh1Zbi1UNfdamJy9o6wQQgghhPhxyS0ewXV3P8zeN/9vWo8eI9YeJcceQrFBY8ik1qejKBqRWIT2QBBycjEVg1yHSpFTw+12EUKhuCAfhzuHUDiG2+UmFAoRCASoOnIEe14phmbn6J79mG1eJp09ClQTbAqYoMcigI6iKBixFoxANaZrBIrdFZ9Wq/S9WjURADbs4JUaf6fnbk18XXIGY/IO0dIEqangvs0v84FvHDf9PF7VWTKTW2du5rkXN0PWcNWaPn80bVtJeqVsww62tE7k1nllQAMtf9zBvtF1fPBtEMrPp4SpXH/+Zp7bvLvLatITta+yAc85c+JjKeOK80t47qsfaLi0LHnZvb/mHmjYwSt/PkQbQM3L7Ck/n3t/fhtXANIKQAiRSYJVIcTgmDxFwlMhhBBCCNEj5bOXUvm3HdiO7EWP1jIyH3QjQlhXqW0zaI2YDCst5qxR5fgCJs3+NlQb5Og5eJxOGiM6NmcOrf522gNtGIqNUDCIocK+7w/QHmzD7hlBuDnCuDPOIBDUyStyWS1UDQVDB4ih2RTUqE7Mdwybx4+huVFQQBnARasafqDKX8IFySrMjv6i984riz8+ypl3zWPSxHncW7yDV158me+zTdPPG8dNyZDQOi5NyUxunQdW1eZXHPWDjzlW5eyBzVZrgG6m6J+4Whp8bsbMSKkGLc7D4/fTAJT09pq7aAeQ2gog2cagZCa33jUz2WN10vfrUlogdHOcEOJHSYJVIYQQQgghhBBD3uSfLePNf7odny9KcZ6DC8oUGn06DWEIRKGtKUDA1oxdyyHf5iInz45Xj+Jv19HVHI7UNxCIRkDRUTUHAA6nk9bWNrz1XtwFxVS27+OsXA+t7U14ijU0mw1TB12NYpoKimpDddrQdT9muBnDUYyq2QYkVO1YdCqlqrRhB6/8uY4xP72N67sqoSyZya13ncFHf3yZV5rmcEFvTpqs3nQzZeY4PDsO0fbtVp77tmMXj+9AMnjsv5CxgRY/FHY5pt5d862XzuPeiVY4XPLzzErW3bz14gEKizNfJMieP79M1TnxIFkI0X+MEK0tPlr8ESK6Ea/8BxQFm81Bbn4uwwryTonQ8lQYoxBCCCGEEEKIH7miMWfz039YybdrH8Oh6BgxFYeio/tCHPXHiKmF2KJOGpua8LWH0FQTwzRpjyr47CbNfj+aw4HD6UBBwTRBQcU0TbzeRiZNOou2UIjdX+9h4oRiomMKiKFgGnp85WwVw1BRVCdoMfRIC6oRw9TsMADB6qR5t8UDwd28lazGnMmtd/Xk6DKu+PltAOzbnLLZfyhjAacSzkw9LF69mTRxJgOjhMK8A1081ftrTj4+/yte+aSWSSl9Ua2F"
[DEBUG] 2019-07-12 19:38:49,961 method:org.apache.http.impl.conn.Wire.wire(Wire.java:86)
http-outgoing-2 << "r+Z0hLTJ6tauF7Jq+GQdW7hc+qsKcQJCLfUcawkRNbI8aZrEomFaG8O0trRROGwYw/McAz7G3pBgVQghhBBCCCHEKaF0xgLskRaOvvE4vmgUTYM8p0Z5jkJNIIC3KUogGKE1GCSkR1FtDgyni0A0gm6a2DUVU1HQdR2bzYau6xiGwZdff8kVs66gqGwkf/v8rwwvmoqujMRUVUwzhqqqmKaCpjnRbDY0m52oEcShqgxEqJpuKpeec4A3KnfDxD5OwT9eK4CE1L6jWZyc6fDB9D6yTX7a8vL61tt04jwu2Pwybx2wxtux8FVZ2j73TsRqBQBdthEAq3JXWgEI0VMxWuvrqPfrmACandxcNwWeHPKcVngaC7fR1hag1R8mokdpqa8jGC5h7DD3oI68OxKsCiGEEEIIIYQ4ZRRediuhYIyja/8Nf8gkEjFxqgo5SpBwyE80aqKpJg7FTlhzQk4BoVYfumlgKgqRWBSnoqFpGoZhEIlG+a7yO6Ixkyt/Mo9hw1wU5AZRDR09BgbJOao0NrTw+ZcH2HfwGNdc/9+4rMw1INec6PdpVU/u5pNvg4ya2de+plO5/ucZj+/q5jW76KXa8Mk6PunjSDpLLFa1g4aJMymhlo++amDU+fP6vGjUpHm3weaXeW4HeM6Zkx6qZjNxHvcW19JQ0rFollSsCtF7oUZvPFRVsOcWMHpEfqdQ0ub0UOT0UFQSpPlYE96gTri1gcNKKWOLB+bnbW9JsCqEEEIIIYQQ4pRSds0dhG35bH3yYdpDBoEYhE2FiGmgYxA1NUKaE7WgGFNTMXUTl8NFLBIDVcG0q0RjMRQFYpEw7a1+qqsrGT9+DNMuOB+15QChcADV6QLsKJqCGQlz6IcaPtl5kPk3/z2XzZo7YNc7ad5E3nrxZZ6LP/acM4db+1AleXSHFSx2x3NOxoaarzot4pQw6mR0CJg4j6sqX062KujrNYMViL7xbdCq1P0pbPnzVp47klq128VxTV+x5c9byZfqVCFOTKSJOl8UE7B7Chlb6kHt9gA3RSNHoNbWUhcwCLe20FRYRnH3Bw0KCVaFEEIIIYQQQpxyxl65iOtHnsHb//XPHPziM1qDMaufquogbHOh5OZhdzvwNTcBBgqgKCaKonDe+ecyf/4CamtrcbvdTJw4iXHjxoBp4nB6CBi5qEEvNjMGTg8oEAhFiGpFLHvsccZOOOPkXVjWHqLHqSbtpeNOXz+wmVeaMrYNaMWqpaOvbB+kTOX3ZCxEdetdM602By++HG9z4GbKrBFUbT9EGyVcNc/ar2TiPG6daF3rcy8GARg1U6pVheip9uYgYROw5zCy1INKE4cP+perKv4AACAASURBVAljp2jCSEqTe2ZsLyskUNVEWyxCi9dP8Yi8wbuILiihSMw8/m7idGLGl1szTRPDMNB1HV3XKSrwDPLIhBBCCCGEEENFc2sbmmZNmVdVFUWxeokmPg8l6557kv/3mScImg4iOR5w5eDMcWIaUVobGolFdexOJ8FwCLvTgdNh5+//t7/nwgsvZFjJMOw2B9FoDL+/naPVR4n4vIwuCDGs0IbmcqI67NjzJ5M/asZgX6oQQvSJFQmZmKYZX5jPwDBNTMNANwwM3WBYUX4/nrGdY1WNtMXAVVTOmCIbnQLU5L6dtxuNx/i+NQo2NxVjSsnpx5H5fL4+v4YEqz9CEqwKIYQQQgghjudUClYB6o7V8PLLa3nrzxtx2hzk5NhpbvTia2nHMGMoNmv6v8PpRFFMcnNzyc8vwO12MWzYMCafcy6XXHI5Tpcb09SpqdxDbvQY5100C8+Yi9Ac8u8lIcSpb+CD1URYaqOgopwRjl4eHmmgsjpAtFMI23f9EaxKKwAhhBBCCCGEEKe8ESPLeegf/4n//Z5fsu29/4+PPvwLf62twWY3CUdiOG0unHYnsZhOTI9h2O20NjbQbrMR8LUxbNhwbE4HlVVVNDS1MrpiDDMuv4XcPAlUhRCi7xTU3oaqAA71OP1YB5cEq0IIIYQQQgghThv5+QXcsOhn3LDoZ9TV1vC3nZ+yd/dXHD70A0eqDuGtr0eNWVW3TqeL0uEjGDN2HFdfM5ep583g3PMvxmazD/JVCCHE6UJFUQDTIBYE3L08vD2GDqCqQzLEHIpjEkIIIYQQQggh+mxEWTnzr7+R+dffONhDEUKIHykXTpuPUFQn3B4Ct6tXR7f7o8QAbHYKTsr4+mYoV9MKIYQQQgghhBBCCCFOWS6K3FZdZ6TdR6vRi0PDDdS364CCKzd/SIaYQ3FMQgghhBBCCCGEEEKI04CjOIccFdBD1Nc0EerJQeEWqmsDRAHFmUtZ0dCcdC/BqhBCCCGEEEIIIYQQ4uRQCykf5sIGmBE/R6q8tMS63t0INnL4mI+ADmguho8s5kTWvRoIQzPuFUIIIYQQQgghhBBCnBZUz3DK9TpqmsPEYkHqq6pocrjIzXGQ67ajGlHa28MEwlEiMQPTBDQnpWXDKRjCZaESrAohhBBCCCGEEEIIIU4qV+EIxjlbONbQRnvUJBYJ0RoJ0dqSfX9n3jCKnAM7xt6SYFUIIYQQQgghhBBCCHHSqe5CRo0uJBZoockXIhCJETVMQMFms+FwOrDrIVoDMSIhP1A42EPulgSrQgghhBBCCCGEEEKIAWPLKWR4TtfPlwRbONYSww/kDdioek+CVTFk1NXVDfYQhBBCCCGEGDJGjBgx2EMQQgghBoXqLmSUe7BHcXwSrIohQ/7DUQghhBBCCCGEEEKcKobwulpCCCGEEEIIIYQQQggxNEmwKoQQQgghhBBCCCGEEL0kwaoQQgghhBBCCCGEEEL0kgSrQgghhBBCCCGEEEII0UsSrAohhBBCCCGEEEIIIUQvSbAqhBBCCCGEEEIIIYQQvWQb7AEIIYQQQgghhBAng6KAoigogIJJrbeZzZ9+SigcZsncn5Cf70ExTVAAE0wTTExMc7BHLsTgMwyDSCRCLKaj6zqmaQz2kLqlKCqapmGzaTgcDlRVagnFySfBqhBCCCGEEEKI04YCqKqCqigoCpiKgqHrKIpKk78Nd46bUcNLKMzLQVXAJD6VU7X2xVQwAcMwMQwTyVjFj41hGASDIaLRyGAPpVdM0yAWM4jFooRCIex2B263SwJWcVJJsCqEEEIIIYQQ4pSnKKCpKpqqYJpWIGoFpVY0GjMMguEIRjRKeXEJkZgOMR1NU1FtNhRMVNOKWVUFVE0BDXTDRDcMqWIVPwqRcIRAMDDYw+gX0WiEaDRCjjsHh9Mx2MMRpykJVoUQQgghhBBCnNI0VUHTVJT4YxOTaFQnGosSikQIhCOgGxw5coRQNMreH36gprmRfJebvLxchhcVUpCXi92moWoqJiRfS1MVNFUjphvohqSr4vQVCoUIhUKDPYx+FwgGMEwDl8s12EMRpyEJVoUQQgghhBBCnJIURcGmJabuG2CCgYk/EKCqpo7DtbW0BYPWfH/FpM3XRiAQIuhwoDpdgIo/GqGmoYHCvDzGlZVRlJ+HqmmoitWZNdGn1aapqKpJTDcxpXxVnGYi4chpGaomhEIhVEWVylXR7yRYFUIIIYQQQghxytFUK+wErKn/ikLU0GlobmHPD5V4W1tRFRWnzU5OjgOnw0FpURE6BnoshsvhQFU1TNNAc9jxBUPsPnyI8SPKKB9eisOmQVrtKqiKgsOmSPWqOK0YhnHaTP/vTiAYwGa3Sc9V0a8kWBVCCCGEEEIIcUpJDVXBClZjuk5TUwu7f6ikqa0NBRVNs5Gb68Rus2MqoNlMbKhgs4FpHYeiYBgGhmESCkfZffAgNk1j1PBSFCURnipp57fOLeGqOD0Eg6dvpWqmYDBEbm7OYA9jaFOOv4voIDG9EEIIIYQQQohTRmaoCoACPn8bew9X0eT3Ya0+BS6nht1mQ1UUFFMBU8UwwDBA1yESixEORwkGw7T5g/iCfnRDp7nNh4IVunaVMtg0a6EsIU5lhmEQjUZO/oma3uPJh37PgWzbn3mPxuSGej585hGe3F6fvt+B37Msbb8TE41GrLYhIo2S8Vn0nASrQgghhBBCCCFOCWmhqmn1OjVNk1AoTGXNMRpbfSjxaEBTABTC"
[DEBUG] 2019-07-12 19:38:49,961 method:org.apache.http.impl.conn.Wire.wire(Wire.java:86)
http-outgoing-2 << "0SjBcJhQJEIwHCQQChEMBvGH/fhDAZrbmjnWUkW1by+14W8oLnQwdkSpFaoepyBVwlVxqotEBiBUBSi+hof/ZRR/fugR/pBIV5ve48l/O8pPH7iGYckdh3PlA7/mTn7Psj/t7jh+4u38nxfs4n+mbjtBA3bNQ5SS/JGlZE1S5Sda7yihSEzmLvzIJBqtm6aJYRjouo6u6xQVeAZ5ZBA1YrTHQkSMKObx/ivmJFNQcKh2cm0u7Kp0zRBCCCGEED8uza1taJqGpmmoqooS/9e4ogzOP7sVRcFhS6kNivdVNU2TqmO1fP39QdqDIRRFBVMBxUDBqlQ1NQXTjKGbJroRJaa34zdbCSrN+CNeWvRDNLMfh0Nh8Tm/5O/G34pNdVrHK8pxrzkSM/ptQaumdx9k8eq9LHlmC/dNBbwbeXTpGj65eBnrVt1AcW+O3b2G2Q9s5NLlL/H4tWVZjviS3z4P990zDajl7cfuYPtVKfvGj0++XkJXrxvfzpIn2HbPtL7eCjEA/P52YrHoyT3Jgd+z7HfHD0TH3/gwD88anrKlng+feZI/HO7qiKnc/9TtTOzlcGw2O3l5ub086vRimvHExTQxDBPTtNqhWG1RDIoLBz8fGgg+n6/PryFpkRgyokaM5kjboAeqCSYmYSNCJBKlyOGRcFUIIYQQQohBZNMywk3Fqk01gFA0immC02nH1KG5vZY2vQGUCKZiEjGj6GY7ESVIVG0haPrwR+to044S0lspzxmDM7+daFELu9QNnBu+glE5Z6Gkr13V7diiJ6VmqZa3n1rDJ8CS27KFql/y2zkreD1j6+sPzE3b9snqO5i9OvFoMstfe5rrSqHp3bW8/vpeXucJtt3TOXhtqv4euIErU0NVann75Y2dXvfS5csYu3pjfAArmJ0cQMf5xNCj63ofjm6jek8T+VPGkt/dbhNvZ81TqRvq+fCZzZQ9kCUUTVSxPnU7E+PVq1fGn2rc/iRbRzzMzb1NUjP07ZpPHwrx5fkUMBM/67rufiK6IEmRGDLaY6EhE6qmMjFpj4UodOQN9lCEEEIIIYT4UdJUBbWLqlEFGFFUiE1Vieo6/lAL+6r/xHfhz9CJkBschssYTr3yDWFPDbojhC1HxeZQcOQ6GB+4gJ96fskx+/d8WPACQXsD3wU+Z1TOWSnJQ/fjUxUFTVX6sJiVVS26mmX85qqOrU3vPs7qz6yvM8PSRGB539Yt3JfcvxcVq96NPBHf98qP5zL7+WUsTxnL9queYNYHe4G9/HKOFZgueWYLS6qtMS1ZvozDq9fwyRIrlLXGD0ueeYkxL9/B6s8kUD0VmGZf+o0e5uP/ZxfTnrq9+2C1N4qv4eGndvOHh56k9l8e5sruSrRPUN+u+TSlKCimaVXpo9DY4sMwDEzDxDCNeNsVrJkCwHH7pAwZ8eYwioKiWDMfVEVFURVUVcXeDw1SJVgVQ0bEOMnTD/pgKI9NCCGEEEKI05mi0HmxqhSqolDkyafA48E0db5trSbqPoCiHkQLaVwYuJ6Jrsv4pP2PHCh5F9Npw+HQMB0KTrub0d5JTC/5CSOiY/hr5CXCaht12gFMXQdNS/ZsPR6bpmKYOv3UEQA+XsPi1/fCxctYt2oMr89ZweEupvTveX4uv0xJXbusWE1O0Y9Xwi55gsenwp6Ps5y/6iO2x8PRcW/O5ZeVy1gyYiNPPJAS3FZUMfuBtbx9+Z0wfjKMv5P7ppbBqieomrOWqrpaKM3WgkCc2mrY+eYHHKSZA7TR+OarfMk4rrzxMjp/t3fzh4d+z4fZXuahRzI2DOfmf3mYK4uncvNTU7MdIU4SBTAVBUUxrfYnWL/MMhRQUTET/1MUa2E/8xQpa4332lYg2dbFClcTLV76/gNbglUxZAzFatWEoTw2cfJ8urqCq1YBC9dw+MVFjOjNwTufxTX3CXhsA6HlM9Je878m7OK1mxK/uv+Cx4sX8uULqduysfZbyQmO5wQl7sHKLdU8emHKE4nrYwUfNN3PJV0du3fgxtrBy2t3TefODV2MrWY9S6cuYz2w6Lj3vUPy/ZDxPe3JMSdy//rmCx4v3sHViddOnm8+a3e/wNLy/jtT3Rt3M/buTVnel4nvQ/+fszuJe96b760QQoihTVN7UlJkosQrqo4Z3xMb5iPfnYfRpjA5OoPzPZdR5/2G2uHbidmiqJjoqCgY1Dq/5qOW12mwHUJ3BDG0GG1qPZFoELeaa7Vr7cVYY3r/VMO9Xvk9lzKZWQ/dQPHuNVZQuvoOZld11b+0mwrRRJ/WxOPdf2L1Zzfwm1Xw2zkPcvhi4LM1rAb4bIW132dWlerYulqoBMaPobh0Go9vvaHjdacuY9vWxNdPc513I4/OWdFxngf+xJVblzGlLzdCnFSKop5ABaeHsonn4OYQtdtrmDDxHCooIifrvlO5+alfc3PqpgO/Z9nv6uMharZj6vnwmd/D7Q9T9t4jPJsW/D+SDGk792TtGUWRddzTWQFjWriKAoqKqhoYJmBi9atOhKqnSK4KxNfossbcEaqqEqwKIcRJVbOe/1oV/3ry6P4JBnc+awVz/BOvXWYFTXVv/M4KS+9+lU9v6i5gm8HVj8HKVcCGt3m/ZlHvgqpksNa1ZPhXs56lU6v4h6b7O7/G+zMJLZ9B3eFvrG2Pzcw+5uT9W8aLOxfx6IWJkO34508GmL2VDDyrOLQBWDiGcVl2+/RlK1QFWP/WDupu6ufgtx/uX3oge/x7B6lBopfX7rJC+JV3jckIO89lfD8HnIcObrK+yPxzUrOD9RsANnGoBuh03p5dV5qU8PZ475P1d0/HdXeWJ3oRjAshhBh8ClYbgOOJ/7sfAL/SSAhr7QbTqfNFaCMNbYc5YNuGoeooioGBgoqBjkmrp4r3Q88RtbWhO8OYhkoQP22xVlzO3OQ4ekJTFXS9fybJLrntae5L/F1XuoxtW6/gt3NWwOWpoWpqj9W9rF46l9WdXinF6yuY/foN/GarFYg2vfsgr7OXJbdt4fGMv1eb3l3DEx9s5HD1Z/AZXHpVohYxe1/X7L7nkBemyO86hyxN04jFeh+sVkyZRgU29tDG+CnTerGA1G7+8Lt6bv6X2+G992j82TUMy9ylaTefM507i2HYz37Nmp9Zm/urx6qmaX17gdNJogI1/lMuMW1eBQwVMFVU07QW5zNTis5OldozJfGpI1hNrVrtj+uQYFUIMcBSwpQuAo60wCRLdWbH89mr/ZIVdNmq81KqFSFLJWFijP/csQ+rFuLqSdB3vMDmwvs5/MI3jL17E3e+/AVLl8OLyXEmrqMnYdMm7pxawZ3Zzn/bkbTrs8xn7QvnWl92WVXYsXcieFy/eiYfJLd+wePxisfXbvsPeMsK0xZNGJN1hMnw8rENne5veiVh5/Nfsrya0PIsr3mc7zuQ/v3dsIyxxcuAju9z3Rt3J6tOP2AhV61axgNvzMyobOwYU/b3R4pEYJ0a+PXD/cuui+vuFJqXsvTf17B+wzLWb1jG2NWjCV3di9PEdfw5isv6/vZSudf6auXV6c8l3wML13BX1ntYytIXq1na+6EBx3+f9L5iNaUqPGEAq8OFEEJkp3YRqpqmiR7v9acCpgH+9jb2/VDJPnMvoTMDKJgoDvgh/yOOmrsIas2YmgEqGIaJVbNmYtpU/J5aMKOgaKArVFUf4eW/vcm0CZcw+awJlBQVomoaiqrGp8l2P+YT77WaLnOKPwCJaf4XL2Pdqhu4b+sTMGcFJKbnQ7JClZTWAU3vPsgTPNrRSmD3Ghav3gtLnmBJ9YPMfmBv2mmWPLOF28dv5Jer44tnVSSC1WlpfV0Tr53W21WcMmw2jVjsRFvfjeXyv/f0or9qvBL1F7+2KlWvgSefeY87H0gPVxv37IILbu8cuPYTm02CVUVRME2T9JrNRD9SFTCsn60o8RYAZnzHlPm8Qz1cVVI/KcnKVSWl32p/XIPUPwshhpgveD81xNzwNu/XpO9xydUr4l89wfs7M4/38n48tGLhdVydUSVX99e300LHle9/0WkEn65OBH3zWbu7msMvzLeeeGwDoabqrj+Wz8AKZyo6gq5VC3EV381rbzyLq7iiI6hatRBXMsSx"
[DEBUG] 2019-07-12 19:38:49,961 method:org.apache.http.impl.conn.Wire.wire(Wire.java:86)
http-outgoing-2 << "glLX6vSxLHphV/fni38kxwdQvojXUrZZr/ECS8d2uswuXbJ8F2sXwsoJY6hMbDwMLIRFL/wHS8vjFaHEqwKLK+Ifd/NaDSnVqiv4YPkYXrurAlfxP2WEvb2V8r7oohIVgPJFPBO/9pVbEvdoF3eVAzufjd//FXywfAaXLN/Ayvg1LH3D26fRperz/esPifuwcA2HUytku7t3KT5dXZEeqoL1nk15j366ugJXcUcovnJu/DruWk9d6vdrwzLGJq8x8Xx/iP9Zy/hI/FIm/d4e/9zJ6vFUG5Yxtt/GK4QQ4kR0FawC1iIqpkkgGGLnl1/zv179I2v/9Bb7DhwmFtWx5q4q6M4IgZwmTJcB8dWvFcBITANVDAzDBGzoIYXm/VEO/KWNj/76BX946202bH6fw8dqiZkmhmFwvCaq3Y75hNzAb7Zu4TdLsMLUrS+x/OL4U96NPDpnLWNeiy9ANSf+EZ/2/8nqO5LbnuBRVvA4s+c8yNveL/ntAxuTZyi+9mm2bd2S9nHfVBg5ZnJyDFd2E5geq9rb9ZNiSHM4HH042kPFlLE9ClYbtz/Jsod+D7f/uqPitPgaHr4d1j70CE9ur+/Ytw4umtL7Kf491bdrPh2lho3xqk5VRVFV1PgiT6kfWuJrbYh/pI417aPj+vqDVKwKIYaWnTvi4cZ8Fi3cxPoNm1j/Vy9LUyvPLpxpTXPGCkYfvTClUi45/RgWXT8zo9KsI3RdtHA+6zdsglU7+HT5jI4qwJQWAFYIRi9DlRk82lTN1Vn6cS69KTE1PFEZl633ZHrAV/fG3Yx967qOqrlkRWYfenOmvcYtGU+mVJBumJ7cuvLuhdYXG17l07HWvU9WBMYrJq375eW1u6xKxZVb7ueSnc9y1QZgIdCbKd8ZUkOvzt/XbObz5W8qcG2Yz9ot13HoN2+zckMiKHyCq4rT2yKsv3s6roP9MUW8r/cvvWpy5dwKVj62hrUncn4ANiWrdq3zL0t/nCI5nrQ/A9a2ZPXqqt/x2m3p79nM6wA4lPh+pbz/k6/RX6014n/WHs3Y2pceq6kVysnxnkjrDSGEEP1CUayFqbp83jQJtrfz3l8/490PPqSx2Uc4bKCVRNAaTex5oDiw6q3MlJWhTQVMI1mJFQsbRFtjBHwxjHYdoy0GiordHqFs5Ehw2jla30BRYSGFebnxZLbrcanxgKLfFrHqTukNHT1P79nCtnvi27NUrFqeZtu1wO41zF5yA0te32hVv2b2YI1XwxbPuIZL2csnS66I90ntvg1A5qJZFqv1gPRZHZpUVcVudxCNRk7OCZre48l/2ww3Psyap7KEpcXX8PBT18SDV7j5X+ZRe3Q6c4qtMPZ/vlmfccAjaQthXfmLX/eqNYDd7kDtp0DtlBf/QZX4eaWk/FxLVLKaimL1r0ZJVqyemhIVq8TbH1jXq/fDK0uwKoQYUj59Px54PfYLnpmAFax26oOZ0m+0UzBaFa+MnM+iyzJClWToOp9F//4Lpm3YxEqe4P2d93NJYqpy+SJe2w1LXx7dOZTppiVA5vT2yv76pf1l/8EHB6cztniZFfqc9HAnMT07PaBLDZw+XV0BwPqDVUBpRzUkpAXbK+dWJEPytf/+H8Am1m/opvdll76It0ywXqvT9zWD1fNzBdMmW+ejfBFXT17Gl9d3HbRZIVrn0LD3+nj/MoL5jh6rkC0Q7vr86bpeeKtzK4aOqu4V/EP8fo246ResvHsTK8nyi45MG5ZZYTqd2wP0m4yWHtl0/T7LvpjWiJteSAtpR4w9F8io2hVCCDGgugtVAQxVodrbwN4fKokZ4HbaiURbifp9+CpbCbfYUDTAZaLaVRRVSS7AEosZmLqKGY1hGiZmzMCMgN03jNLouZw78gIKh4/Gk1eKzW7HHwrhDwbJz8tB7cHCN6qioA9IsooVkqZUn6ZZfQezM5quWtP1l7Ft6pf89vX4cXVVfBJf/OqyLx5k8eo1LH7sPS79bK8Vtr6+lrdvfJrrSju3AchsV3BppzBXDHVut+vkBavx4PR4hs16mDWz4g8eiH9O3dZP3G5X/77gKSy1DUCyNUByQaeOnquJcDWeSgKnTrza6W+RlFYuynH+jukpCVaFGEje7ax9sxJf4rFnPLfcMovUiGLPOy+xtbrjccWVd7B4UuJRLdte3cLXbYnHpcy5Z37n3/7u28SzH6ZUPlZM5/4F5/bbZZw8HdOHV149gxHl17GITazPUjF2ydUrYNUTkBGMJoPZ7toALLyOq8tncCgeznaqei1fxGtZejf2eNGbna/2bkGeNJ2DsRHLqwld/SyuuXczbst1nY4YcdMLhG46gVPFp4VXZnmqox2CZeXcClYuXMPhf6djUa8M08aWxlsRLCK9l+4vWFoOr8X3O16P1UzpU7Tj/WlvO2KF3131/MyY8j5uwvyMoM3qO3vn3fDBFrjq7k0semFXp7CtIxxO0YOeuyd8/7qVUqWcqA7t0XuyI+jvrqerdf6UVhppC2uNYVy86jgRCHdp4RoOvziT9+96lfFd9aftQTDaNSsYtd5ncSnVsp0qVXc+i2suvazwTvTEJevPEiGEEAOju3/0mihEIjHqGptobg8yZtw4hg8rIqZDuzqNYPAo/mA1IZoI21uImm0YWhDUMFbBqoIay8EezcNlFFJgG0uB80wK7OW41HxsTgeKTUNVTJyai4rhpQwrzI8v8tIROnQ/9t5ED2Vct2oL1wFN776X8dxGfjknEZyuYfGc+JeJdgBTl7Fta8aMlHjY2tOQs6n6e+BMxqX+FR8PVS9dvoyxq9ew+qmNXLbqBpKLuKcEuonzWL1W72D2aqlSPZWoqkqOO4dAMDDYQzmpctw5Uq2aIRGodnydWpBv/RxLVHmaKRWr/d3w5ORTMiYaZD4+cRKsih+HcDsNATslRYPYSyUz7OwkMzTtyfNetj6/CVLCVe/Hf+TV3cH+GPGA6wjQVnD1hQAzWbTQqlq1FntKCZCytgPoCGY7TxfvqHpMPDciEc5mmd7cF8lwF6wQbu8aDr84mhczF8bJWIQqfaGkeOBIfPGcC+8n1ATsfNbav8temelTya0wcQUfbEnZJVnV28X4U6ZS/8PB6R0LiW1YxtjUADReLcxBawGucan3LxkuW/1MM1sc9FjNeh7I7PXJDh6f+gTrARcZwWKiYvax0Yzv9GJWIHf1X+9mbLcVs72t+sy+X5/uX39KqSIeOKUs/SW4Vn+R/V4lA/i4ZDCaCI87Avfup/SnBvNZKlFTAtf/euOWnrUGSAt9V/CBLF4lhBCDprt/9CqY+P1+jtV5QYE8p5th+XnomkqRWYBhjsPUQVFNTDOKocQwFRMDA0zVCgXsMRSHGxU7YGIzHdgUDdNmw8BANaE92IzuaaKocBxumx1MhZ5ECv31D3ZLZkhZy9uP3cHqLHsmFpGyTGbWjB5Ujr6+gsXAkmeeZgqwp2qvFZTO+IxH3xzD49dOg2vHwJy1/NU7hqqliVYAVu/X1PC0+NqUVgNz5nYxfjEUOZwODNMgFAoN9lBOCpfLhcMpvVWzSQ9XgfivkJSMXyJZaz31z4JPA0rp4qe2VKwK0UPNB3nzjX9mZeg6Xrr9v3F+wWAM4hvWxUPV/KlzufPyzv+B4/14ezw07aoKdVfG84mg1cv+fTBlEuDdztvxUDW90vVUkK1SrpSrr58P2XqhprYD2HuEOmYwIrU/a+Z08WzPJcPZHkxvhp61AkjpT2ldi7X6/NjV1sJX1lTj7nqsdrj6l2tYNDfeE7PHq5NbU8nviveHTO1/2Um2Xpc16/mvVR3j+jT+X+wrt1TzKM/iej9+zx97gpWrvqGy5gsOrSKjqq+j2m/llhPsAwuAl9f+eVlHa4eF8an9q4DH4p9XLewcrmJtvwqwwutnWfvCCQ+id/rl/nVI77GapRVA2nsy+/upY2r/fKYd/CdcxZv6dbX7rFPuk4Hm/N790qKHi2slpFcGp/+iIqF3vVZT3nM9rVAXQghx0ijHCTBb/G1UNzRgt2sE8fFp/Q7qY1+Tpw5nkudahudNiK9SlQOqiWmCaVrNBE0t8fqK9dnUQVUwMFFMHTX+D/EWo4rdLX/AGIWugAAA"
[DEBUG] 2019-07-12 19:38:49,962 method:org.apache.http.impl.conn.Wire.wire(Wire.java:86)
http-outgoing-2 << "IABJREFU9H7Pwrz/QZ6z4Lg9Vnsy9u4kw0mAqSl9U5M6qlu7Pfa4Ok/rB5hyzxYeB+AGHr8ndd+nrS+zHNNJtipaMeS5XC5URT3tKldz3DkSqh6HoijxFqopFakZP+dMQEn+36lE6Tpc7QdSAy1Ob80HefONFaxsjrJgwoVMyB2kceyrphrAM57rsoSqUMuew4lANEuoCnib/NYXFRXx58uYMtYNQPVBq0ej97taq81AxfRTLFQlvapu1cLkKt4dK5M/wfs70w+55OoV1hcb3ub9mvT+rJlBTkcVqRW+WK+fUtn51o7jL1L12Ib4KvOdPzKDm0UL53eMc3n1CQQ0pYy4cBGvNVkrzC+aPBqgox9nHxYAOhR/jazTwssX8VrTC/FFqFL7fAIX3k9o+f3ctWUmd129AtjE+n+OVxmnjOfT1emLL7mKK1j6RlXyFOmrtXfdBiA1NFu55QX+IbEo7WMzeXR5NR88Fn+culp9+SJei39PrOfns3b3/VwNJL73nVa7z1D3xt29WL3euk/WNXr7fv9q1rM0ZWX7lVuqCS0fzaFE9W/iPbcl/t5Pe09mCzBTfmEBcPV11vk2LPv/2bv78KjqO///z885M5OZ3BMSEkK4FREERLypFERUulCtLShri3rpyu+7SPcqX92tF1Z3+/stu9/dauXSXbnca6vs94trvyjWimCtFFpUQBQVS0HACBUihJCQEHI/t+d8fn+cmclMMgm5Iwnwflydwpw5N59zZqLmNe/z/jA6bynrK45H993zitmFa/Ymjwngunt4aQHEWjecS08/1zesaP0ZjH8e2ozrOf4eb95qPu7SHo+3XmsJVYUQYsB1ml1q8LcEaWhsoaUhyL6vfs/RzA2omYeonfwuH4VXc7LpIFY0RG1tJGijDI0BGNrG1BGUbTkTZaFRGrTSaK2J2BZ+XUNw2FH2DnmDD5t/jd9q7lKxVt9WrArRfzxpHrKzs3G7L/wg0u12zkVC1a6JTejUURsW5/XWdS6cx/ltXSDBqrh4xUNVuH3Sv/D335pI1gDVaB88Gq1WHZ3LwVdfZvWLzmNDaXSF6iOURatRr2Bz/PXVr+5sfwN1eTkHo389XRe95b++jurEcHYcbIjt48XXeb+Hd2GfH7HgIllrVV3HVr7XJqCJVpzCZjZ+tDGpP2uy1hYBHYqGs7H1n0oI1goXrXHCmxWjWL8kGqDF7FndGqoBFI/kah7j737U05620WO3CR43PrmA0YlBc0L43PpYyvqKzvcOcOyos4+NS6fjXbWrg+MnhJrzEo6x6jMKr7uWwuJRLMRp0wC38dJ9sWuePHFXLNxav2hUu2XOY280gEtW9cbSpHDx8RS9Om/oKFzt0G28dKCcr9fcdo71eqOX1y8aDLcNCYFuV3MCVL3x9/FxLFzzMx6/biGP127qpFq6gLGxAPvQiYRgufXntrM+rYn7WfyjaND65C/O8blsDX+7tu+o6M9e7BH7vLR+5gpobQHyNHPySnhqT2c7hFjFd6Bb/ViFEEL0N601IStMQ0sTzc2NnK0/jT28hqIbTYZcnsGwq3MwJ1ZwuH47zc1nIBStTFUKQxkoZTgVpcpAKxMMhROrGqAMFAZK2aAiWN4IrnyFXVjPB8bLfFr3DoFQC+FIhEjEwrLtC+6uWCHOxTAMMjLSyc7Oxuv14nK5UV2YtG2gKWXgcrnxer1kZ2eTkSE9VXuqs6AyGrFeMI/Oz6X35BMmLmyhs+z73f9l/Z4qgonL24aq8yaSNQi+pGo4sDepR2r5jrahZzXbEvuwNh7j1XecSq6Cy4vIjq0TDU0TJ7lKVL5jL60v+dn/5uZ4GDsgKj7j42iwkjgRUWsAmtgGoH1VaGt4tqtN1ZnTDgBg49u/5U9Aa3/WBAltAF460Kba9MDzOJ0enXYAyetDWbR6cfEb1fGQauPS6fHQtap4FCtxljmhzShu2XpPL0KZWLDT/pEYCK7cmmqdTm65vu5hZ521I51bz+NGsnits70TXl7L4/Fr0lohGXsP4u9Z8UL+Lva+JN3GXhDfX6pK3q6oirYxiL1fqULVmBtWJASz5wzw+kNvr18KFSecz/aV8F60OjbWNzQxYG8XGib1p32Mv4u/F9fyeCefldZK8OWsje6z9ec2RZuNjnS1ajVerd6NfUPCFyvJkiuid3FLQpXvynkl5wjgY8F4176kEEIIMXDCoQhNjQHC4QghswbPiAbcuW40Cm3YKMPLybJTNNc3ow3baY3aRUornF4BJpnuTDK8mWjDpiHnOO/p/+Lzph3YhLFNjcbmwms4KETXGIaB1+slMzODnJxscnNzB/UjJyebzMwMp6WBBKrnjVO1euE8zjf5pIkLW/AsX5T9iiff+2fWfBQNVwdpqApAyXQefugBHn5oHldlAfgpO1KZsIKPq+58wFnnpmjAEKtQLZjNg3eOjYarAAXMja2Tk5s0R3f2lHnR40ynBACnD+vAOcG/TWlza/+C51kSC8ziEx2lqjZNCHo6bQewOdoXcVabULOa9f/Ryezexc4EWRBrB9C6/sofLUyqECxctCYaxDoT2pStKmH0lOUJt72v5mMKuOG6tuFQ2yrUBfFK29a2BB2EYzF7Vifdwu5UQXbl9uZdPJUQEsVu009sVRC7nT127I/XxfqaPs2cvNV8vGe1Uw2Y+J4l9pJNCODa7jN2XomtADoVDwMfY3tnQXFcAYvX7uWlBdH1cW6lb61gdHqsvkfs7+duBdBbfXP9WsWquReOGxldktASoLajCtzPeCo+AVMnvW5joS1TGRu71vFAtLXaNnbNFq75WTcmeXOqVheu2dv5ZF+x65WihUe7c0qsDu/oS4hYS4IFz/N1YuXpdQ+z/QlnwrsOf27iX6okfNEihBBiUAqFwzQHm0FpXENCpI1uRrk0GjCB2tIwTVXN2IbGMLrX8VQrjVYWCgOfHoovVICpDVAuavO+4j1rDX9u3AMRC7Qd70kohBDi0iPBqriwZY3jztuf4IG0E6z54J95fst2Xh6soSqQnRsL3Fr7ozbUJf7ynklBbJWJJdFQtInq2CoFs3nwoWjw+tBtEGsxkJsc5GXnxfq4TuUKZyc01FYyaDyxiUDCxDmt/U876POYUJm28j/a9L1MCIEgRTCb2Ls1Zf/G6ARZ4ARcvztOGSSHYImKF7K+9mFuiLcXuI2XDkSrJp8YxZiUVW5tA6BNHVbQpqrOrHpjabxCMVap6lRAOrc3t6/Aa60A3rj0OLdEA8r47fULnue5FK0KVs5zAlinb2WsEvRp5kQnIXrpXxe29gGNhnYr1zjVmU6oTLxHaGe9UzsV75HanVuxC1i8Nrp+pz1W27QC+ObD5+WW715dvxTKjjrVuwu/2cXb5Cs2sjihf/DCNXs7rfoF2rQZiIXVyat0bxKoqOsejm9TdjTF7f6x0DmpnUQHoiHwxqV/36aaNBrip6xETX7thhXlPJ40CV7b8c7qfmWuEEKI86bDvFKBbWvCEQvMMN6SFjwj/NhoUGAFTOoPh8hLG0Z6Wga2EUF3p6pUK5RtorQmTQ8jq2UC4QBguDBMmxPZn/H78FpOBA6j7djtptqZFCs6aMlahRDi0jBAHSeF6Dtpo77J8oVPwMYneXn/M4Bn0IWqk8cVsK28moavj1A9s4iChH6o2bkFUFDAmKxj7G90KksnT6R1wqt42Po5G96Bu26PBmKlm6OtAHyMudwJUieP9rH/gN+ZzGriVOBzvoz2BGgNWwdA8ULW1y7s8GVncqfOduAEk4+nfM259XxxD48N0UrURQkLvp1wrG9+h4VsTj3zObEKvgLobAw9FZ9ZnXazuMeu2cerSpjz5AK8sZnocUI71uwlsLY1GHLWS9jPntUJB4r1z4xWLSYEf7GZ5m/5aCmj28y4vnDNXh5fVEAVv2Xj0qeZs2oWgRUjuRrYmNTDs5r1S1qD1o6u5cp5JdBBP9UBsWk5o/NSzGb75AK8nfXs7dX166A/cLTa2qm8fZo5eU+TWnKl6rnC0Hhv43ZfOpzj5ypBR+9nstbeu1ePjo4n4fO9cmvb6uRor9dNsPHocaAAKo47Y02oPI9/rp/YROC+UU5P5DZHvuVfy9m+"
[DEBUG] 2019-07-12 19:38:49,962 method:org.apache.http.impl.conn.Wire.wire(Wire.java:86)
http-outgoing-2 << "rgRvXnS9Tiel6uyfNUIIIfqbRtNRralWYGtQ3ghmcQOePGdNOwINxyKYtblMHH0jmb5cFNq5HbTTsDPhxegMLQoXGeSRe3oqtWYp9tgqtBuUAYd97/Jxyxgyzf9BHgUopdEabBRpbk/3glwhhBAXLAlWxUUhFq6mvfMaNWN+yKO3Dp5QFYCJ07lq71b2Nx7j1RePJbxQwPUzncDz5ukF7N9RTfmOl1m9o3WN7CnTmRx7Ur6X1S/uTdp19pTZ3BzNKQpmTqTkwF7K266XNZbZE/v8rC4NXQhm+1prj9FzB2NJAes/bOSWte3HGwufkvZ13T28tOBpHkwICReuuYcb4qFgm8mN4uHzZzyVtyApAC1ctIbtR0uY8+QvWH/fmhTBVNdDuvOtbN1SRj/ptBoYW+yci1Oh2NqDtF3Q3qnk0JheX78fUjYlOqYFz7OEXYzGaUtRGJ/K7jG2J1TaJn5enGBwL2OWTKfsR21D6jZjjTln2Ni5+Ocq8YsAaP+chOrZio0sjlXyppxEC25YsYmVTy5gZVKQHa38jV3nBc/zda3zhUPydYhdM6AYChN+Trx5yddPCCHE4KU1HU7lrJXGQKHSm7EKasBUYCvQGrsml1lT7uCyvKtxp3uw7AhGN2eFdnJYBcoiz5pAfektnG7egevyM5Dhx0iHg43vc/nZOXh8PjzedDwuF7GAVipWhRDi0qACoYj8I/8S03p7isa2bSzLwrIshuRkDei4qgK1A3r8cyn05vVyD5W8/+rWhMmrCpj70G2toSlA6WZWJ0xelT1lHg/OLOpgeyi56QHuaheYfs6GFxMmr8oayz33zEZuahVCCCGEEN1xtr4R0zQxTRPDMOIzKPfVTMrnYhoKl9m+e51Gc7axgd/v+oj3al7DnruDtGEWWmt0QFF05C8oPv1tfHYutrJQysDo6YzmyrnF345ozgaPc3LYezRN2I/hCzOs6krGHVvAyMwruHzcOLIys3B5XHhcBhELLFt+1RZCiMEs6G/u9T4kWL0ESbDaM70PVoUQQgghhLhwDHSwqhS4XWa80lQn/H+LP8j7ez9gY+2zpN16AJVmAhr7dDqXHb6fwpbrUIbhBKM2zt+7IalYVmtsrcG28JtfEyw5Qnou3JC+gNHeKew/8CX+5jBXTRlPdk4ObpeLcMSQZgBCCDHI9UWwKq0AhBBCCCGEEEIMOlo7k1QZCmIdV51JohRet4ehww283kaMNBNbgdIKb0sBaZEhmIYLraLRptGVIFi1edYai2qcMNl0u/E1FzLTnMNlBWMIBVqoOVWJL9LIkY/eZ2RjMeHRl5Mz/huY7sw+ugpCCCEGMwlWhRBCCCGEEEIMSrbWGEpFC1WjYafWKAN8+ZCVCc1KATY6ANmN40gPFaCNMGBEH72knbv9sjIz8IeDtLQ0cuzwfsq++JQzB/+Ev2wvo0KncVVAS+5o0v76P8govrL3xxVCCDHoSbAqhBBCCCGEEGJQCoUj7P/qKG6XC2+ah+ysTPJzclCAy3DhNj1obYEG48xQMhsuw2Nk41SgGrS5qb9HtAJtW2R4vbgabb7a/Q61f96NVbaf0e4gswsyQBucidiMaTyON3dE70+8Vw7w9tp9NEyay70zitq9WrplHdsrzr2XrMTtD2/hhWMjWDZ/SusKNbt45TdNXLNkPgM/T27n55xy/dfrmXH3LPI7WKN0ywZqrr2LG/O7t50Q4tIiwaoQQgghhBBCiEHJZZocr6ziT198SXZmFuNGj+DqCePJycogxyhiQuhG9lY0EWiJMOTs9WT7x6MwE7LUnoSqGrTT4xWiNa+GiVtFsE/toWrb/2YYddxQmEOax0emgoMNNu9WhLnvgb8mPT2nV+dcs3sDb3yRwZykwLKSD17fxsGm6NPiackhZ4LSLftomDSG7C8+5IPxbYNBx4hZ93HHhE4GcXgLr8SnwKjkg3010FTDC2v3RZflM6K4hkZg+9p1bO/qfrvJuRZ+50lPz/nwFl7YVZNyuzfWlrVZ4mPyd1NfMyGESEWCVSGEEEIIIYQQg9bMq6fx/sefUdfYRENzE5Wnq8nNzGBobibDMmYyqjadipNnyM+aTHp6AUo7fVi7l6nqNs+Se6xm+Xzo+gr8ZbtQLVUMK8hiiE/RFNJYhqIqqFm3r4m/ueWve36i0QAwqzifttMK1+z+kLpp97FsAsRC1ld257erzizdso7tTGPZjCkwfhev/GYLpb2sKK3Z/SHHR85lEfsoHT/fCR1rdvHKe5ksWpLD7vNVwXl4SzRgvouJvTnnCfOj1y1RdypP24TatAayWV2ukBVCXKwkWBVCCCGEEEIIMWjlZmcxb9YMfrfjQ87WNXDmbB0GijS3h/y8HCyrABrTUe5sjPToBFe95MyX1Vq2OiQ7E2/1V5yuO8VJv6L6pGJ4uiLXAGUqvNrmZ/+0koz8XrQBiAWANbt4paIp6aX8GXdxR/xZERNH+jhYXwO0hnqlW9axvWEMi+6OVnXmz+LeWVt4Ye0WSBmuOrfPn0w+UnKlbM0uttZP4N75RUANda/vonRkFdu/8EPxNPKZwh3TtvDClgMdVpP2VOmxGrImzY2OpYgbp+Xzwr6vqJlRFA9Du3/OXVCzi1d+U0YjQMU6DhZPY9nd93EjIK0AhBBtSbAqLgo12/6Zn/E/eXbukPYv7v8/TNuyMf50+fy3WHpVPw6urdLNrN4Bcx+6jckAVPL+q1upnf4Ad7X7N//nbHixlLw77+ZmdvLSm01c/9BtTE5cXgAH33mZT3Pn8eBM+bZUCCGEEEJcfL418wa++OoYZRWnnNBTQSAc5kTlaexIBG1b5DXnkJebBcqIBqI9D1hVNFDVGtLT0hg2ZAhWnQeXbROyFL8/FmCoy8PtY0zSPDBl6jUULHmkT8713CopPeEna2Qs2mvtL7psflH0+UnGL5nPxAnzWZa3i1fWruPPqW7TzxzDonhI6GyXJH8W9853jvnB6/s42QQNzGXZkiKnwnbtvk5v0e/NOdY0+Bh1bcLvN3mZZDU1UQPkd/ecO2gHkNgKIN7GIH8W9y6ZFe+xOvHPGxJaIHSynRDikiTBqrjAlbJm1WM8D8y9JsXL+/8P07bAyyveYlp/D60jE2/jYTaz+sXN8NBtTKaIm781lpfe3MzBiU7YWv3h6/yW2Tw4swv7q97Jp+XQUL6V1QeSXyq5KVVYO0gcOghbfwd/2gunot3zhxfD1dNh3rfhyskDOz4hhBBCCDGo3PkXt/Lcy+uI3+OvNAqFy+0mFLSoq69n6NA80n3paK2d13U0IEWjFOjoc2UotKVRygIMp32AirYP0BbgAqUwDMXw/DyGFwyl+mwRZsZQxg8pI93jZsIQNxkehRWxGLL4n/vtOpRu2cZBxrBoRlG0urKKUd+9jzs6KqHMn8W9Sy7jg9fX8UrtXFL92tShePWmj8mzxpC1q4zGL7bxwhetq2Q1HI4Hj30XMtZQ1wS5HY6pe+d874z5LJvghMP5d7etZD3A22sPk5vXdid+Dv5mHccnRYNkIYRIQYJVceGq/D0//uUJ/mrFf/Pki3/FH9qtUMqaLeU8ef//N3hC1ZiJt/HwxEref/VlVje2Lt724stso4CruvyFbyXv/+EYTBlLyYFjMJiD1ET//gy8/Vb75RUnofyE89od34O/fbT/xyaEEEIIIQalkqJhLP7Ot1n/298BxCtXAVxuD41NLZw5U0vacA+G6UJrp1OqUgq0QmOjlPOnZStMrWj0t1Bf28jIUcOdPFWbYEAoEsQKRxhRUEBR/lA8Hg/Zw8eSlj+G4vSDXF+YwSifgd/WnF2wivElfV2xmUr01v3iaSxLvPV9SVe2LeLGu+8DoHRLwuKmsjYTOOUzPnGzaPVm3IRZ9I98cjMPd/BS9885/nzaPl7ZXcnEGYktFJzK13hIG69u7Xgiq5rdG9jKTOmvKoSQYFVcwIr+gmdXAJxt0xcoav+HPJ/zTbYN2n/XFXHzPQ9wc8ISp1J1OpPZSdv5KVM6spf9OdN5+PICqi+H3775Mqt3+Lgq2iJgUHp8Bez5pP1yrxdGjoIj0f+AevstqKyEp1b17/iEEEIIIcSgde3kSTS3tPCb93Yk"
[DEBUG] 2019-07-12 19:38:49,963 method:org.apache.http.impl.conn.Wire.wire(Wire.java:86)
http-outgoing-2 << "LTdMhW1pKk9XY1kRioYVkpbuw9YRQIEBKAvDNlFKYYU1J06fwuc2CFh1/PHEPnJzhmBbFg1WJc0NIbx1U6g4VcmRo1+TlZlBbk4GLemjOWvm8fvPa0l3m8xf9k/MvnnR+T/xrlRp9sS5WgEkHT/adzSF83M7vJ+6Wog3M61tojEzs3e9TSfM55ot63j7sDPe1omvipLWWTYBpxUAdNhGAJzKXWkFIMSlTYJVcdGqqS6HITM5+fr3mBtLKXP+J9se+osBbDTu9FMtGx3th1q6mZdqp0d7o1Zy8Gs/2dOLoDbFpgWzefCh2JOp3PXQVIB4MFtAEQ8+NBunL+vLbBiM1av//kzqUNXthkmToaqS6D1azvI9nzjbdKNyNWW/2eqdvPTmMbKTrkmb9yJB9Yev82rdRB6+fWrSfrfVj+Wee2YzWDNrIYQQQohLwU3XXwuQFK5qDcowCEUsTlWfoa6xgdyMYWQOMUhPz8Dj8mJbJnVWJZVnThA46yYSMnB5THxDWziS+X/xurxYbgvtDmDaI8ksH04g0sTp6jpMl4nb48YIeEnzFjF5eBPX3PuPTF+4tF/OufSzMpg0N2X1ZM9N4Y672zxf0knlbQe9VGt2b2B3Xw4LaJ2sahc1E2aRTyUf7KthxLT5vf5dbuL8+2DLOl7YBVmT5iaHqqlMmM+yvEpq8lsnzZKKVSFEjASr4qJ1snYPlO3hk/lvse9uiPVjnfv6SPbdPVCJo1OlevCdl1n9znQevn06Y17dyfuX383NHKGssYDrJwIfdrT952x4cS/l5zhK9pR5PDjYQtVDB1Pf/u/zwa3fgkAAcnKhqgqsSOvrb7/V656r1UcqIctH+d6dVE+MBaNFTB7tY//XR6ieWZQQljoBd8n0qQl7+Jwvy31kZx1jZ+nswRdYCyGEEEJcYm66/loyfOmsf2cLmmh/VO3c9m/bmuZAkGCgisP+3YSGfYUr3SYcAcNsptm0Gd78VyiVRjgSoslVQ+4tFspoBtPA7TWhTGF/7cfUGSgFlmUTaQlgWy7Sr/gO3/nerRRddm0/nW0lNQ3QWJHc2zS52rR7Tu5ygsXOZE1qs6BiX7tJnGJGnI8OARPmM+fYunirgqxJc7m3l5WhNbs38MYXfufafRe2/mYbL5w493Wsqd3H1t9sI1uqU4UQbUiwKi5uY55m6VWxJxNZOn8hz2/5kH1MHNC+q5Nvf4BYTHjzt4p46Q87OTi6koaSic7kVZ1uXcDch26jo5jx4Dsv82lfDravbP1d6uVXXwO2DQUF8M7bYFupt+1xsFrJwa9hzLcmUvtmKQeribdJKLi8iOwDlUnLqE4IuGNKyykvmcg9uaW8evRzmDi17UGEEEIIIUQ/u3bKJArzh7Lh9+9y4lQlKOeuJ6UUYGBHgIJGjKtOEYoEsMJBDI+LDH826isvhtsGZRKxw3iz0nBnmdjK6cOaVuijeFIJNBbQ2NKMx/SQl5PNtCsuZ8rl43G73efvxNr1EHV6hd7Yh4c45+3rh7fwStu76Pq1YtUxcf599LqmIeFW/qw2E1Hdu2SW0+Zg7bpomwMfk2cXcnxnGY3kM2e+s17+hPncO8E51xfW+gEYMUuqVYUQEqwKMTBKN7N6b6ZzW3nBbK7PeZltB3xcdWd3AzungvWCmLTqT3tTL688BZYFl40HXzo0NHR9264o3ct+irinYCqnS/ay7dPPuTl2i3/B5YzJOkbZkUoocP7DqPpIa8AdHSDv762mZPptFAytI/vNUt6vnjp4e9gKIYQQQlxCSoqG8fD9i/nDhx+zdddH8Y5SAErbKK8mszgN5VMYRgYYJi2HbWytUUqDYZCGByw3GBEMQGubnFwvM2ZMZKLvG9g2oAy83jTcrvMYqPaZzm/p71JYOWE+9yY+z5/FvfNTr5o/4y7u6OYI+14n5xztmdqhthN0AYxPXYKbP+Muls3o2QiFEBcnY6AHIMT5Mu2KhXD2BKnajA+06tomskdfHr/9fFiur4c7qqMBKN+xmYN9Nbjz5VRF8nPThMxMqK+Dygr49BPweCA9HUaPAcPseNtuOHi0On6tJ48rgPLyhGtVxM3TC2j4+ki0Stipbr3q+oSAO1rBesVEokGs3wlihRBCCCHEoPGtmTfwxLL/h29ePZWIFcGKaGIZq6Gc2/uV24VpWgwdlseDd/0Fo4tHoCMW4WaTQFMEQylspVAoXNpDnreAnKx0cnOyyc7MvEBCVSGEEP1JKlbFxeuqmSzf8hg/23Ydz84dApSyZstG5l7z3wPaBiBpkioAPmfnASgpgf1/2Mnke2Z3sm3rpFVQyft/OEb2lLFwoCm+RqzNQKoJmAYVpWDOLXDiOIRC0NICaWmgDJh+rROmhlK0BeiWz/myHLLHRa/1xBJKduzly1KYHPuafmIJJTuiLQLOxKpbW/dQfaSShqwihgEd92UVQgghhBADbUh2NnfNm8uCuTdTdeYMH+z5nG21H6KDYNsGhhHGsjU5jcVcNWU8UydNoryqkrLy4xyrzabcuwuLCMX2OG5Kv5+xmVOJ2FKLJIQQomMSrIqL2ESWrniaNav+iml/dJbMvea/oyHrQKqmNlYBCRx8Zy/lJdN5+PYC3n91qzM50sy7eTC6bnvObPb7G31cdecD3MVOXjrQfq3TdX6ycwdR9De8GMpPtD6PROCjD+Ha68Dvd4JWBbjdcPBz5/XEbbshOy96W/+Hpc5EXzteZvWOhBWSJrGayhUle/n0SCVzH+80AAAgAElEQVQH66rJHj09ITD9nJ0H/MAxXn3xWMIOZBIrIYQQQojByjRNiocN4/u3z2Vh5Ea+bNzN0cAuTrqOcPZ0NddGfkgaaSiX4rIRJYwcMZw5+hso9RNARdsJqAE+CyGEEBcCCVbFRWAItz/0FrenfG0iS1e8xdJ+HlGnqutoyMpkGM5EU9vqx3LPPU5V6c3fGstLb27m4MT2k1MdfOdltpUDOIHqw/H073LGZG1l24svsy1piwLm3j6IGqpfPb01WFXKqU4NBiEccZ4bhtNftbERGhucCa0St+2Sz/my3Efe9RCrDKZkenLVbvVOXnozecKqyeMK2LZ3J582+hhzfcI1Ky2nHB9X3Xl3Uk/Vg++8zDaZxEoIIYQQYtDzuNKYOmQOU5njLBju/BEGYr0CDJwWVIn9WYUQQoiukGBViH5WfaSShpyJFJRu5tX6sc4EVrEXC2bz4EM4k1vtiFarZo1ldgEURG/xb6+Im+95gJv7Y/C9Me/b8PZbzt9NEx76G9jwa/jiIHi9TpAaDMLYsc6f5Sda/+t23rfPsXNnEq9yIHvKPO4qINob1cdV32oTfhbM5vqSl5MnsZo4nav2bmV/1lgmJwaoR6uhZHq7iaomXz+WT2USKyGEEEIIIYQQ4pKmAqGIfC93idHRsEprjW3bWJaFZVkMycka0HFVBWoH9PjnUujNG+ghXPj+/ZnWcNXng9whUDwCfF5wuZ0Jq+rPwpel0NzsBKt3fA/+9tGBHbcQQgghxCXobH0jpmlimiaGYaCUc3t87E8hhBDiQhb0N/d6H1KxKoToP3/7KFRWwp5PnL6qfr8zSVVHrvuGhKpCCCGEEEIIIYQYlGSKQyFE/3pqlVOFei53fM9ZVwghhBBCCCGEEGIQkopVMWgoFJrB2ZlCyaygfetvH3X6pm79Hfxpb2vV6vBiZ6Kqed+GK1N3lBVCCCGEEEIIIYQYDCRYFYOGx3ATtEMDPYyUPIZ7oIdw8blysoSnQgghhBBCCCGEuGBJKwAxaGS4vIOyMlShyHB5B3oYQgghhBBCCCGEEGIQkWBVDBpuw8UQTxZphmdQBKwKRZrhYYgnC7chxd1CCCGEEEIIIYQQopWkRWJQcRsucj2ZAz0MIYQQQgghhBBCCCE6JRWrQgghhBBCCCGEEEII0U0SrAohhBBCCCGEEEIIIUQ3SbAqhBBCCCGEEEIIIYQQ3STBqhBCCCGEEEIIIYQQQnSTBKtCCCGEEEIIIYQQQgjRTRKsCiGEEEIIIYQQQgghRDe5BnoAQgghhBBCCCHE+aAUGEqhUET/hzIAyyKMwjQUaAVotMZ5RP8uxKXOtm1CoRCRiIVlWWhtD/SQ"
[DEBUG] 2019-07-12 19:38:49,963 method:org.apache.http.impl.conn.Wire.wire(Wire.java:86)
http-outgoing-2 << "OqWUgWmauFwmHo8Hw5BaQnH+SbAqhBBCCCGEEOKioQDDUM5DKYDWoNR5ioXG0GBFIqBMDHQ0lDEAhW1rbA22JKziEmTbNn5/gHA4NNBD6RatbSIRm0gkTCAQwO324PN5JWAV55UEq0IIIYQQQgghLnhKgWkYThVqitfQTmCkNUQsTaC5ntLSQ0RUGoUFIyjIz8XlUtiWJhLRoBTKNNCAN82NKeGMuASEgiFa/C0DPYw+EQ6HCIdDpPvS8aR5Bno44iIlwaoQQgghhBBCiAuaaShcZmvw6RSaaqJ5KpFImBZ/C5GIRTDgp+p0Gb//wyb+vP8QXl8Rw4ZPorBwOHkFhZw900xDc4i8YXnk5WVReaqeUMRg0Z3XkzckY4DOUIjzLxAIEAgEBnoYfa7F34Ktbbxe70APRVyEJFgVQgghhBBCCHFBUkrhMhUGCrQmmqdiWTa2bWEoaGpp5MiRL/hs30foCBw/XsqJI19gKoPczBGcPVVB5dFy0rwZ5A4ZgstMw52eSe2pTJSRQXOzheEr5GDpKG68YQyGaUgPVnHRCQVDF2WoGhMIBDCUIZWros9JsCqEEEIIIYQQ4oKTXKWq2/RR1YStCA3Ntfxhyzu89soazlZV4jI8pHt9FBUOI82TS83J41iBMLYVwWOkM8xnYKalEww3YkaGot0hgoEAZ6pDnKmuJxQMkZnhxVYKy5Z0VVwcbNu+aG7/70yLvwWX2yU9V0WfkmBVCCGEEEIIIcQFpe2t/06aaoNSWJZFVfVJvjr6JXs/+4RNb/yK2qoa3KaJcrlQppu6mmYCLSchHCJoQXaapjZ0lsbmOtI9btIy00nLbMTtG0rZV7VYxnAqT53hzNkg6eleXC4DsCVcFRcFv//irVRty+8PkJGRPtDDEBcRiemFEEIIIYQQQlww2oeqoLV2HrbNqcrjvPnmf7HqZ4+x9hf/wamy0wT8Nv5mm+aWFmrq6jhZVUV9YyMRl4fhw7PIzcskgEHQDqPcYZShaWmqp/SLUs5Un6S5sZovvzxOxakmrIgTprrM1BNlCXEhsW2bcDh0/g9U+y7P/PiXHE61/Ll3ORNfcJodz/2EZ3aeTl7v8C9ZnrRez4TDIWzb7uVehGglwaoQQgghhBBCiAtCqlAVwNYay7bx+/3seH8zv397I0cPH+dMbZBGf5iWYIhgJEJLMEx9czMtAT+4XBQW5uGPwKGva4lohTfNpr4lSNnJM5SdOIW/uRaPGcEfDFJeUcOp03WErdYqVZch4aq4sIVC/RCqAuTdyqM/HcFvfvwTfhVLV2vf5Zl/Ocl3H7mVofEVh3HTIz/nQX7J8l8faN1+wv380zV7+cfEZT3Ub+csLgkqEIrIvQuXGB1tPqS1xrZtLMvCsiyG5GQN6LiqqqoG9PhCCCGEEEIMJoWFhQN6/LP1jZimiWmaGIaBUk6AGPuzvyml8LhS1wZprQmFwvz5z4f4r188xQfvvUt9vYU/CLatMQyNUgqFQmtNmtsgO8dH0B+mKRAm0+vCY1qkeUzQinSvj3SPB6VcVNa7abKGkVs4lXvvX8Div7yeoUO8SdchFLHjv2f1VO3v/pa7jj/I+w9d3fp81SF+8NxW/mZKJb994gFWfZKwwQ+ejq+b7E/859zHeI0rWbH+3/lOwfk+nriQNTU1E4mEz+9BDv+S5b84dyA69s5HeXT2sIQlp9nx3DP86uuOtpjCw8/ez4RuDsflcpOZmdHNrcTFKOhv7vU+pMeqGDQG+j8chRBCCCGEEIOXy+w40LVtm/rGWj7ctY0D+/fT3BLGtk1cTk6KBiI2GGgMQxGKaCoqG7AAt6kIBi1wKUIhG7fLTYZXo5SmtiFEQ4uBdoWxQkEa6v34/UF0blpSsOoyFeFe1iydYjwzXnuMm+kkwPzGcjY8OYrX5j7Ga706WmU/H08MVpZl9WLrRsoP1pI9eTTZna024X6efzZxwWl2PLeFokdShKKxKtZn72dCtHr1puhLZ3Y+w7bCR/l+d5PUNnp3zkIkk2BVCCGEEEIIIcSgZhoKo5NKWUtbnK07w7Fjh6mrO0skeru+x1TgMtBaYWqNgUZFH16XQcDSKBQoCEacKbA0NrX1LZxRYVqCJhHcpLkVtg7jdkVwuVS8p2ssXDWUwjRUryazmvzt5TxVAjc/8hg3J6SYrz0yj9e+8T1+0OM9p1LUz8cTg5XWvek3+jUf/u+9XP3s/Z0Hq92RdyuPPnuAX/34GSp/+ig35fXVjlv17pyFSCbBqhBCCCGEEEKIQUspUvZVTWSgaKyv50z1GfyBELYNplJ4PS4nkFUG2lAYGrRSKG3jc9vYyiYYAX9AY0dDUQ3YGNg2KDQel8YwQyjdQCjcSDhi4USwoIkGszhjtLVFTzsC/OfcefDcVt7fthxIdWv+W/DJ89w1t2f7T+a0C+i/44mLSwV73tzOUc5ymEbOvPkqf2IMN935TYrarXuAX/34l+xItZsf/6TNgmF8/6ePclPeFL7/7JTzMXAh+pwEq0IIIYQQQgghBi3TOPecyxpNXd0ZTldXEQyG0bYBhkY7mSoYGrehMJWJ2+PB5fGSZmpM03b6rmKgTA8WgA5hR0I0NvoJWwaYBqY7gtvdQlNjPf5AEKWcwLdthmoaBhGrZ9Vwo34Aqx5xwtW/6ShT6tat+YdYtXgeq9os/cFzW/mbwqLzcDxxIVLK6EEFZxZFEybho4zKnRWMmzCJEoaQnnLdKXz/2Z/z/cRFh3/J8l+cjoaoqbY5zY7nfgn3P0rRuz9h9YeJr/0kHtK278naNUrJPO6i70iwKoQQQgghhBBiUFI4bQDOxbZt6pvO0ORvxLYNbA2W1kRsjWEYGEDEsrGVxmt6ycvNZkh2Lm6Pi6IRJWRlZWK4TGwUkUgzAX8z9WfraGoOYrjTUSqD2roI3jSNy1R01JXANBSW1T5w7YrvPLSVMczjR+ueB97itejEUa89Mo+vVzzN7G7vsbPJq4rOw/HEhcg0TSKR7gerJZOvpgQXB2lk7OSruzGB1AF+9YvTfP+n98O773LmL29laNtVag/wKdN5MA+G/uXPef4vncV91WPVNM3e7UCIBBKsCiGEEEIIIYQYlIxOQtVYeKm1TTAUoLLyJHW1tdi2xtYKbE3EsnG7FC6XIhTSuF0mbrdFVnY6xWNGM6K4hMIRI8nJy8M0DayIRSDYTMDfQqClmUAwhKXB36w5evQUhtJYlk2sFUCq0Rm96LU6+aGtvE/0NvyEatEOJ0Xvpf4+nhh8XC6TSCTcw61HM/N/ZHWjv2q0EvWHP3cqVW+FZ557lwcfSQ5XzxzcC9fc3z5w7SMulwSrou9IsCqEEEIIIYQQYlDqLFh1JprSaG3T1NLImdOnaGloxLZstFZYNqAtTFNjuBS2AgyNZUdweVzkDhnC6MsuJys3i8zsXAwDwsEgnhYTl+HG60knHIngDwZAB8jM9AEQCUdnFNeQqnS158FqJb994gF2zklVLXqc458A9GXP0/4+nhiMPB4PgUCgh1tnUTI5q0trntn5DP/4Jnz/pz/n+7Hb//Nu5dH73+WZH/8EEm7rP1MF19/a/Vv8u8rj8Zy3fYtLjwSrQgghhBBCCCEGHaVwJp7qbB2ccLWpsY6zNWcIBcNEIs52SilsrQmHNcrQmKZBxNYEQxb1jQ24TAO3z4s7zRNtxGqBtsCKOH9qjbadZVrZaNOF221gmp2Hps6x6f4kVtWfsPMT2M0HjO5onR88zfsPwX/2Rc/T/j6eGJQMw8Dt9hAOh87PAWrf5Zl/2QJ3Psrzz6YIS/Nu5dFnb+XMzmdY/mP4/k/nU3lyOnPzYmHs6TYb/CRpIqybfvjzbrUGcLs9GF3o2yxEV0mwKoQQQgghhBBi0DlXqOrklgqFgdvtRZkewhFNRCtMDaYBaE04YqO1gcdjY2iTABbNDU1409KwwmGsiIUVjoCKoCNhbDtCJBwmEAhh2WGwImhbE45AbnYWWRm+Lo3d6m6yWnWc3cCMOTcyavtb8ElrteiM7e/yGjBjVBFQ2b39DpbjiUHL5/Oev2A1Gpyey9DZj/J8rHT6keificv6iM/n7dsdikuexPRCCCGEEEIIIQYd1YVqVYVT"
[DEBUG] 2019-07-12 19:38:49,963 method:org.apache.http.impl.conn.Wire.wire(Wire.java:86)
http-outgoing-2 << "cZeenoXXl42NgbZxeqxqnEmsLAhbmlDIxrIUlqUYOXY8WRl5+EMBLNtGWzaWZREJR7AiYbSOYNlhrEgElIlpuDBUGkOGDCU9GqzqTsZ3rrGncvDDt4ArmX1tkbPgG8vZsG0r72/byv1jDwEwuqSo2/sdLMcTg5dhGKT70gd6GOddui9dqlVFn5OKVSGEEEIIIYQQg05Xs0kFZGdkUlRYjNeXhbZDjL/8chrq6qmuOk3EtsG2sZWBpWH8qHFcffV0IkYEO2xhAVrZuFxuAtomFAljaQtDgW0YmK40LLuFYDCI1jaoc1ei9iBXpewY8I1b+WZBEXlPbuU78Vf+xI7XAL4HH87j5mg13w9mXg3Vb/H44ufZnXKPh1i1eB6r2i2/khXrH4eeHE9ctDxpHmxt96Lf6uDm9XrxpElvVdH3VCAU6dl0heKCpaO3pGitsW3nm1nLshiS07Wm00IIIYQQQoiL39n6RkzTxDRNDMOIV2H2pBqzJzwus4sBpSYcDrPjg/d4ZtW/0lR9lknjr8Twevhkz6ecPXMW27JRJmRnZrLoLxcxYsRwvJkZuD0+mutbCAZa8Hp9ZOdkom1NMBTAtiNYEU0kbHPsWAWlhyspKCrgr5fdyzXXXg1K0dHwtIZQxOrDqyFE/wgFQ7T4WwZ6GH0q3ZcuoapIKehv7vU+pGJVCCGEEEIIIcSg05381jAMpk6exrSrruazjz6iqe4sHtPFuGH51HhNauubaGwJMLxwGFmZGWCb1FfXc+jAbo4d+5q6unr8LS0EImHS0jwUF46geEQhQ4bmUd/QyKEvvqKisopxzZfT1HTuX8T7KXsWos950jy43C78/sD567vaT9xuDz6fV27/F+eVBKtCCCGEEEIIIS5gCqUMcrKHMHHyVRz94kt0UwBLBRmSk87IMcM5fOwYX5dXM3x4AW6PScj2U1VZS9WpWogYuE0PARVEW0HCgTCNZxupshSnjldypr6R8uoqbK2ZfeNNXHnlldGjCnFxMgyDjIx0bNtLKBQiEnHuctXaHuihdUopA9M0cblMPB6PBKqiX0iwKoQQQgghhBDiwmdoplw1hT0fbeP04VMEmhrRpiYrK5PxY8bS0hIiLzcXZRqkYVA8ZhwVFbUcKj1AKBTBdJnk5QzBpcGOhMhMzyAjdwhh8yTuM1XkZOQyojifjCzfQJ+pEP3CMAy8Xu9AD0OIQU2CVSGEEEIIIYQQFzylDEaOGMvQoUM5YR1HG17CQRNLpeFJc+H1esjwejFthe1yU5CTzvfuuo0rJk3kyIGDNNadhbBN2I5gmgYjLxvHzLk3c/zYMd78tY1tZOLx5mEoqYITQgjhkGBVCCGEEEIIIcSgo3XXe5VqNBrISs8iPTMfd46LnLQ86isbCPtt0jwmmd5MTEyC/iDhliBNhosrR42mpKSE4cMLOLD3AM1nG3CnecjOzmbMhPGMLC7CDgQpLCqmrKKRiG1gW+e+HVrLFNFCCHFJkK/ahBBCCCGEEEIMOk5U2jWGMnApE5fbzdRp1xKKKPBBfuFQas7UYFk2uUNyscM2oaCfcLCFxrpayo4dIeBv4orJ47j6G1cxcsJoSsYVM2bSKMaMH0Gay6AwewjFwwpxp3lIy0jD5XahzpH4dmfsQgghLlxSsSqEEEIIIYQQYtDRmq7PEKU1SmkMpbhi0mTyhhbwyce7GZFfgs/lwQ7Z5GZlE4mEMA0Dl1KEW1qoOnEcf0uA3PwC0n1pjL5sBKZtY2oDFYgQbgrhxkVR3lCKi4MMLRiCy212bexCCCEuelKxKoQQQgghhBBi0NHdSicVzq+3iuGFhVw2/nIiIYOqqjM0tQQ5WVlFKBBCmwo7bKFMF4bbRTgc4GxNBSe/Pk5dfQMe5cGtXIT9Ic5WnqbiyDHK/3yYSCDM5CsnMmpEUZey3u6NXQghxIVKglUhRL/6eFUJ3rwSvEs2UtVH+1v8RnUf7OnSELv+zjWrZv2Si/z67VntfN7yVvPxQI8lQdUbS51xrfos+YWKjSzOK8Gbt5T1Fam36db7FTv/7vy8Rcfw1J62Lzifl4739RlPpbrWe1a32+bjVX33zwAhhBAXL7s74aRy+rEqBW53GsNHjCAzK4PczHRGlYxEmSZNTU1o0wQ04WAIZabhTstAYRIIBAg0+fEHg0S0ImRHKD30Be9s2sDvfvs79h0qo7ComOKioXSljLZbYxdCCHHBkmBVCNF/Kjbyb09G/37lSAp7u789q5nzJGxcOr0LIU00FMrr3iMeLsUDuvaBV3+Jh3F9FBJWvfH3PLjJuX7tQ7R+Fr++3X30zbWIB/49eDy1J/G96eDRNkDtSMVxNgIwlbHFiS9U897bmwHYePR4H5xxxz5et5yNwMp5bQPSV3lwE7BpOaO7ej58xlPznoZNy3kkFgjH/jmwaTlrEz53PXkPBvxzK4QQ4rzSuusBpVIKZRgow8Q0TfKGFpCVnUFWViaF+UMZUTKSYDiEsi00NhErhGVFUC4PhtuL0jahcIBgIAimi5yCfMxsHxUtDRxrCeL35ZA/fBg+X9o5x2JrLa0AhBDiEiHBqhCin1Sz/h+WR0Mj4MkFXQtPOgxwooENAI+xfe3CLge1K7eWE6iNPrY+5ixc8Dxfx5bV7uWlBT0+USAWtPV3CHvu8HhONNjeuHQ6o5dujm+5cl6qa93B/lJVH54r8IxXYiY/2lVfJr0PnTwOPM/CNqPtsAq0nVhlZev7c8OKVMfZxMroFgvX7O1wLI9fB4WL1nTyeSonsGJU9Fp2/pmo+vpz5y9PzOKGxBdioSa38dJ917bfsKNgOvYzsmk5o7sYTN+wInbeT/Nv8fcn4eftiU0EVqQYQ0rX8nj0vdq49FU+pjW4XbhmL49fl3jcc73vre8HAAueZ8l1CCGEuMjZds8Syry8oeQPzSfdl4EvzUvJyBGkpWXS2NBCIODH1hahYAArEgEUpmkQscI0BxpoaDxLoLmZTK+bUSUlpGfmUlCUR+HwHJRx7tv8ezpmIYQQFx6ZvEoI0S8+XjW9NRg6sIZbPlrqBHvdCmkS97cgHrKs3PpwPIT6eFUJ791SnhTY9LeqN6Lnxm39fOQCFq8tZ3Ena8THdo7r3noOnfmMp/IWJIddPd7XxSEejHa3InvP6tYQFJwvHp6E2M/L2Pdir23mwSklPBhf0Xl98XUPE6h9uOP9Lnier8/x5cPHq1qD95iNS6fjXdpmxfjYnC8pHr+u7bZPMyfvaRaueZ6rly5P+Hw4y5P3/Rjbax9ODpFTqdjI4imtX8wsXLOX9YsKzrWVEEKIi4Btazj3XFHtFBYUMjSvgKaqWjSQ5vYyYuRojh45gsdjkpWTSZrXRcgK4ja8aKUIBwPUnKog2OInKyMdu6EFd0sAj3ZRUlTAiOH5dKkNwIAHqwd4e+0+GibN5d4ZRe1eLd2yju1d+PI/K3H7w1t44dgIls2f0rpCzS5e+U0T1yyZz8Q+GnnPdX7OKdd/vZ4Zd88iv4M1SrdsoObau7gxv3vbCSEuLRKsCiH6RawFwMI1P2NxMb3qrVj1xtJ4iBMLdpKWP1nCSroY2Fzq9qzGO4/ka7VndUIQ2vY6VrN+1S4Aqt74RUK4nRxmf7xqdfRvn7E2tq+24V7FRp76qM14Ni1ndN7ycweBxQtZX9u2ZnWgtd6uv3DcqJ7tIn7eCaF1vIVGwnsRDxrbtgzovaT3Mn6c5M9B2xD2hhXlBG6JhcMJ6y5ayONttuluKJoczEeD5D4+ZyGEEIOXBixbYxqdB5paa7St0crZyg7bGJaBwiYSsbAtTcHwQmpOV1NeUUlBKMTQYYDbhXK5MQBtWwT9LUSsMCHLg1aaRn8AT8ZwLr9iHIUFOa2NXDtg2Zrexqo1uzfwxhcZzEkKLCv54PVtHGyKPi2elhxyJijdso+GSWPI/uJDPhjfNhh0jJh1H3dM6GQQh7fwSm3CsffVQFMNL6zdF12Wz4jiGhqB7WvXsb2r++0m51r4nSc9PefDW3hhV03K7d5YW9ZmiY/J3019zYQQIhUJVoUQ/WL9gedZvG5k+0AlofqtrZQBTELol3QrccVGHkkKXzoOVVfOK2lfZRkL9LqkmvVLYhW4"
[DEBUG] 2019-07-12 19:38:49,964 method:org.apache.http.impl.conn.Wire.wire(Wire.java:86)
http-outgoing-2 << "JFR/tlkery6MhkEVseApWoW4LiGciu0jqXKxJyFSR1Wk0X2Nngq0Vo86FZabmbNqVvQc2rRYaBdOF7B4hRNofny09XqPaTPGG1ZEqycrTvCn2MK2VZzFC3l8UfTv0YrLeIjWlfejC1WYfanqjaU8ws86DgUrdrEx+t63rfRcuXUvY3p01M08OC96ndu2B2gjVcVpXMrr2bchZbxaty8l/lz38/sthBBi8LBsG9PovGzV1hrLsgBNRWUVO3d8RP3ZOlyGM1mV1jam4WX0uFE0NjVRVnaa5mCQwkJNTp6Jz+vDcJvkDc9HmWkE/WFO1ZykvL6JkolZjBtXjNtlYijdac2qZds9P9FoAJhVnE9Wm5dqdn9I3bT7WDYBYiHrK7vz21Vnlm5Zx3amsWzGFBi/i1d+s4XSXlaU1uz+kOMj57KIfZSOn++EjjW7eOW9TBYtyWH3+argPLwlGjDfxcTenPOE+dHrlqg7ladtQm1aA9msLlfICiEuVhKsigveH99fwF21gHcZn95+O0mRx+l3+OEHL/C72PO8/0XZzVf1+xjjqnfy0pvHaIg9zxrLPffMhg9f59UD/g42KmDuQ7cxGaB0M6t3VKd+LXaItvsqmc7Dt0/tw5PooeKFrF+RYnl3WgFUbGRxNPRLDl0/46mE24RXbu08LEqqyEt5q3TbgDTZxn+YHg/QAHhyAYvH7WX9otTrp95HSft9HLqNjZsSb5nfzIP/sJFbehQmxULRDs7l0AmqGBWtsEzo27lnV0Jf0Xu6WPHrBMhlW8/RguHJBXgPdR6OlUXD2rYVsN2SMqxPvg29uzYunR79fG3mqdGpx+b0Dk0MK2Mhd/vguetaW2esHd35z8kNK8oJtP0Z60YrgJiUXzyc8/olVCafJyt/JKGqEEJcqrSGiGXjMjufIkQrOHGygjfefIttb7+DO+RnVFFRdB9OuJru8zFu/Ejq6hr485+rOFPbzPDhAYYNL8CX4QOtCTQ14m8KU9fYzFm/xaQhQygsygMMtO64YDVi2b2btCoWANbs4pWKpqSX8mfcxR3xZ0VMHOnjYH0N0BrqlW5Zx/aGMSy6O1rVmT+Le2dt4YW1WyBluOrcPn8y+UjJlbI1u9haP4F75xcBNdS9vovSkVVs/8IPxdPIZwp3TNvCC1sOdFhN2lOlx2rImjQ3OpYibpyWzwv7vqJmRlE8DO3+OXdBzS5e+U0ZjQAV6zhYPI1ld9/HjYC0AhBCtCWTV4kLVBWb3lnAmA3RUDWVtqEqQO3/y5j39/fD+FIo3czqxFC1Bw4ebTPRD9Vse3EzB2PPUgW05XtZ/c55qCTrbwk9FttWsib2W+WJTee5v+pmNl65qd1kOs5M7U6P06/XxHqr3sZLB8oJ1LYNehP2kSQFSNkAACAASURBVDAJ08ZNm+MTa21/Irpw029573xNgBWbEOmJH8bH11p1eBsLv9n57do33Jc8gdTKeSkmpCpeyN89kbBSfBKl9pMmQTXHDvXkRBzxCaQSH7HJpHiM7e0mQ+p6tebCNXvj78nKealmo/+M954k6Vq2Vuv2/nb9wkU/hHmprlnfS5rcLf75TL5+259os1FCIO+EsM4kXYkTmyVOnJY8OV0nk64lfmEyL/U67SZAE0IIcVGybI3dWWqpNacqK9mw6W1+/esNHPryCNV1DaA02raxrAgKjTJMsrIyGFlSiLIVJ46f4fPPj7B/XynHvjpBdXU9TQ3NNLc0YysLFJimwuOJ1SSlTlVtrbH6rbdqJaUn/GTlxKK9A7y9dh1/zJnLsrtnkc8B3l67hVJwwtrvZvLHtet4+3CKXWWOYdGS+1i25D6WLZnGiLav58/i3vlTcKo293GyqYw/MtNZf+xJXli7rn3v1T46x5oGH6PGJ1SD5mWS1dRETU/O+fAWZ6zxh3MubyQsi6+bP4t7l9zHnGIfk797H4tyDndtOyHEJUkqVsWFzbuMDcO2c9fx0nYv/fFQNFSNVanGgtbaj/gjV3FNvw70czZEK02zp8zjwZltbheZeTcPz0xedPCdl9lWDtlTpidUpCZUqMarX5uoroZYqW7JTQ9wV/Sr2XjQWl7OQaYmVbYOGl1qBVDN+n9IHaom9lvt6URY3ZM4K/u13PIErHySaAXotV2uqFt5S3QfxbNYuACnejVhlvMbbnkMnux5hWWHikc5M7QD770X7YfZ02tWvJD1W48nT7pENDh7u7VC8oYVe3npUNuqWacCMrky9Thl0XVSV02m0C/vueOGFeV8Pc5pVbByXgkk9ff9BSuTPhtAxXEnFIzewn+sKwdJect+a3uHP71xT4pWBJ1XWHe8X0fvJ4KqZv1/JH4GHmP7VpgzZbUTxkaraDvrsdrhpGsJX6j0qopZCCHERSFiaTwuJ9jUOFWoRCtILcviTwcPsuuTj6mtq6MlGOJkzVmGVp4mKzOTSCSCO6JRpompXORmZ1A4NIeAP0T92UaaGlqoqqwlPT0Nw4RAsIVIxCZrSCHjJxSTnZWOYRhOi9UU4WrE6r8Jq0q3bOMgY1g0oyhaXVnFqO/exx0dlVDmz+LeJZfxwevreKV2bvd+D4pXb/r4/9u796ioznv/4++Z4arcRAaIEMFrUNCIt0QNijHRQNKgGBtNGqu/s4KeVX+mbZrbabOO59eek2vT6rGniWmPxpwUrS1qWiHhhNRIQoyXkAgkeIkioCKjI/fLMJffH3tmmBlmuMhV/b7WytLZ+9mbZw/Dsv3wfb5P/LxYAj8ro/7bPN76tn1IYN0pe+/VvuuxeoWaBgjxOKeePfNjdy9h3UQlHA5b4VrJWszft58iJNT1Js2U/O09yictYt1aWe4vhHBPglVxg4ogLXU/aYDu2Cduzl+mokn5289usy79D59Bih980JJNwcl1TL9joOYKlFZSCRA4hgddQ1W343PIq+w4Pj7V3S7zAWitGYV27grSHc5oQwMATy0GhohuBWMedrt33GQpbSvnn5nBF69F85uxnQdFve+xOpByKLsI9NVmPaNuZxqwb/8G1uyHTbmeetF28+u69ka12b+B7ceWWoMw2/evY//XTb/bx1r7EvUZPK+vtG921Bl7SGfbJMoewHWvb6h9vj3s2xmx/G1aYpTl9e3hqrJp1dK3C1nJPlaGtldZtgfx3ayqdLd5FTNY+3YKm57MYd+TmXyx3E3fW5efj/bvRwpL03LYt9/lfTm2Bb9/zHP7s3d9rQCAtBSW7s9Rnn3mRlo8rSYQQgghrpPFYmlvCWCxYDGZUKHCrIKmllbOX7hEXV0NI0YGYWhqpKGugW/OlYNKQ6L/cPyG+4PaC7NFjY+PLwGBwxkR2IChzUhrWxs1+lq8vG8j9aEHGBkagrevL7fH3M6kyZMICBiGytYDwCVXVVoADESwal26P+pO1jkufV/bnWsjuWfF4wCUfuhwuKHMZQOnMMY7XhY2j8fWzmt/PXEeAyOMkAAPpaDX8cz213d+zZ8OVxF3t2MLha+pm7SoPaS1b3bleSOrK4ezyGWu9FcVQkiwKm5+r186wYY7pgKXqWhRjhXXX4YB7NZnW8IfFBNCSeZOTtQrxx2rS9tVcbBQGR+dmOTcM5YisrYVKiEtAP5MXZbisRLV3jogMIDwXj5D71mDIltwtPxtWpaDbRnwvoccwlBrX8hOK+mcNnl6lk+2LwV79Wqixz6Y0PseqzcGT0HYaGLTgP24bZsQMedBlqKEY86hZ+fs30+H78tX53Uw0/H7ZwtOHd7f/eWUMZA/jX1g5kZaikezMmGD/T2yB5sX57E591n22T6baQ+ysA9C8Yjl69n0ZA6beJXf/HUVu+Z4HusYqto3Tdv/Kvs+17FyudapV/HLC9t/Ftz2aLUH1u42MrPRMmYybFq4HmzBqhBCCNFPlOX2ZjRqW+WqBbPZwomSEgo+/Yz6a1cJDvAibFI03525yFV9AyVlFTSZTUwzGYmNigKLCjUqvL01+Pv7EuBvQKNRY7J4MWlKPI8/8TjBwUFoNGp8/H3w0mjaQ1VsAary2mgyD0wLgO5UaV6PgFiW2/uFFvP37Rfcj3PsO+pG31WqOmqmRg/2Zqb6BuoDAnrX23TiEqZ/+B5/P6XMt33j"
[DEBUG] 2019-07-12 19:38:49,964 method:org.apache.http.impl.conn.Wire.wire(Wire.java:86)
http-outgoing-2 << "q0inMesmQumHWUrbAXvQ6kqp3O2fZxdC3CgkWBU3qQjmhsdBeanSVzVrsOejqCsuxLHDa+WhPRwcuYJkx+yptFAJXgPHkNRlt/VmThwtItnN5lS6gj1K1SvuAtpB4NCDscwa/Cx9u5DN/Is1YGtfPs6o0WwCNj3pISB1CIaU8Mga+Cx/m0/OKpWMmxY/SaxT5aJtmXlvNhLqnoiYKUAOfV5t2i1dVX0qIRieQuNRS/nJCxvY9xLWKt5yl0DtOC+vrWDt9qWUvRbNPxZ2sTz74j5W/hw2dxrQ9izI3pRbycLuDe0/o5ayS7/UzXEtEaPmKZ9fUtjx73214ZJL1WrxaLejbJW8TmZu5JMXXmXBk5l8MWc0v3HoW9ox/L4+sQv3s3YmbO/1nYQQQoiu2YJMiwVaDK0c+fJr/vDf/83Rzz/H11dN5MhwYqNHcUfcZL744mvOnbvAmcpL6BubidJWMCYigoiAYQz3H46PTx3+/n60WbwYNmwY8QmTibhNaw1TlT4DtghX5bJr1YCFqkDp8TKYtMht9eT1S+ChFS6v13bSK3XUnW57qV45nMXhvpwW0L5Z1WdcmTiPMKr49OsrRN25pNebRsUteRw+fI+3PoPASYucQ1V3Ji5hXWgVV8LaN82SilUhhI0Eq+KmpZ35Ckd5jlm2/quhvySLF0nXQ0LgINXHRSeyMXUKUMXBzFxO1DdTdroKtLZ/kNurVYNiJrgJQ6eQnmENUW09VisLySqd4lD5aru39Uu6rYodeLYejJt+tJTY8wfsxyOWv03LnH2sTCjnJ9awzjEY2rR4Cwsdgz2nStWOy77b+3nmsObn+1hoC/T6cCOhLjn0MVWWVVvn2c9f1qNjW/BbXGSvXrS/v9a+sPz1SWLOrrcvC3fuieqm8jVtK7bVV557oT7LT5Zr4SJd9PdcxV1ouctTj023dOz6XbcHDzjbZmpL3/6Pbm+O1R0Ry9ez6e8PKlXEF13qQp16ke6Hxc4tF+56Zj+bXkpjge3/C/W4QttzKwClsnwGcNzpuNuQF2sP3icdDnSrHUj//0JECCHEjcVktmA2mcgv+IJt29/h6y+P0tzYRJvRm6orDYSGtTEmKowlDy7mVOkZjn1ZhK7mGg2tzVzU6wnz8SfEX40KMybAaDahsUBtfQP1DY2EhARZe6mqQKV2CFUHuFIVUDZygvqLzr1NnatNe+bCZ0qw2JnASS4HLn5t76XqKqo/OgRMXMKCc+/ZWxUETlrEY72sDL1yOIu/ftusvHffg9y/5fFWRdfv4xX91+T+LY8gqU4VQriQYFXc1LQzX6HMXk13gq1ZAHHcPmJw5hMUYotKI4mP8edEcTN1NTrAGqzqTlNWD+BP7IQufvupTWJW9DnyKqFOX2W9h2Oo6rDR1RBQBu2bM513OTlqKbv0AMd5+SVQAtP/gJ8nsmbyaGKtVZ/OfTxtoWonodD+DTz113nsWq7l8ucHlCq9tNHE9ssTOj/P5rcPsM+x5+iA6tjLFFKslb5F7CiuZOHnTxLz5AH+cXGpUv35Uhor7b1prT07nULsdksfmkcEEOFpgy3HoMxxcy6X+XSnF6pbFz+z3i+FpXMGvRbbiX0ztbStbHZqY+HcB/Xydd19Bs9vt76vto2x0kYTa9vczf6+H+dl2yUOgevSt7ey6ckNbippPfQwdrq+s1YA7rm2Fuhs8ypP2n9u+6alghBCiJuLWuPFmNhYMBloaW7B288XlUqN/lojXxWd4dIFPWPHxzB9+p2MHz+OEye+5ZvSU+j0emp9ffGp1eBtMqIxmzCaLDTqW/nks88YlzCGlelLQa2x9k617pAFmC0WjCZL//ZU7dBDVOkVek8ffokul6+f+pA/ufZLH9CKVUXcksfpdY2Iw1L+QJeNqB5bO09pc7D9PWubA3/ikyIozy+jnjAWLFHGhU1cwmMTlWd9a7uyh0XUPKlWFUJIsCpuZiffYivr2GDdpOrLgy/yOoDfAuYOcMPR+LFa8ip11J0/jW5uJFqqKDmv/IPcHraC7nQVdQCBkcR32Pg7n6zTE0i3b2ZVxEnrUv+gUOWYriDf3kZg1aohsPzfwfPbHZan2/p4ulauWSmVflpwDHsu7uMpp6AyhzUJ0axxOOKud+q+JxN5OWY/2K6dfHvXS7Mdgjt7lZx1kyZXbvtS4tBz1NEod/fwEGq5+Xpu7+nEIWTuUAWoY9faf2GpLcxcvp5NT6ax73MdY85aNzlyDSk9PHO3z3f2fD3hEA462pTrLpjt+LlQdGPzpV7qyYZYZWeVz6N98y2bbm6idvl8kfKXybcT4foe26uzc1iz2PFnZh7P6ytZ+Fo0CxKiWdPDjbsGhvtfCvRdSwUhhBA3m7GxMez+n/9h+7s7efudd7CYTWBuQ6MCizc0NBs5W3GWoGH+LJh3J0seWMy3JafZu/d9rrXUolFrsFhUYDGh1vjQVlnBkSNfkrLkfgKHD8dLrbGHqgNbpdobnS/p71ZYOXEJjzm+DpvHY0vcDw27O52HejjDvtfJM1t7pnrkukEXwHj3Jbhhd6ez7u7rm6EQ4uYkwaq4qb1eksbrJY5H4tg8M3XgA8e4RKYW5nKi/hyZ2845nNAya257GwB72Oq2DQDUFeeypdj1qJY74pyvp8PX8WfqMpderoPJU3/Kvrxm5jw28Wx7GwF9IbFr/wUe97zkuMx1Z/sX1vfpUu7+11mIqWXl9rcdXs/g+eKtrExIZAF9v2y9T3Xne9/Dz8dl1+91bx3b0mWo2mFpfIeqVhyudw0Y3QSOaVs5724Jva2a1UNVsPLLAOV+MaEbelRB2v+66hEshBBCuLf2idWk3L+YzF3vsfvP72JRQ2ujiarqNlpaQwgaPxHNcD/01eeYd088yffMZPN/vklRcSkWC6hVatS0Ud/QwD8Ofkbk6D+xdtUKtCNCADVGlJ6uQgghhCNVi8Eo/zzcYmzLViwWC2azGZPJhMlkYkRw4CDP7Projln7qPqt42iqQ2hanc36T9/iA/vIVLLS1zF9UGYJrr1POy7VLyJrWyGVeOqL6no9LpWp7dd3NMSCVSGEEEIIMeRdq61Ho9Gg0WhQq9v7jLpu4jTU1NTU8GHuAYpKvqK2+RrBIcMJCPaltqYOQ4sK/RU9cbePY3JCPH/Ynsmxo6VYLCpUKjCZTHh5q7g/dQkZ//RP3DUjEbVaPdiPJIQQoh+0Njf2+h4SrN6CbrZgVQghhBBCCNH3btRg1ZFOV83p707RaKijsUVP9cVyjhwqoPKCDosZHngoFd2VFs6dvcC4seOYdudU5syZTVRU1GBPXQghRD+TYFVcFwlWhRBCCCGEEF25GYJVIYQQwpO+CFZlTYMQQgghhBBCCCGEEEL0kASrQgghhBBCCCGEEEII0UMSrAohhBBCCCGEEEIIIUQPSbAqhBBCCCGEEEIIIYQQPSTBqhBCCCGEEEIIIYQQQvSQ12BPQIiu6I49x6zy0m6Pf2D0Nt6cGWF9dYKtWe9x+z2vkBbuMKg6m/WffkKK6/GBUJrDlkOwKCOFeACqOJiZiz5xNelxroOLyNpWSuiyFSSTz469DczKSCHe8bgWSrJ3cjRkMWvmRg7wwwghhBBCCCGEEELcmiRYFTeG0F9Sljy1y2FfHkxjm9PrF3kd4NM0nrIfTeVnodl8AHzgdBx+Fr+fDXf00Zw9iUthIzls2ZYDGSnEE0nyfWPYsTeHkjglbNUV7OEASayZ24376fI5Wgl1lblsKXY+FT3fXVg7NBRdg+wLcPwqXGhSjkUNgxkjITUKpowY3PkJIYQQQgghhBBCdEaCVXHT0h17jvSmdRy9B148Br9MTUULKFWskJW+lIrsDCrGDUCY6iouhY1xVRzM3MmW+vbDedt2koeWqQndvVEVBz86BwljiC4+B0M4SHX0SjHsLe94vLxR+W9vOSwbDc91+30QQgghhBBCCCGEGFgSrIoby8m3iC3J7nDYefk/UJ3Ni9ULOGoNU98c9xbrj13ml7yhtBUI/SVlRDA99ZdszXqO/SMGoSUAkSSvWk2ywxGlUjWRePIp684tThdyIjiRjRO06CbAgb072XLIn6nWFgFD0Y+PwmFd1+P2lsOl"
[DEBUG] 2019-07-12 19:38:49,972 method:org.apache.http.impl.conn.Wire.wire(Wire.java:86)
http-outgoing-2 << "ZvjtrP6f0y1J59haQnSXtN0QQgghhBBCCGEjwaq48bi0BXBd/g9AeCpvpjq8vmMOCVkZzPJbx9H0n1KQnUFsVipZ6evYkN51i4G+o/RTLYuxBjOlOezQJ1pDmipKzjcTlBgJejeXapNYk2F7MYX0jCkA9mBWSyRrMpJQ+rLuJGsIVq++Utweqo7wAT8NqFzGWIAWE1wzKGNfKe5h5aounx17z1Fnex2dyMbUKW7OOQfQuoI9ZBY3Ky8Cx7BqVRK2bNrxXFDCQIRqzj107QYkDO34tUuyd5JXaTvv/L45nXN8rykia1sh9lMD8HnUFewhsybOYQ7tc+yfMNT5GWFot98QQgghhBBCCNG3JFgVN7fqbNZ/+hYfoPRPLbMu+U9L3U/aybeIzUoDlIB1+oBMSKlSLcneyZbsRDamJhKbmc/BCStI5jRl9VpmxQEFnq7vGOS4E5SwmDVDLNwpuua8/H/1WFg0CrxcklWjBfIuwmbrfmV7y7vfc1UJQGHqstVOgWlW6RTSR+azY28VsfZzRWRlF0HqFOW685GsyrCGqaU5ZJWiBGSlORwgiY0ZkdZg0/r9GgoVwaU5bCkMcAqBe0tXUEpldBzptvdoWyGV0YlszHAITDPz0a1Kojp7J3m0n9MV5HBQN4VkrXId81ezMQ6gioPZ+eji+m6e160vw2ldDXVoHTaiE0IIIYQQQghxK5FgVdyc7IFqHJvv2UbKsQyeKknj9RKXcX7rOJoaze6sNNIZoM2rgPjU1fYgJvm+SHZ8lE9JTBV10XHK5lWdXt15kFOSvZOjfTnZPpJ9wfl1gxFqDfB+hVKhCuCrgbTblXOu13YZrOryOVBMhzYI2rkrSAcobaAuOs7h3BTSrVXN1TXNRCc6hH5xKco11r+vsd9sArGB59BfhW4nhDXHyPzLN+hGTuYHy2YS2s3LBodSNR2dqASlJdnWUNWpAnQK6ausY2v9mXpf+znt3BSlglpXQ13gGB60h/uRJKf2pFrUxHcf7+HAWbjj3hUsGavpzUP1r8AABryLiBBCCCGEEEKIIUGCVXFzCk/lzXSHXgCp+0nrZPiG9P1s6PdJOXCsNNQmMSt4J3nF/kxdNqXra520VwYO9eXHx686v77cAoHeSmD65VX45DIkhCjtAapaOr/WHd3pKpfg1MXIAIIOlVorKp1PhYf4k1fYjYpKnUNVcXfV1lJntv4JfRastrcn0JG57RxBCYt5kHwya+JYRKF1eb6WRRmJ6DJzOVEPrsv4O970NGXYAtEiTlZ29pmMRBvcTN7RIpJdlt6jDSGovpD80qTr/FzWoq81gBn0dbX02btWmsOWQ8qvLfK27SQvOpGNqSitD+ZHUnZIaRMRlLCYNaGF9rF0CJetrjZQV6+8/zBQbSKEEEIIIYQQQgwVEqyKG4/+RWKznA89EOBp8GX2Z2fwVIun8zCwrQAUOn0DQTGJ9hAvPMSfLtf3u71RDXVA3aEcSuKG9nLkC03Or6ualTYA39TAsatKoBroDRoVXG7u/Nrrok3iwYQ9ZO7dyQmXHqrauUlMPZ9rDyhdw7H2PqLXsew7JplVD52hLnA80T2acDMn9u7kRMcHsc55BRtDnVsB6AqAykJOzl/NxlTrvLflM3XZajZqrWHsR/nEe2gdUHL0HMQs7nYxbnxqIie3FbJlW6FLb9EppM+vZMuhnWw5dD1L5UOZ9dBiQisgdmwPQ9VKZT6ugkKAuBQ2jnRtBVAENHOiEFZlrEary2fH3ly2RCeyMSMF2y8vskqndAyJ41KsrQ6wjsslK3To/5JDCCGEEEIIIUTfkGBV3Hi6s3mVC49L/KuzWf9pRZ9Or2sOm1QBUER+MURHwwlr6OVZ+6ZVUMXBj84RlDAGihvsI2xtBjxt5DNU6FqUFgCB3vDDcdBmVpb8t5qVc/1BO3cFG+cqgaNziKr0vk22hmNbip0rO9tbNygbg53sUYWwhqBRdxDU49m6qS619gftVHSifW7xY7Xk1QYQb72HNjQAznu6UKlQjZ3Vk4pL6+dRl8+OvS4hqjV01BXsIdNeHdqDz6J3JOPG9mAqNm6+TtftMfyZep81bLa1exhru4eW0ED3+8k5m0JSQimZZ4sgbmj+zAkhhBBCCCGE6FsSrIobyx3r7BtQ2UxP3s+bXVz2urv+qnapZPTB1LpPh75eyx3W8Ku9j6WWg5m5yvLpuSusfT3ddVut4mBmLifq/Zm6bDXp5LOjuOOo6ppmgkIGfasgu6hhUN7Y/rrVDGbgVB0YzeClhhE+oLKec722K9oJkQTtraSEKV1WR8anriZel8+OvYWUzHWsplSCQl3BHjLdLXG/icMz502rAKZwR3QhR09XgbaLsFWbxJqMJCXALKgi3qHiVwmzi8ja5r4NgxBCCCFEf6qouMChQ4c5fvwrvvnmJOfPV6DTXaWxqRmNWoOfjw8R4VpixsYQHzeR6TPvJGn+HKKjpb2PEGazGYPBgNFowmQyYbGYu75oEKlUajQaDV5eGnx8fFCr1YM9JXELkGBV3BjcLP/3xF1bgCFVsaqroc664U1J9k7yasewapUS0iXfN4Yde90v629fju5vX9qtmEBsYK7SM9LpCi2LerRhUP+aMdI5WDWYlCrVjAnwuTU/Xj8RTBZoNXW8tkvaJGZF7yRvWw44LD3XFewhP3QFSfo9HCDJTQ/MKg5m5sN97nuPlmTvQTfLdq6I/OJmouffXKGq66ZVNvGzxnB0by47cGyPUERWZg1Jq0LI31bJHe6W+ZfmsOVs9JCtlu4rOl0VWlvorMvnwE352RBCCCFuPFf1tbz3XhZ/3bOXo0eOY0YFWJzGqCxqjGYjTWYzZyvKOXuhgvyCo3jt2INa48PMObNJe2gBKx9JJTQ0ZHAeRIhBYjabaW5uoa3NMNhT6RGLxYzRaMZobKOlpQVvbx/8/f0kYBX9SoJVcWNwWf7vSce2ABGkpe73fEF4Km+mez7dH3Snq6gLjkNbmkNmrXOvT6XyD6dNdggcQ5IWtPbl6K5sy9iHttQo2Fve/rrRBO+dhe9Fw32jlGOXmuBvldBk6nhtd8SnribctvTceiwoYTFr4gBWMCt7J1vsHxBlqX08wKo4srbtZIvtVGB72B2f6nyu/X5DQFw00YcKHTavuk6eNuXSJrEmI8TaHsF+kEUZKWiB9GU17HAM9KMT2Tg3EkhhlX6PU6/T6Pmrh0a1qtbhFxHWzauu+1ZXC9myt72qPPoG2EROCCGEuJlVXKxm87a/8Mf/OYCxqRZjXZXHsSqVBR9vNcP8ffD20TAywI/YMTFER0Rw28gwtAEheF+tZu9//YHYKZOZNu8uRoZ157f9QtzYDK0Gmpr7YpOLwdfWZqCtzcAw/2H4+PoM9nTETUrVYjBauh4mbiYWi8X+p9lsxmRSyvpHBAcO8szEze6VYudwFZTNqoZbf8XTaFQqVh0tGw3PJQzM/G5VJdk7ORoiO9oLIYQQwtm12no0Gg0ajQa1Wo1KpQKw/zmUvLz5Hf7jjXcwm4yosGD28gdDEzRcxmw0grkNW9Wqn78v2rBAEsaPI2XuHOYl3sm4oAB86uqwlJVjqryI5eo1LC0mTD7eqIL90dwWgWnJ/fhPnTy4DypEP2ppaaGlpZ82vBhkfn5++Pn5DfY0xBDT2tzY9aAuSMWqEGLAPJcAl5rhsEPrWJMF6trcj79bK6Fq/7ueTauEEEIIIYaGr4pO8eOf/5ojXxSi1mjAbAFUaDRm8B2O2ms0ppZaVC21qEyt3BYdxsJZM1mb/hDTA4NRF5XQlvMh5gvV1F++ivlaHcbGZsyGNsytJixmsGhA5auCP+6iJWURgT/bgFeU/G8ncXMxtBpu2lAVlNBYrVJL5aroc1KxeguSilUx2NxVrrqSSlUhhBBCiME11CtWM//yARn/dxO0NGMBzBoNmM1YzCbUKjNqLx/w8kXl7cVwbzNTYsL40Zp0Fgdo0Rw+SvPJ79Bcuoyltp62+hZMjU1YDAZMZhMWlQqDug0vVJg1Giw+PsrmPUbwDtUS/u5m/BbMGey3QIg+YTabqaurG+xpDIigoCDpuSrs3FWs/vCHP/Q4/p133ulwTILVW5AEq2Io"
[DEBUG] 2019-07-12 19:38:49,972 method:org.apache.http.impl.conn.Wire.wire(Wire.java:86)
http-outgoing-2 << "KLoG2Rfg+FW4YG3hEzVM2agqNQqmjBjc+QkhhBBCoHqzRAAACxhJREFU3OqGcrD6n1u28cLzL2HWeGHR+KJWabCYjWA2YjG34WUxo0KNGTW+w3xYlDybTT9YzuiSk7QUHEdTqYeaOtQNDRibmrCY21BZzJgxY1SrABW+3hraom7Da8JY1JEjaDW00lxRhaH8AipDK7e98isCVw3whg1C9IPGxqYbbqOq6+Xt7cPw4cMGexpiiPDUCsBduOouVAUJVm9JEqwKIYQQQgghujJUg9Vvi0uZO3cxbUZvUJmwaCyoVT6YzSospjbAjEblDSov1Oo27k1K5F9XpBFz/FssxwvhwhU0dc2om1vwthixqC1KCwGLBZNKCVbNXhosk8bjtf6HDE+7H7W/P5yvpOnSJWpOFFPz/gcYSysY85t/J/jRZYP6fgjRGwNWrar/mF//6gLfe+MJJroefxfWPHUvyvZw1Rza/GuOTn+ap5PC28edepcNOVH8m33c9ZOqVWHTWY9Vx3DVU6gKIJ8kIYQQQgghhBA3hJbaVi6eucTI8JGofX3ReA9HrfFFrVbjpVErQbDXMFRefqjU3oSOHMHahQuIOP415sISvK624DMsEP8xUfgnTsQ7fjyamCi8Av3xUakZpvZmuEqNT3gwqhWp+N93L5wqx/jeXzH86jVUBcfQLl9O1C9+gurOcZx55kVqP/pksN8WIa6bwTBAlaqh9/L0L6L420+f48+nrMdsYatTWBrO/KdeYQ3vsuEvxe3XT3yCf5teyL86HrtOA/bM4oZmC1M7C1VBKlZvSVKxKoQQQgghhOjKUKtYbTMYqb9UT/mFCl7//VvkfHKY1mYDGA1gNqPszWxBrVZjsRhRGY2k3T+HZ8eOJfJcGWq8MZlUqEcE4BUSiiU8BPXwYQSqvTFcqEB9qgyv785hLi/DNG0STRvX4FNyDs2hfMx1daibW7DMTkT1f1ajCY+k6tOP+e7Xf4Artdx9+H/xGx3dZ8+q/+DHpL/2DY9uzuWfE4DirSQ/9T53P7OTlx/oauOsKg68sJrXjgCPvsrBjGkeR5ZsW8yPdjsccDPeNpfOxjjda/YGsl56mFDHk7r3eX7lVg7bXruOsT6fK/vzu5sHAJN5ZtdveVDrcMj1Xl28B7e6hoZGjEYPuwn3lVPvsuHNrgPRMctcqlSt1at/Pu/pigQ2ulbAdoOXlzcBAcN7eJW4GXVWsdpdXn0wDyGEEEIIIYQQol81N5hoM5kJ8RvOwwsWUl59laIzZWAOxGQ2YTa0ojG2MCFqJAkTYmgyG1k8NYHhldVcU2swThlLi64W46VLGPRX8L0ajP/tkQSPGY3/PbPxf2AhnCnDcuRLjMM0+FhAfew4aINQPbEC85lyLJ9/juXtP9LsH0zwiu8xbMYUdH/7X7554f8x/b1tvXq+Ay8sVsJQB7ufWoxj7nn4tdUkv2Z79TC/y9sAruGo0w2eJdn1nD1o/IpDrud2P0sy7UGk2zDTaYxDiOuJa6gKcGQr6S/QMYDtJffhq+iMyWTqxdX1VJboCYqPIaizYROfYOsbjgeqObT5QyKfchOKOrUMUKpX51tPXc3/NXkRT/P9niapLnr3zEI4k2BVCCGEEEIIIcSQVqdvpvLbarzrdZiqLxPl5c3U+Mmc0elRWdQYzBbamhuZETGKNXdPZeFds6kfNRz/Sw3UNddTUlnMsOoAJoaG0WLwpfWaHqO+gcLTX+Pd6sWoqFFo75xM0OQ4RvzgESyNDWhGR+O1MRwitXjFjact/zMsjY1w/AQNtSfwfughhk9P5MI/DlGWl8dtB/O5LTnpup/xwZdyedD6955UrJZY/3Ss7nTLXVXoo25C1HPl6JlmDzzdVo3u/pSSjGnE2+4zewO/W/AxP3ITauqPf6yEqrYqVVvQeuRjPtc97FRt2p2KXI/PqXufV61fv8v3QthZLOZeXH2egj8WMu2NJzoPVnsi9F6efqOYP//011T94mnm92XybtW7ZxbCmQSrQgghhBBCCCGGrNZWEyWflOJdVsLIohME19XSMn403iYNAUFajOZmvFqNhIcG88Q98SydEEMgZlRhIehMZr5sqKTK0kjibeGEhAyjzTicFmMTudXnKLp0kVCTD1HGeuKry9EWFhI2bQZhMxIIs4B67BiICEWl8cZr+gzMsWNp/c//wlx2jjb/MEyBYVi8vGhubeTsjvfwiZ/ESG3YdT+r69J8jxWrnpa3W0NLbAGlNUx9dHMu/9xh8DT+OcPNJMaMtoeqoQ/81um60OjxgGN4GmkPhPUffOz2mezX2O6rnU3SbDh8ZDyx1lBVX3nG7bWOLpV3XolqD3AffVVC1X53kWN7P+Es1zhFPVf3ZvIVscxfNoeOsXgxf/7puxxyd5ufPudyIJzv/+Jp5ocm8P035JsobgwSrAohhBBCCCGEGLLOfHmWln/koP3iY7zPVqA2eRF2LpbJ48fwtTYUfbMRg6GB5MmjuX9yLMNMJkwmA5pWC+VnvqX6u5PMSX+ccbF3oPvkQ0yXLnGpvonaFhOVJhPfXrtEhLqFCVGT8G2p5/wHOdScLaVx5p1ExsXjdzkc44TbsYwYAdVXoLwc78hY2oaPoP5iFa2tBgwGIzW6KxR8eJDv/eCRXj6xm76hNm6W1cdn5HIw4yt+v2gxyShVn0+UryZ5EUoAu2s0z69UznWo5HStYp29gazOerIWWMfOHs1t3X2chEd4Zvb7vObSluDuZx5pr3i1cmx14KnqtD1sdnyfqvj8E2u16lz4/SJ3Y4Q7KpX6Oio4A4mcOAl/yqjKv8jYiZOIZgTD3I5N4PtvvML3HQ+depcNb1ZbQ1R311RzaPO78MTTRH78HFsKHM89Zw9pO/Zk7R6VSvZxF31HglUhhBBCCCGEEENSa4uRM7v+RMDf/4KmSo+XxUSjWoPPd2eYazbSMDWOgqBQ1OoQ5k2KIWpkIOZzZdRo/NCfPM03eR8RHRfP5Fl3McwI5hGhnDpbgW8bJIePJNZ3GB9UlHO2rp5LZgOzwkPx8VNRW3ae05erabx4lZhJk/HRX0E1dRKmoiIMZRfwmjafWlMjl48doaGuDhPQ1NTE6U+PMi9lEaEjR/Tiqb/htZWLea3rgUD78vy7n9nJwQcinatedz/L7+fm8nLew9ZQdjHPd7bc/shWdhc/7DbQ1H/wY/t9H328J71RI5mzYDIccaw4nUzSjPY5uKtG3f3UYrCHq1WUnXMd8Q2vrfwxuASnu5961mXMVmLzNnQIcYVCo9FgNPY8WI2On0Y0XpRQz5j4aT3YQKqYP79Zzfd/8QR8/DFXH7mXka5D9MUcJZE1oTDykVfYav1dRV/1WNVoNL27gRAOJKYXQgghhBBCCDEklZdU0PDRfgwXKqmxtNFkAZXJhKm1nuCy71h4vpz5wf7MnhBLXHQY6hG+tN0eytcXv+N/d+/i4vmLxN2TTIDKG5+WZkLGxTJ2+lQsfiEYfUMYHxzBkpjb8fXx4mpDE81mI76hw4m4LYhgg4mqz49w5tgX1H1dhPnjz9AEB+P90400jo/izO53qD3+BUaDAYNaQ6sKvL3U7Mrc28unnswzu3I5mOfmv10buNtldOgDv+VgXi4vP6BsgPWj3SiVp3mv8ihKQJm87SvQPszLebnOoWrCBvu9s56ZDMDup7ba+7YqqjjwwmL7plA97V9q78v66KvWr/Uqj1pD0QM6ZUx8huNz7uSZ2crx3QVfWe+itBxoH6M8G3xD/vEqp6939zM7Xca8z6GuN6S/ZXl59SZkjGHuP813s/zfE2sl6vqnmR8azvx7Ycfmj7nqMupqSSFMT+gYuPaR3j2zEM7+P8BeX+agFdJvAAAAAElFTkSuQmCC"}"
[DEBUG] 2019-07-12 19:38:50,000 method:org.apache.http.impl.conn.PoolingHttpClientConnectionManager.releaseConnection(PoolingHttpClientConnectionManager.java:280)
Connection [id: 2][route: {}->http://localhost:60573] can be kept alive indefinitely
[DEBUG] 2019-07-12 19:38:50,000 method:org.apache.http.impl.conn.PoolingHttpClientConnectionManager.releaseConnection(PoolingHttpClientConnectionManager.java:286)
Connection released: [id: 2][route: {}->http://localhost:60573][total kept alive: 3; route allocated: 1 of 2000; total allocated: 3 of 2000]
test05_switchApeAsk 运行失败, 截图保存在: screenshot 截图名称 : TestResult_test05_switchApeAsk_2019.07.12-19.38.49.png
]]></system-out>
  </testcase>
  <testcase name="test06_switchNotes" classname="com.f.dianqingoa.testcase.SuiteTest003_SwitchTitle" time="0">
    <skipped/>
    <system-out><![CDATA[ITestResult tr: [TestResult name=test05_switchApeAsk status=FAILURE method=SuiteTest003_SwitchTitle.test05_switchApeAsk()[pri:0, instance:com.f.dianqingoa.testcase.SuiteTest003_SwitchTitle@44c8afef] output={null}]
[DEBUG] 2019-07-12 19:38:50,090 method:org.apache.http.client.protocol.RequestAddCookies.process(RequestAddCookies.java:122)
CookieSpec selected: best-match
[DEBUG] 2019-07-12 19:38:50,091 method:org.apache.http.client.protocol.RequestAuthCache.process(RequestAuthCache.java:75)
Auth cache not set in the context
[DEBUG] 2019-07-12 19:38:50,091 method:org.apache.http.impl.conn.PoolingHttpClientConnectionManager.requestConnection(PoolingHttpClientConnectionManager.java:219)
Connection request: [route: {}->http://localhost:60573][total kept alive: 3; route allocated: 1 of 2000; total allocated: 3 of 2000]
[DEBUG] 2019-07-12 19:38:50,091 method:org.apache.http.impl.conn.PoolingHttpClientConnectionManager.leaseConnection(PoolingHttpClientConnectionManager.java:250)
Connection leased: [id: 2][route: {}->http://localhost:60573][total kept alive: 2; route allocated: 1 of 2000; total allocated: 3 of 2000]
[DEBUG] 2019-07-12 19:38:50,091 method:org.apache.http.impl.execchain.MainClientExec.execute(MainClientExec.java:190)
Stale connection check
[DEBUG] 2019-07-12 19:38:50,092 method:org.apache.http.impl.conn.Wire.wire(Wire.java:86)
http-outgoing-2 << "[read] I/O error: Read timed out"
[DEBUG] 2019-07-12 19:38:50,092 method:org.apache.http.impl.execchain.MainClientExec.execute(MainClientExec.java:238)
Executing request GET /session/321baedde2997e3a97edef8a09db022e/screenshot HTTP/1.1
[DEBUG] 2019-07-12 19:38:50,092 method:org.apache.http.impl.execchain.MainClientExec.execute(MainClientExec.java:243)
Target auth state: UNCHALLENGED
[DEBUG] 2019-07-12 19:38:50,092 method:org.apache.http.impl.execchain.MainClientExec.execute(MainClientExec.java:249)
Proxy auth state: UNCHALLENGED
[DEBUG] 2019-07-12 19:38:50,093 method:org.apache.http.impl.conn.LoggingManagedHttpClientConnection.onRequestSubmitted(LoggingManagedHttpClientConnection.java:124)
http-outgoing-2 >> GET /session/321baedde2997e3a97edef8a09db022e/screenshot HTTP/1.1
[DEBUG] 2019-07-12 19:38:50,093 method:org.apache.http.impl.conn.LoggingManagedHttpClientConnection.onRequestSubmitted(LoggingManagedHttpClientConnection.java:127)
http-outgoing-2 >> Cache-Control: no-cache
[DEBUG] 2019-07-12 19:38:50,093 method:org.apache.http.impl.conn.LoggingManagedHttpClientConnection.onRequestSubmitted(LoggingManagedHttpClientConnection.java:127)
http-outgoing-2 >> Host: localhost:60573
[DEBUG] 2019-07-12 19:38:50,093 method:org.apache.http.impl.conn.LoggingManagedHttpClientConnection.onRequestSubmitted(LoggingManagedHttpClientConnection.java:127)
http-outgoing-2 >> Connection: Keep-Alive
[DEBUG] 2019-07-12 19:38:50,094 method:org.apache.http.impl.conn.LoggingManagedHttpClientConnection.onRequestSubmitted(LoggingManagedHttpClientConnection.java:127)
http-outgoing-2 >> User-Agent: Apache-HttpClient/4.3.4 (java 1.5)
[DEBUG] 2019-07-12 19:38:50,094 method:org.apache.http.impl.conn.LoggingManagedHttpClientConnection.onRequestSubmitted(LoggingManagedHttpClientConnection.java:127)
http-outgoing-2 >> Accept-Encoding: gzip,deflate
[DEBUG] 2019-07-12 19:38:50,094 method:org.apache.http.impl.conn.Wire.wire(Wire.java:72)
http-outgoing-2 >> "GET /session/321baedde2997e3a97edef8a09db022e/screenshot HTTP/1.1[\r][\n]"
[DEBUG] 2019-07-12 19:38:50,094 method:org.apache.http.impl.conn.Wire.wire(Wire.java:72)
http-outgoing-2 >> "Cache-Control: no-cache[\r][\n]"
[DEBUG] 2019-07-12 19:38:50,094 method:org.apache.http.impl.conn.Wire.wire(Wire.java:72)
http-outgoing-2 >> "Host: localhost:60573[\r][\n]"
[DEBUG] 2019-07-12 19:38:50,094 method:org.apache.http.impl.conn.Wire.wire(Wire.java:72)
http-outgoing-2 >> "Connection: Keep-Alive[\r][\n]"
[DEBUG] 2019-07-12 19:38:50,094 method:org.apache.http.impl.conn.Wire.wire(Wire.java:72)
http-outgoing-2 >> "User-Agent: Apache-HttpClient/4.3.4 (java 1.5)[\r][\n]"
[DEBUG] 2019-07-12 19:38:50,095 method:org.apache.http.impl.conn.Wire.wire(Wire.java:72)
http-outgoing-2 >> "Accept-Encoding: gzip,deflate[\r][\n]"
[DEBUG] 2019-07-12 19:38:50,095 method:org.apache.http.impl.conn.Wire.wire(Wire.java:72)
http-outgoing-2 >> "[\r][\n]"
[DEBUG] 2019-07-12 19:38:50,375 method:org.apache.http.impl.conn.Wire.wire(Wire.java:72)
http-outgoing-2 << "HTTP/1.1 200 OK[\r][\n]"
[DEBUG] 2019-07-12 19:38:50,375 method:org.apache.http.impl.conn.Wire.wire(Wire.java:72)
http-outgoing-2 << "Content-Length:157074[\r][\n]"
[DEBUG] 2019-07-12 19:38:50,375 method:org.apache.http.impl.conn.Wire.wire(Wire.java:72)
http-outgoing-2 << "Content-Type:application/json; charset=utf-8[\r][\n]"
[DEBUG] 2019-07-12 19:38:50,375 method:org.apache.http.impl.conn.Wire.wire(Wire.java:72)
http-outgoing-2 << "[\r][\n]"
[DEBUG] 2019-07-12 19:38:50,375 method:org.apache.http.impl.conn.Wire.wire(Wire.java:86)
http-outgoing-2 << "{"sessionId":"321baedde2997e3a97edef8a09db022e","status":0,"value":"iVBORw0KGgoAAAANSUhEUgAABVYAAAJrCAYAAAALesjvAAAgAElEQVR4nOzdeXhU5dn48e9MMtkz2SALJKyBsEQMasCgQAUVLFUphYpF69LyVqHSUkqhVjQtLYVS3vijgra+om1FsVAErQW0xAYwEBZBRCAQQkISyEK2STIzyWy/P85kMpNMkgkEsnh/rstLcuYsz5xZzjP3uZ/7UfmG9bchhBBCCCGEEEIIIYQQXxOleaevex/qTmiHEEIIIYQQQgghhBBCfK1IYFUIIYQQQgghhBBCCCE6SAKrQgghhBBCCCGEEEII0UHeXd0AIYQQoicq8SryaL0oS/8b3BIhhBBCCCGEEF1BMlaFEEIIIYQQQgghhBCigySwKoQQQlyHkDKbR8uEEEIIIYQQQvQuElgVQgghrpMEUoUQQgghhBCid/nggw/aXUdqrAohhBDXqbqvipAyG9V9VV3dFCGEEEIIIXqEiPAw+vQJI0SrJSDAH41GCVGZTGb0egPVOh1Xr1ZSXlHZxS0VX0eNQdUPPviAhx56qNX1VL5h/SXNRgghhOigxsmrnAOqjf92XiaTVwkhhBBCCNEkLrYfA+L6ERgY4NH6dXV6LhVcpqDw8g1umfi6Kc077Xa5u0zV1oKrElgVQgghroG7wGrj34AEVkWniwh3zujQoFJJhnRH2Gw2TCaTIwNGsl+EEEKIm0urDWLE8HhCQ7UAWPTVaHQFRKjq0KpMaNQ2VFgx4U2lxY8a7xCMAZGo/ZX1q6p0nD2Xg05X25VPQ/Qi7gKrbQ3/dxdclcCqEEIIcQ1aC6w2XyaBVXG9IsLDiImOwsfHp6ub0qs0NDRwpbhEAqxCCCHETRAd1ZdbEkegUqmw6nUEV55jqG8lgyO1+Pv5cyG/lDqThf6x4fiobNQ3NFBVacBqhUuWAMpCRqIKCMdms/HlqbMUl5R19VMSvUBrGasdITVWhRBCiOvgrq6q1FoVnSWufz/69u3T1c3olXx8fBg4II4Af38KimRooRBCiJ5prsrCi2oLAL+xerHF5tXFLWopOqovY24ZCUBd7pcMMFxgxOA+xA8eSJC/N6hVlNbUYaysQRvkj0ZlJQg/omP6oLKpGFJrpKr8S45VxVAZOtyxLwmuiu5AMlaFEEKIa9CYsdoeyVgV10qCqjdPWdlVCa72Mg9aTfzRaiQcz37qVKDi52o/PlRrbnDLhOiuhjJ19jjifEGXt4ftn1V0dYOEh057NRBh/64rR8UoS/ca4aLVBjE+eaySqXoxizv7mImO6gM2PQ31tfh6+xHg503ZVSMlV6uIjA7jankFxVUGai3eqNVqBvQJIj5GSx9tIDsvenM1KB6bzUbWkeNSFkBcF8lYFV1sEotWJVP+/Do2u/1bCCF6v7XWYP5o03Z1M0QvExEeJkHVm6hv3z7oDQYpC9CLdCSoChCOjT9ajRJYFV9j/Rl9WxIJ/sAQb7I/+ztfdXWTBAAJ313CsylhlB98k5X/uNDVzemwEcPjUalU+FbkcFesinKjis++KkBXp0eNiQhfGwP6avHz9kVtrsdcb6CixsLRYhWX6y2oNP5YzpczMqKKqcO1TIwM5aPSCzSED2XE8HgOHz3R1U9RfM1JxqromMnzWTszHs/m7jOQvSOV8pRUIg6msj4Dpi5IZdYwf7dr689/xNKN+9pcx936jaYuSGVWbBHbn3+dvYAS6J1Bgu4IC1dvs681mxVpyUR71P5SMhd3fZB43vKOnb+m7dYwIaqUzCyYMD6y3fW7jblL2DCeds79bFasCiPT8Vor260NP8JupjBLe8rxmn89zt8kFq2aAnuU5wkon9WUSpY63vstTV2QynTSledhP38uz2nuEjY4P3dDDtuffx0WpDJBW0N0lPN56R6flxbmLmHDoHyn7wD36zQ999msSBtI7mLnG0bNzq1diVfRzQ2qPvsexb+A1YMf4WXnfzc+9uQloscvbbbRWk5U3MGh8Ht4hrWcqHiUEe72ff5d/Fps2504f3cr15b1Gdf++e4JEkeN8LymatQoJo4ZRB9fC8aKPDIzs6m+sc3rlRoaGjh1+mxXN0N0kjKz7pq26+vd1nd682uCu79dkwymLljC6K/WtbiGuFyD2zyep0kLztev5teyHuIafmc4zmuzfszUBalMqEgld9AaknQ97xrQlSJm/oQVk/vh6S0G3cl3+eWbngW2lP5109/FWctYeWU+a6fBbud+vQvXfv+85WsYkreMlVvaOZgnfcAeIG7cNB6cNoXR4UDFWXbv2cOHh11HWHTnUgBxsf0YOSIeS205o40nyC428XmBHqNKg7HBhDcWhoSruTMW+mv9KK8yEhIaxLFLBrLrwwgLj+JCXg42LxUNdfWMDoUJw7SEhIVx2BqPyj+EM2dzKCiUUSfi2kjGqrj5Ml5nqaNj6GHGasYpVqQtYV7GOoqxX0C3uHYolX83aVynVXOXsDYcNx2weGalrWGW87r+yWxIS6axA7Zy8bYW++rOF93Nqzty/pqCD/rzH7FwtRIwS3IThJ7u/nA3mT347SYWMiFtDROcF9iDeu47XIoAbSR7V6fCglTWLihl6cZ9vfz8NdrH+pPJbJg2n6kZrueo5Q2HDtiyjoVbnDuws1mxaj65hUDeOhau7kDntovMGxRJcd66DmyxjZU75rN21XyKn89mdCtBVeiCTNVXHyF61KcYKwpZXf0ZywenM/1iIatDGle4C2PFowCc3RxL0nMAS0kKX8uJitPs/tUoksLdBE//9CnGcTfp"
[DEBUG] 2019-07-12 19:38:50,375 method:org.apache.http.impl.conn.LoggingManagedHttpClientConnection.onResponseReceived(LoggingManagedHttpClientConnection.java:113)
http-outgoing-2 << HTTP/1.1 200 OK
[DEBUG] 2019-07-12 19:38:50,375 method:org.apache.http.impl.conn.LoggingManagedHttpClientConnection.onResponseReceived(LoggingManagedHttpClientConnection.java:116)
http-outgoing-2 << Content-Length:157074
[DEBUG] 2019-07-12 19:38:50,376 method:org.apache.http.impl.conn.LoggingManagedHttpClientConnection.onResponseReceived(LoggingManagedHttpClientConnection.java:116)
http-outgoing-2 << Content-Type:application/json; charset=utf-8
[DEBUG] 2019-07-12 19:38:50,376 method:org.apache.http.impl.execchain.MainClientExec.execute(MainClientExec.java:267)
Connection can be kept alive indefinitely
[DEBUG] 2019-07-12 19:38:50,377 method:org.apache.http.impl.conn.Wire.wire(Wire.java:86)
http-outgoing-2 << "ObSj9eBoKZmLl7Gy2VLnz/fmjalu3+Pd7/PavojwMI+DqiF3PMTjEwbipa+krgH8hgxnVHws7/9tL7k3uJ29jY+PDxHhYZK1Ktqwj/V7ElibMhsyaLrhM3MNG2aWkrk4nxB0Lll+ezfmMyFtCfMy8hnS4ub+DDakzbD/280NyskJxDXbX3NN/RmnhXMHEk0k0c59KQ/6UV3O5XeGou0AdPN+pP18GnLILFSWbF69jOIFqaxdgOs+7L8hdC1+c7jpm5Y0JWm0vE510xvL16F8Rybnxs5mtEddnBoKvupItmBTQHzqglQmAFNH9yfA39/1N5z9/Rq9PJWIg6ectp/NkKhScle3f6SO9wG7n9FzlzB/fGRTkDt8BNMfHUrSkLdZuaXpRuAWmxdbLN0nmOpsQFw/ANRXvuRMXS0nis1Y/AIYP/5O9h/IRF9nJPuqmf5aDZEBNgz14FtvoUxvIyiyH8W1JTSoGrAZzfj6BpFv8iHgUg23+gQQaiuk2j+EAXH9JLAqupQEVsU1cbnb2DwAlraGCS6dt22szFrC2gWT2A1Ej1/DhvGNKzd1KPXnnfYxaAkr5q5j5ZbmgRt7ZkBhjbKemw6Y28w7F+6CeZH24Ktdt+p8duT8bWPl4m09LJDgSYdUuVPtwr8piK4//xFLv9KhH6Q8tNclwNKLz1+LGwuRyjkx5LB9j7Jk78ZU9s5Vnv/ejfs8C4RObi9zoPtyG5iLcn7NFcp7JsHp/M1gw6oEsnXxJNi/22alxSv/mLmGDTObZcZAFw7/1/HfPyiZqi8P/rOyqJWM1deyTjPorVYCqt3Q3hbB0fayrpo+35t7UTZSiNbT91YCU8YOxJT7Ia/8K09ZFDqWufNSmDRpL7m955TcNCFarQRWe4lzFgt9VCpC1WrUAN42fGfXo7nLBIDpMw3123zBrMIGVFmtlNls7f86ynidEympLJp8yqm/qHxXMXcg0f6Rjv6JcjNX+Z5aMXeby8199wFD9yOrWiQNAI4A1UblhvKKuY3Bp9msGA+Zi5c5Zc2mMp3sHndNb98+1j9vP3/N+/9zl7A2fBKwz821RQnmYTAQPWY+U7e07O80JXkovxsab9gDLQOtq+ZT3AP7TK07wntfTOA3E/u1u6Yp7wjvHe7g7mPms3YVnCgEwuczPbaI7Yudz19jv38SEc0vh+5uGoBTINY1I9ZdHxBweQ27rYRHecQ5qOqgITp5BvOOn2Vzdhe0qwMiwsMIDAygoaYCdVUFOdU2fMPCMFls1NRWYTYb8fayYbZ6canSSoLWSkODlZpaIw0WFeezz6JSW7BZ1GDzoV5lwmq1EBMVQVyYH33MDWQaqgkMDJEbo+K6nTjR8ZISSUlJgARWxTVrGWRwsAdlXGxZx1Jg6oIpHmWskneE6jFLmLclnyHaHKoHpbJocirrSSCOInZXaIkLb1zZXaDUOQMAN4HSNtrvLojX1Tw9fy5Dt2ewIS2ZzCwIGNbsfNAskN0NzFu+hgl0oJPT/DWdnAAMZEXaGvsPEqeAbW89f+5uLGDv5M9UPhBNNwySmcc+NueVsmHQbKCNEgGj+0Nheo/8geD842ne8vaG/+1jaYanwzG7gWffo/hbpSzfDMunv8eJ393VbFh/U8YqKFmrhxx/uSsDcJ63wu/hmRvb6hvP/vnuTQIC2i+Ho4glIljH5a15TYuqjpNbmkxK1Fjg+I1oXq/m+bkX3Z0euGSzcdliIUKlIm52Aw2TzDSgAkA1yYwGKHzHh6s2G6YO7Hvz6lRgNitmOo+UKoVBwWTvWMZXo5Vh6I6bmFvWsZKWw6Bd+qv2fo0j+NqBm5x7N6YzetUMEiiF5YlUZxWRlLaGIVnLWMkS+8iVbn6NuxbNSxY17/83+9s5WDo6Fgr2nCJkZiKjJ8Net78JwDEqaFDLslAAezeeYkLaQA/LjPUc5duPk31HP7ejyppUcGL3Hsqv4zjRw+LRn/+I6OWpLDrY/LdZJCH+/kTPVPqys9JSmW7A6TOWTvWYZMqfz2eI/bfb5tXKDYXuPqLKExF3DCCitQfVkSTcEQ7Z3XuCsT59lNfFeCUfQ60Fg8oXGuqp1OmpOHocq9mKGhVe3j7oG0zU1tswma1YDWrAC5PJhMYHTDYzPl4abGYbVpUFNH5ojJWYzT4EmYqp8w+hTx8JrIquI4FVcY38SZi5hg0zW3nYkKP8v7HD01ibEQ8zVhuHWqUlw/mPWLmxkhVpS1h0PhjdyVT2sqRZRmFbWY/tBUq78aRbHT1/W9axcEtjoNlA9o51bM6Azd22U+GUabB6GZvnLmFD2hIyF+czxCVLbRsrn29tH661Fwt2LGOlU72t3n3+3GdoFmctY2HWEtaG69AN07pm+23JpzhtIPOAYrd7bPyxsc81IzZqDRsGlVLMtdWsuync1WaLahkUb6T8wJrE6Fh/AvxntBwm2N28+gjRrwLPvsfyb8Fb4bFKfdU2vJbl9Ef1ZyxvrMnKj9h9ce6Nauk1a60UQPPMlGJ7sED5Qd14o6z10iLd4kZIB2g0nla2q8ds9ca3P1DVuExLiJ8vlhr9jWlcL+f5uRc9hRkosdkYcpcJo1nN+RLlNR4WZSL4LhNXNnfgNXdcZ5Rh/64Zq8lEa3PIzABG29d3BP7s/dTVzbNI2xjiPi2eAP9WslWdby7PXcKG8cFk7zhC8cyB5K5Otd9UnsSiVWvYoDvCwue7eWZee2KnKDe7m/f17SWL3NZDb2sE29xkEihie8Y2olOSmZAyGzLauOEcHtx62yaH0Tunr9zHnjMpJNwW3uoa+vMHeetaMyZ1lRTT394Xm82KVUXKZweazunkMLQlR1i4GqXG6kkt08OPKNf7aVD9VSQhY3R8NTmMJOd9z12iJGvY++895gZ6M0khbd/o8w9JBLr3c2ocgWOpLmPk4L4YrtRxuc6ESqUCVKhUYLPaMDWYMGmg3qyiwQxWi5UAjRovtQWTBby8NJjNZrCBSeWFzdxAXZ0RL2sd/TT+nKcjo32E6HwSWBXXyMOM1S3rWLilKbDpnE3W7kUuI5uCafGEVCiPr8xawobxNWQuBlrEAyJb1uR0aW6Op0+se7mW8zc5gRAM6M8XEZIyn0XT4lu529xdakI5TzLW2EGezQqDzk3gzzVw4hj2vniZ8qNmVRhfZdi3twdme//5c52YZ97yNQxpc+1t5JasYcjcVgKrk+1Z4RkASkas467/FafPdvh81qY5BV3Hd4Pz4ZTB6/nEBsmE6ErRF+ZTEGvP6r3hDb0+rz15F6Eh5xnBj9h9cQXfCGm+ho7//moU01/titZdn46VAmi8ETLFaVnL92GPKe1xTQ5wumAU90yawz2WPXx61pcx901lVFgl5/Z18/GBQnQBtQqCfG3Y7P/usIzXWZqh3JAHXMoSQWnT5DpaqP4KyGj8nkp2k10JrWVUzls+gwT/Vq6rLiPDJrFoDGQuTlUmrJqJ03EMZO9YxsJWMzF7jgDdKRaeHMiGxixcx7W9WekER9KHgeysItAq57t5n2DeoEj0hUeU601eKRPGKzecW0vQmDDMn+Is94HXeSnxBJQc6fZ9h2tiMrf+mC6H3f/opKDe3IFwcp1S0qIilZVXlMVjR/dHl/c6MBvQMmEMnHheufEfRxG7CWO6rpK9jv+D8pmIBP9mZd7cZIf3xJFZPU3jKJCGOh3afmGE+Kq5VGPGbLagUoHVagObCpVajcVmpbbBjNUGVquVEG/Qqq2U1luxeqnBalW+w/1txGm9qK8zobGaCFNXuRxLiK4ggVXRMc4ZYW1lrKIM1xjtEnx1VzfKuUOpBGsbC/RPXTCFuMIcdPbaR9jvFkdMdne068lYjWwx0UD35OH5Gw3VhaAlm0xdMqMPNnaqu+sMsfasVUe26jo2t3n33/m1dn5tS6lmINHMZkVaItU7Ups9z956/lqWKijOU3406PLywc2ZdJQDcJN82m4ZAF0laOMh73WWLu6uQ61mMyQKolurq+V4Dyl16HKzICm8lPUnw1i0YAkbhrkZ7tdNanH9dOdpnuQz/lvd2MaWQdTXsk4zqEta1z25q63X3ZlMJo8nrzr8z48JnDOZMdOfYNw3AUMl+ZUBjLr/"
[DEBUG] 2019-07-12 19:38:50,378 method:org.apache.http.impl.conn.Wire.wire(Wire.java:86)
http-outgoing-2 << "Icq3fsDhqnZ3IZyYTB0ZEC56kpID3vS/34zGy4QNCPS1UfTx9fwUstdMdcqMnLc8lUUH00FbQ3nzgOaWdSy8Mp+1KZUsbXY9aZzBvrFUUZIuh+Ko+NaTBhwJA04jf9jGysUAk4gY001HYl0jva4UtmxTbpanrWHDoMZrsvKclRnjK5ngNHN8Yx9x6uT5JGlz2O0UjB0SBbo8+3nbkk/x+GSGzAWc+jLOI5xaTKobldwUtOsm/YPON4UHkyKhKJMX/7jzuob7t025OZD7POydXMT0lNlgD6we35jK3smNN/KVfvpmlGC27uQyGJ1qD7zOd9qf82dC0VMzVnsDjUb5jvW2WqitrqJ/eF9OlxjBZsOm8sJqteDt7QU2FRov0NdbwGQDlRpvlZlR4Rr8as3UmgHUBPt7MaKPimBLFUH+PugNFmzGGpdjCdEV5N0nOsa5puPcJWwYD5k7dCSlVLJ0dSmLVs0g5GRrQRbnov2zWbQqkTiKOPH8667ZRaNRCpkPq+HE4tcpXpDKhAXz0cYWsX0HygU3r/m+ryNjde5Aorvz8GYHT87fbFakVJKp608csHejcvd3w8ymO3iOIbXdoiPYMtjp/Dq6Dn8zkL0jvY197aNcN4MJaZEUZy1zk03dG88f7K2oYfr5dHYzhQnaGshbpwypSlNmTB3iLrBoLwcwusXbPoEJw2o4sbi1LPLGTJ1ScrtVILU51wlCmijvN7LsPzYnh1GdtY7NLFGGkG15nfU3tZ0d9Ox7LB/zJcsHpzPdMYxfyzd+V4jxd84r6vivu+1D7mJ1RSFNE+me560b19qOc5vNpWgxSQVufui2oXveAGidXm/wOLAKeXy6NY9PnReFjmX2nBQmznkIJLjaIXq9oaubIG6Qi/9QhvxH3a1k4RV97O1Ydi0iFqSywVG6RLnBqT+fg27mDKINOWxvbUPnoJyT4ixg8nyma0+xdDWsSPMwY7WVEigtJpdtc36BnkK5vs9bvkaZDGwLTF2QSLS/P7PSlDUco5mez6aaRKZPg4I9ziOWEpV+5/hmN1+bTWLV5jWmm/QBb6iJQ4nyBVNgPAt+saSVlQzkpm9k81HPd7t5dapyvY/qz+iDqaxkPmvHR5LgeL+WMg8d6CqVoOo02L34CBPso9KmLki1D/OfzYq0GnIXA3O1BCC1NbszPy81+loz4cEmbonUcLbcSo3Ripe3Fz5qG318LAwPVaE2qTCjQeOtwlejZmhUIPf2CcBiU2GxWlBbGvChHn+bBUt9A2arBX9/KeEjup4EVsU1sHfiyFFmcJw8317XZh/rn0ep5zTGzRCLuUtYQWPQZyDV9pp3Q9KWMK9Zx7GxkPlmgI3pjF6VTO7z69gLRKesYcWg0mbZdh3JWHW+kzmbFeODyc7SMT1tDbPs+2m9nmcX8uT8TQ6jOu91CE90bNaUrdUdMy7dBMAas6LddlqVmkruTF2QyoQoZVi86+RU9hV64/mbPJ+1Y3Tsfn4fLJgCeevIHbSGFctLiS7JZyWwwr6qczZMY4bH1AWpxLnsMJuVrQVVHcdMIK7bZ3g3/tB0+l6YPJ+1M/tTsMMp6J5hD6R2v1Kj7jXWWOVH9qHtf2b64D/zWlYhT0ae5yxwaPA9nN15mtW/+5TXXr3HdXuXGqvdkKNWnjNPP3ezWbE8jOpWHzdQfeX6m3izVOt0hIa2qPHguarjbNsKs+ekkPJACkXvHqSo85rXq1XresKNVnEtbGYVue/4kPuOpzct2la+MZWFzn2LVWFkbnwdFqQyK7aNDd30b5RgEU4JDLNpM2nAbcaqYt7yNSRRClqdRxNf9USbVy9z/Nuln2avwzlrDDTecA/JU677Sj8onepY/5avgb2P0PYkVl8z+//J7iGPMyGqs8MFjeUrTjEkLZVFO1JZurjp0XnLU4mIsX8PO30eJoBy4yG2iO3PK8F1beNvRexZze5q7Ts0r7nfzW80jJ7NhEFtD20PGJTMvNH72NyNO+UmkxkfHw0mlPqp1jodY6MgJtiHugYbGh9fQgN8GRzmzYi4cIoqTJw4U4oX3miDfLhrXDz9I/3wslmovFpOyeVirlzRUVpnRq32QuPjg9XLx3EsIbqKBFZFxzgK5C9j++hUpi+YxF77l/m85alE6GqUgOsemJ62hgmNd3v945k1JoftJ5ewIQ0yF6+jeEEqcWSzcnEkK+wX1saLm+tdYtdO4+bVy+zDrpwb1vGMVWVmVqeL6haUC3LaGiZ0t9o7Hp8/JVA0dUFXN/gauEwI0TiR1RpadnyavdaGUiasWkO07ggLF5eyaNUUFk3eR7nW3z7Ma3bvPX9OGeRT7Ys2rz7CirREsndsQ/lhpohurPfWEc4ZhFHKDZNsnTL8qtt8Ntxq/M6wDxkElJsvzctD9FTxRBNFUkUhTwJwnrfC7+EZ1nKiopCZ+1fiF/5nAF5zbLOUpMFd0tibwJ+EmYlKRvu0KUq5GJcfSrMZElVDbnf98eRGeUUlMdFRHchadaPqONu2FhJFGSWd17ReraGhQWYUFu1QbtzFYSBh1XwidJC7GmWSHV0le+cuYS3pLDyZzNoFk9jrNPQ4YkEqKyhqO2PVhScZq82Wz4yHxrrr9j7trK9DdqVTf2XWoCMsfL6URavWKCXFxi9h3pYjRMRCtXcCcf4Gsvc0Ox8Zr3MiZY19EqvSLngC3Zi5lMy//Z29V52W9ZnE/O8nE1F+it0dyFaFxlJv6axnH+wIY+20+UzNaPrN5chodZeBmtFU+38CR1ho/3w5JhdzHlnpcsyeVgoghUWPJhPdXiKmJpIJj86n4IXXu+0UVsoIHA1Gb3/KzbVYayzEqLyI9jGjCfLF3wf6RwYybPgA+sWEk+StYfDAMj7d9yW3Jg5mQP9wAgMt+KltBGnCMOqquOITiFrlQ329gQCNmau2YMexhOgqElgVHdOYUWTvOJ7QzmDDTCVLcHNFDRsG5bO9MJHpo9NZuliZhZ3JYWgN9mDrNJ2S5UpTIEjJnlM6QCtilpHZ6sFdhzsVZzlfQjzMWHW6k1mctYyFq5ut2nhBnruEDavmQ3cIrnbw/LkMW3IztNZ5SG1HhtLeEM53lh2TUNm5zPS6hg3TlGFd7mqsZtqzmQHW70lg7cw1JFBKZuOPnd56/qDZexrmLU8GRymEUqoNyUxIWwOUkhmzhA1pbU2c0XISjYVOWQTMXaLUNdvSbPZ2ey3TbnE+XDhlRNsD9UPaamMbQ9GhOzy/tZyoeJQRwNnNsUQ/17TsyYpCnqz+jOXhsbDzNMaKFZzdHMuhVvflOvHV2c33tLpmV3B5fxly2rguRBLilJk8dfQUZrmp/613ymrpKa4UlzBwQFz7K7alSoKqHXGlWM6WaMfkBEIKlcCl43vKqV+wIQpghv2GnnKjd31GJCH+kWj5iKVfJbBW20bGahuUhADl3/rzHzVN1NPYN27ej3Lu07q9Ud0b2EtKlRxh4eJ8pU+4GlakTaF6xzLl+U+ez9q0GQQYcti+vvWSP5tXL3NcJ5pnATvriXW7r8nE7zA9qR8B9GP67BT2vnbQ8dCk2VNIivOHuCnMy93H+v0e7tNR6sJ+fp0TBJyv+xjsCQItOUoBrIYVaWvs5cRKyWxvxFWPcpD1Lxx0+nsoU2ePI84XqC/i4LZ99JTpKZUROFrUQRHYauoxqPwoNnjh02DDS1fPoKhA/IMC8db40mCxERbkza2jYzAaqujbNwhtoDcqXxUNDfWYbTasKm/0xgaq6wz4+qgJDNKQa4t0HEuIrqLyDetv6+pGCCGEEEIIV3H9+9G3b5+ubsbXQlnZVQqKLnd1M0Qn+qT+2rKP7/Nta8LT6zTZefIq54SBthIEhOgCfSax6LkZJATVkP3RRtanVzgeipgyn5/PiEdbm8P2P73ums0qboBwpj6zgFkJweiyP+KPr+27gZOJda6I8DBuv+0WDFXlWLMzaTB50WA0og1QExniT2yUPzF9/Bg6qB8xkaH0CQvAz8+XnItFeHv7ERmuRaNRYzEauZxfxNnsPGqMFkxmFYbaaqLC/dnjNR6TXzjHPv9SRp2Ia1KadxqAEydOdHjbpCSlKKYEVoUQQgghuikJrt54ElTt"
[DEBUG] 2019-07-12 19:38:50,379 method:org.apache.http.impl.conn.Wire.wire(Wire.java:86)
http-outgoing-2 << "nf5RX0UYHfuZU4mK7/qG3pWD4xgAACAASURBVKAWCSHE189dKXcQGBhA0aFP8KmrISw4GH9fK77eEOBrJiLcjwH9IunXN4SocC3B2gCulF7Fz8+fPqEhaFBTV1VNyeXLnLuQj9lmApOVqLBQzuoDOBGcTF2dns8OdrAuhRB2nRFYlVIAQgghhBDdVEHRZfQGw/XXXBUtNDQ0cKW4RDJceqmXNYH81FTncXC1EhUvawJvcKuEEOLr5VLBZUaOiCdi5O1o845hbWhAjYqaWgMNJrBgwoaa6lojRWW1aIMC8PJWo66tJf9SOT7eKlTmeozVVahU3lisVryxgNXEaU284xhCdCUJrAohhBBCdGPlFZWUV1QSER5GiFZLQIA/Go0GlUrV1U3rUWw2GyaTCb3eQLVOJwHVXi5TrSFTsk+FEKJLFRReJiY6ktDQcMqCIumrz8NiMuPrCxaLCVODjZqaGswWC/VWCAjW0i+6LxovCzUl1ZSVl1NRVU1ZaTl1+noCfaGPvxef1MTQEB5GVZWOgkIJrIquJYFVIYQQQogeoDHAKoQQQgjRU5w9l8P45LGEDL2VsvP1xPiUYLGYsZnV1JgtGOrq8beoqEdDcIiefmYzAV4+1FpU7P/yIrU1BsL8ICYsgAANfF4XQW3UaGw2G2fP5XT10xNCAqtCCCGEEEIIIYQQovPpdLV8eeosY24ZSciwcZTknyTScglftS9mixWLzUadBeqra2nIv4yvj4ZgjZpzlwpR+/sSE+RHfGQwwWoTH5eFUTsgEYAvT51Fp6vt4mcnhARWhRBCCCGEEEIIIcQNUlxSBsAtiSMIHjiGqppYvCrOERlYT4PJhMVqxYKVunoL2QXFBAeo8PH25pYBfdD6wMUaHzJMsTT0DcVms/HlqbOOfQrR1SSwKoQQQgghhBBCCCFumOKSMvQGAyOGxxMaGg7Bd1JcW4ml4hI+lmr8vBrw8gKrxYTF6ofJO4gcYwDFxgjqNcHgDVVVOs6ey5FMVdGtSGBVCCGEEEIIIYQQQtxQOl0th4+eIC62HwPi+hEYFAZBYQCYgGr7fw5q5X91dXouFVyWiapEtySBVSGEEEIIIYQQQghxUxQUKkHSiPAw+vQJI0SrJSDAH41GCVGZTGb0egPVOh1Xr8rknaJ7k8CqEEIIIYQQQgghhLipyiskaCp6PnVXN0AIIYQQQgghhBBCCCF6GgmsCiGEEEIIIYQQQgghRAdJYFUIIYQQQgghhBBCCCE6yNtYUdjVbRBCCCGEEEIIIYQQQoibRqfTXfc+JGNVCCGEEEIIIYQQQgghOkgCq0IIIYQQQgghhBBCCNFBElgVQgghhBBCCCGEEEKIDpLAqhBCCCGEEEIIIYQQQnSQBFaFEEIIIYQQQgghhBCigySwKoQQQgghhBBCCCGEEB0kgVUhhBBCCCGEEEIIIYToIAmsCiGEEEIIIYQQQgghRAdJYFUIIYQQQgghhBBCCCE6SAKrQgghhBBCCCGEEEII0UESWBVCCCGEEEIIIYQQQogO8u7qBoieS2eqI734KPtLT3BZX0aJsYISQwUAUf7hRPmF0y+gLxMjk5gSfQdaTWAXt1gIIYQQQgghhBBCiM4hgVXRYXsuH+KvFz7icPlXmK0Wt+vk1hSRW1MEwD/z0/FWezEuYjRPDJ3BtH533szmCiGEEEIIIYQQQgjR6SSwKjx2rOIsq758i2PlZzq8rdlqIbPsJJllJ7k9YiTP3/Ikt4ePuAGtFEIIIYQQQgghhBDixlPZbDZbVzdCdG9WrPz25JtsyvmgU/f7dPxDvDDmKdRS6lcIIYQQQgghhBBC3EQ6nQ6AEydOdHjbpKQkQDJWRTt0pjoWHv4D+0s6/iZrz6acDzhfc4kN434h9VeFEEKIXsZkNmMyW7BarV3dFCGEEKJHU6tUeHl54e3thZe6axOTLtQUsr/0BPtKjpOty6e8vpp6iwkbNydnT4UKXy8NEb4hJGgHMilqLBMjkxgaHHtTji9Ec5KxKlqlM9XxnYxlnNcV3NDjDNPG8c/JayS4KoQQQvQSemO9BFSFEEKIG0Dj7Y2vj+amH3dbfjp/Of8+BXUlABgs9Te9De74e/kCEBcYxf8M+zazB07p4haJnqQzMlYlsCrcsmLlic9+fUMyVd2ZGJXEX+96ScoCCCGEED1cncGIdC+FEEKIG8fLywt/X5+bcqzdlw+y8uQb1Jj06Ex1N+WY10qrCSRYE8CKMT9ger+Urm6O6AE6I7AqUSzh1m9PvnnTgqoA+0tO8NuTb17z9oWFRS5/Z+zbj8lkcn+sAwf4/eo1vPranzt0jLNnz/Kzny/lN7/93TW3UwghhOjN9MZ6CaoKIYQQN5jFYqG+wf3v3c60+GgaPz+6niJ9WbcPqoIy6rZIX8bPj65n8dG0rm6O+JqQGquihWMVZzt9oipPbMr5gBmxd3F7+AiPt2loaODF1F+z/f0dbN/2DxJHj+bAZ5/x+BNPEh8/lD+9/DLDhw9z2eZQ1mE2vvZnYmP788MfPO3ymJeXF+pWata89JuVZGYeRKVSce/UKUxIUe6AHfv8c/69a7fHbV78k0UEBQV5vL4QQgjRE5jMZhn+L4QQQtwkJrP5htVcLTFW8PiBlyioK+k2Q/47otasZ3fRQb6qyuXvd/+aKL/wrm6S6MWkFIBo4TsZyzlWfqZLjn17xEj+OXm1x+sf+/xzZn93LmazmZiYGP7+1zd57PEnKC4pITKyL4ue+zEvrHjJ4/19d85s1q39g9vHLhUUcN+0B9Dr9cTG9uc/e3YTGBjI3/7+Nr9a8aLHxzh6+BBRkZEery+EEEL0BFJXVQghhLi5bkS91RJjBbP++wuK9GWdut+u0j+gL9u/8QcJrgq3pBSA6HR7Lh/qsqAqwLHyM+y5fMjj9W+/7TZW/joVgCtXrvDNbz1EcUkJarWa9S+nEdm3b6e1bUBcHL9c/gtAKT3QWBIgODiIuLjYNv8LCw3ttHYIIYQQ3ZEEVYUQQoiby2KxdPo+Hz/wUq8JqgIU6ct4/IDnyVZCdJSUAhAu/nrhI4/XnRQ5lm/2n8Co0MEEePu7XUdvNnC66iL/LspkX+lxj9swrd+dHrfjsXnf43xODpvefIuGhgYAnlu4gLsmTMBqtXL+7GmX9f/fn17hlQ0biY3tz6f/+cTlMS8vL5e/q6qq+NGChQA8+f3HefL73+ejj/7N4SNHMRrrMZvNfHvmTL49c2abbXxj05uk/malx8+pM1ltNtQqlcsyk8mMSgXe3p59BRQUXiY4OIjQEO01t8Nms1FXpycoKPCa9wFgNpvdtvuLL7/i1ltGe7yf4pJS+kSEu+xLrzdwubiY+CGDr6uNHVV4+QqBAQGEhYbc1OMKIYQQQgghei5rJw9AXnw0jYK6kk7dZ3dQUFfC4qNppN2xuKubInohCawKB52pjsPlX7W7ngoVvx+7gLmD7/dov2PChjF38P1sufgxvzy+ERttf/kfLv8KnakOrcazANzp02c4lJXl+DswMJCfLHqOzz8/zutvvNFi/XPnzgNQXl7B4iU/b/H42KQk/mf+DwGob2ggM/MgAPffey8AaevWoTfoGT5sWIttu5v6+gbW/elV7r1nEuNuH+tYnnfpEqvW/j9e/OUSBg8c0O5+0vcdYN+Bg/zfhv9F1SxI6ymbzcYf17/K3SnjuPeeSQAcPnac2269xRHcNJnMbP/gX3xn5oN4NwtyN9rwl02MGpnAffdMdiw7l5PLb/+Qxsa0NfTtE+FRe/b+dz9nzp3ntyuWO5YFBPizZdsOKiqr+MPKFR4Hnq/Xwawj7PvsEH/646pW1zl3/gIDB8The5Nm/xRCCCGEEEJ8fey+fJBPLh/ukTVV22Ow1PPJ5cPsvnyQ6f1Suro5opeRwKpw2Ft8BLO1/aEEPxz2sMdBVWdzB9/PhdoiXj+/o831zFYLe4uP8O24b7S5nsViYf0rG/jTKxswmZpmRKyrq+P4iROUlpbxr4/+3er2BoPB7eMWi8URWHUnNrZ/m+3qTnx9fZj5rQdIXbWWaVO/wQ+emAcomaq1dXXU1ek92s/xL77knkl3OYKqZouFoqIrHDpyjMRRIzCb"
[DEBUG] 2019-07-12 19:38:50,380 method:org.apache.http.impl.conn.Wire.wire(Wire.java:86)
http-outgoing-2 << "zRw4eJgBcf158AH37w21Ws28R2bxq1//noLCIp56/FF2fLiLLdt2MCC2PzabDRs2DmYdpU5v4OnHH3W7n0e+M5Of/fIlSsuuMnzoUM7lXOD02XP4+vjw9pZtWCwWauv01Onr+Mmz84nt38/tfnx8fNDrDQBcvlKMrqYGs9lC8m1JvP/hLj5Oz6CktIyoyL588/6pHp2na2U2WxyzaJddLSfr6OeYzWYMBiN6vZ46vYEvvzpDcHAQLy5fcl2Zw0IIIYQQQgjR3MqTb1Br9uz3YU9Ua9az8uQbElgVnU4Cq8Jhf0n7xXp91N4sGTXvmo+xZNQ8/nrhXzRYze22pb3AqkqlYs/HH2MymfD29mbxT3/Cq6/9mdraWo4cOcr0adP45bJfdLiNQwa3Pwz83S3vkX/pUpvrjBo5koce/FaHj9/ZRo0Yzrem34fFqfZd48yRGk37XwFnz+VQWlpGbl4+S1/4NX0jItAbDEyZPJFtOz7EbDETHhZGbV0d23d+xLR778FH476A+rChQ7hvymSGD4sHQO2lZuyYRB5/dA6gZLUezDpKXKz7YChAdFQksx76JvUNDYwelUCINpgP/72HxT9+hsqqKr4x8S78/Hxb3d5kMqM36DEajRiNRtIzDhARHsbu/3zKmNEjiYrsy6Jnf8j2Dz4i+bakDpUXuFYmk8lRhqJPRDjRUZGUlV1ly9b3Wb5kEaNHjuC1N97iQm4eIdrgG94eIYQQQgghxNfHtvx0aky9N6jaqMakZ1t+OrMHTunqpoheRAKrwuGK4Wq76yRoB+Hnde1Dkf28fEjQDuLLqpzrbotareb3v/0ti366mPUvpzF2bBJHjx3j00//y5Gjx1i44FkWPPsM6Z9+6vGEGuOSx6H1IHD1/o4dHDyU1eY6Dz/0YLcIrF4qLGLOrIfQOA1rb6zFo/FWAqAmk5kGUwOBAQEttk/P2M+iBfMJ8Pdn5Zr/5TcvLMPfz49z5y8A8OAD09AGB1FdraOiorLVoCooQdp53/0OAQFKTV6rxf3r4u3V+leTsb6eKZMnog0Owtvbm1NnztKvXwzjk2/jhwsXEx0VSdKYxFa3LygqYt+Bg+RdKsBisaBSqQgLC+XBB+5n9f+u54WliwkI8Cf3Yj733jOJ6KjIVvfVWcwWJWP1xMlT7M/MYsjggUSEh2GxWgkNDUGj8abBZEKr1V5zKQYhhBBCCCHEDWCu4syhfRw8lU+VCQiM5paxk0i5NYqgHjJd+F/Ov4/OVNfVzbjhdKY6/nL+fQmsik4lgVXhUGKsaHedAYFRbpcX6cvYnLuLE5XnKXWzn76+YdwSFs+TQ2cwIDCq3cCqJ20BGDs2ifT/fIzGHswbNGAgAJ9//rljnR89uwCj0bM6MR/ueJ+kpFs9WhfA38+PmH6u2ZUFBQUupQm6SsaBTI4dP0lO7kWCg4L41dKfOoLGjcPO33x7C76+PhgMRsLCQlm88H9cJvAyGI307RPBncm3c/T4F2g0Gvz9/Nwez9ZG4fTTZ7P57/5MTp0+izY4mN++9Eu8vbwwm91nLqvVLXsgdXo923d+RH5BIcUlpby4fAm1tXX8++O93PuNSXx1Jhuz2cIXp05z/sJFQkO1LnVYGw0ZNJAhgwby7tb30dXUcs+ku8i9mI9arWbQgAFcyMsn89ARxt0xllOnz3Lo8DEemzubPhHhrZ/sVtTW1VFVraO2tpYRw1vW5D177jwHDh7mxMlT6PUGii5f4YH7pjBo0AB2f5KOWq2mX0w0AKYGEz4+rQethRCix8tJZ2tlInOS3dzQykln06lAHp45HreVtHPS2ZQfw9NTRzZ7oJSDOzI4w4DWt23c/hDc/dgUhnva3vIstu6q49bHpjDcfpzC/pPdt9/hDLveziH0gQdJcW6My75aOrd3KwdIVJ5feRZbd12ippUjBCfY25CTzqZD5a4PBg1gZPAlzlxxt6UfI5u3SwghRJvMJZlsemsfxWZA7U1QkDfGKxc4eOUCB/eNYtYPHiIxqKtb2bYLNYWdMmHV/Inv8Bz/YMz+HcBM3nnwKSa4/flSyHvbF7LM/tea+3byCJ8w6JNXIH4lJ8eMobXCZ7qyN+37v3YFdSVcqClkaHDsde1HiEYSWBUOJYb2g5kqWmbL/avwAMs/f4VaswGtJpC+vqEt1jlReY6DV7/k77n/JtSn/YxQT9rSqDGoevTYMd5+5x0AKquqMBqN+DkFAW+//Tb6xcS02L6+vp6PP/mPx8dzlpiYyPZt/3BZdvekb7RbJuBmmHRXCpPvnsDrb73NseMnCQpqmgysMQj6wyfmMXBA6xcUg8FIiFbL7k/SyT6fg7eXF6/+31uUXS1nePxQl3WtttazgkeNSGDUiARef+ttii4XOyamstpsnL+Qy3v/3IHRWI+uphYAtbrl+ywwIIBZD88g+1wOv1+3noaGBkrKykgYNhS1Ws2Z7HPU6fX0CQ9j2NAhaNoJQlqtVoxGI5+kZ6A3GPDx8WFkwjB2/ms3Tz8+l+ioSHx9fdFovAkKbDmR2qa/v0tp2VUaGhow1tdTX19PfX3Tv61WKxqNxvFcp907hTnfftBlHwMHxBEeFobFYuFCbh4zpt/neKzsajlRkX0dGcD1DQ34+/u3+ZyEEKJHi08kdkcGW5nMnLBTLYOClLPzbefra4QjEHouv5xgbcvRCuf2KsHOu3UZpB8Z3HrQM34KD1d+yM4dWUS0FYB1bk1uKTUx8UogtPwihbUR3NpmUBXIucKVoEjGNTtAeW4pJIxvNag7fOoc2LuVTXvh6anjmfPYePdtOvIh6c4LgpwCyjnpbDql7CsFlADtfpji4fMVQgjRjPELtm7aRzGhJD40l4duCVUCLNY6LmZ+wNaM02x/K4jQBVOI7caZq/tL2y8JeG3qyDz5Pb7nklP1Y/4zy/Um6LJPHob7dpJ3Hwz6ZAVjWsnBUgK3nWN/6QkJrIpOI4FV4XAtQ4wv1BSy5OjL9PEN5fWUX5HS9xa369VbTHxWeoKfHk3zaJh/R9tSVnaVZ55d6JIpWlVVRXR0tOPvHz79NN+a8c0W25aXl19zYLU7cz6HgYH+LlmgjYFVG61nmQKEh4USGBhIaIiWbPus9HNnfxtfXx/y8gv4585/Ne3T2va+GjXPuuwfE0Py7WPx8/VFrVaTX1DI4EED3W4bGBCAj49SiiIgIICUcXeQMu4OAGpqa3nvnzsZPXIE0dGRFJeU0tDQ4Fi/Uc6Fi2R8dpBDh4/h46MhYXg8PhoNZouFf+74F7V1dRjrG8i7VEhFZSVlV8t54L4pLSbB+ub9UymvqMTPzxdfHx98fHzw9fXB18cXH18f1B68h/39/PD388NqtaL2anp9amprOXX6DIMHDnAs09XUEB7W8qaFEEL0HpGkzExk19unOPfYFJ6Od3qotYxV5+zNKxlsysYRTCzfu5ULA+cwJx5ACUzuypnDA877dRKR/CB367a2HYB1OMPhbBj5wEiglIP7lTYceHsrB1qsq2SCRpzYyoEr4BwgVrJLyzmcbaQGe/sbxSgZqkqwdDxzps7xPJu2Ue0l12B0UGCLjFfH4/bjCSGE8MzF9E85b/Vj5OwnmZXgNKpPHcjgux/lad5kY8ZhPj42nqeTWyZqdBf7So5jsHg2wtMtlyzTp8ib9RQ5+W9SSiATxuwkb0zzDQo5Zv+XI8v1k4cdGaw3msFSz76S4zw5tOvL9oneQQKrwiHSL4zaDhasfvnMFsw2C39O+SWJoUNbXc/XS8OUmGTeSHmB7+57vt2AXqRfmMdtKCq6zFM/nE9JaSkajcYRXK2sdA2slpaWcvHixRbbV1RWenys3qKtYfvN3XVnMgBv/v1d+kSEExKiRa1SOTIxr2WfjX78o6cxmUz0i4lGrVZjNBj54+9e8mhbg8HAH//2Dg3217uxrMCbb79LcHAwXmo1d9x2KxMn3OmyXYPJRP6lAmL7x2Aymwnw92fnR7spKS3jQm4eTz02F5VKxeb3/smw+ME8cN8Ul/IIjaKjIjut/qrFYkHjreFi/iU++Gg3d9yWxKWCIp567FHHOjU1tQS4qYErhBC9y0geeMwerNyRwZla58eaZazGJCrZmw/Q"
[DEBUG] 2019-07-12 19:38:50,381 method:org.apache.http.impl.conn.Wire.wire(Wire.java:86)
http-outgoing-2 << "LPOylIM7tirbXtnKpkONG0QQw1Z20UZwVetHTXYWB4e0PSS+/EhOU+Zpziml1MBjbjI/7VmhwyOgHIi5s+nYjdml5/aeojZhMk87B3Nz0tmU7+64H7Iz29hiuWP4f3NuMlZbLG/jeEIIIVpTRM4FI0RM4p4E96XS+kyYxNisrRy/kIM5+dZuG3zJ1l3nBSBHyTJtUQqgn2cZq43mT3yHX/VtGYDujOH/zV33cxbCSXf9bIsuEOUXTm5NUYe2OVFxjsTQoW0GVZ0l9xnF7REjOFp+pt22eOLosWPM/9GzXL16lYCAANat/QPPLvwxoGSsOnvp17/hpV97tNteyWqzsf+zQ9yWdEuHg6DlFZUUFF1m2NAhvPCb37PkuWfd7t9TFouF/IJCBsbF8pNfvEC/mGiW/+w5Xt74F+Y98h2GDh7U7j78/f35+U8WOP6uqKziR4t+zg+emMeA2P6tbjdqxHB+88IyXv2/tyivqKRPRDiPPTKbZS+uZNniHzN82FAys45QUVnJvd94glEjEjx+Xteqtk5PQVERb/59Cz//yQLe3bqdwQMHkDhqBABGYz1V1TpCPJhYTQgheiSnLMrGIGHKTPuQdWizxmp5bin0j+fcjg9h4njYnwUT5/C028CoEnR1H1wt5VyRkeAgP86cOENKa9mb5VmkZxshyL6/U3C3o13ONVSVTNagxDlEoARWWyjK4kBtBHdP7cCNumaZpef2buWL1tZ1l7HqoASvqxLn8IDnRxdCCAFALVU6YGQEfVpbRR1KaCBQVUcVtL5eFyuvr+7Evd3Of2Z9l9KT/wAPMlZbqLHXWrVbc9/OG3KN6tznLL7uJLAqHPoF9O3wNqXGCgYGRbe/ohNPgqaetMVoNPL0D+ZTWVWFv58ff930BgkJTYPkdDXKILcRCSNoMDVQfrWcktJSl33ExcUSHNwUrPLzd3+3sTV6g54zZ866LGvoBhNXOTOZTOh0tfzuD2nMnT2T4KAgrhSXtr+hk/SM/UycMJ75Tz3Gz5a/yIqVq1n07A8BOHb8C9RqNRdy89rdj9lsprS0jHXrX+Xp73+PHf/ahdFo5InvfRe1Ws23pt/Hi79dw7LFzzEmcZTbfRjrlWEql68UE6INdmST1tuXezIEH6Cmto6w0BDH3/dNmcy7295n0IA4Mg4c5DsPz+DWW0Z7tK/rcbW8gpNffsW4O27jxz96mnM5F9ifmcWS556horKS8LAwcvPysdlsDPEg4CyEED1ShFI3VMniLHeTrQota6xCzJ2TCS2C2IkRUJQDRJIyMZKtu7ayyb6OSzZnzinOBCe6lhlolHOKM7UR3P1YDBfezuFg+Ug3Wav2YGlMBEo3I5KUma3NLKwEh9vUfzxPJ8PBHR9ycGJTlmx5ZSfMzBw/xf3zLM9y+sOP0DDg6zd4RwghrpMffn5AbR212O+1tWDEaAJC/OjYr8ybq97SCb9f41fyXN9AtISza/v3lGH9OZ2bZdqZOuU5C2EngVXhcHfkrfwzP739Fe0sNgv9AvpysjKHGpOeYI1nw5TdTYDV3MTIpHbX8fPz4+dLfsbK3/2OTW+8zp13jqesrKl+q0ajvL0/3Pk+29/fwQsvKkPMH33kEVQqFe9s2ULi6NH85bVXAXjhxZd4f8dOli39udtZ6d356qvT3P9Ay7qt3UXepQIOHztOYEAA33n4W/j7+1N4+QpFl5XpgLPP5VBWVo6x3kjZ1XJuT7q1xWRWObkXyTp6nBd+8VPUajXf/953yThwELVKOUcNDQ1ERITbJ8dqPWs1Ny+fo59/gVYbzPynHqemtpZdH+/lhV/8jP79lEnFbksaw+CBA/hD2iv85ZV1BDSbrCnjQCZ/37KNny78H7KOfs6fXvs/wkJDGTxwAFptMOOTb+dKcSnlFZV4e3vj7e3F8PihLvVmT589R8aBTPLyL/Hth5TXztfXhxnT7iUoMJC/vPk3/P38+OzQEaxWG9Pvm+ISgO1sfSLCeX7pTxmZMIzaujpee+NvLHr2h9wyeiQf7vqYr85ko9cbiImOYtSIDlfXE0KIHiiClJlzGH7kQ3bq4t3U/XTOCj3DrkNGruzKUB7atZWqhAHN6pPSVKe01UpDpRw8VU5wwmSGE0lEQg473WWtll+kMDiROQOvNA2rR8kaPUAiT09ttqzGdcj9lUPOpQkgOAGUAGw8u97eyi6nUgHB2uuYUqpZHVVnMQkD3CwVQgjRMQOJHwzHzxzjSNlt3OMmL8icfZjjOugzdmArgddeIn4lJ8eEc6qsjkQ+YRk/5j+z7qOVqjt2SpmAT29SE4W4kSSwKhymRifjrfbCbLW0u67FZmHxkTQu1l4GYOmx9aTdsRh/b9/rboe32osp0Xd4tO73H3+MsWOTuCVRmQm4MWsRwMfHh917Pub1/3uDw0eOAHDPPd9g9e9/R0FhIe9t3cqu3Xv4+JP/kP7pp2x+5128vLy4+64JTLz77ut+Ht1BTFQUM6bdx7R778FgMPDf/ZkEBPjj4+PDgvlP4ePjg0oF2uBgQrRaLM1ee6Oxnr2f7uc3v/oFAQFKkPO2pDHcestorpZX8MwPn2Dq5In2Y0USEd56NnJ0VCQTJ4xn1sPfIigwgDf+9g6/+sViBg2Mc1nvgfvv5fSZ7BZB1avlFbz59hae+N4j3HXnOO66cxxPznuE4198ycHDR/ny9BnKyys4cuw4VqsVjUbDD77/PRKGuV7SR40YjrG+ni++/Iq7xo/DbLFw5Nhx9n12iFCtlnWrfk1EeDi7/5POwVkNGgAAIABJREFU+x/+m/yCQpb/rLPmn3QvcdQIrpZX8Mbf3uF/nnrcUQLg2w9+E7VazSfpGby4fAl+vtf/+RJCiB7lyik2vX3KzQN+KNP5OddkzYKJD5JCFlt3NW0X7ElFl8Y6qfbM1ojk8YzckcGunJGuJQMixjNnKpBzxWnbdA5cieDux0YCTaWOhk+dTPmODHbu1TqCw+5qrOJ4HrDr7XTOxU9pWau1o+wZwIoz7Hr7CkMfm6JMflWexdYi+3OuBZmuSgghrs3IyZOIzt7H/re3Evrktxkb1hReMRak87cd2RgDRvHtcdf9rX5D+XppMFoarn0HTjVWlV/lr3Dv9lecVpjJOw9+F840r7cK82Ou/bDXw9dL0/5KQnhIAqvCQasJZFzEaDLLTra5nsVm4adH0viwcL9j2e7LBzn1nwtMihpLX9+W6SDfir2LYVrPMiTGRYxGq/F81sTGoCpARWWF498vvPgSFy7kuqx775QpqNVqBg4YwCPfncM7727hmQULMZlM+Pv58erGVzwKqv4m9SVHqYHWRIR3/QXU19eHOd9+EABtcBCPfOfhDm1vtVn5wZPzWkxU5eXlRVRkX6Iim27NNmadtibA358nH5sLgMFo5Jmnv2/PcnV1Z/Jt3Jl8W4vlfSLC+cuf1uGjaboIenl5ccdtSdxxW1OGs8ViobKqGo3GmxCt1m1bBsbFsvSnCwkI8OfzL75kQGx/li3+scs6Dz5wP/feM4nsczlu99HZSsvK+PmiZ1tMlHXH2Fu5Z+JdaKW+qhDi68jtTPVKxmpLRs7s2kphTESLjNU2lWex9VA5MXc6BzQjSUmMYNMhJdDZ6niB8iy2Hqpj5AMPulknkpSZiVS9fYpdOSNpvxp9Y5C4lXqsjdwEm4PdXe7Ks9h6QqsEginnwNtbOYAfIx94kDmJ6Ww6VE7MnZNh/1Y2Bbs7z0IIIdoUMYHvz7rKxu2n+XDjy3wSM5D4Pt5UXbpAYbUZvL3x868j53gRceP7d9tyABG+IRTpyzp5r8okVce2L1TKAjSvt9qslqpD8H3kzbrPZZGu5ZyN1y3C98aNSBRfPxJYFS6eGDqjzcCq2WZm0eF1fFT0WYvHCvWlvHNxj9vt/nx+OyuTnmHOwKluH2/ehmuVl6fM7ufl5cUfVv+eOY88yrjkO8i5kMvVq0qZALPZzMeffMKd48dx8OAhLuYptUF/uXwZU6e0VifN1YgRIzrULqvV2qH1u4vmWaOdxd+v9W5F88CiM+egalvb94lou45vRHgYEeHKDYDbbr2l1fX8/fxIGpPY6uOdqbVJstoLWAshRG90bm86"
[DEBUG] 2019-07-12 19:38:50,381 method:org.apache.http.impl.conn.Wire.wire(Wire.java:86)
http-outgoing-2 << "5Vraz1h1GfKuBA07lrF6hl27LkHC5JaTWcVP4eHKD9m5I4uI/8/e/cdFXef9v38MWlnRLyF13BZZ80cldgVZRqV7GdGltGTW4q4spKRn9Waxnm7LudaLbq769ZbHurGn41Ie3W+GBkeuI1eXETX6lahdrNAiaFdsK11Dah1/oKVRWilz/vh8ZuYzn5mBAUF++LzvEjDzmc+85zM/cJ7zer/eIRbNAszK0Lb27w9LP+3AAsTHTp6G0J8NhgmbQ/jyG77+Go5xJRDD3Vn3MIa/s7WkjBej45ieZQbJo4y2Cy9WoXBVRKSDBo19gN8sGEvNW+9Ss/cfNLiBiy9n2L+k8sC/juLzVwrZ+kYxn3+dzSP39s5wdeyVI7o+WL31RkZxDUdGAfvAO/XfXrEaJFzg2sXGXjmi269DLhwKViXAvw2/g1tjbuSDY38Pef72g+/RSsdDwtNnv+f/+OCP7Dy6m2/Ohv/I6daYG/m34XdEvF+Px8OJkye56sorOXL0KP/18ssAXD9yJLffdhtvVm5nxIg47pz0UwBeKX+V1YWFHDlylGnTpvJc4Wp+MetXtLS0sHT5/2B3QwOLf/fvDLm24wt5hfPdd9/zzrs1vt8jCQdFREQuRMdOnuZr91/469ifcg+7+Ht7Fau+Ke9mKwAvW8VqzG3pZID55s57ZUYoi3VxK5uY29K5+2QZ5SXfmMHkuQndY9XuCMe+hugRwWOKuS2dR9vYvz+QNXvG8o254FeMWTHrD3o7sl8REQlv4DVjmfTQWCaFOG/YzzM49GIZ9buKeYneGa5OHppIzdHdnDr7XfsbR+Rx3hhxHfsOVDLk5nL+5qwk1Eekdv9zRyb/s43zRw26HLqgevXSAZcweWjiue9IxKRgVYLkj5/Dw3/+XcjzOhOqWr3c1HZ76vzxczq0P4fDwb2p/8bR5mY8Hg8ej7F40v1p0wC4/vqRbCwuxu02eqG9X1sLQNyPf8ytSUncPH48m/9zE1mPzOH48eOU/dfL/P3jj9n6WkVHb1qAr776igkTkxk4cCBnzpzx9X6NiYnhmmvCrpwhIiJyATvCsa/NqtMYOPZ+4LnH3q+g/BPzHVV0HG23rDtJzStl/L0FnHcMgX3G1HeAK8Ym+ELVaEvP03DGpGQQ834F5SUVHDPHFsSy/7bGFrbHqvXy5j6mtzMur4DjwiBuvGUIHNvFF8Rxz4MTieEINa/8xWwF0Bb/sRcRkS4y6HrSH82AXhyuThpyC0/zUud3MGoFf7v5Zq4E9h2ATempDDlaxM0fvAIfPMfTqeX84iLA2gogwsWr/rdJm3jyWm/7uG9497NXOj9Oi0gWyxaJlMPjTaJELP7H39bz4r5Xz+t1PjrqAX5/89wOX+7JJb/npeISAAYNuoS777qb/+f5QgaZ083/8Y/9/GvKvcTExJB+//3MeHA6SUmBn1B9/sUX/H7pct6oquI/N5Vw1513AnD4yBEm3G5U0C77/RLmPpoT8bimP/QwdXX1vt8vu+wy/q+CZ7g/La3Dt1FERKS3a/n2VE8PQUREpHc6/Q8qXiyj/suB3PjQ/07GjV1X4xZ92bm3b7vvjVw+PdnUBaPp/cZcGcf2ewt7ehjSS5w8eRKADz/8sMOXveUWI6BXsCohtdLK7HeWs+Nwxx9cnTFp6C1svGspUUR1+LLHjx/ns8ZGPB4PCQkJIVdOf+/997k1KanN/p0Af//7x9x4o79/aktLC6v/aLzopqbey+233RbxuP62ezf793+Gw+EgJmYwCePGcfXVV0d8eRERkb5EwaqIiEgbTn/Cjtpobru7aytWuyJY/a8Db/I//vYCJ3/4pgtG1HtdedHl/P7mefx8RGRrq0j/p2BVutXJH77h4b/8jr0nP+/W6xl95Y95+adPc+VFwSvEi4iISN+gYFVEROT864pgFeCubfO6fhGrXuZHl13LO1Nf6OlhSC/SFcFqx8sD5YJx5UWX8/JPn2bS0O7rPzJp6C0KVUVERERERER60JKb5xI98LKeHka3iR54GUs60XpQpD0KVqVNV150ORvvWsqjox7o8n0/OuoBNt61VKGqiIiIiIiISA+aOjyZ1OG3c+mA4NZ6fd2lAy4hdfjtTB2e3NNDkX5Iwaq0K4oofn/zXF7+16e5NebGc97frTE38vK/Ps3vb57bqZ6qIiIiIiIiIhe6KIejS/f37IQn+PHlQ7t0n73Bjy8fyrMTnujpYUg/pR6r0mH/6+BONv7jdd47toczrWcjuszAqAHcHjOO2dffz78Nv6ObRygiIiLn27enTtOqf1aKiEgv4nA46M+Rx0UDB3LJxRd16T4Pnz7OQ3/+937Tb/VHl13Lf//rMwwdNLinhyK9kBavkh518odvqDr0PjsOf4j7VDOHTx/n8KnjAAy9dDBDBw3GeWksk4beQsqw2zTlX0REpB/77vsf+OHMmZ4ehoiIiE+Uw9GvP/S7dNAlDIjq+lmgh08fJ/vtpXz+zWFOnf2uy/d/Plw64BJ+fPlQiu9erlBVwlKwKiIiIiK9QqvHw6nTp9G/LEVEpDcwZsn334rV7qhWtXui9lkqD75Hy5lvu/V6ulr0wMtIHX67pv9Lu7oiWB3YpSMSERERkQtSlMPBxRddxHff/9DTQxEREcHhiKK1tbWnh9EtBgwY0O2hKhg9V7cdrGHF39bz9Q/fcvKHb7r9Os/FlRddzhUXXcaSm+dqoSo5bxSsioiIiEiXuGjgQDwe+OHMmX5bISQiIr2bw+EgyuHgbD8NVc9HparV1OHJTB2ezH8deJM/7d3C598cBug1LQIuHXAJYCxQ9evRM/j5iHt6eERyoVErABERERHpUmfOnOWHs2fwtHrweDzoH5siItKdHBiBqiPKAR76Xaga5XAwYMAABg4c0C09VTviH19/wY4jH1J9uJ5PTh7g2Hcn+O7sD5yvv/YOHFwy4CJiLrmKsVeOYPLQRCYNuYXrr7juvFy/9C/qsSoiIiIivVKrx0Pr2VZaPR5Vr4qISLfyVqlGDYgiymiuKiLSLvVYFREREZFeKcrhIGrggJ4ehoiIiIhIt+nZGnIRERERERERERGRPkjBqoiIiIiIiIiIiEgHKVgVERERERERERER6SAFqyIiIiIiIiIiIiIdpGBVREREREREREREpIMUrIqIiIiIiIiIiIh0kIJVERERERERERERkQ5SsCoiIiIiIiIiIiLSQQN7egAiIiIiIiISmsfj6ekhiEgv5nA4enoIIhc0BasiIiIiIiI9RMGpiJyL9l5DFLyKdC8FqyIiIiIiIueRwlQROV+8rzcKWEW6h4JV8Tl8+HBPD0FEREREpN9rK1hV6Coi56KtAFXhqt/QoUN7egjSTyhYFR+9sIiIiIiIdL1wYan39KbPv+DPf6mm7sO/sv+zRr788itaW1vP5xBFpA+LiorimmuuZuRP4km65V/4159OJu7H1wHhw1SFrCJdw+HRR6IiIiIiIiLdItTbLWug+uKGYiqr3jzfwxKRfi415R4enZPdZsCqcFUudCdPngTgww8/7PBlb7nlFgCiunREIiIiIiIiAgSHqh6Px3daecXr/Gr2XIWqItItKqve5Fez51Je8ToQ+PrjpTo7kXOnVgAiIiIiIiJdzBpY2H9+qaSUP60v6olhicgFpLW1lWf+8H/z1VcneCRrFg6HI2gxKy1uJXJuVLEqIiIiIiLShUKFqt5qsVdfcylUFZHz6k/ri3j1NVdA1aqqVUW6hoJVERERERGRLhI+VIWmps8pePaPPTU0EbmAFTz7R5qaPsfjIWS4qqBVpHMUrIqIiIiIiHSBtipVPR4PRS+V0Nra2lPDE5ELWGtrKy9uLAl4TQKFqyLnSsGqiIiIiIjIOQoVSFgDjKbPm6iseqsHRiYiYnjjzbdo+rzJV7WqcFXk3ClYFRERERER6UL+QBVfgPHnv7zd08MSEeHPf3kbj6c14PVJRDpPwaqIiIiIiMg5CF/t5TEDDA/1f/3b+R+YiIhN/V//Zn7w0wqEfu1S2CoSuYE9PQAREREREZH+xNoCwPv1WWNjTw9LRITPGhtDtgBwOBw9NSSRPk0VqyIiIiIiIp0UrsrL2sOwtdXDV1+d"
[DEBUG] 2019-07-12 19:38:50,382 method:org.apache.http.impl.conn.Wire.wire(Wire.java:86)
http-outgoing-2 << "6InhiYgE+OqrE7S2eoJaloCqVkU6Q8GqiIiIiIhIF/EvCGMNLlppbW3t6aGJiNDa2uprUeJ9rfK+XolIxylYFRERERER6YRIqlWtK2+LiPQGG4tLba9R/vP0eiXSMQpWRUREREREukDoalWjFYCISG9RvKmUjSWbQr5mWSlkFWmfglUJrWENGdnzyMhewrbt5s8b6szT19AQdAE325ab2zdbTm5+nSez54W5jFcd6+2X840h+HJHti8hY/nrHAm5nxBjOM/aHV+I8xo2hD7dOHNNyNvUsOE83taw97s5jg113X+dvsek5as7rtc+jJC3z/t4t3yFu//6Ot9z2PrV1vM5EsZzYf257URERKTXsvYt9K++LSLSe7xUUsrG4k2+1ykR6ZyBPT0A6T22LZ/H+n2Bp0393Qqmsob1ALjZ9rIRMC3PnsfU373A3ARzw+Y6duwDRt1BUqz/8kfqdvIpMCZ7BgmE1rBhDdsAnljDdcULze0s17X8dZ5fej9DvBdIuoOpxVt4LPsAS33bAySRnu1kW7GbHXVupt7n7OSR6CYNO9k2ysmYfTupa76fqZbjlDAhCaqCTwdoqK2DUTMCjivUsavKyZhRvfC2Nqwh42ls900XGTUj8LHQE5pf58kntvBpykLKlib5Tj6yfQmPZe9k7rMrgu7Dvs8ZcLsaNsxjefaaCO9jN9uWL2FH8gqe6k2PUxERkS4UuiWAWgGISO+2sWQTOODR2dl4POBwGKd7PB4c3l/acGT7EiqGr2Bugvl+qNgdvFHKQsrmJPm2f+zgDN/vgPH+6nlYFPQ+L8z7iIY1ZLw8IvB9YcMaMp62FMOMSmIqdWyz5Rv28Yh0BQWr4jN16QtMNV+81u+zBCnNIxhDHZ/iNLYxX/gmDjNeNI3tzZ3s28Jj2VuAJJY+O4JS84X10+IlZBSb29jCsYQ5K5h7YAnr99VRut3NU/c5ObJ9jbHPEEHakNj7mVvshOw1lG5/nZHFW4xg1qKt6+spDbV1jElewawRSyi1h6EJdzCVNSFC0jp2VcGY7KTA8TfsZNuoO3j+4QM89nIdR+7r+dt3YXCz7XkzVLX9MR5y3wqWHpzH8udfJ6kXPN66U8KchUytWsOuBkjo8vRcRESkbwg1ZdZ7WnvTa0VEeouNxZtwOBxmuOoggjw1pCH3raDsvra2qKOi2A2sIaPKe1oSU1Pq+HQfZo5gmPq7F0g/aGYC+yzv7TGKi9hXF7R9WTE0bFjCFz9bwdRYN9uWu81Mo471y92kL72fIQ1ryKjt3O0TCUfBqnRc7P08tdT7i/cTKaf/RSvbqEDd9doWPgVLZav/PAj9iVZAIAqWoBbGZK/gqfvcrM9ew/7sFTxV/IKxzX33M9e2T2PbwOq4hg3zWF5FD31CZVSYTnrWyRCcfFpjD0OTmJgC2w66AeuncTvZhpO5SbbbUlvHmOQZDBlGyArYnuI7xhhVzd5Qm+1LeKzmDpYm72S59z5PWUjZHGdAMB/qfvM6ctANjOj+G9GW5jp27HMy97HQj5+En81gzBP++6NhwzyWE/h4O2IeC2vYH/hcSLJUghrPGX63EJ5eYzwWFjhZv9Ztq4ztwarQhjVkPB1mPOPvhS1v8Cn4/kEUUOnu+yDH+C34/g98zQg8NpZj+fABHvN9Qp3UPdXSIiIineBvCdADweqoRmru2E/jznuYFapqS0TEtOGl/xcHDh6d461cbSddDagQnce2CP4N3rBhDfuzFzK3ZifXLTW3bX6dJ1+7g7Jn3Tz5mpOnvO+bml/nyadh7rMr4Pkl/PPhF5ibYLw32J+8gueT1wS9pwrmZv0T88zZt7DNG8Sm3NH+ARHpAAWr4pORPc/yW+CLEABV1k+WwAhTF4bZWx2QBKNGkB7m1TXUJ1ptBaMANMPEbCfbipeQcbAPlfB7K0xjYUjSHYwp3kJFw/2WgMlsB/D0ThrmJPn+ILXVBmDSs06ITWLSqC2sf62Oqb3gWCTMeYGyCcGtAI4A7NtCafIKyoqd5nR64/E09XcvUJaA+cd5DduS2phKP8LZs5Wghw7w6ag7WBRufOb98c9DQIRBd8OGeSw/MIPni41/FBzZvoTHbO0vtj29k6XFL5gfINTxz7W26mYz8J302HkKVZvd7MfJpGFAbIhqa994fsnUh34aNvTd9vQa5j77AmWx3ue+5f43Wy6QvYIy83JGuwVbC4J9W3isdiFlxQvxBrHLN9T1ndcGERHpd6xhqpGnBq64LSLSGxW9VAIOB3PnZLe/ccJCs0J0HrsmvBDwvjak5tcpZSFP3ZcE98H6DXUk/MzNk09sYeTvXoBYeGrCGp7c7jTeM3jf5z6xxLj80/P8xRbFS3gMALMIK+wMVacqVuW8ULAqPmXFL0CoVgDeqrGQL1juoGn4hiQmzlnIxA3zWL09yXhxbHaz/1wHGesk4b4VlA03Qrj1kbyImxLmvEDZnHMdQGcY/WLHJM8wjp33j0RtHXMTLOGP2Q7AP73azRcHYOrDgcf8yPYtvpAWnCQlO1lfHBjIdo86owo1lJRILp/ELG+wFns/s1K2sPzADH/wbt7+cKHkkYPuwHC/B1o8RFo1u/+gGxIiCDmbX6e0ysncZ/23Y8h9M5havCWgCjmwR7HRS/gxS9XzkbqdfJoyg6fOS9Wyvx2CcX2dH8+Y7IW+22jcbv/93/DaFj4dNYPnLWHskPsWMrdmia9liCGJpb4Q1eyzXOPmCPTrdgwiItLbBfZZ9f/eDRynKJz6T75/fxS/tS5qevhatr9/FQcPB24+PPYYhbed4eVtQ9kU8bC+p/DBt5kQHeq8a6ndOp7cY+avoxqpSbiUwleGssk8KT/lTdLb/aeRbT9A5m27yWEsqe9f3M4YRlJREs9KAE5QmvUB8RHdLuvlRKRoYzEOB8yd80gEW9fxxQEn+w8sIaPWydSqujDZgFFM85TvvbiTHx1YQsYTTrMidR4ZtQspm7OQpwLe0EYyE80ITX3rYABUzWN9ygzmqmJVOuCWW27p9GUVrEoY/hehMdkzGGk9K2Rz6RAVrg1rzGnhS1g//AXmDrPtw/vCF0JQSwAgYAEd8xMyCJx+HurybU0vPy/Mhb1GPuwdQ7gw1GgHsNwbuDbXsWNfErMC/pK4qatxB1Rueitgu7/fZeg/bMZ09wiMGhEcdHWgAjUwGDc+AHhsOb2if67dyOERPt4OHeBT3Hxqf+4AUy0Bs31/xn3ubTlgPCamPtydFZq257etnUZnxxP+OBkfKoxJtvUWxsl1I+BTa8uMUI8rERGRXqY7K1YnDPuSGwY3ET3lYn67JY4/nDHP+Ppyln5yeeDGA7/m/5zyV4ZfPJQpw65lkzsqwmu5mNxX7glx+glKs5oi2kPbLQki3U9w+Gpc9kvL71cxqyTUWEUkEi9uKMYBzM2ZDYRfyOrI9p38cwQwfIYxvd83w87NtuVb/NP9fSxtvkb5Z+yx9AWu2zCPjGws7zOcTF26kCPbl5ARakEs/NvONdsUPlV8v63H6k5VrMp5oWBVfJ7MnmcJOq0Vq2621WyBfQc4Qh0VZiBqVKLat7e8WCYs5PlsY2r/tqfXMPFZs9JvhJMhsUk8VXx/4AACwta2P53yTZ9een9A4NZuK4HzxRIYHqnbyafAp9bpCwC4bZV3ge0AhphVfwHHwAxp2WdvywCfvvw66Qm9L2TsHk6mPjaDHU+cn/6yY8wAMDBADLGhdwr8sBDnhdWJnqBm1fOOOjdTh29h/b4klnZrqO609VDt6fGIiIj0HuH6p/pbAkB3VqzWuoezdNcAHv56qBGqOs6Q+y9f8MDoL7kYgEs5uPfHFP31crafuYL/eOtWcgddwX9EHKp2jfg73qSmzUKxa/EV3MYcpnLaHozi1KPUjIXGnXfTzFEmTHuTmqDLjmR3Vw9Y5AK2fkMx4GBuTrjK1ToqDt5B+vAtVAxPYurSJEsBlqVP6hMHmFW8kATzvf7I371A2TDjZ+viU+BdsGoJGdlbAt57BK7RgH/fr7V1C5xMXboi+OSEhUYbOpEupGBVfJ4KaAVgPceoEmNfHcuzjQbV/he3MJ8embxTd//58AyGHKprY0tzejEwNSWJbVV1"
[DEBUG] 2019-07-12 19:38:50,383 method:org.apache.http.impl.conn.Wire.wire(Wire.java:86)
http-outgoing-2 << "bfRJrGNXFUDvWbTJ6shBty+I81aYhl1My76Ila8dgJsfhaj6O1K305geba/SbFhDxtO983j0bUbl5MgJ3hYGbfe09U5f9/ZgHTLcCbZp6UY7AdOwEYyhM9XGTqY+nMT6l+vYNqKOMdkrenixpq4eT4jKVMBfydqDH5qIiIi0IXTG2v0NVt/dN5R3AS49QenPdhN/yfeWc78kPuEgy0ePZMJr8axsvor/6NS1hJtibwlE2xBZxarxvXnreFJLhga3AkiIpGJVRLrC+g0vAYQOV5vd/GjC/XDQH442vLaFkQ+/wBBvRhB7P7NS5pnFRPdbCqvuDy6y8koIXodlW1CBkl8G4dZdsS+Ca2kF0AMt5aR/U7AqERky3IkRopqVa4fW8OT2GZaK1XCcTF36gvFj2H9x+cPcMdkrmHufk/ThxkI2IV8oG3YaL5ApMzoUIvpaBqR046JXZs/MSc+awU/DFqNfbYhFhRImJEGVPQw1+1W+vIYxQW0A6qgodjMm2z49Gl8gG7CAUI9y80UzJHRhyHuk2c2QWH9gHdjns5s02KsvvZWywY9N4/Fl65c63An7LPextz3GKHMDb6/Zp9cw0Ve1apmq0tbYEu5g6tNrzH7IveA+b2c8wSFpO7v72QzGPLGGJ4f7P5Q4sn2NcX8s7QW3V0REJCLnc9WqM/whxR6qWlyyn/SUK9j9WgwVndl9zGlig3qSRt4KIPaa78GsoQ12FbNKxhv9WVuGUBEQnH5JadYRmreOhfYqVkc1UnNHx1d1aDv0FblwecPVeY/ODjwj1nh/c+Sg+Xvz65QemMEi25omCT+bAU9soeE+473Oke1LqBi+wijSsrUYPLJ9CatZGFSQFLJi1bzO4KpVs4VZykLKLIv/RvT+SqSTFKxKO+wVrE6ui4WG1+r4tMrNtqSFvu2CeqzaHTrAp2Cp5vRP3bdPNR5iWaAqoyrwvIZas2p2Qi9a9bthDRlP+6t5A8Y6agZJocI/Mwy1Vz96e6YGtQFo2Mk2nMxNChUqGf1ZtxX7/2j1mIQZzB21xHg8mJ8Gdom6NYH9dboxILc/LgOOZ+z9PFWcxLblS4w+QAGM54dPwkKWpsxjufe5MWoGS7PdLLe8G0iYs4K5B5ZYFgYzWgO0/0ffvM/p2AcM3SfceMxq1qeN9hVh/2FkF3s/Tz0LTz5h6bds7cUkIiLSi3VnT9WwRhzkzqvDhKpeV+/n5yNiqDjQ8d1njjxCtDvOttCTGYi2Y+WBkaTf8TY1Y9u/nsad9xiLXsUcJmfsUaK5grdKxhvXG7LPq8W+eJL3hV62Kj/lTaacvNusfhWRrmMUvRjVqjZm1ap3ht6Q+1YwccMStg1bwdTY+5k1Yh4VDfeTfjB0qBox7/txvV+QHuDwhGsKJBecbcvn+QPUUTN4/uEDPPZ0Hb5EtUOXAAAgAElEQVQekLYFp4zp7ZjBq73HqnkZS+BoCN5Xe0FLYMi1EJ5fYlStFS+EEAtXhRJxmCNyDvwLqbXTk7RLGM81es1ju7eNR0REpHt530ZZv7e2ttLa6v1+lrNnja8zZ87ywMO/6NLr/+3d9TzgBFri+OPWGEjaQ95Nh9u9XMtHd5NaB3+YtocJ0YB7FD99+4p2L5ef8ibpITMP2/T8UY3UJFxK4StDjYC0Xd9T+ODbxDZYqkZjDlM57RQff/I1NzCW1PdPhWlDEH4cmbftJvfKOJKrrvKN3xusBrYYEJFw5s55hLk5j4RcvApsFaj2xalsi10HtxwMx78GhT8LCCNMsU2oBa6tlA+I18mTJ895HwpWRUT6oCPbl/BYzR29pj9QbxuPiIhId7MHq62tHjweb7B6ltbW1m4NVn1BZ8s4Cl8ZCrftJnfs0XYv1/LJ3aS+D4UPvm0Gq7f6wseO8/dEDRmsnuPU/PAB6PcUPvgJ7LD3Ww0/rsCKVaNfLGoBIBKWN1QFwgarIn1dVwSragUgItKX+KrAk1jaG6a59LbxiIiIXCBWVt0TOC3/yFURBKtXcPCIEVLmtjetPmJX4A4ZbtLm1Hy/EBWrIRmLVO329Xi19Vu1BMT5KR8Q+8ndzAo3Lq5i1s6R1NzRSP6+eFt7AxGZOyc79KJVIhJEwaqISF+SsJCy4vY3O29623hEREQuVAeupWHCPhIubWObljj+Vyf6q4YVc5pIOx9l3rab3LFX2Ba/6oBRXxLP1zTHAMcgqAWB5XrSuZXk9qb574un8Jrd5KacYGWnK3ZF+p9H52Tz6ByFqiKRiurpAYiIiIiIiMi5upSlfxnPsXCN3r6/jnffjrTvaWQyRx4huuVSGiPYdtP740neCelZuymM6eg1naD0jv007owjdtqbVN52Kux26WOvoCLCoHTT+2OpvaKpE+MR6Z9yHsnm0dlBK/SKSBtUsSoiIiIiItIPHGy+ll+X/wt/evCvBGaF1/Fn1xj+o+UcryCoZ+q11G7tQFi7L55kc7p/4GJYI6mwtgGIOUzltD1EA407x1L4oDG1P3XfxbDvHuOy0YC1FYBZwTqrxB+qZgb0nR1JRZW9ivVicl8ZH+noRfq1nEeyyJmd1dPDEOlztHiViIiIiIhIB/X04lXhGQszBXY2Hdn5Kfgi0u/Nzs7k0dnZOBxRREU5cDgcAQtWafEq6a+6YvEqtQIQEREREREREbkAPZI1iznZv+rpYYj0WQpWRUREREREREQuMNmZv+SRX83q6WGI9GnqsSoiIiIiItJvXM6f309keMBpF7O7h0YjIr3Tr345k6zM89WiRKT/UrAqIiIiIiLSbwxk3SfX9PQgRKQXmzUzg1/NmtnTwxDpF9QKQERERERERETkAjHrFz/v6SGI9BsKVkVEREREREREREQ6SMGqiIiIiIiIiIiISAcpWBURERERERERERHpIAWrIiIiIiIiIiIiIh2kYFVERERERERERESkgxSsioiIiIiIiPR5GRS6yimcaTt5ZgGVrgIyu/y6isjv0n2KiPQ9A3t6ACIiIiIiItIZeZS6hlGRlscm8iitnka8fZOmrSRnFZC5upzcxOh299hSv5bURWXtX2d1DLlpUDE5h5UhtsovqWJ8QwqzVrWxq8VFVDpdpLrTqEmLsw469H4XF1GTsIfkrIK2T2tr3Gl5bGpnS8AIIx+P4a0wtw9o95gGH8sMCl1puNOs+8yg0JUFG6aTuznE/mN2BNy2UKf5lZG7YSKVj5dTiLk/y+0Iut2RHs+ZBVQ+nkjIW1pdRbrtpEZXO/d7GPklVaTHtbWF/3HRscczFLoWMKH9zQOuI+xjYGYBlXOgyPdYyqDQtYAb9tru78VF1Ew+RmGkjzkg0ueXiPQeClZFRERERET6lMAQNbe6ipz6eppb6gNDnMVF1CQYP25aND0w3JlZQOUDh0gNG0iGCWq915lmfE+vLsf53HRq7ionhxJfsLSyoYmahDwgglBwVQ4VCUYQW+EsJycGpvgCO3/QlZ8wmNpXAy8b6rSOywgbvKXbg0PbMQ4bRC8uotJpO23mRG44vodcsBz/A2HGlEd6YjQwjZrqaeZ11dNsOw1aqH1uOrmbA++vCY9XUfO4/XZ4tzVOi/h4bs4j1Rb6hg6Jz1Xg+EJdn1fQ45k8SqvHsTtMEJmbFhh4VjpdpC4qI3N14OM2wOY8UimgsrqK8d6wOGRQXUZumrGvmpIR/sf3qhwKneXkluSxKeh51rHnV+hjIiK9wcBjX57A4/HQ2tqKx+MJ+MLjwQP+7yIiIiIiImK8X7L87P1qbW31fZ0920pr61nOnj3bxddewKzJBbaKOCOoya2uMoI7r6Y9xvfFRbaqUIM/oDMEBIX2oBYIW/m5eTrxJVWULi4zAqhVe2isHkc+GEHX4iJyR++lMK2AwCBzATWuidQeh/g0Y+wt9SWkZpXhD9Ms23sDw6atJGfB+Lho4q0holmhG+72Bh4fa5AXpkrWyqxUtIpOXEBN9YKQm7fUB/6e/0AizQ0pAGTeNZrmhjwgI+Rl80umgSuFZLwhoFF1GetKIXl/AZWPj+Zje+AWcH/Zg0azMtb3cwePJ2EqSq3Bc8jHS3cIH4THhwvCgx4P1vvN/7Ov2ta2fXRaFTX+XNcXuFufL0bYm0Ghq8o2"
[DEBUG] 2019-07-12 19:38:50,384 method:org.apache.http.impl.conn.Wire.wire(Wire.java:86)
http-outgoing-2 << "NmsQbnmcdeT51cXch48wYMAABgwYQFRUFAMGDMDhcBAVFYXD4fB9Ab7vIn2JA8Dh8H+3fXkf6xcNOPfH90CHAzwe88liCVAdDvDgwOHx4PEOBkARq4iIiIiISEgOh+0L6J5YIoPCyXEQHUdudRHxk/cEBzWWilVW5ZC8ynJ6RFOUY0h3VZFrDYma6qklhniMCtR093TftO+VWWuNHp/7p5O7uYDdTVWMXwxgvz6jws9aOZhfUkWjy6xYZSKlrolUpB0ilmPUAE5rIGXerszVk4zw0Xu7ZhZQ+YB/qIHVpMGBVX5JOfaiUm+g1hhQoZhIdNNWkl8NPkKRV6zmMT6uheZXATJIHh1NfKIlrPOFmU1UPHeMKWylyFlA/qIcilaXU1Nt3glpVdSYF5nweBWVd1muPzoxKFgPDBpbqPX93PHjGRhE2ytWjeN7/tiD8FAVq4Fj8t1XYSpWM1eX+4+V9fkCtFmhG9AyoCygOtb+HAnUsedXV3JYvxyW77Yv8H8X6RscgT85HAGPYeOx7v3QoGuucSA4cDg8eDz401y8YasRowaEqh49q0REREREREJxBPwPy09dbHEaE4430cgxKqpjyFk9jOYQwRpNe8L0yIwL3tbU6Eph1v5hxHKMorTg3pz5JeU4Z+YxfvReKhZZzwkMlVZmpZg/2UKqgPEsoKY6jcYm6352UbE3i5ySGDi+h01ActAox5EedP1tWDyOeHNfwcqo2ZtFbnUV6U1bSZ6cY4SN1YOpfW46qZMxfn88jpb6tQH7iLRiNXP1JOKBZjDvu60k+6p3g3usrtwMmTMLGG9OBU8OdTvt4W3EFauhtH08M1eXkx4XbQmATQHBbVPYqe1dyx/Me6tKW+rraQacq8upMXuvNrpSmGWpMg28r8JUrLo7MZzNeaRuzqO0upzCSKftz+zM86vrOCL8n3dbkT7D4fuP8aul8tph+cTAYdvuXJgVq47Ik1o9p0RERERE5ELnsf1sfgXEEh6HUZjS5cUpGRROHkzthh3EzhkGq3JIJY9SV5iKVWuPzMUFFO7PCxH+2Co6F8cQfXxP0BTqRlcKsxqOU/P4NBpdKcb0/2/qib0xzOJGITS6Uoyw0nKd8SVVpPtaAcCmRTtIr54GrhyM6fJxgf1Om7Yya8MwKl0F0G7lrb+6t8Y1LGSlrrVnZ35JFemD6ymc7CLZVUXpyBRmBVUwhurzGU4e6YnHaWwabOw/gr6wvkrKyYcorbaFmeHaFnSoYrVjxzP4ttorOAN7oJ4XIe6TSLZtewEwaLP/adBiXd4qXrM9R6RGduD51d4icJ0R5fB9OSzfHVGB06VBrQCkLwofrPof2x3IQdsxMNzOHPirVT0Bp4qIiIiIiFzoQiergVNpPeZXF7+PmjmR2L0lzNo8glJrz89wFas+eZSmJRKPPagzWUos8xPiaGzIAYp8U6i9U6XzE+KAFpr3Z+Cc3MTurLwOL2BkBId7zSrbIhqbsLQCADhAcwvE+m9I0NR13+JCbYarRkgWW7+WZHMaeE11OcnPTcdenOhdab7RMh1+U5rRpqCm2joNvu2FhwK1UPv2XppdObgTjNYDK7Omd+BI2W57WwFmhypWO3A8Q1Y8m+xBo3Whpw6LDlp0K1ATFd7xhuifG07jF03EX2ffflpQf2Hf9q6U4JB0cRE1aYPbWVzLqDx2P2DrRWtp+eB9LnXo+dUdrQACQqYoy3f1WJX+o70+q/bEs7MGhn2S+Juv4sCD+X8REREREREJw/7GzRpQdJnNecwywx3fVOfF44i3LDQUSn7JJGJbWqjdECocsvSjnFnAFLaSugpYbJtCnVhl9OF8tYDKxxcYvUcD9mOb2m4u+FQUIvhsdh+C0UYYGF9SxfiEInLjooE0ClcPZgIttCTkAQfaPBapI4uoXJ3Bpnds58WkUVkdR7MrxbgtYFQu7i+gck4BHMd3e63BYbxtoSKDN/QzAtbg6sTQU/qt8ku824VYeMkSKDa6UowA0cdWXeoNGAMUBEx7DxbYpiGsUMfTWvHsE7piNWQP0oi1tBNcmjcwVKWqpW9qeKHvo/ySKqYcC9MrFzA+kBhM7XMl8EABmZtDhPgzJ3IDeynaDJs2p/iOQcg+qef0/Ooa4V6nQr1uKViVvsYR+J+wVavG6d0UrFoXtDJWu3R4/y8iIiIiInLBM94n+X/2ftm3CXV6V/BNFX9nIpUPHCI1K4fC1eVUrj7gO+0tpjHenEacX1LF+Ia1fDx5QfiqQG/FqjVI84ZYZpVgS/1aMyQKF7Yt4Ia9a/3neasgzSpRb6AVHxNN/OhJtLAXFhcZFX5NeyisH0zO6MFMiNlBcloB+SXlFM5sI1g1x5gKsDiNaA75Tz/mIjUrRFhm3j7f4lXe29tGOGccv5SggCwwNA6uuGwMqt60B5yhw77M1dbLtFOx2kYFZ3zQ1HVodK01er2GE+J4eqt5g7Qb+JoCFngKzajkNaqBCVg8zLhcwHELWUVr73drC2oXTyT2OMSb91FL/VY+Hj3N6HcbNlTNoNBljMfYz8SQFdKZd42GvSWRtYbo9POr60RFRYX9UrAq/UngQlUhgtUu+PMcFKz6e656fOEqYCStqGpVREREREQknPNSsUoGyaPh4w1lwETfqb4+mIvT4NguVi5KIb+kitJ19XDMCGwKJ4erCrSt6r64iJqEPSQ3jDO+ZwX2qMxhBx+PnmQJBP1T7oOCSd/iPt5+pXmMj2uitn4wExJjiA+oQCwICKeMsC2Dwjn2nqDWFgfmuJyDaTnWTgjbjrYWo2pssP6WR6kZ7KUvhk2roO2Ky3PRTsVqyF6j9lYAVkbP2Y4cz3PusToyhuimPW1Ws+aXVJEe10TFZH/Fp/WxU2PvLeut0LYE4tYKUV9w7rUqj1m+YzON+MRpTACInmZ8IGF73BphMtQ+l+KrEPd/UFBFjuWxHh8DH78aQUWwV4efX11LFavSX/kerZbHrT9U9X7vxmDVG6p6u6sav3sCBqWnlIiIiIiIXOh6tGJ15kRuOL7DrGg7RPPj9n6RLdQ+Z4Q8K7NSLKdn0GYfS2/F6swCKicfozCtAGYW0JIWav8F5C46QKGrnEJKYI5R1Zcath9kAbMmQ2l1Efn7j0G9i9xFZcZ1haiqtDIqLEP0BMVeSem/3WEFVDo2UWELrVpCBcOYFau2fTS7UkhelUGhy9I6IOjYnmvYGmJRpMVF1JjHrNHVgTAvQCePp/X4tdRT6Duj7VYDmc7BNDaEaVNhPZ5ZoTYwj8FMo/LZ+dz0wD7Cds4CKqsTifYt1mVvv2CEt7Os41tdTk31AqPCeL8xHurXkjw5fMWzcZksap/bQezgvVRsDlPZmxjYWqLx7/XE/rgjz6+uD1dVsSoXisDMMzhc7Yq/zo6vvznlsf6x9/3R93hUnSoiIiIiIhJCuGC1tbXV+DrbytnWs5w9e5azZ86SNefRHhytiIhfyYYXGTBwAAMGGF8KVqU/8y5eZXwL7Lfaeub7c96/r2LVV6dq9lf1rZylgFVERERERCQivkCiW1sBiIh0XodaAWjBHemjrIGq/0eH7/Su+ts80Nifw5qo4sASpnoDVhEREREREQGsM/3A4zArVls9EGU53xOFx+GhNaq15wYqImLjiHIQ5TCrVB1ttwIAVa1K3xeqarWrWHqsevB9DOFw4FClqoiIiIiISJs8eLz1L3gcRpmKtWq1K6tiRES6grWq3l5dr2BV+ptwlatdxResejwB16NwVUREREREpF3epmrgcHgXAfZ+ebNVhRIi0nv4Xp9w+F6jwgerDvQSJn2VPVT1nd6FD+qBYXfq8eBRGwAREREREZE2+Gf+WXsShqv8EhHpaR3pserdXqSvCheudpWB1ieIdWVL9VYVERERERGJnH21YQWr0nMyKHSl4U7LYWVPD0V6nXCL7ClYlQtBl/dY7c6di4iIiIiIXCh876d6IFjNL6lifEMKs1a1sdHiIiqdLlLdadSkxVnOaKJicogAbnERNQl7SM4qaPs0U+bqctLd05m1yvg5NzE6eAxNW32XzVxdTm7MjsB9zSygcg4UpeWxKcRN8O3Xsp/IZFDoyoIN08nd3IGLRSi/pIr0"
[DEBUG] 2019-07-12 19:38:50,384 method:org.apache.http.impl.conn.Wire.wire(Wire.java:86)
http-outgoing-2 << "OAg8lnmUuoZRsQFyHk8kxNEIoYXa58wxRnr8ZxZQGW7/1VWk205qdKUwa1WY4+F9jCwqC7GzEJeZWUDlA4dIbe++WFxEzeRjFIa5XyHw8eO/vgXcsHdtmPEA5FFaPY14Wqh9rgTmpOHecIwpjyfS7LI/HzIoLJlITdYh0l3DqGhjLMG3ewETQhzglvq2xtZ7BbYrUbAqci4GOhyOwEpVERERERER6dUyV5eTQ4kv1FnZ0ERNQh5QELBNUHAJsCqHigQjiK1wlpMTA1N8AZw/GMxPGEztq4GXDXVaKJsWTW8ntMojPTEamEZN9TTztCYam+KIjobc6ipyzVMbXVshbRrxAC31FE42A7HFRbaA2Dw/ZGA2gtjo4+zuolDVH6R6x5hCclaYjTfnkWq7Xvv9F/I6Ij3+IfbfoYrVoOO4gJrqBebP1qC4jNzqNGrmFJC5OfAYZ64uJ3f03vDB6SoXtZMXkL4YNoUM//NIH72XikXWfWYx4XgTjYlZFM4sswTA1qCziYrJKczynj7HfzzyS6qoXG0JPmdO5Ia4GNzkMau6iMrVGWyyf8jQtJXkrAOW/ZuBrS/wNsPytDxYXU5Oe8dWRHqtrvrAYGCbO9PiVSIiIiIiIr3OpkXTiS+ponRxmVGVt2oPjdXjyAcjBFtcZAZdBQQGUQuocU2k9jjEpxnhZUt9CalZZXjDuIDtH6+i5nHMwAnGx0UT7z0N8/SGcf5wKrGKmrQwFbAW+SXTiK3fSu3ocf7wb2YBlQ/sIfm5YcFVkKsK8FaAWgVUDJrVriHNHEZsREc2MiuzUszbZwaYAWFhHqXV49g9eU8n997B428eJ3vYCwRWrIYInW+YU0R+Wg7J3vGHqlgNqoiNM4LvlnoKNxinbFo0nU2LzbDynYnhK2jTqqhJs55gBJY1d02C6umwupxKSkh1p5GbeNx4HM0soPLxIvI3WwLeNOvjNTT/fWTIvGs0za7pxmmrXHxcMpHMRYG3vSbBu7XxGKakHGfYaxCR3q67+6uCrRVA8AjUZ1VERERERCQS/h6rwdNru8PKrLUUusop3D+d3M0F7G6qYvxiAPu0azOIsoRm+SVVNLrMilUmUuqaSEXaIWI5Rg3gtFYqmoFT5upJ4ErxB1EzC6h8AFhlhFMRtSMwLzeFraQuMsPSkjx4dRiV5vRtNkPqSCOk67Jp1iNjiGYwzpnAuVathqqUtQSYLfX1NJ/jVdCR4+9jaSMQVLFqDaXzKK2eRGxLNM3Hj5PuKmdKdLQlCLVUrJphbHBFrFml+rhxKX/VcRr5i3JCbh9eHqUP7GDWojxKS3aQ2pBGTRr+2785j1QKqKyuYrwrhVnYjr+93YHtd6P1QR7pidD8Du22m7gQaPEqka7TdrAqIiIiIiIivZS3cs+wMivF/MlShQe2isMF1FSn0dhk3c8uKvZmkVMSA8f3sAlIDrqucUFTtQPl4RzcQuzkcmoSjtMYF2dM3Q+h0ZVCqm/a/AGaBy+g5vEWap9bC3OqqEnYSnJWDqneTWxBptEmoIkKV7ixBMtPiKOlpYUb7sqAzecY1ppBstETtITmyWZfT1+VbR6l1THt72d0FjXVae1W9xraPv6Zq8tJj4v2V7h6BYSMTf77pOU4zUDzqznMiqDHaqieuY2uFJLdRVQ6j9GcGMPucH16A0J+I9Rtfs7fpzVz9STi46KpqW6iYrKLQtc4ausHk24PTFtaIK2cwuemkzwZQrU7yC8px/lqcB/dzNWTiIcuCLxFRAIpWBUREREREelL2lqsKIRGVwqpk8G3mFJaHvElVaT7WgHApkU7SK+eBq4cIAOICwy2mrYya8MwKl0FEKLSL3P1OGKPA8d2GNP7rX0vQ/b69C46RGDf1M1GNW1N9TT/NHdLkBnQx3NxEVMiOgJ5jI9r4q3JexhfnUY+ZREEmW2wHP9Gt+X0OKNfbKNra0S7iT6+g+TqcdR4KzEDKn07dvyDe9raj7tl2vzMYcQeP8bHgwcDoUJTa49V4/FTQWDbhfySKsa3c/t8rQma9ljGdoDmlmlMeLyKmgeM+9doI1BA4f48Y6xpHQm+LcepaSuFx2D8SPy3K2YHyVmQnmjksp0XbYzZDK1zq6sA47kjIhc2BasiIiIiIiJ9ScjFitpmLJa0l+boRHKri2hswtIKAIzAC0sf0uCp6L4p2UHhXh7pMXuoODaJdHcBuYuwTLfeZWwys4DKx2N4y9cz05j2n7zf+Nm6WBX4x1ZTPcmY3k4BOTHHaTTHHx9Rlaf3tk8ivmkHsyggs76cnNUZrDyXFgPm8c9cXR5YUenrd5pHafjWnz4txw7AqgKSV+VRWu2t1PX2le3A8W8raA8xTX68K4XUrAwKXaMB2PTOXnJGB0+N9y6wNWsVZK6G6ERb4NpgVAI3N+yBRGuFrtEj9oa9a0nOMoLy0sUF5n6ymHB8K8lpBebiUgdIfWcilWmJRFNlVi6XwBxvT+CAI+Z7LPhvr62f7+Jx5DgzyC9ZQPrgeqPH8MwCqN/Bx6MntX+nhGVts2A9PiJyoVOwKhH56sRJPjvQxEH3YY5/eYJTp0/j8fTtpc0cDgeXDhrE4GuuYrhzKD8ZEcfVV13Z08MSEREREemADApdWbDBDH3a6B/Z7D4Eo42emfElVYxPKCI3LhpIo3D1YCbQQktCHnAg/NVtzvP1P930jnnazGE0N+SB0x9c5T+QSHN1CpvIMNoKbM7jrQeqmLI6g5WLrMFwWyGxtwozg0JXDG+l7WG86xiFGyDHVUBjdQSHZ2YBOYnHqZhsBJZGZa59lfkOsrQmaHSPIDYa3JsP0fy4UbHa8R6rBcyaXBAQQIYV6viHDNpDV6wGVw6booPDbfBXZG5yHyeHEorIIj3mODTkMGtVHqXVTezOgvEBQbK9RcVWSqvLKWQvN1juC//iUmW28WdQOMe+AJr5OA+4vSEWr9p/DNIWkN5khLfe7WdtzqDQ1ZFg1aiEhRZqw2wRXCUsIhciBavSpq9OnOSDD3ezb39jTw+ly3k8Hr49dYpvT53ii4OHeO+DvzJqZDy33jJeAauIiIiI9AH+ykBfMOVb6KecZEuFXXxMNPGjJ9HCXlhc5JuiXVg/mJzRg5kQs8OsIiyncGYbwSrAKrP/6eI0ojkEm/PIxahqBIzFqQbXU2QLCFe+Ws+Ux/1T8Y0epdONINEWCHurJVMXlcHMicTudZHLCEq9t3EzsLionYrBPErNylh/QFfALNc4agJWmQ/BWmEb4vYbPWz97QziS/aQPNnb4zbCHqs2/h657bAff0L3QAWCeqxWhNunuUhVcMUqxrGYfIyitDJYnQUNOexOqKK0pIn4pj3MAuN+wXaf+hRQUT+J3LREGgPuCyvjsTwhGlrqt/Jx+0chiP8YtFD7akEb44mEEexSUo6zja0iXrCtl/nm228ZMGCA7ysqKsr3ZV+8qq8uXOUAHFFRDBgwgIEDBzIgKqqnhyT9lIJVCevvn+5jx7vv9fnK1I7Yt7+Rf3x2gEl33s6NY0b19HBERERERMIwQr1YS99Ln815pG42ppeXjjRWRB8f10Rt/WAmJMYQv8q6uFVBQJi2Mms6RsWgvcfnnqARZDoHG9PZA2RQOMdbrWpjVq2OXwysMir+4kvKKZw5nVzzvPTFgNMSqpqXMxZYygsag316uq/E0pweT/1aUu2h16ockimiproc53PBCx0BMDKG6KY94YNXs2q1pX6r0VO2YRw11eXmdPECZk02xxDu8u3q2PHvUI/VUNqqWLVUxGaapxtVqJOofc5ofeAVHwPN7/gv7++zupVksyq3pto2rX5xETVpg6l9LoVkXyXqtODFq8JVj1ru6+TJZcb+5hSQuXkXyaMDxxMZS8Vt1nTjdjyQFSJgzcA5uIXm/R3dv5wPHsDT2kprays//PADF110EZdcfHFPD0v6IQWrElL93xp474O/9vQweoTH46H6nV2cPn2axJsTeno4IiIiIiI2RvCEKyU4NPQxwr3S6iLy9x+Dehe5i8qMECoosArU6FpLc6gen9grI1uofc7eq9QbStkWpzLPNaoy/dWJQOBK9nHecM8bmNqnhAeyLqjkrXrF0sM1bCXhqhyz"
[DEBUG] 2019-07-12 19:38:50,385 method:org.apache.http.impl.conn.Wire.wire(Wire.java:86)
http-outgoing-2 << "v6s3fA48O9M5mMaGgtCXnVlApRkE5m7OoNA1zqxizTOO9+Y9jPfe9qatnZwu3snjb+23aneilFAAACAASURBVDnu9un5QdqqWLXtt9EN+SXG488IR40FqYyp801UUEBltbmtK4XkLP8+jen/GRS6vPe5cTuTg+6nNloBWB8/LfUU2lshrMqh0FlObnWieX74m21/LDa6QtdANx6DdOvj1HrcOttSQs6rH374AU9rK4MGDerpoUg/4zj9/ZkLpxxRIvL3T/dR/c6unh5GrzD5romqXBURERGRIN5ZXdbvra2teDwezp49S2trK2fPnvV9/fwXmW3tTuQ8s/TmxdqGwRo0Bi/YJP3DxqIX+n0rgHBUuSpW35365pz3oWBVAnx14iSbt7x2QU3/b4vD4WDmjJ+p56qIiIiIBFCwKiJ91YUcrAJceuml6rkqQNcEq3okSYAPPtytUNXC4/HwwYe7e3oYHfJR8XyWv+Hu6WGIiIiIiIiI9Dpnzpzp6SFIP6Ieq+Lz1YmT7Nvf2LEL/XQ686/Yy7rXPjJPuJOsOdF8tGE7dUEb38RDcyZw2WcvUfKXO8n69SgGh9jldwdrWffaR6TMfIRxV7c/BO/23vH8ZuhR/rj5Xf8G4+9jfvKl7PtTOVUdu3WAsaDVrbeM75mq1WYXy/+9nL1hN0gk/8UF3GQ55aZp02FdPUfvdXJtyP29x53PLCP18Fqy/lDf/hiun86zT6aZ+6pn46O7uC3gOt1UPrWMgw+uY/a4yG9ar9DsYvlWJ0uzEy0n1rPx0XKGP7OM1NjQF/uoeD4r34LRmctYyDpczvkMf2UZG+MWUOLd154L/Pg2u9j4YSKz7w21jqpxmzb+A8DJ7GeWkRpbz8ZH1wYs8JCaOZ3GTSEe/wHHTEREREREJHJnz57t6SFIP6JgVXw+O9DUzdfwEf+9AR6a80seOv6flPzp3aAtkn72S26z/H78k5co+Usbu/zpdOZf4f3lJh76yVVw8VX85tfevqgnOP7VVVwCjPv1I3hzqXb3a/PZgaaeW8hqiiWsC+Cm8qly32/esM/riUfL4frp5E98j5WbzArW66fz7IvLjEDqcFv79qpn41P+6tejb5RTiZvKR+f7TkudkkjlP4A/zPeHYu3utzdwU7munL3/gCzfcXOSOgUqccO/z2ejeao3QH3CPI6pv11HSbZx3tE3zMs9uY7UPWvJesrtD/0u5OMbm8Zt7vls3LOO2UODPyBI/e06SuxBsSUwPfrGMlzONJa+mEbowFlERERERKTjPK2tPT0E6UcUrIrPQffhDmxtrTidwG9+PZovDl7KdcONJtB3//oR7iawmtQITf/Gug3/2cUjx9z/zVzbXMvbjCb+QDn/vRujWvXWU7z9pxZuCltJ276D7sM9F6y+tdYS/Nklkm/+dFP2AlKb3KSZwdRHxfN5PymNa93vMTpzGUtDVg52QLOLNbtu59lnwOWrRHRT+dQ6Zj+zjh9tXcY/p4Wv8uxtjr6xjo1xC3h2Yjku5zKjGnTPWrJeiePZF524nvIfS8MySu41A79wOx23IDgsjFQ/O74AN2Uv45/FLo5mewNS8H4g8KNQx+kf5cYHAqbU3wZ+YOANnFN/28eqd0VEREREpNdQ80PpSgpWxef4lyc6sPW7RsWpvRXA+PuYfyu8v2E7dQHVpOciVNuAE+yxTu0ffx+3XdbEus0fAVdz05z7SBkxmHHDL4av9lHHu9R9Np3fzLyTus3BlbLt6dix6WIRVqxCIrMf3EVWcT0lSbsocy5j6Tg4GkG7VXu1K9jDKzeV65rIeHIB1wK3uZdRued23v1DOXtJJD8WbsqezvuPruWjvlBV6A0xn0zkWhK5rXgZlUOX8aO6Q8yeb9zG2Q/uYvkbbjOQtk9Tnx8wZT3o9ykLKEny/3rBHV8fJ6nZUPnUfHPav4WlKteoVHUGV6ya+5htacvQZrAtIiIiIiIich4pWBWfU6dPd+pylwyfwG/mjOY4V3H5tyfg26Odqgpt0/eHeNtXbXonWb+2dVfcvZ11u8Ho4zqKwRfD5dTyxz99ZPRd/fUj8NW+wN6rHdDZY9N5gUFe+IpVjIBqyr+R+tb/MrevN7evJ2uTMbV971vLyNpkuYwt+LOHVx8Vz+d9As9PfXIBYARbK99yQxM8++I6rqWejY/OZ2WIfq+9VmwaSx9cS5Y13Htrvu/7Rt+J9WTtMsK+2S+uYzbeKerL/KHonrUsd08Prgjes8vyywV2fC09VEdnLmPpk+tIDTivnB89ab8t9SErVr2MCux1pCEiIiIiIiLSOyhYlU7yV5Hap/vfPfxaUsBXTeptAfB+uF11hfH3MT95GJfwPV98cojvxg4zAt9fT/Bt8t1lcb7eqx3tsXr+JTL7xXXcVmyZ/h1yoSWL7IeYTfB2R99YRmPmMpbeS2CgFRD8tccalC1g9vVr2WgLwbj+EGWPzjf6aPaFHqDjFlDyYuBJHxVHNt2+0tfvNJH8Z+Kg7hDgNBcHayKjwwFofzu+/p6zyyOomDYk+sJrq498n9I4GT4UiHh/IiIiIiIiIt1Lwar4XDpoEN+eOhXh1tZWAMYpST/7JXfHHuftGrjt19Oh5hQMvRq+hW++/giuuLnzg7t4mK9vq+FEYL7iq1g1dXFoeumgQV27w4i52WhZRIkpiUErp3unTx+1TTfPegtz8apOXA+QaqtoTbVWHd5rrUDsg5qDF1PyeSvwOAAw5RfMbvr/fNPZA6fx1xPf5Obonl088YdDzH5mWYhQ9QI7viEcfWOZb/EvwN8KIMzj13ve7LjzNkQRERERERGRDlGwKj6Dr7mqA8HqTTw0ZwLXXQzHP/mIlJmPMO4y/3T9OnNa/lW3TuDuq0+w50/Az85hcO21AvDyVa6G1tlK1cHXXNXxC3UJyxRysxJ19m+h0Tv1fM9alrsTuRa4NikRmuJ4dj6s2dpEfFMcaU+mcbS4nPgkYyGkiK6HUFPVvfyVlSH1+kpKU6x1MaVQ6tkYtHjVPaQSqsfnMIazlif+kEj+i6FCVbjgjm8YQYuoNbtYvs748absdZRkg/3Yf1T8Hv+knvffguHTemDQIiIiIiIiImEoWBWf4c6hfHHwUIRbf8R/b/jI8vtL/oWkwmyTFHR+pN6lZIPt9z+1sXmYXqpJP/tlp/tTDncO7eQlu0Jg2JbVNJ3ZccvY+MZ0GnfFsfBJc3GlP0D+i2lc2+wCJjJ7vpvlxS7ubErktuy2r+Gm7MBA8KbsdW0cqzC9PptdLN/a8VvXM9oJME2V5lT8sKvQWypfR2dON46JtxWD5QF/4R1fq0NUPrWOg3GAs63tvIGq099r9frpPPuksWhXY+YChq+bj+vBMPeFiIiIiIiIyHmmYFV8fjIijvc++GvkF/jpdH7zk1O8veEL4udM4LLPXqLkL0Ylq/HznWT9Oo5va/6T/97d/u5CGTz2EX4ztu1tvjtoO+HqUb5eqnbHP+ncOH4y4vzPR/atJP/WOmY/s44SLL1T9zSR9YdymLLArKhMZPaLtkrG2DSWJq0li4mUhLuSt9a2vTAWwPXTbQsG1bPSuuiT1ZQF7d2sXsI/9d43RT2gGjRUxaqVGcwy3bLA1Doqb1nGLR++B07vQlgX6vH127tpLWQuYyHreGKTbRE1gOunG9/37KLyH/VUFieSarYHuHbPWrIefY/Zz6xjdixw7zo+Kp7PRhSuioiIiIiISM9TsCo+V191JaNGxrNvf2MEW99J1ljY8ydz6v8H1zH/1vtI+st2/tvyc8mfvuKhOb/kIf6TsHsNmL7/PV/U+Ktc2526b+nx6tPFFaujRsZz9VVXduKS58Y/NdrUDLDL6LE6ZQElLy6APWvJenStOcX6kK//6ujMZYCbylcOMXt+G1PH251abgSMgfpXReW19y6j5F4wwtL5/ipWW+Dp7xHqZPYztp6oJDL7GTfL/30+G83zOcwFf3yPug/5qn2PvtF2K4CP6g4x+5l1pB5eS9Zb5b5qYSCoPy3UM3tc322JICIiIiIiIv2D4/T3Zzw9PQjpPb46cZLNW17D49HDAsDhcDBzxs96JFgVERERkd7L++9l6/fW1lY8Hg9nz56l"
[DEBUG] 2019-07-12 19:38:50,385 method:org.apache.http.impl.conn.Wire.wire(Wire.java:86)
http-outgoing-2 << "tbWVs2fP+r5+/ovMnhyuiIjPxqIXGDBggO8rKirK9+VwOHxfgO97fxN9+eU9PQTpBb479c057yOqC8Yh/cjVV13JpDtv7+lh9BqT7rxdoaqIiIiIiIiIiARRKwAJcuOYUZw+fbpj/Vb7odtv/RduHBO6V6uIiIiIiIiIyIWmr01w7u6iawWrElLizQkMGjSIHe++d8G1BXA4HEy683aFqiIiIiIiIiJywelPOVB33xQFqxLWjWNG4Rw6hA8+3B3hglZ936iR8dx6y3hN/xcREREREZHOmdBIzU+uIbnsqg5c6HsK534C28fCfW9zQ9PdpFZe3G1DFLHzQJsppCfwP32Iw/v/bqFgVdp09VVXkvLTu7j1lvF8dqCJg+7DHP/yBKdOn+7zn2A4HA4uHTSIwddcxXDnUH4yIk6BqoiIiIiIiJyb2uHU/ssnFP54PLmfR3qhi3GfBCcXk7v+HvIzdnfw8iKdZ893woWsfTNX9eDwhBh2F/UIcJz+/kxfOyQiIiIiIiI9yvsm1Pq9tbUVj8fD2bNnaW1t5ezZs76vn/8isyeHKyLd5nsK577NhMsi2PTbcRSuH8omTlCa+wHx7V7gWmpf6fpwdWPRCwwYMMD3FRUV5ftyOBy+L8D3vb+Jvvzynh5Cr2ENVT2W5NRjS1Htv/ctDluOavz+w3enznnPqlgVEREREREREem0kVQUxrOyzW1OUDr3tP9XX8jql5+xG+dOVanK+RMYqvo/KLxs0IXRhkLBqoiIiIiIiIhIj7mY3PXx5Ge8Sc2wNjYLEaTaNX4F44cCn0Nm6m5yGKs+q9JtrLWn1lC1j3d9PO8UrIqIiIiIiIiInIOVZfe0U7Fqc9kecv9/9u4+PKr6zv//85yZ3HAPkRCkkbtdC5WbSsHyq5YClrIFrUnB2tBeXxvahtKfiKuuqLXd0tpWgaor4PWj0q3U79WFtosmXUt6UawgrS4VS7/cuGHtlzuzSIiGO4GQzJzz++OcM3PmLpnczSTwenDNlczMmTOfOXNmwrzm/Xmfuw9wt3v2yOs38x+RK8/wubH9eGWNQlXpQrZ/yr8XqipYbSsFqyIiIiIiIiIi7ZJuv1SItAy4ppHBvgrWb33hD0wA/u1UPxYOauJbX3iTwTWfbFtQK9Ju0UDVOSlZbQsFqyIiIiIiIiIi7TKABWtudn9vYs3XDsJWp09qyp6pRRfpe3ZQYluAul7wiT/yuQvjWPNrVatK14lM/Y+91PlnW9kYUo9lZnsAIiIiIiIiIiI93jWnGMsQXk968Kkm1nztD2ycAl8adI4PTveKXH51/0Leq/OWK2T3VqeS9Uuf2cfGKZkYuFyxIpWqdsxJ0qdgVURERERERESkI6Yc4fXSk9RsbekAVYW8V9fEJ4ZDTQ2s+dofeP3uPzKFIbxOHb8vPcB7J/oxZXYdXwJGDsQXuIp0FV/1qnqstplaAYiIiIiIiIiItMc1TiDa98RkPrEmttPqkdPwudI/8Lp3wYVxrOEUC88O5zPv5MK/3uxbx0lqKm922gZMOcLrd/8BGM1/JK1+Felc/lBVFattYzQ2hbTFRERERERE2iDSn87307IsbNsmHA5jWRbhcDhyuv2LX8rmcEVEIn7+3E8JBAKRk2makZNhGJETEPl5uenbp0+2h5BV/r9d3t8vy/tpWRQM6JflEWbG2bNnO7wOtQIQERERERERERG5gnhVlpECVdt3krQpWBUREREREREREbmS2DHdVVGy2j7qsSrtpr4bIiIiInKlStYKIHrSEZZFRKR7iv5JspNmqPqL1TYKVqVV+o+giIiIiIiIiMjlyY77KelTsCop+QNVwzAwDQhEmllncWAiIiIiIlkWX7FqWTa2bWFZNlYgjGUZhMPOKRTSf55FRKSHULraJgpWJUF8hWpO0CRgqh2viIiIiIiIiIiIR8GqxLB9h4MLmCY5wUBWxyMiIiIiIiIiItIdqQxRIvzTmRSqioiIiIiIiIiIpKZgVYD4UNVQqCoiIiIiIiIiItICBasSE6oaQG6OOkSIiIiIiHQmU8csEJFuQO9FIp1Lr6grnD9UtW2boCpVRUREREQ6yEi4ZMCA/lkYh4hIrH79+mV7CCKXFZUmCmBHqlWDAWXtIiIiIiJtZRgQOQ5sEsOvuYZTp05nbkAiIkl86EPDsj0EuUI1njpB7ekmrBb+ViZlmOQPvIrhg3p1ybg6SinaFSxareqcDyhUFRERERHpAAPDcELWmEsNGD/uI9kZkoiIz9gxY7I9BLkineZke0JVANui8fQZGjp9TJ1DFatXOK8FgG1ZmDlqAyAiIiIi0nmiCeuNU6fyi42/yuJYRETghsmTMXz/RDLDcov6chg0+moK075dA0cPfcAl2ybcZWPrGJUoXqFs/zwl28bGJqAm1iIiIiIibWLEl6cmLgHAhz50NdNuurHrByQiksLUj9/A0KFFztuSdwKFrCIdoCRNsHHaAbT+n0IREREREUnF/99pw/C3BXASjDtuL9URuUUkK0zT5HOfuyXZsfWSXyaSMQ0cPXSM/z70LvXZHko76K/6FSzSBsA9iYiIiIhI5/MC12FXD6Piq1/J7mBE5Ir05QVlDC0qSrg8UmClcFWkXRSsCoCCVRERERGRTmP4fjonr4J11s0z+OIX5mVxbCJypSm57VamTbvJfR+KPcXTTFaRttHBq650XrWqglURERERkQ5zwgrb1wog2hLACSwM5pV8jn59+/Gzn/9vLMvK9pBF5DJlmiYLvniHE6rG/fPzzitUlewoYMTogmwPot0UrF7h7LifIiIiIiLSdoZhuLUKdsxl0XDVOZmmgW0bfHrmdMaOuZbNL/6G13f9OWvjFpHL05TJH+OWOf/A0KFXx1aouoX0CZf5KGCVzGrg6KEPuEQOg0ZfTWG2h9NGClavQJr2LyIiIiLS+QwDbDt2im2yqbeGYWIYNsOuvpq7Fn+dz992K3/e/Sb/VXOQ2uPvcu7cOVWyikjaTNOgb9++XD10KNf+/d9z/fUfZWhREaZpRt93zJbbAChMFWkfBaviUtgqIiIiIpIup0LVTvK712UreZjqnbzKVcMwGTZsKLfdOpfP3TLHd2BZO0m3rsz+n/3sBxcIBAKYhhkJZdxHlpH7v3DxYpet+/R7dSz/6nzCpgmmQU4wSK5hkGuY9OudRzDgPle2jR1uIj8HCgb2Y0hBfwYO6EffAf3Iy8/FMKFfv14Ydohcw6Zfn76cawry1/+zn/976H+YNGkCA/r3Ii8I+bnQbIUIB0xM2yIIBCz44OwFGhrOcOrUOd4/fYEz55u40BSiKWSTl5vDwL45DOobJD/HwMjtx5RFT5DXf3D7Hvebz7F2G3z2i9ex/5c7qY1fYNg0lvyvqQyMu00lt1E+GXb/799AyUKm9G/nhpeOixxryoi5zDDcSf6mEfOajZyP/72VXqugsFUyRa0ApKezbeWqIiIiIiKdJLbPqhOemqaNbRvuycS2bUz3UMKWhXu95fzX3HaCWiek9f9HPbMhh+lGN9FgOPr4MsEwu+5+Bg0ZyrUfmcCht2uwTZOcQC6GYRDC4GyThQGEmy9hhEP0zjXJDeZg2TbN4TBhO0Q4dAkrZBMIGBhWDjm5AYIBg2Y7TH7QpvjqgZxuOEmvPIMAzrY0McgLBgmZNlazRbgpRHMoTPOlRuzmZgiHCTc1EbrUhNFskYOJ0dxM4wdNnAsbBAf2oWjk35E/sO0TZZ977MfUAsWfWch3Hr4Kzvwn+4dN4+6v/D++EPW/+d3PG5xAzrvocBVr37qOu78yGAO44VNX8WjVLq6NuV37nN79M9b8vsE587Hb+M4/fLiDa7xyGNF01fnhhapGbJhqmmYkZPWHq8lC1ZYCVhFJTcGqYKNcVURERESkrfyVqt55cOoWUrUAcAJUiP8fuFOpGvvTuzy1Lv5fvGliuCczCxWrpmF26fonTZ/FO0f+hk2ApqYwpmkSMEw+uNQI4WbycgL0zc8lLz+AYRo0NYe4eOkS5y8GMAMGwWAAwwgQam4maNo0hyxyewcwDJt+fXvTt08eAdPGNCwChkkgYBIIBjFCYYxgLs0hm0vNTVy62MjFCxexrDB9+vQi"
[DEBUG] 2019-07-12 19:38:50,386 method:org.apache.http.impl.conn.Wire.wire(Wire.java:86)
http-outgoing-2 << "kJNHU1OI5uYQzU2NGJZFfrAXRjhEwd9f367t8rVvLYPDlfzsfSdoI9L/1yS6NjO6nwIcruT7mwzu/NaNRGrJRn+epQ3/ypqtg/nnjgShhytZ+/vB3PmtrzOK93nj5//Khje/xlenXNX+dV7u4vug+sLVaKjqPKcxwap7Mkwj0hrA3yIAYr8sUbgqXcvi0on/4e0L4bb9BTOcL6m6IwWrIiIiIiIiHRTfDsDfCsA0DcB0rzeTHOQKLMuOVKpG2wE4y2XrEAkBN5AJmHGtADIUvJhm1warN9w8h9/8fB02NqZhcuH8JULNzeQEDXrnBejbuxe9cgPk5pjk5gcwc5yK1YuXmsnNDWG7RwGyLRsrFKJXXi5YFhY2eXlBcnICBEybnByD3JwAOcEgBjaYBqYNNs2cbwrRfCnExcZGPvjgImHDIMcMktcnB6wcmi4Z2FYTeaZBwLIZOukz7douy3+4wv3tbb7/e/j4P3wKw3C2cXRtXvhvcvR3K/j5mx/mK9/+PKPi1nXVxyu4Z/dP+f5j/8VXHkm8Ph2H336baz77df7ONIFCps4YQ/WOv3Hm44UMasf6LntJXnIGRssVq261aky4GheqerdJepcKWKVLhLlwoY03MUzyBw6guzYLULAqIiIiIiLSqeIPXGW6fVWdCCsalDrBnGU5rQOcVgB2pGo1NlS1427b9cyAiWkGnJ9ulaPzuDJ3/12p78BBzLjtdrb88hdcagpj2AF65ebSKz+HPr0C5OXmEAxA2LK42HiJULOFZQUwgwHMYBO9LzYRajYIGDahJjAxsSwbCwiFbWwgbIfBNMB0gnXLsrGabZpDzYQaQ9hhCyscJtwcwrItwuEQFpfICeTQKy+f/gN6EzR7EzChcPIccvu1bwL+9//5YQ5XP8bLVy3i6x+/Ck6/xk8PuM9xZCk3eDv3n7xizuP7/zwm5fqumrqI7495jZ/+aAU1X36YW0bHLXD6NX665gAT767g4wlDfp/36wbz0ZsKMb0StMFXM/x4HWcDJqpZbVlCGwA3YPVXx0em/5tmwil5Nb3aAEgGBXIYMLA/hQP60LXv8pmhYFVERERERKSdkrcD8M57FatA3MdHZ8qudzLcUNXAsvwHroptG5DpytWAG6p6B7DKdLAaMLt+4ufM0gVU//IX9M7JIT8vn7ycHPJyA0AzTY0XsXMCBLBppolQDthGAMN0qo6DwQD5wQDN4TB5wQChEOTn50IgQCjsVLQ2NjaRn29h2mHCpkkAg3AoTNPFJpoaG7nUHKK5uRkbCAaDBDGBMFhhmi6eJ9fIp3ffPuQETUZ+ekEHtkkNNW8a1LKe5Q3zefQmE+P4dp7+wauxi31oBtMKbuIbt7zHrn99nJf+J9X6xrLwn+fzje9OS351wA1pAwES8/EG3j9uUOi/zlveDHTb6b5Z1ULFarJg1V+ZmhCu+g5eldBeIMNV6XJlCQRzGThoIIP75V8WgapHwaqIiIiIiEgn8ELWZP0KnSnWCbeIHOjKawPg9GBNXbEaOZeBkDUQyHKwGuj6iG3w0A+x4JtLeXnjz8kJBLCtMM1NF7EJEzBN7HCYJiuEgdsP0LRiDuLVOz+XSyGLvGCQczlN5OXlEDANwraFRQ7nLjQTss5i2mDaEAiYmIaFFWomdKmR5sZGQqEQOQHnEFdhwti2gWGHyck1yAsYhJoucs3NX6fXoKvb/Tgbdr2K+fHrGD54Bnfwa9a/Xohxzc3809c/6Zte+1/8x0/fd8JQirhx0T9zI3Dot49yYOx3+Nzf+Zb77gECgRZC0IJP8c3vfSrFlUUUXWNAIEDkKQ44h/dqcZ1XumQ9VpO1AjBTh6v+NgGqVpXMKqB4eLbH0DUUrIqIiIiIiHRAbH9VfwWr0wYALEwTLCsarjphhlOl6g9WE0PVVD1Wuz5ZjQlWTTMyBTlTIUwgmJmI7bNf+jqH9+zi8P6/YmBjun1QwaKpKQSEyQkahC2LcMgkFAjT1NTEeRuamkPkNjZjYJCfn0fv3r3IC5j06dubqwYXYRtghcOcO/cBly40EgwY5OSaYIWwmpoINzURamqiuSlEUyhMsxXCtsPkGgbBgEk41MxVoz/KNZ8p79BjfK16CBPK4d16k8JPLOGupEuNp3Rx/GX1vHfiOiaU+APPgBPWBdsbgpqYxvucPBUg4M37P1XHO8OHcVW713nlabHHqi9gjYSrvoNaJQtVFa6KtI+CVRERERERkQ6KD1cdXvgZDVdt2wScqf+G4Uz99wJWL1R11hPbBgCy0AogGHCmZgei1W6QwWA1AxWrnpLF9/Mvd5cRyAmAhVO5GgoRMHHD8DBYNlgGRjhMuNmmybKwrBChUDPBQA7BvBzC2PTu3YuCQQMJ5gWwrDB2qJl8LD4IW4RDIWzLItQc5tKlZi5eaOTihUYuXWqmqdnCNC3ycgxnHAGDQMDkw19Y1uFtMfSrC/gwv+T3ZiC6rrd/ybJtV/PQNz9Fwdu/ZNl/TWDlbdfF3vDtHfym+KOs9N//qQbeHf4hZrRUXXrqVZ5ZtZdJDyzhxoSjUQ3lk58Zx7Jtf2LGmE9RQD2v/aGGmz6zgEKlqmlLaAWQrNdqXGWqF67GV6mm+l1EWqdgVUREREREpAvEBqxOuApEAlanbUCqalV/X9UMJ6quQCAQ6bN6uQerIz8ykTu/tYJf/PghLDuMgU1O0OmXa9lhLMsJwp3ANYxpBiEnBwzn4FaBXJwqV8MgJydIbk6QnKATdhnBIHl2P4JhOHX6DA1nz3HhQiPnzzdysbGRUHMIbGe/yAGc2mAbA4uJ5d9nwIhxHX5808YCbxsYATdYs+BWHgAAIABJREFUfXsj//SHD/HIkulOK4CxX+KRhtU8+B8BflzqhKsNr63mR78p5JuPT4gNUE+d4Jg5rOVp+/4eq8kWGvslvlnzHVY88gcARtx2D3ePVaraFslbjqQ+MFWqKlWFqiIdYzQ2hbLzV1qyJvqfNBvLsgiHw4TDYQYN6JflkYmIiIiI9Gz+A1n5/9/tD0xTneKXdc5H1paphxBx+uwHWQ1Wz1+4kJH78fvDr/+V//jpCvcgUTZWOEwoHMKynVDcMJz8NBg0ycnNITcYJJCTQ6/8fHr37kP/vn0ZUtCXosGD6JMbID8vSPOlZkLNNnXvneav+w9ysuEMzZdC2LZFjmGRGzDokx+kd69c8gJg2mFMq5mp/+sRxt769c57cP/9bzxdP4t7Crdx34GP8uTnEwPbt198hH3j7mHI1qd54UNfii7z3//GfT89EFnuk1//IfM+3HlDk7aLaQXgq1aFuIA1xcGtvOVi1nkFBat9+/TJ9hCyJvbvEdi2hWXb2JZF2LKwwhZXDeqf7WFmxNmzZzu8DgWrVyAFqyIiIiIiXcOOm6/v/7+39zMxZI2ej19H/Poy6fSZD2J7rF4BwSrA9hee4zc/fRzLCgMGlu18ZsK2wTAIWRYYEAyYmIZBwDTJCQTJy8tj0IABFBX145ohQxjUO4+Bfftw9sw5zlxo5Oi77/GXAzVcvBSGsE1uAPrlmvTPM+iXn0uf3nkEDZvQpYtM/tKDfOTWRVl5/NKzxPda9X6m83vMeq6gUBUUrCpYdXRGsKpWACIiIiIiIp3ECycS+636l/E+2HoHrrJx+q62PP0/09WrXqgaCAQwDdMZOJEfXX//3pG+Muzm279Gv0EF/OLHD7jjyMG0g1iWhY2Nadk4XXANLMAK21i2TXP4EqHwaQiG6Z3XiyAGQQLUv3eKurNnePe9U5g5OeSbueSaBr1yoKBPLgX5QXrnGOQYFuGwxfUVTzLyk5/PymOXnsUfqgIJoWlrP+NvJyJtp2BVRERERESki3kHt4rtZ+gVQRruT3/FamLQkeniVdM0Y06ZrljNVrAKMPUz8xk28sP8+pnv8s7f9hM0TWwgZNkYluU8F27FsRlwpltbtkWzbXHq9AX65J/DCoU4dz6HM2fP0HDmDM3hZgb2642JSX4A+uQFGNw3n6v69iJoNZE/ZCQf/sJDDBwxPmuPW3qW+GAVUvdebel6EWk/tQK4AqkVgIiIiIhIZiSbyp9qqn93qVT1XIk9VpPZ9sv/j9//8hlnqqxtELbCWGEL"
[DEBUG] 2019-07-12 19:38:50,387 method:org.apache.http.impl.conn.Wire.wire(Wire.java:86)
http-outgoing-2 << "y50+axgGFjbhUIhgMIdcI5dBA/vQt08OeTk2VijEpcZLEDbplZtDftAmz4ReuQH65QXpn5fD8E9/hWEzy7P9UKWHa6kSVVWqsdQKQK0AoHNaAWTvK0AREbls1W2uIL+gmPyFldR19LbHKykrKCa/oIJNx7tgsJ2lhXF6j6lsc33y2+5enfp697r8gtXsanUQb/J4a8t642zxuXHW8/juVu/w8uBt43bsr10msj+l87wn2rWquA37TReLPJboqeV96wrb/8DdRr73jiSv07rNFd1rH/Vx3uOS72uR9/RVb2Z8XN1F/FG34y/zH0zGNJMfvds0vVN8BWlXnwyMJPebqVNbjnDelafPlP2/fOvZbXzqtq+Ql5dHTjBITjDg/gw6LROCAQI5QYyAiW0bNF5q5uz5izSc+4CwYZETDHBV/74MKxjAsIG9GdI/jyH9e/HhGV9k8gO/5EM3L8z649Tp8ju19B4kIp1DwaqISIx6Ni0sjvsQGL3sivqg3wFHDlU7v1x3DUVdfm/e87OaXV6w2EL4EA2cnBAjer7tp5j94fgxKgGYwKhhseN75SVne1QeOtb2hzdsOKUA7ONw0mDZ//g7w5s8XlDCcmD57DT3+Uj4m+4pbqxJgre0b9/m+05cx65XVjq/JOyvvveDlLd3l/GHRklD0ei6Ugbs7ZHi8U9/zFtgJdPTeQ66YAyR0/glVLKMHQ21NLqnmUdTvUbbuv+19BylPkWfA/c9I1Xo11rA3eZ9N/n23/WLJVRSTfn45I9516piRlRUQ9US7onff7L5+nOfA+c9biVPtWff7vD99xzJgoz4ACT+stZO0cC1a07ZDoW602nQkGGUfO0hvvOzV7ht4QOMGns9AcMgYICJjYlNTsAkYNgEgiFs6xJYTQSBfMOksG8+g/sEKehtMnLM9Vw/715u+vZvGP25e8gbNDTrj0+ny+OU7D0k2XuOiHQe9VgVEWnN8T9RWeX8uvyVN3loyuQsjaOSsvFL3PDO9XAVjQ8kjmfXKn+wAqXr97BpfmHS1dZtrnA+sJes5ehzpS0GodH1LmNHw1KmJl3qTV5x77t09PCWHlEXq2fTwkmUV8VdXLKWow2lFFFP3XEoeqCWxgfibxsNd1radn51R/c5vzx8U+x22b3RHcMcNnw5nX0nxbjd0CU6SXAOG/avp+y4t/6VTC/wrlvJ9IKVvuUWc2R8CctZxo79LT0n0ccdWb8XEu9eTf4zw1veR1rbh5LtwwDDStnUUNrCuFowZSmNDUsTL9+9mvzZzjZYvrWWh6akWkF0f+WxEvJjXjdVeKOKrCPuMdRt/paz/atKyH/LffzDSrn34SVUPraSpzYvcPYfbz8oWcvTaexPbdfSa9LHt12yNgZg6vxkz3d79r9Cyp6rpSxuTWm/rx0fzsz1c1he4Xv+0hh/RAv7bjpjiCzjs3x2sbsNgKoljChYEnN9ZcUk8ivitg9k5/UHvve4Zdw7vzD1Ppbw+op7b/WPPzJW3z6Vavw9jGEYSVsDeNe1JtVtu4phGE4PxyT9XjN1/91Nn/6DmF66kOmlCzlVf5y/7fszx/57Lyfe+Rvvn6zl/Jn3IdRMfk6AfgMHMLhgMFcXD2fY8GspHP4RCkZ+lNwBXfF3QCS17vhaErlcKFgVEWnNsJsoLYHKKlg+sxuFquB8UMUfriYP5SorJlFG7IfYZB/oWxvDU48luyJVEOgFAMlXF/1Q7YQptBh+xdq1qpjpJA+VEyUJIAAopCjhsnaIDxEi4YFzv6O8asikweiP4JHotnOeJy/MSzXu2O3tVFt6y3rBVHzA9SaPt/Y44vax5Vt99328kjL3MY5YdU2a2z27IlWozGFkC89z3eZ1TnXk1lpmvuJ8cRANYuvZ9FLL91M0fz2Nn6ikbPwx7v3hTbyyqphy3+sk4TUQCcrin7NU/CG5T4ovVSL7x3Xe9fHnu6mu2v9aq5ofVsjU+etpHLGa/NlLuGfzTWl9kdLZWg7/Y8V/cZZt3mutdP0CRm6uIL+iOubxRP7WpNxnrzzxAUdbwtKshCOGc5Ct+Io4gUGFw7jh5lJuuLkDX06IdAG9RkUyR60ARERa5VRENTak/8G3S5Ss5WhkKu0eNpS4lz+2LtqXL1I55HxQb2yoZcfDzvnKio2R6ZNtDlXxpqomE90+jQ1VkYCodP2eyLTfZCcvvNi1yp32+0q6/ffcCsPHSjp3SnVHRZ6f6DaIhtG+adD717rB6QRGDXO33dZlgBc2+ypKX18d09Zg16piyjbHthOY+kAtjQ3JAtj01W2ucKdrOxJCnmGlPL1+jvN7S9u9agkjWp0SngH+LwFKbmFmym3jTmF+uKpjr+1hpWxqWMrUYYWUPRC7n3uvv8TXQ/xzNocN+33Xe/tJzOu+lqPe8+CZstS9bilTj1dSVjCJ8qpl7Pjy8Mh+M/OHVSx/rIT8ggo2DfMt34GH3Jk6bf/zibQjSZe7HTfNP+b2KY7fZ+NaKsS1G+lIX2nHm7H3m+rUUp/SbLz+fO9x987HbQnQ8pcZKfnHn2y7XwbVqqm0NG1XRATa1iJE7yMimaVgVUQyI9IDLklfS++DYkyfuOhBPCIfWAvie8/VJ+mHmqRnZrIPom06mEr0A2/kA71vrI/vjr/PxP5viX08W+txF3cApGGlbIqZ4lnIzFu9gKWaI+6ykSq9krUsdIOJqV/2gryVvBLzGOewYb8voG3J7tVMfwxKS+a0vNzxd/iru+7ST6RX9RUZnz8gbnEsf3KDS3faaQbUba5oR4hbTflsNwiIbw/QIi9snUB5xcpoT0X3OaisKKHy1j1uMFcf11/Sq3yMC4FW/anFx+YP2VNVzhXN/1FkX6ms+Fby5youBEw4RULlruX/EqD01ptaqFh0t3WnVtHFBmReZWFlxaQUPT5T8Hr2ptWn2N0Pxi+B9XvckHWjG1JN4rnjk3mowd2nxnck/GtNqn6uyU+P7+7k/a8dEg+65G6rhH02tkdsY1tbBqRQNH997Jd2qV5DvtdOyi9TsvD6815rpesXMNVrm/Pw4vZ90eMff7LtnqH3j+4g2z0addJJp+53EpHuS60ApAfby9oXvsOPI+fH8vQnV1AyxLfIyS0s/uNP+J13Pv8bvDF3Lpmf5HeC7Ru3svdc3MX9RrFgwTRnPDXVrH418YN28afuZN5Y90zCMoV8etEcxvlvELdM//GzKb9xaKc8is5S+UhxpGcp4FQgvTWHyip/hVE15Y9UMvO5UormL2Z5RXWkqjHS4zTS+9TrXVmffEp63HT59lRrtiSmHx4AK5m+MNoLsNVpm0n70VVTPr4Ckk4Fd0QrsrzqIF9vU3+YNOwargcqgb8erYcphc6H+fkA9Wxq9RG+yeOzVwLLuPcu4p6nFNs8Ydp7ck6FptdqoZrK1+uZ2cptIuFxQljp6zFatYQRq9ayocWxpNcPsrJikhvSVfP4iLZULTtTvWe+XsFzI9oY3EX2CX87gKU0NtzkTBuvmET+IWefju0v2UIrgBT7oP/1Bcn2Z//jqaXxh86U7fLxqxnVCVWPHZnWnDSEi2tZUVmxkV3zF3B44UZGPdfZVZqx+7+zP7tXpeh3me77T7SVQWvc5zzSO5iYqfMAy2dXMHL/esqmLKWxYQGbFk7qopYO6fdYjZjSkf1vAYdTtCGJiOvr6Ve6fhv3jriF5SxhesHKNk3Hv1x07PW3h5FvOb9XVkwiH3D+Hg9n08Li5H+LI/eVqtWJiIiISM+iilXpoeJDVYAa7vnjg1SddM/Gh6oAjT/hhi1b6EaTh9vkwKH4kdfz8rPVHPDOJglnz+7fyobXTmRieGmqpvK6qoTqk8qq6oSp61T9lleOA0xmpnfZW+9EKq3qXv+tE3i5U30jB5FJVvXiVUMer+QeL9SIW25kex+Sbz2RabpVS3huN8SEnTFTgb3wwQsto1P3o9ugmvJfpJj26VYvAu2vDkpLPZsWulP1tyYLTHxtANzp7AlTmlttB1BI2V3ObStf+hNHWhyPtz2THQgqrqLsgZt846li+cOJ+106StfvieyT6R2lPFbR/MUwuy1HsXb3iZK1HE2oSnOq6XY8TPoVvq2Kq9BLeXLHMqyU"
[DEBUG] 2019-07-12 19:38:50,388 method:org.apache.http.impl.conn.Wire.wire(Wire.java:86)
http-outgoing-2 << "ex8G5wuEuMrHdkxFnvpAqvuLtlTwvzb8p8QQrJ5NjyTexyurJlFetZLpSY5m7q/49V5Ty2d70703trI/Ovt/wvT8FrZFel/qxB1Qq6Xp397z54W4u1e729l5HTpjc76ocfaXrqjS7YiO7H9/YuZzSZZNVWWa8P4zlqlTSnnIba2yvE2v0zZIsi+0uZ1GOtPgM/76i77/R/5uP7yYsmH+9jCtPJ+pxn+FtQIQERGRnkvBqvRc+d/gjXlVHJlXxZF5j/JPANRQfcz5mF9/bIcTqnrLffIbfBagcQevnUy10q5WyKcX3clS7+RVq/r0Hz87ev0iX7Vq/O0/P4r+AHxAfT3ACbbvqY9dx6ectZ89+na3CpMjB4ByDwoFxE5dn7ks4TaRyyJhq9sbEa86M3o++YczZ7p8JIxlDht+6KsmG1ZKWTsrlZbfFV1P0fzFkQ+jfz0au9UjU4H9YVRkWrsvzPEFPP4g2bNrVXG0wrVkLUe7MCCJhNVp9KCMVthNYFRbg94pNznboeq3vHIo9WJHfuEcaKjlvpnxqikfX8Jyd1tGA/nhaYfpUx+Ihmcpw9XIfuc/EJFXQbqSp9JoJVBZMYn8VcQGZSnGEwkmYlpoJGsFUNFp06Yj9//ltZQ+XBUdY6TPZ7qnZCG9E3K2FFzvWtXy9ZH9FX/bCqfa2vs9NlxN1h/Y98XAcws65QsX/ylpCJvwONz9/OFlzs9Ww1WH/72hdP2PKBvmn0LvVG639YuBNmnDa6ojEva/ONHX+D6eSus14O0HSyG+bUuqHqvptHPwJNkXEg+QlaIFQfxtk73fZ/v1F6kST/aFVxqGlbKpTeF49+kPLCIiIqJgVXqoiSyJmdJfxDX5sUsU9hvt/NK72FluyGTm5AOM5pohZFg9DfFtAOKXaPig1bWMmxs37R+AvhQW+u+jFyOvdaf+jy2mGODcCQ50p2Q1bdHeoUxZEAkHKl+v97UBaG+fzXaEf0m1dpCOyTy0NS4orlrCiHaFXU7vxmilaupgoVPsXu1U17U5vE2nz2L84/eqkqtZ/liqir7odf4wO+n9xlRSLmPD+jmRUN5rodBy781ERfPXR6pyk4aryQ5exWQWukGa/+BhUW4/zkgYtofGBybH9BVO+yA2D1f57tsJIyJVZK1J0nO4xdMj8LRvn6jbXOHb5l6PUec5jjwWb7zHKylL0ofYO/BaquC6bnMF0x9roarQ21/dbbHprgnuFcuY+cBSX0V1sspVfP2B3feYjmp3xeqbPFfhHABow5eX8lCk6r6Fgza54br/vSEa3BVS9lxV3Bc4XVSZCWnvSzHPcQf3v1je9oPlt96S5qCdULFsc72vgtPXfzpFSJ4YjmZHtl9/kZ7GvtkTiX3F407ueFMu10KgnXQfEhEREckSBatyeTj5JtWNzq/j+7lRyZhSns4HGr7DyBdKGPnCIu5phM8OL+VjWRtoPS8/+zyrn32e1Rt3Jq0iPbt/q3P9s8/zQk38tft4wbv9i4c5Sy8mfj4+bL3Ikbfdqf/1pznrXtbwfqc/mAyLHqyp8qU/scurSEp2UCBvyneL04b3cbiTq/gAXzjj41YTxVaqxYc3KabPR4LT6JR8cKdmJgQLwxnpHdzlkO/I8b4xXT8i3SCgnk3PuBWo/oAo0rfR/bDrCzBTTylNUqmXpOLUqUqew/KHU1X0edctY2bMc3mMI27IviMm1IwaNWICzjavjLQSSPfgWjGmLI1UUi1/Jr0DAEWrmJNVrXoHFVoWd5v1Sabkxu0jXVKp3PLU6fhxOtwgq2oJI1qtqnyTx8cvoTKhjUC0JUaq6uho5eVKpsffj7+n6MNVqav6WghXo9XsnXRwpHZVrHoVzrB8a3Tq+yZ33JUVk7jnJf/ybiuDV26KfW4eK4kLofxV1MvY0XATr7Sl4rIVdUf3Ob/EHGgr2b7U2sHy2rP/xdq1qiTy5cLMT6T5ANwv6mKedzdohOgXObEBZudJGi56wWKKgD763GX59edvS+Pud/79KqGNQFwrlsS/Gyn2kSSvpyutH66IiIh0TwpW5TKwl7VeL9X8b/DFMd7lRdw4ZGzcsmOZM7zL6vtSiwScPucOs9EXrp48fTHhZrWvJgtX/S6y9w33Ay0TGFPs/BYJZ188nHi/PVjRJ25xPpBV/Zan3Gn/kbYCvuCVx0riKlne5HH3g2BkHe7BsSIfLI9Xsqld1S+xfVCjRyNPDO6csCwu+POmwMePB6jbvDryId8/xTn1AVb82yDafzM6pvhAMoP8vW1Zxo5klbZTltLYsJ6Fo1OvZuSX16eeBpowDdkNXEuGM9KteK6sWOJOse5AX1pv2mra1cKtVa32dJN5yNuvHyuhbPM7KZZ7J/rlQNyBnSJT31ucShztxRvzGj/uHMzIOTL5npYD5ylLfcGmP+j2WonMYcP6ZSR7PWaC1+qidP2e2Ne4O+7lW2t5+lb/LZL0S03xxVJ8JfVDnVZx6WvLMnp4J6yv/byqSnCPUp/u7SJf1LnvC/6g3mtT41VEpxVgtk9MCJmiFUBiMJ/d15//IGteH/H271feweDmsGGrrxXA1mXOdu+CUFtERES6RsPZcxk5dQcKVqVnO/gTRnoHscr/Bm/42gPU736QG47VQMGjvj6scQe4ypTCaZT7e6u6vU/9U/THzfVdv2g2E/s5l9ce2udb0QTmxfdYrd0TCV/Hzb2TTxdHl+4/fpK7nl4UXNWljzAzIgctqXbaAPj6skJsf1N/v9KYaq3IOkjoxdryQWpa4KsOSzyglDctM34sXvAaDd3iK5NGVESfe2/6euJji50SGd0GTj/FmAPyJD34VCopDj4SqRhzK8tiPpzHTTmN8B9QaA4b9ndyf7xkVcL+y6+7hiJ/6MwydmT4wD1F8xe7R23PVm9Ar39jV92/2/Li4So2zb8mxTLXUPbDtZTGB+u+0N3rC5rSlKW+A4mtZpdv31q+Nb1Ap2j++khIGVneq058eDFl8922I1VLuGdztPI78rpL9wA67WgF4HxxkPxxFM1fn9kKPa93b2thVqQtS1sq4jtf3eaK6LYtWcvTLewLu1b5H1c0GHa+qPOqOh2RtiO+avUW2zJkRbZef7EVpx0K6o9XUlbghqr74w5s5VWbt7uNjoiIiGRaQf9+GTl1BwpWpec6+BNGHtgCwGeHP8uRmJ6rdbx2sgYYy9PXTXQvm8gXh4/Ff4CrrPF6n6Y0lHEjerW8jsJp3OBVqDaciFzsD2jLrz3NkXMQ7cPa8/kPbJXYI3Ny5OjOsWKrcKY+kGxKaWu9UlNbvjW2CrXVqjmWscN3RGR/784YkXC2nsNvpTsaX/VSzBgzMG3yEz+isaGWHfimIS+sZNOqSb5q2yRHgu6o48ecECRmGnL0cqeKLtp3MelU8i43mYe8MMMbb4YO9JMxU5a23p5gWCmbYsJdX+jeShjmmfplr5JtJU9tJvIFQFv279iQ0mt74b1PRCvzKitKYirFk01l9u9blRWTKNs8PK2j3HeX/pypeJWIrfUijrZQyFZFvNMOYURrFfG+5Q+/hRuc1/um/Dvjj7YSIDItPjJV3xe4VlZMykqPT/+XbDGy8vqLhssxfaEXVnK41TX5xrDQ3bYlaznakOJvxJSlbtV19EtD9VgVERGR7iCY7QGItM9e1rqh6j+Nq2LJmFTLOSFqyZAiomFrFtTs48DYCdFeqDW11ALRwPMEB2pg3Fj3oFOc4MBRpzVA/4HuB536nbzw9rXMu9FbZh8HnZXQv8C5rP61ag5cO4cZ7jq3b3NbARQXJznoVYZNWeoccTmGUxVZltayjkgvv5QHrUqxzrTvI9ntnWq/h1KurKXrW7tta+NJNaaWpHmf7Vl3C+MsGuY8H1MfqKXxAYhM64xMzd2TJPzypn4mWWHVEkYULPFd4HygLvcv8/AGNrzlBEBetZnnlVeco8HfO5/IFNjS9VWUvlRC+WMl5JOiF2d7JYw3uWT9KKP7NU6l4OyVCbdL9viXb039PL+yqpjlj5G0n238/UetZHpBsvtObdcqX6V2kvFGPFZCftxyy7fW8tBztYxaVcHhL8eFYZFK5LgvPYaVcu/DS7h+Zud8WeC12Yip1nNb"
[DEBUG] 2019-07-12 19:38:50,388 method:org.apache.http.impl.conn.Wire.wire(Wire.java:86)
http-outgoing-2 << "R4x6rvUKXyeIc6vsqKRs/CTyK9K779L1e9g0v23jjRx8LdW0+yTbue28L3Na60UcrfZM7Hfd9n2pffuf7/0jboo7w26itAQqq9wDIQ6DaE9m57HVcRMbSqD8Onf8X15L6WNu2OhuS6entf8+i3lq9B4WDqth08JZse9fyd4HUrw3OM9/egF77Oss+vcvu68/JxR1Xj97aGxY7xuv83iXzy5O2vc6ulyKKtWk3L9tu1eTPxtGDqsHuvcXFCIiInL5U7AqPdPB153p/8CPD5Tw4wO+6woe5ciMiU5/1WM1/O7YIkYe8994LoumZLrPai0vP7uHl+Mu7T9+UiTwrN+zldWvxt+ukBsiQarbO3V/4jJjIq1kP2Dvi8+zN+76T8+dEH+jHspXdZjsoFXSzfhD2zd5vMAJnGLDhLaGxsnsgYUbGeUP2aqWuB/2F0D8B/f5tczcXMGIihLKRqcfbLQqEupED0DkiD/vLuuGutFgxAtLWgrZk/EvHw2WZz5Qy0NxYVA0gEnVS3EZO1pqF5Ak9I0G6e039YH17n0mBu3JqpynPlDbSa9/Nxh8uCpuPyik7LkUz8GwUjY1eDWr9exijm+M/uvSdazVJRLCs5aqC1MdvCvZfpiKN72/1V7Ezut35uYKnhsRf5/J9qUWvkhJeRufFPvf0dEVjDi0OMnjLqTsh2uprFqSEPBFg/TJse9Bw1p/Dqc+UMsmb/0dfv9K7zWUapnsvv5af/wJsyV8PZHbPf4pS2lsaONtRERERLqI0dgUsrM9CMks27YjPy3LIhwOEw6HGTSge/SnSEekf2oybrAKxLQLcMzlhXnf4GNdPsJEB7Y8z8u10fP9x8+m3BeaUr+TDTEHmyrk04vm+CpNT7B941b2+vsz9xvFggXTovUaNdWsfrU+9fU9VdwHsVY/fGeC7wN+RqbZi4iIiGTYqTPnCAQCBAIBTNPEMAyAyM+u9sH58xm5HxG58vTt0yfbQ8gaJxKysW0b2wbbtrBsG9uyCFsWVtjiqkH9sz3MjDh7tuOH+1awegW6HIJVucLEBKvdIFQFBasiIiJy2VOwKiKXKwWrClZBwaq0k4JVERERERFpjYJVEblcKVhVsAqdE6yanTAOERERERERERERkSuKglURERERERERERGRNlKwKiIiIiIiIiIiItJGClZFRERERERERERE2kjBqoiIiIiIiIiIiEgbBbM9AJHW1O9+kBuO1aS9/GeHP8u6KUXuub2sfeEXXPPJFZQM8S10cguL/7iDOfGXZ0JNNatfhU8vmsM4AE6wfeNWGibdybyx8Qvv44Vnayj4/BeYwU42vPgBNyyawzj/5YVwYMvzvDFwNuU3Ds3wgxERERER6Xnq609mewgi0orCwkx/WBdpOwWr0jMUPMqRGRNbXewv20t4Nub8d/gxwB9LuCdy6Vz+qWALvwN+F3M5/NO4KpaM6aQxpzJ2DkupZvW8WVa5AAAgAElEQVSz1bBoDuMYyoxZo9jwYjUHxjpha/1rv+a3TKP8xjTWV7+TN2rhbO1WVu+Pvar4U8nC2m7irQOw9Xfw1z3w7nHnsquHwfWTYPZn4bpx2R2fiIiIiFy2FNiIiEhnULAql6363Q8y78I3eOOT8J3d8OjcuRQCThUrvDCvlHe2LOKdv8tAmBpv7ByWjj3B9o3Ps/pc9OKXn32elylk4vh0V3SC7dsOw/hRFO8/DN05SPX7lyfgpd8kXn78f6D2Hee6W2+Df7w/82MTEREREREREUmDglXpWQ7+hJEHtiRcHDv9Hzi5he+cnM4bbpi67u9+wuLddTzKk05bgYJHOUIRH5v7KGtfeJCqQVloCcBQZiy4kxm+S5xK1UmMYydH0lnF23vYO2ASS68tpP5a+O2Lz7P61V5MdFsEdEsPPQC7/5x4eX4+XDMc3v5v5/xLv4ETJ+DxVZkdn4iIiIiIiIhIGnTwKul5Ch7lyLyqyOmFgiTLDJnLukiFKjDmE4w/togbTk7njXnP8vSF7zDyhZ/wFyayZF4mQ1WnSnXDayecszXV0d85wYGjF+lfkKJPauE0yiN9WScwb9EXmHHjHJbOnQCFQyksnEb5ojtZumgsDS8+zwvpt6XNnH95InmompMDHxkH58+DYUQv3/1n5zZtcGCLb/t66ney4dn4bRL3XPgXf+3XrN6yL2G9qzfupL5NoxERERERERGRy5UqVuXydnILi//4E36H0z/1iDvlv2RuFSUHf8LIF0qAubww7xt8LCMDcqpUD2x5ntVbJrF07iRGbtzJ9mu/wAze5si5Qm4YC7yW6vb7eOHZPdS2ci/9x8+mvLu1BHjrQPLp/716wc2zoLERBgyEujoIh6LXv/SbDvdcrX/7BPTrRe2endSPneYG7kMZN6IXe4++Tf2NQ6MhvBtwF0+a4FvDPg7W9qJ/v8PsrJnWM9otiIiIiIiIiEiXUrAql6dIoDqWpz/5LHN2L+KeAyX8+EDccvnf4I25xfzyhRLmkaGDVwHj5t6JFxPOmDWUDdt2cmDECc4Wj3UOXtXirQv5dKRyNdGBLc/zRmcOtrNs/V3yy6//GFgWFBbClpfACie/bbuD1RMcOAojZ42l4cUaDtQTaZNQeO1Q+u8/EXMZ9b6A21NTS23xWBYMrGHjoX0wdkL8nYiIiIiIiIhIEuF9+2h85BGsnTshnOQzf0sCAcxp08j/4Q8JTOh+n8UVrMrlachc1s2bGz0/t4qSFhZfMq+KJV0+KJ+aalbv6cuCBdMoLJzGDQOe5+X9vZj4+ba+STgVrD3ioFV/3ZP88hPvOm+sf/f30Ks3nD2b/m3TUbOHvQxlQeEEThbv4eU39jFjrrudC69lZL/DHHn7BBQ6LRjq344G3O4A2b6nnuJJcyi86jT9X6xhe/2E7tvDVkRERERERKQbaVy2DGvXLqeoqq0sC+uPf6Rx2TL6VFd3/uA6SMGq9DwN32HkC7EXfbZvqoXrqNqyiHsaW1phJlsBOOobPqD/iEmR6edDBvai1fn9SVd0mrPA2VerOTA2dRVrt/Du8djzgYDTBuDMaWfq/xt/htxc6N0bCofAO+9Eq1fjb9sGBw7VR7Z14ehCXn61lgNMcLfVUGZMKmT1Hq8dgFPdOnGWL+COqWBNDGJFREREREREJDXrP//TCVVtu+03tm0Ih511dEMKVqXnKXiUIzMmRs7+ZXsJz7Zyk5RT/E9uYfEf3+nU4bXOPUjVJC+Y28fO/VBcDHu37WTcgmkt3HYC8xZ5od8Jtm87TP/xo2D/B5ElvDYD9a/9mo2nxzoHt+qODAOmz4R3jkFTE1y4AHl5YJgwabITpja1cYpAgn0crIX+o91tPbaY4lf3cLAGxnkVvmOLKX7VbRHwvlfdGl1D/dsnONtvKM7xzVL1ZRURERERERGRpNo6/T+eG652RwpWpWcZ843IAag8H5tRxbpWbvbjZP1VI+ayqBOGlr56Gs4VMsYN9g5s2UNt8SSWzi1k+8atzsGRbvwC5e6yiU6wfeNW9p7rxcTP38k8drJhf+JSJ09fpP/AbhT9XT0Man0hdigEr78Gk6fAxYtO0GoAOTlwYJ9zvf+2bdC/wJ3W/1qNUwj86vOsftW3QMxBrCYwpngPb7x9ggOn62MqiZ3Q+yJwmI3PHvatQAexEhEREREREUmHjfNxP4HhO3kLeqck6+iOFKxKz5Bk+n8qydoCdKuK1frTnO3XlyE4B5p6+cwoFixwqkpnzBrFhheTT+s/sOV5Xq4FcALVpZH071pG9tvKy88+z8sxtyjk03O70XT16ydFg1XDcKpTL12C5pBz3jSd/qrnzsG5s7G9V66flOad7ONgbS8KbgCvMpjiSbFVu/U72fBi7AGrxo0u5OU9O3njXC9G3uDbZjW11NKLiZ//QkxP1QNbnudlHcRKREREREREpFV/C4e5yjDoaxjkGm6KaoB5TZjczzQRnOhUo4b2Bmj6fS7WO4FIktpk25y3bd63bdJNBjJJwar0DHHT/1NJbAtQRMncqtQ3GDKXdfM6Ori2qX/7BGcHjKWwppqNZ0Y5B7DyriycRvkinINbvepWq/YbxbRCKHSn+CcayowFdzIjE4PviNmfhZd+"
[DEBUG] 2019-07-12 19:38:50,389 method:org.apache.http.impl.conn.Wire.wire(Wire.java:86)
http-outgoing-2 << "4/weCMCib8IL/w7/dQDy850g9dIlGDXK+Vn7TrT/yuzPtrJy5yBetUD/8bOZV4jbG7VXbL9UgMJp3FD8fOxBrMZOYuKereztN4px/gD1UD0UT0o4UNW4G0bxhg5iJSIiIiIiItKqC8AF2yZo2/QDhpgm+QNt8hc1YgyxsE1nucDUEPmjLC78uBdNpwxO2jZnbJsw3bdi1WhsCnXXsUkXsd2wyrZtLMsiHA4TDocZNKBflkcml71/eSIarvbqBQMHwbAPQa98COaAGYAzp+BgDZw/7wSrt94G/3h/dsctIiIicgU6deYcgUCAQCCAaZoYbpWR97OrfXD+fEbuR0SuPH379Mn2ELLGiYRsbNvGtsG2LSzbxrYswpaFFba4alD/Tr3Pnb7tbQAB4CNfu0T/T4T5v+/n0CvHyakamw1GX9XMudcD/Ne/5hEiNlCd1sl/F86ePdvhdahiVUQy5x/vhxMnYPefnb6qFy86B6lKZcrHFaqKiIiIiIiIXCZsIAT0mRQGE0Jhg8NnAgAM7muBCb0nhWnO6ijTZ2Z7ACJyhXl8lVOF2ppbb3OWFREREREREZHLyqVTzuyHIf3DFPa1uKqvxZD+4ZjregJVrIpI5v3j/U7f1K2/g7/uiVatXj3MOVDV7M/Cdck7yoqIiIiIiIhIz1ZbncO1dzZR0McJUy0bCvqEsS451/UUClZFJDuuG6fwVEREREREROQK9P7uAP1GBBk6M0RBbzdcbYYTO4K8vzuQ5dGlT8GqiIiIiIiIiIiIZIzVZHBkcw7v/58A/UZYAJw7anLubyZWk1oBiIiIiIiIiIiIiCRlNRmceSvAmbd6ToVqPB28SkRERERERERERKSNFKyKiIiIiIiIiIiItJGCVREREREREREREZE2Uo9VERERERERka5Ws4HFz+yNnp9Wzro7JmZvPD1dwzZWfncLh7zzI+fyg/tnMTibY+rJtD2lCxm5udjNzWDb7VyBgZGT07mD6iSqWBURERERERHpSm6oOuOuJ1m35knWfW8uo3duYOWOumyPrGdyQ0Buf9DZnmvKmXFkC9/+1d7WbyuJtD2liw2cNg0jGATDaPuNDQMjGGTgtGmdP7BOoGBVREREREREpMvUsf23e2FaOWVj3YsKZvHV24s49O/VHMzq2Hqmg9u2cGjkXL46vci9ZCJld02EndVsb8jq0HokbU/paqNXrGDQzTdj5ua2+bZmbi6Dbr6Z0StWdMHIOk6tAERERERERES6SsM+/nwEZtwSO+1/cFERsJc9NTBmbPKbSjJ72bMTRt8+IXaa+pBiRrOXP++rY0YkIJTWaXtK1+v9kY8w7oUXsj2MLqGKVREREREREZGucrKWQxQxdEjc5UOKGQ0cq1M7gDZpOMkxYHhRXNhXMIThwCFtz7bR9hTpEAWrIiIiIiIiIpnmBlfSWYoYOjLbY7icaHuKpEPBqoiIiIiIiIiIiEgbKVgVERERERERyTR3CrZ0ljpOHMn2GC4n2p4i6VCwKiIiIiIiItJVhhQzmjpOnEx+dUJvS2mZ20IhVW/a0dqebaPtKdIhClZFREREREREuoobXG3fuzfm4vf2vckhJjJpbHaG1XM5vT8P7d7He/6La/7Cdor4+AQFgW2j7SnSEQpWRURERERERLrMRGbdXgQ7N7Cpxr2oYRs/+/c6ZtxVzpisjq0nKmLGLRPhyBZ+tsOrstzLpmf2Mvr2cmYUZHVwPZC2p0hHGI1NITvbg5DMsm078tOyLMLhMOFwmEED+mV5ZCIiIiIi0l2cOnOOQCBAIBDANE0MwwCI/OxqH5w/n5H7yZT3dqzg2/8enW49464nKVO1avvVbGDxM9Eq4NG3P8iy6aqubLcrbHv27dMn20PIGicSsrFtG9sG27awbBvbsghbFlbY4qpB/bM9zIw4e/Zsh9ehYPUKpGBVRERERERao2BVRC5XClYVrELnBKvBThiHSKeoS9EsW0RERETkSlSkg8aIiIh0awpWpdvQfxxFRERERERERKSn0MGrRERERERERERERNpIwaqIiIiIiIiIiIhIGylYFREREREREREREWkjBasiIiIiIiIiIiIibaRgVURERERERERERKSNFKyKiIiIiIiIiIiItJGCVREREREREREREZE2CmZ7ACIiIiIiIiLd01423b2B7RRR9r1yeK6aqxcWU/XdLQy/60nKxnrL1bH9iWquvr+cMcDBX93HUzvj11VE2fceZEaBt96/MGlNOWMi95HEtHLW3THR+b1mA4v3fix6PtVl3Zy3bUbf/iBfZQPbisoZ+tsVbLqmPO5x1LH9iRWcuMW/nb3LN8BCb1vCeztW8O3dk/nB/bMYHFluL5vurmbo96LLxfI/By1d1r2ltT1rNrD4mb2tr2zkXN82TLYtUj0nqZbvedtTpK0UrIqIiIiIiIhEOOHRpiMAE7l3zZOUeZcDFMxi2ZpZHPzVfayse5Bl04uSrMMfojoO/moF70bOTaRsDWy6ewXvfu9ByiL34VOzgcW+LOzg3jrKZsUGqMku647e27GCb/97HQAz7nqSdXd4lwMUMeP+J5lRs4HFT5z0BXtFzLj/QbY/cR+L93ohoS/Y823bwdMfZN2Ebay8ewMlkRBvImXfO8nK727g6mTBXs1fOHb7nNjtnuyybqhd23NafHAdby+bnjjpu49qtlPH9rvvi1w2Y9pEth8Bnrkv+kWAt94evD2l8zWcPZeR+yno3y8j99MSo7EpZGd7EJJZtm1HflqWRTgcJhwOM2hA9ndIERERERHpHk6dOUcgECAQCGCaJoZhAER+drUPzp/PyP2kFluFmnje1bCNld/dwiH37OjbH6SkbkWLFasHf7WCd2elqqR0RapRi3xBr2taOevuILHStdXwLLve27GCbUUPRqod489HtVDF6xdTYRldpxc6JjPjrieZVRe/zETuXVMOCZXGzuXdtdoy7e2ZVmWzE6zOun8Wgxu2sfI5+OpC2LZvAmXTi/BXCl+9LXb/Tdzm3X979u3TJ9tDyBonErKxbRvbBtu2sGwb27IIWxZW2OKqQf2zPcyMOHv2bIfXoYpVEREREREREU/8tGlfxV6y8zPuepJlaybEtQJorWLVkyxATBY++S5zK1nf21ENdz3JOi9Ea9jGym1te6iZEf8Y74t7vPclDYfjq3hTh7Cx09MHT3+QddPdqxq2sXLbEJbFBYrv1TnPm7MuZ7o6Dduoopx1ayb61lvd3gfdhdqxPX0PP1mbihnxbS2eq6Xk/nIGA5PqVrC9ZjJ/fmYLh5jIvQUw5o457Ll7Awd9+2nP3Z4iHaNgVURERERERMQztpx1ayBZhWqrlaY1G1hZN4cS6tj03fvYFHNlEWWzktwmpuoy3fDpL2zbPZlZ96f3kLIrGpImhKPu9kreTiFdztT3llsztG7Ptjf5+KwHOzCOTGnH9qz5i+9MbOh/8Ff3sSdm4SJm3F8O7vqf2lkH78AP1jzJYPay6e77eCqNytOesz1FOkbBqoiIiIiIiEhSe3nKq1CdVs4PimDPSaDAnf5cN8ftL1nNpiN7YW856+4oAqJ9Lzt9HO5YyhaeZOUT2/hq3FT47m57pD/nRO79XjHsrQOK3JYKtZQknULuia/OdFovLJtexJg7nmRZu8bhjuWOct59YgXbF7bSoqGbSWd7tm3qfbTH8OjbyykbuYFNR7bw7bu3RBcZWUfV3fc57S/c18Xlsj1F2krBqoiIiIiIiIgnpmdqXGVezV84VlfHwb0reOqdufzg/onu1PxiykbC1XdMTDrV2m/GXU8yqc2DSmwFQMEsli3c1gPC1bqYHrGx0873Mvydk7xXs4FvP1NH2fcedB7jHfHBtDP9/djtqStS39uxgp9RzrKi6thWDsBi7/lwq4Njx+FOXXcrNbd3+zCwHdsz7vbx1dQzYjoluAe/8s5O9/2ewns7qnvw9hTpGAWrIiIiIiIiIp6CWSxbM4uk0/KHFMMzK3hqWjnr7nfTqLHlrBtbx/YnagEYExMK+g4I5FvNQX/uF18NyETubctYb9nAyh11LJuQ7o0yLRrUvbdjBdvirhvKBr79zETuXZMsBHQc/JUTqn6VarY3"
[DEBUG] 2019-07-12 19:38:50,390 method:org.apache.http.impl.conn.Wire.wire(Wire.java:86)
http-outgoing-2 << "lCcJ6erYvxs+vrAICrxWDqTusdriWOew6YltvHd/d92gHd2erbUC8NQlHjTNL60DpfWE7SnSMQpWRURERERERFoRPfJ5EWWzJkYuS3ZApZherP7g1FcxGZHkyPZtMracZWOBmmoOMaS9a8k8X2Xw6NvnOCFgkiD0vR0reIpy1k0vAuZAsgrIhn38mcl8tVOqIidSdj/AXk4cgas7Y5WZ0NL29OWfY+6IDVzH3PFkC60CUvRSbdOB0nro9hRJk4JVERERERERkVTcwIrbH2TdmiJnKv5z2xh//wT274ahC+OWr9ngHPBn5wauXvOxpMHp+5HfvNCpNfE9Vj+WsMR7dXWMLurIQaAyxa2EZK7vgEgb2D7hQcbvexOKnAMnxWz3O7zH5U0vv4/F+LbryVqYMqdN4XR8T9CE9gwNJzk2sphkxxvrXtLcnjs3RFsipDJybtzjjdvv/KaVx5y9fLanSNsoWBURERERERGJ8E2BHjmXH0RaA7jGlvODuhVOFerIufyAbay8ewuHmEjZjhU8tXsyP1hTHg24gO2Rqf7ONOzUVXvx/TPLgTqS9ljFX0Xrrbt7Bqsx1b7fi+vhyUTKvneSld+9j00UUfY92P7Efb6gMJ57+4ZtrLz7Prj9QUrq6vj4rKK4/rhRMYGie7ClxJ6gJNx+9O0PdsvetW3bnkVwkjSm7jttK2KlX7Hak7enSEcYjU0hO9uDkMyybTvy07IswuEw4XCYQQP6ZXlkIiIiIiLSXZw6c45AIEAgEMA0TQzDAIj87GofnD+fkfsRkStP3z59sj2ErHEiIRvbtrFtsG0Ly7axLYuwZWGFLa4a1D/bw8yIs2fPdngdZieMQ0SkDerZtLCY/FVvdsradq0qJr+gmPyFldS1vninq9tc4dx/mo8nsnzCeN3tUlDBpuMtraFzt18mtbStItcVrGZXl4/kTR4vKObx3XEX717d5fff8ee/A3avTv1a8a5r4/3vWtWW114Lj7GlsSXlPIf5yZ5HERERERGRDFGwKiKZtXsj5VXAYyVOIBIJdJKfyjbXt7Cu1Ux/zP29agnPtRawtHJf8aeYwCbFbUdUuEeKfawkyfWJAdKRQ+7y111DzESt43+isgqgmiMtBVvt3H7R4DLutKrSDbtSnTIRdELRJ26hFICVvJLiedy1Ki6U9R57spC5hevqNq9jObB8tu/5OV5J2eyVqe+/jftO0n2Idj7/xyspa8d9tyUorTu6z/ml5BZmDmt9eXD2qemPkd5rD4BjHKkCmMCoNO8jpd1/YjkAcxjZnnUl3aar2ZXwPHdh0C0iIiIiIj2eglURyawpS9nxsPPr8mcqqZuylMaG2oSTt0xqb/L47JUxlyyfnWYI+HBVwv2Urt/jXraHDSXJx50wzv1r3TBwGTuSPIbGhvWUxYQ+9Rx+yx3rzMkxq9/1iyVUApSsZeGUFsbewe23fGv82K+h7Lm4y3zbp7FhKVNbGE5HRKqNC4rJH+8+fmD5bN/lbgVjJMR7rCRF2JV+xe8rLznhZun6H0Wfn2GlPL1+jnP/zySpmkyxnZOfqtzQL/G+2/X8DytlUzvu23mu4/fBlrdJQuDbgqL562P3xdZu4IWhJcMZmeZ9eONLCP8jr/1qyse3/sVAzL5WUMzjx0vZ5O7vpev3xL1e5rBhv/caShUCRytm4/dVERERERG5cihYFZGM8E8Dn/plJ9BYfutN7VxbPZsWlrghzVqORsLQlUxPJ9zwVZd6Fa+VFZPcyyY5FaEJ95cktImEgSuZnirYccfjBDvRdUfCw4X/P3v3Hx1Vfe///pkfhARIgMhAxEgSJEoFrBEsFURAe9BQv02EQxtXl1789gt6CytWe6DgOb3f3NVvhUKrNQt6FW4PXD3niuWKiV8lyrcIiKIWaDhKPCAIBMaYMBDyO5MfM3P/2Htm9kxm8ov8hNdjrSwye/be85m9Zzynr7w/708BFRxln6XyNiXE8T11/XyvawkyfcrOt93Wi2au8gfZ/mDbjnPPanxh9bZsxmGEeN7QMG9PZ8LC0CrefM68B6t5ZrEt4Llxi58yPlOFK3m6vUrpbrja+9+jCleS8kQBn/mqmC2f+aDKa1/FeJiK3bnhxh1i7L6q2KB9261KB8DmD/8D/mgQ7g8a1h/rHwZWc2DP6k5eJDMEDxMCe6ueA5jXVeGqiIiIiMj1Q8GqiPQ9swJvzWJbp6vj/BzseMIMgrI2Ubotm3HYyNlW6AvFOgw3ulyxamtb1Yn5+iEqBQNCQjMYJPg5S8BzzhvSWMZValZPhqwgvIrr17Zi1RLaeqsALeFax6FXJ5jTrgPbJhiVpZ9tNO5lwTsf++7ZZ/uMKflz27QhmM6aSjtr2qvobddRtpljyNsTqhJ3OmvM+1Kw7HXLa4eoTuzm1Puruf9h2zl0GMCafxiwVngXrmSu934EVCiHqXjuZMWu9bjsh2cHfD6NNgj+MDRsVfqR/Hbejz+Ezt76qP8e+oLfnmpdYbYtaKeC1/ddst6vwnfZp9YBIiIiIiLXDQWrItIPwlSAdhgQHWV9YnCo6jWdNd5QtKNwtcsVq6ayAnKslZ4BlXdZvmC1YFlG5wNJS8AVPD08vO5ev/YrVq1BkbPTlX2dYAbBvvBpbaFvivrM+ebr+AKpEMFZQD/M7ve8/Gxjli/ADBvO+lotWKufjUC3c1Pxu1hN2537bw30O3WfjJAwb+1q3/HbO2y10XW+dg0AawvZEVARbN7XjtoAFK4kZcEG4992+uOStYmXgiqOu+Yo683vQMGyDP+4vcoucIzw92Tc4q0Bn6FxKdOuYiwiIiIiIjJYRff3AES6r4LC3ct52ul9vJBdi57kLusuJ18htWS3/3HskxxeuJCr+Z/jXfMFu7YUY/c9juOOR5YwzzIAx6GdvH680b8hOYPchdNCPxfAxgPLM5kC4DjI9rfOUhPiHD4nisj/0BL2hdqnz2Wy/bgZRAWHlsEsz2dvLfaFNp9tNMPRtYU4V00nZ5udtI3JzF23kpTEd/3nB7PqLjfgtN7jrecM6Ug+sQs2kLd2NQXrNvheL5hvPO88R+w7PwwKf0PI2kTpttnse+J10rpcidn56zdu8Vaci0M/V/Gm9zezGphNlK7o6li6acZsY3p/1jTSIGBRoux7zPsxPpsdlbP9lcrd4Av9sjZR6rtvxvsteDjw3s9cVcz2LzNYWriSlI03h7zPPeaq7n8nlV3gGJlkT/Rvmr/KTunEZf4q4qt1JN9yrtUcCL5m3vtaeJ5zwDhLv9k7Uyzfu6xNlP4Wnp66koJ1Wayfb61QtlQcr+jge9Wh6aw5voljU1fC1mKeOZPB3C8nkMp54+nS8xSQSXanQnJLv+cuLP4lIiIiIiKDnypWZZAKDlUBdrNo1yv83fswOFQFcL7C3bt307PdE8MJDlUBGvn8rZ3sNwcQMji1F5O/+4vOv0xwqBrqHMGhandepz/5QkNjGnG7AShm787jm8imiKVTzQrHDnpE+itWgxa5OYJvxfi8PXbWzDdfJKgXZfD57lyxldKH3yWlUxWWNnJWwNxQq9v3hHZXlc9nX++8age80+vNKtLCDcydGmpRop5Yld0M5IKrnI+8brQhWJZBbMC1t7SWWPey7/WDF0Bq89Pt+9fb9/88BUwjLaV3Tu/9fhgy2X68bZsFo70DwBecLQPfVHsySQ0OIq0LiS1YZrn+/r7K7S7w1kUBwa6p4J0NQBHnOvrslRWQ46tWX82Bjv6QIiIiIiIi1xRVrMrgdLLADFW9VareoHU3h04+yV23Gbs9NGELL88w/2euN2h1HuDQxYVkje2Dccan8eijc8wKWW/Q2si5U+VgSwIg+b7HWTTZ2N0XtNrtlDCNKbOWkDsr8JQlu19lrx0SpmYwBSg5bIaq3gpUb9DqPQdQcsYMVb37eINWyz4D2vhsdlRmd7xfe8d4A5KgcC2gYjXldaMqdY+d+fssC/NYz3XE3NZRxSqBVaLevo8FyzKIXRZ0kFkNC5ns+Gn3F2YKK+BaHGV9YhZ5lutQ8WbwgPqC2S+1317LwY7N3rAvRIVlO+MLrm6ueLPzlZ/9cv9n5OKsNF4npHVZxAZPhe+sgErp"
[DEBUG] 2019-07-12 19:38:50,390 method:org.apache.http.impl.conn.Wire.wire(Wire.java:86)
http-outgoing-2 << "zMAKccs+L66D7KxMCgqLKPjEQU6KWcHqrfAMCjDHLX6e7e8Av/VXZL8YNEbrd81vA3MT/b1k8/Z0rydv9sOrKSjcQN6+o6yZEa5i2cGOfzbfe5j/HoiIiBlYDMcAACAASURBVIiISAhuJ9XVtdTWNdHocuNxm9sjI4iOiiFuRBw3jEwgZhCUgw6CIYq05ag9Y/ySeI859X8cs8Ya6eTvv/3ceO62J/2hKsDom3moLwfJNBb5QlUAG4nxgXvYZi3xhaoAtsQR7Z/yRBF77UB8Gj+clQSU46g2nkqeaE7rt6WTGg/g4OQJY9PYUXEAJIwyRzM5mWSA+BH0Rb480OzbGKZidd9sSrdmkregE1WcHVSshhNq8SJmPGoumFXE0n/vnapF78JH64+0s1PpxxR0sGBPj2q3krbjxbN8q8x3Q8Wbz/naCoReyKp39Nf9b1dnFq8KJaj9RN6eMKHw+NlkZ63mmW1PkYexUNkOs4I1eIErPxs527znswSYFjNXheoJ7F8cy9neQmel/rHnLQjxvb1ntlmx/HE7i2F5q25DBfMiIiIiItJWKw2VFZw5f5GKK400tFhCVQC3h9aWJmqvVHHu/DfYK+txhz3XwKBgVQa3yk98U/8v1JkpYoM95FR/x/kDvAfARG7ujzTRcYpztcavCYlJIXfxVZaGDDzL2V9sPJ+cMadNn1j7GW/I5KDSfJ2aynIAbLMmkwzUHN9D/pZXyTdbFIQ6z/VgvjWQOb6JbG8YM/9js/JwA3nrAFYzPziYMXuChgqj/IFUiOPaZSNnhRkMWaae9yrvwltPFMDirTgr7cw/Y4ZX67JYj7EKfEdtF7rnY9YnJrP+E/OhdTGmTgV7R1l/NdPmywp42lth2sPTyrunH+7/1WoTqrZXGWojZ1suM5nO/LVA4UqWroOAPrrtvtbHFBRmsn3PJrpYtx5eSjbPmN/VA95F7wKYY/W1LgjFu6hZ3wXzIiIiIiKDVyOXvinHXtVEqxuIGsLwhATG35TErRMncOvECUy86QbGjYolJgpwu2iousyZb67g7OjU/UjBqgxKtglzzerT3SzalUXqriwWVbZzwMlXuPu8Ebw+NCE7cIGrPvEFu7x9UOPTmDO57R6OQzuNalTCBJ4nivm8Nvj4JKakGNWo2IsDQtNA07gtOXibjdtCjKNveftohl6lvkeNn0A2xqI3mNWbOW8eNSvhNjA3MZ/PZuQGBaX+wMTfX9Psp+irWF3GjiP+ykuj8m0Dc7vad7NbVYtdv355m1/mGPjDTLMdQPC06rwFRuha0cmRdMzBvnfMMHMdzK+0s+ae7pyniKVTszjGBbaZ58ueOKFL4/BXP2ay/beBbSF69j13QVfuvzcUT7T2pO1DR/IDPm9dmW4/86eWcHTtU51rezA+mx2VPd0iwVw8K2sCqWH2SJ2YSft9Vr19gnuiD7CIiIiIyLWsEcc3l6hscgORDE0YzcSUG7lpzChGDI3x7RU9dDgjE8eSmjKe8SOHEAm4m2q58E3lgA1XFazK4DR2IS/f+6Rlav9Cdk1ZaPw6LDkglPz7/izfIlYBPVf7yokif9gZ0HPVq5z9r7/qW8TK2nM1YB+zWjUhJT3geNusJTw6Nc6/ITmDB8wQ1VsZ6+/LuoDc5Y+T+0gaCTjYu6WIkh57o92RyfbjQVWfvbT4y2f/bk773WcNrSaQs82ojjSmgzvY8YQRru3YmBxi6vxqDlQW+itWrdO5MQKmA2uD9us0o2oxe2txF3o1dv76nTtjhpqFRQEBrDcwnrvOej6zgs8M8NprH+A9vr0p+8aU/wzOrWgbWHfL2kJ2/BSOmYsfdarq0WRtAZC99XlfWFfx5jLjGhSu7HDBseCFzjrbX7V9Xbj/ISp8e+t7E8DbuiFgoaqu9TD1fg+BwOpc7x81evV9bGCud+ydbnsRYnEtryNmn1iMvrEiIiIiIhKa83IVVU0eIJLhY8aSMiaeaMBdf5nz5+18deY8X505z+nz5VysbwWiGXHDjUy0xRINeJrqqbjc2P6L9BMtXiWD19iFvLxooe/h3/cbczkfGjEuYJtRyTqZl+79Xd8sWGXlXSQKI9RcOiu4BUA5+1/fY1SiYuOB5ZmhF5LytRGIIzW9bRsBW8AiV1+wa4uxb+INxuOTduP8d3tf3zaHu5PPstdu9GGd0ueVqzZyttnJ6bPXO8o+b3D40+lgTkEvOHMesDFzld0M+rw9E1dy7vbVwAbyFuQzvzLXPM8G5iaav/oW/Mn0vUregmQzaLHs1xUzctlhhlTeIDR0NWZXr59ZncdqDuzBCJcK32VfWTY5q4rZ/mUGSwtXc8AXeBrnT9uYzIsTi9sJzvzXtd1wszuLj7Vh7Wc5gR1PZBkBnXfxo844ku8PQbM28ZKlzYGx0Ji5sJdZCXwuTCVm8OJVPaaD+29dDK1HdWbxqqCp/8YfD7oWkPvCazLJWwt564zrvDTcolc9zj/mijeXkQLkzZ8O3uYxt9/MOM7jrQQHYG1h+HGZbUHyuhjui4hI50UAnv4ehIhccyL6ewDXG3cVF2ta8AAxI2/gpgSzQrXOwTlHI62W/9C7W5upulhBq+0mxo+AyPixjG8u40J1K0011VSOjiNxgJWIKliVQepzNu2HlfPuMB6efMUXoGZOGBe0bSG7Fj3ZP9P/zVA1dBUqOA4d9E3vb1vJatnvVLnZRiCJKcE7nShiF5m+85fs9lbHBu9rDVG9YetA5Q3s4M6UHggsyiYwf2smeWfMqceLnyJvWRF5YQIl79Tm+WzgxYmzSS2DcavsOFcZY1ufmEXe2kIOkMXcL3/I/BnZ5JjBoTGlfjUHjk/gxRDT80OuCt+GNwjt7vsPvn5HjVBy7WxmzpiOszLXCJamJrPUd0zgaup+z7HjnjChV9kFs61AF8LNUApXkpK4sv19yi5wjEy2H8+Fjcn+hadWdLbC0cGOzZb314nXzFuQzDFLiDrT9xnogPe6hOi12+v33/fa7VRaBguxon1ga4ijrDc/y9lbC8l+J4ulheE+L8GM0HT+J8vMUNsfoq5ZBeBgxxMZZsAa/vjgz9+5N5eFqRQOHpd5vPXe+XrsrmY++cQmbjD2++10KPs47Gu2ZfRYXdPRbiIi0m0RkZF43AN92RIRGWwiIgdYMneNa65swOkBouOw3eCdbevk4hUjVI0YMoyxSaOIpwFHeTXVLS7qrlymecQNxACxNyQwvL6SutZmaiqdJI6J7cd305aCVRm8Kn9N6q7ATQ9NeNZXlfr3b3ebW3ezaNfugP3+aUohK2/r5fGdsPt6ndo/fJX8Dy3PJWeQu9BGSalZyl57lte3nLXsEMcdjyxhng2g3LdfcBsArzbnJ447fuANaqdxW3IxdnuI/cL0e+0PwT0+wagM7Mo047DG25i5eKulJ0vnApGZq+zsAHMKdFBIui6LuQCECug2MHeqf7/18+3MNx/6qh2P5Af2xwx+TNfef7vXrwzI6vnqx4pP3jXaK3Q63AwjaxOlQVPA27wfa9XrKjulE5eRcuYpy/UJquJtM5W/a1W+n21MZt/8Lkxzb3P/jBA4uKKzN+5/qHuftydEMDgjF6ev+hpj0bIwn4GAELnsPGRlsv235jkXd7HavKyAnGVFIe9zd6vXU6/m8zs+mx17zpNT+igzZ9gCr4l6pYqIDChRUVG4FayKSA+Liorq7yFcR1qpdrYCEDMsnuG+7Q00tgBEkzBuDCOHACQwblwzDfYGWlqaqQYz0xjBmGE11NW00uxswE3sgOprGuFsbtXsiuuMx+Px/et2u3G5XLhcLkaPjO/nkXVFBYW7l/O0pXtxYFja9nmrvghWHYd2+vqmtpGcQe5C2BVyoSkIDFa/8O0XsvLVcZDt3oWxgHAtBdqMp4MqWRERERG5vl2priUqKoqoqCgiIyOJiDAm0Hr/7W0ut5vGxoHZU09EBq+4uDiiruOqVSMS8uDxePB4wONx4/Z48LjduNxu3C43N4xO6KFXq+Gb0irqXVHE33gTN8Z1sLv7MufO1dPMEEZPvNGfVzQ6OPttIy1RsYxLGcvInhpdTU3HO3VAwep16NoIVkVEREREpDf1d7AK0NTcTEtLS5+9"
[DEBUG] 2019-07-12 19:38:50,391 method:org.apache.http.impl.conn.Wire.wire(Wire.java:86)
http-outgoing-2 << "nohc24YMGcLQmJiOd7yG9W2wWknpmTqagoPSUNz1VFZc4VKjm4ihCdxy0yhLZWoXztMFPRGsqhWAiIiIiIiIDEhDY2LwuN20ulz9PRQRGeSio6Ku+1B1oHLXXuTcJSetHogcOpykG0cNqOn+7Rks4xQREREREZHrUGxsLEOGDOnvYYjIIDZkyBBiYwfWokfXh2iiowDctIbt7FJPxRUjVB0Sb2PSTTcwIjitbHThBoiKYqBF4wpWRUREREREZEAbGhNDXFwcQ4YMMdoS9PeARGRAiwAiIyMZMmQIcXFxqlTtN8OIiQJw0VQfZhEcmmhuBYhm+A2hm7A217fQAhAVzUBrYqlWACIiIiIiIjLgRUVGEqVwRERkEIlmZGw0V5pbaW6opZ5YhrfZJ5GUiYntnKOOSw2tAMTEDhtwFaIDbTwiIiIiIiIiIiJyDYhJHEZsBNDaiONyqH4AlZSeOc9XZ77FEeJZ5+Ua6luBiBgSEgdeOwcFqyIiIiIiIiIiItLzIkcxNiGaCKC5+jLf1LZ2+tDWmouUVbfiAWISRpI4AFNMtQKQAc9x5Ffcff5Ep/d/aMIWXp4xznz0OZt2/Ts33/s7ssZadrq4m6c+OkBm8Pa+cKKI/A/hgeWZTAGgnP2v76Ey43EWTQ7e+Qt2bTlB4iNLmMdBtr9Vx93LM5li3W6Dkt2vcnjUApbOSurjNyMiIiIiIiIiEl7sDaMZ5bzElSY39Y5yzreMJjlxuFntGaoVQCt1lx2UV7fgBiKGjiApTP/V/qZgVQaHxN9wbt4dHe729/1ZbAl4/Gt+D/BRFk/7ti7knxJ38x7wXsB2+Kcphay8rYfGHM7kTHIpIn9LESzPZApJzPtBGtvfKqJkshG2Og7t5F3msHRWJ87nOMhhO9TY95B/PPCp5PtChbUDw8X6TzlV+Rrf1u6ntvksAPExadwYP4/0xMcYO/z7/TxCEREREREREbl6cdhuGkPEN5epbHLjrLrM6doa4hOGM3rEMGKHGPGku6WB2to6rtQ6aXYZR0YOjSf5ptEMvCYABgWrcs1yHPkVixqe5PC98Osj8JuFC7EBRhUr7FqUzYXdy7lwSx+EqcEmZ5I7uZz9r79Kfq1/894tr7IXG3dM7eyJytn/17MwNY3k42dhAAepVh9fWMGJS1vbbK9uOkV10ylOXNrK5DHLmH3z5n4YnYiIiIiIiIj0rDjG3JTEsKpKKqqctLhaqL1SRe2VqtC7R0YzfNRIbhw1fED3MVWwKoPLyVdILdndZnPg9H/g4m5+fXEuh80w9eVbXuGpIxX8hheMtgKJv+Ec47hr4W/YtOtXFI7uh5YAJDHv0ceZZ9liVKpmMIWDnOvMKU4V8/nIDHLTbTjS4d23XiX/wzjuMFsEDETvf/0w9po9He534tJW6ppLefCWd/pgVKEEtlvoqvbbM1zduSWIw9omQ0RERERERAamaIaNGktagpPqqhqq6pppdrnxeMynIyKIjIombsRwbKMSiBnIiapJwaoMPkFtAYKn/wMwdiEvL7Q8vu0epu5azt2xT3J40bMc2r2c1F0L2bXoSVYu6rjFQM8x+qmeSzEDtxNFbK/MMMO3ckpKG0nISILKEIfa5rB0uffBNBYtnwbgC2ZtJLF0+RyM0O5Vdg3A6tWPL6xoE6oOjboBD0aNfwRRNLku+56z1+zh4wsruli5alzjz0dmkLtwWk8Me5ALE+KeKCL/w7qgED7o82nhOLST16smW65pP1znE0XkF4/g0UfnoDxaRERERERkkIqMZWRiLCODW6sOQgpW5dp2cTdPffQK72H0Tz1nTvnPWlhI1slXSN2VBRgB6119MiCjSrVk96vk784gd2EGqa8fZH/6EuZxinO1Nu6eDBwKd/wX7NpSjL2DV0mYuoClAyxUvVj/aZvp/9GRw0hP/N+4bcxSAE5e2saJy6/Q6m7w7XPi0tau9Vx1nOIccSTYT7DfMa3fKkKnLHx8QFdPlpxxkBAfx+eHv2CeLxhNYkpKHJ+XnsIxK8kSXhqhf3KGJUAdINcZCPqjg4iIiIiIiEjfULAq1yZfoDqZl+7dQuaR5TxdksXvS4L2i32SwwuTeWNXFovoo8WrCAzd5v0gie1/PUhJSjk1yZONxavaPdrGA+1MeS7Z/SqHe3KwPeRU5WsBjyMiokkYms4tiT8hOnIYABMTf0JZ3QdccZbg8bQGHNvZYNVxqhxS5nB31R4OnyoHW6ip+INP5bFC/u1v1di+9zCP3nm1f9b7gpN2G3c/MoLDb9kpYZrv82RLTyLheDklDvxhqcMS+vs2Xd117tn3IyIiIiIiItL3FKzKtWnsQl5eZOkFsLCQrHZ2X7mokJW9PigL65Rm2xzuHvkqe4/HcccjXZ1SbVSwDoZFq76t3R/w+Ltjf4XL04zH46LFXW9s9Li5OWEhExIe5ljFb8MeG94XHDwOqY8kMeWyjb0fFlMyyxtCm1Pi70vi3IdnqQGITwuYVl6y+1X2BpQDx5Foee7wqDQSjp/F7j3OcZDtb5nnAkj2T4sP7rHa3rk7o6ayzvy3Erp0ZFuOQyewJ09mkc2GI34Phw+VM8U79d+WTmr8Wc5ZwlLHKX/ob2jvOvf9+wnssdrefTbaF1Rm+L8v1hYHJbtfZW914L5qKSEiIiIiIiLhKFiVwafy16TuCtz00IhwO1dQuHs5TzvbO2FftgIwOCrrSEjJ8AV6Y0fF0eH8/pAnqqIGqPmwiJLJA3vhntrmswGPb4y/j/rmMkbFTWZIpHEDW9z11DSfIS7aFhCsBh8b1gk79vgk5tgAWzLJHxZz8gRM8YXOjXxeDI8ufxybGUofPDGHRZONgG1vdRqPLjeDVrMHqVXN8TruXv44i8AM88pJfeRxs7LTCOK2H7KF7E/a0bk7kjrvYRalVpOQOqFLx7UVOK2/7dT/JOZl2Mgv9m4rp6QU7viBJVzs8Dr35fsJJfx9bs+UhQtwvL7H2JdihaoiIiIiIiLSrkGwvpZIkMTfcG5Roe9nVyeK3f5pSmHAMb6fe5/kod4fcRBzkapEb/hmVP8lJ8Pnfz3YQRuAaSzytQEoZ/9fz5IwNY0Eyx5TFj7O0llJOA7tJH/3F73zFnpAq7sel6cJ//J/AB7c7mZavRWsXVRyxgEjR5kB4TRuSwb7Ges1iOOOH8wJeL6mshx/2GhZFGlyMslB50+YmuELr71VnP7eokYgWVN6Kugedu7cHYocSfLECSRc7X+1Hac4VxtH4g3GQ1t6Egm1xtR/n8nJJHu3nSjmc5KYYumh2vF17oSeej8hhbvPHUli3g/SqPnwVfI/hAcUqoqIiIiIiEg7VLEqg8ttT/oWoPK6a14hL3dw2O9D9Vf1WUjfrnvjoLLWxm1m9VzJ7mLsyRnkLrSx31stN2sJS8192zKnKNfGcccjj7OIg2w/3navi1WNJIwaOGunx8ekUd10yve4uPy3JMZ9l7RR2bjNfqpuTwsXG/7GpYbDbY7tkOMgh+0AxeRvKbY8MQAWV+p3I7CZ77/ksDE9/vO3XuVzyx6Bi1hN47bkYg6fKqekyhFQXa3rLCIiIiIiImJQsCqDQ4jp/+GEagsQdlGqi7t56qMLVzW0LnNUURM/grFg6eloBFrzfpDG9rdCT+v39+g0AtVcX4CVTmr8HvZueZW9AUfYeGDhwFm46cb4eQHB6qWGozS0lHNzwkJio8cAbppd1dird1PXcr7NsR1xnCqnps3CXkYIbfQLbe/oJGwj4fPigzgmG5WOjkMnsBO++6ctPYmEt6xhYjn7i/0h5MWrOHePOmHHHj+COYCxaBUkTF0Q2K7gRBH5HwYuYjVloo29xQc5XBtH6t3+fTu+zgPnM9eWeS/OfAGTp2FUizfiLx82q8Dve5wfVu7k9d1fMEVVqyIiIiIiIhKGglUZHBJ/w7l5d3S429/3Z7ElYMs4shYWhj9g7EJeXnS1g+sax6lyakZOxnaiiNerAxdPwjaHpcsxgy6zWjU+jTk2sC18PEwP1STmPfo4HUeP/Ss98TFOXNoasK2h5Ru+rdvP0KhEPLhodde3CVW9x7bPbK8wdU7QNTL7hX5YTMms9iffe/trvr7F6OeaMDWN"
[DEBUG] 2019-07-12 19:38:50,392 method:org.apache.http.impl.conn.Wire.wire(Wire.java:86)
http-outgoing-2 << "ZNqZPm6bw9L7isi3VH62CSy7e+6e4PsMxXHHI5lmb1c7dmw8EDzGyRncURy0iJW57fP4NEsbgM5c517u9Vt71ncdwbzm6Z0/fMrdaRx+y1tta+OOqXHYqwDrYlWTASaTvKU4ZM9cEREREREREYAIZ3Orp+Pd5FriMXtaejwe3G43LpcLl8vF6JHx/TwyudZ9fGFFm3B1SOQIvP8RigBa3IGLOk0es4zZN2/umwGKiIiIiM+V6lqioqKIiooiMjKSiIgIAN+/IiIy+BiRkAePx4PHAx6PG7fHg8ftxuV243a5uWF0QkenuSbU1NRc9TlUsSoifWb2zZupay7FXrPHty04SLVKTligUFVEREREREREBqReWY9ZRCScB295h8ljlnW43+Qxy3jwlnf6YEQiIiIiIiIiIl2nilUR6XOzb95MeuJjnKp8jW9r91PbbPTMjI9J48b4eaQnPsbY4d/v51GKiIiIiIiIiISnYFVE+sXY4d9XeCoiIiIiIiIig5ZaAYiIiIiIiIiIiIh0kYJVERERERERERERkS5SsCoiIiIiIiIiIiLSRQpWRURERERERERERLpIi1eJiIiIiIiIiIhIj6isqe2T10lMiO+T12mPglURERERERERERHpEQMh8OwragUgIiIiIiIiIiIi0kUKVkVEREREROSaVbw5nUnp6UzaXBz8DH9KN57707H2jw14vnwnK9LTmZS7EwcO3s5t/xyY+4R/vh3H1jMpPZ0V7zjanvWdZcb7yt1J22dFRKQvqBWAiIiIiIiIDDiOd5ZxzzP7u3zcgy8eYvPDNvNRMZ/80fjt2dkZQef/Ey8AMI/kpKsZaXscvJ07i2eLgKJ02HmKJfYO3tcv/sLpFRnhnzfZZizgQfbzftHX2AFbh0eIiEhPU7AqIiIiIiIiA1cng8bizeks+WPgNn94Ci8sSff9/uCLzzPFF27u59k56TzrO+pn7Dy1ho5fsQPlO1kx5zneNx8+u/MUP78TuHMrpx/u3ilDvUf4M0vS/+x/mPk8n+QvUdAq15hyPnr/ayY/OJsxIZ+/wN//+hUVHZxlWMpdzE0f3fPDk+uWglURERERERG5BhWz85n9wDxeePEWnn0GX2BavDmdJWCGkPP4JHcW7y+wVLoGhaIvLEmn5Bc/gz/+2bctmD+4/Rk7Tz3IJ77j5/HCwa38qEtVscX8Kf3HviD4/WdmMemZn7Hz1ClOLzbGhq8y118VG1itK9c343Nh/69moH9sPZOW/Nkf8B9bz6R/vcUfwgd95kPrzme5r1TTMGIKmd/3D6721H9Sk/4dbvJtOc5HnzZBen+MT65VClZFRERERETkmlO82Qgmn935PPzrLACWbH6QT1L+ZFZ9/oyd+UvgnWXmVP1ZrMAMJpOWsPnUEl+FqC+MWrEmbADl28eUcfB5Sp6HvPwl2I6tZ9KbD3aq8tY8mp+fOsU95usHBKblXxuv/cyfKX54DRnl+3m/yHg//02hqniZn4v3i9IpefEQm5P9T1nbbOw8tiTgcxuuQjx0tXTv+ebYXj6/ZN3SxJUrTqr+upco6+Yxt5J5583+x3X/yYFPy2gAXNXVNJWWMQxvpWpfjFyuNwpWRUREREREZIALrOAMZEzdD1C+k//bDCR/fqcN8v+CPf197pn9Pvcs8bYA+DNLNj/I6RVbOZ1sVO/l9WQwmbSEzfnm2Jf8GfgzK1K6UlHq4MJJ6+PgaxDUAsD7WK0ABMw/Dszj7dxZvF9qx+ELVh3YSxnwn5Ob7nzAUmnq4vSHRfx9VCxRI24m8/u3hj9wxHeY+4PvAHDp04+59P3ZTPY9+U2vjVeuXwpWRUREREREZJCwTEVub+qyWXHql8HPd77PpCV/xghif8aF3Fk8+8cfm2HnGk7n986IvZWzZD5P3sN2/pQ+K0xA7PfszlP8PMlbiQrvP/Mcb8/4ufEgbCDWXvgs15uACtOiH/O++fsLS2aZG/dzT/pzg6N9xKVPORGTyvjGapKGXuAjxy3ca4sKuau10tVVXU3TX/dyFoAhpH0/sa9GLNcRBasiIiIiIiJyTfOHTP6FqTLyD0HuLJ59ZhaTSttfIKvkX5ex4rZbOtdj1TqV+th683Xn8cJzRhj681On+LnlON+07KDA1PHOHstr7efZOfux8r2nTi7uJdeXjBWnOL2inR3MP0y08ccfM6kPp/x3yF3GR580M+WHY/jmf1Uz6rvfofyDT6m4fzbjIi371TXSQHCla7DjfNTrA5brjYJVERERERERuSZZe0kagqfPGx48+Scmpe8P7JNqthMAYMHzRlVfF3qs+lsAdId34S1zfC8+z5RnvuYeMxQGIGUesB9OnsZBBjazL+vPQ51OpLMGSI9VQx2n9x+mYdrDpEU6jIn8keO597tnefOD4yy4fyrx3nDV2UwzAFc48fHfOdtoPc8Q0r5/H5NH9O3o5fqgYFVERERERESuLb7w82fsPLWVztVzFvOn9HQmMY8Xdi3g/UV7IBMoginJXZ0q7eDt3KuYln/s/aBj5/Hzg7AiPb1txWzRc9yTHlh52DbklevOsfVm64v2PdgHQ+meOs5/tJ8Tttk8nBo07d82m8yJe3nn3TpmP/R9bhpibI6KBmjiUl0sdz84mzHm7pc+fZ8TTkDBqvQCBasiIiIiIiIySOzn2TnpPNvRbr4eq0ZYuqSj/QGjTcApTpuPfnRqCcWb0319TrukfD/vF83jhYM/xz6nGwFr0i08CEz5xc944Y9mOOZ9T97QeIAvPiT97M41nA5e1M0qXCuAgaDlAoffO0xF6n3c4foPiv4K0MSVK06q/rqXKGBYyl0snnGS//nuPpp/OJ+0S3UwOgkoh8YKPjX3A3BVOxk16Fa5ngAAIABJREFUqd/ejVzjFKzKgFFRUdHfQxARERERGTDGjRvX30MYQDqe5l7c7vGWRa+CtbcIlo+Dt3Nn8Ww7Iauvx6r5Wr5gt93zhpE0iSmZz7Nk9te8EDz9uvxrY6whKlVB1apyDRgynu8++DAxMTHAA0wAoJyP3v+ayT/wV6LC98nOBnBx+lu4aTZAEvdmLwp9Xncvj1uuSwpWZcDQ/+MoIiIiIiIDk40f5Z/iR9CFHqtXI5l7/msyNr5u84zDbmwLXM3dG/zOIzlUeCzXmY7/EODVphXAgFi8KoqYmKiOd/Oq/w9ORaaRGRP66bNH3ud8SxxN9S0kffc7PTNEEZOCVREREREREZEBxUbGncCx4O3eRa1+xn972NoEwI69Oy0L5Bpl+UNAOOFaAQyoxauskrj3wTB/NRh+F5lzwx+ZNuNB0npnUCIKVkVERERERGQA65EKuk72Zu0H9tL9ADy4YF4H/VKL+VP6j3mBebxwcE3gglzlpykB4BZuVsWqdIavD3GYx0EyVpzi9Io+GJfIIKNgVURERERERAauMBV0wdqvqOtij1XrtsznWdKjPUu9AalF5vPkPdxerLqfP6U/xwv8jJ2nzFC1zbhDBK4iItKrIpzNrZ7+HoT0LY/H4/vX7XbjcrlwuVyMHhnfzyMTEREREZGB4kp1LVFRUURFRREZGUlERASA718RERl8jEjIg8fjweMBj8eN2+PB43bjcrtxu9zcMDqhv4fZJ2pqaq76HKpYFRERERERERERkV7nvFJOWVUzHZZ5RkQSO+oGJoyO65NxdVdkfw9ARERERERERERErnVVXOxMqArgceOsqqay18d0dVSxKiIiIiIiIiIiIr3MbbYiGMLoiTe2s2BfJaVn6mjyeHD12di6RxWrIiIiIiIiIiIiIl2kYFVERERERERERESkixSsioiIiIiIiIiIiHSRglURERERERERERGRLlKwKiIiIiIiIiIiItJFClZFREREREREREREukjBqoiIiIiIiIiIiEgXKVgVERERERERERER6SIFqyIiIiIiIiIiIiJdFN3fAxAREREREREREZHrUSWlZ+poYgijJ96Irb+H00WqWBURERERERERERHpIlWsioiIiIiIiIiISD9IJGViYn8PottUsSoiIuJ1JJ/YxGRiE5exo6xzh1S8uYzYxHw+692RhdaN8XZ4vicKqOjk7p9tTCY2MZn1R3rgtU3G"
[DEBUG] 2019-07-12 19:38:50,392 method:org.apache.http.impl.conn.Wire.wire(Wire.java:86)
http-outgoing-2 << "9UwmduPRnjupiIiIiIhIL1CwKiJ9o6yAnE4GQN6wxh/wONjxRLLCFgnQbqDpDRy79Hk5yvoFG8zfi1j675059ijblhUBG5i78ahxjkTzsxrqx/uZ9n0fgn/y2eENFsP8+ENMBzs2e8c7jbTxXXir7b3/wpWkdCqoPcq+dQCZpFpfO+x7s37/j7K+v8JoERERERHpJ5FERAC0cOXMeb4K+1NHE0BEBFH9O+AOKVgVkT5R8cm7FABQRMEnjj54RX/A1elqujaBUA9VAV4XQgSKnap8DB9Etnvfygp42htohrhPn+0zA8d1L3f6Hn62MYs864Z1WZ347ExnzZ7VlteazppKO87gH+8+wdYWmvsUsz3L2JS2eGvQttUcsJxrzQxjv4o3n2NpofdEG5jbXqBrCW7DhZnW95+3Zys5HQS1FW++bO5fxNKplns+PpsdlveTt8eOs7LQcm0d7Hgiizw2MLcL1bEiIiIiIjLYjWLsqBgiIzqxa0QksaNGMtCbBChYFZE+Me6eH5INwGqeWdyb6/x5g7qgkKwjR/KJnbrSDH+9jMCoJ6c5X6v8IZtF4UpSOgrOyi5wrDsvOD6bHWZYl7fneeYHheJz13l3tIR+7QS2FW8uM4/JZPtxO6VbMwHIWxAmXPe9Xj6fzXjUCBHX/pD5XX0f67LMcWVYQlKv85xrs810JJ+UZUUAZG8txnl8k+/7dSBUsOv7yWVmmPP5rtnaQl94y5H8MFW/3kpd8/W8wfHtNzMOoOxjCgqhTTUr00gbbyPnt+Z4C1fy9JsOS0uDZN/78l8b/aFDRERERORaETs6iUlpE7h1Ygc/aclMGB3X38PtkBavEpG+MT6bHZXZvfwiR1nf1UAVCJhSnbWJ0m3ZjLOcK2/fUdbMmN6zQ73mTGP7cX+VY8Wby4yArPBd9pVld1j9aAR0YUK/sIzqUEP4z9dnG82gdW0hzlVt76NvrGT638PirRw4k8zcdUUsnboMjrdXwWkjZ5udnC6N3eQbk4MdT5jhalkBOQEh/wbmJlo/n7PZZ/m8vrTYBlcTOJYVkONtgWC9RpbtseuMylNv4Oqtbs3e+igz8VYIZ7L9p+Z7+Wdj/Hlbn2f+ePwBetYEUgHGZ/PS1ncpWFZEwbIM1u8xQl/w34/srcXsWGwLvDYiIiJd5gGPB+eVk7zzb38hpqYWZ/k3jIx1U1fbzPnGapb/j/+D+JvvBYbgjvSAp7/HLDIwuN1umpubaW114XK58Hjc/T2kdkVERBIVFUV0dBQxMTFERqqWUHqfPmUi0jfCLrITNBW80z0xLX1Xg6sQ1xaGn3rdgeyHZxsVd0xn/tpunaId/veaE1Sl55+iHXg9ct4MbJtQEaL/pv+9W44Nuo6+vrXWqeAdtD7wv1Y+nwVd7+BxjVucGxA8+iuU+5I5xoD37u0DCnnz24aqn21Mbhuqmmau8lauGuFqe9WSoe5Lp6os26tY9bUJCJ5KbyNnWzHbs1ZzYFu2+Xn1aqclQMjq4aOs94a4WZso9QXP/nAUjKpYXxUrDs5+afxWsCzDUiHsrQ423kv21mLWLD7PtsRksxo8k+2/9Y933OLn2Z5lVAj7zw3nzhS1c8FEREQ6y00ELqIiW4mov8CH/+82zn36GWePF9PQ1AAeSE9O4tYbEji5v4iW6q+AViI8rUR63ETiJkIJq1yn3G439fUN1NTU4HQ6aW1tGfChKoDH46a1tQWn00lNTQ319Q243QN/3DK4qWJVBrHP2bTr1/ze93gyL937O7LGBu12cTdPffQK73kfxz7J4YUL6c3J6IG+YNeWYuxhnk2YuoCls5J8j0t2v8pey87J9z3OosneR+Xsf30Pn9d6H9t4YHkmUzp6reQMchdOu6p30SvaVOYB67KY24lDrf0l/ZV0RgXjGoAjH3dhIDbmP5wJhUUULHudzxbnMrODQO6qvfMcsYXWAGkDc5/4guzCooDrUbDsOXbcYwZ+vr6igfIWLCP1+FZyxhthcN46YN3HfLZqulkB6n8v3gpDjuQT61uoyStcdeYXvPjEBnNqt3dcGaxPCQzErD77d29Y90OjYjGcsvPm+7VUZYYIOducf6N1ur+5P+fh9kwjrPzSrDw+8rEZSK5mfsBYLVWQviplLNfFrKBdvBVnirFt6dRkCnxVlKF1usqyvQruMv8nwKjehO3HnwrayUbOttwQB3el8tfb65TAawB8ttEy9rWFQe/ZmMpfULgSthbzzJkM5n65idIV50lZsCGgshVs/u9kGzZytm3t1EhFREQ6KwKPEYhGgAc3ntYIai/b+br0PBG4iY2MpKmmhbONjUR7YHRcFJHVl2n45j8ZlfgdIlzNeIgC8zwReHy/iVwPmpuaaWhs6O9h9IiWlmZaWpoZFjeMmKEx/T0cuUapYlUGqeBQFeAET3/0KwovWjadfIVUa6g6oJWz//XAULXt89ZQFcDB3i1FlPT+4HqFL3wz+1o6K+2WXpHtsASMgZV03Tdu8VazOtFb8ZdFHm2r6XpKQeE0sxemf5EfCoso8FYp+ipugxb7ClnF6N9n5nzvcRvY561k9YWLmWTfY8O3+jvehYWMnwNrjXMt/ffgquEieLi4zf3J2xeuKtYMPYPCus7ruEJ05qrgKk5g/HRyVpn3sXAlKYnJvvDYFygD1tAzb48dZ0djnJHru08FyzLaVOt2XWD1b5sK5E+u8vSdHkOIYBkC+62ymgMh2id0xKjgXcaOMm8VdfhFs0RERHpCBJ6AKtMID0R6PEAkzc0uhrncjBs5kkuN9fzt3Nec/fYiZyrK8cQOxe0G++nTuF1uIjwReHBj7QdgxKouVbDKNc/pdF4zoapVQ2MDTqezv4ch1yhVrMrgFVB56g1aT1B0voKsseOMbSW7AXhowhZentH1eKdnTGPR8qBqUcdBtr91lhps3G1WqzoOHTRD0+AqVNOJ4qDnvUGrg5MnYMpky77xaTz66Jw+rMrtDn8VJWuf8lcnjs/mmbUrKVgX7riPWT91g2/q8ks9tRCWZTEgv8701+ymtbPNoM9fLevvUQnMmG30d7UeMz6bHausG/wVqgVnzgM2mPEo27M2GKGh2RvW6H+Jv3rUF7RC3oLktj1pv7xABdYwzbLg2PjZZGcRUL0aVuFKnn5zdrsVnkZoaam89FWMGgFvTjdCvXGWKtM24we61xM16JirWkQp8FxG9a2lSresoHv9WoHAyt8glgDVV/EdHKpa+612ovq1YFmG+ceRlaT4PhPeha0yOxjrUdYnvmxWW3f4xkREREIyQk83Hjx43BFEmNu8BaattDA0cTy33DqOC/9ZTkV1LVmzv8t3b0+hbuQIhieNZfjQoTRGj4KWSlqjR+Bxu4iMiDZi1AgjZPXgASKI9AyByChFrHLNaW5qvqbDR6fTSWREpCpXpcepYlUGqTtYGTCdfxw3xwbtcvITo6I19kl+02+haijl7P/rWWqA5Pu8AWo5JaWNELAtkKOyzvglOdl8PokpKcYKefYzX5g7VVHTm0PvJdkTJ3R+53UbfEGgvx/q1Qpdwenrr/nPHaxs38uM0BRCVTrObRNAm0EtmAGpvx9mz12v0IwqUntAxW2XKzxn5JqVs5jj74Y2bQ42MLfTvXv7iLe/bbvjusC+d4qAaaR1OnhcbVZCh/jZZu1vurXNtoB+q2Sy/XguM4/kh+nNasjeWmzcr6xNlJr3PG9Blq+SeulU7+/eSnBLJfKRj8kzv187gqud8fdv9fefNXq4Xn3FsIiIXDM8biJaG/G0NuFxteDxNOOJaMUV5TJ+PB7cra3ExUQRGxfFpO+M56ePZ/EP/20xN/2X+0m9M4P4EaPxDIll1LAhVF04THPNKTxNl2i6Uoaz/Cuc5SdpKP+SlivfgCsKT2QEqHpVrjFut/uarFQN1tConqvS8xSsyrXh4lGKzD+uTY03YoK/f2tWq45N5tDuLFJ3GT+bTvbXIE3eytP4NOZ4q0wdpzhnVqPeRhH5W141fl4/SJsIwW73Tf2/WGWEsVRXBe5Xe5bXvefY/UWvvZWe4g8OwbowTkhZm9huBm8Fy55rf2GgzgrTh3NcillpXPgu+3rida6Kf+p29tbioOn7"
[DEBUG] 2019-07-12 19:38:50,393 method:org.apache.http.impl.conn.Wire.wire(Wire.java:86)
http-outgoing-2 << "gXwLRxW+y74jH5vVpd42AFaWFgxhArhum/Gor8VB4P3tTWbw7A1VszZR6m1dsC5rgE9H9y78tIwdZLOj0o5z/nkzUNzA3I2wJujeGK0XzKByvHlMZS6pby4LCkPN6fjtBKTGPln+SuY9W8nBrF4tXElKF4LpvD3G59L4I0Wh77tlBL7+6lRvJXX2w7PJWWUPaoEB4T6f7VZAi4jI9cPtxN1gp7n2LK76UtyNdtzOMtwNl/HU1+Oqq8Zz5STusr00fbWDG2M9pH7vNr77D7O5XO3kwpcVVJx0UHOunqpTV/j26BnKPjnGlZJjXDl7mNIj/8bnb6/n5PsvcuyD/4fTp47h8jjNXqsR/l6uIteAxsZrt1I12PX0XqVvKFiVa8DnbPL2UY19kp/cFvjse+d/zdOW/3b+viSoD2ufKmd/sRGBJmeEmqrvYO+Hloi09iyvm8GoLT2JBO8+Zmjaph/r5bq2Fav24gEark4g1dtbdN3Lliq218Mv+GOav8rfW7Q71aS+Fdy9QdP4CWbf0A28aKmG802h71LFYG85z7ng61JWwIuhWiaY0/WhiILN7xoViNZ2C2abgVDXr+LN/G6E1UdZHxzaWe6jryL5SL5ZgegPOD97M/g4f3/PDitsyy5wzPd7ATmJgQsuObdlM258Njv2+PvOzm03XLx6bassO7DuZV78Evwhohk8BlfdrssKrPa0ttLwVr8+UUCFt/9w4UpSvPuXTSB1Le0EpJZFrLD0LbZeu3VZIStFC5ZlGPercCUplvHOXNVRb2Lv+K2Bv4Mdm83K8a2byB4A1eIiIjJAuZporjmHs+Y8LY1ltDR+S3PdNzTXlNJcVYKz4mNaz/8vmkqLcF86TGRLDSNvn0Tk0OGUn7rM12ca+MoRRe2YSbgmZRA1aTpO2wTqPaO5dPIb6ksvMDRuLM7mOL76z8uUlg1haHw6UTHDiKCVCI/Zx1XhqlwD3G43LS3Nvf9ClR/wh2df46tQ21/6gMu+DRf58KVf8YeDQf+j/avXWBmwX/e0tDSralV6lIJVGdxOvkKqdxGrgJ6rFom/4dyiQs4t2sJLsYDZh7VfWPqk3jY51A5x3PHI4+Quf5zc+8x34q1Qtc1h6SNpZrhqnOMB7z4jRxnve3Kmcaz58+jUuMBzDCg2clb4F2gyqvWSQ6xUH8p01ngDny5W04HDnF6NvxJ1fDbP+KpgM9pMSQ5c+CgEb2DYq6GdP4j2jXHqu5AVal9/O4CCQuO95s239iqdzhNbzXYB3kWezJ+UZd0M4YPOE6q/qT+otiysdSbMcR31zz2ST6xv2jqWENCsjLT2Zp2Ra1RCesPW7r3DTrFWEzuDKjQDlJ03x14U2K/W+1nyLbpVHNiWYqrRPqDizZeNINQamINZuWostJW3Zys5ZfnETs1gqTeEXZfF+iOW/TnKeksInL21OLAidEau+dpBFeLm+L3VqdZWAJSaQa9vETjwtwIwpvL7xu/t+wv+MH5tIWsWZ/OSuQjZ05r6LyIiFu5WJ64GOzRVAS4iIobgcYOrqZ7mWgcNlaU4r5yltakSV/QwouKTiUhMxd0ci+NCC/aaGFK+dz/3P/wI06bPJOW2yaROvYNb5/yAm2bPo3lYIpcvVFJ9qQpPQiLf1kQwKu0OUtMnE+k2lrTyRPjHo3BVBrvm5j4IVQES7+eX/3IT//PZX/EXb7pa+QF/+B/f8F+evp8bfDuO5b6nf8dSXmPl/3fcf/ytj/F/3lXMf7du66Y+e89yXdDiVTJ4nXyF1E4sTvXQCF9XQWaNnQznT/BeXQX0arwSWskZMyDw9UkNNgKbN9OYnEzyhw7s1OFwADaMcHX5HP/5dr8KQMKo0AGULT2JhONnB27f1Rm5OPcQEKbm7bEzf1+o3qFtjz2wdoOx37osciYWd3KKsGWxKEuoM3OVndKJy9osYJW3p6PKu8Apzb33qbKR89tNFBT6w8S8PVuZvy855EJSRjuAInPfwBYHEGqBJ1NwUNcp/kW0As9VGBBwzpy/GtZtCBjPzFXFbP8yqLoz6LhQ/CEtWBcZc1aGOWBGLs4O7uPVGLd4K87Fnd+/otQIsPP2FMKCLPIoouATBzmLcynd+gUpy4oCPnu++7V5AqWrJnBuI/gXO7sQdHZjcSyAzzb6A9qXeI6UZdNIHW/+B6WsgBxLOO0NVSvebPs9MBgVpPO3ZUPpF0AmqaE+KynZ7KjMNh94WwxYF8JysOMJM/BfYQbdvkWzVnPAvPfjFj/P9neKWLosg/UpHX8PRUTk2uesr8JVf4ZI6sHVAO4IXK2t4GqltbkRZ30V9Vcu4XHWEzs0moihUYwcnYjHFYW9rIlv6oZR5azhy12v8p3JU7n3oYUQGUOE242npZmYuBFETryN6sNVxJRfwTkkiqFjxzF56q1ERnqI9LiMgUREBIwrAo/ZIqAHHN/EvKdh896Vxv9ecLzNmpwPmLPjj/ywYhPznn7bv+9PNrB/+Z2W406zascf+aENKt/7BYs2TmLzjgm8lrOJlJf28BP7L1h04H52rfsRiUDJlgWseKMLY/veSt+xXsY5bve9Lhzj/3pgNW+E2FcGptZWV++/yFevsfJlfyB69uVf8aHl6fxnfwVA2iO/5JdzxgJww5xfssmsXv1LqfVkr7HykPf3qeS+8Bi3dnE4ffKe5bqhYFUGqc/ZZIaq/zSlkJW3td3jrhsXQuVu3rt4FAcLsVHBoYsnAGvY2pe+4KQ5dT954rTAp2zppMaf5fNaBydPwJTJwAk7xu7esPULdu2GRQvNY08Uma0A4khNTwLAceILmDzNV7XrOFVuhKrxIxjbm2/tagSvCg8ww45zlXVD6FXcZ64K3q+D85rChWBdDccM3p6woXqYBpvOmko7azr1uiH2HW8NrExtrlU7+wZr5xqFH1c37kW7rxf6fB2Z+dNNZH8JL23LZpy3/+zUZJZ24tg2VZl9wBcE334z44DPzhRhBMzTmVlpZ01ZATlTM4hd5j8mb0Gyb3q+1dNvFrNj1VbL9TZaPxQUriQlcWXbA8zq33FY76eDHf9sqfjFrIS2vH5gwG0GpIUrSdl4Mwcwxt+9Fhk2crYVci7xYyNg9wW81vDVu5+dtI3JzF2QTF4nAncREbm21X17jLihzbhpAY8LV6ub5oYGmuvqcDkbaG2qx1lbg6vFics5hKi4aEaMiMTxTQ2NkTfx8dG/cejjQ9RcLGXGd25hyvS7iB97M263G48bGltbcLoiqYsdyZDyb4m6YSg3JbgY4jhK0+iRRNom4SGSCA8E56iRuHH3yYTQ21m1Yw288Dgbr/JMU5bvYf/ywG1GIPtlyBAVMIPeTXwasPFLNuYsCBzP3zax6IFNljF7g1cZaFyuqwkZa7GXVJIwJcUyszKEWx9j0wvWDRf58KX3SXo6RCjqrWJ94TFuNatX7zOfunzwD+wd90t+3NUkNcjVvWeRQApWZXA6+Ykx/R/4fUkWv7fOc0/8Defm3QG3ZfPS17t52vkKd+96xbLDQpaHqW7tVb6gNFQbgCTmZdj4/EMH9g9fJd/y57uEqRn+6lZ7MflbigOOTJg6h3ne/yel8gSvBz0P4fq59q2B1a+0B5WZi0N1q9JTum18Nju2eR90L5ztVcE9UsGYLr9qOuAAMiFrAqne5zoThIfVnfff1WOMqmTm21kzw8FnGzNh7WxmgtEvt3AlKYVA1iae6FRl6XTWVE73h6pZmygN06Zh5io7zp8WkDM1i9h1weGriIhcLy5f+A/iImvxNLsAD263i+amRlobnTQ3NtBUU0PlRQf1dQ3EDIlixHAPo4YPJzJqKA0tLVxpaeCjAwc5XfYt1TVNzEqv49Kly8SPvRlXawuNTU7q6+tprnfiaG7GeamWkZ4GIpoqqDr9dyKiR2MbMZahw0cRGaZC9eoqV8t5d+3jbPyb8WjFA2/zk5/8iDfeMCpUP81ZwPmf/KjD4zbmLGDj927n+3/7EviSFeb/sf/06QUYxalfsuiBD8IEncd4Y6O5imzahNDVprYfsX6vfxyqWB38PJ6r6TdayqE/F3PnC4+1H6x2ReL9/PKF4/zl2T9Q/i+/5L5e+BBd3XsWCaRgVQYl"
[DEBUG] 2019-07-12 19:38:50,393 method:org.apache.http.impl.conn.Wire.wire(Wire.java:86)
http-outgoing-2 << "R+2ZTuw1jqyFW2D3csviVQvZtehJ7urFsYXjqKwzfglXPTo5k1yKyLcsXpUwdQFLZyWZj2wkxoO91n9I8n2Ps8gS0tpmzeGO0j1mH9fQ+/SXTvcrHWyuKhCTAaeDKl6fju57u+exMXPVVgbbeqQzV9nN727g+NuvVg5dpe3T2e+PvmciIte1Zmcd0c6ztHpawOPB43LjcrXgdjXR4mykvqqK2itVNDa24mIIdU1uoofFMGy0jcghMQwbezPV/1FCVGs9jTUN3DFhNN+ZeCM33DCG1uYWnE3N1NfXU32liqq6GmpqanBUXqE1ciixQzxEDR1GXe0lhlddZOiwBNwRkSHj06tvCXA7q1ZNYuNGWLXqNOeTV7L/kQkBrQDeeONLNuY8buyeFnzcaePfAxN4bBV82kErgGCV723H2xngJ7Pu7NSIp8z6EbzxNhvfOsYPl99JyZbVvMHtrHpWoeq1rYwjbx3gDFf4ilouv/U6x0jlvkfuIanNvsf5y7OvBUz99zFbAPiN5cf/8kvuS5zKj1+Y2hsDF+lxClZlULLN+B3nOlUVNY6shYWh1/fpY7ZZS8id1cFOkzPJDRuCJjHv0ceZ1+4JOrNP/+mPKdgiIiIiMrg1XTmFx92K2+2itbkFt8tFdFQknlYXjfX1uJqbGRI9hLHjR+GJjKLJ5WJ43EiGDh+FJxKIjGTsjancO3Ucd4wdRepNcdxx/yKiRyRSV1dPbV0dVVcuc/nyZaqqqmhoaKTCcYUWVwxpNw3DNWQYLlcLDdUVxCeOZ0hsfJtWAF492m/V/jZrnjam3X+a8wtYNYnutgJ4w1ux+r37w+xhqVblR9zXTqbVcW/WoNYAql4d0CIiIrtRwRlP0q3fIY5zlB8sY+Kt3yGZ0QwLue9UfvzC7/ixddNXr7Hy5YtmiBrqmIt8+NJr8NgvSfrgV+Qfsj7n789q7cnaFRERWsddeo6CVRHpE85Ke38PQUREREQGGVeLE3ftCVwuD62tLjweD5FRUUZf1NZIYAhDE0bRUtdAfaubUaMTGDt6LLiiaW1tYviwaJqddYxJS+cfHn6MxoYrJI4Zw8hbZ1J+uRZ3/WWq6+qpqqryBas1NTVcvlKDKzKWW1JsOF3RDPN4aKr+hoYqG/G2W4iMjgk53h4NVgEjSF3K+Zzt3Ts8aOp+OEalqdfbvPbeP7Ka9SErXAN6sx4PWlDLN2b1VB0soqKiaG3terCaPOVOkommhFrSptzZhQWkjvOXly/y4395DD74gMv/eD83BO9SeZzDZLA0EW74x9+x6R+NzT3VYzUqKurqTiBioWBVREREREREBqS6ytO0tjThdrWCKwp3KzhbWomOiqTZ6aTVE0FldRMlJ0oZkziSkYljiIqKpbnVjcfZgCt+FMOinNS6mhmZnsHQFiexcaOoaXRSU3eF5oZaqmvrqL5yhdr6euqrGyizn6c1GmLjYnC5h9DgjCA+MYoIVwP1V+zEjBhDXPwYPB5v5ZsnYMzdD1e/ZKNZNbpxI/z1xJxpAAAgAElEQVRkVbjq0s56mxUPBIeewE82sH+5f6p/5Xu/MCtQf8SqVaeNMRxYzyKzT+uiBzYFHKOK1WtLdHQUra0t3Tw6hVk/i+9Cf1WzEvWp3xmVqvfDH176gKVPB4arl0uK4a7H2gauPSQ6WsGq9BwFqyIiIiIiIjIgXfz6U0ZFN+F0Q111A85GI7T0RERy8ZtynHVXOFV+hW8rG7k9Mob6ukZGDm+gsdFDdGsNzUM9JNgSqb94kdqoBFqjhuKsqsDZ0kp9XT11dXVUV9fgrGuhtvkyl78tp6XmCrFDYcSwoTibGgAXI+JjGTZiGC2eRlqa64j1JBIREUVERAQeD1jD1e4Hq/4eq5v3rmSK4+0QfcpD9Vi1BrJfwvdWcuNDf2T/Q+BbTCooTPWqfO8XLNr4pfHaO1Zyz9FfAPBp2lL2r0vyL4z1xmrmvQE/eWkP/7sqVq8pMTExOJ3d7f4fT/KU+E7tefngH/jvb8GP/+V3/P/s3Xt0FHW+9/t3VfU1SedGAiGEq4oIqCDeEUWZDYKOIM4I6qOPnn3U8RmOunWDui/r4ZzZe+PI1q0u5syoz1lynOVtZkRgVIQzKIo4XnDwAgioBEIISTrXTqfvVXX+qO5Od6cTEhKSgN/XrEzS1VVdv6o0QT75/r6/mxMpe/E1PHz7ezz50COQMq2/sQ4uuqb3U/x7yuHIXnEuxImQYFUIIYQQQgghxJDja2kgR6+HmI0mbxvVB+tpDZhgd1HT0IARi2ALtvL9gSpwF1DndtFQVkx+jgvNlo/PFyEWPMywCU6K8lQaalup9ztRTI32aIhAIEAwGCAcDhMLh3GHfBSrMdrdMZymRswwCIZ1GhvbaPrbIcIxjbFnTmJqmYNEk1XDMFEUs/sL6ZEyrlv1NOxew2rgw+fn8uGYZWl7VFV9D9zAb7b+jEOPpfZYTVm86rWnua60lrcfm2sFognxYNRyA7/ZuoyRyVDVejwFaIrvcemYsviYtnBdPJzlmS3cJ+sJnXZUVcVudxCNRk7OCZre48l/2ww3Psyap7KEpcXX8PBT19C4/UmWPQQ3/8s8ao9OZ05xIoytzzjgkbSFsK78xa971RrAbnegqtJjVfQfCVaFEEIIIYQQQgw5SrCW3Hw3elsMj+6jwB6gNRbl+6M11LeFCLTrBNv9tLSGKQg1Uaca7M91kJfnoKyigOaIg1BLkHDbl/hVOx5HAQ7cNAZ1Au0mWihEjqFT6HTgshkcam3nWHUlYwpA09xUtYQJtDbia/Fz2bU3cv7kCwnHosRwxCtVuw5U+9ZrdSOvvw6XLqnCqlBdAUzm0sq9cPE1jAQOJfdND2T5Yg2zPxjDulVbWJcMToGLJ3PpZzArUUnq3cij8erW40/Tn8Z9W7fEv45XwHa7f0YrAKlgHfLcbtfJC1bjwenxDJv1MGtmxR88EP+cuq2fuN2u/n1BkVWTr21AzlOc37OK6ZNJglUhhBBCCCGEEEOOS2unrsaLv7aWcHs7WlMrkwo9lLhcHKo3OVIf4Ts/2D1FaG4nhxtaOfrxN2ianSsdTkrzcqlvdRBtO4rDDi2+Sirr/TSaTnI9JYQMk/ZwjObGVgL+ACU5IeZOKyBXjfFtvYLRolPX3soP1YeoGPclU6ZdzMhxZ5Ob5wIUlP5co8q7kUeXruEToKMCdSMdoaQVaH6yZEx6CJp2HKyuupPfjF9h9UVlMstfe4KqpSt4ffydrLhqLYuXzqXqmS3cN7Vni1p1ZoWs9yUeSiuA04KqquS4cwgEA4M9lJMqx50j1aoDZCgEngNFglUx5Hl3PsJFVft6vP+1Y57ndxeOiD/6mjXrXmb0Fb9mYeqsg/p3+MVHHzA/c/tA2LeJZz+EOffMZwoAtWx7dQtN0+9g8aTMnb9h3fP7KL7x58xmO2vf9HPRPfOZkrq9FPa88xKfF87lzsvLBvhihBBCCCGEODm8337NN3/ZxjC3m3A0xtGj9Xjy8zhyrIlgTMXmj1DSDnW6DW+7iq89iB6L8ulX+ynw2Jl8Rh5jR42l5ogTI3aIfFeYKRUarSGFY7VV2BSDXAWmjC9iZHExuTYTM+ADbHgL7fj21fDp1z9QXpxDMOLHF2wi3ywF7P1/saWdg87rrk1pBeAFLp7M8hs7+p5eelUZlE7LOK6WPc9PBs6MT+//kt/Gnym+9mm2Vaxh9gMPMkaCT5HB4XRgmEYf+q0ObS6XC4dTequK/qeEIrH+aAgjTiGJKSumaWIYBrquo+s6RQVD8zcK3p2PcJH/Ng7NPu+4+/5t20Kez+sIVv+2bSGLmzL3WsA/Fr/Df3baDv84ZQPLzu77mI8rM1z1poam4P34j7zNLO683Hv8YJXtrH2zEl+W01RcmS2sHSL27oEt78KXu+BYjbVtZDlMmw5zr4XJUwZ3fEIIIYQQP3LNrW1omoamaaiqihIv0VT6tVSzax//6mZc4SZU06AtECKEiqqbmKYNXyBCXUMLLcEo1e0m1W0hGloDBKKg5uRw4Xln83cXn8VZo3IpKpzAwa9+INBcSVFhEIcjhMPmAIdKcXEBgbZWYsEwMd1GIBijoLCAMAZbv2hg"
[DEBUG] 2019-07-12 19:38:50,394 method:org.apache.http.impl.conn.Wire.wire(Wire.java:86)
http-outgoing-2 << "266jTBhdzOLFNzJ+5iJ0dyHDioop8OQed/wGUhknTj2RcOS0q1zNcedIqJoiseCeaZqYJpimgWGamIaBbhgYusGwovzBHuaA8PmyJSm9IxWr4rTl3fkIiwP38vkV8K874VcLFmD9UvZr1qyDdYsXceSdezhyxgCFqakmzef+SbVse/Ulnk1pPbL1+ZfYSinn9bgpfC3b/lIJU8dTsbsShnKQmurpJ+GtzClDQM1RqD5iPXf9DfDgwwM/NiGEEEIIMSQ49QANvgbKK0aRl+uk0O6ivqaenBw7NpdGUb6LgvJcgu0xDu4/QjBSwHd1fr5rjrB/734KPQq5rvNxa0eZeE45hw+52PnFdqaeV8goNUIsphNqacOJjVDYwETFaTOxO2MUlRQz157HlIoy3OXjKD5vNn7FhS3QglY4NAtShOgPDqcDm91GMBg6eX1XB4jd7sDtdsn0f3FSSbAqTi37n2Pcnnc6bU6f/g/Uv8O/1l/F5/Ew9XdnPMcvdtbxK56y2goU/4pDjOCCBb9izbpH2FA0CC0BKGP2LXcwO2WLVak6nSlsT2lI343vdvF1wXTuP6sU71nw9psv8eyHbs6LtwgYkh5dDjs/67zd5YLRY+C7A9bjtzZCbS08vrrzvkIIIYQQ4rRX3RrGFnPiC0UZVlBAwcgCHCXD0GMGwapqgqEogbo2auqbMI0YDrvG5LICxg4z+fKony8+/BJvpZeLzxvNpRecyejRIxkz6jY2bHqXnREvCy4fRsTvwiyMotoUNEXF4XLhsGsoKgw/YyQF088nVDCVcCRKW301BcOGoTlOQisAIYYQVVXJzc3BMFxEItYvIXRdxzSNwR5atxRFRdM0bDYNh8MhgaoYEBKsilNP8a/S2gL8bdtCns/cZ/gCfrcg5fHZlzF13T1c5LqXzxc/xMfv3MO4dQtYt/heli0+fouB/mP1Uz00Nt4Pdd8m1jZNj/dGrWXP4SD508sgS5sCSmdx5z2JB+ey+J5zAZLBbCll3HnPLKy+rC+xbihWrz79ZPZQ1W6Hc6ZAXS0oSmJugrXv00/2qnI1a79Zr9UuIT/tnmR8L1J4P/4jr7ZM4v4F56a97tbW8dxyyyyGamYthBBCCHE6aalvZuyEEXiK8mmva6KppQV3cRk+PUL5WRNw+NppPlLDqBFluPNcBEIBVFPB29SKGW7l7PJSPj/YyCtv17L9i++5fu4kzhkzikXXLWDP3w7SHKzH4ahEa9LIy3USicQwozpO1Y5NMzHNdmyBH4hEc6gLFaBpBqMLinE5j98GQIjTgaqquFyuwR6GEEOaBKvi9Fb/Dr/46Dnexeqfeig+5X/hgg0s3P8c49YtBKyA9YIBGZBVpbrnnZd49p3p3L9gOuNe3c62s37ObL7jUFspF00CPu7q+G9Y9/wuqo9zlvypc7lzqIWqe/dkn/7vdsM1P4FQCAoKoa4O9FjH829t7HPPVe93teBxU71rO95JiWC0jClj3Xx9+Du8l5elhKVWwF0x/dyUV/iG/dVu8j2VbN83a+gF1kIIIYQQp6FKb4D2cBWOQxrji0sZNaGCfft/YPR5k4gZNhoO11BUMoyIHUyHDaMmSCzajifHzrix5Xj9fs4s1ihxG/zQ2MLaVz7jmsvO5oqLGhhRXkazfzxHvD7GVTSjKwb5xYUYepSYYaJHDXLywK02Egjux65PpHzcVIaPGBHvMStLlQghhJBgVZyukoHqJJ654nnm77yHB/Ys5D/3ZOznupfPF1Tw+rqFLGbgFq+asuAOEjHh7J+UsfYv29kzthZfxSRr8apujy7tWPQqiz3vvMTn/TnY/rLl3ezbp10AhgGlpfDOW2Do2Y894WC1lj2HYdxPJtH05j72eEm2SSg9q4z83bVp2/CmBNwJ+6qprpjELYX7ePXgNzDp3MyTCCGEEEKIfuZzF5LTHsQRjfF9rIUf6uoozsmj8qsDtIcCjB0/El8ohMu0EYrouDwlBNpMfK3NlJUWMbzcQ2F+IdX1LbQebsDbqvPeR99y7FgL/31JHiMLHeQ4L6SorJlY67dE9Si5uXkYRgRDV4hEDVQlRJGzhZGjc3GNGo2iaZgYKAzMAl5CCCGGNglWxelp+AJ+tzilF8CCDSzsZvdlizew7KQPKsW+TTy7K8+aVl46i4sKXmLrbjfn3djbwM6qYD0lFq36clf27bXHQNfhjDPBnQPZVuXr6tie2LeLrynjltJzqa/YxdbPv2F2Yop/6VmM81Ry6LtaKLXaAXi/6wi44wNk2y4vFdPnUzqshfw397HNe+7Q7WErhBBCCHGamDDxDN7auI1Lz/Bg10HXFaq8AZz2MK48G96GIBPPP4uaQ8cI1NQQMWLYbU4cqpOQqeBtjlJU4GJE2MWNF53Jzv21fFcX5MDRev7XH77gzoXnkFdcxP6/1XPW1FFE2w+j2oqx5eSgagaqqWOiYA+3oTTswiwsQ9UmoahOq31VN0wJXoUQ4kdBglVx6mn6V8atS990bV5XO9ex4Z17eCDU3QsOZCsAi7fJT/7Y6cnp58ML3Rx3fn/WF2rBB/g+3MSeSV1XsQ4Jx2rSH2ua1QagtcWa+v/5Z+BwQE4OlA6HI0c6qlczj+2FPQe9yXtdOqGUrR9Ws4dz4/eqjNnTS3l2V6IdgFXdet5PUgLutArWzkGsEEIIIYQ4OW67ZRFVX37OtoMtTMgPo4eieDwKbsVArVcpDujUNn9FSY6NyRPLOXK0CZfHg7exhfpDbdTXN+Fy2ojEIoSiEXB4aAu10BY1MI428sV3EaZP93LmhPNoCzSSmxsgYLZT6LT+Oy9mhLDZwVQ19EgL0WM7UWwFKJ5xEpsKIYQAJFgVp6KeLF6Vocsp/vXv8IuPjvTr8I4vZZEqAL5h+26oqICv/7KdKbfM6ubYjkWroJZtf6kkf+p42O1P7pFoM5BtAaYhRVHgqqvhSBVEIhAIgNMJigrTZ1hhaiRLW4Be+Yb91ZA/IX6vJ1VQ8eEu9u+DKYkK30kVVHwYbxHQmKhu7XgF73e1+DxlDAe67ssqhBBCCCH6W97YqfyP22Zz1idfs23nEUKKnSP1fnJcbvIUg9ZwI7nuPKLFCru+rCSvwIOdOmw2DZuqUzEin/2HjzF81AhyDJVvq+tx5zrx+0KgOvj8u1ZmL56CdjhI+KgTLZKHZ3gbBENongJQbJhEUW0qkUiAYP0BPMXn4vaMHexbI4QQYoiQYFWcWs6+N7kAVcIFszfwu+Mc9p/Z+qsmLeCefhhaz3lpaivl7Hiwt+edXVRXTOf+BaVse3WLtTjS5T/nzvi+nVmr2X/d5ua8G+9gMdtZu7vzXvUtQfILh1D0N7IcqlNC7FgM/voxzLgQgkEraFUAux32fGM9n3psL+QXx6f1f7zPKgT+8CWe/TBlh7RFrM7l7IpdfP5dLXtavGmVxFboHQQqefX5ypQXkEWshBBCCCFONs1Tjp5fxvwLfcwYN4LP9zfwxb4aWkIm4WgMbyRCVZuXQ7VRSgs9aIEI7WaM1nCUolwHnhw3qtvDscYgDhUM3cDusANhQuEQx1p8FIy6BG/VRkrLy9n91UGKh+djc+iYKmj2XGKxMDZNxZGbSygcwYj4rdlWmgaAaZrxxazSSSsAIYT4cZBgVZwaskz/70q2tgBDqmLV24LPk8dwrIWmtraO55ZbrKrS2T8Zz9o3s0/r3/POS2ytBrAC1fuT6d9ZjPNsYevzL7E17YhS5iwYQtPVp03vCFYVxapODYchGrMeq6rVX7WtDdp81oJWqcf2yDfsr3ZTfBEkKoOpmJ5etevdzto30xesmjKhlK27tvN5m5txF6Xcs33VVOPmvBt/ntZTdc87L7FVFrESQgghhDipVIeHQNhDa7SU/MIW5s9wMqPCRaM/wuFaH18fbOBgIEZI0fjO20Zxnocc1SSmmzT6AlQ1RSgqyiccDuFr96PrKkcCbQQjkG9XientfHfYS8Wo0TR+W0XByLFUt/gZUW4SNhUMu9NarEpTMBQVTY2iRlsx9DCq6hjs2yOEEGIIkGBVnBoypv93pXNbgBEsXLCh6wOGL+B3i/s6uN7xfleLr2ASpfs28WrreGsBq8STpbO48x6s"
[DEBUG] 2019-07-12 19:38:50,394 method:org.apache.http.impl.conn.Wire.wire(Wire.java:86)
http-outgoing-2 << "xa0+jFeresYzqxRK41P8Oytj9i13MHsgBt8Xc6+FtzZaX2sa3HMfrPsTfLsHXC4rSA2HYfx463P1ETDNjmO7ZS3iVQ3kT53L4lLivVHd6f1SAUpncVHFS+mLWE2aznm7tvC1ZzxTUgPUg16omN5poaopF43nc1nESgghhBDipHMMP4OdH26jpDiPvFw7I4aPZvjICGV5xyiz6Xxb6+Pb+gDfR2F/Qws5Njs2ExTNwB4xqW8+xoQxhah2B23BICagKSamauKPxPjkr5/y32/+CbWHqymrmEogeBRsrdiUKLqqoNpyMEwdVQXVlUcs2o4j2obiyAVUyFKZKtWqQgjx46GEIjFzsAchBpYZD6tM08QwDHRdR9d1igo8gzwycdp7+smOcNXthsIiKB8FbhfY7KBq0NoM+/dBe7sVrF5/Azz48OCOWwghhBDiR6i5tQ1N09A0DVVVk1Pes019P1migTY2/l+34W2M0Bw0KfLkUJxjw9fcwJGaY+SaUUpsJlUtIb5pjlDZGqYlAk5NwaVpKKaBw2ZD13Wcmp1WI0aO00VegYeIw8kZo8az6qnVVH2xGb1Job7+ENf+pAJNC4DdRdRUiKGjaioYEEPDXTEbV/EkFGxY4Wo6I8u2gbWbt178Ct85c7j10s4z2PZtfpkPerA2rCf1+AObea5yFPfOm9qxQ8MOXvmznwvumsfgd8jq/pqz7v/HVi79+UxKuthj3+Z1NMxYzBUlvTtOiKHOioRMTNPENME0DQzTxDQMdMPA0A2GFeUP9jAHhM/n6/NrSMWqEGLgPPgw1NbCzs+svqrBoLVIVVcuvFhCVSGEEEKIHzF7jocR587DU/kptS1BmloDfPP9MaqO1FLra2dSiZOzJnhwOU00l4Mcp4NDjSGOBaL4oxEcNhW7bmCikmO3kV9cRJ4zF5tLw+1w0tpUz+FDleQUDifUVsfZ06dhuCI4VAVTUUE3QFVQFRVTU1CMMEagHt0zFs2RD6aCQketUn9UqzZ8so43vs3lqozA0toeBDJCzwz7Nn+F75xx5H/7MR+dmRkMWkbNvI3rJ3YziAObeaUp8aCWj75qAH8Dz734VXxbCaPKG2gDPnjxZT7o6ev2Uuo1U35+erCbottrPrCZ53Y0ZD3ujRcPZWxxM+Wn2e+ZEEJkI8GqEGJgPb46vXK1K1KpKoQQQgghgOnzf8Yr/8da8gpLOHN4AUWqSbjFj2Eq5LpMbHYdQ7fji0QpH17K5LMLaPKFaWyPUt/SRquvlYipUTSylIKSYdhw4Q/6cNodtEcCHNizl7+bcxX7j9bgUG0c/P4wU6YMx9ANFA0UTEzTAMVAUzX09qMY4TNQbR5UxSC1HUCfgtV4AOgpL6HTXMIDm9nC5dx7V1m8UjR7aLpv88t8wPnce+lUOHMHr/x5M/v6WFHa8MnHVI2ew018xb4z51nnbNjBK+/ncdNdBXxysio4D2yOB8yLmUQtH/1xK698UtIpUD7uNU+cx72dwt7eVJ5a597j79iSCGS7C7iFED8OEqwKIQbegw9bfVO3vAtf7uqoWh1Zbi1UNfdamJy9o6wQQgghhPhxyS0ewXV3P8zeN/9vWo8eI9YeJcceQrFBY8ik1qejKBqRWIT2QBBycjEVg1yHSpFTw+12EUKhuCAfhzuHUDiG2+UmFAoRCASoOnIEe14phmbn6J79mG1eJp09ClQTbAqYoMcigI6iKBixFoxANaZrBIrdFZ9Wq/S9WjURADbs4JUaf6fnbk18XXIGY/IO0dIEqangvs0v84FvHDf9PF7VWTKTW2du5rkXN0PWcNWaPn80bVtJeqVsww62tE7k1nllQAMtf9zBvtF1fPBtEMrPp4SpXH/+Zp7bvLvLatITta+yAc85c+JjKeOK80t47qsfaLi0LHnZvb/mHmjYwSt/PkQbQM3L7Ck/n3t/fhtXANIKQAiRSYJVIcTgmDxFwlMhhBBCCNEj5bOXUvm3HdiO7EWP1jIyH3QjQlhXqW0zaI2YDCst5qxR5fgCJs3+NlQb5Og5eJxOGiM6NmcOrf522gNtGIqNUDCIocK+7w/QHmzD7hlBuDnCuDPOIBDUyStyWS1UDQVDB4ih2RTUqE7Mdwybx4+huVFQQBnARasafqDKX8IFySrMjv6i984riz8+ypl3zWPSxHncW7yDV158me+zTdPPG8dNyZDQOi5NyUxunQdW1eZXHPWDjzlW5eyBzVZrgG6m6J+4Whp8bsbMSKkGLc7D4/fTAJT09pq7aAeQ2gog2cagZCa33jUz2WN10vfrUlogdHOcEOJHSYJVIYQQQgghhBBD3uSfLePNf7odny9KcZ6DC8oUGn06DWEIRKGtKUDA1oxdyyHf5iInz45Xj+Jv19HVHI7UNxCIRkDRUTUHAA6nk9bWNrz1XtwFxVS27+OsXA+t7U14ijU0mw1TB12NYpoKimpDddrQdT9muBnDUYyq2QYkVO1YdCqlqrRhB6/8uY4xP72N67sqoSyZya13ncFHf3yZV5rmcEFvTpqs3nQzZeY4PDsO0fbtVp77tmMXj+9AMnjsv5CxgRY/FHY5pt5d862XzuPeiVY4XPLzzErW3bz14gEKizNfJMieP79M1TnxIFkI0X+MEK0tPlr8ESK6Ea/8BxQFm81Bbn4uwwryTonQ8lQYoxBCCCGEEEKIH7miMWfz039YybdrH8Oh6BgxFYeio/tCHPXHiKmF2KJOGpua8LWH0FQTwzRpjyr47CbNfj+aw4HD6UBBwTRBQcU0TbzeRiZNOou2UIjdX+9h4oRiomMKiKFgGnp85WwVw1BRVCdoMfRIC6oRw9TsMADB6qR5t8UDwd28lazGnMmtd/Xk6DKu+PltAOzbnLLZfyhjAacSzkw9LF69mTRxJgOjhMK8A1081ftrTj4+/yte+aSWSSl9Ua2Fr+Z0hLTJ6tauF7Jq+GQdW7hc+qsKcQJCLfUcawkRNbI8aZrEomFaG8O0trRROGwYw/McAz7G3pBgVQghhBBCCCHEKaF0xgLskRaOvvE4vmgUTYM8p0Z5jkJNIIC3KUogGKE1GCSkR1FtDgyni0A0gm6a2DUVU1HQdR2bzYau6xiGwZdff8kVs66gqGwkf/v8rwwvmoqujMRUVUwzhqqqmKaCpjnRbDY0m52oEcShqgxEqJpuKpeec4A3KnfDxD5OwT9eK4CE1L6jWZyc6fDB9D6yTX7a8vL61tt04jwu2Pwybx2wxtux8FVZ2j73TsRqBQBdthEAq3JXWgEI0VMxWuvrqPfrmACandxcNwWeHPKcVngaC7fR1hag1R8mokdpqa8jGC5h7DD3oI68OxKsCiGEEEIIIYQ4ZRRediuhYIyja/8Nf8gkEjFxqgo5SpBwyE80aqKpJg7FTlhzQk4BoVYfumlgKgqRWBSnoqFpGoZhEIlG+a7yO6Ixkyt/Mo9hw1wU5AZRDR09BgbJOao0NrTw+ZcH2HfwGNdc/9+4rMw1INec6PdpVU/u5pNvg4ya2de+plO5/ucZj+/q5jW76KXa8Mk6PunjSDpLLFa1g4aJMymhlo++amDU+fP6vGjUpHm3weaXeW4HeM6Zkx6qZjNxHvcW19JQ0rFollSsCtF7oUZvPFRVsOcWMHpEfqdQ0ub0UOT0UFQSpPlYE96gTri1gcNKKWOLB+bnbW9JsCqEEEIIIYQQ4pRSds0dhG35bH3yYdpDBoEYhE2FiGmgYxA1NUKaE7WgGFNTMXUTl8NFLBIDVcG0q0RjMRQFYpEw7a1+qqsrGT9+DNMuOB+15QChcADV6QLsKJqCGQlz6IcaPtl5kPk3/z2XzZo7YNc7ad5E3nrxZZ6LP/acM4db+1AleXSHFSx2x3NOxoaarzot4pQw6mR0CJg4j6sqX062KujrNYMViL7xbdCq1P0pbPnzVp47klq128VxTV+x5c9byZfqVCFOTKSJOl8UE7B7Chlb6kHt9gA3RSNHoNbWUhcwCLe20FRYRnH3Bw0KCVaFEEIIIYQQQpxyxl65iOtHnsHb//XPHPziM1qDMaufquogbHOh5OZhdzvwNTcBBgqgKCaKonDe+ecyf/4CamtrcbvdTJw4iXHjxoBp4nB6CBi5"
[DEBUG] 2019-07-12 19:38:50,395 method:org.apache.http.impl.conn.Wire.wire(Wire.java:86)
http-outgoing-2 << "qEEvNjMGTg8oEAhFiGpFLHvsccZOOOPkXVjWHqLHqSbtpeNOXz+wmVeaMrYNaMWqpaOvbB+kTOX3ZCxEdetdM602By++HG9z4GbKrBFUbT9EGyVcNc/ar2TiPG6daF3rcy8GARg1U6pVheip9uYgYROw5zCy1INKE4cP+perKv4AACAASURBVAljp2jCSEqTe2ZsLyskUNVEWyxCi9dP8Yi8wbuILiihSMw8/m7idGLGl1szTRPDMNB1HV3XKSrwDPLIhBBCCCGEEENFc2sbmmZNmVdVFUWxeokmPg8l6557kv/3mScImg4iOR5w5eDMcWIaUVobGolFdexOJ8FwCLvTgdNh5+//t7/nwgsvZFjJMOw2B9FoDL+/naPVR4n4vIwuCDGs0IbmcqI67NjzJ5M/asZgX6oQQvSJFQmZmKYZX5jPwDBNTMNANwwM3WBYUX4/nrGdY1WNtMXAVVTOmCIbnQLU5L6dtxuNx/i+NQo2NxVjSsnpx5H5fL4+v4YEqz9CEqwKIYQQQgghjudUClYB6o7V8PLLa3nrzxtx2hzk5NhpbvTia2nHMGMoNmv6v8PpRFFMcnNzyc8vwO12MWzYMCafcy6XXHI5Tpcb09SpqdxDbvQY5100C8+Yi9Ac8u8lIcSpb+CD1URYaqOgopwRjl4eHmmgsjpAtFMI23f9EaxKKwAhhBBCCCGEEKe8ESPLeegf/4n//Z5fsu29/4+PPvwLf62twWY3CUdiOG0unHYnsZhOTI9h2O20NjbQbrMR8LUxbNhwbE4HlVVVNDS1MrpiDDMuv4XcPAlUhRCi7xTU3oaqAA71OP1YB5cEq0IIIYQQQgghThv5+QXcsOhn3LDoZ9TV1vC3nZ+yd/dXHD70A0eqDuGtr0eNWVW3TqeL0uEjGDN2HFdfM5ep583g3PMvxmazD/JVCCHE6UJFUQDTIBYE3L08vD2GDqCqQzLEHIpjEkIIIYQQQggh+mxEWTnzr7+R+dffONhDEUKIHykXTpuPUFQn3B4Ct6tXR7f7o8QAbHYKTsr4+mYoV9MKIYQQQgghhBBCCCFOWS6K3FZdZ6TdR6vRi0PDDdS364CCKzd/SIaYQ3FMQgghhBBCCCGEEEKI04CjOIccFdBD1Nc0EerJQeEWqmsDRAHFmUtZ0dCcdC/BqhBCCCGEEEIIIYQQ4uRQCykf5sIGmBE/R6q8tMS63t0INnL4mI+ADmguho8s5kTWvRoIQzPuFUIIIYQQQgghhBBCnBZUz3DK9TpqmsPEYkHqq6pocrjIzXGQ67ajGlHa28MEwlEiMQPTBDQnpWXDKRjCZaESrAohhBBCCCGEEEIIIU4qV+EIxjlbONbQRnvUJBYJ0RoJ0dqSfX9n3jCKnAM7xt6SYFUIIYQQQgghhBBCCHHSqe5CRo0uJBZoockXIhCJETVMQMFms+FwOrDrIVoDMSIhP1A42EPulgSrQgghhBBCCCGEEEKIAWPLKWR4TtfPlwRbONYSww/kDdioek+CVTFk1NXVDfYQhBBCCCGEGDJGjBgx2EMQQgghBoXqLmSUe7BHcXwSrIohQ/7DUQghhBBCCCGEEEKcKobwulpCCCGEEEIIIYQQQggxNEmwKoQQQgghhBBCCCGEEL0kwaoQQgghhBBCCCGEEEL0kgSrQgghhBBCCCGEEEII0UsSrAohhBBCCCGEEEIIIUQvSbAqhBBCCCGEEEIIIYQQvWQb7AEIIYQQQgghhBAng6KAoigogIJJrbeZzZ9+SigcZsncn5Cf70ExTVAAE0wTTExMc7BHLsTgMwyDSCRCLKaj6zqmaQz2kLqlKCqapmGzaTgcDlRVagnFySfBqhBCCCGEEEKI04YCqKqCqigoCpiKgqHrKIpKk78Nd46bUcNLKMzLQVXAJD6VU7X2xVQwAcMwMQwTyVjFj41hGASDIaLRyGAPpVdM0yAWM4jFooRCIex2B263SwJWcVJJsCqEEEIIIYQQ4pSnKKCpKpqqYJpWIGoFpVY0GjMMguEIRjRKeXEJkZgOMR1NU1FtNhRMVNOKWVUFVE0BDXTDRDcMqWIVPwqRcIRAMDDYw+gX0WiEaDRCjjsHh9Mx2MMRpykJVoUQQgghhBBCnNI0VUHTVJT4YxOTaFQnGosSikQIhCOgGxw5coRQNMreH36gprmRfJebvLxchhcVUpCXi92moWoqJiRfS1MVNFUjphvohqSr4vQVCoUIhUKDPYx+FwgGMEwDl8s12EMRpyEJVoUQQgghhBBCnJIURcGmJabuG2CCgYk/EKCqpo7DtbW0BYPWfH/FpM3XRiAQIuhwoDpdgIo/GqGmoYHCvDzGlZVRlJ+HqmmoitWZNdGn1aapqKpJTDcxpXxVnGYi4chpGaomhEIhVEWVylXR7yRYFUIIIYQQQghxytFUK+wErKn/ikLU0GlobmHPD5V4W1tRFRWnzU5OjgOnw0FpURE6BnoshsvhQFU1TNNAc9jxBUPsPnyI8SPKKB9eisOmQVrtKqiKgsOmSPWqOK0YhnHaTP/vTiAYwGa3Sc9V0a8kWBVCCCGEEEIIcUpJDVXBClZjuk5TUwu7f6ikqa0NBRVNs5Gb68Rus2MqoNlMbKhgs4FpHYeiYBgGhmESCkfZffAgNk1j1PBSFCURnipp57fOLeGqOD0Eg6dvpWqmYDBEbm7OYA9jaFOOv4voIDG9EEIIIYQQQohTRmaoCoACPn8bew9X0eT3Ya0+BS6nht1mQ1UUFFMBU8UwwDBA1yESixEORwkGw7T5g/iCfnRDp7nNh4IVunaVMtg0a6EsIU5lhmEQjUZO/oma3uPJh37PgWzbn3mPxuSGej585hGe3F6fvt+B37Msbb8TE41GrLYhIo2S8Vn0nASrQgghhBBCCCFOCWmhqmn1OjVNk1AoTGXNMRpbfSjxaEBTABTC0SjBcJhQJEIwHCQQChEMBvGH/fhDAZrbmjnWUkW1by+14W8oLnQwdkSpFaoepyBVwlVxqotEBiBUBSi+hof/ZRR/fugR/pBIV5ve48l/O8pPH7iGYckdh3PlA7/mTn7Psj/t7jh+4u38nxfs4n+mbjtBA3bNQ5SS/JGlZE1S5Sda7yihSEzmLvzIJBqtm6aJYRjouo6u6xQVeAZ5ZBA1YrTHQkSMKObx/ivmJFNQcKh2cm0u7Kp0zRBCCCGEED8uza1taJqGpmmoqooS/9e4ogzOP7sVRcFhS6kNivdVNU2TqmO1fP39QdqDIRRFBVMBxUDBqlQ1NQXTjKGbJroRJaa34zdbCSrN+CNeWvRDNLMfh0Nh8Tm/5O/G34pNdVrHK8pxrzkSM/ptQaumdx9k8eq9LHlmC/dNBbwbeXTpGj65eBnrVt1AcW+O3b2G2Q9s5NLlL/H4tWVZjviS3z4P990zDajl7cfuYPtVKfvGj0++XkJXrxvfzpIn2HbPtL7eCjEA/P52YrHoyT3Jgd+z7HfHD0TH3/gwD88anrKlng+feZI/HO7qiKnc/9TtTOzlcGw2O3l5ub086vRimvHExTQxDBPTtNqhWG1RDIoLBz8fGgg+n6/PryFpkRgyokaM5kjboAeqCSYmYSNCJBKlyOGRcFUIIYQQQohBZNMywk3Fqk01gFA0immC02nH1KG5vZY2vQGUCKZiEjGj6GY7ESVIVG0haPrwR+to044S0lspzxmDM7+daFELu9QNnBu+glE5Z6Gkr13V7diiJ6VmqZa3n1rDJ8CS27KFql/y2zkreD1j6+sPzE3b9snqO5i9OvFoMstfe5rrSqHp3bW8/vpeXucJtt3TOXhtqv4euIErU0NVann75Y2dXvfS5csYu3pjfAArmJ0cQMf5xNCj63ofjm6jek8T+VPGkt/dbhNvZ81TqRvq+fCZzZQ9kCUUTVSxPnU7E+PVq1fGn2rc/iRbRzzMzb1NUjP07ZpPHwrx5fkUMBM/67rufiK6IEmRGDLaY6EhE6qmMjFpj4UodOQN9lCEEEIIIYT4UdJUBbWLqlEFGFFUiE1Vieo6/lAL+6r/xHfhz9CJkBschssYTr3yDWFPDbojhC1HxeZQcOQ6GB+4gJ96fskx+/d8WPACQXsD3wU+Z1TOWSnJQ/fjUxUF"
[DEBUG] 2019-07-12 19:38:50,396 method:org.apache.http.impl.conn.Wire.wire(Wire.java:86)
http-outgoing-2 << "TVX6sJiVVS26mmX85qqOrU3vPs7qz6yvM8PSRGB539Yt3JfcvxcVq96NPBHf98qP5zL7+WUsTxnL9queYNYHe4G9/HKOFZgueWYLS6qtMS1ZvozDq9fwyRIrlLXGD0ueeYkxL9/B6s8kUD0VmGZf+o0e5uP/ZxfTnrq9+2C1N4qv4eGndvOHh56k9l8e5sruSrRPUN+u+TSlKCimaVXpo9DY4sMwDEzDxDCNeNsVrJkCwHH7pAwZ8eYwioKiWDMfVEVFURVUVcXeDw1SJVgVQ0bEOMnTD/pgKI9NCCGEEEKI05mi0HmxqhSqolDkyafA48E0db5trSbqPoCiHkQLaVwYuJ6Jrsv4pP2PHCh5F9Npw+HQMB0KTrub0d5JTC/5CSOiY/hr5CXCaht12gFMXQdNS/ZsPR6bpmKYOv3UEQA+XsPi1/fCxctYt2oMr89ZweEupvTveX4uv0xJXbusWE1O0Y9Xwi55gsenwp6Ps5y/6iO2x8PRcW/O5ZeVy1gyYiNPPJAS3FZUMfuBtbx9+Z0wfjKMv5P7ppbBqieomrOWqrpaKM3WgkCc2mrY+eYHHKSZA7TR+OarfMk4rrzxMjp/t3fzh4d+z4fZXuahRzI2DOfmf3mYK4uncvNTU7MdIU4SBTAVBUUxrfYnWL/MMhRQUTET/1MUa2E/8xQpa4332lYg2dbFClcTLV76/gNbglUxZAzFatWEoTw2cfJ8urqCq1YBC9dw+MVFjOjNwTufxTX3CXhsA6HlM9Je878m7OK1mxK/uv+Cx4sX8uULqduysfZbyQmO5wQl7sHKLdU8emHKE4nrYwUfNN3PJV0du3fgxtrBy2t3TefODV2MrWY9S6cuYz2w6Lj3vUPy/ZDxPe3JMSdy//rmCx4v3sHViddOnm8+a3e/wNLy/jtT3Rt3M/buTVnel4nvQ/+fszuJe96b760QQoihTVN7UlJkosQrqo4Z3xMb5iPfnYfRpjA5OoPzPZdR5/2G2uHbidmiqJjoqCgY1Dq/5qOW12mwHUJ3BDG0GG1qPZFoELeaa7Vr7cVYY3r/VMO9Xvk9lzKZWQ/dQPHuNVZQuvoOZld11b+0mwrRRJ/WxOPdf2L1Zzfwm1Xw2zkPcvhi4LM1rAb4bIW132dWlerYulqoBMaPobh0Go9vvaHjdacuY9vWxNdPc513I4/OWdFxngf+xJVblzGlLzdCnFSKop5ABaeHsonn4OYQtdtrmDDxHCooIifrvlO5+alfc3PqpgO/Z9nv6uMharZj6vnwmd/D7Q9T9t4jPJsW/D+SDGk792TtGUWRddzTWQFjWriKAoqKqhoYJmBi9atOhKqnSK4KxNfossbcEaqqEqwKIcRJVbOe/1oV/3ry6P4JBnc+awVz/BOvXWYFTXVv/M4KS+9+lU9v6i5gm8HVj8HKVcCGt3m/ZlHvgqpksNa1ZPhXs56lU6v4h6b7O7/G+zMJLZ9B3eFvrG2Pzcw+5uT9W8aLOxfx6IWJkO34508GmL2VDDyrOLQBWDiGcVl2+/RlK1QFWP/WDupu6ufgtx/uX3oge/x7B6lBopfX7rJC+JV3jckIO89lfD8HnIcObrK+yPxzUrOD9RsANnGoBuh03p5dV5qU8PZ475P1d0/HdXeWJ3oRjAshhBh8ClYbgOOJ/7sfAL/SSAhr7QbTqfNFaCMNbYc5YNuGoeooioGBgoqBjkmrp4r3Q88RtbWhO8OYhkoQP22xVlzO3OQ4ekJTFXS9fybJLrntae5L/F1XuoxtW6/gt3NWwOWpoWpqj9W9rF46l9WdXinF6yuY/foN/GarFYg2vfsgr7OXJbdt4fGMv1eb3l3DEx9s5HD1Z/AZXHpVohYxe1/X7L7nkBemyO86hyxN04jFeh+sVkyZRgU29tDG+CnTerGA1G7+8Lt6bv6X2+G992j82TUMy9ylaTefM507i2HYz37Nmp9Zm/urx6qmaX17gdNJogI1/lMuMW1eBQwVMFVU07QW5zNTis5OldozJfGpI1hNrVrtj+uQYFUIMcBSwpQuAo60wCRLdWbH89mr/ZIVdNmq81KqFSFLJWFijP/csQ+rFuLqSdB3vMDmwvs5/MI3jL17E3e+/AVLl8OLyXEmrqMnYdMm7pxawZ3Zzn/bkbTrs8xn7QvnWl92WVXYsXcieFy/eiYfJLd+wePxisfXbvsPeMsK0xZNGJN1hMnw8rENne5veiVh5/Nfsrya0PIsr3mc7zuQ/v3dsIyxxcuAju9z3Rt3J6tOP2AhV61axgNvzMyobOwYU/b3R4pEYJ0a+PXD/cuui+vuFJqXsvTf17B+wzLWb1jG2NWjCV3di9PEdfw5isv6/vZSudf6auXV6c8l3wML13BX1ntYytIXq1na+6EBx3+f9L5iNaUqPGEAq8OFEEJkp3YRqpqmiR7v9acCpgH+9jb2/VDJPnMvoTMDKJgoDvgh/yOOmrsIas2YmgEqGIaJVbNmYtpU/J5aMKOgaKArVFUf4eW/vcm0CZcw+awJlBQVomoaiqrGp8l2P+YT77WaLnOKPwCJaf4XL2Pdqhu4b+sTMGcFJKbnQ7JClZTWAU3vPsgTPNrRSmD3Ghav3gtLnmBJ9YPMfmBv2mmWPLOF28dv5Jer44tnVSSC1WlpfV0Tr53W21WcMmw2jVjsRFvfjeXyv/f0or9qvBL1F7+2KlWvgSefeY87H0gPVxv37IILbu8cuPYTm02CVUVRME2T9JrNRD9SFTCsn60o8RYAZnzHlPm8Qz1cVVI/KcnKVSWl32p/XIPUPwshhpgveD81xNzwNu/XpO9xydUr4l89wfs7M4/38n48tGLhdVydUSVX99e300LHle9/0WkEn65OBH3zWbu7msMvzLeeeGwDoabqrj+Wz8AKZyo6gq5VC3EV381rbzyLq7iiI6hatRBXMsSxglLX6vSxLHphV/fni38kxwdQvojXUrZZr/ECS8d2uswuXbJ8F2sXwsoJY6hMbDwMLIRFL/wHS8vjFaHEqwKLK+Ifd/NaDSnVqiv4YPkYXrurAlfxP2WEvb2V8r7oohIVgPJFPBO/9pVbEvdoF3eVAzufjd//FXywfAaXLN/Ayvg1LH3D26fRperz/esPifuwcA2HUytku7t3KT5dXZEeqoL1nk15j366ugJXcUcovnJu/DruWk9d6vdrwzLGJq8x8Xx/iP9Zy/hI/FIm/d4e/9zJ6vFUG5Yxtt/GK4QQ4kR0FawC1iIqpkkgGGLnl1/zv179I2v/9Bb7DhwmFtWx5q4q6M4IgZwmTJcB8dWvFcBITANVDAzDBGzoIYXm/VEO/KWNj/76BX946202bH6fw8dqiZkmhmFwvCaq3Y75hNzAb7Zu4TdLsMLUrS+x/OL4U96NPDpnLWNeiy9ANSf+EZ/2/8nqO5LbnuBRVvA4s+c8yNveL/ntAxuTZyi+9mm2bd2S9nHfVBg5ZnJyDFd2E5geq9rb9ZNiSHM4HH042kPFlLE9ClYbtz/Jsod+D7f/uqPitPgaHr4d1j70CE9ur+/Ytw4umtL7Kf491bdrPh2lho3xqk5VRVFV1PgiT6kfWuJrbYh/pI417aPj+vqDVKwKIYaWnTvi4cZ8Fi3cxPoNm1j/Vy9LUyvPLpxpTXPGCkYfvTClUi45/RgWXT8zo9KsI3RdtHA+6zdsglU7+HT5jI4qwJQWAFYIRi9DlRk82lTN1Vn6cS69KTE1PFEZl633ZHrAV/fG3Yx967qOqrlkRWYfenOmvcYtGU+mVJBumJ7cuvLuhdYXG17l07HWvU9WBMYrJq375eW1u6xKxZVb7ueSnc9y1QZgIdCbKd8ZUkOvzt/XbObz5W8qcG2Yz9ot13HoN2+zckMiKHyCq4rT2yKsv3s6roP9MUW8r/cvvWpy5dwKVj62hrUncn4ANiWrdq3zL0t/nCI5nrQ/A9a2ZPXqqt/x2m3p79nM6wA4lPh+pbz/k6/RX6014n/WHs3Y2pceq6kVysnxnkjrDSGEEP1CUayFqbp83jQJtrfz3l8/490PPqSx2Uc4bKCVRNAaTex5oDiw6q3MlJWhTQVMI1mJFQsbRFtjBHwxjHYdoy0GiordHqFs5Ehw2jla30BR"
[DEBUG] 2019-07-12 19:38:50,397 method:org.apache.http.impl.conn.Wire.wire(Wire.java:86)
http-outgoing-2 << "YSGFebnxZLbrcanxgKLfFrHqTukNHT1P79nCtnvi27NUrFqeZtu1wO41zF5yA0te32hVv2b2YI1XwxbPuIZL2csnS66I90ntvg1A5qJZFqv1gPRZHZpUVcVudxCNRk7OCZre48l/2ww3Psyap7KEpcXX8PBT18SDV7j5X+ZRe3Q6c4qtMPZ/vlmfccAjaQthXfmLX/eqNYDd7kDtp0DtlBf/QZX4eaWk/FxLVLKaimL1r0ZJVqyemhIVq8TbH1jXq/fDK0uwKoQYUj59Px54PfYLnpmAFax26oOZ0m+0UzBaFa+MnM+iyzJClWToOp9F//4Lpm3YxEqe4P2d93NJYqpy+SJe2w1LXx7dOZTppiVA5vT2yv76pf1l/8EHB6cztniZFfqc9HAnMT07PaBLDZw+XV0BwPqDVUBpRzUkpAXbK+dWJEPytf/+H8Am1m/opvdll76It0ywXqvT9zWD1fNzBdMmW+ejfBFXT17Gl9d3HbRZIVrn0LD3+nj/MoL5jh6rkC0Q7vr86bpeeKtzK4aOqu4V/EP8fo246ResvHsTK8nyi45MG5ZZYTqd2wP0m4yWHtl0/T7LvpjWiJteSAtpR4w9F8io2hVCCDGgugtVAQxVodrbwN4fKokZ4HbaiURbifp9+CpbCbfYUDTAZaLaVRRVSS7AEosZmLqKGY1hGiZmzMCMgN03jNLouZw78gIKh4/Gk1eKzW7HHwrhDwbJz8tB7cHCN6qioA9IsooVkqZUn6ZZfQezM5quWtP1l7Ft6pf89vX4cXVVfBJf/OqyLx5k8eo1LH7sPS79bK8Vtr6+lrdvfJrrSju3AchsV3BppzBXDHVut+vkBavx4PR4hs16mDWz4g8eiH9O3dZP3G5X/77gKSy1DUCyNUByQaeOnquJcDWeSgKnTrza6W+RlFYuynH+jukpCVaFGEje7ax9sxJf4rFnPLfcMovUiGLPOy+xtbrjccWVd7B4UuJRLdte3cLXbYnHpcy5Z37n3/7u28SzH6ZUPlZM5/4F5/bbZZw8HdOHV149gxHl17GITazPUjF2ydUrYNUTkBGMJoPZ7toALLyOq8tncCgeznaqei1fxGtZejf2eNGbna/2bkGeNJ2DsRHLqwld/SyuuXczbst1nY4YcdMLhG46gVPFp4VXZnmqox2CZeXcClYuXMPhf6djUa8M08aWxlsRLCK9l+4vWFoOr8X3O16P1UzpU7Tj/WlvO2KF3131/MyY8j5uwvyMoM3qO3vn3fDBFrjq7k0semFXp7CtIxxO0YOeuyd8/7qVUqWcqA7t0XuyI+jvrqerdf6UVhppC2uNYVy86jgRCHdp4RoOvziT9+96lfFd9aftQTDaNSsYtd5ncSnVsp0qVXc+i2suvazwTvTEJevPEiGEEAOju3/0mihEIjHqGptobg8yZtw4hg8rIqZDuzqNYPAo/mA1IZoI21uImm0YWhDUMFbBqoIay8EezcNlFFJgG0uB80wK7OW41HxsTgeKTUNVTJyai4rhpQwrzI8v8tIROnQ/9t5ED2Vct2oL1wFN776X8dxGfjknEZyuYfGc+JeJdgBTl7Fta8aMlHjY2tOQs6n6e+BMxqX+FR8PVS9dvoyxq9ew+qmNXLbqBpKLuKcEuonzWL1W72D2aqlSPZWoqkqOO4dAMDDYQzmpctw5Uq2aIRGodnydWpBv/RxLVHmaKRWr/d3w5ORTMiYaZD4+cRKsih+HcDsNATslRYPYSyUz7OwkMzTtyfNetj6/CVLCVe/Hf+TV3cH+GPGA6wjQVnD1hQAzWbTQqlq1FntKCZCytgPoCGY7TxfvqHpMPDciEc5mmd7cF8lwF6wQbu8aDr84mhczF8bJWIQqfaGkeOBIfPGcC+8n1ATsfNbav8temelTya0wcQUfbEnZJVnV28X4U6ZS/8PB6R0LiW1YxtjUADReLcxBawGucan3LxkuW/1MM1sc9FjNeh7I7PXJDh6f+gTrARcZwWKiYvax0Yzv9GJWIHf1X+9mbLcVs72t+sy+X5/uX39KqSIeOKUs/SW4Vn+R/V4lA/i4ZDCaCI87Avfup/SnBvNZKlFTAtf/euOWnrUGSAt9V/CBLF4lhBCDprt/9CqY+P1+jtV5QYE8p5th+XnomkqRWYBhjsPUQVFNTDOKocQwFRMDA0zVCgXsMRSHGxU7YGIzHdgUDdNmw8BANaE92IzuaaKocBxumx1MhZ5ECv31D3ZLZkhZy9uP3cHqLHsmFpGyTGbWjB5Ujr6+gsXAkmeeZgqwp2qvFZTO+IxH3xzD49dOg2vHwJy1/NU7hqqliVYAVu/X1PC0+NqUVgNz5nYxfjEUOZwODNMgFAoN9lBOCpfLhcMpvVWzSQ9XgfivkJSMXyJZaz31z4JPA0rp4qe2VKwK0UPNB3nzjX9mZeg6Xrr9v3F+wWAM4hvWxUPV/KlzufPyzv+B4/14ezw07aoKdVfG84mg1cv+fTBlEuDdztvxUDW90vVUkK1SrpSrr58P2XqhprYD2HuEOmYwIrU/a+Z08WzPJcPZHkxvhp61AkjpT2ldi7X6/NjV1sJX1lTj7nqsdrj6l2tYNDfeE7PHq5NbU8nviveHTO1/2Um2Xpc16/mvVR3j+jT+X+wrt1TzKM/iej9+zx97gpWrvqGy5gsOrSKjqq+j2m/llhPsAwuAl9f+eVlHa4eF8an9q4DH4p9XLewcrmJtvwqwwutnWfvCCQ+id/rl/nVI77GapRVA2nsy+/upY2r/fKYd/CdcxZv6dbX7rFPuk4Hm/N790qKHi2slpFcGp/+iIqF3vVZT3nM9rVAXQghx0ijHCTBb/G1UNzRgt2sE8fFp/Q7qY1+Tpw5nkudahudNiK9SlQOqiWmCaVrNBE0t8fqK9dnUQVUwMFFMHTX+D/EWo4rdLX/AGIWugAAAIABJREFU9H7Pwrz/QZ6z4Lg9Vnsy9u4kw0mAqSl9U5M6qlu7Pfa4Ok/rB5hyzxYeB+AGHr8ndd+nrS+zHNNJtipaMeS5XC5URT3tKldz3DkSqh6HoijxFqopFakZP+dMQEn+36lE6Tpc7QdSAy1Ob80HefONFaxsjrJgwoVMyB2kceyrphrAM57rsoSqUMuew4lANEuoCnib/NYXFRXx58uYMtYNQPVBq0ej97taq81AxfRTLFQlvapu1cLkKt4dK5M/wfs70w+55OoV1hcb3ub9mvT+rJlBTkcVqRW+WK+fUtn51o7jL1L12Ib4KvOdPzKDm0UL53eMc3n1CQQ0pYy4cBGvNVkrzC+aPBqgox9nHxYAOhR/jazTwssX8VrTC/FFqFL7fAIX3k9o+f3ctWUmd129AtjE+n+OVxmnjOfT1emLL7mKK1j6RlXyFOmrtXfdBiA1NFu55QX+IbEo7WMzeXR5NR88Fn+culp9+SJei39PrOfns3b3/VwNJL73nVa7z1D3xt29WL3euk/WNXr7fv9q1rM0ZWX7lVuqCS0fzaFE9W/iPbcl/t5Pe09mCzBTfmEBcPV11vk2LPv/2bv78KjqO///z885M5OZ3BMSEkK4FREERLypFERUulCtLShri3rpyu+7SPcqX92tF1Z3+/stu9/dauXSXbnca6vs94trvyjWimCtFFpUQBQVS0HACBUihJCQEHI/t+d8fn+cmclMMgm5Iwnwflydwpw5N59zZqLmNe/z/jA6bynrK45H993zitmFa/Ymjwngunt4aQHEWjecS08/1zesaP0ZjH8e2ozrOf4eb95qPu7SHo+3XmsJVYUQYsB1ml1q8LcEaWhsoaUhyL6vfs/RzA2omYeonfwuH4VXc7LpIFY0RG1tJGijDI0BGNrG1BGUbTkTZaFRGrTSaK2J2BZ+XUNw2FH2DnmDD5t/jd9q7lKxVt9WrArRfzxpHrKzs3G7L/wg0u12zkVC1a6JTejUURsW5/XWdS6cx/ltXSDBqrh4xUNVuH3Sv/D335pI1gDVaB88Gq1WHZ3LwVdfZvWLzmNDaXSF6iOURatRr2Bz/PXVr+5sfwN1eTkHo389XRe95b++jurEcHYcbIjt48XXeb+Hd2GfH7HgIllrVV3HVr7XJqCJVpzCZjZ+tDGpP2uy1hYB"
[DEBUG] 2019-07-12 19:38:50,397 method:org.apache.http.impl.conn.Wire.wire(Wire.java:86)
http-outgoing-2 << "HYqGs7H1n0oI1goXrXHCmxWjWL8kGqDF7FndGqoBFI/kah7j737U05620WO3CR43PrmA0YlBc0L43PpYyvqKzvcOcOyos4+NS6fjXbWrg+MnhJrzEo6x6jMKr7uWwuJRLMRp0wC38dJ9sWuePHFXLNxav2hUu2XOY280gEtW9cbSpHDx8RS9Om/oKFzt0G28dKCcr9fcdo71eqOX1y8aDLcNCYFuV3MCVL3x9/FxLFzzMx6/biGP127qpFq6gLGxAPvQiYRgufXntrM+rYn7WfyjaND65C/O8blsDX+7tu+o6M9e7BH7vLR+5gpobQHyNHPySnhqT2c7hFjFd6Bb/ViFEEL0N601IStMQ0sTzc2NnK0/jT28hqIbTYZcnsGwq3MwJ1ZwuH47zc1nIBStTFUKQxkoZTgVpcpAKxMMhROrGqAMFAZK2aAiWN4IrnyFXVjPB8bLfFr3DoFQC+FIhEjEwrLtC+6uWCHOxTAMMjLSyc7Oxuv14nK5UV2YtG2gKWXgcrnxer1kZ2eTkSE9VXuqs6AyGrFeMI/Oz6X35BMmLmyhs+z73f9l/Z4qgonL24aq8yaSNQi+pGo4sDepR2r5jrahZzXbEvuwNh7j1XecSq6Cy4vIjq0TDU0TJ7lKVL5jL60v+dn/5uZ4GDsgKj7j42iwkjgRUWsAmtgGoH1VaGt4tqtN1ZnTDgBg49u/5U9Aa3/WBAltAF460Kba9MDzOJ0enXYAyetDWbR6cfEb1fGQauPS6fHQtap4FCtxljmhzShu2XpPL0KZWLDT/pEYCK7cmmqdTm65vu5hZ521I51bz+NGsnits70TXl7L4/Fr0lohGXsP4u9Z8UL+Lva+JN3GXhDfX6pK3q6oirYxiL1fqULVmBtWJASz5wzw+kNvr18KFSecz/aV8F60OjbWNzQxYG8XGib1p32Mv4u/F9fyeCefldZK8OWsje6z9ec2RZuNjnS1ajVerd6NfUPCFyvJkiuid3FLQpXvynkl5wjgY8F4176kEEIIMXDCoQhNjQHC4QghswbPiAbcuW40Cm3YKMPLybJTNNc3ow3baY3aRUornF4BJpnuTDK8mWjDpiHnOO/p/+Lzph3YhLFNjcbmwms4KETXGIaB1+slMzODnJxscnNzB/UjJyebzMwMp6WBBKrnjVO1euE8zjf5pIkLW/AsX5T9iiff+2fWfBQNVwdpqApAyXQefugBHn5oHldlAfgpO1KZsIKPq+58wFnnpmjAEKtQLZjNg3eOjYarAAXMja2Tk5s0R3f2lHnR40ynBACnD+vAOcG/TWlza/+C51kSC8ziEx2lqjZNCHo6bQewOdoXcVabULOa9f/Ryezexc4EWRBrB9C6/sofLUyqECxctCYaxDoT2pStKmH0lOUJt72v5mMKuOG6tuFQ2yrUBfFK29a2BB2EYzF7Vifdwu5UQXbl9uZdPJUQEsVu009sVRC7nT127I/XxfqaPs2cvNV8vGe1Uw2Y+J4l9pJNCODa7jN2XomtADoVDwMfY3tnQXFcAYvX7uWlBdH1cW6lb61gdHqsvkfs7+duBdBbfXP9WsWquReOGxldktASoLajCtzPeCo+AVMnvW5joS1TGRu71vFAtLXaNnbNFq75WTcmeXOqVheu2dv5ZF+x65WihUe7c0qsDu/oS4hYS4IFz/N1YuXpdQ+z/QlnwrsOf27iX6okfNEihBBiUAqFwzQHm0FpXENCpI1uRrk0GjCB2tIwTVXN2IbGMLrX8VQrjVYWCgOfHoovVICpDVAuavO+4j1rDX9u3AMRC7Qd70kohBDi0iPBqriwZY3jztuf4IG0E6z54J95fst2Xh6soSqQnRsL3Fr7ozbUJf7ynklBbJWJJdFQtInq2CoFs3nwoWjw+tBtEGsxkJsc5GXnxfq4TuUKZyc01FYyaDyxiUDCxDmt/U876POYUJm28j/a9L1MCIEgRTCb2Ls1Zf/G6ARZ4ARcvztOGSSHYImKF7K+9mFuiLcXuI2XDkSrJp8YxZiUVW5tA6BNHVbQpqrOrHpjabxCMVap6lRAOrc3t6/Aa60A3rj0OLdEA8r47fULnue5FK0KVs5zAlinb2WsEvRp5kQnIXrpXxe29gGNhnYr1zjVmU6oTLxHaGe9UzsV75HanVuxC1i8Nrp+pz1W27QC+ObD5+WW715dvxTKjjrVuwu/2cXb5Cs2sjihf/DCNXs7rfoF2rQZiIXVyat0bxKoqOsejm9TdjTF7f6x0DmpnUQHoiHwxqV/36aaNBrip6xETX7thhXlPJ40CV7b8c7qfmWuEEKI86bDvFKBbWvCEQvMMN6SFjwj/NhoUGAFTOoPh8hLG0Z6Wga2EUF3p6pUK5RtorQmTQ8jq2UC4QBguDBMmxPZn/H78FpOBA6j7djtptqZFCs6aMlahRDi0jBAHSeF6Dtpo77J8oVPwMYneXn/M4Bn0IWqk8cVsK28moavj1A9s4iChH6o2bkFUFDAmKxj7G90KksnT6R1wqt42Po5G96Bu26PBmKlm6OtAHyMudwJUieP9rH/gN+ZzGriVOBzvoz2BGgNWwdA8ULW1y7s8GVncqfOduAEk4+nfM259XxxD48N0UrURQkLvp1wrG9+h4VsTj3zObEKvgLobAw9FZ9ZnXazuMeu2cerSpjz5AK8sZnocUI71uwlsLY1GHLWS9jPntUJB4r1z4xWLSYEf7GZ5m/5aCmj28y4vnDNXh5fVEAVv2Xj0qeZs2oWgRUjuRrYmNTDs5r1S1qD1o6u5cp5JdBBP9UBsWk5o/NSzGb75AK8nfXs7dX166A/cLTa2qm8fZo5eU+TWnKl6rnC0Hhv43ZfOpzj5ypBR+9nstbeu1ePjo4n4fO9cmvb6uRor9dNsPHocaAAKo47Y02oPI9/rp/YROC+UU5P5DZHvuVfy9m+rgRvXnS9Tiel6uyfNUIIIfqbRtNRralWYGtQ3ghmcQOePGdNOwINxyKYtblMHH0jmb5cFNq5HbTTsDPhxegMLQoXGeSRe3oqtWYp9tgqtBuUAYd97/Jxyxgyzf9BHgUopdEabBRpbk/3glwhhBAXLAlWxUUhFq6mvfMaNWN+yKO3Dp5QFYCJ07lq71b2Nx7j1RePJbxQwPUzncDz5ukF7N9RTfmOl1m9o3WN7CnTmRx7Ur6X1S/uTdp19pTZ3BzNKQpmTqTkwF7K266XNZbZE/v8rC4NXQhm+1prj9FzB2NJAes/bOSWte3HGwufkvZ13T28tOBpHkwICReuuYcb4qFgm8mN4uHzZzyVtyApAC1ctIbtR0uY8+QvWH/fmhTBVNdDuvOtbN1SRj/ptBoYW+yci1Oh2NqDtF3Q3qnk0JheX78fUjYlOqYFz7OEXYzGaUtRGJ/K7jG2J1TaJn5enGBwL2OWTKfsR21D6jZjjTln2Ni5+Ocq8YsAaP+chOrZio0sjlXyppxEC25YsYmVTy5gZVKQHa38jV3nBc/zda3zhUPydYhdM6AYChN+Trx5yddPCCHE4KU1HU7lrJXGQKHSm7EKasBUYCvQGrsml1lT7uCyvKtxp3uw7AhGN2eFdnJYBcoiz5pAfektnG7egevyM5Dhx0iHg43vc/nZOXh8PjzedDwuF7GAVipWhRDi0qACoYj8I/8S03p7isa2bSzLwrIshuRkDei4qgK1A3r8cyn05vVyD5W8/+rWhMmrCpj70G2toSlA6WZWJ0xelT1lHg/OLOpgeyi56QHuaheYfs6GFxMmr8oayz33zEZuahVCCCGEEN1xtr4R0zQxTRPDMOIzKPfVTMrnYhoKl9m+e51Gc7axgd/v+oj3al7DnruDtGEWWmt0QFF05C8oPv1tfHYutrJQysDo6YzmyrnF345ozgaPc3LYezRN2I/hCzOs6krGHVvAyMwruHzcOLIys3B5XHhcBhELLFt+1RZCiMEs6G/u9T4kWL0ESbDaM70PVoUQQgghhLhwDHSwqhS4XWa80lQn/H+LP8j7ez9gY+2zpN16AJVmAhr7dDqXHb6fwpbrUIbhBKM2zt+7IalYVmtsrcG28JtfEyw5Qnou3JC+gNHeKew/8CX+5jBXTRlPdk4ObpeLcMSQZgBCCDHI"
[DEBUG] 2019-07-12 19:38:50,398 method:org.apache.http.impl.conn.Wire.wire(Wire.java:86)
http-outgoing-2 << "9UWwKq0AhBBCCCGEEEIMOlo7k1QZCmIdV51JohRet4ehww283kaMNBNbgdIKb0sBaZEhmIYLraLRptGVIFi1edYai2qcMNl0u/E1FzLTnMNlBWMIBVqoOVWJL9LIkY/eZ2RjMeHRl5Mz/huY7sw+ugpCCCEGMwlWhRBCCCGEEEIMSrbWGEpFC1WjYafWKAN8+ZCVCc1KATY6ANmN40gPFaCNMGBEH72knbv9sjIz8IeDtLQ0cuzwfsq++JQzB/+Ev2wvo0KncVVAS+5o0v76P8govrL3xxVCCDHoSbAqhBBCCCGEEGJQCoUj7P/qKG6XC2+ah+ysTPJzclCAy3DhNj1obYEG48xQMhsuw2Nk41SgGrS5qb9HtAJtW2R4vbgabb7a/Q61f96NVbaf0e4gswsyQBucidiMaTyON3dE70+8Vw7w9tp9NEyay70zitq9WrplHdsrzr2XrMTtD2/hhWMjWDZ/SusKNbt45TdNXLNkPgM/T27n55xy/dfrmXH3LPI7WKN0ywZqrr2LG/O7t50Q4tIiwaoQQgghhBBCiEHJZZocr6ziT198SXZmFuNGj+DqCePJycogxyhiQuhG9lY0EWiJMOTs9WT7x6MwE7LUnoSqGrTT4xWiNa+GiVtFsE/toWrb/2YYddxQmEOax0emgoMNNu9WhLnvgb8mPT2nV+dcs3sDb3yRwZykwLKSD17fxsGm6NPiackhZ4LSLftomDSG7C8+5IPxbYNBx4hZ93HHhE4GcXgLr8SnwKjkg3010FTDC2v3RZflM6K4hkZg+9p1bO/qfrvJuRZ+50lPz/nwFl7YVZNyuzfWlrVZ4mPyd1NfMyGESEWCVSGEEEIIIYQQg9bMq6fx/sefUdfYRENzE5Wnq8nNzGBobibDMmYyqjadipNnyM+aTHp6AUo7fVi7l6nqNs+Se6xm+Xzo+gr8ZbtQLVUMK8hiiE/RFNJYhqIqqFm3r4m/ueWve36i0QAwqzifttMK1+z+kLpp97FsAsRC1ld257erzizdso7tTGPZjCkwfhev/GYLpb2sKK3Z/SHHR85lEfsoHT/fCR1rdvHKe5ksWpLD7vNVwXl4SzRgvouJvTnnCfOj1y1RdypP24TatAayWV2ukBVCXKwkWBVCCCGEEEIIMWjlZmcxb9YMfrfjQ87WNXDmbB0GijS3h/y8HCyrABrTUe5sjPToBFe95MyX1Vq2OiQ7E2/1V5yuO8VJv6L6pGJ4uiLXAGUqvNrmZ/+0koz8XrQBiAWANbt4paIp6aX8GXdxR/xZERNH+jhYXwO0hnqlW9axvWEMi+6OVnXmz+LeWVt4Ye0WSBmuOrfPn0w+UnKlbM0uttZP4N75RUANda/vonRkFdu/8EPxNPKZwh3TtvDClgMdVpP2VOmxGrImzY2OpYgbp+Xzwr6vqJlRFA9Du3/OXVCzi1d+U0YjQMU6DhZPY9nd93EjIK0AhBBtSbAqLgo12/6Zn/E/eXbukPYv7v8/TNuyMf50+fy3WHpVPw6urdLNrN4Bcx+6jckAVPL+q1upnf4Ad7X7N//nbHixlLw77+ZmdvLSm01c/9BtTE5cXgAH33mZT3Pn8eBM+bZUCCGEEEJcfL418wa++OoYZRWnnNBTQSAc5kTlaexIBG1b5DXnkJebBcqIBqI9D1hVNFDVGtLT0hg2ZAhWnQeXbROyFL8/FmCoy8PtY0zSPDBl6jUULHmkT8713CopPeEna2Qs2mvtL7psflH0+UnGL5nPxAnzWZa3i1fWruPPqW7TzxzDonhI6GyXJH8W9853jvnB6/s42QQNzGXZkiKnwnbtvk5v0e/NOdY0+Bh1bcLvN3mZZDU1UQPkd/ecO2gHkNgKIN7GIH8W9y6ZFe+xOvHPGxJaIHSynRDikiTBqrjAlbJm1WM8D8y9JsXL+/8P07bAyyveYlp/D60jE2/jYTaz+sXN8NBtTKaIm781lpfe3MzBiU7YWv3h6/yW2Tw4swv7q97Jp+XQUL6V1QeSXyq5KVVYO0gcOghbfwd/2gunot3zhxfD1dNh3rfhyskDOz4hhBBCCDGo3PkXt/Lcy+uI3+OvNAqFy+0mFLSoq69n6NA80n3paK2d13U0IEWjFOjoc2UotKVRygIMp32AirYP0BbgAqUwDMXw/DyGFwyl+mwRZsZQxg8pI93jZsIQNxkehRWxGLL4n/vtOpRu2cZBxrBoRlG0urKKUd+9jzs6KqHMn8W9Sy7jg9fX8UrtXFL92tShePWmj8mzxpC1q4zGL7bxwhetq2Q1HI4Hj30XMtZQ1wS5HY6pe+d874z5LJvghMP5d7etZD3A22sPk5vXdid+Dv5mHccnRYNkIYRIQYJVceGq/D0//uUJ/mrFf/Pki3/FH9qtUMqaLeU8ef//N3hC1ZiJt/HwxEref/VlVje2Lt724stso4CruvyFbyXv/+EYTBlLyYFjMJiD1ET//gy8/Vb75RUnofyE89od34O/fbT/xyaEEEIIIQalkqJhLP7Ot1n/298BxCtXAVxuD41NLZw5U0vacA+G6UJrp1OqUgq0QmOjlPOnZStMrWj0t1Bf28jIUcOdPFWbYEAoEsQKRxhRUEBR/lA8Hg/Zw8eSlj+G4vSDXF+YwSifgd/WnF2wivElfV2xmUr01v3iaSxLvPV9SVe2LeLGu+8DoHRLwuKmsjYTOOUzPnGzaPVm3IRZ9I98cjMPd/BS9885/nzaPl7ZXcnEGYktFJzK13hIG69u7Xgiq5rdG9jKTOmvKoSQYFVcwIr+gmdXAJxt0xcoav+HPJ/zTbYN2n/XFXHzPQ9wc8ISp1J1OpPZSdv5KVM6spf9OdN5+PICqi+H3775Mqt3+Lgq2iJgUHp8Bez5pP1yrxdGjoIj0f+AevstqKyEp1b17/iEEEIIIcSgde3kSTS3tPCb93YkLTdMhW1pKk9XY1kRioYVkpbuw9YRQIEBKAvDNlFKYYU1J06fwuc2CFh1/PHEPnJzhmBbFg1WJc0NIbx1U6g4VcmRo1+TlZlBbk4GLemjOWvm8fvPa0l3m8xf9k/MvnnR+T/xrlRp9sS5WgEkHT/adzSF83M7vJ+6Wog3M61tojEzs3e9TSfM55ot63j7sDPe1omvipLWWTYBpxUAdNhGAJzKXWkFIMSlTYJVcdGqqS6HITM5+fr3mBtLKXP+J9se+osBbDTu9FMtGx3th1q6mZdqp0d7o1Zy8Gs/2dOLoDbFpgWzefCh2JOp3PXQVIB4MFtAEQ8+NBunL+vLbBiM1av//kzqUNXthkmToaqS6D1azvI9nzjbdKNyNWW/2eqdvPTmMbKTrkmb9yJB9Yev82rdRB6+fWrSfrfVj+Wee2YzWDNrIYQQQohLwU3XXwuQFK5qDcowCEUsTlWfoa6xgdyMYWQOMUhPz8Dj8mJbJnVWJZVnThA46yYSMnB5THxDWziS+X/xurxYbgvtDmDaI8ksH04g0sTp6jpMl4nb48YIeEnzFjF5eBPX3PuPTF+4tF/OufSzMpg0N2X1ZM9N4Y672zxf0knlbQe9VGt2b2B3Xw4LaJ2sahc1E2aRTyUf7KthxLT5vf5dbuL8+2DLOl7YBVmT5iaHqqlMmM+yvEpq8lsnzZKKVSFEjASr4qJ1snYPlO3hk/lvse9uiPVjnfv6SPbdPVCJo1OlevCdl1n9znQevn06Y17dyfuX383NHKGssYDrJwIfdrT952x4cS/l5zhK9pR5PDjYQtVDB1Pf/u/zwa3fgkAAcnKhqgqsSOvrb7/V656r1UcqIctH+d6dVE+MBaNFTB7tY//XR6ieWZQQljoBd8n0qQl7+Jwvy31kZx1jZ+nswRdYCyGEEEJcYm66/loyfOmsf2cLmmh/VO3c9m/bmuZAkGCgisP+3YSGfYUr3SYcAcNsptm0Gd78VyiVRjgSoslVQ+4tFspoBtPA7TWhTGF/7cfUGSgFlmUTaQlgWy7Sr/gO3/nerRRddm0/nW0lNQ3QWJHc2zS52rR7Tu5ygsXOZE1qs6BiX7tJnGJGnI8OARPmM+fYunirgqxJc7m3l5WhNbs38MYXfufafRe2/mYbL5w493Wsqd3H1t9sI1uqU4UQbUiwKi5u"
[DEBUG] 2019-07-12 19:38:50,398 method:org.apache.http.impl.conn.Wire.wire(Wire.java:86)
http-outgoing-2 << "Y55m6VWxJxNZOn8hz2/5kH1MHNC+q5Nvf4BYTHjzt4p46Q87OTi6koaSic7kVZ1uXcDch26jo5jx4Dsv82lfDravbP1d6uVXXwO2DQUF8M7bYFupt+1xsFrJwa9hzLcmUvtmKQeribdJKLi8iOwDlUnLqE4IuGNKyykvmcg9uaW8evRzmDi17UGEEEIIIUQ/u3bKJArzh7Lh9+9y4lQlKOeuJ6UUYGBHgIJGjKtOEYoEsMJBDI+LDH826isvhtsGZRKxw3iz0nBnmdjK6cOaVuijeFIJNBbQ2NKMx/SQl5PNtCsuZ8rl43G73efvxNr1EHV6hd7Yh4c45+3rh7fwStu76Pq1YtUxcf599LqmIeFW/qw2E1Hdu2SW0+Zg7bpomwMfk2cXcnxnGY3kM2e+s17+hPncO8E51xfW+gEYMUuqVYUQEqwKMTBKN7N6b6ZzW3nBbK7PeZltB3xcdWd3AzungvWCmLTqT3tTL688BZYFl40HXzo0NHR9264o3ct+irinYCqnS/ay7dPPuTl2i3/B5YzJOkbZkUoocP7DqPpIa8AdHSDv762mZPptFAytI/vNUt6vnjp4e9gKIYQQQlxCSoqG8fD9i/nDhx+zdddH8Y5SAErbKK8mszgN5VMYRgYYJi2HbWytUUqDYZCGByw3GBEMQGubnFwvM2ZMZKLvG9g2oAy83jTcrvMYqPaZzm/p71JYOWE+9yY+z5/FvfNTr5o/4y7u6OYI+14n5xztmdqhthN0AYxPXYKbP+Muls3o2QiFEBcnY6AHIMT5Mu2KhXD2BKnajA+06tomskdfHr/9fFiur4c7qqMBKN+xmYN9Nbjz5VRF8nPThMxMqK+Dygr49BPweCA9HUaPAcPseNtuOHi0On6tJ48rgPLyhGtVxM3TC2j4+ki0Stipbr3q+oSAO1rBesVEokGs3wlihRBCCCHEoPGtmTfwxLL/h29ePZWIFcGKaGIZq6Gc2/uV24VpWgwdlseDd/0Fo4tHoCMW4WaTQFMEQylspVAoXNpDnreAnKx0cnOyyc7MvEBCVSGEEP1JKlbFxeuqmSzf8hg/23Ydz84dApSyZstG5l7z3wPaBiBpkioAPmfnASgpgf1/2Mnke2Z3sm3rpFVQyft/OEb2lLFwoCm+RqzNQKoJmAYVpWDOLXDiOIRC0NICaWmgDJh+rROmhlK0BeiWz/myHLLHRa/1xBJKduzly1KYHPuafmIJJTuiLQLOxKpbW/dQfaSShqwihgEd92UVQgghhBADbUh2NnfNm8uCuTdTdeYMH+z5nG21H6KDYNsGhhHGsjU5jcVcNWU8UydNoryqkrLy4xyrzabcuwuLCMX2OG5Kv5+xmVOJ2FKLJIQQomMSrIqL2ESWrniaNav+iml/dJbMvea/oyHrQKqmNlYBCRx8Zy/lJdN5+PYC3n91qzM50sy7eTC6bnvObPb7G31cdecD3MVOXjrQfq3TdX6ycwdR9De8GMpPtD6PROCjD+Ha68Dvd4JWBbjdcPBz5/XEbbshOy96W/+Hpc5EXzteZvWOhBWSJrGayhUle/n0SCVzH+80AAAgAElEQVQH66rJHj09ITD9nJ0H/MAxXn3xWMIOZBIrIYQQQojByjRNiocN4/u3z2Vh5Ea+bNzN0cAuTrqOcPZ0NddGfkgaaSiX4rIRJYwcMZw5+hso9RNARdsJqAE+CyGEEBcCCVbFRWAItz/0FrenfG0iS1e8xdJ+HlGnqutoyMpkGM5EU9vqx3LPPU5V6c3fGstLb27m4MT2k1MdfOdltpUDOIHqw/H073LGZG1l24svsy1piwLm3j6IGqpfPb01WFXKqU4NBiEccZ4bhtNftbERGhucCa0St+2Sz/my3Efe9RCrDKZkenLVbvVOXnozecKqyeMK2LZ3J582+hhzfcI1Ky2nHB9X3Xl3Uk/Vg++8zDaZxEoIIYQQYtDzuNKYOmQOU5njLBju/BEGYr0CDJwWVIn9WYUQQoiukGBViH5WfaSShpyJFJRu5tX6sc4EVrEXC2bz4EM4k1vtiFarZo1ldgEURG/xb6+Im+95gJv7Y/C9Me/b8PZbzt9NEx76G9jwa/jiIHi9TpAaDMLYsc6f5Sda/+t23rfPsXNnEq9yIHvKPO4qINob1cdV32oTfhbM5vqSl5MnsZo4nav2bmV/1lgmJwaoR6uhZHq7iaomXz+WT2USKyGEEEIIIYQQ4pKmAqGIfC93idHRsEprjW3bWJaFZVkMycka0HFVBWoH9PjnUujNG+ghXPj+/ZnWcNXng9whUDwCfF5wuZ0Jq+rPwpel0NzsBKt3fA/+9tGBHbcQQgghxCXobH0jpmlimiaGYaCUc3t87E8hhBDiQhb0N/d6H1KxKoToP3/7KFRWwp5PnL6qfr8zSVVHrvuGhKpCCCGEEEIIIYQYlGSKQyFE/3pqlVOFei53fM9ZVwghhBBCCCGEEGIQkopVMWgoFJrB2ZlCyaygfetvH3X6pm79Hfxpb2vV6vBiZ6Kqed+GK1N3lBVCCCGEEEIIIYQYDCRYFYOGx3ATtEMDPYyUPIZ7oIdw8blysoSnQgghhBBCCCGEuGBJKwAxaGS4vIOyMlShyHB5B3oYQgghhBBCCCGEEGIQkWBVDBpuw8UQTxZphmdQBKwKRZrhYYgnC7chxd1CCCGEEEIIIYQQopWkRWJQcRsucj2ZAz0MIYQQQgghhBBCCCE6JRWrQgghhBBCCCGEEEII0U0SrAohhBBCCCGEEEIIIUQ3SbAqhBBCCCGEEEIIIYQQ3STBqhBCCCGEEEIIIYQQQnSTBKtCCCGEEEIIIYQQQgjRTRKsCiGEEEIIIYQQQgghRDe5BnoAQgghhBBCCCHE+aAUGEqhUET/hzIAyyKMwjQUaAVotMZ5RP8uxKXOtm1CoRCRiIVlWWhtD/SQOqWUgWmauFwmHo8Hw5BaQnH+SbAqhBBCCCGEEOKioQDDUM5DKYDWoNR5ioXG0GBFIqBMDHQ0lDEAhW1rbA22JKziEmTbNn5/gHA4NNBD6RatbSIRm0gkTCAQwO324PN5JWAV55UEq0IIIYQQQgghLnhKgWkYThVqitfQTmCkNUQsTaC5ntLSQ0RUGoUFIyjIz8XlUtiWJhLRoBTKNNCAN82NKeGMuASEgiFa/C0DPYw+EQ6HCIdDpPvS8aR5Bno44iIlwaoQQgghhBBCiAuaaShcZmvw6RSaaqJ5KpFImBZ/C5GIRTDgp+p0Gb//wyb+vP8QXl8Rw4ZPorBwOHkFhZw900xDc4i8YXnk5WVReaqeUMRg0Z3XkzckY4DOUIjzLxAIEAgEBnoYfa7F34Ktbbxe70APRVyEJFgVQgghhBBCCHFBUkrhMhUGCrQmmqdiWTa2bWEoaGpp5MiRL/hs30foCBw/XsqJI19gKoPczBGcPVVB5dFy0rwZ5A4ZgstMw52eSe2pTJSRQXOzheEr5GDpKG68YQyGaUgPVnHRCQVDF2WoGhMIBDCUIZWros9JsCqEEEIIIYQQ4oKTXKWq2/RR1YStCA3Ntfxhyzu89soazlZV4jI8pHt9FBUOI82TS83J41iBMLYVwWOkM8xnYKalEww3YkaGot0hgoEAZ6pDnKmuJxQMkZnhxVYKy5Z0VVwcbNu+aG7/70yLvwWX2yU9V0WfkmBVCCGEEEIIIcQFpe2t/06aaoNSWJZFVfVJvjr6JXs/+4RNb/yK2qoa3KaJcrlQppu6mmYCLSchHCJoQXaapjZ0lsbmOtI9btIy00nLbMTtG0rZV7VYxnAqT53hzNkg6eleXC4DsCVcFRcFv//irVRty+8PkJGRPtDDEBcRiemFEEIIIYQQQlww2oeqoLV2HrbNqcrjvPnmf7HqZ4+x9hf/wamy0wT8Nv5mm+aWFmrq6jhZVUV9YyMRl4fhw7PIzcskgEHQDqPcYZShaWmqp/SLUs5Un6S5sZovvzxOxakmrIgTprrM1BNlCXEhsW2bcDh0/g9U+y7P/PiXHE61/Ll3ORNfcJodz/2EZ3aeTl7v8C9ZnrRez4TDIWzb7uVehGglwaoQQgghhBBCiAtCqlAVwNYay7bx+/3seH8zv397I0cPH+dMbZBGf5iW"
[DEBUG] 2019-07-12 19:38:50,399 method:org.apache.http.impl.conn.Wire.wire(Wire.java:86)
http-outgoing-2 << "YIhgJEJLMEx9czMtAT+4XBQW5uGPwKGva4lohTfNpr4lSNnJM5SdOIW/uRaPGcEfDFJeUcOp03WErdYqVZch4aq4sIVC/RCqAuTdyqM/HcFvfvwTfhVLV2vf5Zl/Ocl3H7mVofEVh3HTIz/nQX7J8l8faN1+wv380zV7+cfEZT3Ub+csLgkqEIrIvQuXGB1tPqS1xrZtLMvCsiyG5GQN6LiqqqoG9PhCCCGEEEIMJoWFhQN6/LP1jZimiWmaGIaBUk6AGPuzvyml8LhS1wZprQmFwvz5z4f4r188xQfvvUt9vYU/CLatMQyNUgqFQmtNmtsgO8dH0B+mKRAm0+vCY1qkeUzQinSvj3SPB6VcVNa7abKGkVs4lXvvX8Div7yeoUO8SdchFLHjv2f1VO3v/pa7jj/I+w9d3fp81SF+8NxW/mZKJb994gFWfZKwwQ+ejq+b7E/859zHeI0rWbH+3/lOwfk+nriQNTU1E4mEz+9BDv+S5b84dyA69s5HeXT2sIQlp9nx3DP86uuOtpjCw8/ez4RuDsflcpOZmdHNrcTFKOhv7vU+pMeqGDQG+j8chRBCCCGEEIOXy+w40LVtm/rGWj7ctY0D+/fT3BLGtk1cTk6KBiI2GGgMQxGKaCoqG7AAt6kIBi1wKUIhG7fLTYZXo5SmtiFEQ4uBdoWxQkEa6v34/UF0blpSsOoyFeFe1iydYjwzXnuMm+kkwPzGcjY8OYrX5j7Ga706WmU/H08MVpZl9WLrRsoP1pI9eTTZna024X6efzZxwWl2PLeFokdShKKxKtZn72dCtHr1puhLZ3Y+w7bCR/l+d5PUNnp3zkIkk2BVCCGEEEIIIcSgZhoKo5NKWUtbnK07w7Fjh6mrO0skeru+x1TgMtBaYWqNgUZFH16XQcDSKBQoCEacKbA0NrX1LZxRYVqCJhHcpLkVtg7jdkVwuVS8p2ssXDWUwjRUryazmvzt5TxVAjc/8hg3J6SYrz0yj9e+8T1+0OM9p1LUz8cTg5XWvek3+jUf/u+9XP3s/Z0Hq92RdyuPPnuAX/34GSp/+ig35fXVjlv17pyFSCbBqhBCCCGEEEKIQUspUvZVTWSgaKyv50z1GfyBELYNplJ4PS4nkFUG2lAYGrRSKG3jc9vYyiYYAX9AY0dDUQ3YGNg2KDQel8YwQyjdQCjcSDhi4USwoIkGszhjtLVFTzsC/OfcefDcVt7fthxIdWv+W/DJ89w1t2f7T+a0C+i/44mLSwV73tzOUc5ymEbOvPkqf2IMN935TYrarXuAX/34l+xItZsf/6TNgmF8/6ePclPeFL7/7JTzMXAh+pwEq0IIIYQQQgghBi3TOPecyxpNXd0ZTldXEQyG0bYBhkY7mSoYGrehMJWJ2+PB5fGSZmpM03b6rmKgTA8WgA5hR0I0NvoJWwaYBqY7gtvdQlNjPf5AEKWcwLdthmoaBhGrZ9Vwo34Aqx5xwtW/6ShT6tat+YdYtXgeq9os/cFzW/mbwqLzcDxxIVLK6EEFZxZFEybho4zKnRWMmzCJEoaQnnLdKXz/2Z/z/cRFh3/J8l+cjoaoqbY5zY7nfgn3P0rRuz9h9YeJr/0kHtK278naNUrJPO6i70iwKoQQQgghhBBiUFI4bQDOxbZt6pvO0ORvxLYNbA2W1kRsjWEYGEDEsrGVxmt6ycvNZkh2Lm6Pi6IRJWRlZWK4TGwUkUgzAX8z9WfraGoOYrjTUSqD2roI3jSNy1R01JXANBSW1T5w7YrvPLSVMczjR+ueB97itejEUa89Mo+vVzzN7G7vsbPJq4rOw/HEhcg0TSKR7gerJZOvpgQXB2lk7OSruzGB1AF+9YvTfP+n98O773LmL29laNtVag/wKdN5MA+G/uXPef4vncV91WPVNM3e7UCIBBKsCiGEEEIIIYQYlIxOQtVYeKm1TTAUoLLyJHW1tdi2xtYKbE3EsnG7FC6XIhTSuF0mbrdFVnY6xWNGM6K4hMIRI8nJy8M0DayIRSDYTMDfQqClmUAwhKXB36w5evQUhtJYlk2sFUCq0Rm96LU6+aGtvE/0NvyEatEOJ0Xvpf4+nhh8XC6TSCTcw61HM/N/ZHWjv2q0EvWHP3cqVW+FZ557lwcfSQ5XzxzcC9fc3z5w7SMulwSrou9IsCqEEEIIIYQQYlDqLFh1JprSaG3T1NLImdOnaGloxLZstFZYNqAtTFNjuBS2AgyNZUdweVzkDhnC6MsuJys3i8zsXAwDwsEgnhYTl+HG60knHIngDwZAB8jM9AEQCUdnFNeQqnS158FqJb994gF2zklVLXqc458A9GXP0/4+nhiMPB4PgUCgh1tnUTI5q0trntn5DP/4Jnz/pz/n+7Hb//Nu5dH73+WZH/8EEm7rP1MF19/a/Vv8u8rj8Zy3fYtLjwSrQgghhBBCCCEGHaVwJp7qbB2ccLWpsY6zNWcIBcNEIs52SilsrQmHNcrQmKZBxNYEQxb1jQ24TAO3z4s7zRNtxGqBtsCKOH9qjbadZVrZaNOF221gmp2Hps6x6f4kVtWfsPMT2M0HjO5onR88zfsPwX/2Rc/T/j6eGJQMw8Dt9hAOh87PAWrf5Zl/2QJ3Psrzz6YIS/Nu5dFnb+XMzmdY/mP4/k/nU3lyOnPzYmHs6TYb/CRpIqybfvjzbrUGcLs9GF3o2yxEV0mwKoQQQgghhBBi0DlXqOrklgqFgdvtRZkewhFNRCtMDaYBaE04YqO1gcdjY2iTABbNDU1409KwwmGsiIUVjoCKoCNhbDtCJBwmEAhh2WGwImhbE45AbnYWWRm+Lo3d6m6yWnWc3cCMOTcyavtb8ElrteiM7e/yGjBjVBFQ2b39DpbjiUHL5/Oev2A1Gpyey9DZj/J8rHT6keificv6iM/n7dsdikuexPRCCCGEEEIIIQYd1YVqVYVTcZeenoXXl42NgbZxeqxqnEmsLAhbmlDIxrIUlqUYOXY8WRl5+EMBLNtGWzaWZREJR7AiYbSOYNlhrEgElIlpuDBUGkOGDCU9GqzqTsZ3rrGncvDDt4ArmX1tkbPgG8vZsG0r72/byv1jDwEwuqSo2/sdLMcTg5dhGKT70gd6GOddui9dqlVFn5OKVSGEEEIIIYQQg05Xs0kFZGdkUlRYjNeXhbZDjL/8chrq6qmuOk3EtsG2sZWBpWH8qHFcffV0IkYEO2xhAVrZuFxuAtomFAljaQtDgW0YmK40LLuFYDCI1jaoc1ei9iBXpewY8I1b+WZBEXlPbuU78Vf+xI7XAL4HH87j5mg13w9mXg3Vb/H44ufZnXKPh1i1eB6r2i2/khXrH4eeHE9ctDxpHmxt96Lf6uDm9XrxpElvVdH3VCAU6dl0heKCpaO3pGitsW3nm1nLshiS07Wm00IIIYQQQoiL39n6RkzTxDRNDMOIV2H2pBqzJzwus4sBpSYcDrPjg/d4ZtW/0lR9lknjr8Twevhkz6ecPXMW27JRJmRnZrLoLxcxYsRwvJkZuD0+mutbCAZa8Hp9ZOdkom1NMBTAtiNYEU0kbHPsWAWlhyspKCrgr5fdyzXXXg1K0dHwtIZQxOrDqyFE/wgFQ7T4WwZ6GH0q3ZcuoapIKehv7vU+pGJVCCGEEEIIIcSg05381jAMpk6exrSrruazjz6iqe4sHtPFuGH51HhNauubaGwJMLxwGFmZGWCb1FfXc+jAbo4d+5q6unr8LS0EImHS0jwUF46geEQhQ4bmUd/QyKEvvqKisopxzZfT1HTuX8T7KXsWos950jy43C78/sD567vaT9xuDz6fV27/F+eVBKtCCCGEEEIIIS5gCqUMcrKHMHHyVRz94kt0UwBLBRmSk87IMcM5fOwYX5dXM3x4AW6PScj2U1VZS9WpWogYuE0PARVEW0HCgTCNZxupshSnjldypr6R8uoqbK2ZfeNNXHnlldGjCnFxMgyDjIx0bNtLKBQiEnHuctXaHuihdUopA9M0cblMPB6PBKqiX0iwKoQQQgghhBDiwmdoplw1hT0fbeP04VMEmhrRpiYrK5PxY8bS0hIiLzcXZRqkYVA8ZhwVFbUcKj1AKBTBdJnk5QzBpcGOhMhMzyAjdwhh8yTuM1XkZOQy"
[DEBUG] 2019-07-12 19:38:50,400 method:org.apache.http.impl.conn.Wire.wire(Wire.java:86)
http-outgoing-2 << "ojifjCzfQJ+pEP3CMAy8Xu9AD0OIQU2CVSGEEEIIIYQQFzylDEaOGMvQoUM5YR1HG17CQRNLpeFJc+H1esjwejFthe1yU5CTzvfuuo0rJk3kyIGDNNadhbBN2I5gmgYjLxvHzLk3c/zYMd78tY1tZOLx5mEoqYITQgjhkGBVCCGEEEIIIcSgo3XXe5VqNBrISs8iPTMfd46LnLQ86isbCPtt0jwmmd5MTEyC/iDhliBNhosrR42mpKSE4cMLOLD3AM1nG3CnecjOzmbMhPGMLC7CDgQpLCqmrKKRiG1gW+e+HVrLFNFCCHFJkK/ahBBCCCGEEEIMOk5U2jWGMnApE5fbzdRp1xKKKPBBfuFQas7UYFk2uUNyscM2oaCfcLCFxrpayo4dIeBv4orJ47j6G1cxcsJoSsYVM2bSKMaMH0Gay6AwewjFwwpxp3lIy0jD5XahzpH4dmfsQgghLlxSsSqEEEIIIYQQYtDRmq7PEKU1SmkMpbhi0mTyhhbwyce7GZFfgs/lwQ7Z5GZlE4mEMA0Dl1KEW1qoOnEcf0uA3PwC0n1pjL5sBKZtY2oDFYgQbgrhxkVR3lCKi4MMLRiCy212bexCCCEuelKxKoQQQgghhBBi0NHdSicVzq+3iuGFhVw2/nIiIYOqqjM0tQQ5WVlFKBBCmwo7bKFMF4bbRTgc4GxNBSe/Pk5dfQMe5cGtXIT9Ic5WnqbiyDHK/3yYSCDM5CsnMmpEUZey3u6NXQghxIVKglUhRL/6eFUJ3rwSvEs2UtVH+1v8RnUf7OnSELv+zjWrZv2Si/z67VntfN7yVvPxQI8lQdUbS51xrfos+YWKjSzOK8Gbt5T1Fam36db7FTv/7vy8Rcfw1J62Lzifl4739RlPpbrWe1a32+bjVX33zwAhhBAXL7s74aRy+rEqBW53GsNHjCAzK4PczHRGlYxEmSZNTU1o0wQ04WAIZabhTstAYRIIBAg0+fEHg0S0ImRHKD30Be9s2sDvfvs79h0qo7ComOKioXSljLZbYxdCCHHBkmBVCNF/Kjbyb09G/37lSAp7u789q5nzJGxcOr0LIU00FMrr3iMeLsUDuvaBV3+Jh3F9FBJWvfH3PLjJuX7tQ7R+Fr++3X30zbWIB/49eDy1J/G96eDRNkDtSMVxNgIwlbHFiS9U897bmwHYePR4H5xxxz5et5yNwMp5bQPSV3lwE7BpOaO7ej58xlPznoZNy3kkFgjH/jmwaTlrEz53PXkPBvxzK4QQ4rzSuusBpVIKZRgow8Q0TfKGFpCVnUFWViaF+UMZUTKSYDiEsi00NhErhGVFUC4PhtuL0jahcIBgIAimi5yCfMxsHxUtDRxrCeL35ZA/fBg+X9o5x2JrLa0AhBDiEiHBqhCin1Sz/h+WR0Mj4MkFXQtPOgxwooENAI+xfe3CLge1K7eWE6iNPrY+5ixc8Dxfx5bV7uWlBT0+USAWtPV3CHvu8HhONNjeuHQ6o5dujm+5cl6qa93B/lJVH54r8IxXYiY/2lVfJr0PnTwOPM/CNqPtsAq0nVhlZev7c8OKVMfZxMroFgvX7O1wLI9fB4WL1nTyeSonsGJU9Fp2/pmo+vpz5y9PzOKGxBdioSa38dJ917bfsKNgOvYzsmk5o7sYTN+wInbeT/Nv8fcn4eftiU0EVqQYQ0rX8nj0vdq49FU+pjW4XbhmL49fl3jcc73vre8HAAueZ8l1CCGEuMjZds8Syry8oeQPzSfdl4EvzUvJyBGkpWXS2NBCIODH1hahYAArEgEUpmkQscI0BxpoaDxLoLmZTK+bUSUlpGfmUlCUR+HwHJRx7tv8ezpmIYQQFx6ZvEoI0S8+XjW9NRg6sIZbPlrqBHvdCmkS97cgHrKs3PpwPIT6eFUJ791SnhTY9LeqN6Lnxm39fOQCFq8tZ3Ena8THdo7r3noOnfmMp/IWJIddPd7XxSEejHa3InvP6tYQFJwvHp6E2M/L2Pdir23mwSklPBhf0Xl98XUPE6h9uOP9Lnier8/x5cPHq1qD95iNS6fjXdpmxfjYnC8pHr+u7bZPMyfvaRaueZ6rly5P+Hw4y5P3/Rjbax9ODpFTqdjI4imtX8wsXLOX9YsKzrWVEEKIi4Btazj3XFHtFBYUMjSvgKaqWjSQ5vYyYuRojh45gsdjkpWTSZrXRcgK4ja8aKUIBwPUnKog2OInKyMdu6EFd0sAj3ZRUlTAiOH5dKkNwIAHqwd4e+0+GibN5d4ZRe1eLd2yju1d+PI/K3H7w1t44dgIls2f0rpCzS5e+U0T1yyZz8Q+GnnPdX7OKdd/vZ4Zd88iv4M1SrdsoObau7gxv3vbCSEuLRKsCiH6RawFwMI1P2NxMb3qrVj1xtJ4iBMLdpKWP1nCSroY2Fzq9qzGO4/ka7VndUIQ2vY6VrN+1S4Aqt74RUK4nRxmf7xqdfRvn7E2tq+24V7FRp76qM14Ni1ndN7ycweBxQtZX9u2ZnWgtd6uv3DcqJ7tIn7eCaF1vIVGwnsRDxrbtgzovaT3Mn6c5M9B2xD2hhXlBG6JhcMJ6y5ayONttuluKJoczEeD5D4+ZyGEEIOXBixbYxqdB5paa7St0crZyg7bGJaBwiYSsbAtTcHwQmpOV1NeUUlBKMTQYYDbhXK5MQBtWwT9LUSsMCHLg1aaRn8AT8ZwLr9iHIUFOa2NXDtg2Zrexqo1uzfwxhcZzEkKLCv54PVtHGyKPi2elhxyJijdso+GSWPI/uJDPhjfNhh0jJh1H3dM6GQQh7fwSm3CsffVQFMNL6zdF12Wz4jiGhqB7WvXsb2r++0m51r4nSc9PefDW3hhV03K7d5YW9ZmiY/J3019zYQQIhUJVoUQ/WL9gedZvG5k+0AlofqtrZQBTELol3QrccVGHkkKXzoOVVfOK2lfZRkL9LqkmvVLYhW4JFR/tlkery6MhkEVseApWoW4LiGciu0jqXKxJyFSR1Wk0X2Nngq0Vo86FZabmbNqVvQc2rRYaBdOF7B4hRNofny09XqPaTPGG1ZEqycrTvCn2MK2VZzFC3l8UfTv0YrLeIjWlfejC1WYfanqjaU8ws86DgUrdrEx+t63rfRcuXUvY3p01M08OC96ndu2B2gjVcVpXMrr2bchZbxaty8l/lz38/sthBBi8LBsG9PovGzV1hrLsgBNRWUVO3d8RP3ZOlyGM1mV1jam4WX0uFE0NjVRVnaa5mCQwkJNTp6Jz+vDcJvkDc9HmWkE/WFO1ZykvL6JkolZjBtXjNtlYijdac2qZds9P9FoAJhVnE9Wm5dqdn9I3bT7WDYBYiHrK7vz21Vnlm5Zx3amsWzGFBi/i1d+s4XSXlaU1uz+kOMj57KIfZSOn++EjjW7eOW9TBYtyWH3+argPLwlGjDfxcTenPOE+dHrlqg7ladtQm1aA9msLlfICiEuVhKsigveH99fwF21gHcZn95+O0mRx+l3+OEHL/C72PO8/0XZzVf1+xjjqnfy0pvHaIg9zxrLPffMhg9f59UD/g42KmDuQ7cxGaB0M6t3VKd+LXaItvsqmc7Dt0/tw5PooeKFrF+RYnl3WgFUbGRxNPRLDl0/46mE24RXbu08LEqqyEt5q3TbgDTZxn+YHg/QAHhyAYvH7WX9otTrp95HSft9HLqNjZsSb5nfzIP/sJFbehQmxULRDs7l0AmqGBWtsEzo27lnV0Jf0Xu6WPHrBMhlW8/RguHJBXgPdR6OlUXD2rYVsN2SMqxPvg29uzYunR79fG3mqdGpx+b0Dk0MK2Mhd/vguetaW2esHd35z8kNK8oJtP0Z60YrgJiUXzyc8/olVCafJyt/JKGqEEJcqrSGiGXjMjufIkQrOHGygjfefIttb7+DO+RnVFFRdB9OuJru8zFu/Ejq6hr485+rOFPbzPDhAYYNL8CX4QOtCTQ14m8KU9fYzFm/xaQhQygsygMMtO64YDVi2b2btCoWANbs4pWKpqSX8mfcxR3xZ0VMHOnjYH0N0BrqlW5Zx/aGMSy6O1rVmT+Le2dt4YW1WyBluOrcPn8y+UjJlbI1u9haP4F75xcBNdS9vovSkVVs/8IPxdPIZwp3TNvCC1sOdFhN2lOlx2rImjQ3"
[DEBUG] 2019-07-12 19:38:50,401 method:org.apache.http.impl.conn.Wire.wire(Wire.java:86)
http-outgoing-2 << "OpYibpyWzwv7vqJmRlE8DO3+OXdBzS5e+U0ZjQAV6zhYPI1ld9/HjYC0AhBCtCWTV4kLVBWb3lnAmA3RUDWVtqEqQO3/y5j39/fD+FIo3czqxFC1Bw4ebTPRD9Vse3EzB2PPUgW05XtZ/c55qCTrbwk9FttWsib2W+WJTee5v+pmNl65qd1kOs5M7U6P06/XxHqr3sZLB8oJ1LYNehP2kSQFSNkAACAASURBVDAJ08ZNm+MTa21/Irpw029573xNgBWbEOmJH8bH11p1eBsLv9n57do33Jc8gdTKeSkmpCpeyN89kbBSfBKl9pMmQTXHDvXkRBzxCaQSH7HJpHiM7e0mQ+p6tebCNXvj78nKealmo/+M954k6Vq2Vuv2/nb9wkU/hHmprlnfS5rcLf75TL5+259os1FCIO+EsM4kXYkTmyVOnJY8OV0nk64lfmEyL/U67SZAE0IIcVGybI3dWWqpNacqK9mw6W1+/esNHPryCNV1DaA02raxrAgKjTJMsrIyGFlSiLIVJ46f4fPPj7B/XynHvjpBdXU9TQ3NNLc0YysLFJimwuOJ1SSlTlVtrbH6rbdqJaUn/GTlxKK9A7y9dh1/zJnLsrtnkc8B3l67hVJwwtrvZvLHtet4+3CKXWWOYdGS+1i25D6WLZnGiLav58/i3vlTcKo293GyqYw/MtNZf+xJXli7rn3v1T46x5oGH6PGJ1SD5mWS1dRETU/O+fAWZ6zxh3MubyQsi6+bP4t7l9zHnGIfk797H4tyDndtOyHEJUkqVsWFzbuMDcO2c9fx0nYv/fFQNFSNVanGgtbaj/gjV3FNvw70czZEK02zp8zjwZltbheZeTcPz0xedPCdl9lWDtlTpidUpCZUqMarX5uoroZYqW7JTQ9wV/Sr2XjQWl7OQaYmVbYOGl1qBVDN+n9IHaom9lvt6URY3ZM4K/u13PIErHySaAXotV2uqFt5S3QfxbNYuACnejVhlvMbbnkMnux5hWWHikc5M7QD770X7YfZ02tWvJD1W48nT7pENDh7u7VC8oYVe3npUNuqWacCMrky9Thl0XVSV02m0C/vueOGFeV8Pc5pVbByXgkk9ff9BSuTPhtAxXEnFIzewn+sKwdJect+a3uHP71xT4pWBJ1XWHe8X0fvJ4KqZv1/JH4GHmP7VpgzZbUTxkaraDvrsdrhpGsJX6j0qopZCCHERSFiaTwuJ9jUOFWoRCtILcviTwcPsuuTj6mtq6MlGOJkzVmGVp4mKzOTSCSCO6JRpompXORmZ1A4NIeAP0T92UaaGlqoqqwlPT0Nw4RAsIVIxCZrSCHjJxSTnZWOYRhOi9UU4WrE6r8Jq0q3bOMgY1g0oyhaXVnFqO/exx0dlVDmz+LeJZfxwevreKV2bvd+D4pXb/r4/9u796ioznv/4++Z4arcRAaIEMFrUNCIt0QNijHRQNKgGBtNGqu/s4KeVX+mbZrbabOO59eek2vT6rGniWmPxpwUrS1qWiHhhNRIQoyXkAgkeIkioCKjI/fLMJffH3tmmBlmuMhV/b7WytLZ+9mbZw/Dsv3wfb5P/LxYAj8ro/7bPN76tn1IYN0pe+/VvuuxeoWaBgjxOKeePfNjdy9h3UQlHA5b4VrJWszft58iJNT1Js2U/O09yictYt1aWe4vhHBPglVxg4ogLXU/aYDu2Cduzl+mokn5289usy79D59Bih980JJNwcl1TL9joOYKlFZSCRA4hgddQ1W343PIq+w4Pj7V3S7zAWitGYV27grSHc5oQwMATy0GhohuBWMedrt33GQpbSvnn5nBF69F85uxnQdFve+xOpByKLsI9NVmPaNuZxqwb/8G1uyHTbmeetF28+u69ka12b+B7ceWWoMw2/evY//XTb/bx1r7EvUZPK+vtG921Bl7SGfbJMoewHWvb6h9vj3s2xmx/G1aYpTl9e3hqrJp1dK3C1nJPlaGtldZtgfx3ayqdLd5FTNY+3YKm57MYd+TmXyx3E3fW5efj/bvRwpL03LYt9/lfTm2Bb9/zHP7s3d9rQCAtBSW7s9Rnn3mRlo8rSYQQgghrpPFYmlvCWCxYDGZUKHCrIKmllbOX7hEXV0NI0YGYWhqpKGugW/OlYNKQ6L/cPyG+4PaC7NFjY+PLwGBwxkR2IChzUhrWxs1+lq8vG8j9aEHGBkagrevL7fH3M6kyZMICBiGytYDwCVXVVoADESwal26P+pO1jkufV/bnWsjuWfF4wCUfuhwuKHMZQOnMMY7XhY2j8fWzmt/PXEeAyOMkAAPpaDX8cz213d+zZ8OVxF3t2MLha+pm7SoPaS1b3bleSOrK4ezyGWu9FcVQkiwKm5+r186wYY7pgKXqWhRjhXXX4YB7NZnW8IfFBNCSeZOTtQrxx2rS9tVcbBQGR+dmOTcM5YisrYVKiEtAP5MXZbisRLV3jogMIDwXj5D71mDIltwtPxtWpaDbRnwvoccwlBrX8hOK+mcNnl6lk+2LwV79Wqixz6Y0PseqzcGT0HYaGLTgP24bZsQMedBlqKEY86hZ+fs30+H78tX53Uw0/H7ZwtOHd7f/eWUMZA/jX1g5kZaikezMmGD/T2yB5sX57E591n22T6baQ+ysA9C8Yjl69n0ZA6beJXf/HUVu+Z4HusYqto3Tdv/Kvs+17FyudapV/HLC9t/Ftz2aLUH1u42MrPRMmYybFq4HmzBqhBCCNFPlOX2ZjRqW+WqBbPZwomSEgo+/Yz6a1cJDvAibFI03525yFV9AyVlFTSZTUwzGYmNigKLCjUqvL01+Pv7EuBvQKNRY7J4MWlKPI8/8TjBwUFoNGp8/H3w0mjaQ1VsAary2mgyD0wLgO5UaV6PgFiW2/uFFvP37Rfcj3PsO+pG31WqOmqmRg/2Zqb6BuoDAnrX23TiEqZ/+B5/P6XMt33jq0inMesmQumHWUrbAXvQ6kqp3O2fZxdC3CgkWBU3qQjmhsdBeanSVzVrsOejqCsuxLHDa+WhPRwcuYJkx+yptFAJXgPHkNRlt/VmThwtItnN5lS6gj1K1SvuAtpB4NCDscwa/Cx9u5DN/Is1YGtfPs6o0WwCNj3pISB1CIaU8Mga+Cx/m0/OKpWMmxY/SaxT5aJtmXlvNhLqnoiYKUAOfV5t2i1dVX0qIRieQuNRS/nJCxvY9xLWKt5yl0DtOC+vrWDt9qWUvRbNPxZ2sTz74j5W/hw2dxrQ9izI3pRbycLuDe0/o5ayS7/UzXEtEaPmKZ9fUtjx73214ZJL1WrxaLejbJW8TmZu5JMXXmXBk5l8MWc0v3HoW9ox/L4+sQv3s3YmbO/1nYQQQoiu2YJMiwVaDK0c+fJr/vDf/83Rzz/H11dN5MhwYqNHcUfcZL744mvOnbvAmcpL6BubidJWMCYigoiAYQz3H46PTx3+/n60WbwYNmwY8QmTibhNaw1TlT4DtghX5bJr1YCFqkDp8TKYtMht9eT1S+ChFS6v13bSK3XUnW57qV45nMXhvpwW0L5Z1WdcmTiPMKr49OsrRN25pNebRsUteRw+fI+3PoPASYucQ1V3Ji5hXWgVV8LaN82SilUhhI0Eq+KmpZ35Ckd5jlm2/quhvySLF0nXQ0LgINXHRSeyMXUKUMXBzFxO1DdTdroKtLZ/kNurVYNiJrgJQ6eQnmENUW09VisLySqd4lD5aru39Uu6rYodeLYejJt+tJTY8wfsxyOWv03LnH2sTCjnJ9awzjEY2rR4Cwsdgz2nStWOy77b+3nmsObn+1hoC/T6cCOhLjn0MVWWVVvn2c9f1qNjW/BbXGSvXrS/v9a+sPz1SWLOrrcvC3fuieqm8jVtK7bVV557oT7LT5Zr4SJd9PdcxV1ouctTj023dOz6XbcHDzjbZmpL3/6Pbm+O1R0Ry9ez6e8PKlXEF13qQp16ke6Hxc4tF+56Zj+bXkpjge3/C/W4QttzKwClsnwGcNzpuNuQF2sP3icdDnSrHUj//0JECCHEjcVktmA2mcgv+IJt29/h6y+P0tzYRJvRm6orDYSGtTEmKowlDy7mVOkZjn1ZhK7mGg2tzVzU6wnz8SfEX40KMybAaDahsUBtfQP1DY2EhARZe6mqQKV2"
[DEBUG] 2019-07-12 19:38:50,401 method:org.apache.http.impl.conn.Wire.wire(Wire.java:86)
http-outgoing-2 << "CFUHuFIVUDZygvqLzr1NnatNe+bCZ0qw2JnASS4HLn5t76XqKqo/OgRMXMKCc+/ZWxUETlrEY72sDL1yOIu/ftusvHffg9y/5fFWRdfv4xX91+T+LY8gqU4VQriQYFXc1LQzX6HMXk13gq1ZAHHcPmJw5hMUYotKI4mP8edEcTN1NTrAGqzqTlNWD+BP7IQufvupTWJW9DnyKqFOX2W9h2Oo6rDR1RBQBu2bM513OTlqKbv0AMd5+SVQAtP/gJ8nsmbyaGKtVZ/OfTxtoWonodD+DTz113nsWq7l8ucHlCq9tNHE9ssTOj/P5rcPsM+x5+iA6tjLFFKslb5F7CiuZOHnTxLz5AH+cXGpUv35Uhor7b1prT07nULsdksfmkcEEOFpgy3HoMxxcy6X+XSnF6pbFz+z3i+FpXMGvRbbiX0ztbStbHZqY+HcB/Xydd19Bs9vt76vto2x0kYTa9vczf6+H+dl2yUOgevSt7ey6ckNbippPfQwdrq+s1YA7rm2Fuhs8ypP2n9u+6alghBCiJuLWuPFmNhYMBloaW7B288XlUqN/lojXxWd4dIFPWPHxzB9+p2MHz+OEye+5ZvSU+j0emp9ffGp1eBtMqIxmzCaLDTqW/nks88YlzCGlelLQa2x9k617pAFmC0WjCZL//ZU7dBDVOkVek8ffokul6+f+pA/ufZLH9CKVUXcksfpdY2Iw1L+QJeNqB5bO09pc7D9PWubA3/ikyIozy+jnjAWLFHGhU1cwmMTlWd9a7uyh0XUPKlWFUJIsCpuZiffYivr2GDdpOrLgy/yOoDfAuYOcMPR+LFa8ip11J0/jW5uJFqqKDmv/IPcHraC7nQVdQCBkcR32Pg7n6zTE0i3b2ZVxEnrUv+gUOWYriDf3kZg1aohsPzfwfPbHZan2/p4ulauWSmVflpwDHsu7uMpp6AyhzUJ0axxOOKud+q+JxN5OWY/2K6dfHvXS7Mdgjt7lZx1kyZXbvtS4tBz1NEod/fwEGq5+Xpu7+nEIWTuUAWoY9faf2GpLcxcvp5NT6ax73MdY85aNzlyDSk9PHO3z3f2fD3hEA462pTrLpjt+LlQdGPzpV7qyYZYZWeVz6N98y2bbm6idvl8kfKXybcT4foe26uzc1iz2PFnZh7P6ytZ+Fo0CxKiWdPDjbsGhvtfCvRdSwUhhBA3m7GxMez+n/9h+7s7efudd7CYTWBuQ6MCizc0NBs5W3GWoGH+LJh3J0seWMy3JafZu/d9rrXUolFrsFhUYDGh1vjQVlnBkSNfkrLkfgKHD8dLrbGHqgNbpdobnS/p71ZYOXEJjzm+DpvHY0vcDw27O52HejjDvtfJM1t7pnrkukEXwHj3Jbhhd6ez7u7rm6EQ4uYkwaq4qb1eksbrJY5H4tg8M3XgA8e4RKYW5nKi/hyZ2845nNAya257GwB72Oq2DQDUFeeypdj1qJY74pyvp8PX8WfqMpderoPJU3/Kvrxm5jw28Wx7GwF9IbFr/wUe97zkuMx1Z/sX1vfpUu7+11mIqWXl9rcdXs/g+eKtrExIZAF9v2y9T3Xne9/Dz8dl1+91bx3b0mWo2mFpfIeqVhyudw0Y3QSOaVs5724Jva2a1UNVsPLLAOV+MaEbelRB2v+66hEshBBCuLf2idWk3L+YzF3vsfvP72JRQ2ujiarqNlpaQwgaPxHNcD/01eeYd088yffMZPN/vklRcSkWC6hVatS0Ud/QwD8Ofkbk6D+xdtUKtCNCADVGlJ6uQgghhCNVi8Eo/zzcYmzLViwWC2azGZPJhMlkYkRw4CDP7Projln7qPqt42iqQ2hanc36T9/iA/vIVLLS1zF9UGYJrr1POy7VLyJrWyGVeOqL6no9LpWp7dd3NMSCVSGEEEIIMeRdq61Ho9Gg0WhQq9v7jLpu4jTU1NTU8GHuAYpKvqK2+RrBIcMJCPaltqYOQ4sK/RU9cbePY3JCPH/Ynsmxo6VYLCpUKjCZTHh5q7g/dQkZ//RP3DUjEbVaPdiPJIQQoh+0Njf2+h4SrN6CbrZgVQghhBBCCNH3btRg1ZFOV83p707RaKijsUVP9cVyjhwqoPKCDosZHngoFd2VFs6dvcC4seOYdudU5syZTVRU1GBPXQghRD+TYFVcFwlWhRBCCCGEEF25GYJVIYQQwpO+CFZlTYMQQgghhBBCCCGEEEL0kASrQgghhBBCCCGEEEII0UMSrAohhBBCCCGEEEIIIUQPSbAqhBBCCCGEEEIIIYQQPSTBqhBCCCGEEEIIIYQQQvSQ12BPQIiu6I49x6zy0m6Pf2D0Nt6cGWF9dYKtWe9x+z2vkBbuMKg6m/WffkKK6/GBUJrDlkOwKCOFeACqOJiZiz5xNelxroOLyNpWSuiyFSSTz469DczKSCHe8bgWSrJ3cjRkMWvmRg7wwwghhBBCCCGEEELcmiRYFTeG0F9Sljy1y2FfHkxjm9PrF3kd4NM0nrIfTeVnodl8AHzgdBx+Fr+fDXf00Zw9iUthIzls2ZYDGSnEE0nyfWPYsTeHkjglbNUV7OEASayZ24376fI5Wgl1lblsKXY+FT3fXVg7NBRdg+wLcPwqXGhSjkUNgxkjITUKpowY3PkJIYQQQgghhBBCdEaCVXHT0h17jvSmdRy9B148Br9MTUULKFWskJW+lIrsDCrGDUCY6iouhY1xVRzM3MmW+vbDedt2koeWqQndvVEVBz86BwljiC4+B0M4SHX0SjHsLe94vLxR+W9vOSwbDc91+30QQgghhBBCCCGEGFgSrIoby8m3iC3J7nDYefk/UJ3Ni9ULOGoNU98c9xbrj13ml7yhtBUI/SVlRDA99ZdszXqO/SMGoSUAkSSvWk2ywxGlUjWRePIp684tThdyIjiRjRO06CbAgb072XLIn6nWFgFD0Y+PwmFd1+P2lsOlZvjtrP6f0y1J59haQnSXtN0QQgghhBBCCGEjwaq48bi0BXBd/g9AeCpvpjq8vmMOCVkZzPJbx9H0n1KQnUFsVipZ6evYkN51i4G+o/RTLYuxBjOlOezQJ1pDmipKzjcTlBgJejeXapNYk2F7MYX0jCkA9mBWSyRrMpJQ+rLuJGsIVq++Utweqo7wAT8NqFzGWIAWE1wzKGNfKe5h5aounx17z1Fnex2dyMbUKW7OOQfQuoI9ZBY3Ky8Cx7BqVRK2bNrxXFDCQIRqzj107QYkDO34tUuyd5JXaTvv/L45nXN8rykia1sh9lMD8HnUFewhsybOYQ7tc+yfMNT5GWFot98QQgghhBBCCNG3JFgVN7fqbNZ/+hYfoPRPLbMu+U9L3U/aybeIzUoDlIB1+oBMSKlSLcneyZbsRDamJhKbmc/BCStI5jRl9VpmxQEFnq7vGOS4E5SwmDVDLNwpuua8/H/1WFg0CrxcklWjBfIuwmbrfmV7y7vfc1UJQGHqstVOgWlW6RTSR+azY28VsfZzRWRlF0HqFOW685GsyrCGqaU5ZJWiBGSlORwgiY0ZkdZg0/r9GgoVwaU5bCkMcAqBe0tXUEpldBzptvdoWyGV0YlszHAITDPz0a1Kojp7J3m0n9MV5HBQN4VkrXId81ezMQ6gioPZ+eji+m6e160vw2ldDXVoHTaiE0IIIYQQQghxK5FgVdyc7IFqHJvv2UbKsQyeKknj9RKXcX7rOJoaze6sNNIZoM2rgPjU1fYgJvm+SHZ8lE9JTBV10XHK5lWdXt15kFOSvZOjfTnZPpJ9wfl1gxFqDfB+hVKhCuCrgbTblXOu13YZrOryOVBMhzYI2rkrSAcobaAuOs7h3BTSrVXN1TXNRCc6hH5xKco11r+vsd9sArGB59BfhW4nhDXHyPzLN+hGTuYHy2YS2s3LBodSNR2dqASlJdnWUNWpAnQK6ausY2v9mXpf+znt3BSlglpXQ13gGB60h/uRJKf2pFrUxHcf7+HAWbjj3hUsGavpzUP1r8AABryLiBBCCCGEEEKIIUGCVXFzCk/lzXSHXgCp+0nrZPiG9P1s6PdJOXCsNNQmMSt4J3nF/kxdNqXra520VwYO9eXHx686v77cAoHeSmD65VX45DIkhCjtAapaOr/WHd3pKpfg1MXIAIIOlVor"
[DEBUG] 2019-07-12 19:38:50,402 method:org.apache.http.impl.conn.Wire.wire(Wire.java:86)
http-outgoing-2 << "Kp1PhYf4k1fYjYpKnUNVcXfV1lJntv4JfRastrcn0JG57RxBCYt5kHwya+JYRKF1eb6WRRmJ6DJzOVEPrsv4O970NGXYAtEiTlZ29pmMRBvcTN7RIpJdlt6jDSGovpD80qTr/FzWoq81gBn0dbX02btWmsOWQ8qvLfK27SQvOpGNqSitD+ZHUnZIaRMRlLCYNaGF9rF0CJetrjZQV6+8/zBQbSKEEEIIIYQQQgwVEqyKG4/+RWKznA89EOBp8GX2Z2fwVIun8zCwrQAUOn0DQTGJ9hAvPMSfLtf3u71RDXVA3aEcSuKG9nLkC03Or6ualTYA39TAsatKoBroDRoVXG7u/Nrrok3iwYQ9ZO7dyQmXHqrauUlMPZ9rDyhdw7H2PqLXsew7JplVD52hLnA80T2acDMn9u7kRMcHsc55BRtDnVsB6AqAykJOzl/NxlTrvLflM3XZajZqrWHsR/nEe2gdUHL0HMQs7nYxbnxqIie3FbJlW6FLb9EppM+vZMuhnWw5dD1L5UOZ9dBiQisgdmwPQ9VKZT6ugkKAuBQ2jnRtBVAENHOiEFZlrEary2fH3ly2RCeyMSMF2y8vskqndAyJ41KsrQ6wjsslK3To/5JDCCGEEEIIIUTfkGBV3Hi6s3mVC49L/KuzWf9pRZ9Or2sOm1QBUER+MURHwwlr6OVZ+6ZVUMXBj84RlDAGihvsI2xtBjxt5DNU6FqUFgCB3vDDcdBmVpb8t5qVc/1BO3cFG+cqgaNziKr0vk22hmNbip0rO9tbNygbg53sUYWwhqBRdxDU49m6qS619gftVHSifW7xY7Xk1QYQb72HNjQAznu6UKlQjZ3Vk4pL6+dRl8+OvS4hqjV01BXsIdNeHdqDz6J3JOPG9mAqNm6+TtftMfyZep81bLa1exhru4eW0ED3+8k5m0JSQimZZ4sgbmj+zAkhhBBCCCGE6FsSrIobyx3r7BtQ2UxP3s+bXVz2urv+qnapZPTB1LpPh75eyx3W8Ku9j6WWg5m5yvLpuSusfT3ddVut4mBmLifq/Zm6bDXp5LOjuOOo6ppmgkIGfasgu6hhUN7Y/rrVDGbgVB0YzeClhhE+oLKec722K9oJkQTtraSEKV1WR8anriZel8+OvYWUzHWsplSCQl3BHjLdLXG/icMz502rAKZwR3QhR09XgbaLsFWbxJqMJCXALKgi3qHiVwmzi8ja5r4NgxBCCCFEf6qouMChQ4c5fvwrvvnmJOfPV6DTXaWxqRmNWoOfjw8R4VpixsYQHzeR6TPvJGn+HKKjpb2PEGazGYPBgNFowmQyYbGYu75oEKlUajQaDV5eGnx8fFCr1YM9JXELkGBV3BjcLP/3xF1bgCFVsaqroc664U1J9k7yasewapUS0iXfN4Yde90v629fju5vX9qtmEBsYK7SM9LpCi2LerRhUP+aMdI5WDWYlCrVjAnwuTU/Xj8RTBZoNXW8tkvaJGZF7yRvWw44LD3XFewhP3QFSfo9HCDJTQ/MKg5m5sN97nuPlmTvQTfLdq6I/OJmouffXKGq66ZVNvGzxnB0by47cGyPUERWZg1Jq0LI31bJHe6W+ZfmsOVs9JCtlu4rOl0VWlvorMvnwE352RBCCCFuPFf1tbz3XhZ/3bOXo0eOY0YFWJzGqCxqjGYjTWYzZyvKOXuhgvyCo3jt2INa48PMObNJe2gBKx9JJTQ0ZHAeRIhBYjabaW5uoa3NMNhT6RGLxYzRaMZobKOlpQVvbx/8/f0kYBX9SoJVcWNwWf7vSce2ABGkpe73fEF4Km+mez7dH3Snq6gLjkNbmkNmrXOvT6XyD6dNdggcQ5IWtPbl6K5sy9iHttQo2Fve/rrRBO+dhe9Fw32jlGOXmuBvldBk6nhtd8SnribctvTceiwoYTFr4gBWMCt7J1vsHxBlqX08wKo4srbtZIvtVGB72B2f6nyu/X5DQFw00YcKHTavuk6eNuXSJrEmI8TaHsF+kEUZKWiB9GU17HAM9KMT2Tg3EkhhlX6PU6/T6Pmrh0a1qtbhFxHWzauu+1ZXC9myt72qPPoG2EROCCGEuJlVXKxm87a/8Mf/OYCxqRZjXZXHsSqVBR9vNcP8ffD20TAywI/YMTFER0Rw28gwtAEheF+tZu9//YHYKZOZNu8uRoZ157f9QtzYDK0Gmpr7YpOLwdfWZqCtzcAw/2H4+PoM9nTETUrVYjBauh4mbiYWi8X+p9lsxmRSyvpHBAcO8szEze6VYudwFZTNqoZbf8XTaFQqVh0tGw3PJQzM/G5VJdk7ORoiO9oLIYQQwtm12no0Gg0ajQa1Wo1KpQKw/zmUvLz5Hf7jjXcwm4yosGD28gdDEzRcxmw0grkNW9Wqn78v2rBAEsaPI2XuHOYl3sm4oAB86uqwlJVjqryI5eo1LC0mTD7eqIL90dwWgWnJ/fhPnTy4DypEP2ppaaGlpZ82vBhkfn5++Pn5DfY0xBDT2tzY9aAuSMWqEGLAPJcAl5rhsEPrWJMF6trcj79bK6Fq/7ueTauEEEIIIYaGr4pO8eOf/5ojXxSi1mjAbAFUaDRm8B2O2ms0ppZaVC21qEyt3BYdxsJZM1mb/hDTA4NRF5XQlvMh5gvV1F++ivlaHcbGZsyGNsytJixmsGhA5auCP+6iJWURgT/bgFeU/G8ncXMxtBpu2lAVlNBYrVJL5aroc1KxeguSilUx2NxVrrqSSlUhhBBCiME11CtWM//yARn/dxO0NGMBzBoNmM1YzCbUKjNqLx/w8kXl7cVwbzNTYsL40Zp0Fgdo0Rw+SvPJ79Bcuoyltp62+hZMjU1YDAZMZhMWlQqDug0vVJg1Giw+PsrmPUbwDtUS/u5m/BbMGey3QIg+YTabqaurG+xpDIigoCDpuSrs3FWs/vCHP/Q4/p133ulwTILVW5AEq2IoKLoG2Rfg+FW4YG3hEzVM2agqNQqmjBjc+QkhhBBCoHqzRAAACxhJREFU3OqGcrD6n1u28cLzL2HWeGHR+KJWabCYjWA2YjG34WUxo0KNGTW+w3xYlDybTT9YzuiSk7QUHEdTqYeaOtQNDRibmrCY21BZzJgxY1SrABW+3hraom7Da8JY1JEjaDW00lxRhaH8AipDK7e98isCVw3whg1C9IPGxqYbbqOq6+Xt7cPw4cMGexpiiPDUCsBduOouVAUJVm9JEqwKIYQQQgghujJUg9Vvi0uZO3cxbUZvUJmwaCyoVT6YzSospjbAjEblDSov1Oo27k1K5F9XpBFz/FssxwvhwhU0dc2om1vwthixqC1KCwGLBZNKCVbNXhosk8bjtf6HDE+7H7W/P5yvpOnSJWpOFFPz/gcYSysY85t/J/jRZYP6fgjRGwNWrar/mF//6gLfe+MJJroefxfWPHUvyvZw1Rza/GuOTn+ap5PC28edepcNOVH8m33c9ZOqVWHTWY9Vx3DVU6gKIJ8kIYQQQgghhBA3hJbaVi6eucTI8JGofX3ReA9HrfFFrVbjpVErQbDXMFRefqjU3oSOHMHahQuIOP415sISvK624DMsEP8xUfgnTsQ7fjyamCi8Av3xUakZpvZmuEqNT3gwqhWp+N93L5wqx/jeXzH86jVUBcfQLl9O1C9+gurOcZx55kVqP/pksN8WIa6bwTBAlaqh9/L0L6L420+f48+nrMdsYatTWBrO/KdeYQ3vsuEvxe3XT3yCf5teyL86HrtOA/bM4oZmC1M7C1VBKlZvSVKxKoQQQgghhOjKUKtYbTMYqb9UT/mFCl7//VvkfHKY1mYDGA1gNqPszWxBrVZjsRhRGY2k3T+HZ8eOJfJcGWq8MZlUqEcE4BUSiiU8BPXwYQSqvTFcqEB9qgyv785hLi/DNG0STRvX4FNyDs2hfMx1daibW7DMTkT1f1ajCY+k6tOP+e7Xf4Artdx9+H/xGx3dZ8+q/+DHpL/2DY9uzuWfE4DirSQ/9T53P7OTlx/oauOsKg68sJrXjgCPvsrBjGkeR5ZsW8yPdjsccDPeNpfOxjjda/YGsl56mFDHk7r3eX7lVg7bXruOsT6fK/vzu5sHAJN5ZtdveVDrcMj1Xl28B7e6hoZGjEYPuwn3lVPvsuHNrgPR"
[DEBUG] 2019-07-12 19:38:50,402 method:org.apache.http.impl.conn.Wire.wire(Wire.java:86)
http-outgoing-2 << "MctcqlSt1at/Pu/pigQ2ulbAdoOXlzcBAcN7eJW4GXVWsdpdXn0wDyGEEEIIIYQQol81N5hoM5kJ8RvOwwsWUl59laIzZWAOxGQ2YTa0ojG2MCFqJAkTYmgyG1k8NYHhldVcU2swThlLi64W46VLGPRX8L0ajP/tkQSPGY3/PbPxf2AhnCnDcuRLjMM0+FhAfew4aINQPbEC85lyLJ9/juXtP9LsH0zwiu8xbMYUdH/7X7554f8x/b1tvXq+Ay8sVsJQB7ufWoxj7nn4tdUkv2Z79TC/y9sAruGo0w2eJdn1nD1o/IpDrud2P0sy7UGk2zDTaYxDiOuJa6gKcGQr6S/QMYDtJffhq+iMyWTqxdX1VJboCYqPIaizYROfYOsbjgeqObT5QyKfchOKOrUMUKpX51tPXc3/NXkRT/P9niapLnr3zEI4k2BVCCGEEEIIIcSQVqdvpvLbarzrdZiqLxPl5c3U+Mmc0elRWdQYzBbamhuZETGKNXdPZeFds6kfNRz/Sw3UNddTUlnMsOoAJoaG0WLwpfWaHqO+gcLTX+Pd6sWoqFFo75xM0OQ4RvzgESyNDWhGR+O1MRwitXjFjact/zMsjY1w/AQNtSfwfughhk9P5MI/DlGWl8dtB/O5LTnpup/xwZdyedD6955UrJZY/3Ss7nTLXVXoo25C1HPl6JlmDzzdVo3u/pSSjGnE2+4zewO/W/AxP3ITauqPf6yEqrYqVVvQeuRjPtc97FRt2p2KXI/PqXufV61fv8v3QthZLOZeXH2egj8WMu2NJzoPVnsi9F6efqOYP//011T94mnm92XybtW7ZxbCmQSrQgghhBBCCCGGrNZWEyWflOJdVsLIohME19XSMn403iYNAUFajOZmvFqNhIcG88Q98SydEEMgZlRhIehMZr5sqKTK0kjibeGEhAyjzTicFmMTudXnKLp0kVCTD1HGeuKry9EWFhI2bQZhMxIIs4B67BiICEWl8cZr+gzMsWNp/c//wlx2jjb/MEyBYVi8vGhubeTsjvfwiZ/ESG3YdT+r69J8jxWrnpa3W0NLbAGlNUx9dHMu/9xh8DT+OcPNJMaMtoeqoQ/81um60OjxgGN4GmkPhPUffOz2mezX2O6rnU3SbDh8ZDyx1lBVX3nG7bWOLpV3XolqD3AffVVC1X53kWN7P+Es1zhFPVf3ZvIVscxfNoeOsXgxf/7puxxyd5ufPudyIJzv/+Jp5ocm8P035JsobgwSrAohhBBCCCGEGLLOfHmWln/koP3iY7zPVqA2eRF2LpbJ48fwtTYUfbMRg6GB5MmjuX9yLMNMJkwmA5pWC+VnvqX6u5PMSX+ccbF3oPvkQ0yXLnGpvonaFhOVJhPfXrtEhLqFCVGT8G2p5/wHOdScLaVx5p1ExsXjdzkc44TbsYwYAdVXoLwc78hY2oaPoP5iFa2tBgwGIzW6KxR8eJDv/eCRXj6xm76hNm6W1cdn5HIw4yt+v2gxyShVn0+UryZ5EUoAu2s0z69UznWo5HStYp29gazOerIWWMfOHs1t3X2chEd4Zvb7vObSluDuZx5pr3i1cmx14KnqtD1sdnyfqvj8E2u16lz4/SJ3Y4Q7KpX6Oio4A4mcOAl/yqjKv8jYiZOIZgTD3I5N4PtvvML3HQ+depcNb1ZbQ1R311RzaPO78MTTRH78HFsKHM89Zw9pO/Zk7R6VSvZxF31HglUhhBBCCCGEEENSa4uRM7v+RMDf/4KmSo+XxUSjWoPPd2eYazbSMDWOgqBQ1OoQ5k2KIWpkIOZzZdRo/NCfPM03eR8RHRfP5Fl3McwI5hGhnDpbgW8bJIePJNZ3GB9UlHO2rp5LZgOzwkPx8VNRW3ae05erabx4lZhJk/HRX0E1dRKmoiIMZRfwmjafWlMjl48doaGuDhPQ1NTE6U+PMi9lEaEjR/Tiqb/htZWLea3rgUD78vy7n9nJwQcinatedz/L7+fm8nLew9ZQdjHPd7bc/shWdhc/7DbQ1H/wY/t9H328J71RI5mzYDIccaw4nUzSjPY5uKtG3f3UYrCHq1WUnXMd8Q2vrfwxuASnu5961mXMVmLzNnQIcYVCo9FgNPY8WI2On0Y0XpRQz5j4aT3YQKqYP79Zzfd/8QR8/DFXH7mXka5D9MUcJZE1oTDykVfYav1dRV/1WNVoNL27gRAOJKYXQgghhBBCCDEklZdU0PDRfgwXKqmxtNFkAZXJhKm1nuCy71h4vpz5wf7MnhBLXHQY6hG+tN0eytcXv+N/d+/i4vmLxN2TTIDKG5+WZkLGxTJ2+lQsfiEYfUMYHxzBkpjb8fXx4mpDE81mI76hw4m4LYhgg4mqz49w5tgX1H1dhPnjz9AEB+P90400jo/izO53qD3+BUaDAYNaQ6sKvL3U7Mrc28unnswzu3I5mOfmv10buNtldOgDv+VgXi4vP6BsgPWj3SiVp3mv8ihKQJm87SvQPszLebnOoWrCBvu9s56ZDMDup7ba+7YqqjjwwmL7plA97V9q78v66KvWr/Uqj1pD0QM6ZUx8huNz7uSZ2crx3QVfWe+itBxoH6M8G3xD/vEqp6939zM7Xca8z6GuN6S/ZXl59SZkjGHuP813s/zfE2sl6vqnmR8azvx7Ycfmj7nqMupqSSFMT+gYuPaR3j2zEM7+P8BeX+agFdJvAAAAAElFTkSuQmCC"}"
[DEBUG] 2019-07-12 19:38:50,403 method:org.apache.http.impl.conn.PoolingHttpClientConnectionManager.releaseConnection(PoolingHttpClientConnectionManager.java:280)
Connection [id: 2][route: {}->http://localhost:60573] can be kept alive indefinitely
[DEBUG] 2019-07-12 19:38:50,403 method:org.apache.http.impl.conn.PoolingHttpClientConnectionManager.releaseConnection(PoolingHttpClientConnectionManager.java:286)
Connection released: [id: 2][route: {}->http://localhost:60573][total kept alive: 3; route allocated: 1 of 2000; total allocated: 3 of 2000]
test05_switchApeAsk 运行失败, 截图保存在: screenshot 截图名称 : TestResult_test05_switchApeAsk_2019.07.12-19.38.50.png
[DEBUG] 2019-07-12 19:38:50,537 method:org.apache.http.client.protocol.RequestAddCookies.process(RequestAddCookies.java:122)
CookieSpec selected: best-match
[DEBUG] 2019-07-12 19:38:50,538 method:org.apache.http.client.protocol.RequestAuthCache.process(RequestAuthCache.java:75)
Auth cache not set in the context
[DEBUG] 2019-07-12 19:38:50,538 method:org.apache.http.impl.conn.PoolingHttpClientConnectionManager.requestConnection(PoolingHttpClientConnectionManager.java:219)
Connection request: [route: {}->http://localhost:60573][total kept alive: 3; route allocated: 1 of 2000; total allocated: 3 of 2000]
[DEBUG] 2019-07-12 19:38:50,538 method:org.apache.http.impl.conn.PoolingHttpClientConnectionManager.leaseConnection(PoolingHttpClientConnectionManager.java:250)
Connection leased: [id: 2][route: {}->http://localhost:60573][total kept alive: 2; route allocated: 1 of 2000; total allocated: 3 of 2000]
[DEBUG] 2019-07-12 19:38:50,539 method:org.apache.http.impl.execchain.MainClientExec.execute(MainClientExec.java:190)
Stale connection check
[DEBUG] 2019-07-12 19:38:50,540 method:org.apache.http.impl.conn.Wire.wire(Wire.java:86)
http-outgoing-2 << "[read] I/O error: Read timed out"
[DEBUG] 2019-07-12 19:38:50,540 method:org.apache.http.impl.execchain.MainClientExec.execute(MainClientExec.java:238)
Executing request POST /session/321baedde2997e3a97edef8a09db022e/element HTTP/1.1
[DEBUG] 2019-07-12 19:38:50,540 method:org.apache.http.impl.execchain.MainClientExec.execute(MainClientExec.java:243)
Target auth state: UNCHALLENGED
[DEBUG] 2019-07-12 19:38:50,540 method:org.apache.http.impl.execchain.MainClientExec.execute(MainClientExec.java:249)
Proxy auth state: UNCHALLENGED
[DEBUG] 2019-07-12 19:38:50,540 method:org.apache.http.impl.conn.LoggingManagedHttpClientConnection.onRequestSubmitted(LoggingManagedHttpClientConnection.java:124)
http-outgoing-2 >> POST /session/321baedde2997e3a97edef8a09db022e/element HTTP/1.1
[DEBUG] 2019-07-12 19:38:50,540 method:org.apache.http.impl.conn.LoggingManagedHttpClientConnection.onRequestSubmitted(LoggingManagedHttpClientConnection.java:127)
http-outgoing-2 >> Content-Type: application/json; charset=utf-8
[DEBUG] 2019-07-12 19:38:50,541 method:org.apache.http.impl.conn.LoggingManagedHttpClientConnection.onRequestSubmitted(LoggingManagedHttpClientConnection.java:127)
http-outgoing-2 >> Content-Length: 38
[DEBUG] 2019-07-12 19:38:50,541 method:org.apache.http.impl.conn.LoggingManagedHttpClientConnection.onRequestSubmitted(LoggingManagedHttpClientConnection.java:127)
http-outgoing-2 >> Host: localhost:60573
[DEBUG] 2019-07-12 19:38:50,541 method:org.apache.http.impl.conn.LoggingManagedHttpClientConnection.onRequestSubmitted(LoggingManagedHttpClientConnection.java:127)
http-outgoing-2 >> Connection: Keep-Alive
[DEBUG] 2019-07-12 19:38:50,541 method:org.apache.http.impl.conn.LoggingManagedHttpClientConnection.onRequestSubmitted(LoggingManagedHttpClientConnection.java:127)
http-outgoing-2 >> User-Agent: Apache-HttpClient/4.3.4 (java 1.5)
[DEBUG] 2019-07-12 19:38:50,541 method:org.apache.http.impl.conn.LoggingManagedHttpClientConnection.onRequestSubmitted(LoggingManagedHttpClientConnection.java:127)
http-outgoing-2 >> Accept-Encoding: gzip,deflate
[DEBUG] 2019-07-12 19:38:50,541 method:org.apache.http.impl.conn.Wire.wire(Wire.java:72)
http-outgoing-2 >> "POST /session/321baedde2997e3a97edef8a09db022e/element HTTP/1.1[\r][\n]"
[DEBUG] 2019-07-12 19:38:50,541 method:org.apache.http.impl.conn.Wire.wire(Wire.java:72)
http-outgoing-2 >> "Content-Type: application/json; charset=utf-8[\r][\n]"
[DEBUG] 2019-07-12 19:38:50,541 method:org.apache.http.impl.conn.Wire.wire(Wire.java:72)
http-outgoing-2 >> "Content-Length: 38[\r][\n]"
[DEBUG] 2019-07-12 19:38:50,542 method:org.apache.http.impl.conn.Wire.wire(Wire.java:72)
http-outgoing-2 >> "Host: localhost:60573[\r][\n]"
[DEBUG] 2019-07-12 19:38:50,542 method:org.apache.http.impl.conn.Wire.wire(Wire.java:72)
http-outgoing-2 >> "Connection: Keep-Alive[\r][\n]"
[DEBUG] 2019-07-12 19:38:50,542 method:org.apache.http.impl.conn.Wire.wire(Wire.java:72)
http-outgoing-2 >> "User-Agent: Apache-HttpClient/4.3.4 (java 1.5)[\r][\n]"
[DEBUG] 2019-07-12 19:38:50,542 method:org.apache.http.impl.conn.Wire.wire(Wire.java:72)
http-outgoing-2 >> "Accept-Encoding: gzip,deflate[\r][\n]"
[DEBUG] 2019-07-12 19:38:50,542 method:org.apache.http.impl.conn.Wire.wire(Wire.java:72)
http-outgoing-2 >> "[\r][\n]"
[DEBUG] 2019-07-12 19:38:50,542 method:org.apache.http.impl.conn.Wire.wire(Wire.java:86)
http-outgoing-2 >> "{"using":"link text","value":"[0xe6][0x89][0x8b][0xe8][0xae][0xb0]"}"
[DEBUG] 2019-07-12 19:38:50,572 method:org.apache.http.impl.conn.Wire.wire(Wire.java:72)
http-outgoing-2 << "HTTP/1.1 200 OK[\r][\n]"
[DEBUG] 2019-07-12 19:38:50,572 method:org.apache.http.impl.conn.Wire.wire(Wire.java:72)
http-outgoing-2 << "Content-Length:102[\r][\n]"
[DEBUG] 2019-07-12 19:38:50,572 method:org.apache.http.impl.conn.Wire.wire(Wire.java:72)
http-outgoing-2 << "Content-Type:application/json; charset=utf-8[\r][\n]"
[DEBUG] 2019-07-12 19:38:50,572 method:org.apache.http.impl.conn.Wire.wire(Wire.java:72)
http-outgoing-2 << "[\r][\n]"
[DEBUG] 2019-07-12 19:38:50,573 method:org.apache.http.impl.conn.Wire.wire(Wire.java:86)
http-outgoing-2 << "{"sessionId":"321baedde2997e3a97edef8a09db022e","status":0,"value":{"ELEMENT":"0.9962400918991225-2"}}"
[DEBUG] 2019-07-12 19:38:50,573 method:org.apache.http.impl.conn.LoggingManagedHttpClientConnection.onResponseReceived(LoggingManagedHttpClientConnection.java:113)
http-outgoing-2 << HTTP/1.1 200 OK
[DEBUG] 2019-07-12 19:38:50,573 method:org.apache.http.impl.conn.LoggingManagedHttpClientConnection.onResponseReceived(LoggingManagedHttpClientConnection.java:116)
http-outgoing-2 << Content-Length:102
[DEBUG] 2019-07-12 19:38:50,573 method:org.apache.http.impl.conn.LoggingManagedHttpClientConnection.onResponseReceived(LoggingManagedHttpClientConnection.java:116)
http-outgoing-2 << Content-Type:application/json; charset=utf-8
[DEBUG] 2019-07-12 19:38:50,573 method:org.apache.http.impl.execchain.MainClientExec.execute(MainClientExec.java:267)
Connection can be kept alive indefinitely
[DEBUG] 2019-07-12 19:38:50,574 method:org.apache.http.impl.conn.PoolingHttpClientConnectionManager.releaseConnection(PoolingHttpClientConnectionManager.java:280)
Connection [id: 2][route: {}->http://localhost:60573] can be kept alive indefinitely
[DEBUG] 2019-07-12 19:38:50,574 method:org.apache.http.impl.conn.PoolingHttpClientConnectionManager.releaseConnection(PoolingHttpClientConnectionManager.java:286)
Connection released: [id: 2][route: {}->http://localhost:60573][total kept alive: 3; route allocated: 1 of 2000; total allocated: 3 of 2000]
[DEBUG] 2019-07-12 19:38:50,575 method:org.apache.http.client.protocol.RequestAddCookies.process(RequestAddCookies.java:122)
CookieSpec selected: best-match
[DEBUG] 2019-07-12 19:38:50,575 method:org.apache.http.client.protocol.RequestAuthCache.process(RequestAuthCache.java:75)
Auth cache not set in the context
[DEBUG] 2019-07-12 19:38:50,575 method:org.apache.http.impl.conn.PoolingHttpClientConnectionManager.requestConnection(PoolingHttpClientConnectionManager.java:219)
Connection request: [route: {}->http://localhost:60573][total kept alive: 3; route allocated: 1 of 2000; total allocated: 3 of 2000]
[DEBUG] 2019-07-12 19:38:50,575 method:org.apache.http.impl.conn.PoolingHttpClientConnectionManager.leaseConnection(PoolingHttpClientConnectionManager.java:250)
Connection leased: [id: 2][route: {}->http://localhost:60573][total kept alive: 2; route allocated: 1 of 2000; total allocated: 3 of 2000]
[DEBUG] 2019-07-12 19:38:50,576 method:org.apache.http.impl.execchain.MainClientExec.execute(MainClientExec.java:190)
Stale connection check
[DEBUG] 2019-07-12 19:38:50,577 method:org.apache.http.impl.conn.Wire.wire(Wire.java:86)
http-outgoing-2 << "[read] I/O error: Read timed out"
[DEBUG] 2019-07-12 19:38:50,577 method:org.apache.http.impl.execchain.MainClientExec.execute(MainClientExec.java:238)
Executing request POST /session/321baedde2997e3a97edef8a09db022e/element/0.9962400918991225-2/click HTTP/1.1
[DEBUG] 2019-07-12 19:38:50,577 method:org.apache.http.impl.execchain.MainClientExec.execute(MainClientExec.java:243)
Target auth state: UNCHALLENGED
[DEBUG] 2019-07-12 19:38:50,577 method:org.apache.http.impl.execchain.MainClientExec.execute(MainClientExec.java:249)
Proxy auth state: UNCHALLENGED
[DEBUG] 2019-07-12 19:38:50,577 method:org.apache.http.impl.conn.LoggingManagedHttpClientConnection.onRequestSubmitted(LoggingManagedHttpClientConnection.java:124)
http-outgoing-2 >> POST /session/321baedde2997e3a97edef8a09db022e/element/0.9962400918991225-2/click HTTP/1.1
[DEBUG] 2019-07-12 19:38:50,577 method:org.apache.http.impl.conn.LoggingManagedHttpClientConnection.onRequestSubmitted(LoggingManagedHttpClientConnection.java:127)
http-outgoing-2 >> Content-Type: application/json; charset=utf-8
[DEBUG] 2019-07-12 19:38:50,577 method:org.apache.http.impl.conn.LoggingManagedHttpClientConnection.onRequestSubmitted(LoggingManagedHttpClientConnection.java:127)
http-outgoing-2 >> Content-Length: 29
[DEBUG] 2019-07-12 19:38:50,577 method:org.apache.http.impl.conn.LoggingManagedHttpClientConnection.onRequestSubmitted(LoggingManagedHttpClientConnection.java:127)
http-outgoing-2 >> Host: localhost:60573
[DEBUG] 2019-07-12 19:38:50,578 method:org.apache.http.impl.conn.LoggingManagedHttpClientConnection.onRequestSubmitted(LoggingManagedHttpClientConnection.java:127)
http-outgoing-2 >> Connection: Keep-Alive
[DEBUG] 2019-07-12 19:38:50,578 method:org.apache.http.impl.conn.LoggingManagedHttpClientConnection.onRequestSubmitted(LoggingManagedHttpClientConnection.java:127)
http-outgoing-2 >> User-Agent: Apache-HttpClient/4.3.4 (java 1.5)
[DEBUG] 2019-07-12 19:38:50,578 method:org.apache.http.impl.conn.LoggingManagedHttpClientConnection.onRequestSubmitted(LoggingManagedHttpClientConnection.java:127)
http-outgoing-2 >> Accept-Encoding: gzip,deflate
[DEBUG] 2019-07-12 19:38:50,578 method:org.apache.http.impl.conn.Wire.wire(Wire.java:72)
http-outgoing-2 >> "POST /session/321baedde2997e3a97edef8a09db022e/element/0.9962400918991225-2/click HTTP/1.1[\r][\n]"
[DEBUG] 2019-07-12 19:38:50,578 method:org.apache.http.impl.conn.Wire.wire(Wire.java:72)
http-outgoing-2 >> "Content-Type: application/json; charset=utf-8[\r][\n]"
[DEBUG] 2019-07-12 19:38:50,578 method:org.apache.http.impl.conn.Wire.wire(Wire.java:72)
http-outgoing-2 >> "Content-Length: 29[\r][\n]"
[DEBUG] 2019-07-12 19:38:50,578 method:org.apache.http.impl.conn.Wire.wire(Wire.java:72)
http-outgoing-2 >> "Host: localhost:60573[\r][\n]"
[DEBUG] 2019-07-12 19:38:50,578 method:org.apache.http.impl.conn.Wire.wire(Wire.java:72)
http-outgoing-2 >> "Connection: Keep-Alive[\r][\n]"
[DEBUG] 2019-07-12 19:38:50,579 method:org.apache.http.impl.conn.Wire.wire(Wire.java:72)
http-outgoing-2 >> "User-Agent: Apache-HttpClient/4.3.4 (java 1.5)[\r][\n]"
[DEBUG] 2019-07-12 19:38:50,579 method:org.apache.http.impl.conn.Wire.wire(Wire.java:72)
http-outgoing-2 >> "Accept-Encoding: gzip,deflate[\r][\n]"
[DEBUG] 2019-07-12 19:38:50,579 method:org.apache.http.impl.conn.Wire.wire(Wire.java:72)
http-outgoing-2 >> "[\r][\n]"
[DEBUG] 2019-07-12 19:38:50,579 method:org.apache.http.impl.conn.Wire.wire(Wire.java:86)
http-outgoing-2 >> "{"id":"0.9962400918991225-2"}"
[DEBUG] 2019-07-12 19:38:55,085 method:org.apache.http.impl.conn.Wire.wire(Wire.java:72)
http-outgoing-2 << "HTTP/1.1 200 OK[\r][\n]"
[DEBUG] 2019-07-12 19:38:55,086 method:org.apache.http.impl.conn.Wire.wire(Wire.java:72)
http-outgoing-2 << "Content-Length:72[\r][\n]"
[DEBUG] 2019-07-12 19:38:55,086 method:org.apache.http.impl.conn.Wire.wire(Wire.java:72)
http-outgoing-2 << "Content-Type:application/json; charset=utf-8[\r][\n]"
[DEBUG] 2019-07-12 19:38:55,086 method:org.apache.http.impl.conn.Wire.wire(Wire.java:72)
http-outgoing-2 << "[\r][\n]"
[DEBUG] 2019-07-12 19:38:55,086 method:org.apache.http.impl.conn.Wire.wire(Wire.java:86)
http-outgoing-2 << "{"sessionId":"321baedde2997e3a97edef8a09db022e","status":0,"value":null}"
[DEBUG] 2019-07-12 19:38:55,087 method:org.apache.http.impl.conn.LoggingManagedHttpClientConnection.onResponseReceived(LoggingManagedHttpClientConnection.java:113)
http-outgoing-2 << HTTP/1.1 200 OK
[DEBUG] 2019-07-12 19:38:55,087 method:org.apache.http.impl.conn.LoggingManagedHttpClientConnection.onResponseReceived(LoggingManagedHttpClientConnection.java:116)
http-outgoing-2 << Content-Length:72
[DEBUG] 2019-07-12 19:38:55,087 method:org.apache.http.impl.conn.LoggingManagedHttpClientConnection.onResponseReceived(LoggingManagedHttpClientConnection.java:116)
http-outgoing-2 << Content-Type:application/json; charset=utf-8
[DEBUG] 2019-07-12 19:38:55,088 method:org.apache.http.impl.execchain.MainClientExec.execute(MainClientExec.java:267)
Connection can be kept alive indefinitely
[DEBUG] 2019-07-12 19:38:55,089 method:org.apache.http.impl.conn.PoolingHttpClientConnectionManager.releaseConnection(PoolingHttpClientConnectionManager.java:280)
Connection [id: 2][route: {}->http://localhost:60573] can be kept alive indefinitely
[DEBUG] 2019-07-12 19:38:55,089 method:org.apache.http.impl.conn.PoolingHttpClientConnectionManager.releaseConnection(PoolingHttpClientConnectionManager.java:286)
Connection released: [id: 2][route: {}->http://localhost:60573][total kept alive: 3; route allocated: 1 of 2000; total allocated: 3 of 2000]
[DEBUG] 2019-07-12 19:38:55,092 method:org.apache.http.client.protocol.RequestAddCookies.process(RequestAddCookies.java:122)
CookieSpec selected: best-match
[DEBUG] 2019-07-12 19:38:55,092 method:org.apache.http.client.protocol.RequestAuthCache.process(RequestAuthCache.java:75)
Auth cache not set in the context
[DEBUG] 2019-07-12 19:38:55,092 method:org.apache.http.impl.conn.PoolingHttpClientConnectionManager.requestConnection(PoolingHttpClientConnectionManager.java:219)
Connection request: [route: {}->http://localhost:60573][total kept alive: 3; route allocated: 1 of 2000; total allocated: 3 of 2000]
[DEBUG] 2019-07-12 19:38:55,093 method:org.apache.http.impl.conn.PoolingHttpClientConnectionManager.leaseConnection(PoolingHttpClientConnectionManager.java:250)
Connection leased: [id: 2][route: {}->http://localhost:60573][total kept alive: 2; route allocated: 1 of 2000; total allocated: 3 of 2000]
[DEBUG] 2019-07-12 19:38:55,093 method:org.apache.http.impl.execchain.MainClientExec.execute(MainClientExec.java:190)
Stale connection check
[DEBUG] 2019-07-12 19:38:55,094 method:org.apache.http.impl.conn.Wire.wire(Wire.java:86)
http-outgoing-2 << "[read] I/O error: Read timed out"
[DEBUG] 2019-07-12 19:38:55,094 method:org.apache.http.impl.execchain.MainClientExec.execute(MainClientExec.java:238)
Executing request POST /session/321baedde2997e3a97edef8a09db022e/element HTTP/1.1
[DEBUG] 2019-07-12 19:38:55,094 method:org.apache.http.impl.execchain.MainClientExec.execute(MainClientExec.java:243)
Target auth state: UNCHALLENGED
[DEBUG] 2019-07-12 19:38:55,094 method:org.apache.http.impl.execchain.MainClientExec.execute(MainClientExec.java:249)
Proxy auth state: UNCHALLENGED
[DEBUG] 2019-07-12 19:38:55,095 method:org.apache.http.impl.conn.LoggingManagedHttpClientConnection.onRequestSubmitted(LoggingManagedHttpClientConnection.java:124)
http-outgoing-2 >> POST /session/321baedde2997e3a97edef8a09db022e/element HTTP/1.1
[DEBUG] 2019-07-12 19:38:55,095 method:org.apache.http.impl.conn.LoggingManagedHttpClientConnection.onRequestSubmitted(LoggingManagedHttpClientConnection.java:127)
http-outgoing-2 >> Content-Type: application/json; charset=utf-8
[DEBUG] 2019-07-12 19:38:55,095 method:org.apache.http.impl.conn.LoggingManagedHttpClientConnection.onRequestSubmitted(LoggingManagedHttpClientConnection.java:127)
http-outgoing-2 >> Content-Length: 78
[DEBUG] 2019-07-12 19:38:55,095 method:org.apache.http.impl.conn.LoggingManagedHttpClientConnection.onRequestSubmitted(LoggingManagedHttpClientConnection.java:127)
http-outgoing-2 >> Host: localhost:60573
[DEBUG] 2019-07-12 19:38:55,095 method:org.apache.http.impl.conn.LoggingManagedHttpClientConnection.onRequestSubmitted(LoggingManagedHttpClientConnection.java:127)
http-outgoing-2 >> Connection: Keep-Alive
[DEBUG] 2019-07-12 19:38:55,096 method:org.apache.http.impl.conn.LoggingManagedHttpClientConnection.onRequestSubmitted(LoggingManagedHttpClientConnection.java:127)
http-outgoing-2 >> User-Agent: Apache-HttpClient/4.3.4 (java 1.5)
[DEBUG] 2019-07-12 19:38:55,096 method:org.apache.http.impl.conn.LoggingManagedHttpClientConnection.onRequestSubmitted(LoggingManagedHttpClientConnection.java:127)
http-outgoing-2 >> Accept-Encoding: gzip,deflate
[DEBUG] 2019-07-12 19:38:55,096 method:org.apache.http.impl.conn.Wire.wire(Wire.java:72)
http-outgoing-2 >> "POST /session/321baedde2997e3a97edef8a09db022e/element HTTP/1.1[\r][\n]"
[DEBUG] 2019-07-12 19:38:55,096 method:org.apache.http.impl.conn.Wire.wire(Wire.java:72)
http-outgoing-2 >> "Content-Type: application/json; charset=utf-8[\r][\n]"
[DEBUG] 2019-07-12 19:38:55,096 method:org.apache.http.impl.conn.Wire.wire(Wire.java:72)
http-outgoing-2 >> "Content-Length: 78[\r][\n]"
[DEBUG] 2019-07-12 19:38:55,096 method:org.apache.http.impl.conn.Wire.wire(Wire.java:72)
http-outgoing-2 >> "Host: localhost:60573[\r][\n]"
[DEBUG] 2019-07-12 19:38:55,096 method:org.apache.http.impl.conn.Wire.wire(Wire.java:72)
http-outgoing-2 >> "Connection: Keep-Alive[\r][\n]"
[DEBUG] 2019-07-12 19:38:55,097 method:org.apache.http.impl.conn.Wire.wire(Wire.java:72)
http-outgoing-2 >> "User-Agent: Apache-HttpClient/4.3.4 (java 1.5)[\r][\n]"
[DEBUG] 2019-07-12 19:38:55,097 method:org.apache.http.impl.conn.Wire.wire(Wire.java:72)
http-outgoing-2 >> "Accept-Encoding: gzip,deflate[\r][\n]"
[DEBUG] 2019-07-12 19:38:55,097 method:org.apache.http.impl.conn.Wire.wire(Wire.java:72)
http-outgoing-2 >> "[\r][\n]"
[DEBUG] 2019-07-12 19:38:55,097 method:org.apache.http.impl.conn.Wire.wire(Wire.java:86)
http-outgoing-2 >> "{"using":"css selector","value":"img[src*\u003d\u0027article-logo.png\u0027]"}"
[DEBUG] 2019-07-12 19:38:55,120 method:org.apache.http.impl.conn.Wire.wire(Wire.java:72)
http-outgoing-2 << "HTTP/1.1 200 OK[\r][\n]"
[DEBUG] 2019-07-12 19:38:55,120 method:org.apache.http.impl.conn.Wire.wire(Wire.java:72)
http-outgoing-2 << "Content-Length:103[\r][\n]"
[DEBUG] 2019-07-12 19:38:55,121 method:org.apache.http.impl.conn.Wire.wire(Wire.java:72)
http-outgoing-2 << "Content-Type:application/json; charset=utf-8[\r][\n]"
[DEBUG] 2019-07-12 19:38:55,121 method:org.apache.http.impl.conn.Wire.wire(Wire.java:72)
http-outgoing-2 << "[\r][\n]"
[DEBUG] 2019-07-12 19:38:55,121 method:org.apache.http.impl.conn.Wire.wire(Wire.java:86)
http-outgoing-2 << "{"sessionId":"321baedde2997e3a97edef8a09db022e","status":0,"value":{"ELEMENT":"0.42980011853227573-1"}}"
[DEBUG] 2019-07-12 19:38:55,121 method:org.apache.http.impl.conn.LoggingManagedHttpClientConnection.onResponseReceived(LoggingManagedHttpClientConnection.java:113)
http-outgoing-2 << HTTP/1.1 200 OK
[DEBUG] 2019-07-12 19:38:55,121 method:org.apache.http.impl.conn.LoggingManagedHttpClientConnection.onResponseReceived(LoggingManagedHttpClientConnection.java:116)
http-outgoing-2 << Content-Length:103
[DEBUG] 2019-07-12 19:38:55,121 method:org.apache.http.impl.conn.LoggingManagedHttpClientConnection.onResponseReceived(LoggingManagedHttpClientConnection.java:116)
http-outgoing-2 << Content-Type:application/json; charset=utf-8
[DEBUG] 2019-07-12 19:38:55,121 method:org.apache.http.impl.execchain.MainClientExec.execute(MainClientExec.java:267)
Connection can be kept alive indefinitely
[DEBUG] 2019-07-12 19:38:55,122 method:org.apache.http.impl.conn.PoolingHttpClientConnectionManager.releaseConnection(PoolingHttpClientConnectionManager.java:280)
Connection [id: 2][route: {}->http://localhost:60573] can be kept alive indefinitely
[DEBUG] 2019-07-12 19:38:55,122 method:org.apache.http.impl.conn.PoolingHttpClientConnectionManager.releaseConnection(PoolingHttpClientConnectionManager.java:286)
Connection released: [id: 2][route: {}->http://localhost:60573][total kept alive: 3; route allocated: 1 of 2000; total allocated: 3 of 2000]
[TestResult name=test06_switchNotes status=FAILURE method=SuiteTest003_SwitchTitle.test06_switchNotes()[pri:0, instance:com.f.dianqingoa.testcase.SuiteTest003_SwitchTitle@44c8afef] output={null}]
]]></system-out>
  </testcase>
  <testcase name="test06_switchNotes" classname="com.f.dianqingoa.testcase.SuiteTest003_SwitchTitle" time="0">
    <skipped/>
    <system-out><![CDATA[[DEBUG] 2019-07-12 19:38:55,124 method:org.apache.http.client.protocol.RequestAddCookies.process(RequestAddCookies.java:122)
CookieSpec selected: best-match
[DEBUG] 2019-07-12 19:38:55,124 method:org.apache.http.client.protocol.RequestAuthCache.process(RequestAuthCache.java:75)
Auth cache not set in the context
[DEBUG] 2019-07-12 19:38:55,124 method:org.apache.http.impl.conn.PoolingHttpClientConnectionManager.requestConnection(PoolingHttpClientConnectionManager.java:219)
Connection request: [route: {}->http://localhost:60573][total kept alive: 3; route allocated: 1 of 2000; total allocated: 3 of 2000]
[DEBUG] 2019-07-12 19:38:55,124 method:org.apache.http.impl.conn.PoolingHttpClientConnectionManager.leaseConnection(PoolingHttpClientConnectionManager.java:250)
Connection leased: [id: 2][route: {}->http://localhost:60573][total kept alive: 2; route allocated: 1 of 2000; total allocated: 3 of 2000]
[DEBUG] 2019-07-12 19:38:55,125 method:org.apache.http.impl.execchain.MainClientExec.execute(MainClientExec.java:190)
Stale connection check
[DEBUG] 2019-07-12 19:38:55,126 method:org.apache.http.impl.conn.Wire.wire(Wire.java:86)
http-outgoing-2 << "[read] I/O error: Read timed out"
[DEBUG] 2019-07-12 19:38:55,126 method:org.apache.http.impl.execchain.MainClientExec.execute(MainClientExec.java:238)
Executing request POST /session/321baedde2997e3a97edef8a09db022e/element HTTP/1.1
[DEBUG] 2019-07-12 19:38:55,126 method:org.apache.http.impl.execchain.MainClientExec.execute(MainClientExec.java:243)
Target auth state: UNCHALLENGED
[DEBUG] 2019-07-12 19:38:55,126 method:org.apache.http.impl.execchain.MainClientExec.execute(MainClientExec.java:249)
Proxy auth state: UNCHALLENGED
[DEBUG] 2019-07-12 19:38:55,126 method:org.apache.http.impl.conn.LoggingManagedHttpClientConnection.onRequestSubmitted(LoggingManagedHttpClientConnection.java:124)
http-outgoing-2 >> POST /session/321baedde2997e3a97edef8a09db022e/element HTTP/1.1
[DEBUG] 2019-07-12 19:38:55,126 method:org.apache.http.impl.conn.LoggingManagedHttpClientConnection.onRequestSubmitted(LoggingManagedHttpClientConnection.java:127)
http-outgoing-2 >> Content-Type: application/json; charset=utf-8
[DEBUG] 2019-07-12 19:38:55,126 method:org.apache.http.impl.conn.LoggingManagedHttpClientConnection.onRequestSubmitted(LoggingManagedHttpClientConnection.java:127)
http-outgoing-2 >> Content-Length: 38
[DEBUG] 2019-07-12 19:38:55,127 method:org.apache.http.impl.conn.LoggingManagedHttpClientConnection.onRequestSubmitted(LoggingManagedHttpClientConnection.java:127)
http-outgoing-2 >> Host: localhost:60573
[DEBUG] 2019-07-12 19:38:55,127 method:org.apache.http.impl.conn.LoggingManagedHttpClientConnection.onRequestSubmitted(LoggingManagedHttpClientConnection.java:127)
http-outgoing-2 >> Connection: Keep-Alive
[DEBUG] 2019-07-12 19:38:55,127 method:org.apache.http.impl.conn.LoggingManagedHttpClientConnection.onRequestSubmitted(LoggingManagedHttpClientConnection.java:127)
http-outgoing-2 >> User-Agent: Apache-HttpClient/4.3.4 (java 1.5)
[DEBUG] 2019-07-12 19:38:55,127 method:org.apache.http.impl.conn.LoggingManagedHttpClientConnection.onRequestSubmitted(LoggingManagedHttpClientConnection.java:127)
http-outgoing-2 >> Accept-Encoding: gzip,deflate
[DEBUG] 2019-07-12 19:38:55,127 method:org.apache.http.impl.conn.Wire.wire(Wire.java:72)
http-outgoing-2 >> "POST /session/321baedde2997e3a97edef8a09db022e/element HTTP/1.1[\r][\n]"
[DEBUG] 2019-07-12 19:38:55,127 method:org.apache.http.impl.conn.Wire.wire(Wire.java:72)
http-outgoing-2 >> "Content-Type: application/json; charset=utf-8[\r][\n]"
[DEBUG] 2019-07-12 19:38:55,127 method:org.apache.http.impl.conn.Wire.wire(Wire.java:72)
http-outgoing-2 >> "Content-Length: 38[\r][\n]"
[DEBUG] 2019-07-12 19:38:55,128 method:org.apache.http.impl.conn.Wire.wire(Wire.java:72)
http-outgoing-2 >> "Host: localhost:60573[\r][\n]"
[DEBUG] 2019-07-12 19:38:55,128 method:org.apache.http.impl.conn.Wire.wire(Wire.java:72)
http-outgoing-2 >> "Connection: Keep-Alive[\r][\n]"
[DEBUG] 2019-07-12 19:38:55,128 method:org.apache.http.impl.conn.Wire.wire(Wire.java:72)
http-outgoing-2 >> "User-Agent: Apache-HttpClient/4.3.4 (java 1.5)[\r][\n]"
[DEBUG] 2019-07-12 19:38:55,128 method:org.apache.http.impl.conn.Wire.wire(Wire.java:72)
http-outgoing-2 >> "Accept-Encoding: gzip,deflate[\r][\n]"
[DEBUG] 2019-07-12 19:38:55,128 method:org.apache.http.impl.conn.Wire.wire(Wire.java:72)
http-outgoing-2 >> "[\r][\n]"
[DEBUG] 2019-07-12 19:38:55,128 method:org.apache.http.impl.conn.Wire.wire(Wire.java:86)
http-outgoing-2 >> "{"using":"link text","value":"[0xe6][0x89][0x8b][0xe8][0xae][0xb0]"}"
[DEBUG] 2019-07-12 19:38:55,139 method:org.apache.http.impl.conn.Wire.wire(Wire.java:72)
http-outgoing-2 << "HTTP/1.1 200 OK[\r][\n]"
[DEBUG] 2019-07-12 19:38:55,140 method:org.apache.http.impl.conn.Wire.wire(Wire.java:72)
http-outgoing-2 << "Content-Length:103[\r][\n]"
[DEBUG] 2019-07-12 19:38:55,140 method:org.apache.http.impl.conn.Wire.wire(Wire.java:72)
http-outgoing-2 << "Content-Type:application/json; charset=utf-8[\r][\n]"
[DEBUG] 2019-07-12 19:38:55,140 method:org.apache.http.impl.conn.Wire.wire(Wire.java:72)
http-outgoing-2 << "[\r][\n]"
[DEBUG] 2019-07-12 19:38:55,140 method:org.apache.http.impl.conn.Wire.wire(Wire.java:86)
http-outgoing-2 << "{"sessionId":"321baedde2997e3a97edef8a09db022e","status":0,"value":{"ELEMENT":"0.42980011853227573-2"}}"
[DEBUG] 2019-07-12 19:38:55,140 method:org.apache.http.impl.conn.LoggingManagedHttpClientConnection.onResponseReceived(LoggingManagedHttpClientConnection.java:113)
http-outgoing-2 << HTTP/1.1 200 OK
[DEBUG] 2019-07-12 19:38:55,140 method:org.apache.http.impl.conn.LoggingManagedHttpClientConnection.onResponseReceived(LoggingManagedHttpClientConnection.java:116)
http-outgoing-2 << Content-Length:103
[DEBUG] 2019-07-12 19:38:55,140 method:org.apache.http.impl.conn.LoggingManagedHttpClientConnection.onResponseReceived(LoggingManagedHttpClientConnection.java:116)
http-outgoing-2 << Content-Type:application/json; charset=utf-8
[DEBUG] 2019-07-12 19:38:55,141 method:org.apache.http.impl.execchain.MainClientExec.execute(MainClientExec.java:267)
Connection can be kept alive indefinitely
[DEBUG] 2019-07-12 19:38:55,141 method:org.apache.http.impl.conn.PoolingHttpClientConnectionManager.releaseConnection(PoolingHttpClientConnectionManager.java:280)
Connection [id: 2][route: {}->http://localhost:60573] can be kept alive indefinitely
[DEBUG] 2019-07-12 19:38:55,141 method:org.apache.http.impl.conn.PoolingHttpClientConnectionManager.releaseConnection(PoolingHttpClientConnectionManager.java:286)
Connection released: [id: 2][route: {}->http://localhost:60573][total kept alive: 3; route allocated: 1 of 2000; total allocated: 3 of 2000]
[DEBUG] 2019-07-12 19:38:55,142 method:org.apache.http.client.protocol.RequestAddCookies.process(RequestAddCookies.java:122)
CookieSpec selected: best-match
[DEBUG] 2019-07-12 19:38:55,142 method:org.apache.http.client.protocol.RequestAuthCache.process(RequestAuthCache.java:75)
Auth cache not set in the context
[DEBUG] 2019-07-12 19:38:55,142 method:org.apache.http.impl.conn.PoolingHttpClientConnectionManager.requestConnection(PoolingHttpClientConnectionManager.java:219)
Connection request: [route: {}->http://localhost:60573][total kept alive: 3; route allocated: 1 of 2000; total allocated: 3 of 2000]
[DEBUG] 2019-07-12 19:38:55,143 method:org.apache.http.impl.conn.PoolingHttpClientConnectionManager.leaseConnection(PoolingHttpClientConnectionManager.java:250)
Connection leased: [id: 2][route: {}->http://localhost:60573][total kept alive: 2; route allocated: 1 of 2000; total allocated: 3 of 2000]
[DEBUG] 2019-07-12 19:38:55,143 method:org.apache.http.impl.execchain.MainClientExec.execute(MainClientExec.java:190)
Stale connection check
[DEBUG] 2019-07-12 19:38:55,144 method:org.apache.http.impl.conn.Wire.wire(Wire.java:86)
http-outgoing-2 << "[read] I/O error: Read timed out"
[DEBUG] 2019-07-12 19:38:55,144 method:org.apache.http.impl.execchain.MainClientExec.execute(MainClientExec.java:238)
Executing request POST /session/321baedde2997e3a97edef8a09db022e/element/0.42980011853227573-2/click HTTP/1.1
[DEBUG] 2019-07-12 19:38:55,144 method:org.apache.http.impl.execchain.MainClientExec.execute(MainClientExec.java:243)
Target auth state: UNCHALLENGED
[DEBUG] 2019-07-12 19:38:55,144 method:org.apache.http.impl.execchain.MainClientExec.execute(MainClientExec.java:249)
Proxy auth state: UNCHALLENGED
[DEBUG] 2019-07-12 19:38:55,144 method:org.apache.http.impl.conn.LoggingManagedHttpClientConnection.onRequestSubmitted(LoggingManagedHttpClientConnection.java:124)
http-outgoing-2 >> POST /session/321baedde2997e3a97edef8a09db022e/element/0.42980011853227573-2/click HTTP/1.1
[DEBUG] 2019-07-12 19:38:55,144 method:org.apache.http.impl.conn.LoggingManagedHttpClientConnection.onRequestSubmitted(LoggingManagedHttpClientConnection.java:127)
http-outgoing-2 >> Content-Type: application/json; charset=utf-8
[DEBUG] 2019-07-12 19:38:55,144 method:org.apache.http.impl.conn.LoggingManagedHttpClientConnection.onRequestSubmitted(LoggingManagedHttpClientConnection.java:127)
http-outgoing-2 >> Content-Length: 30
[DEBUG] 2019-07-12 19:38:55,145 method:org.apache.http.impl.conn.LoggingManagedHttpClientConnection.onRequestSubmitted(LoggingManagedHttpClientConnection.java:127)
http-outgoing-2 >> Host: localhost:60573
[DEBUG] 2019-07-12 19:38:55,145 method:org.apache.http.impl.conn.LoggingManagedHttpClientConnection.onRequestSubmitted(LoggingManagedHttpClientConnection.java:127)
http-outgoing-2 >> Connection: Keep-Alive
[DEBUG] 2019-07-12 19:38:55,145 method:org.apache.http.impl.conn.LoggingManagedHttpClientConnection.onRequestSubmitted(LoggingManagedHttpClientConnection.java:127)
http-outgoing-2 >> User-Agent: Apache-HttpClient/4.3.4 (java 1.5)
[DEBUG] 2019-07-12 19:38:55,145 method:org.apache.http.impl.conn.LoggingManagedHttpClientConnection.onRequestSubmitted(LoggingManagedHttpClientConnection.java:127)
http-outgoing-2 >> Accept-Encoding: gzip,deflate
[DEBUG] 2019-07-12 19:38:55,145 method:org.apache.http.impl.conn.Wire.wire(Wire.java:72)
http-outgoing-2 >> "POST /session/321baedde2997e3a97edef8a09db022e/element/0.42980011853227573-2/click HTTP/1.1[\r][\n]"
[DEBUG] 2019-07-12 19:38:55,145 method:org.apache.http.impl.conn.Wire.wire(Wire.java:72)
http-outgoing-2 >> "Content-Type: application/json; charset=utf-8[\r][\n]"
[DEBUG] 2019-07-12 19:38:55,145 method:org.apache.http.impl.conn.Wire.wire(Wire.java:72)
http-outgoing-2 >> "Content-Length: 30[\r][\n]"
[DEBUG] 2019-07-12 19:38:55,145 method:org.apache.http.impl.conn.Wire.wire(Wire.java:72)
http-outgoing-2 >> "Host: localhost:60573[\r][\n]"
[DEBUG] 2019-07-12 19:38:55,145 method:org.apache.http.impl.conn.Wire.wire(Wire.java:72)
http-outgoing-2 >> "Connection: Keep-Alive[\r][\n]"
[DEBUG] 2019-07-12 19:38:55,146 method:org.apache.http.impl.conn.Wire.wire(Wire.java:72)
http-outgoing-2 >> "User-Agent: Apache-HttpClient/4.3.4 (java 1.5)[\r][\n]"
[DEBUG] 2019-07-12 19:38:55,146 method:org.apache.http.impl.conn.Wire.wire(Wire.java:72)
http-outgoing-2 >> "Accept-Encoding: gzip,deflate[\r][\n]"
[DEBUG] 2019-07-12 19:38:55,146 method:org.apache.http.impl.conn.Wire.wire(Wire.java:72)
http-outgoing-2 >> "[\r][\n]"
[DEBUG] 2019-07-12 19:38:55,146 method:org.apache.http.impl.conn.Wire.wire(Wire.java:86)
http-outgoing-2 >> "{"id":"0.42980011853227573-2"}"
[DEBUG] 2019-07-12 19:38:58,009 method:org.apache.http.impl.conn.Wire.wire(Wire.java:72)
http-outgoing-2 << "HTTP/1.1 200 OK[\r][\n]"
[DEBUG] 2019-07-12 19:38:58,010 method:org.apache.http.impl.conn.Wire.wire(Wire.java:72)
http-outgoing-2 << "Content-Length:72[\r][\n]"
[DEBUG] 2019-07-12 19:38:58,010 method:org.apache.http.impl.conn.Wire.wire(Wire.java:72)
http-outgoing-2 << "Content-Type:application/json; charset=utf-8[\r][\n]"
[DEBUG] 2019-07-12 19:38:58,010 method:org.apache.http.impl.conn.Wire.wire(Wire.java:72)
http-outgoing-2 << "[\r][\n]"
[DEBUG] 2019-07-12 19:38:58,011 method:org.apache.http.impl.conn.Wire.wire(Wire.java:86)
http-outgoing-2 << "{"sessionId":"321baedde2997e3a97edef8a09db022e","status":0,"value":null}"
[DEBUG] 2019-07-12 19:38:58,011 method:org.apache.http.impl.conn.LoggingManagedHttpClientConnection.onResponseReceived(LoggingManagedHttpClientConnection.java:113)
http-outgoing-2 << HTTP/1.1 200 OK
[DEBUG] 2019-07-12 19:38:58,011 method:org.apache.http.impl.conn.LoggingManagedHttpClientConnection.onResponseReceived(LoggingManagedHttpClientConnection.java:116)
http-outgoing-2 << Content-Length:72
[DEBUG] 2019-07-12 19:38:58,011 method:org.apache.http.impl.conn.LoggingManagedHttpClientConnection.onResponseReceived(LoggingManagedHttpClientConnection.java:116)
http-outgoing-2 << Content-Type:application/json; charset=utf-8
[DEBUG] 2019-07-12 19:38:58,012 method:org.apache.http.impl.execchain.MainClientExec.execute(MainClientExec.java:267)
Connection can be kept alive indefinitely
[DEBUG] 2019-07-12 19:38:58,012 method:org.apache.http.impl.conn.PoolingHttpClientConnectionManager.releaseConnection(PoolingHttpClientConnectionManager.java:280)
Connection [id: 2][route: {}->http://localhost:60573] can be kept alive indefinitely
[DEBUG] 2019-07-12 19:38:58,013 method:org.apache.http.impl.conn.PoolingHttpClientConnectionManager.releaseConnection(PoolingHttpClientConnectionManager.java:286)
Connection released: [id: 2][route: {}->http://localhost:60573][total kept alive: 3; route allocated: 1 of 2000; total allocated: 3 of 2000]
[DEBUG] 2019-07-12 19:38:58,014 method:org.apache.http.client.protocol.RequestAddCookies.process(RequestAddCookies.java:122)
CookieSpec selected: best-match
[DEBUG] 2019-07-12 19:38:58,014 method:org.apache.http.client.protocol.RequestAuthCache.process(RequestAuthCache.java:75)
Auth cache not set in the context
[DEBUG] 2019-07-12 19:38:58,015 method:org.apache.http.impl.conn.PoolingHttpClientConnectionManager.requestConnection(PoolingHttpClientConnectionManager.java:219)
Connection request: [route: {}->http://localhost:60573][total kept alive: 3; route allocated: 1 of 2000; total allocated: 3 of 2000]
[DEBUG] 2019-07-12 19:38:58,015 method:org.apache.http.impl.conn.PoolingHttpClientConnectionManager.leaseConnection(PoolingHttpClientConnectionManager.java:250)
Connection leased: [id: 2][route: {}->http://localhost:60573][total kept alive: 2; route allocated: 1 of 2000; total allocated: 3 of 2000]
[DEBUG] 2019-07-12 19:38:58,015 method:org.apache.http.impl.execchain.MainClientExec.execute(MainClientExec.java:190)
Stale connection check
[DEBUG] 2019-07-12 19:38:58,016 method:org.apache.http.impl.conn.Wire.wire(Wire.java:86)
http-outgoing-2 << "[read] I/O error: Read timed out"
[DEBUG] 2019-07-12 19:38:58,017 method:org.apache.http.impl.execchain.MainClientExec.execute(MainClientExec.java:238)
Executing request POST /session/321baedde2997e3a97edef8a09db022e/element HTTP/1.1
[DEBUG] 2019-07-12 19:38:58,017 method:org.apache.http.impl.execchain.MainClientExec.execute(MainClientExec.java:243)
Target auth state: UNCHALLENGED
[DEBUG] 2019-07-12 19:38:58,017 method:org.apache.http.impl.execchain.MainClientExec.execute(MainClientExec.java:249)
Proxy auth state: UNCHALLENGED
[DEBUG] 2019-07-12 19:38:58,017 method:org.apache.http.impl.conn.LoggingManagedHttpClientConnection.onRequestSubmitted(LoggingManagedHttpClientConnection.java:124)
http-outgoing-2 >> POST /session/321baedde2997e3a97edef8a09db022e/element HTTP/1.1
[DEBUG] 2019-07-12 19:38:58,017 method:org.apache.http.impl.conn.LoggingManagedHttpClientConnection.onRequestSubmitted(LoggingManagedHttpClientConnection.java:127)
http-outgoing-2 >> Content-Type: application/json; charset=utf-8
[DEBUG] 2019-07-12 19:38:58,017 method:org.apache.http.impl.conn.LoggingManagedHttpClientConnection.onRequestSubmitted(LoggingManagedHttpClientConnection.java:127)
http-outgoing-2 >> Content-Length: 78
[DEBUG] 2019-07-12 19:38:58,017 method:org.apache.http.impl.conn.LoggingManagedHttpClientConnection.onRequestSubmitted(LoggingManagedHttpClientConnection.java:127)
http-outgoing-2 >> Host: localhost:60573
[DEBUG] 2019-07-12 19:38:58,017 method:org.apache.http.impl.conn.LoggingManagedHttpClientConnection.onRequestSubmitted(LoggingManagedHttpClientConnection.java:127)
http-outgoing-2 >> Connection: Keep-Alive
[DEBUG] 2019-07-12 19:38:58,018 method:org.apache.http.impl.conn.LoggingManagedHttpClientConnection.onRequestSubmitted(LoggingManagedHttpClientConnection.java:127)
http-outgoing-2 >> User-Agent: Apache-HttpClient/4.3.4 (java 1.5)
[DEBUG] 2019-07-12 19:38:58,018 method:org.apache.http.impl.conn.LoggingManagedHttpClientConnection.onRequestSubmitted(LoggingManagedHttpClientConnection.java:127)
http-outgoing-2 >> Accept-Encoding: gzip,deflate
[DEBUG] 2019-07-12 19:38:58,018 method:org.apache.http.impl.conn.Wire.wire(Wire.java:72)
http-outgoing-2 >> "POST /session/321baedde2997e3a97edef8a09db022e/element HTTP/1.1[\r][\n]"
[DEBUG] 2019-07-12 19:38:58,018 method:org.apache.http.impl.conn.Wire.wire(Wire.java:72)
http-outgoing-2 >> "Content-Type: application/json; charset=utf-8[\r][\n]"
[DEBUG] 2019-07-12 19:38:58,018 method:org.apache.http.impl.conn.Wire.wire(Wire.java:72)
http-outgoing-2 >> "Content-Length: 78[\r][\n]"
[DEBUG] 2019-07-12 19:38:58,018 method:org.apache.http.impl.conn.Wire.wire(Wire.java:72)
http-outgoing-2 >> "Host: localhost:60573[\r][\n]"
[DEBUG] 2019-07-12 19:38:58,018 method:org.apache.http.impl.conn.Wire.wire(Wire.java:72)
http-outgoing-2 >> "Connection: Keep-Alive[\r][\n]"
[DEBUG] 2019-07-12 19:38:58,018 method:org.apache.http.impl.conn.Wire.wire(Wire.java:72)
http-outgoing-2 >> "User-Agent: Apache-HttpClient/4.3.4 (java 1.5)[\r][\n]"
[DEBUG] 2019-07-12 19:38:58,018 method:org.apache.http.impl.conn.Wire.wire(Wire.java:72)
http-outgoing-2 >> "Accept-Encoding: gzip,deflate[\r][\n]"
[DEBUG] 2019-07-12 19:38:58,018 method:org.apache.http.impl.conn.Wire.wire(Wire.java:72)
http-outgoing-2 >> "[\r][\n]"
[DEBUG] 2019-07-12 19:38:58,018 method:org.apache.http.impl.conn.Wire.wire(Wire.java:86)
http-outgoing-2 >> "{"using":"css selector","value":"img[src*\u003d\u0027article-logo.png\u0027]"}"
[DEBUG] 2019-07-12 19:38:58,027 method:org.apache.http.impl.conn.Wire.wire(Wire.java:72)
http-outgoing-2 << "HTTP/1.1 200 OK[\r][\n]"
[DEBUG] 2019-07-12 19:38:58,027 method:org.apache.http.impl.conn.Wire.wire(Wire.java:72)
http-outgoing-2 << "Content-Length:102[\r][\n]"
[DEBUG] 2019-07-12 19:38:58,027 method:org.apache.http.impl.conn.Wire.wire(Wire.java:72)
http-outgoing-2 << "Content-Type:application/json; charset=utf-8[\r][\n]"
[DEBUG] 2019-07-12 19:38:58,027 method:org.apache.http.impl.conn.Wire.wire(Wire.java:72)
http-outgoing-2 << "[\r][\n]"
[DEBUG] 2019-07-12 19:38:58,028 method:org.apache.http.impl.conn.Wire.wire(Wire.java:86)
http-outgoing-2 << "{"sessionId":"321baedde2997e3a97edef8a09db022e","status":0,"value":{"ELEMENT":"0.9187380417215547-1"}}"
[DEBUG] 2019-07-12 19:38:58,028 method:org.apache.http.impl.conn.LoggingManagedHttpClientConnection.onResponseReceived(LoggingManagedHttpClientConnection.java:113)
http-outgoing-2 << HTTP/1.1 200 OK
[DEBUG] 2019-07-12 19:38:58,028 method:org.apache.http.impl.conn.LoggingManagedHttpClientConnection.onResponseReceived(LoggingManagedHttpClientConnection.java:116)
http-outgoing-2 << Content-Length:102
[DEBUG] 2019-07-12 19:38:58,028 method:org.apache.http.impl.conn.LoggingManagedHttpClientConnection.onResponseReceived(LoggingManagedHttpClientConnection.java:116)
http-outgoing-2 << Content-Type:application/json; charset=utf-8
[DEBUG] 2019-07-12 19:38:58,028 method:org.apache.http.impl.execchain.MainClientExec.execute(MainClientExec.java:267)
Connection can be kept alive indefinitely
[DEBUG] 2019-07-12 19:38:58,028 method:org.apache.http.impl.conn.PoolingHttpClientConnectionManager.releaseConnection(PoolingHttpClientConnectionManager.java:280)
Connection [id: 2][route: {}->http://localhost:60573] can be kept alive indefinitely
[DEBUG] 2019-07-12 19:38:58,029 method:org.apache.http.impl.conn.PoolingHttpClientConnectionManager.releaseConnection(PoolingHttpClientConnectionManager.java:286)
Connection released: [id: 2][route: {}->http://localhost:60573][total kept alive: 3; route allocated: 1 of 2000; total allocated: 3 of 2000]
[TestResult name=test06_switchNotes status=FAILURE method=SuiteTest003_SwitchTitle.test06_switchNotes()[pri:0, instance:com.f.dianqingoa.testcase.SuiteTest003_SwitchTitle@44c8afef] output={null}]
]]></system-out>
  </testcase>
  <testcase name="test06_switchNotes" classname="com.f.dianqingoa.testcase.SuiteTest003_SwitchTitle" time="0">
    <skipped/>
    <system-out><![CDATA[[DEBUG] 2019-07-12 19:38:58,030 method:org.apache.http.client.protocol.RequestAddCookies.process(RequestAddCookies.java:122)
CookieSpec selected: best-match
[DEBUG] 2019-07-12 19:38:58,031 method:org.apache.http.client.protocol.RequestAuthCache.process(RequestAuthCache.java:75)
Auth cache not set in the context
[DEBUG] 2019-07-12 19:38:58,031 method:org.apache.http.impl.conn.PoolingHttpClientConnectionManager.requestConnection(PoolingHttpClientConnectionManager.java:219)
Connection request: [route: {}->http://localhost:60573][total kept alive: 3; route allocated: 1 of 2000; total allocated: 3 of 2000]
[DEBUG] 2019-07-12 19:38:58,031 method:org.apache.http.impl.conn.PoolingHttpClientConnectionManager.leaseConnection(PoolingHttpClientConnectionManager.java:250)
Connection leased: [id: 2][route: {}->http://localhost:60573][total kept alive: 2; route allocated: 1 of 2000; total allocated: 3 of 2000]
[DEBUG] 2019-07-12 19:38:58,031 method:org.apache.http.impl.execchain.MainClientExec.execute(MainClientExec.java:190)
Stale connection check
[DEBUG] 2019-07-12 19:38:58,032 method:org.apache.http.impl.conn.Wire.wire(Wire.java:86)
http-outgoing-2 << "[read] I/O error: Read timed out"
[DEBUG] 2019-07-12 19:38:58,032 method:org.apache.http.impl.execchain.MainClientExec.execute(MainClientExec.java:238)
Executing request POST /session/321baedde2997e3a97edef8a09db022e/element HTTP/1.1
[DEBUG] 2019-07-12 19:38:58,032 method:org.apache.http.impl.execchain.MainClientExec.execute(MainClientExec.java:243)
Target auth state: UNCHALLENGED
[DEBUG] 2019-07-12 19:38:58,032 method:org.apache.http.impl.execchain.MainClientExec.execute(MainClientExec.java:249)
Proxy auth state: UNCHALLENGED
[DEBUG] 2019-07-12 19:38:58,032 method:org.apache.http.impl.conn.LoggingManagedHttpClientConnection.onRequestSubmitted(LoggingManagedHttpClientConnection.java:124)
http-outgoing-2 >> POST /session/321baedde2997e3a97edef8a09db022e/element HTTP/1.1
[DEBUG] 2019-07-12 19:38:58,032 method:org.apache.http.impl.conn.LoggingManagedHttpClientConnection.onRequestSubmitted(LoggingManagedHttpClientConnection.java:127)
http-outgoing-2 >> Content-Type: application/json; charset=utf-8
[DEBUG] 2019-07-12 19:38:58,032 method:org.apache.http.impl.conn.LoggingManagedHttpClientConnection.onRequestSubmitted(LoggingManagedHttpClientConnection.java:127)
http-outgoing-2 >> Content-Length: 38
[DEBUG] 2019-07-12 19:38:58,032 method:org.apache.http.impl.conn.LoggingManagedHttpClientConnection.onRequestSubmitted(LoggingManagedHttpClientConnection.java:127)
http-outgoing-2 >> Host: localhost:60573
[DEBUG] 2019-07-12 19:38:58,033 method:org.apache.http.impl.conn.LoggingManagedHttpClientConnection.onRequestSubmitted(LoggingManagedHttpClientConnection.java:127)
http-outgoing-2 >> Connection: Keep-Alive
[DEBUG] 2019-07-12 19:38:58,033 method:org.apache.http.impl.conn.LoggingManagedHttpClientConnection.onRequestSubmitted(LoggingManagedHttpClientConnection.java:127)
http-outgoing-2 >> User-Agent: Apache-HttpClient/4.3.4 (java 1.5)
[DEBUG] 2019-07-12 19:38:58,033 method:org.apache.http.impl.conn.LoggingManagedHttpClientConnection.onRequestSubmitted(LoggingManagedHttpClientConnection.java:127)
http-outgoing-2 >> Accept-Encoding: gzip,deflate
[DEBUG] 2019-07-12 19:38:58,033 method:org.apache.http.impl.conn.Wire.wire(Wire.java:72)
http-outgoing-2 >> "POST /session/321baedde2997e3a97edef8a09db022e/element HTTP/1.1[\r][\n]"
[DEBUG] 2019-07-12 19:38:58,033 method:org.apache.http.impl.conn.Wire.wire(Wire.java:72)
http-outgoing-2 >> "Content-Type: application/json; charset=utf-8[\r][\n]"
[DEBUG] 2019-07-12 19:38:58,033 method:org.apache.http.impl.conn.Wire.wire(Wire.java:72)
http-outgoing-2 >> "Content-Length: 38[\r][\n]"
[DEBUG] 2019-07-12 19:38:58,033 method:org.apache.http.impl.conn.Wire.wire(Wire.java:72)
http-outgoing-2 >> "Host: localhost:60573[\r][\n]"
[DEBUG] 2019-07-12 19:38:58,033 method:org.apache.http.impl.conn.Wire.wire(Wire.java:72)
http-outgoing-2 >> "Connection: Keep-Alive[\r][\n]"
[DEBUG] 2019-07-12 19:38:58,033 method:org.apache.http.impl.conn.Wire.wire(Wire.java:72)
http-outgoing-2 >> "User-Agent: Apache-HttpClient/4.3.4 (java 1.5)[\r][\n]"
[DEBUG] 2019-07-12 19:38:58,034 method:org.apache.http.impl.conn.Wire.wire(Wire.java:72)
http-outgoing-2 >> "Accept-Encoding: gzip,deflate[\r][\n]"
[DEBUG] 2019-07-12 19:38:58,034 method:org.apache.http.impl.conn.Wire.wire(Wire.java:72)
http-outgoing-2 >> "[\r][\n]"
[DEBUG] 2019-07-12 19:38:58,034 method:org.apache.http.impl.conn.Wire.wire(Wire.java:86)
http-outgoing-2 >> "{"using":"link text","value":"[0xe6][0x89][0x8b][0xe8][0xae][0xb0]"}"
[DEBUG] 2019-07-12 19:38:58,047 method:org.apache.http.impl.conn.Wire.wire(Wire.java:72)
http-outgoing-2 << "HTTP/1.1 200 OK[\r][\n]"
[DEBUG] 2019-07-12 19:38:58,047 method:org.apache.http.impl.conn.Wire.wire(Wire.java:72)
http-outgoing-2 << "Content-Length:102[\r][\n]"
[DEBUG] 2019-07-12 19:38:58,047 method:org.apache.http.impl.conn.Wire.wire(Wire.java:72)
http-outgoing-2 << "Content-Type:application/json; charset=utf-8[\r][\n]"
[DEBUG] 2019-07-12 19:38:58,047 method:org.apache.http.impl.conn.Wire.wire(Wire.java:72)
http-outgoing-2 << "[\r][\n]"
[DEBUG] 2019-07-12 19:38:58,047 method:org.apache.http.impl.conn.Wire.wire(Wire.java:86)
http-outgoing-2 << "{"sessionId":"321baedde2997e3a97edef8a09db022e","status":0,"value":{"ELEMENT":"0.9187380417215547-2"}}"
[DEBUG] 2019-07-12 19:38:58,047 method:org.apache.http.impl.conn.LoggingManagedHttpClientConnection.onResponseReceived(LoggingManagedHttpClientConnection.java:113)
http-outgoing-2 << HTTP/1.1 200 OK
[DEBUG] 2019-07-12 19:38:58,047 method:org.apache.http.impl.conn.LoggingManagedHttpClientConnection.onResponseReceived(LoggingManagedHttpClientConnection.java:116)
http-outgoing-2 << Content-Length:102
[DEBUG] 2019-07-12 19:38:58,048 method:org.apache.http.impl.conn.LoggingManagedHttpClientConnection.onResponseReceived(LoggingManagedHttpClientConnection.java:116)
http-outgoing-2 << Content-Type:application/json; charset=utf-8
[DEBUG] 2019-07-12 19:38:58,048 method:org.apache.http.impl.execchain.MainClientExec.execute(MainClientExec.java:267)
Connection can be kept alive indefinitely
[DEBUG] 2019-07-12 19:38:58,048 method:org.apache.http.impl.conn.PoolingHttpClientConnectionManager.releaseConnection(PoolingHttpClientConnectionManager.java:280)
Connection [id: 2][route: {}->http://localhost:60573] can be kept alive indefinitely
[DEBUG] 2019-07-12 19:38:58,048 method:org.apache.http.impl.conn.PoolingHttpClientConnectionManager.releaseConnection(PoolingHttpClientConnectionManager.java:286)
Connection released: [id: 2][route: {}->http://localhost:60573][total kept alive: 3; route allocated: 1 of 2000; total allocated: 3 of 2000]
[DEBUG] 2019-07-12 19:38:58,049 method:org.apache.http.client.protocol.RequestAddCookies.process(RequestAddCookies.java:122)
CookieSpec selected: best-match
[DEBUG] 2019-07-12 19:38:58,049 method:org.apache.http.client.protocol.RequestAuthCache.process(RequestAuthCache.java:75)
Auth cache not set in the context
[DEBUG] 2019-07-12 19:38:58,049 method:org.apache.http.impl.conn.PoolingHttpClientConnectionManager.requestConnection(PoolingHttpClientConnectionManager.java:219)
Connection request: [route: {}->http://localhost:60573][total kept alive: 3; route allocated: 1 of 2000; total allocated: 3 of 2000]
[DEBUG] 2019-07-12 19:38:58,049 method:org.apache.http.impl.conn.PoolingHttpClientConnectionManager.leaseConnection(PoolingHttpClientConnectionManager.java:250)
Connection leased: [id: 2][route: {}->http://localhost:60573][total kept alive: 2; route allocated: 1 of 2000; total allocated: 3 of 2000]
[DEBUG] 2019-07-12 19:38:58,049 method:org.apache.http.impl.execchain.MainClientExec.execute(MainClientExec.java:190)
Stale connection check
[DEBUG] 2019-07-12 19:38:58,051 method:org.apache.http.impl.conn.Wire.wire(Wire.java:86)
http-outgoing-2 << "[read] I/O error: Read timed out"
[DEBUG] 2019-07-12 19:38:58,051 method:org.apache.http.impl.execchain.MainClientExec.execute(MainClientExec.java:238)
Executing request POST /session/321baedde2997e3a97edef8a09db022e/element/0.9187380417215547-2/click HTTP/1.1
[DEBUG] 2019-07-12 19:38:58,051 method:org.apache.http.impl.execchain.MainClientExec.execute(MainClientExec.java:243)
Target auth state: UNCHALLENGED
[DEBUG] 2019-07-12 19:38:58,051 method:org.apache.http.impl.execchain.MainClientExec.execute(MainClientExec.java:249)
Proxy auth state: UNCHALLENGED
[DEBUG] 2019-07-12 19:38:58,051 method:org.apache.http.impl.conn.LoggingManagedHttpClientConnection.onRequestSubmitted(LoggingManagedHttpClientConnection.java:124)
http-outgoing-2 >> POST /session/321baedde2997e3a97edef8a09db022e/element/0.9187380417215547-2/click HTTP/1.1
[DEBUG] 2019-07-12 19:38:58,051 method:org.apache.http.impl.conn.LoggingManagedHttpClientConnection.onRequestSubmitted(LoggingManagedHttpClientConnection.java:127)
http-outgoing-2 >> Content-Type: application/json; charset=utf-8
[DEBUG] 2019-07-12 19:38:58,052 method:org.apache.http.impl.conn.LoggingManagedHttpClientConnection.onRequestSubmitted(LoggingManagedHttpClientConnection.java:127)
http-outgoing-2 >> Content-Length: 29
[DEBUG] 2019-07-12 19:38:58,052 method:org.apache.http.impl.conn.LoggingManagedHttpClientConnection.onRequestSubmitted(LoggingManagedHttpClientConnection.java:127)
http-outgoing-2 >> Host: localhost:60573
[DEBUG] 2019-07-12 19:38:58,052 method:org.apache.http.impl.conn.LoggingManagedHttpClientConnection.onRequestSubmitted(LoggingManagedHttpClientConnection.java:127)
http-outgoing-2 >> Connection: Keep-Alive
[DEBUG] 2019-07-12 19:38:58,052 method:org.apache.http.impl.conn.LoggingManagedHttpClientConnection.onRequestSubmitted(LoggingManagedHttpClientConnection.java:127)
http-outgoing-2 >> User-Agent: Apache-HttpClient/4.3.4 (java 1.5)
[DEBUG] 2019-07-12 19:38:58,052 method:org.apache.http.impl.conn.LoggingManagedHttpClientConnection.onRequestSubmitted(LoggingManagedHttpClientConnection.java:127)
http-outgoing-2 >> Accept-Encoding: gzip,deflate
[DEBUG] 2019-07-12 19:38:58,052 method:org.apache.http.impl.conn.Wire.wire(Wire.java:72)
http-outgoing-2 >> "POST /session/321baedde2997e3a97edef8a09db022e/element/0.9187380417215547-2/click HTTP/1.1[\r][\n]"
[DEBUG] 2019-07-12 19:38:58,052 method:org.apache.http.impl.conn.Wire.wire(Wire.java:72)
http-outgoing-2 >> "Content-Type: application/json; charset=utf-8[\r][\n]"
[DEBUG] 2019-07-12 19:38:58,053 method:org.apache.http.impl.conn.Wire.wire(Wire.java:72)
http-outgoing-2 >> "Content-Length: 29[\r][\n]"
[DEBUG] 2019-07-12 19:38:58,053 method:org.apache.http.impl.conn.Wire.wire(Wire.java:72)
http-outgoing-2 >> "Host: localhost:60573[\r][\n]"
[DEBUG] 2019-07-12 19:38:58,053 method:org.apache.http.impl.conn.Wire.wire(Wire.java:72)
http-outgoing-2 >> "Connection: Keep-Alive[\r][\n]"
[DEBUG] 2019-07-12 19:38:58,053 method:org.apache.http.impl.conn.Wire.wire(Wire.java:72)
http-outgoing-2 >> "User-Agent: Apache-HttpClient/4.3.4 (java 1.5)[\r][\n]"
[DEBUG] 2019-07-12 19:38:58,053 method:org.apache.http.impl.conn.Wire.wire(Wire.java:72)
http-outgoing-2 >> "Accept-Encoding: gzip,deflate[\r][\n]"
[DEBUG] 2019-07-12 19:38:58,053 method:org.apache.http.impl.conn.Wire.wire(Wire.java:72)
http-outgoing-2 >> "[\r][\n]"
[DEBUG] 2019-07-12 19:38:58,053 method:org.apache.http.impl.conn.Wire.wire(Wire.java:86)
http-outgoing-2 >> "{"id":"0.9187380417215547-2"}"
[DEBUG] 2019-07-12 19:39:00,408 method:org.apache.http.impl.conn.Wire.wire(Wire.java:72)
http-outgoing-2 << "HTTP/1.1 200 OK[\r][\n]"
[DEBUG] 2019-07-12 19:39:00,409 method:org.apache.http.impl.conn.Wire.wire(Wire.java:72)
http-outgoing-2 << "Content-Length:72[\r][\n]"
[DEBUG] 2019-07-12 19:39:00,409 method:org.apache.http.impl.conn.Wire.wire(Wire.java:72)
http-outgoing-2 << "Content-Type:application/json; charset=utf-8[\r][\n]"
[DEBUG] 2019-07-12 19:39:00,409 method:org.apache.http.impl.conn.Wire.wire(Wire.java:72)
http-outgoing-2 << "[\r][\n]"
[DEBUG] 2019-07-12 19:39:00,410 method:org.apache.http.impl.conn.Wire.wire(Wire.java:86)
http-outgoing-2 << "{"sessionId":"321baedde2997e3a97edef8a09db022e","status":0,"value":null}"
[DEBUG] 2019-07-12 19:39:00,410 method:org.apache.http.impl.conn.LoggingManagedHttpClientConnection.onResponseReceived(LoggingManagedHttpClientConnection.java:113)
http-outgoing-2 << HTTP/1.1 200 OK
[DEBUG] 2019-07-12 19:39:00,410 method:org.apache.http.impl.conn.LoggingManagedHttpClientConnection.onResponseReceived(LoggingManagedHttpClientConnection.java:116)
http-outgoing-2 << Content-Length:72
[DEBUG] 2019-07-12 19:39:00,411 method:org.apache.http.impl.conn.LoggingManagedHttpClientConnection.onResponseReceived(LoggingManagedHttpClientConnection.java:116)
http-outgoing-2 << Content-Type:application/json; charset=utf-8
[DEBUG] 2019-07-12 19:39:00,411 method:org.apache.http.impl.execchain.MainClientExec.execute(MainClientExec.java:267)
Connection can be kept alive indefinitely
[DEBUG] 2019-07-12 19:39:00,412 method:org.apache.http.impl.conn.PoolingHttpClientConnectionManager.releaseConnection(PoolingHttpClientConnectionManager.java:280)
Connection [id: 2][route: {}->http://localhost:60573] can be kept alive indefinitely
[DEBUG] 2019-07-12 19:39:00,412 method:org.apache.http.impl.conn.PoolingHttpClientConnectionManager.releaseConnection(PoolingHttpClientConnectionManager.java:286)
Connection released: [id: 2][route: {}->http://localhost:60573][total kept alive: 3; route allocated: 1 of 2000; total allocated: 3 of 2000]
[DEBUG] 2019-07-12 19:39:00,413 method:org.apache.http.client.protocol.RequestAddCookies.process(RequestAddCookies.java:122)
CookieSpec selected: best-match
[DEBUG] 2019-07-12 19:39:00,414 method:org.apache.http.client.protocol.RequestAuthCache.process(RequestAuthCache.java:75)
Auth cache not set in the context
[DEBUG] 2019-07-12 19:39:00,414 method:org.apache.http.impl.conn.PoolingHttpClientConnectionManager.requestConnection(PoolingHttpClientConnectionManager.java:219)
Connection request: [route: {}->http://localhost:60573][total kept alive: 3; route allocated: 1 of 2000; total allocated: 3 of 2000]
[DEBUG] 2019-07-12 19:39:00,414 method:org.apache.http.impl.conn.PoolingHttpClientConnectionManager.leaseConnection(PoolingHttpClientConnectionManager.java:250)
Connection leased: [id: 2][route: {}->http://localhost:60573][total kept alive: 2; route allocated: 1 of 2000; total allocated: 3 of 2000]
[DEBUG] 2019-07-12 19:39:00,414 method:org.apache.http.impl.execchain.MainClientExec.execute(MainClientExec.java:190)
Stale connection check
[DEBUG] 2019-07-12 19:39:00,416 method:org.apache.http.impl.conn.Wire.wire(Wire.java:86)
http-outgoing-2 << "[read] I/O error: Read timed out"
[DEBUG] 2019-07-12 19:39:00,416 method:org.apache.http.impl.execchain.MainClientExec.execute(MainClientExec.java:238)
Executing request POST /session/321baedde2997e3a97edef8a09db022e/element HTTP/1.1
[DEBUG] 2019-07-12 19:39:00,416 method:org.apache.http.impl.execchain.MainClientExec.execute(MainClientExec.java:243)
Target auth state: UNCHALLENGED
[DEBUG] 2019-07-12 19:39:00,416 method:org.apache.http.impl.execchain.MainClientExec.execute(MainClientExec.java:249)
Proxy auth state: UNCHALLENGED
[DEBUG] 2019-07-12 19:39:00,416 method:org.apache.http.impl.conn.LoggingManagedHttpClientConnection.onRequestSubmitted(LoggingManagedHttpClientConnection.java:124)
http-outgoing-2 >> POST /session/321baedde2997e3a97edef8a09db022e/element HTTP/1.1
[DEBUG] 2019-07-12 19:39:00,416 method:org.apache.http.impl.conn.LoggingManagedHttpClientConnection.onRequestSubmitted(LoggingManagedHttpClientConnection.java:127)
http-outgoing-2 >> Content-Type: application/json; charset=utf-8
[DEBUG] 2019-07-12 19:39:00,417 method:org.apache.http.impl.conn.LoggingManagedHttpClientConnection.onRequestSubmitted(LoggingManagedHttpClientConnection.java:127)
http-outgoing-2 >> Content-Length: 78
[DEBUG] 2019-07-12 19:39:00,417 method:org.apache.http.impl.conn.LoggingManagedHttpClientConnection.onRequestSubmitted(LoggingManagedHttpClientConnection.java:127)
http-outgoing-2 >> Host: localhost:60573
[DEBUG] 2019-07-12 19:39:00,417 method:org.apache.http.impl.conn.LoggingManagedHttpClientConnection.onRequestSubmitted(LoggingManagedHttpClientConnection.java:127)
http-outgoing-2 >> Connection: Keep-Alive
[DEBUG] 2019-07-12 19:39:00,417 method:org.apache.http.impl.conn.LoggingManagedHttpClientConnection.onRequestSubmitted(LoggingManagedHttpClientConnection.java:127)
http-outgoing-2 >> User-Agent: Apache-HttpClient/4.3.4 (java 1.5)
[DEBUG] 2019-07-12 19:39:00,418 method:org.apache.http.impl.conn.LoggingManagedHttpClientConnection.onRequestSubmitted(LoggingManagedHttpClientConnection.java:127)
http-outgoing-2 >> Accept-Encoding: gzip,deflate
[DEBUG] 2019-07-12 19:39:00,418 method:org.apache.http.impl.conn.Wire.wire(Wire.java:72)
http-outgoing-2 >> "POST /session/321baedde2997e3a97edef8a09db022e/element HTTP/1.1[\r][\n]"
[DEBUG] 2019-07-12 19:39:00,419 method:org.apache.http.impl.conn.Wire.wire(Wire.java:72)
http-outgoing-2 >> "Content-Type: application/json; charset=utf-8[\r][\n]"
[DEBUG] 2019-07-12 19:39:00,419 method:org.apache.http.impl.conn.Wire.wire(Wire.java:72)
http-outgoing-2 >> "Content-Length: 78[\r][\n]"
[DEBUG] 2019-07-12 19:39:00,419 method:org.apache.http.impl.conn.Wire.wire(Wire.java:72)
http-outgoing-2 >> "Host: localhost:60573[\r][\n]"
[DEBUG] 2019-07-12 19:39:00,419 method:org.apache.http.impl.conn.Wire.wire(Wire.java:72)
http-outgoing-2 >> "Connection: Keep-Alive[\r][\n]"
[DEBUG] 2019-07-12 19:39:00,419 method:org.apache.http.impl.conn.Wire.wire(Wire.java:72)
http-outgoing-2 >> "User-Agent: Apache-HttpClient/4.3.4 (java 1.5)[\r][\n]"
[DEBUG] 2019-07-12 19:39:00,419 method:org.apache.http.impl.conn.Wire.wire(Wire.java:72)
http-outgoing-2 >> "Accept-Encoding: gzip,deflate[\r][\n]"
[DEBUG] 2019-07-12 19:39:00,419 method:org.apache.http.impl.conn.Wire.wire(Wire.java:72)
http-outgoing-2 >> "[\r][\n]"
[DEBUG] 2019-07-12 19:39:00,419 method:org.apache.http.impl.conn.Wire.wire(Wire.java:86)
http-outgoing-2 >> "{"using":"css selector","value":"img[src*\u003d\u0027article-logo.png\u0027]"}"
[DEBUG] 2019-07-12 19:39:00,442 method:org.apache.http.impl.conn.Wire.wire(Wire.java:72)
http-outgoing-2 << "HTTP/1.1 200 OK[\r][\n]"
[DEBUG] 2019-07-12 19:39:00,442 method:org.apache.http.impl.conn.Wire.wire(Wire.java:72)
http-outgoing-2 << "Content-Length:103[\r][\n]"
[DEBUG] 2019-07-12 19:39:00,442 method:org.apache.http.impl.conn.Wire.wire(Wire.java:72)
http-outgoing-2 << "Content-Type:application/json; charset=utf-8[\r][\n]"
[DEBUG] 2019-07-12 19:39:00,443 method:org.apache.http.impl.conn.Wire.wire(Wire.java:72)
http-outgoing-2 << "[\r][\n]"
[DEBUG] 2019-07-12 19:39:00,443 method:org.apache.http.impl.conn.Wire.wire(Wire.java:86)
http-outgoing-2 << "{"sessionId":"321baedde2997e3a97edef8a09db022e","status":0,"value":{"ELEMENT":"0.15258784681739157-1"}}"
[DEBUG] 2019-07-12 19:39:00,443 method:org.apache.http.impl.conn.LoggingManagedHttpClientConnection.onResponseReceived(LoggingManagedHttpClientConnection.java:113)
http-outgoing-2 << HTTP/1.1 200 OK
[DEBUG] 2019-07-12 19:39:00,443 method:org.apache.http.impl.conn.LoggingManagedHttpClientConnection.onResponseReceived(LoggingManagedHttpClientConnection.java:116)
http-outgoing-2 << Content-Length:103
[DEBUG] 2019-07-12 19:39:00,443 method:org.apache.http.impl.conn.LoggingManagedHttpClientConnection.onResponseReceived(LoggingManagedHttpClientConnection.java:116)
http-outgoing-2 << Content-Type:application/json; charset=utf-8
[DEBUG] 2019-07-12 19:39:00,443 method:org.apache.http.impl.execchain.MainClientExec.execute(MainClientExec.java:267)
Connection can be kept alive indefinitely
[DEBUG] 2019-07-12 19:39:00,444 method:org.apache.http.impl.conn.PoolingHttpClientConnectionManager.releaseConnection(PoolingHttpClientConnectionManager.java:280)
Connection [id: 2][route: {}->http://localhost:60573] can be kept alive indefinitely
[DEBUG] 2019-07-12 19:39:00,444 method:org.apache.http.impl.conn.PoolingHttpClientConnectionManager.releaseConnection(PoolingHttpClientConnectionManager.java:286)
Connection released: [id: 2][route: {}->http://localhost:60573][total kept alive: 3; route allocated: 1 of 2000; total allocated: 3 of 2000]
[TestResult name=test06_switchNotes status=FAILURE method=SuiteTest003_SwitchTitle.test06_switchNotes()[pri:0, instance:com.f.dianqingoa.testcase.SuiteTest003_SwitchTitle@44c8afef] output={null}]
]]></system-out>
  </testcase>
  <testcase name="test06_switchNotes" classname="com.f.dianqingoa.testcase.SuiteTest003_SwitchTitle" time="2.912">
    <failure message="跳转转失败！！！ expected [true] but found [false]" type="java.lang.AssertionError">java.lang.AssertionError: 跳转转失败！！！ expected [true] but found [false]
	at org.testng.Assert.fail(Assert.java:96)
	at org.testng.Assert.failNotEquals(Assert.java:776)
	at org.testng.Assert.assertTrue(Assert.java:44)
	at com.f.dianqingoa.testcase.SuiteTest003_SwitchTitle.test06_switchNotes(SuiteTest003_SwitchTitle.java:122)
</failure>
    <system-out><![CDATA[[DEBUG] 2019-07-12 19:39:00,447 method:org.apache.http.client.protocol.RequestAddCookies.process(RequestAddCookies.java:122)
CookieSpec selected: best-match
[DEBUG] 2019-07-12 19:39:00,447 method:org.apache.http.client.protocol.RequestAuthCache.process(RequestAuthCache.java:75)
Auth cache not set in the context
[DEBUG] 2019-07-12 19:39:00,448 method:org.apache.http.impl.conn.PoolingHttpClientConnectionManager.requestConnection(PoolingHttpClientConnectionManager.java:219)
Connection request: [route: {}->http://localhost:60573][total kept alive: 3; route allocated: 1 of 2000; total allocated: 3 of 2000]
[DEBUG] 2019-07-12 19:39:00,448 method:org.apache.http.impl.conn.PoolingHttpClientConnectionManager.leaseConnection(PoolingHttpClientConnectionManager.java:250)
Connection leased: [id: 2][route: {}->http://localhost:60573][total kept alive: 2; route allocated: 1 of 2000; total allocated: 3 of 2000]
[DEBUG] 2019-07-12 19:39:00,448 method:org.apache.http.impl.execchain.MainClientExec.execute(MainClientExec.java:190)
Stale connection check
[DEBUG] 2019-07-12 19:39:00,449 method:org.apache.http.impl.conn.Wire.wire(Wire.java:86)
http-outgoing-2 << "[read] I/O error: Read timed out"
[DEBUG] 2019-07-12 19:39:00,449 method:org.apache.http.impl.execchain.MainClientExec.execute(MainClientExec.java:238)
Executing request POST /session/321baedde2997e3a97edef8a09db022e/element HTTP/1.1
[DEBUG] 2019-07-12 19:39:00,449 method:org.apache.http.impl.execchain.MainClientExec.execute(MainClientExec.java:243)
Target auth state: UNCHALLENGED
[DEBUG] 2019-07-12 19:39:00,449 method:org.apache.http.impl.execchain.MainClientExec.execute(MainClientExec.java:249)
Proxy auth state: UNCHALLENGED
[DEBUG] 2019-07-12 19:39:00,449 method:org.apache.http.impl.conn.LoggingManagedHttpClientConnection.onRequestSubmitted(LoggingManagedHttpClientConnection.java:124)
http-outgoing-2 >> POST /session/321baedde2997e3a97edef8a09db022e/element HTTP/1.1
[DEBUG] 2019-07-12 19:39:00,449 method:org.apache.http.impl.conn.LoggingManagedHttpClientConnection.onRequestSubmitted(LoggingManagedHttpClientConnection.java:127)
http-outgoing-2 >> Content-Type: application/json; charset=utf-8
[DEBUG] 2019-07-12 19:39:00,450 method:org.apache.http.impl.conn.LoggingManagedHttpClientConnection.onRequestSubmitted(LoggingManagedHttpClientConnection.java:127)
http-outgoing-2 >> Content-Length: 38
[DEBUG] 2019-07-12 19:39:00,450 method:org.apache.http.impl.conn.LoggingManagedHttpClientConnection.onRequestSubmitted(LoggingManagedHttpClientConnection.java:127)
http-outgoing-2 >> Host: localhost:60573
[DEBUG] 2019-07-12 19:39:00,450 method:org.apache.http.impl.conn.LoggingManagedHttpClientConnection.onRequestSubmitted(LoggingManagedHttpClientConnection.java:127)
http-outgoing-2 >> Connection: Keep-Alive
[DEBUG] 2019-07-12 19:39:00,450 method:org.apache.http.impl.conn.LoggingManagedHttpClientConnection.onRequestSubmitted(LoggingManagedHttpClientConnection.java:127)
http-outgoing-2 >> User-Agent: Apache-HttpClient/4.3.4 (java 1.5)
[DEBUG] 2019-07-12 19:39:00,450 method:org.apache.http.impl.conn.LoggingManagedHttpClientConnection.onRequestSubmitted(LoggingManagedHttpClientConnection.java:127)
http-outgoing-2 >> Accept-Encoding: gzip,deflate
[DEBUG] 2019-07-12 19:39:00,450 method:org.apache.http.impl.conn.Wire.wire(Wire.java:72)
http-outgoing-2 >> "POST /session/321baedde2997e3a97edef8a09db022e/element HTTP/1.1[\r][\n]"
[DEBUG] 2019-07-12 19:39:00,450 method:org.apache.http.impl.conn.Wire.wire(Wire.java:72)
http-outgoing-2 >> "Content-Type: application/json; charset=utf-8[\r][\n]"
[DEBUG] 2019-07-12 19:39:00,451 method:org.apache.http.impl.conn.Wire.wire(Wire.java:72)
http-outgoing-2 >> "Content-Length: 38[\r][\n]"
[DEBUG] 2019-07-12 19:39:00,451 method:org.apache.http.impl.conn.Wire.wire(Wire.java:72)
http-outgoing-2 >> "Host: localhost:60573[\r][\n]"
[DEBUG] 2019-07-12 19:39:00,452 method:org.apache.http.impl.conn.Wire.wire(Wire.java:72)
http-outgoing-2 >> "Connection: Keep-Alive[\r][\n]"
[DEBUG] 2019-07-12 19:39:00,452 method:org.apache.http.impl.conn.Wire.wire(Wire.java:72)
http-outgoing-2 >> "User-Agent: Apache-HttpClient/4.3.4 (java 1.5)[\r][\n]"
[DEBUG] 2019-07-12 19:39:00,452 method:org.apache.http.impl.conn.Wire.wire(Wire.java:72)
http-outgoing-2 >> "Accept-Encoding: gzip,deflate[\r][\n]"
[DEBUG] 2019-07-12 19:39:00,452 method:org.apache.http.impl.conn.Wire.wire(Wire.java:72)
http-outgoing-2 >> "[\r][\n]"
[DEBUG] 2019-07-12 19:39:00,452 method:org.apache.http.impl.conn.Wire.wire(Wire.java:86)
http-outgoing-2 >> "{"using":"link text","value":"[0xe6][0x89][0x8b][0xe8][0xae][0xb0]"}"
[DEBUG] 2019-07-12 19:39:00,470 method:org.apache.http.impl.conn.Wire.wire(Wire.java:72)
http-outgoing-2 << "HTTP/1.1 200 OK[\r][\n]"
[DEBUG] 2019-07-12 19:39:00,470 method:org.apache.http.impl.conn.Wire.wire(Wire.java:72)
http-outgoing-2 << "Content-Length:103[\r][\n]"
[DEBUG] 2019-07-12 19:39:00,470 method:org.apache.http.impl.conn.Wire.wire(Wire.java:72)
http-outgoing-2 << "Content-Type:application/json; charset=utf-8[\r][\n]"
[DEBUG] 2019-07-12 19:39:00,470 method:org.apache.http.impl.conn.Wire.wire(Wire.java:72)
http-outgoing-2 << "[\r][\n]"
[DEBUG] 2019-07-12 19:39:00,470 method:org.apache.http.impl.conn.Wire.wire(Wire.java:86)
http-outgoing-2 << "{"sessionId":"321baedde2997e3a97edef8a09db022e","status":0,"value":{"ELEMENT":"0.15258784681739157-2"}}"
[DEBUG] 2019-07-12 19:39:00,471 method:org.apache.http.impl.conn.LoggingManagedHttpClientConnection.onResponseReceived(LoggingManagedHttpClientConnection.java:113)
http-outgoing-2 << HTTP/1.1 200 OK
[DEBUG] 2019-07-12 19:39:00,471 method:org.apache.http.impl.conn.LoggingManagedHttpClientConnection.onResponseReceived(LoggingManagedHttpClientConnection.java:116)
http-outgoing-2 << Content-Length:103
[DEBUG] 2019-07-12 19:39:00,471 method:org.apache.http.impl.conn.LoggingManagedHttpClientConnection.onResponseReceived(LoggingManagedHttpClientConnection.java:116)
http-outgoing-2 << Content-Type:application/json; charset=utf-8
[DEBUG] 2019-07-12 19:39:00,471 method:org.apache.http.impl.execchain.MainClientExec.execute(MainClientExec.java:267)
Connection can be kept alive indefinitely
[DEBUG] 2019-07-12 19:39:00,471 method:org.apache.http.impl.conn.PoolingHttpClientConnectionManager.releaseConnection(PoolingHttpClientConnectionManager.java:280)
Connection [id: 2][route: {}->http://localhost:60573] can be kept alive indefinitely
[DEBUG] 2019-07-12 19:39:00,471 method:org.apache.http.impl.conn.PoolingHttpClientConnectionManager.releaseConnection(PoolingHttpClientConnectionManager.java:286)
Connection released: [id: 2][route: {}->http://localhost:60573][total kept alive: 3; route allocated: 1 of 2000; total allocated: 3 of 2000]
[DEBUG] 2019-07-12 19:39:00,472 method:org.apache.http.client.protocol.RequestAddCookies.process(RequestAddCookies.java:122)
CookieSpec selected: best-match
[DEBUG] 2019-07-12 19:39:00,473 method:org.apache.http.client.protocol.RequestAuthCache.process(RequestAuthCache.java:75)
Auth cache not set in the context
[DEBUG] 2019-07-12 19:39:00,473 method:org.apache.http.impl.conn.PoolingHttpClientConnectionManager.requestConnection(PoolingHttpClientConnectionManager.java:219)
Connection request: [route: {}->http://localhost:60573][total kept alive: 3; route allocated: 1 of 2000; total allocated: 3 of 2000]
[DEBUG] 2019-07-12 19:39:00,473 method:org.apache.http.impl.conn.PoolingHttpClientConnectionManager.leaseConnection(PoolingHttpClientConnectionManager.java:250)
Connection leased: [id: 2][route: {}->http://localhost:60573][total kept alive: 2; route allocated: 1 of 2000; total allocated: 3 of 2000]
[DEBUG] 2019-07-12 19:39:00,473 method:org.apache.http.impl.execchain.MainClientExec.execute(MainClientExec.java:190)
Stale connection check
[DEBUG] 2019-07-12 19:39:00,474 method:org.apache.http.impl.conn.Wire.wire(Wire.java:86)
http-outgoing-2 << "[read] I/O error: Read timed out"
[DEBUG] 2019-07-12 19:39:00,474 method:org.apache.http.impl.execchain.MainClientExec.execute(MainClientExec.java:238)
Executing request POST /session/321baedde2997e3a97edef8a09db022e/element/0.15258784681739157-2/click HTTP/1.1
[DEBUG] 2019-07-12 19:39:00,474 method:org.apache.http.impl.execchain.MainClientExec.execute(MainClientExec.java:243)
Target auth state: UNCHALLENGED
[DEBUG] 2019-07-12 19:39:00,474 method:org.apache.http.impl.execchain.MainClientExec.execute(MainClientExec.java:249)
Proxy auth state: UNCHALLENGED
[DEBUG] 2019-07-12 19:39:00,474 method:org.apache.http.impl.conn.LoggingManagedHttpClientConnection.onRequestSubmitted(LoggingManagedHttpClientConnection.java:124)
http-outgoing-2 >> POST /session/321baedde2997e3a97edef8a09db022e/element/0.15258784681739157-2/click HTTP/1.1
[DEBUG] 2019-07-12 19:39:00,474 method:org.apache.http.impl.conn.LoggingManagedHttpClientConnection.onRequestSubmitted(LoggingManagedHttpClientConnection.java:127)
http-outgoing-2 >> Content-Type: application/json; charset=utf-8
[DEBUG] 2019-07-12 19:39:00,474 method:org.apache.http.impl.conn.LoggingManagedHttpClientConnection.onRequestSubmitted(LoggingManagedHttpClientConnection.java:127)
http-outgoing-2 >> Content-Length: 30
[DEBUG] 2019-07-12 19:39:00,474 method:org.apache.http.impl.conn.LoggingManagedHttpClientConnection.onRequestSubmitted(LoggingManagedHttpClientConnection.java:127)
http-outgoing-2 >> Host: localhost:60573
[DEBUG] 2019-07-12 19:39:00,474 method:org.apache.http.impl.conn.LoggingManagedHttpClientConnection.onRequestSubmitted(LoggingManagedHttpClientConnection.java:127)
http-outgoing-2 >> Connection: Keep-Alive
[DEBUG] 2019-07-12 19:39:00,474 method:org.apache.http.impl.conn.LoggingManagedHttpClientConnection.onRequestSubmitted(LoggingManagedHttpClientConnection.java:127)
http-outgoing-2 >> User-Agent: Apache-HttpClient/4.3.4 (java 1.5)
[DEBUG] 2019-07-12 19:39:00,475 method:org.apache.http.impl.conn.LoggingManagedHttpClientConnection.onRequestSubmitted(LoggingManagedHttpClientConnection.java:127)
http-outgoing-2 >> Accept-Encoding: gzip,deflate
[DEBUG] 2019-07-12 19:39:00,475 method:org.apache.http.impl.conn.Wire.wire(Wire.java:72)
http-outgoing-2 >> "POST /session/321baedde2997e3a97edef8a09db022e/element/0.15258784681739157-2/click HTTP/1.1[\r][\n]"
[DEBUG] 2019-07-12 19:39:00,475 method:org.apache.http.impl.conn.Wire.wire(Wire.java:72)
http-outgoing-2 >> "Content-Type: application/json; charset=utf-8[\r][\n]"
[DEBUG] 2019-07-12 19:39:00,475 method:org.apache.http.impl.conn.Wire.wire(Wire.java:72)
http-outgoing-2 >> "Content-Length: 30[\r][\n]"
[DEBUG] 2019-07-12 19:39:00,475 method:org.apache.http.impl.conn.Wire.wire(Wire.java:72)
http-outgoing-2 >> "Host: localhost:60573[\r][\n]"
[DEBUG] 2019-07-12 19:39:00,475 method:org.apache.http.impl.conn.Wire.wire(Wire.java:72)
http-outgoing-2 >> "Connection: Keep-Alive[\r][\n]"
[DEBUG] 2019-07-12 19:39:00,475 method:org.apache.http.impl.conn.Wire.wire(Wire.java:72)
http-outgoing-2 >> "User-Agent: Apache-HttpClient/4.3.4 (java 1.5)[\r][\n]"
[DEBUG] 2019-07-12 19:39:00,475 method:org.apache.http.impl.conn.Wire.wire(Wire.java:72)
http-outgoing-2 >> "Accept-Encoding: gzip,deflate[\r][\n]"
[DEBUG] 2019-07-12 19:39:00,475 method:org.apache.http.impl.conn.Wire.wire(Wire.java:72)
http-outgoing-2 >> "[\r][\n]"
[DEBUG] 2019-07-12 19:39:00,476 method:org.apache.http.impl.conn.Wire.wire(Wire.java:86)
http-outgoing-2 >> "{"id":"0.15258784681739157-2"}"
[DEBUG] 2019-07-12 19:39:02,838 method:org.apache.http.impl.conn.Wire.wire(Wire.java:72)
http-outgoing-2 << "HTTP/1.1 200 OK[\r][\n]"
[DEBUG] 2019-07-12 19:39:02,839 method:org.apache.http.impl.conn.Wire.wire(Wire.java:72)
http-outgoing-2 << "Content-Length:72[\r][\n]"
[DEBUG] 2019-07-12 19:39:02,839 method:org.apache.http.impl.conn.Wire.wire(Wire.java:72)
http-outgoing-2 << "Content-Type:application/json; charset=utf-8[\r][\n]"
[DEBUG] 2019-07-12 19:39:02,839 method:org.apache.http.impl.conn.Wire.wire(Wire.java:72)
http-outgoing-2 << "[\r][\n]"
[DEBUG] 2019-07-12 19:39:02,840 method:org.apache.http.impl.conn.Wire.wire(Wire.java:86)
http-outgoing-2 << "{"sessionId":"321baedde2997e3a97edef8a09db022e","status":0,"value":null}"
[DEBUG] 2019-07-12 19:39:02,840 method:org.apache.http.impl.conn.LoggingManagedHttpClientConnection.onResponseReceived(LoggingManagedHttpClientConnection.java:113)
http-outgoing-2 << HTTP/1.1 200 OK
[DEBUG] 2019-07-12 19:39:02,840 method:org.apache.http.impl.conn.LoggingManagedHttpClientConnection.onResponseReceived(LoggingManagedHttpClientConnection.java:116)
http-outgoing-2 << Content-Length:72
[DEBUG] 2019-07-12 19:39:02,840 method:org.apache.http.impl.conn.LoggingManagedHttpClientConnection.onResponseReceived(LoggingManagedHttpClientConnection.java:116)
http-outgoing-2 << Content-Type:application/json; charset=utf-8
[DEBUG] 2019-07-12 19:39:02,841 method:org.apache.http.impl.execchain.MainClientExec.execute(MainClientExec.java:267)
Connection can be kept alive indefinitely
[DEBUG] 2019-07-12 19:39:02,842 method:org.apache.http.impl.conn.PoolingHttpClientConnectionManager.releaseConnection(PoolingHttpClientConnectionManager.java:280)
Connection [id: 2][route: {}->http://localhost:60573] can be kept alive indefinitely
[DEBUG] 2019-07-12 19:39:02,843 method:org.apache.http.impl.conn.PoolingHttpClientConnectionManager.releaseConnection(PoolingHttpClientConnectionManager.java:286)
Connection released: [id: 2][route: {}->http://localhost:60573][total kept alive: 3; route allocated: 1 of 2000; total allocated: 3 of 2000]
[DEBUG] 2019-07-12 19:39:02,845 method:org.apache.http.client.protocol.RequestAddCookies.process(RequestAddCookies.java:122)
CookieSpec selected: best-match
[DEBUG] 2019-07-12 19:39:02,845 method:org.apache.http.client.protocol.RequestAuthCache.process(RequestAuthCache.java:75)
Auth cache not set in the context
[DEBUG] 2019-07-12 19:39:02,845 method:org.apache.http.impl.conn.PoolingHttpClientConnectionManager.requestConnection(PoolingHttpClientConnectionManager.java:219)
Connection request: [route: {}->http://localhost:60573][total kept alive: 3; route allocated: 1 of 2000; total allocated: 3 of 2000]
[DEBUG] 2019-07-12 19:39:02,845 method:org.apache.http.impl.conn.PoolingHttpClientConnectionManager.leaseConnection(PoolingHttpClientConnectionManager.java:250)
Connection leased: [id: 2][route: {}->http://localhost:60573][total kept alive: 2; route allocated: 1 of 2000; total allocated: 3 of 2000]
[DEBUG] 2019-07-12 19:39:02,846 method:org.apache.http.impl.execchain.MainClientExec.execute(MainClientExec.java:190)
Stale connection check
[DEBUG] 2019-07-12 19:39:02,847 method:org.apache.http.impl.conn.Wire.wire(Wire.java:86)
http-outgoing-2 << "[read] I/O error: Read timed out"
[DEBUG] 2019-07-12 19:39:02,847 method:org.apache.http.impl.execchain.MainClientExec.execute(MainClientExec.java:238)
Executing request POST /session/321baedde2997e3a97edef8a09db022e/element HTTP/1.1
[DEBUG] 2019-07-12 19:39:02,847 method:org.apache.http.impl.execchain.MainClientExec.execute(MainClientExec.java:243)
Target auth state: UNCHALLENGED
[DEBUG] 2019-07-12 19:39:02,847 method:org.apache.http.impl.execchain.MainClientExec.execute(MainClientExec.java:249)
Proxy auth state: UNCHALLENGED
[DEBUG] 2019-07-12 19:39:02,848 method:org.apache.http.impl.conn.LoggingManagedHttpClientConnection.onRequestSubmitted(LoggingManagedHttpClientConnection.java:124)
http-outgoing-2 >> POST /session/321baedde2997e3a97edef8a09db022e/element HTTP/1.1
[DEBUG] 2019-07-12 19:39:02,848 method:org.apache.http.impl.conn.LoggingManagedHttpClientConnection.onRequestSubmitted(LoggingManagedHttpClientConnection.java:127)
http-outgoing-2 >> Content-Type: application/json; charset=utf-8
[DEBUG] 2019-07-12 19:39:02,848 method:org.apache.http.impl.conn.LoggingManagedHttpClientConnection.onRequestSubmitted(LoggingManagedHttpClientConnection.java:127)
http-outgoing-2 >> Content-Length: 78
[DEBUG] 2019-07-12 19:39:02,848 method:org.apache.http.impl.conn.LoggingManagedHttpClientConnection.onRequestSubmitted(LoggingManagedHttpClientConnection.java:127)
http-outgoing-2 >> Host: localhost:60573
[DEBUG] 2019-07-12 19:39:02,848 method:org.apache.http.impl.conn.LoggingManagedHttpClientConnection.onRequestSubmitted(LoggingManagedHttpClientConnection.java:127)
http-outgoing-2 >> Connection: Keep-Alive
[DEBUG] 2019-07-12 19:39:02,849 method:org.apache.http.impl.conn.LoggingManagedHttpClientConnection.onRequestSubmitted(LoggingManagedHttpClientConnection.java:127)
http-outgoing-2 >> User-Agent: Apache-HttpClient/4.3.4 (java 1.5)
[DEBUG] 2019-07-12 19:39:02,849 method:org.apache.http.impl.conn.LoggingManagedHttpClientConnection.onRequestSubmitted(LoggingManagedHttpClientConnection.java:127)
http-outgoing-2 >> Accept-Encoding: gzip,deflate
[DEBUG] 2019-07-12 19:39:02,849 method:org.apache.http.impl.conn.Wire.wire(Wire.java:72)
http-outgoing-2 >> "POST /session/321baedde2997e3a97edef8a09db022e/element HTTP/1.1[\r][\n]"
[DEBUG] 2019-07-12 19:39:02,849 method:org.apache.http.impl.conn.Wire.wire(Wire.java:72)
http-outgoing-2 >> "Content-Type: application/json; charset=utf-8[\r][\n]"
[DEBUG] 2019-07-12 19:39:02,850 method:org.apache.http.impl.conn.Wire.wire(Wire.java:72)
http-outgoing-2 >> "Content-Length: 78[\r][\n]"
[DEBUG] 2019-07-12 19:39:02,850 method:org.apache.http.impl.conn.Wire.wire(Wire.java:72)
http-outgoing-2 >> "Host: localhost:60573[\r][\n]"
[DEBUG] 2019-07-12 19:39:02,850 method:org.apache.http.impl.conn.Wire.wire(Wire.java:72)
http-outgoing-2 >> "Connection: Keep-Alive[\r][\n]"
[DEBUG] 2019-07-12 19:39:02,850 method:org.apache.http.impl.conn.Wire.wire(Wire.java:72)
http-outgoing-2 >> "User-Agent: Apache-HttpClient/4.3.4 (java 1.5)[\r][\n]"
[DEBUG] 2019-07-12 19:39:02,850 method:org.apache.http.impl.conn.Wire.wire(Wire.java:72)
http-outgoing-2 >> "Accept-Encoding: gzip,deflate[\r][\n]"
[DEBUG] 2019-07-12 19:39:02,851 method:org.apache.http.impl.conn.Wire.wire(Wire.java:72)
http-outgoing-2 >> "[\r][\n]"
[DEBUG] 2019-07-12 19:39:02,851 method:org.apache.http.impl.conn.Wire.wire(Wire.java:86)
http-outgoing-2 >> "{"using":"css selector","value":"img[src*\u003d\u0027article-logo.png\u0027]"}"
[DEBUG] 2019-07-12 19:39:02,863 method:org.apache.http.impl.conn.Wire.wire(Wire.java:72)
http-outgoing-2 << "HTTP/1.1 200 OK[\r][\n]"
[DEBUG] 2019-07-12 19:39:02,863 method:org.apache.http.impl.conn.Wire.wire(Wire.java:72)
http-outgoing-2 << "Content-Length:100[\r][\n]"
[DEBUG] 2019-07-12 19:39:02,863 method:org.apache.http.impl.conn.Wire.wire(Wire.java:72)
http-outgoing-2 << "Content-Type:application/json; charset=utf-8[\r][\n]"
[DEBUG] 2019-07-12 19:39:02,864 method:org.apache.http.impl.conn.Wire.wire(Wire.java:72)
http-outgoing-2 << "[\r][\n]"
[DEBUG] 2019-07-12 19:39:02,864 method:org.apache.http.impl.conn.Wire.wire(Wire.java:86)
http-outgoing-2 << "{"sessionId":"321baedde2997e3a97edef8a09db022e","status":0,"value":{"ELEMENT":"0.83619544748745-1"}}"
[DEBUG] 2019-07-12 19:39:02,864 method:org.apache.http.impl.conn.LoggingManagedHttpClientConnection.onResponseReceived(LoggingManagedHttpClientConnection.java:113)
http-outgoing-2 << HTTP/1.1 200 OK
[DEBUG] 2019-07-12 19:39:02,864 method:org.apache.http.impl.conn.LoggingManagedHttpClientConnection.onResponseReceived(LoggingManagedHttpClientConnection.java:116)
http-outgoing-2 << Content-Length:100
[DEBUG] 2019-07-12 19:39:02,864 method:org.apache.http.impl.conn.LoggingManagedHttpClientConnection.onResponseReceived(LoggingManagedHttpClientConnection.java:116)
http-outgoing-2 << Content-Type:application/json; charset=utf-8
[DEBUG] 2019-07-12 19:39:02,864 method:org.apache.http.impl.execchain.MainClientExec.execute(MainClientExec.java:267)
Connection can be kept alive indefinitely
[DEBUG] 2019-07-12 19:39:02,864 method:org.apache.http.impl.conn.PoolingHttpClientConnectionManager.releaseConnection(PoolingHttpClientConnectionManager.java:280)
Connection [id: 2][route: {}->http://localhost:60573] can be kept alive indefinitely
[DEBUG] 2019-07-12 19:39:02,865 method:org.apache.http.impl.conn.PoolingHttpClientConnectionManager.releaseConnection(PoolingHttpClientConnectionManager.java:286)
Connection released: [id: 2][route: {}->http://localhost:60573][total kept alive: 3; route allocated: 1 of 2000; total allocated: 3 of 2000]
[TestResult name=test06_switchNotes status=FAILURE method=SuiteTest003_SwitchTitle.test06_switchNotes()[pri:0, instance:com.f.dianqingoa.testcase.SuiteTest003_SwitchTitle@44c8afef] output={null}]
ITestResult tr: [TestResult name=test06_switchNotes status=FAILURE method=SuiteTest003_SwitchTitle.test06_switchNotes()[pri:0, instance:com.f.dianqingoa.testcase.SuiteTest003_SwitchTitle@44c8afef] output={null}]
[DEBUG] 2019-07-12 19:39:02,866 method:org.apache.http.client.protocol.RequestAddCookies.process(RequestAddCookies.java:122)
CookieSpec selected: best-match
[DEBUG] 2019-07-12 19:39:02,867 method:org.apache.http.client.protocol.RequestAuthCache.process(RequestAuthCache.java:75)
Auth cache not set in the context
[DEBUG] 2019-07-12 19:39:02,867 method:org.apache.http.impl.conn.PoolingHttpClientConnectionManager.requestConnection(PoolingHttpClientConnectionManager.java:219)
Connection request: [route: {}->http://localhost:60573][total kept alive: 3; route allocated: 1 of 2000; total allocated: 3 of 2000]
[DEBUG] 2019-07-12 19:39:02,867 method:org.apache.http.impl.conn.PoolingHttpClientConnectionManager.leaseConnection(PoolingHttpClientConnectionManager.java:250)
Connection leased: [id: 2][route: {}->http://localhost:60573][total kept alive: 2; route allocated: 1 of 2000; total allocated: 3 of 2000]
[DEBUG] 2019-07-12 19:39:02,867 method:org.apache.http.impl.execchain.MainClientExec.execute(MainClientExec.java:190)
Stale connection check
[DEBUG] 2019-07-12 19:39:02,868 method:org.apache.http.impl.conn.Wire.wire(Wire.java:86)
http-outgoing-2 << "[read] I/O error: Read timed out"
[DEBUG] 2019-07-12 19:39:02,868 method:org.apache.http.impl.execchain.MainClientExec.execute(MainClientExec.java:238)
Executing request GET /session/321baedde2997e3a97edef8a09db022e/screenshot HTTP/1.1
[DEBUG] 2019-07-12 19:39:02,868 method:org.apache.http.impl.execchain.MainClientExec.execute(MainClientExec.java:243)
Target auth state: UNCHALLENGED
[DEBUG] 2019-07-12 19:39:02,868 method:org.apache.http.impl.execchain.MainClientExec.execute(MainClientExec.java:249)
Proxy auth state: UNCHALLENGED
[DEBUG] 2019-07-12 19:39:02,868 method:org.apache.http.impl.conn.LoggingManagedHttpClientConnection.onRequestSubmitted(LoggingManagedHttpClientConnection.java:124)
http-outgoing-2 >> GET /session/321baedde2997e3a97edef8a09db022e/screenshot HTTP/1.1
[DEBUG] 2019-07-12 19:39:02,868 method:org.apache.http.impl.conn.LoggingManagedHttpClientConnection.onRequestSubmitted(LoggingManagedHttpClientConnection.java:127)
http-outgoing-2 >> Cache-Control: no-cache
[DEBUG] 2019-07-12 19:39:02,868 method:org.apache.http.impl.conn.LoggingManagedHttpClientConnection.onRequestSubmitted(LoggingManagedHttpClientConnection.java:127)
http-outgoing-2 >> Host: localhost:60573
[DEBUG] 2019-07-12 19:39:02,868 method:org.apache.http.impl.conn.LoggingManagedHttpClientConnection.onRequestSubmitted(LoggingManagedHttpClientConnection.java:127)
http-outgoing-2 >> Connection: Keep-Alive
[DEBUG] 2019-07-12 19:39:02,868 method:org.apache.http.impl.conn.LoggingManagedHttpClientConnection.onRequestSubmitted(LoggingManagedHttpClientConnection.java:127)
http-outgoing-2 >> User-Agent: Apache-HttpClient/4.3.4 (java 1.5)
[DEBUG] 2019-07-12 19:39:02,868 method:org.apache.http.impl.conn.LoggingManagedHttpClientConnection.onRequestSubmitted(LoggingManagedHttpClientConnection.java:127)
http-outgoing-2 >> Accept-Encoding: gzip,deflate
[DEBUG] 2019-07-12 19:39:02,869 method:org.apache.http.impl.conn.Wire.wire(Wire.java:72)
http-outgoing-2 >> "GET /session/321baedde2997e3a97edef8a09db022e/screenshot HTTP/1.1[\r][\n]"
[DEBUG] 2019-07-12 19:39:02,869 method:org.apache.http.impl.conn.Wire.wire(Wire.java:72)
http-outgoing-2 >> "Cache-Control: no-cache[\r][\n]"
[DEBUG] 2019-07-12 19:39:02,869 method:org.apache.http.impl.conn.Wire.wire(Wire.java:72)
http-outgoing-2 >> "Host: localhost:60573[\r][\n]"
[DEBUG] 2019-07-12 19:39:02,869 method:org.apache.http.impl.conn.Wire.wire(Wire.java:72)
http-outgoing-2 >> "Connection: Keep-Alive[\r][\n]"
[DEBUG] 2019-07-12 19:39:02,869 method:org.apache.http.impl.conn.Wire.wire(Wire.java:72)
http-outgoing-2 >> "User-Agent: Apache-HttpClient/4.3.4 (java 1.5)[\r][\n]"
[DEBUG] 2019-07-12 19:39:02,869 method:org.apache.http.impl.conn.Wire.wire(Wire.java:72)
http-outgoing-2 >> "Accept-Encoding: gzip,deflate[\r][\n]"
[DEBUG] 2019-07-12 19:39:02,869 method:org.apache.http.impl.conn.Wire.wire(Wire.java:72)
http-outgoing-2 >> "[\r][\n]"
[DEBUG] 2019-07-12 19:39:03,221 method:org.apache.http.impl.conn.Wire.wire(Wire.java:72)
http-outgoing-2 << "HTTP/1.1 200 OK[\r][\n]"
[DEBUG] 2019-07-12 19:39:03,222 method:org.apache.http.impl.conn.Wire.wire(Wire.java:72)
http-outgoing-2 << "Content-Length:380482[\r][\n]"
[DEBUG] 2019-07-12 19:39:03,222 method:org.apache.http.impl.conn.Wire.wire(Wire.java:72)
http-outgoing-2 << "Content-Type:application/json; charset=utf-8[\r][\n]"
[DEBUG] 2019-07-12 19:39:03,222 method:org.apache.http.impl.conn.Wire.wire(Wire.java:72)
http-outgoing-2 << "[\r][\n]"
[DEBUG] 2019-07-12 19:39:03,222 method:org.apache.http.impl.conn.Wire.wire(Wire.java:86)
http-outgoing-2 << "{"sessionId":"321baedde2997e3a97edef8a09db022e","status":0,"value":"iVBORw0KGgoAAAANSUhEUgAABVYAAAJrCAYAAAALesjvAAAgAElEQVR4nOzdeXhU5dn48e/MZJvsG1nYEiFsBhHUiEQBBVuwiPIiWGx4a/UtrYWK5aUIothUWgpFmrdY1F9tqW1BqVAFEYHWoIACAS1bBAIhhCUkhKyTZZJZf3+cmclMMpNkIGFCvD/XxUWYOXPOc86Qmefcz/3cjyowqpcVIYQQQgghhBBCCCGE+IYoLTxx3ftQd0A7hBBCCCGEEEIIIYQQ4htFAqtCCCGEEEIIIYQQQgjhJQmsCiGEEEIIIYQQQgghhJf8fN0AIYQQ4mZ0RVPUru3izb06uSVCCCGEEEIIIXxBMlaFEEIIIYQQQgghhBDCSxJYFUIIIa5DxFVrux4TQgghhBBCCNG9SGBVCCGEuE4SSBVCCCGEEEKI7uXDDz9scxupsSqEEEJcp+oeKiKuWqnuofJ1U4QQQgghhLgpxERHERsbRUR4OMHBWvz9lRCV0Wiivl5PtU5HWVkl5RWVPm6p+CayB1U//PBDHnnkEY/bqQKjekmajRBCCOEl++JVzgFV+8/Oj8niVUIIIYQQQjTp07snffv0JCQkuF3b19XVc+HiZS5eutzJLRPfNKWFJ9w+7i5T1VNwVQKrQgghxDVwF1i1/xuQwKrocDHRzhkd/qhUkiHtDavVitFodGTASPaLEEIIcWOFh4cyeGAKkZHhAJjrq/HXXSSGWsI1ZvxVFlQqKwarhiqzFp0mjMaQeNRaZfuqKh2nTuej09X68jREN+IusNra9H93wVUJrAohhBDXwFNgtfljElgV1ysmOorEhHgCAgJ83ZRuxWAwUFxyRQKsQgghxA2QEN+D24YORqVSYanXEV51hgHaKnpHBRMUpOVCUQV1RhPxCZEEaKw0NDRSU2MAq4rCxiCuRgxGFRKD1WrleO4pSq5c9fUpiW7AU8aqN6TGqhBCCHEd3NVVlVqroqP06dWTHj1ifd2MbikgIICkvn0I1mq5WCRTC4UQQtycZqjMvKw2A/CKRcMGq8bHLWopIb4Hw24bAoC+MJfkhnMk94qgf3IiEaGBWIHyOj2N1bWEhQQSoIawEC3xif5YTRYSqusw6E9wsCqeqsiBjn1JcFV0BZKxKoQQQlwDe8ZqWyRjVVwrCareOFevlklwtZuZbDHyqllPdDvHuSqs8HONlq1q/85tmBBdVn/GT7ubPoGgK9zJ+19U+LpBop1OaAzEoIR1ylFxq7lrzXAJDw9lZNoIVCoV1sJDjAirJT4uFn9/E2ZjA/4aP4KD/CktraVSV09kVChVuhouV9VTa1IT4B9AYlQwt8SFEhcewoeFfpSHpWC1Wsk5dFjKAojrIhmrwsfGMHdZGuWLV7He7b+FEKL7W2kJ41VruK+bIbqZmOgoCareQD16xFKv10tZgG7Em6AqQLRKeY0EVsU3Vy9S7xjOIC3Qz4+8L/7O175ukgBg0OPz+cmoKMr3/4Wl7531dXO8NnhgCiqVioDyM4xMNFOp9+fL/FKq6+pQW43EBqvoGxuGn1WN2mSkvraWK1UGjl5Vc7Hegsliwd9Uzq09qrk3OZRRseHsLC/AGN2PwQNTOPjlEV+foviGk4xV4Z2xs1g5JYX2rd2nJ29zJuWjMonZn8nq3TB+diZTB2jdbl1/ZhsLXt/T6jbutrcbPzuTqb2LeH/xW2QDSqB3EoN0h5izfJNtq2ksyUojoV3tL2XfPN8HiTMWeXf9ml63gvT4UvblQPrIuDa37zJmzGfNSNq49tNYsiyKfY73WnndyuhD7GAcU8NzHe/5N+P6jWHusnGwUzlPQPldHVXJAsf//ZbGz85kIruU87BdP5dzmjGfNc7nrs/n/cVvwexM0sNrSIh3vi5d4/elhRnzWZN83ukzwP02Tec+jSVZSRTMcx4wanZtba5oim5sUHXsLFZOgB2L3yLb+Wf7c27fb+fzaeXz78qh1q+Rz63kSMUTDAZAx2cv3srEN+DNnBMkv638/LMtJ1g+2v17UbV3KQmP/r8b2eDrNvTWwe2vqRp/K6OHJRMbaKahopB9+/Ko7tzmdUsGg4HcE6d83QzRQa6adNf0uh5+rX2mN/9OcPdv1ySD8bPnk/r1qhbfIS7fwa0er71JC80/752/y24S13Cf4biuzfox42dnkl6RSUHyCobrulKfreuLmfIcS8b2pL1DDLpj7/LCX9oX2FL6103/LslZyNLiZn2aFlz7/RmLVtCvcCFLN7RxsPb0AW8Cfe6ewOQJ40iNBipOsWPnTrYedJ1h0ZVLAfTp3ZMhg1Mw1ZZzq/4oZ0oNnCw1UGNQ0WA04a8ykRSpIq2XHwkhGur0ZjQB/uSWmLhEHPUmqKyqwGA2ojZZuS1Ww11JIYSGh/OVaiAqbQQnT+Vz8ZLMOhHXRjJWxY23+y0WODqG7cxY3Z3Lkqz5ZOxeRQm2L9ANrh1K5ecm9m08mjGfldG46YClMDVrBVOdt9WmsSYrDXsHbOm8TS321ZW/dNcv9+b6NQVO6s9sY85yJWA23E0QeqL7w91gtuC3m1hnetYK0p0fsAX13He4FMHhcWQvz4TZmaycXcqC1/d08+tnt4fVx9JYM2EW43e7XqOWAw5e2LCKORucO7DTWLJsFgWXgMJVzFnuRefWRzKS4ygpXOXFKzaxdPMsVi6bRcniPFI9BFXBB5mqu99iQeJ81mStYKo+n/cX55G6bAVTnX5/lM8658/QTSydN40lWZnMdff5B7bPwBtyBm3yHBw9w9vRvRne7NFnRm7jSMWnvPnGAzzz6K38n4d9LuqEtnammOiodgdVI+56hP9OT0JTX0mdAYL6DeTWlN588LdsCjq5nd1NQEAAMdFRkrUqWrGH1TsHsXLUNNhN02DVlBWsmVLKvnnniUDnkuWX/fp50rPmk7H7PP1aDG5NYk3WJNvPbgYoxw6iT7P9NdfUn3F6cEYSCcSR4NyXakc/yudc7jMUrQegm/cjbddTn8++S8oj65cvpGR2Jitn47oP2z2ErsU9h5u+qdPgY8tB+i46sHwdyjfv4/SIaaS2q4tTw8WvvckWbAqIj5+dSTowPrUXwVqt6z2c7f9rwqJMYvbnOr1+Gv3iSylY3vaRvO8Ddj2pM+Yza2RcU5A7ejATn+jP8H7rWLqhaSBwg1XDBnPXCaY669unJwCa4uOcrNVxstyKOSiMnkm9KDx3kWpdDWcrTMSHqgn3U6FvMKOxaqhqBFVEGJbGOhqtBixmExq/EPKqzIQG6knVhhFlukiVNoK+fXpKYFX4lARWxTVxGW1sHgDLWkG6S+dtE0tz5rNy9hh2AAkjV7BmpH3jpg5l/RmnfSTPZ8mMVSzd0DxwY8sMuFSjbOemA+Y2886Fu2BenCMgAXSxzqc3128TS+dt6oKBv9a0p0OqjFS70DYF0evPbGPB1zrqbcGh7Ncznd67bnz9WgwsxCnXRJ/P+zuVR7JfzyR7hnL+2a/vaV8gtHk25E3EbVZyvPN7rlD+zwxyun6TWLNsEHm6FAbZPtumZqUoP0xZwZopzTJjwIfT//Xk7VTem+zFts85Dxmr9oxttwHVLuj/WgRHV3Kk4i4ORD/AM25fsYDh6z+lZMuPeeYmy0htTUR4e/9vDWLciCSMBVv5w0eFykORI5iRMYoxY7IpkAQtr0WEh0tgtZs4bTYTq1IRqVKhVqnAz0rgtEb87zUCYPzCn8ZNgWBSYbVaqbRaKbNa27472v0WR0ZlMndsrlN/UckQZUYSCdo4R/9EGeRS+iFLZmxy+Sx2HzB0P7OgRdIA4AhQva4MKC+ZYQ8+TWPJSNg3b6FT1mwmE8m76b7T27aH1fbvweb9/xnzWRk9BtjTrF+oGJ/aC/R6EobNYvyGlv2dpgFK5b7BPmAPtAy0LptFyU3YZ/LsEP84ms4ro3u2uaWx8BD/OOjl7hNnsXIZHLkERM9iYu8i3p/nfP3s/f4xxDT/OnQ3aABOgVjXjFh3fUDgJpipAwx6gu86B1Ud/ElIm0TG4VOsz/NBu7wQEx1FSEgwhpoKqCznfJ0aS1AIGn8/wsNDMBrq8NNYMVjUlNRAvxAwGCxgNdFoUnE2/yxWtQUAlcUPg7URjZ+GiIgIIgNMRGgN7NNXExISIQOj4rodOeJ9SYnhw5W0DwmsimvUMsjgYAvKuNiwigXA+Nnj2pWxSuEhqofNJ2PDefqF51OdnMncsZmsZhB9KGJHRTh9ou0buwuUOmcA4CZQ2kr73QXxfK29189l6vYk1mSlsS8Hggc0ux40C2R3ARmLVpCOF52c5u/p2EFAEkuyVthuSJwCtt31+rkbWMDWyZ+i/EI0DRikkcEe1heWsiZ5GtBKiYDUXnBp1015g+B885SxqK3pf3tYsLu90zG7gLGzWDlMx/s5MDF1FkumpLS4+XYeICrJWeiUsejuZr2bZNk8+0A7y7vcPIKD2y6Ho+hNTJiOyxsLmx6qOkxBaRqj4kcAhzujed1a+6+96OrqgQtWK0VWKzEqFX2nGTCMNmHAVnh1jAk/4NI7AZRZrZi82Pf65ZnANJZMcZ4pVQrJYeRtXsjXqco0dMcg5oZVLKXlNGiX/qqtX+MIvnoxyJn9+i5Sl01iEKWwaCjVOUUMz1pBv5yFLGW+beZKF/+OuxbNSxY17/83+7dzsDS1N1zcmUvElKGkjoVst/cE4JgVlNyyLBRA9uu5pGcldbvvofL3D5N3V0+3s8qaVHBkx07Kr+M4CQNSqD+zjYRFmczd3/zeLI4IrZaEKUrfZmpWJhP1OP2O7aJ6WBrli8/Tz3bvtn65MqDQ1WdUtUfMXX2J8fSkOo5Bd0VDXtdeYCw2VnlfGkvOYzJCnUWFyWxEV11DeWUVZpNZWXJLpUFvVFHbaMHaaMZi8cNiAbPZhBWwWi2oUYNVhdlkJjQiAq25FJPZTJihhDptBLGxElgVviOBVXGNtAyasoI1Uzw8rc9X/rZ3eOy1GWlnxqp9qlVWGpzZxtLXK1mSNZ+5Z8LQHcskm/nNMgpbCxC0FSjtwotueXv9NqxizgZ7oFlP3uZVrN8N67tsp8Ip02D5QtbPmM+arPnsm3eefi61wTaxdLGnfTgHjPRc3LyQpU71trr39XOfoVmSs5A5OfNZGa1DNyDctcbahvOUZCWRAZS43aP9ZmOPa0Zs/ArWJJdSwrXVrLsh3NVmi28ZFLdTbrDGkNpbS7B2Ustpgl2NPZA+dhYThynZSG3dbGc4z4F3GYxQPve6Gk+lAAZXXOIHTv8+tb43w/mUhowBNNVc/TE7zi3h/oiW+63a22lN7hT+/u2tbNeIyeJHYC+gyv5YOBFBgZhr6juncd1c+6+9uFmYgVKrlX7pRhrMas5cUd7jAfFGAtONlKz34j13fM8o0/5dM1bTSAjPZ99uINW2vSPwZ+unLm+eRdrKFPcJKQRrPWSrOn+ez5jPmpFh5G0+RMmUJAqWZ9oGlccwd9kK1ugOMWdxF8/Ma0vvccpgd/O+vq1kkdt66K3NYJuRxiCKeH/3JhJGpZE+ahrsbmXAOTrMc9vGRtE9l6/cw86Toxh0R7THLerP7Ofta82Y1FVSQi9bX2waS5YVKb870HRNx0YRfuUQc5aj1Fg9Fs7E6EOs3j2GuROg+us4Iobp+HpslGupoBnzlWQNW//9phlAb2Z4ROsDfdqIoUDXPif7DBxD5VWSeoSj"
[DEBUG] 2019-07-12 19:39:03,223 method:org.apache.http.impl.conn.LoggingManagedHttpClientConnection.onResponseReceived(LoggingManagedHttpClientConnection.java:113)
http-outgoing-2 << HTTP/1.1 200 OK
[DEBUG] 2019-07-12 19:39:03,223 method:org.apache.http.impl.conn.LoggingManagedHttpClientConnection.onResponseReceived(LoggingManagedHttpClientConnection.java:116)
http-outgoing-2 << Content-Length:380482
[DEBUG] 2019-07-12 19:39:03,223 method:org.apache.http.impl.conn.LoggingManagedHttpClientConnection.onResponseReceived(LoggingManagedHttpClientConnection.java:116)
http-outgoing-2 << Content-Type:application/json; charset=utf-8
[DEBUG] 2019-07-12 19:39:03,223 method:org.apache.http.impl.execchain.MainClientExec.execute(MainClientExec.java:267)
Connection can be kept alive indefinitely
[DEBUG] 2019-07-12 19:39:03,227 method:org.apache.http.impl.conn.Wire.wire(Wire.java:86)
http-outgoing-2 << "KzdwqUaZNWAymbFixWJR/hgtfjSYALMKi8WCPxr8NSr0FitqlRqr1YrFYqbBosZkaEBvbsTPqifRL4h8vJntI0THk8CquEbtzFjdsIo5G5oCm87ZZG1+ye3O4+KEFCIqlOeX5sxnzcga9s0DZjTfOK5lTU6X5ua398S6lmu5fmMHEYGe+jNFRIyaxdwJKR5Gm7tKtprzImP2DvI0luh1bgJ/rtnJjmnv8xYqNzXLovh6t+31tsBs979+rgtpZSxaQb9Wt95EwZUV9JvhIbA61pYVvhtACeQ5Rv2LnX63o2exMssp6DqyC1wPpwze9i9skEaErpT6S+e52NuW1dvpDb0+GaNSCNaWkuCxRnFrGfldm3elAB4g6Nkfs+Pcc06PneHtZtvejDVW2+9zTly8lQfGTOcB804+PRXIsG+N59aoSk7v6eLzA4XwAbUKQgItjp/xdgnf3W+xYLfTwJTWNWPVsbhOOFR/Dey2D9imucmuBE8ZlRmLJjFI6+F71WVm2BjmDoN98zKVBaum4HQcPXmbFzLnJvwuaC5Yl8ucY0mssWfhOr7bm83GcCR96MnLKYJw5Xo37xNkJMdRf+mQ0icsLCV9pDLg7ClBI32AlpIc94HXjFEpBF851OX7DtfE2Eoety6fHe91UFBvRhIcW6WUtKjIZGmx8vCI1F7oCt8CpgHhpA+DI4uVgf8+FLGDKCbqKsl2/A3K70QcaJuVeXOTHX4zzsy62dhngZj1OqJ7RhKl96Ow2oDJZEajUWOxWAEVKpUao9lKgwnUZisWzIRpNIRprNQZzFjVarBaUFutRIRaidA0YjFasFgaiVJXuxxLCF+QwKrwjnNGWGsZqyjTNVJdbu7dTUV17lAqwQB7gf7xs8fR51I+OlvtI2yjxTFj3R3tejJW41osNNA1tfP6pUL1JQgnj326NFL32zvVXXWFWFvWqiNbdRXrWx39d36vnd/bUqpJIoFpLMkaSvXmzGbn2V2vX8tSBSWFyk2DrvA8uLmSjnIAbpJP2ywDoKuE8BQofIsF87rqVKtp9IuHBE91tRz/h5Q6dAU5MDy6lNXHopg7ez5rBriZ7tdFanEpCz3kk6e3v68tg6gZizI9Tx37BmoZrO36jEZjuxevOvjPfxEyfSzDJj7J3d8B9JWcrwzm1m8/QvnGDzlY1eYuhBOj0ejrJohOUvqFhl7fNuOnUaKpIYFWiv51PYu92GqmOmVGZizKZO7+XRBeQ3nzgOaGVcwpdl8P276Cvb1U0XBdPiXxKZ6TBhwJA04zf9jE0nkAY4gZ1kVnYl2jel0pbNikDJZnrWBNsv07WTlnZcX4StKdVo639xHHj53F8PB8djgFY/vFg67Qdt02nKdkZBr9ZgBOfRnnGU4tFtWNT2sK2nWR/kHHG8fk4XFQtI+XX91yXdP9W6cMDhQshuyxRUwcNQ1sgdXDr2eSPdY+kK/0d9ajBLN1xxZCaqYt8DrLaX/OvxOKmzVjtTvw91fCTX5mM3XV1SRE9CCwpB6DSoXJDFhVaDQasKrwU5lpNILKDGAlSGOhf7ia8CA19RYVVquFkCA1/SIhRlVHcICahgYVqsYal2MJ4Qvyv094x7mm44z5rBkJ+zbrGD6qkgXLS5m7bBIRxzwFWZyL9k9j7rKh9KGII4vfcun4jU9FKWQ+oIYj896iZHYm6bNnEd67iPc3o3zhFjbf93VkrM5IIqErT292aM/1m8aSUZXs0/WiD5D9ujL6u2ZK0wieo9h7l+gItgx2Or+PrtPf9ORt3tXKvvZQrptEelYcJTkL3WTrdcfrB9kVNUw8s4sdjCM9vAYKVylTqrKUFVP7uQss2soBpLb4bz+I9AE1HJnnKYvcnqlTSkGXCqQ2t8nDYk3K/zdybDebY6OozlnFeuYrU8g2vMXqG9pOL421LfCwOI9UxzR+d2VZ9LjNVXTJrAIoZV/ntdZ7r9mn9rfUvBQA2MoBPNu+Xb+Zc4l7DrZ/e1+rr9e3O7AKhXy6sZBPnR+KHMG06aMYPf0RkOCqV+rr9b5ugugk594LAAzE3WsGoGi3xvbYtYmZnckaRykeZYCz/kw+uimTSNDn876nFzoH5ZyU5KB8zofnsmA5LMlqZ8aq25kLtFxc9iaezdBE+X7PWLRCWQxsA4yfPZQErZapWcoWjtlMi/OoZigTJ8DFnc4zloYq/c6RzQZfmy1i1SKY6qyL9AE71ej+xAeCMSSF2c/P97CRnoJdr7P+y/bvdv3yTOUeMr4XqfszWcosVo6MY5Dj/2spGehAV6kEVSfAjnmHSLfNSlMGmA/Zguw1FMwDZoQTjNTW7MoC1Coa6k1EhjYytIc/ZyqhpsGMSqVG66cmNgD6hKrxN1sxqvzRBgYQ4KdiYHwIEZHBGMxWjMZGNBYTwaoGQjCC2YIFK4GB1zNAJkTHkMCquAa2Thz5ygqOY2fZ6trsYfVilHpOw9xMsZgxnyXYgz5JVNtqqvbLmk9Gs46jvZD5eoDXd5G6LI2CxavIBhJGrWBJcmmzbDtvMladRzKnsWRkGHk5OiZmrWCqbT+e63n6UHuu39goqgvfguihjpc1TX/vihmXbgJg9qxot51WpaaSO+NnZ5Ier0yLd12cyrZBd7x+tsWMdizeA7PHQeEqCpJXsGRRKQlXzrMUWGLb1Dkbxp7hMX52Jn1cdpjHUk9BVccxB9Gny2d42280nT4Xxs5i5ZReXNzsFHTfbQuktigt0kU5BrbG2Mr3KZ9lGYtWkB5eSglQsHgVJbMzmTplPhm7V7m+vqtPfXv2AYJaBD5bKwXQbLucvh7qBgPoKDlx/U28Uap1OiIj3RSLba+qw2zaCNOmj2LUQ6Moenc/RR3XvG6tWnczDLSKa2E1qSh4J5CCdzpmf+WvZzLHuW+xLIp9r78FszOZ2ruVF7rp3yjBIpw+56fRatKA24xVRcaiFQynFMJ17Vr46ma0fvlCx88u/TRbHc6pw8A+4B5RqHzvK/2gXVT31rZ8D2x9hNYXsfqG2ftPdvT7b9LjOzpcYC9fkUu/rEzmbs5kwbymZzMWZRKTaPscdvp9SAenAWYluB5uv1fEltXsrta+Q/Oa+118oCF1GunJrU9tD05OIyN1D+u7cKfcaDQREOCPSa2i3mAltL6G1FgNscFq6g0qNH7+RGgDSIkL5paECMp1Zk6dq6CuppFeCVEMT+1Frx6B+GGiTldD6eUSSq7qqaw1YbFYCQz0w6IJcBxLCF+RwKrwjqNA/kLeT81k4uwxZNs+zDMWZRKjq1ECrjthYtYK0u2jvdoUpg7L5/1j81mTBfvmKTf/fchj6bw4lti+WO1fbq6jxK6dxvXLF9qmXTk3zPuMVWVlVqcv1Q0oX8hZK0jvagGIdl8/JVA0fravG3wNXBaEsC9ktYKWHZ9m77W+lPRlK0jQHWLOvFLmLhvH3LF7KA/X2qZ5Teu+188pg3y87aH1yw+xJGsoeZs3odyYKRLs9d684VwPLl4ZMMnTKdOvuszvhlv2zwzblEFAGXxpXh7iZhVHBGH0ccrucJQ2yFrB8DPbmGMLkGc4XtPaAnA3u3Du//UkPnvx9/D8cyT/BHjD+fmV3DPgCgfe8PDyLqi8opLEhHgvslbdqDrMpo2XiOcqVzquad2awWCQFYVFG5SBuz7oGbRsFjE6KFiOssiOrpLsGfNZyS7mHEtj5ewxZDtNPY6ZnckSilrPWHXRnozVZo9PSQF73XVbn3bqNyG70qm/MjX5EHMWlzJ32QqlpNjI+WRsOERMb6j2G0QfrZ68nc2ux+63ODJqhW0Rq1IfnEAXZipl39/+TnaZ02OxY5j1/TRiynPZ4UW2KthLve1iNXtgcxQrJ8xi/O6mey5HRqu7DNTdTbX/0znEHNvvl2NxMeeZlS7HvNlKAYxi7hNpJLS1rp5/HOlPzOLiS2912SWslBk4/jSotVRZ6lDVWYhTq0gM0uAX5k9woD+946NJTk6gV88YUGnolVhK7ski+vaOo39yD0JCIEBtJTTIj5qqaszqRgyaAKxqMxHBcMUa5jiWEL4igVXhHfvqm7aO45HwSayZomQJrq+oYU3yed6/NJSJqbtYME9ZhZ2xUYTrbcHW"
[DEBUG] 2019-07-12 19:39:03,228 method:org.apache.http.impl.conn.Wire.wire(Wire.java:86)
http-outgoing-2 << "CToly5WmQJCSPad0gJYkLmxlaqrrdKeSHOevkHZmrDqNZJbkLGTO8mab2r+QZ8xnzbJZ0BWCq15eP5dpS24WSkhwCkq2Os3pRnAeWXYsQmXjstLrCtZMUKZ1uauxus+WzQyweucgVk5ZwSBK2We/2emu1w+a/Z+GjEVp4CiFUEq1Po30rBVAKfsS57Mmq7WFM1ouojHHKYuAGfOVuma2jOCp9imQtlqmXeJ6uHDKiLYF6vu11ka3C4s08f35NZXOKMlZyIINTY+l2weE5i1UyldkTaIkZyEFHvfV/PN0lcctfeFnW06wfLStjmz1F7ztccsUEiKaFqz62cTnWP7rSzT82nWrqr1L28h47XqKS66Q1LdP2xu2pkqCqt4oLpGrJdowdhARl5TApeN70KlfsCYeYJJtQE8Z6F29O44IbRzhbGPB14NYGd5KxmorlIQA5ef6M9uaFuqxf5Y370c592ndDlR3B7bvxSuHmDPvvNInXA5LssZRvXmhcv5jZ7EyaxLB+nzeX+255M/65Qsd9xHNs4CdOS+E2q2NfoyJw3sSTE8mThtF9pv7HU+NmTaO4X200GccGQV7WL23nft0lLqwXV/nBAHnfiV6W4JAS45SAMthSdYKWzmxUva1NePqprKf1S/td/p3f8ZPu5s+gUBjEfs37XFf8qkLUmbghKMOj8VaY6DG7Ad6f/wbTAT7mUiM1hAQGEBAYCBWlZrIcC3Dbk0kMMBKYEAgoSF++AVasJqMWKwWVGoNZrMVs9mEWmUhMMCPakus41hC+IoqMKqXt+thCiGEEEKITtanV0969Ij1dTO+Ea5eLeNi0WVfN0N0oH83Xlv28bcCW1vw9DqNdV68ynmAq7UEASF8IHYMc5+dxKDQGvK2vc7qXRWOp2LGzeLnk1IIr83n/dfecs1mFZ0gmvHPzGbqoDB0edt49c09nbiYWMeKiY7izjtuQ19VjiVvHw2NYDWZCQ/REBsWSEK0P70TQrmlbwK9EqKJjtQS4O/HpctlmMyQGBeNnwYMdfWUFJVwNv8CV6vrsVr9sRgaiA7zY6ffPRiDovjqP8dl1om4JqWFSr2wI0eOeP3a4cOVopgSWBVCCCGE6KIkuNr5JKjaPf2jsYpovLvNqUDFdwMjO6lFQgjxzXPvqLsICQnmcs4nBDfWExwQiDbIgtZfjTbQTGxUAL179qB3fNTlvxUAACAASURBVAw9okIJCQ6ioroalUpDfEw0aosVvU5H8aUiLlwqpsHYiMYKkVotZxrDOBp+N3V19Xyx38u6FELYdERgVUoBCCGEEEJ0UReLLlOv119/zVXRgsFgoLjkimS4dFP/5xfMz0z17Q6uVqDi//zcL3sjhBDi2ly4eJkhg1OIHnwH2rM5+GHGarVQr2/EaLZgVRmxqtTU1Bm4HBZKRHgIgYH+qNRWysovobKYsRr11FfpMJisGIwWAlVWNCoLJwMGOI4hhC9JYFUIIYQQogsrr6ikvKKSmOgoIsLDCQ7W4u/vj0ql8nXTbipWqxWj0Uh9vZ5qnU4Cqt3cfk0A+zUyGCGEEL508dJlEhPiiIyMpjqyF7G157CaTajVFsxGC42NFnQ1dZgsVhqtEBQaRmx4OIF+UFNWzZWr1ZSVV1BVWY2h0YDWH2K0Gv5d2xNDdBRVVTouXpLAqvAtCawKIYQQQtwE7AFWIYQQQoibxanT+YxMG0F4v2FcPdNAgrkEs8WEyWSlzmyhob6RIDM0WDSEhtWR0CMCDQGU1zZy5GwxVZXVRARAj4ggtBorX+l7UNs3FavVyqnT+b4+PSEksCqEEEIIIYQQQgghOp5OV8vx3FMMu20IEQPu5sr5Y8SbLqDRBmG0WDBbrOjNYKipw3LpCgF+foT4qygsvoJJoyIuPopbYkIIVRn5pDya2r5DATieewqdrtbHZyeEBFaFEEIIIYQQQgghRCcpuXIVgNuGDiY8aRhVNb3RVJyhh7YBo8GA2WrFghWd3sjpS1cIDVaj9fdjcM9oIoPUnNP5s9vSC2OPKKxWK8dzTzn2KYSvSWBVCCGEEEIIIYQQQnSakitXqdfrGTwwhcjIaAgbyZXaSswVFwgwVxOkMaDRgNVqwmrVYlCHcNag5Yohlkb/MACqqnScOp0vmaqiS5HAqhBCCCGEEEIIIYToVDpdLQe/PEKf3j3p26cnIaFREBoFgBGotv1xUCt/1dXVc+HiZVmoSnRJElgVQgghhBBCCCGEEDfExUtKkDQmOorY2CgiwsMJDtbi76+EqIxGE/X1eqp1OsrKZPFO0bVJYFUIIYQQQgghhBBC3FDlFRI0FTc/ta8bIIQQQgghhBBCCCGEEDcbCawKIYQQQgghhBBCCCGElySwKoQQQgghhBBCCCGEEF7ya6i45Os2CCGEEEIIIYQQQgghxA2j0+muex+SsSqEEEIIIYQQQgghhBBeksCqEEIIIYQQQgghhBBCeEkCq0IIIYQQQgghhBBCCOElCawKIYQQQgghhBBCCCGElySwKoQQQgghhBBCCCGEEF6SwKoQQgghhBBCCCGEEEJ4SQKrQgghhBBCCCGEEEII4SUJrAohhBBCCCGEEEIIIYSXJLAqhBBCCCGEEEIIIYQQXpLAqhBCCCGEEEIIIYQQQnhJAqtCCCGEEEIIIYQQQgjhJT9fN0DcvGr08PkpyMmHkiq4qlP+APQIV/4kRMLIFLhvMIRpfdteIYQQnctoMmE0mbFYLL5uihBCCHFTU6tUaDQa/Pw0aNQ3Nh/qTFkdnxWUsTu/mpNXa7la10CDyYQV6w1tx42iQkWQnx89QoIY0iOUsSkR3N8vlgGxIb5uWpvOX7hIzsEvyf36BAXnCiktLaW2rg6rtZu+VyoVoSEhxMXF0e+WZIam3srIu+8iqW8fXzdNfIOprN31N050ms++hg374EghmMzte42fBoYnw4x0uD+1c9snhBDixqtvaJSAqhBCCNEJ/P38CAzw7/TjbDhaxBv7irhQpUdrjsXaEIW/JQw/axBqqx+g6vQ2+IYVi8qESdWAUV2DKqgSvaaMvpFafpLeixm39/J1A1vYtn0nWz/6mKPHc33dlC7h9tuGMvnh7zDpoQm+boq4yeh0SnbgkSNHvH7t8OHDAQmsCi8cPQ+rP1b+vh63J8Hc7yh/CyGEuPnV6Ru6bWaEEEII0RVoNBq0gQGdsu9tp67w8s6z6PWBUNOHYHNcpxznZlOvKYWwi2i1jbwyoT+TBsf7ukl8tmcvf1r7N84WFPi6KV1S/379+OHT3+f+MaN93RRxk5DAqrghLFbI2gbvft6x+33iPpg3CdTddeBTCCG+ASRTVQghhLgxOiNz9acfnGBnXiX+NQMkoOpBvaYUY9gZJgyK4g//davP2rHi1Sw2f/iRz45/M5nyyMMs/Pk8XzdD3AQksCo6XW0DLFoPB850zv7vGQDLMyA0qHP2L4QQovMYTSYaDUZfN0MIIYT4xtAGBXZIzdWSmka+u+4oV8tDCK69le47zb+jWKkPPUGPmDr+MfN2EsICb9iRy8rKeekXr8i0fy/dfttQfvXLl4mNjfF1U0QX1hGB1RtbBVvcVGob4KnXOy+oCsq+n3pdOZYQQoibi7G9hbaFEEII0SFMHfDdW1LTyKS1X3H5cizBtalIULU9VATXpnL5ciyT1n5FSU3jDTlqWVk5P/v5IgmqXoOjx3P52c8XUVZW7uumiG5OAqvCLYtVyVQ9V9r5xzpXqhzLIrnTQghxU5ESAEIIIcSNZTZff2D1u+uOoitLIMLYrwNa9M0SYeyHriyB7647ekOO99IvXpF6qtfhbEEBL/3iFV83Q3RzElgVbmVt69xM1eYOnFGOeSPV19eT+/XXbPlwK79/7Q80NHhOm9Xr9Xz66Wc3sHVCCCGEEEII4cpynZX8fvrBCa6Wh0hQ9TpEGPtxtTyEn35wolOPs+LVLMlU7QBHj+ey4tUsXzdDdGN+vm6A6HqOnu/4hara493P4cHb4PYk719rsVjQ6/XU1+up19ej1+vR236ur9ej1+u5evUqZwsKKCg4R0FBAcUlJS77MBmNzP/flgWu6+rq+P4PnubQl1/y4uIX+PGsHzqeO56by+IXl7S7"
[DEBUG] 2019-07-12 19:39:03,228 method:org.apache.http.impl.conn.Wire.wire(Wire.java:86)
http-outgoing-2 << "nf815VGefuoH3p+gEEIIIYQQQlyHbaeusDOvkojadF835aYXXHsrO/P2se3UFSYNju/w/X+2Z68sVNWBNn/4ESPvvov7x4z2dVNENySBVdHC6o99e+w//8S71+Tnn+WBB791XcdNiI+n8Px5LBYL6mbF4C8VFXGpqAir1cqvfr2M0tJSlry4GIDamlqOHG3/NJC77067rnYKIYQQQgghxLV4eedZ/GsGIDVVO4IK/5oBvLwzv1MCq39a+7cO3+c33Z/W/k0Cq6JTSGBVuPjsayVj1VeOnlfacH9q+1+TktKfIUOGcPLkyTa3DQsL46477yCpbxJJSX1JTk5i6NChJMR7/jIcNHAgH2/dwjOz53Ag5yB/fOtPXL16laxVrxIfH8/3Zsxo87gfffyxY7U5IYQQQgghhLiRNhwtQq8PJNgc5+umdBvB5jjq9RfZcLSIGbf36rD9btu+U+qqdoKzBQVs276TSQ9N8HVTRDcjgVXhYsM+718zrC/MHANJPUDjYfCzrEYJmP5jP7RVFmjDPu8CqwCvv7aasvJyggIDCXT5E0BgYCBTpz3Oqbw87k5L4+21f/Ju50BMTAzvrPs7//OjH/Ppp5+hDdKi0Wjo1+8WVixf1ubrDxw86LPAqsVqRa1yfWOMRhMqFfj5XdtHgL6hAW1QUNO+1Cr8NJrrbmu9Xk+wVntNr91/8Ev69OpJbV09A1P6tcg8bu7EqTwGDxzQ5nZtKblSisFopG9vpTNVX68nONj7c7hcXELPxASXxy4VXSYhId7ra1tZVU3BuULuHHG71+1oLufQf7h9WCpBgYHXvS8hhOgM5Ye2siUvhPtmjmOgrxsjhPjmqL3C4Zw9HDpRQi0QFJHEbSPHMGpQZJe8yX5jXxHUJPu6GZ0vHT4cDo+8foOOV9OHN/YVdmhgdetHPpxCek2m89q6keyf+XPe8XVT2rD1o48lsCo6XFf8zBc+UqOHI4XeveaeAbD6KWgrNpUcB3f1h/4J8Ov3W9/2SKHSljAvYlMpKf1JSenv8Xm15vrXafP39+etN99k/Tvv3DR1UhsbDax67Q0efGAMd985wvF44YULLFv5e15+YT63JPVtcz8nTuXR2GhgxO23AfDCy79i8qQJjB87mouXivjVyixe/fUviI6KanU/+w9+ScmVUvr27oXBaMRgMGAwGGk0GDAYDPwr+zPG3z+a6f/1iMd9GAwGAgICWjx+8MvDfLrnC+4ccTurVr/Ba6uWtRoMXP3Gn7hz+O3Mempmm+ffmt2f72fLR9tZ/eoydLoaMn+zkgXPzeG21CFe7efXK/+PgSn9eW72LMdjf/7bO9TU1vHqr3/h1b4+2vEvPty2k4X/+yx3XUdwtbyikt/94U3G3DuKOT966pr3I0RbTmdv5GzSdB5KsT9yku3rcmFQX2qLYNyUkcS0Z0flOWzc68X2LZxk+7pi+s9M5Oy6Yvq3Fqgrz2Hj9jpub08wz6ld5dkb+bzY+ckghjw0mVHuGuzpGPm7WJsbwqNuz7OU/Zt3UzXU+Xq2Q/Nrl7+LtQfKPW6eeE/z/SvvWTEQNmgs09O8z4g6nb2Rz2v6ejgvsJ/byVp3zzXw+bqNtCgRnziUp8d793kshBBtqf36Q/744QlqLYBfEKFBJsounuDTiyfYmziGp7+fTkIXutM+U1bHhSo9MZ2crfr8T2GKF4c49x/I2Oz+uXGPw8IwmPBnz69/+r/hodiWj8fGwMaWS2dw7hg8n93+9rVHsDmOC1UnOVNWx4DYkOve3/kLF7vEglWL120h8cNHefa99mydRGxEG5s8mcm749q/mErhrqd44a/t3rzdjh7P5fyFiyT17dPxOxffWF3o41742t5TYDJ795o5E5SgaoMBDpwBo4fX39obekXDf90Nf/0MLlV43qfJrLTlOyM8b+MrgYEBN01QFZT2Tnn4ITKXrWTC+Pv5nyczACVTtbaujrq6+nbt58LFIv6ybgP/+OsfATCZzZSVNd1w19TU0tBoaHM/en0D7278gLk/+SFBgYH858gxLhZd5pmnn0Sj0XD4aC4nTp1udR9/WbeB2ro6esTE0NhowGK1AHCx6DIVFZUE+PuTmBDPb7P+wDP/8yRxPVr2ti5cKqK8opJx99/neMxkNpP92V6CtUFERUZiMBj48OOdZHz3MQb097xq6oFDXzFwQH9iY6LJ/mwvarWaW5KbgtX6hgYOfnmYsfeN8rgPna6G8opKJjx4v+Oxuvp6Tuef5eGJ3wagqrqayAj3PRaDwUBDQyMmswmdrpbsz/YSFRmB1WJl774D1NXVU1evR6fTUV5ZxRPTptCrZ6LH9tj9e9duVMAj32ka1TUYjVRVVWMym+mZ0PH1pIQ4bQs8Jt4znbvZxa6iEE5nb+SkLRhpD+idbhGgbLJl3YUWjzUFApsCgJ4Uryu3/b2Rz0OVQB+HtrJFl9IUpIsZye2JGzl6qJSBLkFEZf+1HoKLA8cP5ey6fCIfmszAgq1s0YVQtX0ja+0bhDYFFssLSqlJTGkRuD19vpzEoePcBx/zczlZG8N9zYOqHgKljiBozEjG9drKls05TYHNUPdBztPZGznrdK72a5l4z3Seth1XySJt8Hw8NwaOnw7ZG9mSHe4hGBrHqCnTGeU4tnIdnYPSp7M3cjT82gK7QgjRLkW7WLv5BLXBSTww9RFGJ9mCaaYqcj/ewPvH9/DHTSE8P+N2gnzbUofPCsrQmt1EIDtYYCBsfxmWDoDn+8Fvd7ay8TTY2Eo0Ytd7MH0J/P4ueO5L99us/TuO78/fvwgBe+Ene5qenzkLHq2G6e0KDl47rTmWzwrKOiSwmnPQw8l2sG8veI2nhoa6PnjxE554ab3tH7XUuqlG8INf/YUJLWKSofQMgMl//QuTmz9l32diEpx8iieWJ3DXvYlc/uIwl0ngsZ98B8Mba9lKAt9+MIl/fZIDi/7Cu23fqlyznINfSmBVdCgJrAqHnDNtbxPkDxOHw44j0GCEFNvM5e1HWs9ETesPb9gS8VISWg+s2tviTWD10amPcfbsWY/P19bWAbB7zx6G3j7c43aHDuxHa5uK3tDQwItLXm6xzR0jRpDxvSfa3zgfu3XwQB6e+C3MFovjMY0txdjfv30fAe6qNzTPGg3w929zP/Zp9+FhYTQ2GmhobKShoZGjx7/GbDGj0ag9Bg/tVCoVen0D949Ox2K1UltbR71ez+23pbL6jT/x3OwfcTLvNH379PK4r+zP9hIeFsa7Gz+gsdFAYGAAUZERBAcHc+irw3x7/P2EhARzubiEnZ986jGwevT411wuLuG5n8zCZDLx7093Ex0Vxdq/vYvVasFisXLp8mUuXCwiKDCQkWl3tNjHth3/pqGxkftG3c2V0jL253zJf3/vcbI/24vZZFYCtrv38umeL+jdM5EfP/19VM1KO5RXVLJh02a02iD+c+QYFrOFSZO/RbVOR1BQILGxMfQODEStVuOn0RDoIZP3H//cQnHJFRoNBsxmMydOnSY8PIy1f3/HcUyLxYpKBRqNhqdmzmhXgFYIj5yDfcUbWZvblyFhTkHQcuUGZeB4JZjWFNBTHmuRKdrujFVPWaLug3UApI1kyObdbM8f4sjUHJgUw+e55yhPi3Mc73R2LsWJQ3k6LY7mgcct6y6QeM/QZjtO5KGZ45qux/lwYlwyM3NZu07JXEm8ZzoPReVwtBhqijey9kDTXpSAJezPVa6nS/ZmaF8eHUqLQGn5oa3scmpJTNpk7tNt5GD+SB5q9frZDeGhmUNwZMk2e7Z5ENV+PE9B1yZN59wkiCFDQziZ6xocLt6+kRYV1ot3szbP6XWeMoKFEMJrdRzKPkiVOp4HZj7B6B5OT/lFMvSRH6AxvcnGk5/y73O3M/kWnzXUxe78aqwNnR9YLSq1/XAbjI+C37a2cSWcA2Xq/kRw2zo/4BHY13wyWymk74O1YyHM/pgJeo2GjXfa/q2GXhFQFOqUvaqHP78JO7w+s9ZZG6LYnV/GrLuvf1+5X5+4/p20w79WPsu/Wt3CQI2bGO/bLz3F280em/zb9fxAAwGFb/LYL3LaPPbAh3/OCw+/x2MvxDDx3hQ2vgGP/XIV3wvb"
[DEBUG] 2019-07-12 19:39:03,228 method:org.apache.http.impl.conn.Wire.wire(Wire.java:86)
http-outgoing-2 << "TO4nOVz24jyuRe7XJ3h82n918lHEN4kEVoXDleq2t7lnILz0GFTVKzVT7XG5h4ZDVAgYTO5fl+o0INSeWF572uKstqaW6uq2a5iaTKZWt7M6FYA1GIy8t3FTi22MRqNLYDU//yxr327+9eKqrKyszbZ1lguXipg+9RH8neqpWmzn6e+nBEONRhMGo4GQ4GC3+zAajY7Xm81mLBYLjY0GSq+WUWo7t8NHj1NXX8/dd45oUSvUzn59DQYDarWKAP8AQkOCGXH7ULRaLf85erzN82lsbCQ0JITck3lYrVZCQ4Kpqa1j+LChGI1GTuad5o9/+TvDhw3lh7YMXWcmk4ncEydZ9Ztf8o9NmymrqODFBT8D4K/r/0Fcjx5MeVgJKWz9+F/06eW5XtK2nZ8QHRVJz54JfHHgIP2Sk1g0fy51dXWEhSojwCt/v4aMxx/jjuHD3O7j+IlTVFRUcu+ouym6XMzH/8rmttQh7PzkU56YPpWoqEgCAwKIDA/n8NHjWCwWNM1qriYmxDPvpz/mdH4Bu3Z/zrPP/JDR6SOxWq3oGxrQ6xuorKxi+7+zyfjuNKKjIt225ZFJEzCbzARpg/jda28SGxPN8ldeIigwkG07P2HsvaMIDb3+kXghHFLG8XSKaymA09kXOHlACRomDlKyv50DcYlJ0FbWqbuM1eZTwquObGVtcbPgXmJfhjiSN+xlAezT8OMYNbovG7fv4nSK7bGURBIP5CqByBQgfxefF8dw30z7cWyBR5eA70m2H2jgpD0gmFjcFMx1aYxrQFAJKpeyf+8FQu+ZznSnjFRHgNSerTpzHDHNM2zzd9EejoB1frs2vyYxaZN5Og3aKlugnNdIl+DsKM9jo0II0fkM+eRfBIakuwZVHYIY8mA6CSd3ceZsEdzScXU3r8fJq7X4Wzo/yrv278rfM2MgJgn2veJ5W+cyAI/Y1vmY+CT8Tx1Mb3kLxq8WQFg2PPefpsee/k/L7XzB3xLGyate1tTzoOBcx+zn2jzKqvee4a4IICAAdm7HMW/t/HbG/mh1i1f0fHAx3+tfzD8fy+bOf/6c1558gWf/6rkTcf9P5/JAWAUVPMhbf04gWVvB9D+8BlRQwRjm/7SE+Z1xak58e41FdySBVeFwtR1rK/lrXP+2CwrwfsGp622Ls5kzMyhvJXi5/t0NlJWVcUtyMo9Mftjjdv5OWZd+fhruvLMpw/DUqTzq6upavKa4pJi/r1vf4nFf2/35Pr46fIz8gnOEhYby4oKfER6ujOnaA5x/WbeBwMAA9PoGoqIimTfnRy5BO31DAyt+9xolV65iMpl4+Vcr0Gg06HQ1HD56nPKKCqp1NYAyFT8sNIS8M2c9Blbt0/bVajUmkwmTyUS9voGjx09QW1dHZWUVPWJaTyvS6xuIiY5i34GDJCYk4KfRcODQV9w14nb6JSfx5p//islk5ruPPUp5RSUx0a51X788fJQfP/V9IiPCMRiNhIeFeTiSa6C9ucILFzmWewKz2YzBYOBY7gl+NudHqFUq/vT2ehoNBhY8N5vx94/hDlttWnc0GjXJSX14dNJEzp2/wAdbP+Zi0WWG3jqYRx+e6NjuwMGviI/r0SKoamcymXjzz3/l9ttSuf22VH732puo1Wq0QUEEB2v56vBRrpaXkxAf57GGrTYoiIbGRj748GOO5Z7gN5kvEhQYiMVq5e11GwCYNOFBj+ciREdpyljNYWNRUyDOOWPVNfDYLNM0fxdrD9Q5ni8/tJUtLt8rIfQfP85tVubp7I2crQQqiylOTHTdJmYk4wZtZZdj+r89Y9PWBtsxHZm05Tls3H6BGts/t6y7AIkxJNrarpQCSOShe4pZuzeHmF51JCYpGaDu1ObmUExfHvVUO9UWqAYoB8LC25em6RK4blE7tX2vA8AWECe0L/e1K5YQx8BeQWw5fxJSmk/9L+V0EfQe3XJKf9sZrwpvzkUIIdqlpo5KIDaulezP8AiigBKd24LQPnG1roFY640rTDA4Enb9FZ5vx4xIZzvOwryWE7wAuCUAtrsLpI6Hje7zF1xsz2oqG9DR/KxBXK1r+3upPUpL3fcBbowtzH98CzCC37w3l5rHn2IZwIRlfPTfzde4SODbP/05c6cMoPi9+bxDPu+8GM1ry1fxzwFreeGlLbgr8PbZHxbzme318/+8Ct2ff8z85mt1LXq6w8/MmW+vseiOJLAqHLwNZjr77GtY9I7nGq2T7oBfPt55bXnqye+3+vy/s7MpKyujX79+/Hz+/7Zrn8HBwWz+Z9Nw6ZTHpvHVV60Pi6ak9CcoyHOnJSH+xtWkHHPvKMbel85bb6/jq8PHXDIN7QHDHz6ZQVLf3h73oQ0KInPxAjZt3srHO7N55aWFADzz3AIefGAM3xo3luNfn+Tw0eNMmzKZ8LBQj/sCMJvMBGu11Ov1fLT931y4VERyUh80fhpG3nUHV8vKGZ0+stV9XC0vJ/2eNHJP5jHyrhEMTOnPJ5/tITIighG338Y/t3zErB/MJCQkhF27d/LopIkurw8PC+P8xUvknyukoPA8/n5+/P71P1Kvb2iRsWu1WrG6LYQA73+4je89PpW/v7sRq9XKdx+bQn29nmCtloCAAEqvlqFSqRgxrPm0X8+sFuVYlVXVDBt6Kx9s/ZhHvjMBjUaDyWxyu2iX3f9b+3cuXipiQP9bCA8L5X+ffQaAhoZGPt37BclJfXlp4f8SGxPdahtKr5bx3vtb+OGTGfTp3dPlufaUexDi2p1k+2YdkWFQfMB1mrtzBmpis3UPnGutNk0Lj+G+mZPdLyqVX0xxaAh3u8l6TbxnOneHB/H5+V1sL4b7ZsL2dVtdSgPEpE1mutv2OwdZbWJGMn3mSEc7laxc5bhNGatAylCG5O7m87wghrQyBz906GSmp5xk+7pdLgtrlesaIBw3dVTtU+KDGDLIc7a5+8B12xyZp7YAcqhTILP80NZ27iOFxHXFnGZIswW6cjkZlsLTnmLDrS5K5b40gRBCXLfAIIKAMl0teCo6Y2jABK3eE9xoDSYTauuNu/XvGQBfehlUBeBzKHoAno+B3zp9nfV8BHqWwzp3r4kCLrrPcrVbMh86M3dYbfWjweRh6qaXat0k8nS8ufx150Mku3mmcOdDPPm7FEJDcQwMExGAo5BYrxFMnvQo074zgp7VOby5YC3DfraKj4ZtZ9lP3+TZKfk8+9tnWPPxTMrO5LBzczb/+vSwbXp/Br/564PKcSOiCSs9zFcjFvObKSO5K/hr9p2sBUr40st1X7x1Y66x+CaRwKpwULW9iUfJPeDbwzyXArhnwI1riy+9seYPDB40yNfNAHCpwxkSonXUN4WmwKqnoGFzZrMZP7+mTEmj0eTInDTZOhHOz3syfNhQ0u4cwfp/bKKisopXXnyenokJ/O4Pb3Lg4FdMfujb3DrY8/XT6WooL69k2NBU/rllGzs++ZQ9XxwgJDiYE3mnOXHqNPfeczd/e+c9LheXEBLSsrRBQnwcVdXVxEZH837tNiZNeJDxY0cTEBjAuxs/oKKy6Vbc4lSX1tnZc4U8POFb6GpqUKvVhIWGEhoSwg/n/C/fHn8/KhWo1CoqKqv4bO8XTJvSooy7i1On81nzx784ruHkh75Nj9gYXvjFrzl8NJeXnv8ZBoOBIA+1UT/a8W/CQkPof0tyi/qpBqORtX97h5een0dkRDjFJVdQq9XEx7Wcv1ZbV8fvXnsTgD69e/Lpni+oqKzCYFAWJsv+bC97vjhATW0tC+f9lERZvEp0hPxdSmC0uJj7Zo5jICObpsR7rJnqFMR0TF1vmaW61jYVPiZtMkruQyn7c8sJ6zWUGMpRArBKgNIeVIzpF0fY9gvUDhrLwPJzHA2N4+7KXazd3nLhp9Y1ZaXuYiS3e3hOyaSNY9TQGE7mhjDQcaJO5QJslKDyEB56SMfGdVspdwr4hkbFuWasGE5BvwAAIABJREFUuikFcLLIy1OoveC+rAKuAe7TR0ohFIoPbGV/lLf1TIdw96B8tmSfZOD45tm/ngKnQLG7OqzN2uhNM4QQoj1CkxgQA5dO/ofccUkMdRM7LTt4kDPAkP7tXwG9W7kDeoXB4FdgZmvb"
[DEBUG] 2019-07-12 19:39:03,229 method:org.apache.http.impl.conn.Wire.wire(Wire.java:86)
http-outgoing-2 << "VcIzWXCs2cN/LoCXH4bfOq0IvzAVjv3b8656DXCqo+pGeARNdccFsJonJ6wGMnhr6xhOPfNjVjXvI9TW0rLn8yirsp6mZ/Fetv7yx7xzuASAfz6Zw2OPjUSZYJ/Da8/n8FqvEXxv2nQeeHw85Y7A6npeeHI96T95jcWTA6gJTGLgQIAKykjizjtqOb7zMHmt54EI0eVIYFU4xIZD3dVre21yHLzy3Y5tS3t8sW8fNTVtT7OpqVHG265evcqOna2X6Q4JCWb0ffe1us3NrrUp7u6YzGaXKehGk5EPtn7Mv3ftRme7tmqV2tPLXfz+9T+SX1DIr19+wZEt+/jUR/njX/5O1h/exAr075fMA2PuZfzY0S6v3fLxDh5+6FuEh4Uy6wcZDBqQwtWyciZ+6wHKKyp55aXnAfjiwCHeXreBsLDQFtPeo6MiSR+ZxuWSK1RX64iMiHCUSFA3WxTK03Xqf4syvrv/4JcE2rJIj399EqPRyNj7RvHB1o9Rq9XExkRzLPcE/W9JZkQr5QAGDUhhzo+e4szZAj75dI8jKP4/T36PX/z6t9TrG9DV1BIV2XIxrouXLhMdFcnDE7/F80tewd/Pj3c3fkBZeQUajRp9gzIt6YOt2/l8/0G02iBCgrU8NmUyfk7vqcFo5A9v/pkx997Duxs/QKPRcOvggdTU1KLVBvH+h9sYnT6ScfePxt/PDz8/+foQHSB/F2vPJ3JfYjlnk8Yx0GXRpiaO4J67Vert0+0Th/K0U8ZoTNpk7sveyNp1uU6lBc5xib6MS4tDmSxf7rLIU2KSUsO0BiBPyfYMGzSWmJQ4R8DSW+UFtqCnTsnE3VjZl1CUGq9bihuAfPaXD2FgZR3U1nG6HFtg0l2NVfvJjWT6Qzls3JtD+RT3Wf7lugYoznVZbMtr7q5387bk7+Jz4hjCBaoGxXFp+1b2P+QhW9iDGNvCYBsPxTA9rZzt63LhnumtB2glY1UI4RMxjBp/K/vfO8H763YRMmMctzhN2Ko6+gF/21sO8WN4oGvkWgAQ5OeHRWVCbb0Bs4/+AxPaqn16B+x8oGVQFeCLHVAwG35/Fzz3Jdz7OAyrhgw3CynZFZ1pO2O1M1lUJoI6qG8cGhJCTe0NKiPx0zEkn9/DrCLo2SuBy0UltieSiA2oURYXszODvVTAwMEpnD5VwuQfzSXsP6s5du8v+V6/T9j/T6fti2r4cudi3vm902OhGfzmr49zl9aA7sx7PPHcRuXxx1/l3XtzePiNWubPTOWuTj790BBZM0J0LLkzFg49wuH8NQZWC0th7adKxurYW+GhEdfflvb45Su/4uSpU+3e77Hjx5n142da3aZfv37s3vVJu/d5s7BYrez94gB3DL/N68Cq2WR2CaSZzWamTZnM2PtG8eV/jrBh02b8W1mVzGKxsPOTT7l0uZiZM6axavUb/H/23jzAjqrM+/+cU3Xv7T1LJyEJkEDYTTDIFpZAEFQMizAqjmBwAR3UGQWH+TnK6/LKjOiov3EfxAU3RCUygooZcNjXsO8JgYSE7J3upPfue6vqnPePWm7dpTudpDvdSZ6Phntv1XnOVtX3Vn3rOc/z2BNPJcLq5pYtrHljLd/75ldZ8rd7WPHaSo5+U+kNc29vHzW5HK7rUvA8urvDJRwrX1/D7/7wRy7/4CUAPPjIY3R393D9d78xoMcpwNPPPs/+06dx34MP88a69Vx6ceXi3u1Nk+f5ZLPhBeqdd9/L5R+6hKn7TSEIgkRoPvnE4/ne9T/lP/7ti0yZXD0eV6znxqEAYg6ddTBf/dI1jB/XxLb2DmYcULmI6cADpidL9n0/AAUXX1TMctne0cljjz/Fhee9k2MGCUvwxFPPcPmHPkBvb18orGqH/aZMZr8pk5NkZ9lcltoxtKxN2AtIklfFnodTOPnCi2i+ezHPNaUzyodC2br9Dy4R+UpibQ7iwVj0pJzHRactZfFN9zB30ZkVS/dX3L2YlXMuikTUFtraplAt7HOFN2h5jNd02c5+NnYu4xBg2kkLGP/i/SwDGpsWcEHTUm7vPJSTt93Dja/Uc9QRPaxb1TLg6tISmudx0YVRGxUdXMpzG5uZv7Ce59LJtoZK21KWbJvDZRdWxjeFVIIrlrHkMZi/6GDabnsDJszjopPu4cZnl3H4EH/HQ6Zw8oULePS2UMweUmxU8VgVBGGUcA97F5e9tY0f3/s4v/7+04zf/xAOGO/TunINm3p9yLo06M0881I7b59dPWHo7mZyfQ1edz/ZkRRWL4RHBoiPmqZ1JbxrJQwY4KoN/u1++Pm58MXpMP8w+NmPGDRT/Gh7rPqqn8n1w3ONPGXKlN0krL6Fa05q4PmbfwNnX8ePP9zN/734Op4EuHwmjRufIe2O1Nq+Jnr3Af6/b57O8+dfQePpZzGt/Xvc/N0bWXHLNXzl8gf52M8icfZ9H+c//24r1118HY/ElfR188Kfrubzzsf57anA2f/CTy6ZTUNDlg2/X8zxByzk/uu/xZOX/pzB1/vtGlOmVL++EYSdRYRVIWHqLvzur94Cdz0fxljNZXZdWN2VvgileJ5HZ2c3X/3Gt3n/ey+ksaGBjZt2LGC3H5QKq5+/+kpmHxU+hj/2LXM5/tjB0zSv37CJ+afMo7GhgfUbNrJ1Wzsnzzu+otx+UyZz2aUXV62jrq6W0089ma9+8zucv/Ad/PLmW9i4uYULzn0n6zds5MWXl3PwQTOoq63lgYcf42/3PsDVn/o4+0+vvLUOgoD7H3qES9//XiZMGM/nvvTvyb7Ori4effxJenp66evrG3RchUKBbDbL1m3bqKutY8H8U6LtXhJ64eR5x/OL3/yeP/31Tj76oQ8MWJfv+0XvX63p7OrGGMNBMw/E83w2bNzEOe84a9D+BEFlQCJ/iPGeTj3pRABWvR5eNGlnaB7IgjASHH7WRXD3Ym68ew6XHdPJ4iVvwBELSrLDQxTjc8I93PhifeRZmRI4t93DjY+RLPWPaVvVQte0Qzk8Vbb52TBOa+MRC7howlIW39TD3IX1PLdkKQeUiaVhTNdm5peIstHy/CWLubHEk7KFti6g+0UeAqbNDIXjONRB2xNA12ssfnEKFyyK+/8iK04YemzmpI0UK54N5+vw5ik0H/Fnbr9tKc1DrXLbUhY/1sIBC+dF3sAtyRysuHsxD3WlvFhf2wgnRZ7GsX0klrc9MXBG4GqsuPt+lnXX0NjQH3n2Vh7vmCS2a8yAISMEQRBGhkmnfIRPH/wcD/7tUZ5Z/wovrgW3rpnDTjqdhQsaePT7v+bR29bQ6n+Yi+eO/o3NUZMbeGpLF1kzcNLWXeY2OOW2IZZ9OxQGucze8AD8+gi46hR4/m64abBoPH+AU8o2Lb4aLvr/h9iXYcDTXbx58uC5JobKrIMPYuWqVcNS16CccxHH5Zfyqb8CfI9733cDV3wInvwlfPgtM2h76VPFsk5KCP/QSRzU8gwfA65JCizl8999kO9fcBZz+A1n//g3TL/zav7c/n0+9bl5PPL1pWGx4HZuvhWIc6/c+S0+dmdcx1SuuWkRjd9ZwiDOycPCrIOrRZcVhJ1HhFUh4cRD4S9P7ZztGbPhsa8OrexQnCXnDXHZ4u9uvglvCMLRJR+4lBWvvsr8U0/lO98e/FfWHSDrejmvvbaSxqahX5ysXrOGDyz6IOees5APf+iDTJ8+fftGu8jqN9by+FPPUF9Xx3suOI/a2lrWbdjI+g1hupZXVrzGli1t9Of72dLaxnHHzK1IZmWsZUtrGw319bRsacX3fRobGlj5+mp836dQ8Ojp7aWzq5uaXDYRF9OkkyDdfd+DnDLv+Krel4WCR01N9TiiAIv/+CeaJ05AKcW573w7v//DbUydMoX3XngehYLH0iefxvM8rvzkx/jXL/4bq99YV1VY/f2tt3PYIbM47i1h1MMF80/h8ENnseLVlZggwBjDxIkTcBynImZpmv58nlwux0vLVnD5By/hnvsfIpPJ0LKllUmTwtv78ePG8ba3ns6733XugPW8vHwFN9z4KzqjsBZKKZoaG7jz7vtYveYNmhobyWYyHD17kHiDlAqrq9es5clnnqWnN7xqHWxe0/hRHZtb"
[DEBUG] 2019-07-12 19:39:03,229 method:org.apache.http.impl.conn.Wire.wire(Wire.java:86)
http-outgoing-2 << "ttDb20cQBOTzeQCWv/Iq+XyBjo5Ourt7uOjd5zNxwoQh1SsIO0pzUw288iI3xoJnucgWhwAYYLl624Q5XLbwdRbftJiHkmX1LaxY38+0OUdBKnpp0QMT2p5YGgqvzUdx+MKlLF5yDysWnRkJsS+ysWFGJIKWd3geFy06OPS6vCmKFxuFHrhgUROP3/QiG19cStuhRdsKgTCJHdvCowPGWC2njfbuGsZHf4qJ+HnWlKiNeRy1fikrttVXjZnamCxVDQXajRt7mL/o/FDY3liaBOzwsy6i+Yk/c/tNfw7n89AzGSTXFl2vxMmzqrVH8RgSeqleljw7akm8V0vCEVQk5yqlejzY0pAKgiAIw0XDtLks/ODcqt+DCxe9g9ab7uLVv/yC3zL64uqCQ8fx9Kpt0D3y9x9D4Z1TIZuvvu+I4+Gqs+DIAnzjT3DRWfCnQ+CWv8FN6QyLx8KNC6Da3dj+4wbwYO0LvV//ZxjGkEbVbGPBoZUhu3aGObPfxN/uvmdY6hqYeVxzyWFsfeJu3nHlNWE4i0KBOe+8huNfy3L+zFe59Z9SxWc2Ey5EmcrVp89g9QOR6BoA8a3zw9/iUw8DXMQV0wpsvHUTN6xZyhlfXsQVLOWGdPOrNlH4+wv57S/PKW6rnciktiV8/kngbSMz6pg5s980sg0I+xwirAoJpx0JrhN6nQ6EF2mYGScsuzNs3Db4fteB+UcOra6JE4cW2dqNlqnncjn2GwbX/0cffYyPffzjfOkLX2DatKlDsmlra+ONtWu5/oYfc/JJJ+0WYXXafvtx7tlv5+y3vZW+vj7ue/AR6urCrPWf/NhHyGazKAVNjY2Ma2oiMJUHv1AosKW1jQP3n87f7rkfx3FwHI3W4avjOLiOQzabJQgMnV3dNDVWf2L7t3vvZ/3GTXzsw9VD2Rs78NJ9gDNOO5Vt7R0AnPOOswj8gJ/96jfc8PNfsd/kybR3dNDfn+eoIw7j2i/8K80TK0W/l5e/Ql1dLZe8793Jto9f/sFoHC6nnHQChx0yC4D/89mrkniq1cjn89Tkcpx2ShjjcMH8k7nz7vtY+fpq3v2u4oXCQOONOfaYN3PZpRezfMWrtLd3JMvtzz7rDB5Z+gT/9eOf89nP/FPVhFNpCgUvCUFw0MwDmTHjAL5//U847i1zkzFtj1ic1UqzfuMmGurrqa3J8eXP/wu5XJZcNpvE23Xd3RCnS9i7SYS1Go46JvYGDXc1HrGAyxaF39dtT/yZG2+KlvxTw1Fz6ln2Yg9HLbyomKgqDgnQMIMTm6GZKcAULlo0LxTkltxD80mwjBlccCjAURwy7UUeKhMvQyEueojRPI+LFgGRqNp9xAIuG8CLMiT0SD38iT+HyZhm9tAw50yagYWLjmLF3YsHTAZV2v48BouxWhICAWDaHBY2E8Y77SoXmqdw8oXnh8mrykTotif+TPHWrY327mbmL5rGypsWh2M9q3KszSecz2WzlrI4iqU6mGBZLojH7SX9b5jBBYsuquJlmvLsbVvK4psWh+fIwvO5rNrXqXisCoIw1ph8LJcugl+PEXH1jFmTuM5ZTWVa193DZz8JF8a3TBryXfCzn5aWueBseN+xMF3Dw/fCW6P147c8Au97NyxaBJf3wxPPwuIn4Ymn4bIBYrkuvhou+vaIDaeCPqeVM2YNjxfkvBMrV/UNPxOhbQ2tDfM4uLCJ559cQ9eTL8H5b+OKf5rB1tuu4OZU6VMaGuhsfw2YTa7lQf4UJRa768VNfO3Dt3PrO7dSiMpmJ04l9+qNfA3gyW9x9cenJmEcpp/wc34bJyXrLlBC31Za6+Zx9S/nQcNUeGKEhs7ummNhX0LZHQ22KOzVfPwn8OTKgffXZmHJNdDaFcZVPWP2jtW/fD186IcQDKKfHX8I/OhjO1bv9jj7nHN5+eVlnHXmmfzixp9u36AKF77nvTz11NMccMD+bN7cgud5vPvv/o73vufvuGTRBwH4251LOPKI6pHq/3j77Xz6yvDR6YP338tBM/etTKGbW7bQ0dHJ4YcdUrFvxasrWfbKq1xw3jt3uF5jLa2tbXR2dVGTyzFuXBONDQMvxRlM+N1RnnvhJZqaGjl45oxkm7WWex94mDMXDC0B2voNG5k+bWqSsKqctq3baG1r44jDtu/G/de77mb+SScmybgANm1uYdKk5iF7Yq/bsJGXl73CWWecVpKwTBCq0d07eLgMQdgtiLAqCMJYZcvT/Pqmu3i9t5nT/uFjvHXwZ+RDpqGudodtFlz/OFvWHURdMMbiS86A33wEJrXB7Y/Bfw2yDvyE0+Gy42BWN3zkJwPHXd2doQB6nRYmH7Ca+z9x4rDV+fF/vJLnXhg8jvhIcP6/L+aKxlv4hysXs+HK73P/OdH9R99L3PCP/8LN63eh8n++gV9yBR/6zyGU/dzP+S0f4eKv70J7AzD36Dn86Iff3X5BYZ+hs7MTgGeffXaHbY85JgyJKMKqUMJ9L8G//HrwMucdC1e8Habt4Argp1bBl2+BTdtJ0/utS3dcsN0euyqsBkHAKactYMOG4s/3gQcewA+/9z26e7oTYfWW397MySefVLWOKz9zNf/9xz+SyWR4dfnLIloJgrDHI8KqIAiCIGyHLU/ztw2zePsweqzujLD6u+fWc+2STdS1Hzds/RCgd/xTfGnhVN4/tzLM2c5yx5I7+fevfWPY6hOKfOHzn+XchWePdjeEMcRwCKsSCkAo4YzZMHcmPLdm4DJ/eRrueAZmNBezmW+Ptm7oGsL999yZuy6q+r5Pe3s7dXV11NbW0tnVRUvLFoABvQK3x7333Vciqp57zjl84+tfo6mpkZdeejnZfuVn/plTTz0lSVwUs3r1Gh5/IlzPMH/+qSKqCoIgCIIgCMK+wORjefswearuCu+fuz/fvG8NvV0tY89rdQ+l12mhtjY/rKIqwLkLz+a3v//D7klitQ9xyKxZIqoKI4IIq0IFnz4HLr9+8DLWwprWkWl7V+np7eXYE+YRO2MrpZL3Jxy/c09ojz/+eGprarBYvvzFL7LoA5ck+2bPfhPTp09nw4YNbNy0iT/c+t8D1qO15tIPDJwZXhAEQRAEQRAEYSS49uxDuOq2V6F9MrBzDidCjMVrfJVvnj3ErMs7yEcv+yCf/8L/HZG691U+etkHR7sLwl6KCKtCBXNnwsXz4bcP7d52L54ftr2rjGtq4sgjjmDZ8uUAiah60MyZ/N2FF+xUnePHjeMzV13JmWe+lSMOP7xi/02/+gW3/vcfeWGAWDi5XI6DDprJO89+ByeecELVMoIgCIIgCIIgCCPFuUfux5Ij2rjnpZep6x7m2Gv7GL0NL3P2ERM498j9RqT+M04/jQvfdR63/ekvI1L/vsaF7zqPM04/bbS7IeylSIxVoSrGwqdvhMde3T3tnXQYfO8y0MP04PT5F16gpaUl+XzggQdWFUQFQRCEnUdirAqCIAjC7kUrRV1tzS7VseD6x9mwYRLjvFnD1Kt9i47MKqZPbx3WhFUDMVqJrPYmJGGVMBiSvEoYUbr74SP/Ba+3bL/srnDwFPj5J6Fh164PBEEQhN1Mb18/Ri4jBEEQhDFEOgzY3kjGdcllM7tUx6auPOfe+BSdrVNFXN1BOjKraJq0iTsuO46pjbkRb6+1tY2r/uVzEm91Jzlk1iy+862vM2lS82h3RRijDIewqrdTTtiHaagJBc+TDhu5Nk46TERVQRCEPRVJxCcIgiCMNfb2yKGuu+u/vVMbc9xx2XFMn95Kb8NLwN4rRA8flt6Gl5g+vXW3iaoAkyY1851vfZ25R8/ZLe3tTcw9eo6IqsJuQYRVYVAaasIl+hfPH/66L54f1i2iqiAIwp5JJuOi9vY7WEEQBGGPQam9WyLMuC6OHp5b+KmNOe7/xImcOVvRMf4Rep0RXqa4B9PrtNAx/hHOnK24/xMn7jZRNWbSpGZ+9MPvcuG7ztut7e7JXPiu8/jRD78roqqwW5BQAMKQeW4NfO+v4euuMHcmfPqc4UlUJQiCIIwunu+TL3ij3Q1BEARBQGuNMWa0uzEiOI5DbS47InXfsXwzX7pzJX19Oeg6kLpgyoi0s6fR67RA41pqa/Nc"
[DEBUG] 2019-07-12 19:39:03,229 method:org.apache.http.impl.conn.Wire.wire(Wire.java:86)
http-outgoing-2 << "e/YhI5aoake474EH+emNv5LQAANwyKxZfPSyD0qiKmHISIxVYVS47yX43SPw7Grwg6HZuA4ccxC8/xQ4QxJQCoIg7FUUPB/P9/fqmHaCIAjC2EUphVaKYC8VVYcjrupQ+N1z67n+kfW80d5HbTAJ2z+BjGnEtTVo67L3BlqwGOXjq3483YWq2Uaf08qM8bV84pT9ef/c/Ue7gxXcseRO/vyXv0piq4i5R8/h/PPO4dyFZ492V4Q9DBFWhVGlqw8eXA5LX4XNHbClM/wHMLkp/LffOJh3GJx2JDTWjm5/BUEQhJHD9wO8wMcai7V2r16KKQiCIIw+ilBQVTpc/7+3iapaKRzHwXWdYVv+P1Rebe3hvlWt3P9aB8u2dLOlp59+32dv/XVXKGpcl8n1NRw1uYEFh47jjFmTOGxS/Wh3bbuseWMtSx9/khdfeplVr6+mpaWF7p6evfZht1KKhvp6pkyZwqyDD2LO7Dcx78TjmTnjwNHumrCHIsKqIAiCIAhjBmMtJjAYa/faC3pBEARhbBB7qWpHoyXgtyAIgrATDIew6g5rjwRBEARB2GfRSqGHIVuxIAiCIAiCIAjCnsDuXVMgCIIgCIIgCIIgCIIgCIKwFyDCqiAIgiAIgiAIgiAIgiAIwg4iwqogCIIgCIIgCIIgCIIgCMIOIsKqIAiCIAiCIAiCIAiCIAjCDiLCqiAIgiAIgiAIgiAIgiAIwg4iwqogCIIgCIIgCIIgCIIgCMIOIsKqIAiCIAiCIAiCIAiCIAjCDiLCqiAIgiAIgiAIgiAIgiAIwg4iwqogCIIgCIIgCIIgCIIgCMIOIsKqIAiCIAiCIAiCIAiCIAjCDuK2bevAWosxBmttyT+sxULxVRAEQRAEQRAEQRAEQRAEYYyiAJQqvpb901qjlCLjqF1uy1UKrAUVvYkFVKXAolDWYuPOAIjEKgiCIAiCIAiCIAiCIAjCmEKVvlMKpUr3qmiD2nVNFQAXFEpZrKWo5hKLraGMWiKq2mFqWRAEQRAEQRAEQRAEQRAEYThQyX/Cj4mIGnqqUiKqDo++GXmsqqErtaKrCoIgCIIgCIIgCIIgCIIw5hhYWE0EVnZAB90O7kCVKYreqrZkqyAIgiAIgiAIgiAIgiAIwthke3FWyxXPncVVA0m0xeCrKCzR/wVBEARBEARBEARBEARBEMYcqvQ/A3qthttHSFhNJ7SyNvJbVeKvKgiCIAiCIAiCIAiCIAjC2EeVxVStEFaHwYO0Qlgtxly1ibgKhEor4rUqCIIgCIIgCIIgCIIgCMLYIlE4VTrOarinmrg67MJqLKrG0VXDz7akU+K1KgiCIAiCIAiCIAiCIAjCWKZU86wUV4fDebTMYzUUVVUUC8CWdUIQBEEQBEEQBEEQBEEQBGFPIE5eFb6UxlsdVmE18VON4qsmmbMigVUQBEEQBEEQBEEQBEEQBGGskxZUi29Vsn24HEndsD6VVlRRpMTUWGAVBEEQBEEQBEEQBEEQBEHYg6jmtTpcpEIBWJIIqkqhxFNVEARBEARBEARBEARBEIQ9lIE8V4eLRFi1tqQdEVcFQRAEQRAEQRAEQRAEQdgjKRdVk+3D6LXqDliptVgJAyAIgiAIgiAIgiAIgiAIwh7IQOLqcOGmBVVrU/6pIqoKgiAIgiAIgiAIgiAIgrCXMOwxVkeyckEQBEEQBEEQBEEQBEEQhL0RLWKqIAiCIAiCIAiCIAiCIAj7CsOlh7qDVibJqwRBEARBEARBEARBEARB2MMY6fiqUBYKoLIHEmdVEARBEARBEARBEARBEAShHD3aHRAEQRAEQRAEQRAEQRAEQdjTEGFVEARBEARBEARBEARBEARhBxk8FIAgDIK1EoF3V5DEcYIgCIIgCIIgCIIgCHsuIqwK20UE1JFhoHkVwVUQBEEQBEEQBEEQBGHsI8KqMCBp4U8phVbgaI1SaqSTqu0zWBvOc2AMJnofz/tYElhfX9fLkoc289jz21ixppvW9gLGiOAuCIKwJ2ONh9exjO51d6Az9Yw77AqUkxvtbo05Vi15e8nnw3+yGVT6N9CCMuFrjI7fm2IZiMqBRWNQJfVYG6TKAzp9HWCL114pG6OK5a0yWBW2qZSK3iuUjQ2r96W4zYb/i+q30X6jwI3qCF8sVhGVC21QFmXjCGOm9DXuryodj1UWo4rlrAJdPq/JnJZec8RDMsqAMlii6yZlwVpsVCDcVjZuDMrqpP/F/hhMqn0n6q8pmw+rwjEryk6DZLwmuYYzqGTOSuai6nGO6rempLwJB0Ixo3Cxncq5SV+72/IOFkvFY0iOYzinyhoySnNk7QTOGncg54w7mGPrp5BVYy96XLdv6fKhz7f4pvwMiYjnbKBLVjXIPrEXe7HfY+0V4DpQoxX1LozLjJ37amHvRIRVoYJyT8qMq3H02Lug2htQKhKttQNAYAyeH19Yj77A+vq6Xr5780r+dO+mUeuDIAiCMDxYa8B4GK+TQscyejfeRWHb81hrqJk0LxGLhCFgS0XRROkbQMgqltMDlgl/74tHYGceXyo79K4MFT1M9QxUt0n3dwdPwNh+Z87bavfkmhLJszo70c9dYXvaw3AfXmRFAAAgAElEQVTjWcMLvW0839fKtzc9g1WW/zzwdD48afaYEFg7PWjNG7zyA1Vtoso/lws1tmyf2Iu92O8V9hbwAvACS5cHbXlLc06JwCqMGCKsCiUURVWLozUZ1xnV/uxrOFrjZDWeHxAYAyistaMirv5uyXq+8INl4pkqCIKwp2ANgddJ0L+FoH8zQb4N6/Vggz6syWP8XoLCVoK+TZj8Vqz10Zlx1E46gYaDLkaLt+qOkYirqd9oS5miGUt1qbs+qxiupT+x6GliZ8203juQwFp2cxpfY1hV7GX4XiUibdrhMt1GbIPdvgBrU23Hs2YZophZPoRU++lhlQ096VupceXbwfqTiLe2ON7hEq2pUlf5NZ9VUX/KB1dmZ4fnlKrKZ9bez2fXPcjjR13M4TUTRq6h7dDSb9lWSA08PRfpg1gu0qhUGcq2i73Yi/1eb+8Z2NRnyQcwpUbEVWH4EWFVSIhFVWstriOi6miScR3wwQ+i5Xy7WVz9r9+9zrd++dpua08QBEHYeawpUOh8hb5ND+B1LCMobAUbhMv6lYtSTviqMygnR6bxEJzJp5BpOIhM46G4tfuhnBpKFCdhEFJL3quJq1BUuZShqrga1zKI6GfKbgyTXantcTPVxL8d1f7SgqxK1Zf0tWwUpaLk9s+dcuGzmpg5oDhbVn258Fnupbu9scftWJXuh0LZMMyBTtel4jYUWAsqNY7ym/+o8UTYLZ+Wah3bztQpG9azvTFVCrRUPVd2Fs8a3vLyTdx9xHs5qX7arlW2E7Tky0RVqJwUW/aaFmSq/VGIvdiL/T5lH3+HiLgqDDcirAoAJaKqo5WIqmOAjOtE8VftbhVXf7dkvYiqgiAIewDWBvi9G+lc8SO87lXoTBPZ8UfT2Hwsbv1McDKoUCKKfj80KI3SbvTeQalwm7AzRHJgibgaim8Wm9oXy5HF2Js6iZmpUqF/9MAiWxQPtFKnixVFUIRxQ63S4Z70TWbKsCiCqpL95feiac/NuN8OxaX3ibdqXGagsFFlip9N2aY9Y+MrT1V+t6zKPkRlw3pU0cJG4qFV6PTYUv0v1qESsTquRysTzV1l82E/LVapkuksrVZVKKkahSkZT/G4l0xIelO5dqioCMkVnjPFY28rzSpEXUt8nqXsrEm2h3NoK8qHMXSL9Zy1YjHPHHXpbvVc7fRgW77KeWGrfE5vT++vmCCxF3ux3xfttxUsOUfirgrDiwirQomoqoBsRk6LsUI249Kf9xJRdaTF1dfX9fKFHywbsfoFQRCE4cGaAn0tj9K15g/o7DjGHf4JchOOBp2NPFR1oqyoWPCLBaWBK8Uaj6CwjSDfhpObhFszWYTXCtL+m6GIWRTH0nd2sfCqKXquxtdcUXGVFv1K7xxLZt2Wi4NRD9LblA1FykgAjDZSFODi86FcQk19it0cVbEPClXizaqtwiqbiucaC8tDQwHKKkyqjtL8VkXhb7t1WVXsMwN1o9yfNqWopsVVih6r"
[DEBUG] 2019-07-12 19:39:03,229 method:org.apache.http.impl.conn.Wire.wire(Wire.java:86)
http-outgoing-2 << "6bri/lkV7o+FTEUkkKfrLWvfKIoib1hbRe/KjkB51ylpsGREpeVt6nO1P/P0+WOxFTkVdoQTl/+GlrmfIKt2jyNGayHlozyQoFIupqghvBd7sRf7fdK+rWBFWBWGFVHQ9nHSoqq1loyIqmMO13UoeD7AiIur3715pcRUFQRBGOPYoEDvxr/RveEuaibNo37aWVjrk+9YTtC/BZNvwxoPdAZUKOsopy4MBeDWoZ0sqEy0/B+wfhh/tXc9hc7l+D3rsNYnN/EtjD/yU6EnpVCF9BJ/gDKVMF2mRFwNhS2FxVrQiTfidoTvKqJbLNWGultKLcQm70q0XtLtmVR7BoNCKYtFF1+LTaXajQTcZGM4bqXKSg8wltDO4qAi79diXaXSX3nDsc6oiyNUhP2OClplonI6qafUON6mKB+cJhSqVdTHZHesa6rwqA18iCqFUVW+TcX2ZX9TCornUjHgQuwha8uGkpqM5L0qHWRlP6PPxoReqha706F+PWv4RdtL/MOkN+9cBTtAt2/xAgYWUKrNiy3bbqtsF3uxF/t91t4LoMMTcVUYPkRFEwCbeKu6jtw8jTVcR+N5RIIqVNxlDBOvr+vlT/duGpG6BUEQhGHCGgo96+jecBe1U99KbvwcujfehQ0KuPUzQi/T+pkoG652sKaADQoE3jb8vk0EfjdBfwv43ViVCV/DirFeFwDKrSXTcAj1B5wXer8KO4ZVhF6+sZdduQAL2OheL6VBJl6stljN4O1Qog/GAQhiVFwmVbaEUrU0Eg7j+8/I9zXSiUse6FZVW8vvbqsT98kqi1EUhVAbS42RkKgsqHhENupR1K/oBjktriZ1WB3Zp1uMHkiXbEtJuCpuNdXPqsOJ/YGHMspUOVs6VYpS8b3Y1yTSLPH5EvfLlhy/lDibiu+ro47baK7SY7AASqVCCKR7ZFNjrjzpit7KlrRX7GfW3s+Hm+eQHeEHL11eSTejvgzy2Q5QRuzFXuz3OHs/MKE+MQLt9/gwLoMgDAsirO7DFL1Vw8/ODoiqvQXIe+AHI9GzvR/XgVwG6rJDK+84Gj8wYc4ExYh4rS55aPOw1icIgiAMP9YU6Fn3F9yaybi10+hte5aa8XPI1s9AZRpRygWV9pOz4Q+9DUKR1fgYvwvjdWODAsbrwPg9oHMo66NzE9GZcbi5ZnRuAhIGoJLiEupYOI2Ev5ReFYpRRc9QpaOdNixviWNbhmKXVuGS8bBqE12cOaVZ76v87mulkzImerUqJeIqRaU7aKk0WFz+n46+apP+xtJmueam0oKhKk0oVa2/odhnQVkCBcax+DoMLZDzIWMUWAejLYEOCBRYHUTirkraNMqgAW2TniUJpjIm9H71ktO2RJEkvbXac+r02R6UlQmfbafDCihCT+TYu9aEc6mKUVW1jaPglpwYoR1gMYATTU70Pt5WnHl0uYhto/LxvMQSbDwnKrxOVNYk4/WxBBCJozoUia1FRW0pVRoPNrZNvkMi8R1VvH18uqeFkxqmVk7kMNIXRH0aTDyxZfupsk3sxV7sx5y9spDTkI9/9lL2XX15lr78BgvmziKTcYa9/X4TFxKEXUeE1X2cOASANQad2b5XSmCgs08E1V3FD8J/eQ+aamF7mrbWCusZiJbvjUQogMee3zbsdQqCIAjDicUanyDfRt3Ut9Lf8Rq1E47CyU7EL3RCfivKqUVnGtHaRTm1KO2E4hrFpf9ObiKhWAJgsDYS4lS0pDqtEAojRPGO0FqwJlx+H8fOVEpFQml8HGxiVVy/bUtq1DZKLBW5mZbu3V53yu9Ki5/L9xT7UexfnISqeDdLyTJzC8l4tAWNxbE2OQ2NY/GVwsTjB1yrIdDJfXNcs8aE9ib0ekXbKGmXxdPlD56r9T7Vt5KytuRzcmlWLq4mpVVSPvRkLQ/GUGVah0SpUdX5j/9GVbEvKq0RVPnztbZ43V96GblTnQTgrx2vj7iw6qefX8SkBRXK9lcTcMRe7MV+zNm7QENWoZUiayydngUF1lheXd/Ky6tbMMbieaY0sfYwtS96hjCciLC6j1ISsD7KXluecbQaIqoOL34QzumE+sHLOVqHl+yxyyoMu9fqijXdw1aXIAj7ADpKjmSCnb0nF4aEDZfyF7bi92/B61lLkG+hZ/P9WBRB31pMfwuqdjrW74VMI07NNLTpx62ZTHbcm8jUTMTJNlGqtsSijCPL/UeB8PdbR6I2GGvQTiyqOpGASNmS9vil9A4yHTpAq3ixeizyFcW/ioCaiSi4PRkv6ostlklW1ifCHpEomu5qaT2eDr1J3SD0LM0FYIwl0CYMDaDD6xzXQiawuDasMUDhaYWnHayyaOsDFhMFmHUsGGUxBBinchl8JeEDhIpQC2Xzo1XZvXjJ3CfyMSSiaqRs2rK6B3of9cRQec9ffGfT+mnKqrS/Ki6UOh5hErPi5zi2KlhSl5O7xP92rOXa/U/e9YoGwcL2vdFi0tsGei/2Yi/2o26fc6DeLX5puVpRl4FN7X08tWI927r7EpuKhTPD1P9dyN8nCBWIsCqEl1iW7Yp0vQURVUcCPwjndrCwAGHSKkqSKQw3re2FEapZEIS9EdPYSPawGbC1g2DDJmzek6vUYcVi/T4KXavItz1BoXs1fn8r1mvHWh8b9INTh1EanHpU3ybINGL7NmOND34PhZ43yPduwnFrqJkyn5raKWi3drQHts9jI2ErXpJdevdXfFceMVVVlLPFG8xi5aGtqtw10AOQ0nxbqUIp49K6bCqhmU2K6uRdvK30isW1UbIqBVaDNpacMTi+j0MAgY9byON4Pq5vcEyo/vnZDIWaLIVshrzr4GuLp8FojTKhsOoYUFqhImcBVRJDofwaN5Keo0ElPU6JjZZ4xotzXBRSKU5ySs20qGIs1MpDWjG9STvVBIIydEmM2/jBetHIlrymYsFG4oEh9FSNPw/Xc/nl/VuHp6LtUU1IqSaaVNsv9mIv9mPKvt5V5Jz0d2n4tkYrXlvbwrauPtK4jh65/gvCMCHC6j5MEgYg+rc98t52iwg7Sd7bfrzV8mM13OEAjJFfGEEQho5fU4+ZMo3Gg6bi7D+ZYN1mgpat2N4+RGDdNawp4Peso3fTveRbHyPIt2F1DmwAxoNMEzboQ6kMcbIbqzTKFFCZBgj6sH43GA/fFAgy4/DW30WhYSZ1E2aTrZs+fMqKAKR/k23VFSVVr7NU/B+FxWACi3bCMAChyJf4gFJU/WxJBUql/UJDuxKhdAiHuar3Zjio0q6mPiSfS7tTsk2Vba/xw7vbgmPxlQXHUJMvMK6vH1paMG1bCba1QX8ev+DhW4NxNLahDqd5Ak2Tm1HNE+hqqqNLafqVQ+A4KKNxA4O2DoElCgtQOg6t0wI2GFPaRxWXixI82Vigjea4miIah20wAFEsVRsVjYXt5HjE82nBlh6xqhTbjI5vteRhVaZepdpWSmGVwlhDEARFTVgVZfv0eRoLrzuCZ8sj644g5UJK/Fp+Dg70WezFXuxH1d5R0JBROPGShyr2C2bPoLt/Fa2dvUmZkuRVw9j/tvZeaGpAEIYDEVYFYIAL/jLEW3XkGMrcDuUYCYIg7Ba0xs/UYX1NvQJnymScSRMx7Z14K9/AbO3A9vYX1QthaFiD8Xvo2/IoPev+TNC7DmsK4NQBCpWbhO1vAa8dnLrQa1VplPawfh84tdDfUhRhtItyG8BtgkwT+c5VeH0baZhyCjVNsyQEwKiTViIVgTHh8VThjaepKJu+mwzRqXJFkVWlxE9VZptqNnpT3JNW1WzpZ1V5v5r+VFWYLSMDWGswFhxtyfkFaju30fPycjJrN1Db002jF4YC0MqisPgK+rdupW/DRryaHGZcEzVHHkrtjOlsrc3S64axaROPTqsJlEnpkOE4VFnn00K4UgqUQimThGZQkcgKYZx7pVS0HNWm/ikwYQxYYyy+8cK6ddheshTfkojlYfMpMVOlwxIUt5eL0tWffZepCCkBONESrMXYMBatGcIxGvNUE0rS2wcTWcRe7MV+1OxrHKh1VfH7bwD7jKs57/hZPLhsHSs3tqPT39fD2P+u3jwPvvA6pxx4NIIwHIiwuq8Te0CKaDf2SR8r"
[DEBUG] 2019-07-12 19:39:03,230 method:org.apache.http.impl.conn.Wire.wire(Wire.java:86)
http-outgoing-2 << "8TQSBGEUsdqBieMo9EKPC401oLIOevIEchObMF29eMtWYlrbsfmCCKxDwQb4/VvoXrOYvpaHwnip8XLroBeUi837JHFtgzw4GqUdbP/mUHz1e8L91oLOhkKrciDoxfZ2ojITCbxuOjfdT4CmrmE62pHQAKNDLHjG70PvVBslZLJOkre9aFJ2qRbmL1LFYAJJzFSVEkLT7aSaKxNai3JcogSWNFhaS/ki/7CXJtV+qbwXvs27YcmMhfq8T+22LvpfXoGzahUT/D5yXh4dZNFJDQYXyAaK2oKH6fMwvT7tXS9Q6xuaD5uJwcfoDCpONaViL9647Wp319FYVDxXYRlrwjtzpTRaa7RWOI6DUhAYQxB40UPuuJxCK42jHVxH4aLxTUBgfKy1aK1KxMyqK42UwqKiQ1cmbKeOQYltmWicPiY2lsijOTDG7B0P5qsJJwNtH+o2sRd7sR9xe0dBfUbhVv3+q27vOpq3zpnBpMY6XlizZdj7b63lqeXrMHvDd6MwZhBhdR/Hlr0KY5f0sRJZVRCE0cRqh0DVohzo96DGhawFskDWQTc3kpt3NKatl8LyV7BtHVjPRx7iVccaH7/nDTpf+zn5bc+C9aMdEKo/mei9BRuEoqnxwRSw1kM5dViTx/atD4VUpyaMgek2hOKs0qF3qw0ADTpLX+dqTM8qGqa+Fa3lcnBH0LEbYix8Jh9tcszi3+niGa+izynBz0aCWvR3YdGhCGYsRjtobcqsSkXC8r+mJL5niXNP2ZWeKr/jtKEoqYp3nhYdd6+i92m78r3ahjMSysRgtYoCVYTb8yrMRt+Q9xjf2YNduZrg9Tdo6Ounzvo4WHxlCAhjpUIxCm0OhbUBtr8PU+ina9kyaupraJ4+nfasJtAOYDAqwKpUjFWVvmqKxmirJGu1oZANmqybRUVL6L1CQGCDcH5Syb4UCmMgwAff4miF4yhyjotxNQWvgMFUhmSIH3wkhK2Gx04nYy6fW2zqeNiiMJyUSr4r4mOjsMZgrUqFNSC1P127Lf7XQvHhfWn4hPRclXdvxKkmkqS3l28r19PFXuzFfrfbZzU0ZMq+b3fAfvaBzTTU5Ya9/yvWtrK1LI6rIOwqciW9D7JXPLkWAKrGcRMEQRhprHYIsi46EnF68pCpARUAecI1vzkHPaWRmqZjCLa14b30OrarG+sFiMBaxFofv/t12l/5IV7Xq2ANiUASK2VKh7FVg/7QSDnRfi8UXIL+SFCtRalwaTJOHRgP63WGNkEfqGwom9Xujy200ptvRdUdREPjDJSTG43h75GolLCaBLWMRNX4ni6WVq2ygMZGC/ZtJPSpWByL/hQsCqV1KB4CvjHkNFHySpsIpjYW0Ijt0t7glnJf0hJxNVL5SpfJQxgfVBfjgib7ip6fKhpjfM0R9qPsblXZSFzVoCy+UqAMyoBrLdlA4RbyjO/sJr98Bf7K12js66XWWLRRQPidYpPJUak+xP0IqDGKnm1b6Xj+eeqsQ/0BM+jOuBhA6fSdNlXex8FV4/ERirgWQFOTy4C1mMBg/HC8SjmYqE+JN661oAmX8luLJYpjagOUAzW5DAXfwzeGOE6rBYy12LLrNqWSsyU5YuHJZEmnwy4PDpHEGYj3R3MfYLEEBCaauShchBOfoHHheJqT8wOMLS7VVbrKV7VVKJWK9787lNWhiDwV/UztL7cRe7HfQ+xzDgQWfFO5b0/of8FCb2Coc3TFvu3Z93k+easZN65+WPqf1eBb6OorsGxNS+l+QRgGRFgVIsq/kYSxhxwjQRDGBl5NIwEZvF5wC+BnoC4HuVhUVUBAqGFkXJz998OZ1Iy/uYXCMysgX4BAwgNgDUH/Ftpf+S+8zhWUfM+rbCicahdMJKjGu61P0TPVxfqdkGkig0euronurq3htjgkgK5B5SZjg17wthEEvehxR4PXQW/rk9C3gYap8yXm6igTL0s3xmJtgK/BdUIf0HTiytgL0qaFvnBnLImVV0xatCv3olTKEguONswfH723iZ2J2iZ5tZS0o4rtaxuKoRoLVuFiyFlobO/CrltH3xtrybS00tjbT40J0NZitI5EzmhgFUTjt4qMhQbfUti8hU71Ik319TB+AnnXoaAdfJvy+hwgaVg8b3E5pRUZ1wGlCHyfIAhwlJsSlktF5/i5R6AsWoUiaOJ9HFhcR+NmsuD7BMZE0xMfR5X0Ix5ayYjLhp+0a4t2xdAB0TGy4fxbRZisygTRntBal1RqKWbUSm+rnKoxQbmQkt5WTWQZyFbsxX4Ps88HYbKn7jjIchV7BbiRaFj5IGR0+4+Ffh+UNdS6ekj2gTXkA+g3VVYW7GT/w6RZYfuPvbSxmLB5rH7nCXskIqwK4bewfLGMfSzVbxAEQRB2MzZbA64Ok9RbcC1090K2HpSh+Jvip4xyLu7+03AmN+O9spLgtQ1Yf1/2XrUYv5eulb/E6yoTVbFg8oAiCQtQQnR3EfQWk+34vey33xQueOfb+dFNvyfwPFAuKtMUle0GtxGyzSi3EdP6ANQegOrfTG+hHbfxYGrqDwhDCAijgjEmjNygFNYaPN+ilBsmTyIUQBU28TgNkyOlfAZV+V1nmrQYWlRWFeEy9tBTlETELcYSjf6bmKuyZedp4jinYR91JEBmDOQCg1mzGv/Fl6jr6SPX10+Tq0PPUAWBUhh0FDYgbtWW1a0AjYMmm88zPrC0b2nBbFxHbUMdNlNPnkj4teX2pfMQepEWt2itcLRDodAP1qJ1cRm8UsU5N6ooV8YJp6xSBGh0MY0YhYKPm3FxXRfreRhj0FGiqtjJOdE3k0NSrgwU+xq+NyV70mWssonHsTGWIAiwuphUTCtV5avWVtQ2ZhnIMy19yqdP7+pTWWHvW8vDq7bw0KpWXtrYTltPHoBJ9TneNG088w+exKmzJuM6akTaF3ux3569b2FLIWBS1ilNwhfZj8sqNArfWjo9O+b6D9BnQAeWnKMGte/zDf0Blc/WdrH9ukxYcE1LJ+tauyrtBWEYEGFVqPo9JYw95DgJgjAmUArrOjhK4WQgUx86nxb80BG1Jkf4ZdVPqIU4hBevXmir6nJkjzkKc/AM8g8/i+3uC5Mx7WNfcNZ49G64i/4tj4Ct5r0bxb2sEIkUuPVhoqr4DkJn0XgcdMBUrvr0p7n3oYdYtnI11nhYrwNsEMZbDfpQbgPG70Q5dWDymP7NqNxEutb+BXfmhWTqpiF3GyOPBagSzicO8RN7N/qBIaOdMEN9cp6E50Ok65VVWoaOhDdrkyz3Jmoj47qoSFTFGiwGrXToBW0Nvl8Il64DVkWhAqLPlVGI4iXycacMWit0YHGNIWMM+bYt5Pq7yPketdpgC3m0UlHGe4XjaKwxUeUGpUOBUGuNQhPuUgRW4VioDQz9gU9fdzu1KiDQoeerUeASx6eNZNrkzyf8m1FRX5VSaK1xHI3vedGchmPxVICKlrAGgR+GalCWYmgFhRuNOz5eNrmj1/i+IasdMo6LZ72kN3FYgMQBNfFGs1EZlRLPY4/kUFSGYpn0ATeKUOC1hiCZw9SpkfaUTY6YKk5M3BeVtik/xmGP0iHFdlt4sWpiD4N8Tn1dVoguEQ+t2sINj7zGho7KWIubuvrZ1LWJe1ZsYvq4Wq445VDmHzJ5WNsXe7Efin1bX8CDm3uY1Zhj7vhcyV9xThe90d0kLMnY6n9s3xOED6iyWlWU7/MCClYRjED7LpBRisBaHl2+YXB7QdgFxC1B2CO48wZYeB0size0wZeug4V/hGV/DF8H46fXwcIbYNtgdQqCIAjbxWqHIFdP4EHgQ387+F54Y9/VT5gXJr5Y9Sk6WvmE4QEU4CpUUwPqrSdjjp2LqslVU2r2Yixe10p61t2ONd4AZUwopMVimnJBR3FQ45iqifjqkMvVsej9l3DwlGa+8W9fobEuG4YBsEEkXAfgdYXxWAMPa0O3EOXUhLFYVZaO9XcR+PndMQHCdlFYNH5gCQIAjVI6iscZ/y+U8Qb9ZymWjgT6TCZDbW1tKFL6AflCgX7Po+D5FDyPfKGACQzZbA2ukwltjUVZiyaKD1v+DyKlUIEt3gdjTRgaoOAT+HksHkYHGGWwjsJg"
[DEBUG] 2019-07-12 19:39:03,230 method:org.apache.http.impl.conn.Wire.wire(Wire.java:86)
http-outgoing-2 << "sMqEy+mNj9YGi4cf9KG0j5sxoDwsPtqxeKZAoE0iHlgDOpvDczRB5NQa9hNUyf9K50UTJtvSFjKOEyZ6MnE4hPArq2CD0ENVA0qhrcUFskrhAq6xZHxLDo024CiHOFlcGBtVE3ihp6qjHTC24thoO9Cxi8IqVPReR1+y6e9LhVJhbFXfBARUCqtxuaR2la4zdexKGGOqQ3l3qnm1lW+3le8tcMMjr/HlJS9UFVXL2dDRx5eXvMAND79W2oWdbH8k7fv7+mhrbQnj/ZbZBH7A+jWv09XRvlPtt23exOsrlu9Q/7du2UJ3V9eQ+1++3csXWL1yBV6hsFvmbyza12c0hzXmeK2zwNLWPvzUw5D0c40kiMsY63/6fbdnKaTCGvT7Pl2eoc8ogmr1DkP7NW644dmVLXT3Fwa2F4RdRDxWhT2SZQ/AE8BVpwMPAMvgS5Ph2vlRgTb40g1hmYQ2uOS6yrr+ObXtqivg7OaR6rUgCMKej3VcgvrG8D7cQFCIbs9dUDnwAsgawlirDqGnqo0+x2EC+oAs9OYd1KQp1J8zjsIzywlWbwJTfvW892H8Xno33k2Qb91OSZu6c7JhAissSYzVaLOjDMe9+Wjed+G7cPyAd8yfz5c/96989ktfJrAO6Ex0oFTotZoZnyS1Mr1rUNnx2P7N2OwkOtbewfgZ56Od7EgNXxgiNhIp/cDgOBpXq+TmUqfLJETvU6KahchJMxRWtXaoyWbJ5/MYE4aZsJE4rxThrbk1FHyDFxSozeVQ2iHw/Mi+GNNVpZoMl/HrMLERRF6Z4fnrKCDwsX4QJsGyGkNAoABlsBqMDZIYv7V1GQ466HCOO/4YJk+ehOf7vLJ8Jc8+8wLbtnbjBT5KgbEaX2XINk2gT7tYFFlrCTAkARKSKSm969Y2nj2FozQFPx/2OWWWdVy0BVvwqXccMAZlYp9UG4nViqAQ4ChCr954PiORIwg8XFfhOg4mCCiP7Vrat9SRTxUKn1Xp6EDGOwxpD1ZjDb4N8AI/8npmgFC1pfOSbrOiY2OJtLdaueda/Hkgb7ey9z9+5DVueeaNHe5CbHPFqYfuUvuD9f+Fp57gztsWD6k/n/nK10LBPmX/v3/+b67/j2v50R/+yoGzDmHbllbWvr4SFHRs28rXP3cVZ557AW8//z2goGnCBA469HBMYPjOV67hsNlzOP99i5J+/e6n1/P0ow9x9b99g9//7Efc+cdbuH3pi7huZrvjf/qxh/nyp6O8etsAACAASURBVD7KOy68iE994drtjr+7s4v21i0l23/3sx9x719v5x+v+QpvPvbEkvI19bVMmjJtWOd/rNofOS7Lul6Pdb0+3X4v8ybV0pjRJeUKwcD2o93/9Ptu36K8PJmsS8EMEnd1GNp3CD1ku/Mez6/ZUt1eEIYJEVaFsU2ZQPrP18F/XgG/jdxMv3NDsegTD8DCB8L3/3kNXHtNcd9Pr4Nbm+HmK2BCtO3OG+A7bWHZo0Z6HIIgCHsJ1nExJgMeqGwkqFqw0Wr+3gJkayjGV42vNBThVW43kCFxpKypAdWQI3fy0QTTpuK9vBKzrXMURra7sPg9a8i3Pk71EAADmQUDfp44rp4f/+C7TMi4YC2ZIOATixbR3tnBv3/jW2Ec1kwTeO1gDdYUwMli/Z4wOZZTj3LrQWcodCyjq20GTZOPlWRWo44Kl5+bgMAP0FEIDqVsIpaWeiZWCqthZvkomZTW1OSyFPr7Q/GNcLu1OhTuImVNAdpxwBr68x65XI5cziFf6AdFcdm7KhMIIYkfGup3Flc7EPhhnUbjBg6OBW3DLw2rFNMOnEbz5IkEfsDhhx7KKaecyLTpk6mty+K4DiYwnHzySaxesI5vf/v7bN3SCURxTTO15Bom0qNclFXkrMWzlqAsll+5sKqi/AJuVH9xv030RcdYHAMZ5TJr+gFklSbf10c+308umyVXU4uPYkv7Ntq6OsKwCUpFkVBV0q7xA9yMi9Y6CaVQ1rkqemap0KkTFVuBstg4SGt0DANr8AIfE8WHNcnyAFIxXSP7pOKBlIoxSLrL5QJKNU82W7Y9sn9o5ZadElVjbnnmDWZPHcf8WZOH3P4rLzzHimUvDFjnaW9byPiJoVfHhnWrufevt4fVDLCKIw6/cNWXvgraAQvPP7GUl557isamcQDk+/t572nHcs573s+tv/pZif09d9zOPXeEbZx65tlc883vUcjn2bTuDe7+yx8p5PO859LL6e3u5r9/9TP6+3pZ/vyzbFq/FoCH774LNxP+sJ+04G04TtnvRDT+Y086leNPXcCdf7yFhe/+ew590+xBj9/D/7uE7/37F6uO+YfXfbli2zEnnsJXr//5Dh3/XT1/Rss+oxTz96vjoc29tBcMd2/qYc74HIfUZ6k1Fida6j5W+19h72QppCPbjFD7uchb9emVmwni662U3fj6GgRhuBBhVRjbNIcCaVoEfSMSWk84PfJQfQUW3grveQ989Ijq1Zx6FNy6DL79UNGr9ewr4OzdNQ5BEIS9hAAX34SJq7QBxwkF1sAPddO8B/0KamopvQj2KI25mge/L7rX7weUxjlwCnq/iRSefJFgbQt7Y2IrGxTob3uSoLB1l+tSSjF18mR+/+tfc8R++5XMVy3wr5/8J/r7C3z7Bz/AD/pCMVY5YYgApwEK7aEI53djnRzkN4NTS9/6JThBD/X7nYrSmYE7sM+iiH1GVewBaA2oYoRNAxTj45IkHakQS0o8byxYHWlqBqU1RAKmFwQoDU4mTGBirY8m9BRNKlKxOFqM9KU0WGtQ1lKTy2IDD6xBKY0hTLwUem+asIqoQ3HYAAV4hTwNmToC61LQljwBSoFjwDU6XFIPoP2w+0phlQ5DBCgIFNhMFq+hlp4aF6dfkfMtOQW58fVc+bmrmDq5GbfgkaurIZsLE3bFyZqso8lkXA47cgaf/NRHeeKZ5dz91//BWA25DKq2HnQtCvC1F96DGxVpkLFXVzGxFJhIowzjqxb86MtJhbKyJtYgNdYGONqlNtfA+jfWYK1h8pQpdHR3saVjM3U1ORxlw/pVKHoqFS3xt+EMWqtQ1kGr0LNUR0JnImeqWGyNRdNUV4mk3ihxmbYk54SxBrQiwOAHoZCqlQarUCqd6EZhbRh7Np4HW/agRsUiuUmdrPG5m5y8JPM0KpT8rQzyeQC92A8sNzzy2nabOf2QKVx6wkF87HePV91/wyOvcdLBk3DTf8uDtP/YA/dwy40/GrC9I2bPZXxzc0lfv/LdH3P8aQuq6t3fuOafuf/OO0q2tbVu4p6/3MYFl3wIgLWrV+Ll8/z95Z9g9jHH4wceXe0dfP+rX+TUs97JgneeA8CRc+YCUFNXy7Xf/ylf/KfLufE73+DQI2fzygvP0tPdlbSZbj/mDw88TW19Pc898Sj33PGn0o4qkkR43/g/V3PUm99SMV8HzDyYiz7yD6Dg+PlncN31vyAwhq999tNMPeBAPnrVvyYmTz/2EH/45U95zwcv57hTTqOhcVxFfcCAx39Xz5/Rtm90NGdNreeZrf2s7fN5dmue17s89q9zObQpw/iMA/EDmTHY//T7kpBRI9h+LtL8+wt+1fJzD5qMIAwXIqwKexavhAIrlHqoAtx6K9wK0Aw3vxe+XR4KoIpNORIKQBAEYXACpwZtHIwNE9c7OQh6wvCffT3gZKHDC5MqKIfwRt2lGAbAJfRmzYVJrxyXohakFCqTIXf8m/EPbsF74hVsb/9oDXVEMIV2Ctuep8IDdQdxHIc3z57Nd/7jPzj5yCNDD7w0SlFnLV+86kry/X384Cc/CWUqa8DrhKAvTGjl1mP9DhQWlZuM1S7oDD1tz6AyDdQ1v0U8V6tSri7porCtonu4SFisXr4atvJjlCzJKItnfJzAktGRgEas0KXdeUrvOGOBVGuFoxQFPwhLWCIhNhJFqyxHj/tslcHoAKVDUTCDRVuFNlEKJRULfwZLcXmqNdFyeK3R2SyTD5hB3+YW6O1AY7GO4fCjD2PGQfuTAbJ1ObQTP41JCbxaYwOfmlyGtxz3Zg570xHku9v52/2PkG2owTo6GYsBjFKRUBh6aCplqfTsjUXDOIZpcV+4"
[DEBUG] 2019-07-12 19:39:03,230 method:org.apache.http.impl.conn.Wire.wire(Wire.java:86)
http-outgoing-2 << "14I1aMdBEcai9T0fP/DxgoC+fJ6C75H1NCrn4rga3waxa2kx7ixRjFelSaehKt77x8nBUses5DjEXqbx+8gfVoUexwHheRGYtHCcEvxVSmQnFnAr1bo4aVopOmovVnhtFOJhlJTVwcSXylO/YtvDr2/ZbkzVc940nc+ccSQd6ViMZWzo6OPhlVtYcOiUIbX/9ne9mzcff2JFPd+99gt0bGtl+oyZ6T+3Aftf1bE42nb4UW9m47o36O8Lx/fGqpXMPPRw6hsb+d5Xv0h7WzHszMN3/w8P3/0/AHz713+gecpUsFBTX8e1/4+99w6z5Kju/j+nuvuGiZtng6QNWmWBQBIChIQESAiBEcbY5GAwRsYZGxtsXsCGH/iF12BsXuMAxq/BBtlGxkQRDShZlhACBZS1SqvNYeK9t7urzu+P6r637507szO7s7sjdL/PM3O7q+tU6uruqm+dOufjn+IH3/wapz3lLD70R2+jUq3yhx/4KKVKmS/+y//j5uuu5k//8u8JMo3Vcl8VgEe2PMB3vvIfM7bZ1oe2sPWhLdPCTz/zbH7pjW/hsYcf4p/++qPN+pWrFR68926+/h9XNMMeyOy7brnnLnY8thWAc86/kOf93EvndP8Ptf8sBvmSEZ6+osqxtZQf7qkxmjpGR2N+OhpTNrCqEjJSCRiphFRDs+jKfyTlS+Lf7yice/I6Ht07gbPtWquVco8K62Hh0OtNPSx67Lu2RaY+DHzuZfDqKw+ssfq+P6bNlECPNO2hhx56OHRoqYLFeKcxISQJSOS39YclP49PHMQK5RBvTzXI/vJBbwhMAcZrvQFeozXK4lQDwjUjmEuHia+7Hbf90LU7FweUtLaNdPLRQ0qlWqnw8z/3c7z7He/ghJGRGQdzIsKAMbz37W/nnvvu4xvf/S5oZqPBNcCF0KhD6CfH2tjtTQZEEa6+jYmd12OiJVSGNiEFgqaHw49uc0hrlYammHxbOU32riXXdErUgqp3ViQiTQdN0zKbpQQqSiOoIyilVChZwXhqlFQsNrCogNHA5y+SkbV5EgYTRlQHl5CGfYRMgKkT9AknnrqRSCxRGBGnKSUEM41gVk9winec1ReGPPu55/HVq68h7Kt4JUrNCUCh6fKpsL1/Wu2ya3m7tEjHYhxFbUpYrhJGBmOESA0hSuCs10oNQ0wQ4RwEYUiT3sz5blyWh0FwhXyL7ewyIjSrgxQbT72maROe7FQMKn77f24CALNAz2iTlC2yF4sAXTTOphExxWsdMtc+MLtN61eceRxveeZmEA5IwF67ZbcnVueQ/9pj17P22PVt8vfffQe7tj/Gc1/0EgYGh6bXrzPNA1xft2Ejz7jwedQmJwA4dsMmVq9bxyMP3M9vv+v9qCqjo3v5q/f9L86/+FIuvPTFoFCfnGpLq9rfzwte9nJQ+MMPfoQd27by9AueC8A13/Zk7FOefi5hKWorz6UveyUXX/YyAN75ltcyNTXJX372P6aR9X/74ffzrS99gb/+96+wZu1xmKzPutQytr/lYvjYjcdz7Mbj28JWjIywYmSE1KaMjfrw2lR7+YEZ7/+h9p/FJL+2L+R5YT/f3zlFzfoLDQePTKU8UksxNLhgRYXl1air/NEu/5GQLwXSDBuoRJy1aYSb7t3WFufR3eOcuXaQHnpYCPSI1R4WN+6GvwB+d7knVz/2ffjchXMT3XctvDrTTn3as/22//d8cLoWa44mUdtDDz300ENXqAguKuFUwHpCVYGc39HMmZWJYN9+GFkOUgJioA9o4LmDACj7eXsQ4DVYLS3N1jpQMpigSvn8M0h+cj/plscgSbuU6vEDVUc69Shqp2aME4YhQ4ODTE5O0ojbtaaCIGDz8cfzrj/4A1783OcyGIYcSJdURFhaKvGRD3yAq6+/nqlagTBwqTcLoOpvXmkpiKCNXUhpGZrWmRi9F0WpDm3qaa4eYbQp4GRkl3WOxDqMCdocHM2ajgBo0zbjHHJrDxZwopjAYFMQibCAw6ECgSpk9kWLKRljEAeKw2KYCEL2VyqUMk2q/rLhlM3HE+FwaZKZPujI3xhwzhOHaGZewLLh5ONZsuFY7pycYikOFYsQkFO+OZ+TE83tycpMCqwd7eY1g+O4gRihr7+KOEcUGIb6qsSVEmGlylTawJiA1FkkDNrTLHqQEumaT6GyXkihdXO9qYYWHe6dVqk6r61qU6zTpqbsoSPXUu0ok68AR41kPZA2W7d4Hcd3bNs/LdlPvdJrkr75ihubpCoKp60e5ru/+VxQ+O8Hd/O/vnZrm9wd2/bPO/9i3K9c8S+AJyS7YWpqkvHx0a7ySZK0wjJc8+2r6Osb4Jb/uQ6Aa7/7DUbWrOWH113D9f/1rba0r/n2VVzz7aua51+64Xa++cV/5wffapkX+OMP/xXXfPsb3HrTDXzhHz8JwP69Xsvl137xhU3C9IJLXsRr3/o7BEHgba0KXPbK1/Hn7/5DfnTDtZz7nIubZZ0YG+MH3/wqZz3r2WzYdGJbnY7ZuIk/+9vP8K0vfYGbr7/mgO1XLlf4vfd/6KDb/2D6z2KT7y8ZhksBtVo6Td4BNz6wnXPXr2R4oLIoy3+45SPTHn7GhpUkqePHW3Y05e/bth+evJYeelgI9IjVHhY3ToL3nQTfvMOffvRyWHq3Pz6gKYDOLf/L2x1aQebUitnts/bQQw899JBDcFaQbOetzcxWReI1VoMyfh5uIBGo1aAvdy5v8YRq7sw69aYA1OBHIwZPwJbwiVqfn1TLRE85ieC4VcTX3orOskVz0cMlpFNbUdedIB5ZtYoP/emfcv555/Hwli186OMf53s/+AGptYysWsUrf/EX+e1f+zVWV6uUwnDOFIeIcOLxx3Ppc57DlV//euGCgXQSgsQ7tHINCPpAU1CHGToZu/eHjO/7MWx8OdWB9YjpDR3nA23aqTwIWWxzy36+VVydEKeOwEAYGIxoIQ8pkKetGafJwpvXTWu7u7fFqUxnaf25ZMY3SwSkicU5B6WAuiqpKhUiKklAIEojyDeJe5MBJtuSjwipQm1okIGnnUH9nhL7HriX1ZUSI8tWkyaOqFoicDpNW1Uy51tB1oCKwxlDPSiz5qyzuOW2e4kDgzOKy+yHisq09m7XnGvlobmzJ9eRrwCat1fAI48+SmgCojAkqlQoOUd9YoKJeoNa0kDFEIrBupbma/5r8rJn9iY7tfiadmCLGqstRr1pj1WMQVSwWDABcRx7G7uBeDu67VVu2cktaOe2KX219RcfX0xuCLuoDtb67ep860igG5EyHw03hT2TjWnJblw+ML3bdxyfuHJomtyeyca888/jjY/u5wff/Aobjj+RU884sytB9KE/etu0PKehkP+2Rx/mxzfdwOSEd/x4zx23snvHdt73V5/k3Ode7BfPuuSzbv0mwlKEVYe1Kft272LHY1tJk5ihJUtZsXo1+3bv5pEt93P8yacxPrqPbY8+zOlnno0JAgaGhqfV//yLX8inPvZhrvjU3/CMC57ntVIVrrryChr1Ope98vXTyp8f33/XT7n2O9/gnPOfQxh2fGuyeHfedgv1Wo3f0w9Nk59L+3drv8er/EDndv/C9alawnd/dB/HrlrCkzat9tveF1n5D5e8Eail/h0WiBAaCIxw9uYRSlHAjfdsA1Uaj/PF+h4WF3qj4x4etziQKYBnnQJvO9WbDYCWA6xuyEnZnrmAHnpYaGRkwDxnYrNrVvVQxEyeg+eXxrSQrvFUDNZUPO8mEBhPjiax50WTulcwyxyKM5FCNQKJ8NqqJfx2/wZo6OOIxWusBngyNcGPTqKsGA4kCAiWLqf87DOJf3w3bue+ruVb7FAXY+s7mK5mAX3VKm957Wv5pUsuoRpFHPfkJ3P6Jz7BZ6+4gocffZTfvPxyRoaH6Q/Dg7rnpl7nORdd1E6sutSTqy4BYk+ookg4BHYSN/UoEg2h6TgTj3wVt+pc+pY9GROUD7oNejgIZJNKz7F6EjBOU4KgTL7VvJ20K5KkOaHiJ5mlUonUWhxeG3NmmiyjXtVriQYaQBpjbErcSJDIYIIAlwYYiRDn0CAl79uSkYROwKgnhqfKZaKRVQwN9ZFWyxib"
[DEBUG] 2019-07-12 19:39:03,230 method:org.apache.http.impl.conn.Wire.wire(Wire.java:86)
http-outgoing-2 << "IsOr0EpAnMaUpHPmPB1WDBMm4BF17BscZu1ZT2OiWsWajETMWcg5wlpLEIUk1nbICeIMJihhVdk/VcM4hwkM+yYnUWdJnMUFrTbUbs+lgjEBqopz9gDPbkFjFVpkd347nWa8a0CcNEisw5rcRqtM08udDTOXo9h/shdw27WsUkcDnURK/tvGFh/gfLZ0Z5D/+p2PdZebb/7Z77e+fCVxI+aSl71iev4ZnnHh8xhZe0zX8v/w+qvZ+uCWttvx8jdezsvfeDm/8cqX8OC9d/HLv/n7XPTiXwCBj7z7D2ccU73r/3ycE097Epe94rVc9orX8uXPf4a/+/MPAPCG33gbCFzxqb/hs5/4GO/9i0/wtS9cwb/+w9/wJx/7e6oD/V3rH0YRr3rzr/M3H3ofn/7LD/Pmt72TrQ9u4fOf/GtOOu3JnP2s82e+fxmCMMBkGrCd15s2kQ+y/Q+6/yxC+WUlM3N85530PbJzPzv2jXP2Scewetngoir/4ZJ3CnWbn/sIBqUcCKevX05/OeQHP320ZXO1hx4WAD1itYefWVzyUuDuwvnl3hxAjlxb9aN/DKcc4bL10MMhYyatEWXmiXIm48cYRcJTKZzQFtQ6aGagxXgFuVmL26UsPRwNTCcd5kPRubBMbKpo4MlTZzJyNQGNvCdsDKSx5wSmYogrUM7NHyY0HVdRy8bGpWIGeHLV4olVR8vpVVkwS4cpX/BUGjf9lGTLNj9xyOswT7JRZmiPrhF1YQhsdSkuHu16bXh4mIsuvpi+KAJVQmNYXi7z6697HalzVMMQ01VybhDn2LxxY0eBMiLMZCx2UAXXQG0NwUI6DtEwmk6hg8uY3HML1iYMLD+DIOybd5v3cChokQlOlNQpSWqRUDGmUxuxOBuV5vORppYwDDyxah2Es/eoXJszCA0uEAIbM2IUNGZ/PaFerZIEVRJnECNtu96L8DZCDc4IqQkYd0ppw2Z2ju3jlolxzlyyjH4TYjVBbIE46QIrhjFj+OZtd7Gt1E+jWqURKWmYEjrFOO9caa56lc45QgQj3vVWOwRrfdsaE2CNwxih4bzjORHjv4fZc2Bt7uzKLzx5Utk7DnPO4c2gyjSSy3RqrDZvACDexqoC6rxGqdWUOLEoilOf1xw46TmiC6HaZs7gKH+7Z9JumwNJs7y/zI7xAzhD7JBPrfKV26fbxF7eX553/j555Wv/9i+UKxWe96KXzBj30pe+grPPv2D6PRXY/0e7PbHakdeNV3+PB+/1Dp4+/oH30D84xDMvvAiA8y++lF98w68287nztlv42w+9f9ay5mH33H4rg8NLvJOr4qM5S/1/7uWv4fYf3cQX//kfOWb9Jr5+5ecRY3j7B/989vuXYWhoKWG5YB+0gDCKvO32g2j/Q+k/i1F+WaXT9Egr6qY1S3ns0V00Ev++uP72h3jS8as5Yd2KOeXfHwlRx6tYs3j5XCKfL6h4MjPXaHfZNaftSzNHs/0cUHNKrQFrVgxx6Zkb+d6tD9NDDwuFHrHaw+MWM5oCYB6ap8th9eEoXA89tEGn8Yid2+9apGeL5NScJM2JzJxMnYGU1PZ/cyhVW4HmJPOzhLlyQrM1zcHySkevuXVa95hPUZyCRn47mauDVMBmO0fVZgNoB0QgmS3V0QasCL2jK/JdV4UdmUbwRKrgRyUhnoDN42gWZgERpFqi/KzTcNUSUz+6yxfqoCFz4lanizVp2RnSyc+FogMYFzdwaXenKJ68aSe6BCgbQzkIFqTTDAwMdIRkaeZ2HGwNJPCOqpwFF0OyH4ISGu+HZB+N8T7S+i4GVj6NUt9Iz+5qNyhNcm1umJ0VayrdZESeEABCvRETmABjTNOZVdMsQLMo/rthRLA2xZiIvmqViVqD1rKEa/NTlC+diQhhGBKUDPvro4wEjvNO3sCTjl3GTx/ayjUPPMhj1lEPDE5KfqVFXNMjvYEmKegZYR9gpUy6dCX1pUP85+13Ue17EqctqxIYvzgTzKBEpEDDOW5++BFuuv9h9pWWUpeQNPA2VhE3r4c51/C1zhJGEXHSMjMiCkbCrNgOKyASEqvFBKHfei+K4Mi1p4LM4nH+GRYgMD7MOefJW+fmsEgzvS+IGCTwdmzjeuJJYGO8g61ipgfEgRhY7YhXiH80SdVuxMlM4TOEnbZmCTvGt3eXnyHNq+/bwZ7J6eZnTluzZN75o5783PHYVi6+7GX0DwzOXC/mkGYhfGJsjL/98PtZve5Ytm99hOe+8CX873f+Ln/+6SuA6XZVZ82rEHbbzTdx4zXf4/yLL50W7+MfeA8DQ0O88bfe3rWsv/ueD7Llvrv5+AfeDcDb/uTPWHtMuxOvmer10JZ7CYLuNEVtcnJ2+bmG/QzID4SGsvGOqzrjHrdqCU85Zjnb9o7xwGN72blvgtvu344Am3NytUu6xsBg2DK/0hYvP85/pz0/MuOCglM/XLMKThXbPD74+h9s+9UtVKpVXnjOZnroYaHQI1Z7WPTINUs5pV2z9KCcTWVmA5ppnAZLD72IPTyRkJOdhWO/w9K1iFFt2SHTbMTQOfHpRpA2z56AJOfhxKEq1bWNLcXfnvx3ocr0uLnlIphQWLkCxuveJKpabw4gKLXaxqWA5ySo1yAuQSWktd1fPG+H4MlWxScmNG20Nk0C5MpTEU1TAVKKqJ55IlIqMXnTHWicHGSFtBvXfNjgkgbOdS/r+NgYd9x6K+eeeup0zdQF6iBNpydtkKxDCkRLIJ2AeB9Eg2BKaH07BBU0rSHVNbjJLWg0zFg6SWVoM31LTyEI+0EWyCP54wBiTYFkKtrMbD3Yistum/fejgo2I6o8f96p+mUKYdo8luy06ZApU00U/MPWiC2BMWim6h0IGbHp02sj/whIU4uIoa8cEScJqbWFBYDseci7QxQRBIapqQYl6aduJ9m6YyfP37CEE045joESfPmurezShNR5bdTUGK+piSBOCSyoEayAGiVFM5uLAfs14rZY2H/DnbzhrBN5xooKkSjOOFQ9I+u1Zj3Zn6Qp440aD+56jEkNqQX9NEipaAw2QTUkJfCvECnazhPa2zvwtmIlu+b8Ak/JBKQ2zt5jBjX519u3I3h7fagiCKrit/8L3hYsYHDZHN6bUCiXyiTW204xEvh7QXZPMjhTfL59f/J6t9IsvsVr1MZJTOqsJ6zV27Q1WqhdoV+aXI01X5x1guQv2Kw+0tbfNHt5T08rT0fF95Gi3dYjgm4kSTG8M6yT3FF41sYV/Nc97cTqlj0TzXi3bxvl9DXDTfnxesLnftRdo+28jR1af3PIH+Cr//rPQMFpVTf5/LyImT4BWfjHP/BubJJy2avfwKf/8sNc9qrXMbp/L+uPPxGAc59zMZe96g3NtO+54zY+/bEPtefXkf9/fe1L/N3/+f8oVyq86Xf+oK1Yd9/xE+669ceMrFs3Y/1379hOtdrXTPKnP7mFZz7nYvoHB2e8f6ef+TSK2uaT4+N8/6qvsOmkUzjljKcCsOGEEymVyl3li/l3a/+ucR/n8sf2l7hvIp4mr/jPxdrlQ6xdPsTOfRPceNcj3PrAdvoqJdYuH5qWfyAwGHkN/oUsvyAE4tOPBNpXHbOvlwPrlFSzYeFhbj8FtLcw3MMCokes9rDo8eY/hjcXA06Cq/54ptgd6Iw7H9kenpDQonZo55/LJ8otzdHOLX0926CLAws91+skV4u/C3HLi+kv5i6kJoTUkMawbAmMjcPEFBB6v0cSggaepHCAOtAU9k3A6qHCXNF6TQU04+PyubzQMgMArQGyLRQiI2dFQionb8IMVJm4/lbceEGLZdFCYIaB/FS9zqc//3le/OIXs6a/v0nULCR27d07Q7FCPEM+BS5GxYCte1urQdWXWQJIp7ypAARrG0yl48STD1IZ2kx5YBMm7MeYcOEfwEWHLio5847RGauTaJVpMT3Jqm2XnFPqcUJfJcoepszZkdIk5py0p1JrNAjDkFK5TITiUpcRql6/VVFM4B1XkQ+qxAAAIABJREFUTTVqXnPVWdIg5I6d+/jBXQ9z0ekbOGfTOrZOxFz70F7GxeBp04xgVMGoQTCoEwhywtc/+BZwIkyK4ZHaJF+54SZO"
[DEBUG] 2019-07-12 19:39:03,231 method:org.apache.http.impl.conn.Wire.wire(Wire.java:86)
http-outgoing-2 << "uOQcykAJP7EXE6IIaaORLQoY+ksRz9h4AnduvwONJxgNhIaCDaqohBgHpukpr9WenfZPvYavJzldZlKkVCqhTnGkPr4WunKXm+m1cbtEUL/lP4oinHVY6xCMXyPSjCD3+rwdKbaYAW3jNfy9SJ2jEcdeW7VQn+5PWx7ayqe7FdaZmL0Z0mzasJ2+mHDYMBeSqbPonY+VwnmbVrJ2uMpjo61dA2/+/I3N49/5j5vnVJy1w1WetWnlvPPf+tAWfnTDdWw88WROOv3Js8rv2b2T7VsfoVv3qk1NtU4y+SVLl/Pqy3+zuXgWhhHv+ejfNOWv/963uf573565UgrjY6Nc/S1vg/uma67mq//2L1T6+vnDP/sIK1d7z+mnnfk0+Ie/4V1vfSMAz3nhi6eVL01TvvBPn+SKT30CI8Kb3vYObv/hjXzzi//Gzdf+gLe+870848LntZX/hu99l6//xxXTitWo+bpOjY+zfWu7SYb3/Pavsn7TZn7ld98xp/afdq2Q/+NZfm015L7xDq1qhbHEsiI3FaCwaukAz3vqZm6661Fu/OnDXHT2CQz0lZv5BwJDJfHfjSNaf78HI/ArYs1LTpVEvRMqdzjz76GHBUKPWO2hhx6ekMg1S71NIIc6h2uSpzqNQP1ZxVz4j8db9ReS05lLWgtJsB6O9BYSaspYNezbC/U6LB+ByHiCNQWv+VXyY1WXOaTSAFKFOIVykIWFkKbZQDrXXM3tqeZt7qCpuplzA0F2XAfKIJEhXL+WgVLAxPd/hBsvTDgXJQxiujt+stZyx1138UfvfS/veNvbWLt0KcYYBsvlBRn7axhy3913d7mSdzib/SUgZVCHxnsgqPq5izrPlKPeoVW8C9wU8eSDpFNbqUW3EPWtJepbSxANY8R48wJiUBsjYRVjSpiggpiA3oxmYaAqJIkljgLKkScLRTWzhVeccbZmmEEQkCQJ1lpMAFFQApPTsAo4kjj13ucxoJZAlJrAWN9y/uuBPaxbtoynHLeUCzas4uHte7m3nuCMw2BQPKHayloLpRBQrzWpEhCjDJb72De+h5q1OAzWWhJrM8JTCMOISlTyGprWceqSpbz5mWfylVtu566a5VEzwH4ZxCGUaGBokObduvlfWzSmeM1TITO5o4q1lnrdUSpFxLH6/n6ALtptZ7xkGqzlchnnLEmSZBrAkmmQFe2p+hdbrrDqMmLcE5hK7rxKAaueVLXOegake4loaoJJkbTtRuLOhEL5coa+KztxBNGNCOnUWMuvzUSwAKERLj93M++96rZDKs7l524mNG0dbE75f/XfPwcUtFW7yWf4q/f9r7kVJpP/hdf9CitWr+aqL1zR9foFL/g5XvnmtzaDb77uGj71F/+7ee6c432/+2vcdduPOeHU0/m/H3wPTzvvQi592Svoq/az9aEtiDGsXb+eD/7t/+Oh++5lyfIVjKw7xpu5MIb7776D7371S1z9ra+xb/duTjrtyfz++z7Mug0bedlr38S3v3wlf/+RD/L+3/91jj/5VF76ml/m/Oe/iDAMSdOY+tT073fc8DZx0yTper3RKNjMPUD7N+MUw+dx/xar/MpKQH9omLSuLf6ehmNTh/WfajXi2U/dyEPb9rF2uMJkovlbnsGcVD3C5e8m71SpW6VhO5I4nPn30MMhokes9tBDD08I5FqnzrnmX4tEfeJ8WQ+GdOzq6HgRNtnh1FKda/yFbJfFSLBqUAIMznrHVLoLhodh5UrYMwpJ6glVzefiNiNRLYynUDIgKTlXQ9M3RU6aQpu5ADKTAmjhekbYkgBl2PWYsGrdCIMXnsXENbdg908ckbY4GIgJvRboDJicmuLfv/Ql7rrvPk495RTOOuUU3vqGNxC4Q/dcq+Uy//M//9PtSotUTSf9eVABU/aGdHMNVnVoOoaYMtrY5QliCZBwENfYh6Z10qlt1OUWJBxAcEhpCQR9aLwXMRGmspqouprq0PGE5WF65Or8oE1txxzeSZOIIY5TwrBCgKCSk6uF7e75DFK8TbuoXPLfQaCRpL4b5OYAhMxBfWb0lABLjImqjKUBlUC48e4HOXV5yPGDERdsXseOnzxCYsqkEuAk8FssjXfepOJtoHqeLkAQRAVxAcY5xFk2rVnHUBhRco4I7x2vSAmrWgQoBZ6of9JQyDHPPosbdtb462u2sFMNrhRSLllMySJYVBQRV6iXXxhQAVVDrn0pTc9PSpKklMtlrHM0UsdsM+/OebzBp1UqlUjShDRNve1kMU1tYGMCnMupjJxc9WSmUZdp1ubkqr8nDohtSpwmSBji1Hax39uN/CyWcL6mOrLytZGrM6mHHQHMlHWx2lqI13lzsvPzNq3k5U89jn+75eCc1rz8qcdxXq6tOs/8L3/7u7j87e+avfwZnnPpZaxdv6FrGa779jd48P572uRH1q5rO+/E4NAwx2309iT/8eN/3iRgj9u0GQS+f9VX+OlPfsSv/t4f8fOv+WW++aV/5x8++iFuuvb73RPMsGzFSj77rWu58jOfbpoW2HzK6bzurb/DxZf9YstuuMDFl72MM595Pl/850/zjS/+G3/+7j/kC5/5NP/3iv/kvIsu5byLLp3Wflsf2sJbfuEFXPCCF/Gm333H9ALM8/4fav9ZjPL1RkLYqHt7TAX5PXE6o/z61UtpWKU/EsYSZSDMdOqPcv0dSi1VbzP2SObfQw8LgB6x2kMPPfxMI9dEsanFuTQzkr6ImKojhMNBOh6pZjzSWqOH0lYi0x2VFa4eZJqLrMvmJKiF2gQkNRheDquWwdgETFq8J+0g24KceqfzkzUYCj25Cl6DNSooaGFpOakKC/kkeNMASouHSIEyuARqNTChUBoZYeA5ZzJ5za2ke0YXWaNlkAhTXjFrlFq9zo0338yPfvITHj33XH7l9a+nugBZj4+P8983d9vqqnhNVAExoKl3YuUSz5Ib6+NICG4KSgFIFU3HAYcEfd4eZTqBBGXU1lHUO75KM9fNLvEdIh4n2X87mk4yOPIMxJQWoGaPH+T2KKcTpHOHZlqoktnFlcwhEghxI6VUDgkwqNimLVf/KGQzSwVBsDZ/8BxiMnusgJLZ0QQwPl3FkWaeqIwNSZ1l39QUE1PjjFSHOGvVcu5eMsYPxy37nZAGIQQhGgjqUlRSv6IigtdmDQicQKK4WoKxCZdc8kyGXI3QtRxpZa1VOPaOpBAo2wZLtcIx5QH6p0qErkStAfVI0GpAUA2RCNQlWHw/NlmdPFcoNG0LZ+YV8vECeM/jlXKEtV6zt7UA25qdK55zDIKAIAwIggBwxGlCalPECLkb7fweOKfe4Zu0VpPy+qoEGVWOJ6PxRUvV0UgTJAz8ArHM9DXJ+wRt9crLndt+n90uartGrTS1ZjNzApK9J/JUj9RrthtZwiznbax8u/xbzvUE43zJ1Zc/9bim7KHkP5v8Mcdt5Pkv+UVe8urXs2HzSe0y2fHylSu5547b/XPbIb/mmPWcf/GlVHNHhQLPfdHPc9LpZzTln/7s55ImCac/9Wkcs2ETKFx46YvZu3sXl73q9QBc8pJf4rznvYBtjz7Mnh07GB/bj3Wpd1JZWOhbuXo1KLzoZa9k3+6dPOfSyzj+5FNbBeqo//KVq3jz297Jq371N7jqC1ew5rjj2rUkO9pvYHiYy175Ok59ytkLdv9/FuRT69i5b4Lte8Z5ZPd+0krVr3AX5CcTx46GZaQcdM2/Yb1maNXIdA3sI1x/RamnULMdEY50+/fQwyFA6nHa61JPMBRtSDrnPOlkLUuHB2eV2zV2JEr3xMXKmZWYANg3Ou4H74H3ALzQjgM2XTqL7aXHIfL+ncQJ1qYHFvgZxRHzK7HAX5L5lHumuDOXaebCzp5v58WZ05lbe8zv5iwGnjAZPpbamrPQIGwpWhnPv/QPe+3VNIWxujcVoAJqvAKkS6CvCqsHfMttn4DBCgyW8E0R0BoAZyYDcHiSNdNOJdN2zZtuqgG798L6jaAWKEG6c5Sxb92AHZ1YHI1WhFoaO75F/eHPeALzANhw7LFc853vcEz10KhVB1zxjW/w2re8Zbbe375CIYam7dVwAMF4jijoA9dASsu9TVYM0r8B"
[DEBUG] 2019-07-12 19:39:03,231 method:org.apache.http.impl.conn.Wire.wire(Wire.java:86)
http-outgoing-2 << "N/kgprwCre+A0jKv2YoDW0PCAQj6QRNAqAyfxNCxl2KChaCMDz8euOritvNT/nqM1lZrV9B4LEBcc/O1ZnFbtk5bxGiRqGvtLXeZXDFBbf1Jy2GWwyIiqPXbcfv7SoQRGPHOrMDgmlqHFNJvnZvM/qc2t+y3yFVP8ClpaDFpRDkVlrgJTqtO8KZzT2ZTfxnrytwz7vjsTXfz4FSdfVGFCSljTYiIA0lAUlQNqmWMLaMNJZ2Mod5gpU7ye5eczIWrKiwxSWYjtRO+7lYgDiB0KVNukGseq/NX33mUR3UpU0ZQEiSMMVFKEHklrqiiULI4YjBJRhLmL5K8TbN6a26TBEQCwtAQBIF3yueya5K1noAJPNlpNfUmDHLndBn5Kerz0ey+Kdn6RdZHAIzLni086eu1VP2xwzHVqNNQ2+xHisvIKFfoIy3Vrda40DXz0EzOkZOjhf5Eq99pmxO6vG+7FrEsTLNXO/b0X+lyvxYOd4/NoLE/k1ZaNwKlC659YBd/d/19bTZXu2HtcJXLz93crqm6APn35Hvy85VPUstt92/n4V37caoFAtHg1h9D88WTha/rC3nmihm+s+KHWcMlaZc7wvVPnDKZZks3RyH/k4aeOI43e5gZjZr30/DjH/943rJPecpTgJ7Gag899PAzCFUlTRJv22yxEStHCIeDUJ1Pmrl3+Py4M51uYQtdpnaHUDP1g9kynmlpe6ZRWyutmbVMtcvx3Cq/GDRXnSmhxrRI0MJO1okpqFsY7oeVwzAWwFQKifU7yjWCRkLTnpe6LoOQEtCgRaB6Hq49r3yOLdCIoVIGjWlqtYarhhm88CzGvn0Dbqq+uDQSxGCqa5Eg1/icHfvHxrjlhz/kmGc/+5Bufl2ET3/mM3NrCgk8AaqO/EYIgtopzwi5BImWelI1qCBBH27yQW93tfYwBAOQjKKu4clUAbUBNHYj4QBBeTmV4RMxM9ia7WF+EPFb2lVajqwqJiAM8zdLtjqhQrvdzRYRB9kiSK4jKv66J/IytfJUMFboC1LKjb08+fSNLOsfJrKOim1w2pKQX3v2CXzv3of4wYM72WEGmNQ+rEaolBAixEbEDcNUTdAkRF0EVGkEZa79yVae8cITsS7NHG9RKF+BBFaoqKGhEVOlMrfu2MsoghpHSUtYKrhE0TQhbaQkpkEcpfQvqSBBiEQJGIuVhNYsnOZHyy9cB970gHh7r2maApoRrK3CKUqcjTNEFAn8oreItLR+mxx2xsaK0txer6Z5T3xw5nwsW9hQlCSxpFaxGRHqSdGWE6oiX65tZH0emG/FnqM5Ec1JlsK9b754j+LLtFitmQiVPKxbvC7H5x2/kmdsWMF1W3Zx7QO7uWPbfvZMNgBY3l/mtDVLOG/jCp61aSVhIAuef0++Jz8f+TR1XH3rFkYn622vLh/PYSYmcAODbTKPTSXUbIVq2L3/9oWSDS6PfP1Vlalu2/6PdPv30MMCoUes9tBDDz9TcM4RN+KeluoRTqdN0U3aZQ9EpHbGnwt/VCRuDxBzWvnmSmROj9c5aps9re5EaDF+t1HgAUp0lMlVzQkaf+L/LLjI/yYp7NkF48OwYhAGDewdg9hfxqWwewJW9vt6RLnSWP43lf3mDqo67ataPIGaPd5pAyoRLeWzzP5qtGQF/c98EpPX3YqrNxbRIFoIyiOY8gh2DsTq5OQkn/jUp7jkwgsp2W5afAeGA75//fVcd9NNByhaSItQFW+/QRWM396PiPdMps47rjJlRB2ajIJzfuu/qULOgksI0SDYKcTFmMoqguoI/avOozx8EsjjXUskn51Jx3m3eD6OqLaHyUxys8z8pPPUE3CCEASGJI4JAyUwAZo5aBJxaPbc+v/tKxTTNWMpXAdBKEkILiGwk2weGeSM9SP0YwgVAnUE8TjHlwKGzziO1WtW8Lkb78NplboGpAR+C3FNsHUDaQhEOIQwFCaTlNu27ubWXZZnLo/oE0Wanuzbq2xcitYb2MoQWybgv+/bybj0keK7qxIiGnl5m+JMGUgY3zNFUBZK1RLlCmgIzuTkamZ3Fc8nCi77aOQkpydLU2dR2p1aGQQx/h5Y6+W8jWnxpgBmvpNZcxc1Z1u3QIzgnKWROb9SNIvizUiI5nfG0+FtlLnm6ZmmlmurvK08dFr/62ztGQs9hzgLjPxR60agzPT4dJI1XeRDI1xw/CouOH7VdPkjkH9Pvic/V/lb7t3K6ES9LQzAiHDcqiUcv34l1+5pUHPalFeEBycanDJcmZZuJBAZOSr1t6pMJEqq8NBEwl1jDQYjw5pqyOpqSF9gDmv+XeV66OEQ0SNWe5gzwsA7IOlh4REGB47Tw4HhnKNRr7fZf3qiYSFI1YVycDXT9U5StFN2LiRrkYyd25Z/acrNlubccYDIOj3vmdPoHOUtEDN+GCCB+hm8xf/mM/p80JqClqBRh2016K/C0DCEBianYCz15GtqvQMdY2g5qirybEo795M7tIppmQcQqDdgcLhwnSytEConrAeBiWt+gjbiRTOIlmgJwdCp2KktePsFMyNJU35yxx088sgjbFq7dt49Q4E9tRof/tjHqDcaB4icL0blWmoA4sNN6Fnx3FZq5n1Mk8xGkAhqLSIBEvShmkIyhrGTBH3HUhrcSHn4dKKB4zBBZeFWf44a8klfa2t2C77tVFofdmmSmq14LSWd1oyvaWswI7xExDsqIiPTCu2mACJ4k3TilYlxiBHiOMUYoVSKMFgMjuku7FuEsMMVHo+c1NSCiBICRlKGjfCs4zdybGgYtJMECAQhooaSU5ZpnacvH+SWJSvZtdVhrTBlFdcI/JZ3ApQAJ2CwRE7RJGWPDvBP1z3MyPPXc+xAHyap05dt+RcUl3pTB6kqSZCyXUt89Ud7eXiinzjo92YWxJtGQBSTedATLUEcYiREkzqNqTqmP8AMOUxZsdKAwOFUUAJMtvU9EOdfKdIinlUEzTRJEX9fjZrmLTSSq/JnPcORORBrta50/LZ6T0aSZrZfrXPU45hUFIfXVDUmQHCIU4wIRqTZp6yIL686jHP+G5QVLRX/kjXNfpsVWMk0aw1OXNZemRatFpxX5X0zJ5vlKE0GOj+rM53rDHF68j35x6n81l2jPLJztC3+soEqG9csY92KYcLIP9tPXy5cvavm3wqZ/H3jCScMlQmLIwiBStB+fqTqHztlIlXGEsfNu+vsia0fq6WWbTULNBiKhNXViNXlgBXV0A8PD2f799DDAqBHrPYwZ5SjHrF6uND0jN3DQcOTqo0eqTovtI8q5mdftLvMgTQqc0J0rhqns5kTmD3OzMSmnxsWnUxJPl/sQCGgLYlOQrR42D5tlrZyFdMrJtiNYF2kxFNqfYVUPJmZc3C5wynFb+Uvg7MwPgWTKVRKMDwAx/R7QjWxWS2LhGhKq9oObxZAgQpek5UsrAQkXkkyTvwpQZZ/HU++VoFJqGw8DnWWyatvRZPFocUupky05EyS3Vejyf4Dxp8YH+cTH/kI7/vIR+ifZ14NVT7+yU9y7Y03ziF2sf8paEbOiAHb8GH5lkFTRvrWQTqBxvvAxUg0AGEfrrYViYYx5aUs2fwrRIObMjL18a6hOhvmP0ubLjE9RNV6sg31zY/3LJ/TsqqSPUSCyV4bIganKXGcEpgAExWNF09HnmJn6TrtxjpNCUODsY5VSwcoifdibzIzBKj6MiSKhAGBCZkYG6MGpCbCaIXO95piSGxMOayQOuWBnTU++fVbeOVFZ7BhSQmjDaoSI6KkkdAgYEIH2J4O88Vrt/OduyZoRMv8Go+mCBajKU4MTU/22trOLhLibEBtKqVSFd82+bZ9kcJbO//zcs0Vnpzwztpthq9il/PZ+obgis7Msu38cZIQJykYb+/WiBA4CIKIqBKQ2jT7jnnHUmKEKAgxAuIcqg5rU1K1BMZ4e4wHLM1cvztHiZWYjTxRpherM6wn35N/HMrHseWW+x5rXj921RI2r1vO0sHqNPkVlZAnLynz432NZljDwYMTCZuHSs30AzJt1SNc/1qq1FLl/omYn+xrtJYaO+KOJcpYEnOPQCiwrhJy8tIyg4FZ+PbvoYcFQo9Y7WHO6Ct5+3g9"
[DEBUG] 2019-07-12 19:39:03,231 method:org.apache.http.impl.conn.Wire.wire(Wire.java:86)
http-outgoing-2 << "cnVhEQa+bXs4eKgqcaOBc73OOTd0mUYfcHAxfRQyk8xcbKgWCda5oEWeziQghfRmGTFpPtLK4yvd2qOYLmgWRdqTbOZVnIQfqEIdLPA0grU46pth2j6Pdlt4ZG1g8Fvy4yy46Ggqyn5LgAW1UIthahRM4m2iEsGaQWhTfMrTM7QcVTk8URsWjtXHTWOIQggivLJlDPTRImqHAStUN2wk3baP+t0PgV0ECy8iBH3rCYdOJdlzA+2beKfDOceuXbv413/6J177xjcSWXtAp4WqSgz81/e/z9euvHKeC05Z51ILEoLLGj2o+I6ndXB1dCzTVg37/Q0Qg9a3A4o2duFMyP67P87S0/6A0sCmeeT/xMHs9JSC+nvdJFRVybd+51qU3uSnK7wkfcqpVRpxijEhEhS1kHN0s7ean2Uko7Teac3/1hEYRRwY5zCI13cVRVNFI0NDA3buSVAtoRIiGgJhloajacsVSJ0QRWXiVHEacvP+Mo98+T7OP2UlZx03xJrBAUoRJMawuwZ3bmvwrdu3c9+elFp5hLozCIlXYlctbH1XoGXD1Len8bZ91RDXa1TKISYMyd2MafHbUXD4JWpQyTR4JTO8oExXAu6K/IVZ/C659vSNaZK1ipLYlDhNm/0jMiGBMQSB4NRRm6phQq85m+saa+pwSYoBAgNhEBBGoa9r0kBRTHNxo/O7k9tTnSvyb94RRrG9u31yZyNQevI9+aMoH4p/LgMRjEDOaRppieTRlexTq2AVbtmyjTjxA5s1y4c4+6RjEMOM+W8eKrG7YXl0Km2G3TUWs74/8mQqUA6lTeZw1x9gMnFMpsrNexo8Ukumf5I65CsG1g+UWFsNWVYO2t84h+P+9dDDIaJHrPYwLwxVYazWI1cXCmHg27SHQ0Oaem+8T2TMx95oh+Q8SNXW8YGInbYcukTNww5MErZfnDlbbV7vake1QKi2pSkgnXHb0iyO1LJ0mpl0I1QP1C4zpFcsUNuIcHGRqyqBd22eK3/24cnOYlNYvNOpEt5nTkpzu78zMKUgMewLYGSgkHjmTBubpeM6/gKaZC14srY6AFrUeq3htVWT7C8E+oT+859Eum+UdPu+o9NwHZCwn9LKi0hHb0fTsVnjhmHIkqVL+cbXv05UKvHSV76SPtVsy3J3TAJfuvJKdu7cyUc/8Qle8vKXMzp+YJuu7chugkT+12Z2GKJhbxIg956eTgCCpuNIUPH2WNVCvBcnIZOPfp1w8xsx0eA88//ZR7uTpsKrQP071gQhQSAEQYAxGfWmDuusd6rkFFQo6pwqIBKiqiTWEaSOwATeoRIgzfdV0dZGW6m6nDswgrMOq0q9DkRZzKa2peKcw2qFPVOOLVvHSGUZSECgBqdBVs7274mJStTShFJQIXHKmC5l1Doeu2Uv3/nJDoajlFIpYsoaxtOIsTRgTErYcJjYCogj0JxsNtjMs540XyItQ87qjF8sAGy9gfYZgtCBOpy0a7QrQsvxk7b5nMpbaH7UYv6SLDiF0ux+BZ6cdgrWWRpJjFOvhRoYoRRGqHOkcTbWEcGmDjVZmQS/YJNpGafOktqUUikkKpdxLh8j5dpeSlOjd9a+MEM9VOdb+UNH5yqEdgnrjDfTcU++J38Y5UW9/fgoEE+oihw4rzxICo+mgb37p9iyfT8IPGXDKp66aYRUIXV+8XTacCZL86xlFcbTKUZj/1zXnXLzvjpPX15FgFIX084LVf9uMpPWMZbAdTtr7I3tjPVHYGUp4MShEiO5CYAFyH/O8j30cAjoEas9zAuBgaX9MBX3tFcPBWHgt//3NFUPHc45kjg+cMQnPLqNPuZKyBZm+02Z2UcjkjnwaE9/ZmK3O9c1Ux7dCt2Km+fdutRtBFWsf/dyTS9Clo7LAjvVlWZIq43s1fa29GHZeWsv6AxlWgwotIsFJrLgfF6e4DVPDS2NU/CEaDZRyMmEqSlIq97+apNvqOA1TxtZOpKlE9IiXPt93Kl90FdwZIUC+a7nPM2MaDXVEgPnP5XRL1+D1hfD+0IIBjYTLT+PeMdVzHa/K/39/Oo738kt11zDVV/6Ej/84Q951S//Mqefdhp91SqiihTegQqM79nDsy+4gLVr1jAZxxx3zDHcdued8y+m2qw7Ou+4SgJo2lU1/k+d/00nUM0c+0SDnoRXSzx6Jy6Z6BGrHciJuiLUOUQMURQShAFOU5w60kaKcymqzvsQCwxBYIiigEDx28IBzTQr/etGPLmaOIJAiMII/57JSbX8vUjHe6lgJkU9cenZAoMDUjFM1GPSwRJOvL5q7qPemZApjbj1oX2MJiVsVEZxGJetj0jLu3zLxIFiAoNVvA3TAGoKaTTApKsQJA5JBEeIldDbOJUU1YQAwahmTsECnIRZHkow7d0NTaOjEiC2jIstYTnMtIKlFVPF22wtikvrlS+FthPj21lV2xcclYxIzgnVvN0N0kZqeh1ezUwSNJKExHm7uihUS2VSa0lim5ks8PWT5vcny5s8v6wcEpBYi63XiaKQUAxx2q7ZrPm9lvyleQBk7+6mSZAjiW6f8W6kSbfrPfme/BGQDwT6QvFOOTvHqQeR/+7RGv9912MAnH7sCs4+YbXPBygHQj9K4qDhlJyrzOUjIzxrRZXv75xiKvUP7qOB0XhMAAAgAElEQVRTKc7VOHdVFYMcsfabSh37YuWaXVOMx25G+WUlw+lLKqyqdHE8cjjvXw89LBB6xGoPB4W+Uo8U7OHow08ak1m2hz8xMD+N01bkuSudHkz76ozpz0y2dpKOneHtsu23vX3EJJJNGLXzmhR+WpPjGSHZv+agraBtlEcQKHrYnj29gpzmZcjPtQu5OocyHkGIZuxm8UaU8ORmTmomeIIU2gnR4sA/9Nqru6dg9UAWFuBJVcnkUjy5mjvJIjsfA/ogiaGyjBYBK1nelpbN13J2nEK0fCmDF5/F+DduRJOjvyooQZXy6hdgJ+7ETm6ZMZ5NU0ppymte/WouuuQSbv6f/+GqK6/kS5/7HCNr13LOOedwzjnnEGb3RIA1K1d64TSlr1Ti3HPOOThiFWg62HKZ8ytT8n+aeodWCE1bEJoZv9VJT8KqxQw9GSflg8v7ZxzS8VoCoVIuY4xQb9RJ1DafNZEAJPBEq/UOikwAgTFUymXiJPFaiQW2VkVIrSVuWAITEoTGk7dtmVMgBIvvHfyvmuwtZHBqSTFseWw7Zy4/lqHAYCygfnt/bEJiE3DT3duom0GsVHDUCXKbsH6jOoLN/rKHO3McJUBJJwGHE0MjMAhhVifJHnOLqCdzvQ6s4F1rBaAGadZhlgU4NeBCXAI4iwlMVutc01Wa7VfgL1vaqtKM4c1sGIMRaZrcEMl3ggiFVqa1/b/9e+UXJLxd1SRNUSOoCpVSCZtakiTBSl43vFkCjG8HzQuT0aqF9TtVBedIG5ZyVMIIWJe9vyW7LpnQvD4zR+mb1EmkdHbX4rVu5z35nvxhlLeaH8pByXfGd6pMxgkbR5bwjJPWdpH3JG5kBBcoDes1U/OxcV9ouHCkjxt21dgbO1B4rJby7W2TvGBtP8Mlc9jbr+6UfQ3HD3ZOMZlqV/lI4MlLK2wciI7O/euhhwVCj1jtoYceHrdQVWy6OBzSLF50jjCyo+K8aFZvUx2nc2JjtZnH9KRlWrxW3G7lkI64M+Xfed17S9bCyGnpUJl3v/V0Jmspf/35e9i+uwYogRF+57Un8443n8p3/ns7l//Jjbzw2Wv5+LvO5rZ79vOKt1/Hnv31LJkCqaqAUTYdM8B/f+4S9o7GvPg3vk+tbvm7P3k6InDfw+P82d/fwQvOW8uHfv8pjE+mnPOKb7BntJFVuoNA7erVayaS4MhDNPZlzHeVGrx2KYXz3B5qVAgXWjZYwStdCdRSaFgo546vyH6TgkzuPj0nafvBToG1ULGgxe3/4LVUB7K4Dk+uZluXSxvXUDl5I/WfPoAuAnurpjxC5bjXM3XvR9G0+1b9NE3Zu2cPwfr1rBke5kXPfz7Pf/7zm+++KAwJO5+dwrlJU85/1rP41D//M9ZayqUSS4aGGBgY4Phly9k0MEgURRhVVAxJEtNIU+rOMjY+wWhi2T81zr5a"
[DEBUG] 2019-07-12 19:39:03,231 method:org.apache.http.impl.conn.Wire.wire(Wire.java:86)
http-outgoing-2 << "zO7x/dTjJCNUi+2n3tZqMu7DJQRTJlzyVMrrXkbqSoTOe3XvoYXiUy0CpVIZZy2Neuy5LhOg2YvUqWbEn0HEU4pp6rDE/r5WK8RxTGozElMya6zqSFNLnKSUTdRahCgUQKBA0En2Ls5XNHxfck4ITEhDhW37Rpmyx2DDAOcgUK/InwYhO0ZjHtw9TizLs235eK3S3DYpBjJy1DRXW0xWVsFogOYviDyc1tZ+RdCs/t6eaoBohKjB4DCk/hoBRRux02bgznhiNRUkMohKVsY8ek6C+jYxqhgTYAwYEYzxJhjSrA4qEAQBzjn/p+r7uxZzVbqTq0KSpjSSGKsORYmiEERIkgQjhiRzyCWqTYLV5N8PzR1wFWqb31sR1DqctZSjMrU4zpxlSdM8RPs3Zi5Mw1H8HnUjSorhs5EsPfme/GGWn0iUgQhKRcdQB5n/qiV9/NK5J2UmPmaXN0aoil/TrqdQs/590BcYnrO6n4cmYu4ZjxlLldHY8cWHJzh7eYVTl5QwxXQXsP1iVUYbjmt31aaTqpn86krAGcMltu7cy517YGTZAMsG+xYk/3nJ99DDAqBHrPbQQw+PW9g0fcJrq86O7qRq69JsZKW2/SDdbLF2S1/z6LOkXbzWSa52T68tz+bWfmbhHJV2zVLYPxHzhW89zN+99xye/uQV/NYHbuLuLZ7MMgai0DsHEWmdh6G0b9sUbW829QPaKDSsXFbm6n+6GAVKkSFJHfdsGWN0IuGE9YNEoSG1jsl6YTGguR84HxG2US1d6l+42pW4PszIPSoEtHaOFndtOdo1VIPCde+8vKlBaqrgLOyvw+pBWhrGhlb6Fq8Rq7S2/Je8OZowBI2yuEWN2dzGq8XPMhI8uZqARIa+Z5xC/OhO7P7xo9CAHRBDMHAilWNfTf3hz6J2aloU6xzbd+8GY5BM27AMvgGa6cz8nBngpRdfzNk33cRApUI1iigFASYMkb37ketvBCOexKvXkYF+NE4yLToDaYqK4OIGjdQyCYyijI6PsW//fh7es5uH9+7lgV27eWDndrZNCo2+00n7T4eBU7zdVYUkSSiVSvOyz7xYIU3nc5A7lZr2HtLW8ytSVJFpRsj+HKJKGIQEIsRZe/srBm/n05tY8NvuQXGZ8xODGONN4jRiSlGEs3VPnJH5rRevGxrHKSYIKJdDVL3RYym8I4v/EVd4IAHxOQcGEg0Yd458R6ffFW5wRpi0cMuWXYwlERIKhiTbwi8EmmLFb3UqaUxAzTuNkgCjgtEU0SAzLOBrqZl3u5Zd2Fwr0+RHoOpJWvWLaaJ5+5nCd06hw3SLpU6Y1iknDoksceg8JRsYUiME1tuzJWslExjCMETV4ZwlTby9WRVvC1WMYIwhiiKcs2iaNO9BmxZt9g1RWrs6rEA9ibHWecJThYAAa51/9kRQASMG1ZQAIXBexzcKvR1C61JSl5KguMiQZs+vUwjEYBMlKhlCE5DYbOWqg69p9YBif21vt5yrbvbmI/A4Cx2fyWkXO8LnGtaT78kfBvmJVBkKIcw9Ux1C/lFg5iUvCNUIygFMpUqcfZo2DJbYMFBid93yyFTMlknL9btq/HQs5owlZU4aimZM82DK75wyESs37K4xmrgu5VROHSoj46N874e7swVBuPOhnQwNlDlh3UqOWzXcGi8cpvv3MzAc6WERoUes9tBDD49LqCppT1t1njZSi2if5C8ZinjBeWvZeMwAW3dM8Y1rHmPn3norTj5BndXR0kx5zjQSmkt5s7gKIsoxI/285uc2MDaR8tkvP8D4pKVFjhUmil2yVFXufWicR7ZPcfZpy/iFi47lmpt3ctZpy3nGGSsA2LhugLf80mZO2TQMwMiyKr/y0s3ccf9+vvr9rVlaHeXPDienUj71hftxqvzWa06iETs++YX7MAInbxpq8hRveunxfOLz97Qm+m3kKixmkwDitGVeLy9WToTmGqOZKUeEFilKdp74cw3AJmBCqCVQTzKt1RyukFZSSE9A697Gd/8wfhQT0zIZkO0IbhKzmQw1PBvpwPSXGXzemYx+5Tq0kXC0IaZEtPxcXDpG/Nh/orbWdt05x47duw8pj74g4MQVvo+31jwEdRZNUyhFaKOBhAHU62gjbq0lRCFYiyJUg4BhVdZGIZgl6LLluBNOwpVLuOT/Z++84+046rP/ndndc84tule9WpbkjnGvOBgDBoLppoQ3lFBfIATwCyGQ0AImFBN4aSEQDAFCKC8klGB6rzYY24CNjS3Zsmyrd91yztndmfm9f8xsOfdeWTKWZCs5z0dX55zdnbKzs+2ZZ55fjgG2p7BxN+zKG6zeBTftNqwei9jSzukQI8zgn3aYIRJwxSBLOI97AzMplKsi0qsZzl9PKgrgfICiRJOaFIdDVIQtO6/PAQmkqliiCKzJSJIGVjQoyHNLohWJ9uQsSnsVMgpRitwJOjNEcUSka3kHcrC3euFtPOyPKEFE45RB6ZiO+GmvWnKUCKIaGB0zYeC6dWNkjKCwxGLIpEWmNE3XRecTDCU58+NdzBmwWCVY5RXXiQUtEUZPMQuEaV609WoWULX7ijCtuf02te3zKCPSOcNJhDQU41qxJzNMAJONBG1AnKC0ECcJgpAbr/aUovmUgmBIIE48oSqC1opmkni1aam6raosAoInPgWhk+dk1qFR/hoLRGgya4L3bNgvkUCqOgbjhHkjo8wZHsaZHK0Vm7dvYSzr0rEOowSnlFe4ikKjMJkhViqI+aVsJ1W//wCyV2uA6h5V9cyDf1+KNeR1gfxMjx5Tl019zJiJZOmn76c/SOnHjTCaUAWZPMTla60YThSZEybzyh5g4UDEcbOHGM+Fa3d0WTOWc93OLsePJgewfGHcCNfvTtnStdPSJxpObMLa1XcwWXje19KPTaRcu3o9q+/axqnHLGHh7OGD1n7xff9Y3cd/I/SJ1T766OOwhHOur1a9W+y9beov+UmsOO/U+bz3785k0bwWcaSx1vGa5z+ASz/ye770nTvxyprqJbye08wFqJ6vUhq+uWmcpM+iWtirwpTatv5NdmSowQuefAzbdnb5wrfWUckYiyRCRUzKlKmO0Okatu9OiSLNQDPi/DMXcsmzjycOqoCjlg/zN89/QIjADQvmNnnlc0/gB1dtrojV+g7UuJQsd3zuG7ezfMkQ/+cvTmDNHePceuc4A62Yo44YJs0s7/7ETbz+xSdx+/pJvvWzjZRTQhVU5Kqil1y9H0GCkq2YJVwPJl1YABTq0Rg/Bb8gXqPa97Ta3hnY2YYls+h9GLa1vIv01nNVaQ7zCm/XnCpYVkF4FB6rhWq2GfIN4o942VxaJ66ge/39wxJARQM0Fz4ahSLd+GXEdst11jk2bN5878uYtkDB+IQ/ptZ6ZWpmQztpyHKIIsTk+CBVPkgOIujYR53XSqOthclJVJyAOIa0cOQcEGV55EKFjRLGjWZzR3P7ni5/mGjxux0xa8ZjdmRxGQvu8EJ9BKfeafc1aNSbh1e7KqI4RgRMbsI0d5+VFocqvDCU+GOlHI0oRsUNOmkKukVxIcrznIHBFrkLwaymDNAYY+h2hcFW0/uKOuuv7eUtYWrdi4Etr8j02ykfFMn1njcWzR5j2birjYkXegdVBVZpRGKs0sxOdnLC/JTHnnEEx85voZSDKCIGb2chVKTlQYQAWSgk1tDRim3GcsvWXfxo9VocDbJAoCZxglaaNEsre4VaPmWlQ/tZa3FO+YBRcUxeGS9W6Yr7XvDATbOsep4R0LFGQeXZCiAWJRArRSuKWLlkCbbdIR8bp6E1nbTLojnzGMi73Ll9C1FM2Y8KRxUnjkjH4UY7lUyn1g9CJVV9QVGT2k3vEGEgVuTZlPvuvqpUPyWnpumn76c/yOlFYDwXRhpU19j7oP6NSBFrmMgEIz7AFgKzYsXDFg1wytwmN+3KDmj5HSNsbBtWj2XT0g9GioXtMW5Yu3Of9R9vp/z8hnUcMX+UU49eSrMR3eP931f9W9H98Dm7j8MWfWK1jz76OCzhrO0Tq/uFKQ8NNcJOKeGo5bP4yJvPoZFoPv2127n6+u087OxFPO3RR/K2S05h7V3jXHfTTnoIVTVDvrWV"
[DEBUG] 2019-07-12 19:39:03,232 method:org.apache.http.impl.conn.Wire.wire(Wire.java:86)
http-outgoing-2 << "ako5PYrSqagrZabmK8V/1TZaQxz7iNhFgBAp3h7rb4XFV1UrX6DTtfzHd+5gfDLni9+5k7s2T/LZK27nRU87hpc/63iu/M02Xv2P1/GIBy3mna86jTV3jPPCN17Fxm3d3jzL+lVfREBHiic/cjnd1PJ/P3kT1gpHHTHEkgUD3HL7GF/70Qb+4olH8U9vOIu3/csNfObr68opUDM/AfY01sxteAhRBq8SKqJUqPjtglAN0/09O4AnNg0V+doInGwQ7XUzr0hKCrsAVcu78FgNwgYXeWI1KQJTFRYASci/DQyG8gq7gqJ7BNsApTWDZ55AumYDMtGrEL1voFDxII1FF6GSUdL1X8RlO4iiiOVLlnDUkUf2noMHAlojGzcjxk8Lx1qIIhBB0hQiDWmGEKKuF/6oAm5iApLEK1mzzK8z1lsKuLB9FBEnMWjDYAILIuGBozEXScZErtjeVdy0O+HKbS1+vaPBne0Ee1hd0u/uXNz3eeoHqzRKQ6RjjMlRyqtPnRNUpNEY/CT8ELBJw8BAizlz57Bt+w4iravxBKWwhWJSaVzPIJOf9u+cI88MmdY0W4VCSdUvsbWq1683Cl2cy0phrMNIEYwqeIwiTHRyMpfhEjDOgbKgMhQ5sWozO5nkEacdyYNXjrIgciRaI0qhxaKVC36yGiV1L17xY00ztXB57ecebS+A0wLOoUXIlGaPanBkq8lkp8M379qAigbQUYzWEWmW4dWlVctMQ639RIQs89YXWnnLgGmba4Vxlm6W4qRGUiuFCmWJgNIKJ0KcaFyWoYlYsmAhpt2mvWM3xyxfjstzGkqzcet25i9fys72JLu6E2itcOFy7ZTCOSFOVM/hnl6xiiRGKtX1vu9PBw+zYhjL9lKNmUiWOmbsCP30/fQHP70VmMyF4UT1bnOI669RjDRg0giZg1yEJDyfz000D17YOmDlWyfsyYRfb+9MWz+sHMmW7dw5WXvmupv6txoxw60mIsIf7tjC8UcuYKCV3OP9v7v6D/WZsD4OIPrdqY8++jjsICLY+4HK7L7GPRY0Sk15ijDQinn2E1Yxayjh019byzs/diNZ7vjJNVsxTnjuk47i0pedwpMv+Ulo78B4iTDVry7UqPe7q6Up6zv1KahePzVt0T0mEqUWQl6o6hk+rHN89xeb+MEvN5Plvh9NtA1jk35KeCe1bNneYc+Ef4tLM8vWnSm7x2rTler17QlZD60k4tyT57NpW4crf7udRkPzV884jix3vO79v2XXWMZnvn477/rr03nrK07hoWcv4iWX/oosDwzjjKrVvb8GH2qfVWW7XmKaNCovVY0nTguFaaEgLXgZjSdFC64kKFpd2EZiH/hmxwQsGgm7XEisil2vKWTbXc/pRQ0qYrVopgz/ZJPjbQhMWFaJ+vx2FvRAk9aJR9O57g+BXLyvoVBRi8a88xkaXcHRzZ/wnKc/iic+9rHMazY98Xkg0enA9p1gDCiFpF2IE3/eioNOBjoK7De4bopqNvwpFUde4WoMJQMkYWqxc6g4hjj27ar8FPYoidF5ShJpWrFi3oDlmMGIRy/pMJHBtbtb/NeGYa7dkbC9q4Ob6P0Uzkdx9+ds6FhlyPjw2zcGACIuqJak6tMaf00OIwzG5KF/Ks9laQFnGB5uIhby3DA0MMDcuSNs3bmdbqeDt1XwJ4vSghbBBm9P5wrpeChPeS9XcY6smxJH/oUbLdMHoZTU9s1n4M9LhwDWQW4sxmmsE0RylIDOMxIRXO6QKAGnUMoSW0NL2gwrw6LRAQY0NEWhcwHtVaBKRxgR/2IS2kvCPcuTxb2/q09mXH532yNCjEWsQVtoopiXJAiwcrhJ03bJdUQUDZJnOdZYdBwGHaZcc1XPG74g+JkZSimcMUQq8hYBJeEruBCgKssysizzx0Cr6hx3yl8gnQviUgtKo52gcHQmJpgzdx7prj1025O0kgaTExMMDAxiMkPa7pTHvOhwrvjfWX8cJcz6qd2X/ZY67EPtIl7mUxjrVvnKIThPh2NFEgl5cc+po06UFNf3+md9O6Gfvp/+kKbPnA8kNRCr+7j+iqFYEVthPBOakTAY+wB2ar/S71/5k0b4/Z6U7pTthlyG3bSNdm72mr4RRxyxcDYLRgdZOGeYJIp6tzvA7ZdoGK2T3n30cS/RJ1b76KOPww4i3susj72heHKY+sDQO1Q72Iq58JzFGOv40nfvZLLjH3jGJnL++fO38IzHruC4lbOYP7vFlh1+hHlwIOKCsxayayxj/eY2T7xwGcsWDvL7Nbv57pWb2bknrRVRkYKtZsRDzljAmSfNY7AZceNte/jBVZvZOZb1EoMiPPycxSDCmjsmOOfkuaxYNszlX1xDu2un75Py/MaqpcMctXyYTtdww+rdjE3kPaxjsxExOithwZwmf/vCB7Ju4wTf+fkmbrptT0mqztxWU4rseWCTnpVKwfBgzJzRBq+87Bomu4aVS4f4k9MW8P5P38yvb9iBsY4vfOsOLr7wCM45ZT5r10+Q51OfFO+/UDZDWeODRhXv2YVorfie4xWjBalacesV0amBISpyVnnVamagWQSkUlS+rQUJKz7i7XARlKrYTigVrQzhrQYMXsVqw18gVGniVa1NxcBJK0lXr8PumeSQMtQzQGuYM5Rw1rFzeOafnsq5Jz2TObGlEcdVsKQDgaAmdTfc5FWpjcQzZfUBCWN9c2SZJ13Be606wXW76MEBb6EQx4CgbJjWDmEmgYJuNxA4oJoJdLuoZhPX6aIaDXQcoTpdklaLoabj0cvgIYsyNk3A1zcM8v0tg6ydTGib+9+Lj1gTpnPLtM+e62+p9nPV9Sj0VxFP9IkT79cagjGK8n4Zzliv5LSOeXNHsCYnSSK2bNxMOzM4UT4dBsHibAj75DRic1xuUNpReKwKDq+D9N6madvSbDS8EFn37J3/U/V98VUXZxAnZM7QTTPSPEZbgxYf8GmwFRFFTVyOD+yEJ/SU84MnkctpmBRtFFYMViKc9q8iooRchIZS1CfcH4yzMnRxFJrI+kPjMot2jjjP0HkXaCCxxeS5H8zNXXku9N5hpZar/xMENFiriGMFxuLwBYkGJ5Ysy+mmXa9WdcW541DiFcsRgrIWa32gMqxFi2Bszo58F5JmLJ43j4ksYzLLiIYGEGe5c+MGr7DVgKja5VdQWmGzYkDEheuzhGtw4cMYVcR6z75VnsBVvz50mN/QbOq66R1ib7/rB2kq6dJP309/CNN3jJAoiCN1n9e/GSki5W0KcisMJZDUg2zdi/IzJ2zrOtaO59Uzn4LBLCXbtGVG5T4C80cHOXrpPJbOH50uGDmIx29e8/73bNHH4Y0+sdpHH30cduhbAPwRkKlPFQqtFVHsI9offeQsfnPzLsBPHdy6I+VZr/kFTigJV4BWI+KjbzmXG1bvZmAg4oSVI2ityI3jOWt28+I3/4oNW+qRzYWhgZgPvfFsHnb2IpoNP4U/N47V68Z5zut+wZbt3TBt1af44OvOQilYt2GSk44dZduulH/7ym20U9NLcgYiY85Ik/f93Zk88JhRPvnltVx3486ybP+hWLF0iMvfcg6L5w8wazgh0oqTj53N89/4y7DV3Txg7a271UfGAzqpZc94xgOOGuG3N+/i7f/nNL78/bu4/D9v9apUYKJt+Ku3Xs3lb30Qt9w+VvVnBdMCWd3fIA7lDEpBcwBQkHWDONnhic4i4FRBajqq4FKKilAtrAHEd0+nYXcHFsag6mrY2oOystBNYf6sWnnFGIuq8iuDZpla2cXDdRry1aCHm7ROPZr2lb9H8kM/WKMUjCTCA+c6jl85wuMfsZzTjx5iZDD2L2FEHFDCN0zpd7etQ+5YD9b6qPJ56iuTe9WkGB8UTpzzBzeKgmJRUHGE6/oBFCXO55flqEh7otWGgFix93JUUQRpBnHkLQYATI5LU1QcI3kO1hIZwyylGB5QvHRVlz9ftpuf7xrmK3cNcv1Yi4lc32/OCrH+WiQUZJuE30JBMSvwEePx2/UqLIHAEYkSnHYocYi1oKPgZevpxbE9E0ieMTQYs2PLBKl1pLlFJS0MQqQMIgalBCcWJRFiMp+fsYiKKDynJYTE"
[DEBUG] 2019-07-12 19:39:03,232 method:org.apache.http.impl.conn.Wire.wire(Wire.java:86)
http-outgoing-2 << "smLJbE4kjqQRl1P8q75WRHF25XUWrRCbI6JI85Qsz8iNEBuLFoWJvP/nrDhjYHITTZ2A0qR6EGjgTBedd4nzHMkhkwynIsQ1UOLVtkqBLUdLAg7Su68V7wGrpToOuXU4YxEDNgqEqDHh0iH+WBftpBXixJOeAoXCV2mFOIdTnuiORIE1gPWXIQ3WWdK0TW4MOtI4ZX09xHcKJwof+0wQm6PiCHE+4FQEpMawdc8extttZg0NIuLIxg3jaQcjnqh3AmKEKPg7aqWIULg0Q8SilCf1S2JVi1fKovwyrfzxJxx/hd9vFSweDjFGEuhaxa661+reVGn15fX1Uy8g/fT99Ico/YQRRjX0BHu7j+ofa8VowwfYGs+FVlCvlpFJ/8jy21a4fle357mtmXbJNm2Z0Ut94ZxhHnDkQuaNDh7S/QeY01B9tWofBxx9YrWPPvo47OCc9MnVewX/MNHu5tywehdHHzHMa55/ItfetJN1GyYREdpdy8+u3Va9TIV0WsPQQMzpD5iDE+GX12/n+lt2c/4ZCzjzxLm869Wn8/w3XEUeSESl4EVPO4bHXrCM627awXs+9Qecg7994Ymc/oC5XPaq03nRm39JlgWmAc1AK2JkKGHR/BYTk4b1m9ukuQ0vebXjLpDEmuddfDSnnzCHu7a0+bf/uo1uVo8q7Z+wdo9nfO4b6zj1hDlcfOFyGonm+tW7mTvaYPmSQRbOawIwe1aD41eNsnTBAADDgwnHrphFqxmxviCMHfQGnfJ1EoHxScO/X3E7r33BiTzkjIV87cfr+d6VmznvtPmkqeWq3+7grJPmMDwY88YP/o5tO4ogRTORqeEFvmcIv9in+wZKHEpysNBowsg8z7vt2Q7dTuAPiqn4xSyuhKrazbAsCtsY/DT9HFwDJruQDUIzDtsX2wU1rDFe1doouJdCJWuoyNQsrCsCWAWuAE1F9hbLY0Xr6OV0rrnlkBKrSsFoIjxoseWZxxrOnG8ZGbYMDA0RDwwHJa5M7xL3Floj6zci19/oSdQ4xnVTT+jlxpMpznlCtW49kOdA7IkY8Ac9STwB6zzxg9bBRiCsl2Ax4LKwz8qTqCgvS3aBuI0iT8Y6h0oSVBQxEGsGmnBxcw8XzB7nyrFZfOr2Wdy8J6Hr9NS9OuQQm/sp4QXhRKFYDcso9LsujJM4RPvzuRg3cWF7hyBKPEltjVcCK404hRVBK8fEeJvOhEXEYRzoOMY4T+M6yVA4BIdWguQ5Ni9OgkCoFsH8RBBlQSzWCqlYNC10XEjLa0Ra8Rf6oWiHcoJ1AmtipB8AACAASURBVM5ijCHPFLE1RALkKXOt4smnLOKscS8T375zJxvGOmzvRGSSMWwyXDcnyyI/8x0QLDFC5Lys3GqLSOWfvf+fvcT1Pj/DvlqlvahdKVLryDOLMRoTaaLYYbM8BPoKxxC8a024HVUDYwrEIihEbOgXCrQJamTrj5ISMpNhstTvfcjMO+yETx0CTUURFsHlOUiE4AcyPO+uGMtSxrIuKPH9SHtGo7xVOsG76yo/lqSEPM8COQqCqwYCSl49/Nb+W89AAeIJWWVnGlc86FjY8qXtyqdcG4vKTCVT1H5876fvpz8E6R01v9X7Qf01ipHEK1e7DvJMGE4oB2LuafmZFbZ2LNvS6rkhzlLs5kCq1tIMDSScctQSlswfqS4ih3D/5zQVC/tq1T4OAvrEah999HHYQeqBHvrYN4JaVdV9UZVXV370P27lgjMXsXLZEF94z/lc/h+38u2fb2TT1rafHRxeREtyT/mvWis+/dW1/OMnbqLTdXz8Sw0+/+4H87CzF/Hg0xfy46t9FHOtFX/xxFV0U8vL3/5rT9wCW3d2+P7HH8kFZy+ikehArOILFIgixV2b27zqsmv53c276BQPa1MI9eNWjPLCpxxDN7O89j3XsWVH1z871clIge07u3ziK2t55HmLuej8pQy0IhqJ5h9ffQanHDebgZZnAU89fjaff8+Dy+ijy5cM8u/vejA/unozL/r7X+2zqdPc8r0rN3Lpy07h1BPm8Hfv/y2zhhI++Q8PYmwy55z/9R3e+arTOXLJIK9/32+55vc795ln2fDIPrc66BCLzruYQRgfg24bBodgdB7M1jA5DpNjYFogRVSdBK8SbeJ3YQwYxpOHheI0BLUSDdsnYNmcsG1BnIbvnRxaSZi5XDRHoUDNqAJYFWUX5K6lImBDOsnAJUG1etIqOteuPiReq7MS4az5hhefkHL6fMPcWQmxM5BnqNvW4u64A7VqJWrFEZAEBvjeDiQpBdbi/rAaWX0riCBZHoJPpZVnKASyNFxjCyZK4UlVkdJzFWNABNVo+DysJ31UFBSXxni1qlKIyZEUVMN7uEoaAl5ZG3w/xVsNiASSN0c1mzTEsCh2PH6+5cxZE3xr6yw+dfsom7sx9+VdoG4F4OGov4+CJ0urKdNhH8FfQ8OgjAS/6jwzNAdauNyUfqA6UH+5eBJQaRcE7QpnLEp5IlWJ82SXOKJmQrvTxjpPfDlFoNSKgEVSKlsRIXcOTUpjIAnvt55Io/gsfFkVCBoxCuscTclJrMFljlwMxmkiEWLnOHmOZnnLMmvWLNxRs+jkiolcyEyOEsuiAYVkBqOVj3qvHUYCwSwOVQRJ2+vb84H6DUhhleCNElLrfbedtZDluEgh1gZbAwdOlQS6C8ffgrfqUMqT4wpwtgwchYmwee5nZSjBuJw0TUG5oJZ1JdGpwm+xIMbRaEJkQYxBIrDOIJHGa499foI/LxUagperQqEtpYWIOEfcbJKlKVaCAld5lXA55b8oXwWHAAeFn3plzVD8dmWP6lHgHQIsbClakWJ76sjr4wB1TCVaim32RsD00/fTH4L0GZ6AbBSR6O/j+qtArk7kPqjVWOatARqFZcE9KL9rhD/sqWIRqCxHb92KqYveFRx/xEJOWLEArdUh3/8kgnl9pWofBxF9YrWPPvo4rCDF9NQ+7iUEa+GmW/fwN++5lrddchorlw1z6ctO4TlPXMUXvnUHX/zOnWzbGRSVU9RzaW75t6+uZVcI6rR1p+NrP17Pa1/wQJ504TJ+/OvNIN5m4Os/2cDm7V1uXz8RslCs39zGiTBrMGbWUMJk26uU6gTSRz6/mit/s420VL/2KtXmzW7y3teeyazBmA9+9hZ+d8sucjOlb4TsnPMKIFNbn2aWf/rszSyc1+JxFyzjiQ8/gtXrxvnIF1Zz5onzeOFTj2brji7v/sQfWHPHONWT3fT8y58idLqenIu0YnS4wWTbMDgQkxvvlddqRgy2YuJY15TXMmP29zcocSjX9dU1kOWQd2FiDwzOgeFhGB6BThcmxiC3IUgV+P3LgQEqojOlUrRakBjSuiq1eDjW+HhKOQwP1CpU2AFI+KwHzyoCahXLC1uAEFTWpLBjMyw6QtE6YQXd69ceNGJVAQOxcNyo4yUnZjx8Ucq8lhdrkoVp+M55dWeucL+9AW5ejTrmKNTSxaihQU9E/hGQ3MC2bbBmLezY5QnRggBNUyTPPTkSx36qfqE8hZ7zsTTKLCV1QT3X7fo0wUpAbPBx0JH/rhQojdLKq2LBq2GVD8gjBaE72UYND4ZgWho3No6KIlSzQUMLRw5kPHfpds4dmeT9t83l6l2DTNr7Rr3qrKHXZ1KoB/QTQApJY7m8Fo0t2AcUawxCpCFREd28QzF1XwXzU0HAglNS8NxhPZ4odZaoEaPEBbWq39YHFNNlnRR4dSyAcohRZOJpuqQRvE4DUQvBniCUbxxom6AxDGhLwzlsZsjFgEREojAYGqJoZGMkqSKKYwa1Yk4TaIFoRaxyJLfkgYlWCkQpr14VQR0i/07xO0txkbFKkVsweY6zOUKGMwolgs1SKAYMoBxsKFpH4Ulp/8+iUVjriJTG5pk/BxUYMWRZirg8WAoUhLyrjZ/4Y+wQcmeJkwTnBGMzbzvgwvmlCCRvzccXVXY3hSfonc1pxglYgzG593oFeoKT1fpufQBWTenXZa9VlL236sWHDiMJjCSaCSOM5z44kKntTlmlqVx6/fvd8e799P30Byn9pBFiTS+xeJ/WXzGcKDrW0TGeZG25KdYA+yjfOGGXcWzp"
[DEBUG] 2019-07-12 19:39:03,232 method:org.apache.http.impl.conn.Wire.wire(Wire.java:86)
http-outgoing-2 << "+vu7so7mtq1ktSDDswabnH3CcmYPtw5w/feeXimIFbQixVDcD1TVx/7htNNO+6PT9onVPvro47CD69sA3A3qTyQzQdVWKdpdw3d+sYl1GyZ5xmNX8piHLOXYFbN43YseyPlnLORV77qWLTu6FC9yRWJrhQ1bOxRPM9YJV1+/Ha0U554yvywtzR1v/+gNRdBwUIrhwZj/9ZiVxGFapS6YgimH9WfXbg1E6fTj3WpGXPKs43nA0SMYI3ztR3cx2cmr/d6PadSTHcNPrtlCHGuOWzECwJo7x/ny9+9CgBc+9Wh27E755k83sH1X2uv3WVZ47w9qSqngk1lhv3puWff7Yz8XVN4GCfJS7T+MwNhOmNwFrWGvYB1a7K0190xA3qRUQCOUHqdl8xW/w65vH4clo56/A0qP1HYGo4PVtjTwRKoKfzEVaQuVQjXHE60Fwer8h809OaFHBokXzyW7Y0tFKh4gNLSwfFh42jGGP1uVc2QrJXIWpQo/ArwnKYCI9yo1BhnL4PobkVtuRS1eAHPmoObPRQ20vH9pUIOW6uziumiMJ3LaHdi5E9m4GXaPgbN+SrH1ilQVRYjJUXHilat5XilXtaZUqzrv+1lBqjZyReQfV1O9hvVK97pYWAfigq8jFAdRmRpR1O4E0jeuLAkiTwJjDK0o4uShCd55QspnN8zh8xtmsyOLD/mZIjb3KtFAqpVTpKm/r9b6UYiiXnqtEto2BLMS50hdTqPRYKAR0+12/aXa6dBWQdHI1BjsXhkbaU2iI9L2ZLg/VkSdKqaZq1Bb5aPBa+2nzlsLOCGSFpHWgPPTwKUwTvbEnyBoJ0S2y7zZMYkSTJYhBGsBFFYskfLKybQ9Rqs1ULy7+/2PNKIEq1W5LDCrtan8h+azmvvu/6xSGAvW5DhrcBhsqki0wuQG7VzP5d9PsS/6cjgu4UbnlKAFokRjs9QH/VKQZV0ykwfSndq1vrhvFf3EonWENRnaORKtUWLJ8pw4in3Aq4KQLftf5f9aONVYcTQbMQqh2+7gdFXfaX8q1F9H1a2t7rEbiGBq1b2vMRwrhmO431Sojz4OW9ybQUrFkoGYs+aMVotOmXOva9RHH4cb+sRqH330cVjB8033R8Lp8EWWO36/Zg+XfvgGPvmVtfzZo4/kOU9axcPOWcjbLjmFl7/jGtKsmFsd2l7w6s/ipxM2bu2gFCwJ/qT+xV7IjfdCPXbFMKedMJeHn7uIC85ciJ5COvYoaABjCi/dgomriMy5ow2e8qgjSWJNqiyrlg2xdv0ExszUN+6eAI21Zmggxlhh07YO2Yx5VLs+HWov3+9RJocNomwC5QwSNfzuemtEiMCKtwLotCFpwchsWDjPCxXbHWiPg8lACj/UwvO0OETKB6rvppBab79aNKkRz/c1C46vHqiqW8vHc0NeDRssBhikV9ilwQahJQ5UrGmdfBT5hu1IdmCIVa1gdkN4xLKc5xyTcvoCx2DkvIemuErpqTVkGWItqtXypCig4qAgnJhAbptEJRuQRoKaNQsGWl7FOjBQBrxRSiGdDnQ6yO4xaLe9pDj4n0on9cSIE8TZoKLTZTT6HpVq/a9Qp6qKBKtIQR3UpwUxpCgN1QoiqjiHi3yiyG+jxbdDQXaF8lUSI4TgULmBtObyGDu0tSyOcl6ywnFk0uEDdy5iY9qYMTjGQYOtyDEJ/4uS2m/KKeNlx1N++nRFrhKaSTyPbYTMGhqNBrHWWJvXfG4rIq42LoYgRHFMrDVZZxLrWdKQt2/32iTuwGMG8s/6mirl1ZWZcyRJQhQrrCmIYj/tW4rATGJJsklWzltEYjOM5J7kQ5c8qTEZGkdncpxI+anioj1x6ozGEab761JjGdLryvrjUEEq3aVViswJuclx1uLIsc7SSBJipTGZQdUtcSgI8rIHUF7IxKHjCKzD2AwrFuMsadpBlCttJKo7qqrdGfw3S47SkKcpkY6Io4iImDwNylVVufmqgvgsM/T2DUkc44yp7A2CN7WEEnsGBoraKxs+KdXL1YBBjYSdaTS0jz766KOPPv6Hok+s9tFHH4cX5L934KoehddecKB2P44UzUbkg5ikjjRzrLljnPd+6g9cf8tuPvLms3no2YtYMr/Fuo2TM9W2+hTvTQcFP6NKEmB4MOF5Fx/F8598NEmsuXPzJO/61xv5x1efgY73V2nSu9NDAzETbcN1N+3kjBPn8rJnHM81N+5kx+7sHrdDI9EsnNdismO49qade+9f+/MeeR8IZ3qCeR8CaDOOsqknVusSvRpB6oC0Ddu7nkcbGvUk6+gITE7AROYJVme84tXvCJ6cDXzfrklYPFIJqcZSGG7UygsiT2J6FbBCRagW9XO1z2A94CQErg92AcmyuahW4pWb97I9mxEcPWJ5yQkpFx1pmRdnKGeR3Plo4t2ar2lQY6IUkmVIlgXiKULFGpUkSJZ5VelE5knY3KCK6fzOlRHKJU3Rg4N+Sn5QpWJ8ICGvVPXT71Uce2JXaiRJqENJ5hWdqv4507Io8oSt1LcJDHd96nRdCSxSEbLK9TS3GIvSnnBFq1LNq5LY1xFfx+Goy+PnTrKokfKW245gXaeJO0QnoDMZ6Lp6tCLYwq+SwAop/L1LFzSaCueJz8M5KTnp1OZEUUSzkZDbzNvfiA2fUnpc6zgKPp6WbruLlUDYFoR1oR4uT4pAANaUtIqCJxeyrkHh0CqBgkwNJJoKU9Zd1mVQUpYOR0R5hnV50LL6670PliQ4a7BZSp7FqCgBq3CikDhCK4NKNBjn91/5k1eJRhUGn/tAcY2enPTBFgcHB4miaB+ppuQBwYPUk+I5itRKsAIwiHI4caTW0mg2iJS3CVDFFF7lBxQJvwsiGiCOI2/7nKZYDLnN6JoMY3M/yIE/97W4cAw0gi4Vq6VS2IX6WYvLFI0koRUl5Db3YyTYMB4pxQQC0Ioo0sRxRJpnYfCiGOQIR73sq1W/KBTRNYYVyiBcRWepE6t99NFHH3300UeBPrHaRx99HFY4lKTq/pCc+4Ni1uHU738s6uKwqeXsK00dRy4d4gVPPoot27v8yxdvJQ9ept3UcdVvt7Fle5cFc5ssXjADsap8gKmCk9FKMX9OCxHYtqsbAl55j8AXPOVoXv+ik7jx1j28999u4sfXbGGyY3jnK08vY/PU861/n8plFroeY4Rv/GQDl//HGv79sgdzyvFzOG7FCFeP7fBRq/enHYLwbmAgYuXSIe7aNMnVN2wvhJO9aUqFzkyoylPgX7x7fu9l/+rL9sblTq3MTKUfgD51T6CdIbIdhFkgU6pekJsFNxem3I/thIkJaMQwew4sHvZBeSbGoWPBxV5BqgJHh4JuFlSrgQhtpzBvFlDf30LQ16AKWNXAR4ko2rUZfreCitD4ZdkENEfwRGsEOm6QLJ1PumZ98C2451DKB6f60yMMrzqpy7HDmbeDMM77txaEZvAd9W1lvLrTmDC9X3tylxysn/IvaeZZYOdwYxM+YJRzFQkc6dKD1bXbEEWeVLU2BJKynqS0DhWBa6el5UAxMFKSvMEqYMZONUNnE+cDHHnZpbcAKEnWgvWvE6wFoVoqYqFHFetc6bvqTdK88k9yU3UOrZEspxlFnDt7kneuWMOr1x7Lhqx1SDR0YvMpbbQvYhWv/HSURHIR9KdSvPpPJz4KvM26RFGEUgoVKRQKHenAd1lMnpJNmZ6OUoiz5e/K/7KK7l5YFJSWBITAUQhp14BYoiTySmhVeIAKylpimzJ7QBh0FpUbjLMoVBjDkKA9dThjyPOcPPNBl4gaGFG005RkQNFwilgX9bKhLeL9vpZ5CwPL1q1byfOc5cuXkyTJfhy5Wh5MJVYhs5AFKwCLQZTGBUuKOI6JtP/tbDFFvhjVEgpaNYr9gEK328U5i1OOLMuw1vggWdaU9zaHBGbb+uNSng+UilKoulY3NyjlVcpJEoOKypLFuVK97jJDp9sJx9grZKVQmJcEe9nzqv5T+y2KQNAX21XrZYZ7cx999NFHH338T0afWO2jjz4OM9RDfkzHPSWYemKzHCRyqm6DeDDVhfuqf7k+fC6a1+IFTzmauza1+X/fusP7iIY3WxHBBHKpkURV"
[DEBUG] 2019-07-12 19:39:03,233 method:org.apache.http.impl.conn.Wire.wire(Wire.java:86)
http-outgoing-2 << "/UMWWilGhxMm297gUmvFOSfPx4nwu5t3UbxyKQ3PfsIqokjxuvf9hl//fjuC90it12sq4Vl+qJpgprbNnomMf/zEjWza1uE3N+/kT/9kCc9/ytHceNsexibyvbTLzA2/bOEA8+c0+X/fuoNtu7q9lZj6q57XFII7ihSnHj+b5YuH/BbiSZIkqHKtm9LfmH5MDqYSqN5+96oPikWne2Bgoc8XKpVZIbaqeaYW4kWXQ1dgyzaIWj7Q1egozFEw2YUJ8TyfiwLn5mBnG5aOeA5LBAajGscd8i2UrqXXqoTfRb2KAFYpqAHKoFad1MfRUkWdlWLgjGPIbt/kp+vfQyQalg5aXnRCyjOPs4zqHHLjlWgFedrpeLLTGIhjVCAIVeGXKuKnmVuHCh6YdLuoZgtpt323azaQ8QnU6IhXrE62QfnAU+IcKk5QWNzEJGqg5QNI5Tk+gJT2ilCF75DWIVqFqfmqUqvu7WISlten76vSIqCQ8c1AqJZ9524uuDpENVfaR6LHk3/kXkmrtPLEpA2/owiX5yTAKbM1bzhiHW+882h2mHtGsP1RcDnFVGylivaopkwD0xSjBYXp993hCgJa4dvFh4gvm8VZwdqM0j4AcFQXER2m1xeetUEr6o9jSdQS6lAQsJ4AVqVqUZUEnyghD0G5GiRVaPhwgmgxaJcxd6BJnHURl5OLoCRGlCDagdNovN1FagxRICBTa1Gx4sa1d7J42WLmzx4mRkiUK5x2QTmsQFT4hO7DI1VEGBkZKUlW4G63n9Fj1QUlLkKuKINXWWtwyhOrSily44nRSGsipYlijXfPcEhgGXUUBdWx8x65mmCFk5HnJqhzVRgcqClGxauMC2uBkm7XlESrOMGGujsEa3LSYHGutKKYHVKQ6gLoSOHEhbyp9rvsB1X+vk9K9Vmew67sl73bV/1alRn00UcfffTRx/9c9InVPvro47DC1Pf0A6H+PGCE017y39uyA1lWVU6vjuTuyti1J2VsImfRvBYXnruI//rhetLUEkWwYG6LebObGCts29mdRggniebsk+ZyxY87CMKswYQnPvwIrBW+9fMNPeUsCZ6rO/ak/n1Ow7mnzPdRUfGWBPvdJmHDXWMZkx1Dbhz/9JmbOffk+Tz87EUcdcQwN6zejZupDWY4GForHnjMbNZtmOTfr1iLMZ4o2lu36iVCe7dKYs2DT1/Ic590FCKQG2HPRM6qZcM4J9y1abKM/bHXvA9CXzzQfVCJRZtJipfrkj+K8LxRRDW9HyrSNfBd0vAE6u4xGMsgyWD2XFg8x/N6e9qQZ+AST3SkGbQtDDVr+xLKKYnVNCwXvCI1oVR+UcTgKewBcpDIk7WtRsgz9hxCNDyEiiMk7SXn94VWJJy5wPK3p3Q5d5ElEYNkuZ/CrxRkmVdZVp0xkK54wjX3RKsY41V0zoGK/c4DkqZ+Gn8cbAHiyC9TyqvUMj/F2BOmBrH+wibG10PFnmkuPIv9dHsdypeSuVbNZplvSDBzB6otFxc8M6eur2NvI0oiFUEuBdEXPgv1bEgrpqakDW2p8ORuQyznz53gBe27+OetK2i7ezYt/J5CbE7lmQrlgJ+qxhJkSrMVBGx5fVaW97z+sTxzUW2jLXey5B2/4y9ffhFvPnbfBPHYrb/nuA+v9jVQZ/Lz/7uCYzvbeMubNvHIfziF88dvZ+G7r+V9r3kaz1qY87MrvsxTfxpIdCivY+979dN51gKgu4U3v+1HXI4laSbhOAuo0/nea1ey6I5f8+afb+L4s87ngXNneIXId7D2B79i8CGPJYwveUxu4tPf/B2r129mYP5chrKcRmki4PuSI/KnqVIsP/k8Vs3O2Pyza1kzpYgjTj6PVbNjoM3mn17DaiDPc6xdwsnnrWJ21qY9OMjgtMq1e/IrFavHncVDFg9CezNf+vUt5HmOGIuTHKejMLinsM5gz7iIWy5YwsiuNSz/96vQSoNWOOswucW5MCCiBHGCc448yxDx/VgQtNa4QlVM4DOlILxrvckF64fH/G8mT5oHpPzkh+/lsb+W8voqCBI8rtVFL6F90nz23PU9ln7xKpz1d8HCfmLm6Q9SVKCsXxlQyzO1U5IU2/ZQw3300UcfffTxPx59YrWPPvo4vCDMxGn90ZjKGRxI0nN/FaT3pqy9l1GRXr35e4UMCjZt73Dlb7bx+Ict460vPwUR4dc3bGfOaJN3/80ZzJ7V4A+37+GuzZNlWUV5rUbEO155Ouu3tNk1nvO8Jx3FGSfOZe36Cb77i009Ndm0tcOqI4Z5xuNW8pmv3c6c0YR3vfqMcv05J89n49a7MDYoeqbvBhVhHF48a/v0h7Vj3HbXOGedNI+nPGI5t945Tjs1ZfLiza+RaIYHE6KS0NWMDCUcv3KE93zyJjZt6zBTxyqVpWrq0t6v3dTy2W/czoNPX8CCuU2+e+Vm7tg4ybMfvwpjhe9MaZdqyufMKPvHXtbvC/sz6PDH9sEoG0O73PusFihIY4X3LS1evi3+aaODV4u28aRoDG4M0gS27AAdQyuGOSN+in6aw6SFiRw6BuYNVO/6JYlbkKgar1itW0sM4AnXIriWCt+bQaCpQRcWAsbzmFon3stzP6HwU/8vXpXzN2dYljUtKg+krDE+IFUc46f3G0DClHbxZKd1JTmqrPGnZyAPK2/RxBOuSnnvVOvQQwPej7WoSKPhfVutQUWxTx/5oFhKh3Ji77cqOgSsKtJqXZGkedbTccrTr6YgFZFeIrVQrk4lV+uod7BpqtWaQq5cL55ULb7LlLwkWCtoDZlBULSU4elzN/G7dDbf3zXnoPqtSlCSulIBSk3RFyZxl1Pt6/SrK69kU2u35qqv8tDPOLRSXP6BK/iYUlixKKV4ySVP5M3HJuxZ8zuO/dDqksT18ATl+1+3gmMZ47Nv+D7/LCfwCICFq9j67lWw9TbmXwHvVw4Xie9v4Vi+7MWBVAVoLeJZTzZ86MsGsMSJP9HknAEWAlt3XUeklmBFgHE2XvED/iARguMBFz6JZU2HzSw3fu+/+NWpD+dJq0ZCgzmuvGM7d7UjjnO+/cCRiT+VJfwPDqM0Nly4XZ5z9IMuZOk0ltSwa81GJpYYDKdzwbFzSDfdih+G2M3GXQ2OmRMzuemH/IpzuXDJEGbXRm7KqwETT6xS9UexSJbjjIPMQaMgwovjKjBvgBFgzcafYo3CoFBS9QPBhe7qEBxpmmKdrQh3BWHnQPkZDf782cuzyFl/zsaT5oUlTR564Yv552s+xkuFsk/5DnUO3zx2PgCjyx/F5KsfNbXBgC4//tHbecy19WBUxeBAGHABVPCuUeUSwiBCOA1r/fyQ+9D00UcfffTRx/0UfWK1jz76OMxwYPQRfzzpuU9J5T1+z6iUTPudYvr0+bvbWs+kFlOMT+a8/fLf84CjR1mxZIgPvfFsjK1IjDs2TvKiN/+KdrfwYaxSiwjNhuarH3oYiFedbt+V8qp3XUMnrdQ44oRPX3E7r33+ibzimcfzoqcdi1KwfVfKN36ygcc9dBkfeN1ZfPvnG5lo703OWfnCzYR21/Cx/1zDA44a5amPPpLPfWsda+4Y92qowIomseZhZy/iTX95MkrBnvGcRz94KdfdtJOv/vAufnfzrp4m6qSWbTu77B7P/Mtvb9NNa8sC45OGP/vrn5Lmjsm2YWgw5iFnLmCyY/jaj9ZPq/uMh1Dq1Ivsg/ysL6xy++P64P5vH5kJ1FRiFaqp97qWb6EsrXmd4nkVGKbgU3AGOg66Y6AcNBNYEIJXtXMYCgSq0n57KcorCNMWFf+eMj14VVR9N+MQKTwZO1itV4OaZMFc3Fi7jFK/N2gFsxvCq09JedbRHWYlgrIgJkcy7weqlAqqS3y0+xB0qgj2JGGdD1JjSzUmzpVqTQEfbKpYpjVusu19VYOfsJLUlxHFYUq/81PmtQ4EbSAvC7KyIFNtiDjmXFluD4Ea9rVUp9WIpmJZGeF+f7G3KQJTfV2L38L0DuoErbR3nWg0fBT3LGNWrHjtwlu5dvw0dpgpffMAQqz3naiiwivKjjHabwAAIABJREFUKdSEU3jKoIlfU03JL09zgM5WPvfptIyxBsUx8BHa"
[DEBUG] 2019-07-12 19:39:03,233 method:org.apache.http.impl.conn.Wire.wire(Wire.java:86)
http-outgoing-2 << "q3Z3OBtsCIoylPD+1z2bZy8COm2O/LtnsG1hyGTrrcy/7EqcErjgT3nCk57KCvk8F//Uk2YfeM3zePZCoLOJN715A4+69CwuOPPZrJ19Ncf8600oSdAXP4H1p3mCdOS0l/Du0zL2jAPMYukTLmZpvWFyweZdcgF75Rq2LDuTRQ3AGW7ZsBNByHODyRQaQcSfhxJGZZQIJ13wGI4YAohZ+pBT2ZEB+Q5u3trkhGWw/uaURSeM4Oyt3LoOWBmUmc7400Ect/7q+7QechFHLLmQCwEm1/P9X90688EsiE4cWZ5jg2IVZf00+Mc+jc0nz+5JcuwDX8jGB07NKOPnP/wkT73GgRKMSXFBlV6qRms9oQwOBoAuKXg/euyQc57JpgtXMJvtfOrtH+Wl5z6LTY9cyfNe+7/hHR/lpbUgZDzuNB7W7PLjH7yTi64WeNwr6J6ygN13fJvFn/s54KadQ0X5lfK0InyrWrpyWS3lzO3YRx999NFHH/+D0SdW+zhscO0Hj+IXD1nLJafv37ptX3sBb+BdXP7EBVO2vo4PrvwQR171CS5eclCr3McBhn/nvvcP9feEdCrK3H/SaTqBuT/b3hNiS6n6hvu/M1UZUorAbt8wwUUv/iF//piVPOeJq5g3p8nt6yf4wjfv4Evfv5PJrultr/B9vG145Au/x2tfeBIPPmMBv/ztNi798PVs2t7t2VgEPvy5W9i9J+XVzz+RONJ8/6qNvPVfbiCOFAPNiAedOr/eEky2DXGkphOaCMYIk21DJzW4glRSip9du5U1d45z7JGzOPfk+axdP4ExVfrHnL+Ed7/2TLRWvPStV7NuwwSfesefcPlbzuU/v3snG7d2Km9WgR9dvYXz/+K7iBPS3BFFCmulUj7W34lrcE7YujMFhDjSnHXiXFYtG+by/1zDTWv3MNSKqwM9VQGr7q4DSO/x28s2vj2mLt9XH6nS7asPVlPxc6J0By6pzfcN3CCB+ETjlaACUvifRlIFlmoCY0BLQRJUroBokC6kDVi/G8TCYBMflKrIp4iRNACkUk7xLwlWTemr6n8HlssHPKdrglo1qeU56bdNli8gu2Mj5G6v7aEVLB5wfPD8LhcsMcQ2BI2ZmPDkprgQqCpM4S/UprlBJX6KtbiguNQKZXMfnMqY0Md0r5I0BJRScewDVinlA1KBz8u6MoBVz5T5goyNQ78rlte9VAXvBxo8HAvv1Kmdoj7445ygo8raoK40L9SrhZ/lfmNv0wfCPs5UF42q7BacECUR82WcV8y7lbduecDBU63aHClJMD+hXSmp9lkkRIuvdaCSSJveqfbceRcfdqZUooYcQ371FBalrJ90UKggOY9zRjbzsy2LeciI8L13fIqLRfjA65/Psxcdw/b3HlMV1NnI935oEc7nl+87juPCsje9/lt8SMM/vWEWV7/3eI47+hy2vekI3nLpt/jYl7/K55c9h2eoNRz73u9x8izhkUctZqE2NJxDBcWqaH/soxAsybnfs37HySxa0oCsw+5MGIq8h6kXRvv2ckqXU+WVCL/54RWMnXcRJ85PufPbV8LDn8A8hKJLOitAQnMoJ8+piNEikNfQEVx00RFAzvYbv81Va4/mvItO9Msm7uSKH/0OiqMggiqCHYojz3OMyRFrcNrgnIIrPs+CK4S/etYLuXQF/Oz7H+cpV4cBL1Eo8QN/JVGpBGsNeZ5ii8GVkgOV3s/yml+X+wsf+as38Lz5wPbf0LpuNpvf8BL4hw+z5Mon8Ju/P53nvf4NPOi3l3L6FQ7OfR6bTpnP7nXf4TFXSmWBGj5VNc5ZU5xSO58kDEIGD1ZdjEjV6yq1dMW6vWmvDx103ibKJ1F5F+VMTUWLr1fdQ5basvC1Zzegn76fvp/+v1l6iWIkauKSQWxjmD76OJjoE6t9HDY4888u46PnHcWLP/irXrL0N+/g4lsu47pLpiQ4+yJOOu9clq/7T+665IzaijO45CvHsPy8d7B83es581BUvo97jUq1tw/mpwd723Z/XgRmSrvvdNPJ3/p3NcOyavk9IramvqDNWLd9t5UIjE3mfOxLa/jYl9bspXq6qpj4Y+CcY+vOlJe97eqS7PMBUVRv5vhgHp/5+u189hu3T6vqc97wi7CdKlec8dSvIzIln9CuN6/bw6lP/UaZd1HcrrGMi17yg1qzqKocBb+/bQ+7x3M++sXVfO+qTVjreNVl1/DRt5zLc564imc9fiXdzHryNOShtQ/KdeemSZ712l+wfnN7asOUjVUEU1GI51NQjAwnXPryU7nqd9u47OM39bSriExp55mOVbXfZYllH5m5L848+DBTH5m5b/j8p+Y9fVvlcqLuDvKhI3z/KDYrZoNrPOGh8KSpw/sCOjyhOoknSptAV/y7eiFMzhQ0QcZDmhZ0LKRtaDbwKrKQl2pTkQUK/1RTkKldYAhPtmbi10WAU+SBrFU61MPirQME4oUjpQflTOekVnDcqOUjD57k5NEclfmp2FiHHhzCtTs+URYIUK1LUrWIZu+7joQCFERhur4OKtS6Gk2krIQEr9biUKpG0xNKhbo185OhiSJPcILf3tqK9CsYqsgbzRYkqrPOk6XW9kzrLwL9FCSpc554KX6Lc94PtegbuppK7KxFRwfI79S5EBAqQGucCW3qHEQKZwwDzYiHju5myY6UDaZ1YMqeAq9YDQjBoCQoVkslao/g2QXP1SqolKK6BmzZdj3OggvBonxequfUKvJxLvf9rfBJ5Sc86LXV+iLFJW+/nEvKy7a/xiqAhz+O25+yjNEiycBS/uF9L+Qfpu7kwFLectmzeeTXfwuzYIwVrHnHC7nuG2s48nEnMX8vbTN+27/ynas01gq/HZvkzCUNsIY9XUuzZclzT4gq/MCFVQpBo1Ao8SMmdSuAwIBiAwHqApEqLhCrt/yUK24BOINHPaWoxDq+/L3rwo+b+ekVN0+rp0ggFAtidXgFz33SCp4LfACAnXz20s/ySkDOezJ/vaLJnnU/4+Irc172nJfy1pXws+/+C0/5ZRF+y5OqIo4863oLALwfahHiqQhO5Y9GLdhZ8Xyj/oRvv/5RPKy1jU/9/Yf4S+CVz38ds2nxvNf8BTe/41Oc/vdfQZ78Crqnv5lNo9/mq7NWMbvbZffKR9N506N79nH2yovovPEi/2P7NbQ+9KWyfxSf0vPpQNnarUJ6ti22FFXfj0OPKJsg6u72ZGqPHUHtXld7ZvGLphI1asp1WPrp++n76f+bpVfWoKzxgzCdXdiBOX2CtY+Dhj6x2sfhgyVP5/Kv3MryJ3+Ma58YCNFNX+TFT76Vf7rq9UzVpS5Y8nQuWXcMrPwQX33IRXzzyX/Ht6Zsc/HKj1c/HncZ1/3z06fl08d9jx6u7m63vPu1VV5Tt5v6aiDT1t0z0rOen+zl+0zl3n05vYKuqS8S+1e5nvzDW1FvvlKt2Fu1i/KV/yvIOBGHqterTm4Wr2HTdrl4KGKGHffrimcndC3MfJFP/Xj2NEVvXjt2p7z/3/7AN3++AWv96+1V12/nSS//CW99xak86k+WMDxQJ4Cq9HduarNhS2fa7veSzfUVMDyQcNlfn873r9rMZR+/kTwv2lRVxOj0bjat7Jk22Fsfmbn/1fPbWx/p3X56/lXfqecZpbtQNkOipt9E145jkT7BE50KVKw8UZrhycwuEINK8CRsYSOgxBOvA6BaCsnAKdjdFhY38MFaiuBUNvSPCO+VqvFkajd8LywBGqFO1tdvYicsXa5QcahPEj5j6DVq7YVW8MhlOW8/N2fVgAk8sleJSu6DVUmeh2BQviyxNnicxpTT5m1NRjZFPdqDEFSqrl4t21cE6Xb5/+ydd7wdRdnHv7N7zrn93vRGegIJNSFIB6lKAEGQIoggoDTpotIERZQiKkgTkCJWVJAmHekmREjogVBCCCE9ubn9nLO787x/zOzu7Lk3IIK+oufJJ/dsmWfKM/23zzyPC94mlecc7U82GEkhvDRuIPWWno1ba53kV4EBUG1/VL5PFIZ4npdop1bSP625ujaqbJix3KysPQFRCh2E9PPK7NNvMVevHP8PzAofniQqo1RcbkmGusT8iAmFafgGLNVa"
[DEBUG] 2019-07-12 19:39:03,233 method:org.apache.http.impl.conn.Wire.wire(Wire.java:86)
http-outgoing-2 << "p+EcYArKLHsvTCvo8ANYvU0/+qKW9bZg1VVbZJ7Nm3kNW/56Cnf9ZGs+Xfd+uW7l18f9jpMevoOxD1nNZWvGQOxYa+rK0bxVgrfzfiyoLfPSW11sO6GeILiPc+aO5Ocb1LP0md/y2MsA27LHEetRu+QZ7nkiQitNuSx0Lu+mZ1J/6iRCa9BhSFgOKJXMcXkR8D0PsTY9lGiU8qwN1ybGfm5blhUB0Smw+moHPZsMpq5uPOXya6aNrrcj+206lMTdV9NYvvCFsfYmYNlzt/HY6yoplzgAeKI02v4WV989ixdbO3n43aV05hoIMR8xvj5xsAGix27PqnO3TyS6/WdPZsVnzXXb248x8eZnCcIyUVAmtr2rI1uxdq6SBAwwv9nvWE8w/bwnQGnbH+Gy68+Hr57DRSMambxlgPxNwZ9+St2tVsNUPc6x23yNpXtOYM38exl2w1PwhVMobjaENfPvYdiNTyYtTRN3I3F+s30zC5y6c0fFtcKZ7/99lOtZjV9qN3lIlioOuOLKF0gvpPd9lb/KX+X/n+FXOiTXvRIVlQnrBlClKn3cVAVWq/SfT0v+yNFbZ0HRDCAK3Lf1eE6019+6fT4nbTqHy8fez7YLzuKkBTcangUHpgzPXcCo6ydWgdRPAGUVICWdWzO0tq1zdtHfW9vzw/ObfXQf4VXv8Nk4pI9nldmQ5G0Cvlm+eJNVgW6tJf73TyfeUCUhMvGqNN0kSnEDmv8S34sTJylAY/nSEmR0pjK8mey6C6P4oXLKjyLeCa/dJIKTf/u4vSvgDw+8Y21Z2nwILFjcxZHnPM2AlgIDWgrU1fh4MUBok1zTXrYbWCcJSZNZtKybPY59lDDULG8tAkI5iPjelS+yfHXRaMHabBXLIUd9dxa1BY93FnfTq/56VWPfi8p/BOhfexyV8voHYugVXOEF3XhBB5FfQwzG9Yo+VEZLNAQC+z72UxM3tcgyFDBAaCBgT64rLZA3GGlXZBxaFQrKHN/HpuljQNFYybJEas81b+MXoEZBCUKbz1yNWDBWmTB5k0+/voDKeUgpLbuICbb/uDLfmdLNOo0KQkFKZRCrMRqGkM8bMBEgCI0mpdN2JAyy1VBpVzSmWAsj/q+10TB1eeJ2Gh/3d/m0Ns6xLHrkjluJdqukx4YF8HyraerbNuYZTfUEiNIaQeH5HlprPAv2ihOv8vzEpnMM2PQCblwwJ87vP0hZrdk0vniQiDXH/aDEtjXL+LU3inadX0ts/zzFNlbBjGwGE7dyiIuW2KfEaDKCPS5us+ulYyOESd658Tf0v8kGsrGecNpR/GByDW2v/Y0xP5mTxAEahYciMtF0L+KcU//Mlbvuy4IDRsG8Jxn70zlcft7JHDpMILLmBtiMuy7bnk/3cgrlUPdCvvONP3HlsHqaKbDtBGOzdst9jmTN7AgoMGzzIzho85SlLBGlwLST7nJEl8kZRGWkpxOtQsKgTBjmER2Q83JE8UCgFErW5zMHfYph1jxu27sP0jHoUIb2dPCSrmUqoMuxTVWj/QrAyx10bzo01cJte5Nf3zUT2Jq9D53I0E13Z7OX72JmZT1C1hRAuYxEIVIu4+kCvmf63M+vu5yrMeVCCccfdTLfHw9P3PMz9nnKzEVKQTm0pgSIgWMhtp+ajImJDVNx8pGdK6/91kUcPoQKquXwPS/g8D0BenjsL99l+pO2FJKWQVsneMm9dYKH1YJOUk/WFO6AJEm7TdpmxXsTJnLC/Pso17MKv9iePkjAFFuYjOZq/M5Zy2TWFlX+Kn+V/3+R3y+2gQhh/UCqVKWPk6rAapX+82n4gVzngqKAsZNqgNM+j/IvGcXob1zPPmPf5IqqLdX/Mqpcylfe/yOb9Mow/0AcCRCpkD7exwBFJr7MJO+GlDQNF0DsBYBV8sWPxF6uzVFWxeIiLYRNT2Xi6c0HWc8qcVTWlpxIZlOYictuJA2wEi9olBN9RXkr0cH47GsvB+MOn9hyS1rObDSVceLgfnG5jJsYEQiCiOWrelixqpi+roxNObyZalGUAs2cucYxS5yPIIxYtqrHKgXatiPmGOvct9aQqSPVlyxU303ZbS+SXDkZrVh09imTtfQRJ/3M+tWViROn0mVyPSuIagb1TjfRVhYDXsZFqgPpxNRvDlSIPZ4vBhCtA0rKHukXxBeIQHuQLyjaioohOexRaZymJampgVgr1gMilTq4siBsWFYU8hgA17d5VCoBYFVNPnO0HQyGecD4gO99qsTgvEBXNxIae6kSRubofXc3UiwZIBIBLSjfN7ZUUSa8I+MP1OR0QNLMb8yjJQ2jVHLk33QtDymHKE+howiJbaJaUFWHIcr3DUCqFEoZsFTZfJlmbuJXnofne4lJVx0Ds76PRBF+Lpc8A7EfL+I+asElm2eBTJnFlvPDarR6Vus21qrVYWjLqfFyObygzJiaHkbnu3i51Lf250chiWLtYEgc+9jyxo/x0nFSC3i+aRdKqRRoBaCGISNKGDws5Td7xopxQEJUFJi2k1hoiVW9wXhmCzhh4yG0UOKJ52eZjxtxs4vizmjDL3mJfufcT+qEyxTkivO/zWHNGBMSN15Py43gHflVWrduZMbtN3HeOoezG2Xem3ED976gUbIT+399A+olJChDpISucsC7jbU0AoTdtC5+h/pBdZSLQwhqTXo6DGx/MaYmlH6ee3/9Ihvt8WW2GN7Nsscn0fRloEcTxBqrwWq6y9AyYASTghd4mY3Y/csTU1AVoGUihx460X3AxEO/SMOs33DfK444IQVW0YTlgLBYgiBE6QDlxx8EBeWZUxmZqVEHEJnnkRKicplIh2YaS4BVPxarAwJoJwf219G4Ovai0zg2/ZpqfkVx8tfP5+KJdUA7Cx7VwKe5/wd7s2OsqTzhc5Qv+lxSvn4T9qJ80V7J/Zq37mTINY847csBJRypiJsdZdslcfuUzDj24XruP0/m+H97OhdL2oOSycqdF9xCQEa+Vf4qf5X/f5vfL7UjuZqqWYAqfaxUBVar9N9Jwwezz0nzGcV4rn1mBfv0cmBVpU8CffBeW9zQH1eqpDMzJEBk8lzWxtg7L8mE3kceJfb/HD9be1mMHCrTjTfLUhG89yYp2fVnBBrbTJQkWHKdpJcNjwit7WXW3fNOtBaKpciRD2aDLE65M2AwFsu0i533A3VjpmRRpLLPe/H1JUP7RHDKLY54nGcSh3OuifmUzbNTrkSeksSpM+U27yVhy5ZNtL1X+gNkYcueLCCz7dBdM/bJv9b2kbx0knbl6L6oOOzpLFKVaHLFlZR1GfEKTn6hl5ZAHGcPqWMpIbV7qjAAUDcQa5IKxt6qJyhRRAF0hEJLDRRyNo0aDBArCpXHOMkKMdqvQgrQazFYUk7R3SHU1oGqU6npgdizew5jd8AptK/goAllzt2sxMB6Bd0BEhrbftJThEIe6e4xR/21mHc6As8AjwBEUQaMMCLsY8xyQEiTb0ejtbKy3ecWeBWRtEwCotMj3UBi/9TzfdNfPQOoig5tOJVWY2gB1DBER8rE5ZkwIkIUhiggCsMEjMUzaaTmBdwxL3XsJLb8/4yJAKM9a0DLGGBVnmeq0fcJS2U8P0dBa9bPtf5LgFWiwLH3mmqmgm32HqCNVqCVPDqyNjhtFxYvLfuwgVPR0d97D08JqBbfa6P1jCDJEXMFzOLzx82y3NOZNbkGgE9/8Zu07vUO3znuIlpiQE+cPMfxqRgEtuNAHMZq5mr3KH4Y0BYJUGCdbY7jqG1SsZR0RHc5oBRplrZ3MMGzNm5FUOUe1qzsYNnygQyuHUyt56E8ZWFHC67aD16hGVCJys3UFqB1/iOU1BeN6MtzWNO9BcP7DWSdyWVmvziHO26cAzt9kePGdjPjprthryPYZp1uXp3RzfhtBrFyxk3c9VLFgBm30fhEgWi6enqYN/cNVrZ2EtW2kKut5cofXcKXh/XdDD6913dYvZfzYNkz1J7/R/MRTWJbxNoC5PHGvnIdISTgfOaZ/Y0hzYPPsqBqD4/dfiHHhgAPM/2Mh2OOtO0cfBblLYex5s0/M+Sqv7qxVlxXzg/xfJU1ApDem7wma4e+J6B/CfnF1qwMM1pq7joH"
[DEBUG] 2019-07-12 19:39:03,233 method:org.apache.http.impl.conn.Wire.wire(Wire.java:86)
http-outgoing-2 << "ZxxNgZTMmqLKX+Wv8v/P8/vF1iqwWqWPlarAapX+w2kOl4/dn0vW8vaSCpMAhr7GHVaTdbOT5nPd+8Qz7Z4zkmtjQuDjyHOVPg5a2347teUnztO1Bs7Gl2Hpi8cJ1AtQTcPE2MPaSXrfZgAGN89xWJX9Ua4WpiKbqGTTqIw/2YzHZXDSSdYXayuBysgtkykgijTt7YGTnvObeGUxjjxSb0RpMBGj89s7v04ek/K6dRHnPTY10Jf8KusqzlemCCQPBFLkzY1HnGCS5Xfrzn3fq44qyc1bvNjz1i7ruH7WCsCb+0ocLhumkqUiYKaN98HX5zOn7Ah+aQ1+qZWwbkg2nrhNJnVo5WNNhUoudufiJBMD7yVlgFDfeH3XnvEWrnImWEcRBjbZ9hYAvpjVTBmr/UqKG4WYI/6BSVuKQsdqGDpcoUKBnDKAbs72F18lCmYAOU84eGLI2Zt0M8ALUd0aiaxtUt9HByF09xgwNS5vLNcopFdbhgzgGH+IUBZky3qDN7ymmYnRSM3Eo62jKxO/2LSVp6xDKhunY2cVkfQYvTJyjrU8dRR7m1dI4iDIxKeD0Cohe3ieh+/niCJTZh2ZY+gmXZMPT6nUlqurMeK2LPtcJZudtYzjWSbTbuLuZMsjVntXtODnDLiaU4oJNV34XWKPm398pKLIJK8EVOqYCkWiIS02v+b4ddzXnF9nSGgZO44To5lcmYxvtrjEc1dcf5EF69N2YgBaE++JZ32DH2xQC90L+M4xv+GK6V9m4SFj+cHNZ/CDJc/RfPpdNnNWc3X4FNp+OaXvQnYLOiyhjzqRju3Tj9PbHXAq173WARR545Gf86fZUDf9ME7deCA1o3bg4F1m8a2b2vnb8+txw7djWwOCDjWlsIenZ79MFG7AyKH9yCnIeRBb8o277fjI8NTuMY7+lHh7SRdLBxsZ9HR2c+ei1ZzXbwDrTN6WpTMe5PNHnsa0AbBidQfDJ3XRWmc85PWU3uSxRyN22OlYjpv8Et+98cGkHF48dIdWtlHAk8+/weuvLyEiTyksUvLg8C8cxOG1eQoNddQ2N1LT1MBR3zib768Hj9/+ffZ6DLQOCeMPDLZSvRgsjW2P2zaidjmeJfuvC6/fwbBLH0lnUJWODRJv/uP7nU9i2VZDAXht5rfY7SH7HBN3PG4k2EGCmwsq0OkUVblsygC9yuYjnjPdwOncZYZqB1z9N5AXdKMia4c4GU/jccXtW858nRl3JC1Tlb/KX+Wv8iOoKMQvd1bB1Sp9bFQFVqv0H07TOGnBfE6qeLririOZdtJjHwiGzr58PNeOncV1e1fEU7Wx+gknca77Aovi5++zmRb7Jwmi0t8EzJLsO0X6TNLnyn0epysVeRR3Qq/ckLg7nuy7NG6VLiAqj+lXgodSkW83HDh4p2SjSQuWiTNxyOKUuRcgmIhb21/DYIqbZCwbN0Jy9N/NQWX+7SIp3j5mokqCSTZ8ko5bX+9Tn046fTYbcYM6cVaCQWttcpUZdiIU57lblgwwvpZ892rmcfvrI00XvHLrci39qW/ANlvvSpfJd75LWDu4gqFC1gmKYV/1YABRReorKs5TJBZYVWgflAYtChUIni+0tSmaa4V8DUYBT2G1NElx8jheMOBqTsCDUCs8BYU6K9sEmFQ2PwJlAw7mlLDvqCLf2jhgQC7AQxlQS6eanCmCIUa+QuowSqnEQVRcbFM7WRlXSDQBSIkBFue5aaKCC0q6Nk4zICtiuqOn0ppz2oDCACSCEAVB0pwjrQ2QrcXYZ7RpeHkDvno1NUShOY4uGO1XsXlBeRbYMbYd/dikgupD8zkBl20ZHe3ctWmyJl0uBqMlNj1gTBboKLQaqx6UA4b6PfhKE4nfZ3z/LEW67HSVdEwXhNjcaaoFaigGwJwHaeXXj+FbZ3+KK8+bacI4xc8M92I0TON2IwJMP4x3Dxtnj8Kv4FcHX5jYnOcvNzL6L4Kobbn7+um0X9PC2V+7iSuwYNvi2bScdkcKDNu/V/34BxzWT4xN1msupeFaUEefQuenm3niqSVM2W4c0MPwrU7lrJ2BlatYBjS99RB7f+dlFi5dzRFXn8mnm+KMaDQBJSnw3hph6eMvklcReQ8kCq3sTDu97Lb72W000PEa7+kpjFvwAFt962E490DO2wheu+UhrrllQ7786FB++9kzUNfcyrQBC/ndp47m1C9dxOvfOI1xAAueYfdvXWrT34/bHj2Kb+z4NPcMOoovxX6tXBq4CQ/98orsswV/pfbAnxN1hZR6ipRa11BoajBjFKAiDUFEFIXG5IedPzKzucRH601FnrzRSPrRw2PPPwTW/IMr/YztU9u0ThnRDMBrM45jyi/Ftq24zZHwp00ynls0hKHTQtPGlHCr9J4kDObjriMKVZHT91tefdzkB93p+slZqqXzpKT3TmnTOV31nt+r/FX+Kv//PL9X7q4Cqx+BKreC/+n0j3y//0jxF8vhJ0wkVfqolGzCxGh6RFFEFEX0b2n6AM7/EFryR47e+k2OWXAU7x7/C0ZdtRY7q8zh8rFXMrovG6ufQGC1ta0D3/fxfd94Yv6ADeiHpfG7P/SxxPNxUV/FEhFKxR6ixKO2qgzgPEuHtg8WkXLY+hgSVcVk7QR737glzqP08dt3EVzeVKdP+g6X5KGyzBVpOOkYpTeVaMdk2HoVXRHbIlWZRUtlvG7MeAR0AAAgAElEQVS6Nrtectkr/l4yy9wLlUfnk2Aquy7K8MQRJS+VkWFSRql4b8jzFIW8RxgJURRrCffRBsS5SDRzHXmoynI4rH3NsgJ9AuRI6pQok7ByZN27HfaKI8PuZmxtbcSVTV8ZVs6r7Hudb6Rr2LbofB+L01iD1EZfKBj8rGwVPIntosbmACxYSh5UaEVUAC8CqbV+pkRoqVMMasGxxWvlEZsZKGOA1QKmF+WACDq6obsbhgxRqDpblwqruQrkBSkFrPndw+zS0s5Fm3WxTrNCdXdCGMU2HwyIKQKBtXeJ1RKNdCrHGOCU9Ah8LzDRytbtj4nGJ6SdRVKQQ0dRwqOUQkfaCEZr4zjLput5ngFCfT+JWyfaqwrRkd2TaHRPD16+gNe/HwwaCAMH4PdrAd+qGIcRuqMD1dpGsGQJ0tqGlEv49Q2mRdri+TnfApwm3djBFU7ZEhMAysrMmctcoLivuS0BnSHtqwJRZEwZBKUSyvOMrcxIM7unPyes2IriRwRW59/3mcz9sP0uSDX2lG2nChKHVdi89Tn2p3yXX34eh63jsLw3m34n3Y4VgAW+st7sY0o1GzMSSgCxVJNRkoFzbbnR8fgVtw0LtgnpR0ZPKUQ88HPkc1AblSkvX4y0tVJfOIVHn/wMQ569iTFH/Zmf/fluvjLOydaCh6nb7wpC8fG9vDE9IRFKRyDafJOIyxnn+198L5658j2FryQpvuflCCJB+blEU1xrbetZEXqC39xA4/DBRAVFqCJCa9tYS6pxnBl1Y/mLcO0FP+cI/kbN2b+qaGVSca1sffYekQXtjClxcHOfjOwK4o+iOmk/cTBHHvYDQPLpIwmX2pdNcxO3C1djVdF55U38K6nQ9i5Kh9nlXWZBUCEL+yh5ULFEqfJX+av8VX5EED9HuXkUVVo7Zder/71ULnZ/5DiqGqtV+mTRcxcwal/jkGozYLOrpnP52PH8rS/N1efu55I9pzOn6rjqv5RU9jYBVdMJQCnFhhOa+eUFWwOwck2Z3Y95pO/oHNDDjcf3FV/4zGhemNfKm+90cMEpU9l5y2Hc8/hirr/tLSaPb0KhGNivhlMPmwTATkc+TE8xciZxd3J3FgL2CN6Alhpu+fF2eEpxyLdncPCeYzhwtzGUQ805l7/AitUlE1zBvruMYofNh/DWu51c/pvXeG1+R5yIs3hwJkFl39lt0367juHQvccxe+5qbn94IS+9vibNZ6IR68pA9SnbQt7jrGM2Yvp2IygHmlMufJY5c1cnMvvL1TvRr7nAJTfNpZD3WN1W4q9PLyGK4rjcNNxVj3k3bYMBXHr6pyjkPXY/5hHWdJSzVZSpOs+Jx8SRWQe4gHuSlLkf0K/Aj0+bxsQxzTw0cwm/uPVNFi/vJnXt7eYtjkcT"
[DEBUG] 2019-07-12 19:39:03,234 method:org.apache.http.impl.conn.Wire.wire(Wire.java:86)
http-outgoing-2 << "O/KqyAi92iWk9a+gribHQ9fvgqfggl+8zF8eey8rb0WqRRnH79Shm6cfnjyV5oZc30Kx9Nenl3LP44spB7HX+Lg4abkuP2sztp46iOdfW8O5V75AdzHKlBigf1Oebx25AWEozHxhJX+bs5x3l5pFiBf2UOhYQHHAhja0lY2IASuttkBNHn7yJcUuGyqeeVv4wR3CvCVkjt4nx3LLyvrkEVQE2lPQA7pg2nlPUThuN499NlTMXy0cd6d5rhRIAMdt5bHPBop739JcPRuCsrHTumYVDOgHKifGPEB8NMyzvxoIYZOBERdvVmS4V0J1lFG5HGK9W0m5DPkclAJTxkinjqNiyYkkQKdbZ/F1IlsxdaFjW6gYx0zuBwGxYK3W2oCkWtswEIWR0dyMNEoZ7+MxWBmDjMRApgUlDbgKEgT4NQVk2Ahqp2yEP3EC3qCBqEIBcrkUVI3zrzWEEYVSCd3eQfjGm0QPPIBXKoJXQMQCfQ7AG4Vhcp3L5RLQV2uNb+28Vrbf1ExCH06txOkbNq5YHmEQ4vm+MWlggWUlGlXZTz8GEgnSIdcCU3E3Tkc3125pCui5PevEr5/JiUkRpeI3BjhNeFdDMY6xUrvVdAKxV3H42NlQym+GeXOvSYe7JPVkzEmhNO2BUkZrOUTR1dNNT0cPXhnK5cuYsullIB6C4rh99+XYRAoaYy5B8ESDDvG0IBKZDwNizSok8iEzXWakIumphb7fry28/XXea8mjlIeK2y2mzYSRsYmqtEbZ/KJJPnaID2FnJ6U1BWr6N1GWsknNUyDaGandihE75QvHnH4Ux2TaZF/uMNNSJG/jehVI7HNnwASnfp06jB39iUVos/f2PSm0mgmXaQEV+arUQv8XkpKKj+mJfXMXXLHv3fkyHkeTjztV/ip/lb/Kn/KrxKFjlVwSSOW31vfJn08QqbSZ/AuoCqxW6ZNBS/7I0VufwX17XsScBWc5WqbTOGnBLO44fjyj7kltqwLMfvJ6dt9t1idGI7VKKa0dJ6p08BA/jidM960BE5qa8kwY3WRACOkgHU4lCZf8ZgAtRbxhbm0r8ZuLtuHws2YydGAdE0c3MWRgLYfvM44j9p3A3LfauPORRYwf2ciajgDlxplM8JliOJp2itqCz6ihDXge1NZ4DOpXw7iRjXge3HD+VpSD1DlKS2Oe+lqf+Ys6WbKymETd22SqSh/aXbMAj8xawt47jeTo/Sey3bTBHPzNv7FqTdHhcUWpSMwiJGsSIyM/p5g4qokJo5ro6ApZvLwnKZzneYwZ0cDAfjU0N+SZv6iDG87fmvueXMwZl82hpyciI5vKqgSaG/KMGdFAfW2OmoKXhqusZrslT14mwlD0rmNYb2wzQah5+71OANraA2576F1+evpmHP758Sxd0cO1f3wDEOprfcaNbKSzK2LRsi6saUNQPm4mCgWP9cY0M3xwHZ3dAc+8tIrxo5rYZFI/Zr+ymgXvdZkT4QJ5XzF+ZANKKfo1FSqz17stK8UXdh2J7yucM6LMfauN8SMbaazPMXxwHesMrUcpePH1NZTKURLdoP41qTx6LZJMfQ8dWMuEUU0MGVDL5hsNIAg1lVRb49O/qUBNwWf8qEb++vQSR+YRue6leM3j0LkGk0eBwc2w7nCY8YYpVxAqLrtP2Gczxb6bKXwFX7rOpJVXsN4whfjwxmoIyhhHVHmFlMU6oxKIFHiC5wlNBRjXH4qBI7EAyMHAehjTAkMbFBfvBC+uUPx5noAv1PVzxgBR1r6qsqYAFGNqurh6yw6GSRE/isD3DagYRdaWqgelwDh3ElNWCUPwPHMcOEptmLqHvxMNwxgwFEmaq6vR6mquijUloMMIpYwmZi6fIwpDPM93hiuF1pE5omwBj9jmog4jvJxv4vA9lAjaU/jTplCz/TZ4I0fg1dcbcFgpSmXoKgrtXUJrO7R3Cl1F6C75FEs+xVKeIGwEPZiyqmF5ew8H1z3N6Fwbvm+0+2KnUp7nI2K0ZKPQbGBix1naArBqLV9MVNwfYkBLW9AqlpuNA6XQIni+RxSGaG2uw1DQXr5P2Oqjko7Kzl4t7VfxsJncOd3Z6b7JOGXCix1WJY3P1qn9ybI5v5ANj+jEdHOimei0QXHGlWRIUE54Kn9jfkErCzLimQ9kxW4IQzxt2yqCKGPNVsRD4dmpTlmbnAAaT+wvChGdWKYxDskgASfFnfFVxT0GEM2K07mXjPjTyrH9AkVOByhPJfO1iCISDXimLKKNVi2gbAWKCB4KyhHljg68Gi8xMyJ2WjNlUBXTv3sI35Q/zVRqI7UCBnbekuGmj2cq+StJ8kn7yISqXIxUtF9312kqs3d4lRHpv54SALkixaRsUhGOdC2TNPAqf5W/yl/l74u/Si5VaqiaOa23rCT58wkiJalrjMxz1VfoD01VYLVK/9mUAVRjR1SVNJh9rprPPlfN4fKx49mHHbli5gks/OmO7DFzMO/nAMt1XgVVB1afHHIGwF6gqkp/lJDPeTaY0NkVZCdScS7ca2djoTXMenElY0Y0cOQXJiSshbxin51HUsh7/PTmVxkz3ByJfW95N/W1Pr51RhOEmlI5Mtuk5OupSWf08AYuPGUqA1tqaG7Mg4ILTpnK6rYyAD3FiO9e9SJLVhjQMp/zOOuoDZkyuT/z3+00WrFJ3h0ZCIweUc96Y5sT/zExeR48NWcZ07cbzpjhDey0xRDaO4MMf7Gsee3tNpavLuGCsgpJAGFfKYYMrCWKhBnPr2D56qKzGUtlLMDM51fS2lbmgN3G8Po77Vx9y+tGFBlNXrdaKyY46yAGMOBU+gLRcdg0ksS+ZB9NYtdthrHemGZue2gh2nq5jrSwfFWR8aMaGTKwlm03HYxSsP74Fo4/eBKRFp59eRWn/Wg2nd1hmpatx3zO4xuHr89OWwylpxRx8x3z+fzOIxk5rJ5FS7s57IwZvPFOO8kCr1f53F1qfC1GAwrhhydPpbbgU1tjVDu7iyHX/uENTrrwWbQWjv3iupx4yCSWrypy9Hdn0dEVJFF3FSPCUIwMJdtGTF1KkmRnd8g7i7syGqtx0JbGPA21OerrcsyZu9q0USc6L+gk37GIUr+JgDFVMn6o4idfVpz9ByGy7tHramDue8IO6yvyedhhXYWqgYac4qcHKWpy8MZy4Ws3CO+0S7o41vY6JwaISbTMLEziY0DFAtbsqXlXLsM97wiXfdZj9/GKQ/6oiUIxSG5k2xYK8gJaMSjo4XulmYyuLZMrCihrSzWKQGukbLVURVC+b97FdRibBxAxQJ/nJZqorualuxVQMa/EoJLTd7ROgFij6alBNGEQkMvliCJtlGyjCKzjKM8zzqSUSrVNRTRR2WgF+ggyaBB1e+9Bbv31UDU1oBTlABa8p3n21Yjn50XMXyy0dRiAtVQ246Cu3MMAqGkEKDbwFzHCa0V5Nj8WPI5sHXmeq0VuGo5SKnGO1ddR90xoi/ypimfxr2idOOySKMLP5wijMquj3MfuuAoAXa6ApGJK548PPD5XsSnMWsuM5atS5XnW9uumIwlml4lVJI0nEaIzMJI2vSReVxMXAYkwZlo8wxKFiA5BGzDb1KOrtW06r9hObN0W4h48r/yN04/B81SEksSTLXVqBia+T9qpijUwSWJXdqOtlMKTMJWVda4XO4QygcVOI7EMTQSiDbgadXYR1uaQxpwdp9J1g2sLPFN/SfadWlSCZyfWZHaTyvIBvcxMuL9xy7ODsnLefAhgNc579vBONrz0ivPfQDFA4n4kVG6LIRlH43rKyrjKX+Wv8lf534e/SgCZdYu5lF7Xfd1/Ykgq5jiAZHXy0akKrFbpP5uGH8h1Cw78BwNXOKhacGPfz6v0CSdnNOwLVFUk90p51NfmkqAd3aHDbydWiePsQzPT/vQUI56as4Ily3sY2K8GgG2mDqapIc/5P3+JJ2cvZ9SexqDc+JGN3HXVjvbIO8x8YQXf+dkLGa3TON4oFGprfOrqfLRdEDTW51jZWgKgpxQx+5VVvPGO0bStq/VZsaaU8Lv7HefAICiTv++fuAm5XG/nUJ4y4Gl9bY5Lvjkt3Yha6ugKOODUJ1i+qgfH01W6OBHwcx4j"
[DEBUG] 2019-07-12 19:39:03,234 method:org.apache.http.impl.conn.Wire.wire(Wire.java:86)
http-outgoing-2 << "h9UTRJrf3fM2o4c30FMKWdMRkJ1shSDU3P3YIk48ZDI7fGoo19zyBqFYG3E6EbhxQlOx2VcKrjl3K7p6smAfmRQMtbaV+M7lL7Cmwx7NrAjdv1+BnbccxjZTB7PPLqOSBYSnFIWCh+8pjjlgXY7cdwJKGSC7UPDpKYa8s6SrQpPTthml8JSipuDT1JAnn/M4cPoY+rcUqK/N0b+5hiDUjBlh7I/W1+ZQyth27d9cYNTwBpavLlEqVx5HStvific/weTxzfz83C3J+YoDvzGT1+a3s6qthBYYM6IRpRSPP7ucpSt66ClF1Nb4lANzxLxClSsVrGjc1cW8t9s59vt/Z017OQkCpp2NGFLPrZdtT7/mApEWorjeFCAKpSMKHe8QNAxH55torBUO3Mpj07GK27+hkjamMKfoPQV7bqLYdQOTSM6HujyEGua8DSvaBeUJFBVSwJgE8K3X+VCZclnEYmx/xR8P8kDgxWXC+Y/q1DO7CLMXax55R7HXRMUJ2yuunAthSVCFuP8LlBUNfsDXy88xtbycXFg0TqqiyGh4BkEqNwTl+UiQAtjZqlPJseEYUHW1OJUVagwME/cFSIHU2FarBXJMfzd2S6MgJG4tokHrCN/LEZbLxlxtIW+cR2lNLp8nKJXx/Bw6ClEjhlN/9OH4Q4cYDVuBufM1v38g5G8vRrS2W99bTu/p9SE/20VRwNt6HcLoJXxrLiGKIrx8DT2hQL5AHqGgIlT8zvOsHD1bBZLd61TILwVdTb2L6OTDiIjRyo0BVj+fIyiVEeXzXlBvQP2PmSQqpyBWIof4PhaQZIfCbHDbxdPNn3ntbAYxoKqjzNznbzpf2QQqbKyaWGMv8pg2hSNsu99UaUjSzWiK0iolmTh9D5QnRFarU7Src6lTMBNlTRHYj5xOvl3gNJGDMiYQlCNDV4s7FaZTH5I1G+F+zIhtgWYcvWkLNGsSQSrEgKYqnU+VKEQp6+RN2ROkYr7zaQg6O6ipb0IrRaRiyTg9Q4TUbEwq1+SjgH2uRSf3ya+KPzhg4xEHENBOuePHyulDkrYiVSkz974i3iS/VvZJ8LiBiPOuor3/KynJQ5xH0t+kLBVZidcrSJW/yl/lr/K/D3+VwJ1fs3NufW3h/ytL/1YKSj0fHOgDqAqsVqlKVfqEkHzAe2UnyXTB7ykDVIKZHNoSwM1lExLPI5VpCeR8jz13GMFfHltEsazZbbsRAAwbVMcdf32XVWtKbD1lEHW1RpvwvieXsHx1D7F24Kvz29PNY0USS1b2cPA3n2L44DoeuG5nPE9x6kWz+ep+EwGor/WZNLaZ5sYCYDQjB7Q4E1z8dbZCDACPPbOMQ8+YwfDBdYwcVk9HZ8DQwXW0dZRZ1VqiWI444UuTKAeaW+57m3IgDBtk3s99q41Va0pWptbtugIRs7H0fMXE0U20NBaY9cJKNpjQwnnHb0JHV8iR5840Nkor6No/vsGEUU08NWd5AiILOt3queWo0IYZ0FJDbeGD7SAlOLmVb7KQsoL5zNbD2XT9AXR2B3zzkufo7A7cwMk2MQ6/xcYDOe3wDVjwXhc33f4WpSA2YRDnUfWSf2dPyKFn/o2rvrMFG03sR6Q1Zx+7EVMnDwAg5yurRS2ceMgkvrTnWL723Vm88kZrkq77g8Dct9op5I32I77i9XfaWdFa5JzjNmajdfsxbf0BvLmwgx9e+zKlQDNscB1Xn7M5ry/o4MrfzWPx8h4j80Qe9jpOxJZBayEIdPIRwAVWg1Bb7+uVlD7zwm5q2t6gOHATJgzNcfA2ilIAx90QsarTKVBlV/MVTXnh9yf5dBbh/Ls13aEFFHICWuHVK/IFodQG1Aj4aTNZXYRfzzFoYJfApAGK/g0mmUENigktivvmaWrEY9ZiwQtt++sWVI3JTM7T7Fx+hz1Lb1DT0wVK0KWS0UKNIpTvo8tllO8hkRhNVQcJjLVLlRVc/Os6W9JRlNgbVZ7RUdM6Beu1zjqkiY+++36OUk93Yl81ds6EdUSllEIKBXJDh0AhjydC2LoG3dFJpE29iSd4vk/d4V/GHz4MgK4e+O39Ib+6J6C9y7QHpUyRPsx+wwPeCgejC/b4tPJoC30uXzSCt0r1BHjUesLGdZ0cOHQ1I/Il8kobrURrN1Y5qvWZMSFpg4mvciIda0UaIExEEwOSrjmEUqiZHzQ5o8zHSNbTepLhZCh2Ml2p1bf/qSz6+mR4/lZGfuOhis3dZ7j7zgPYoXEJv9rlHI7ns/zlzgPZofUpGo+4GYATf/wzLpjaxs27nsPxpD3PTDWf5d47DmSH1idpPPIm08OV4qRLruDCKfDYtcez5+0qm2cnDk79IV2fHc5rDx7B0+vfxOE8Qd3RNwGpziocyXP37cCwF25hxJn3cdV11zB6xWp2nDbSKWQnj160N9NvTrlO+eXdXLRlI6/9eWemnJ3OWe6Yr374S3qmvkzdHj9KfQN+5VKWnTGNfvPvoWbPH1kem58LfkOw35gPrKbX/rwjU862JVXZ8VrEM3Na/FABEkOoVofWzn3xHl1IwU4fD10sooM85HIojJZ6JNaGcQLYeplvwH21RnH+SJJW/C6+6ltjVZwn2TnMtsheGqu9Uk4yZurEmmJQ6fs0bgv89jK38y+meN5K+oty+o8LluDcOx2zyl/lr/JX+dfGX6XMSJ4xRyV9h69S31QFVqtUpSr9R9E/PMc5OxXPU2w1ZRD77pr17Oh7inVHN5l4PcX641u45LRpNqE0XE8x4tzLXyQ7tZhAngffP3FK8iTWWC2WIjbfeCCf2mggL85r5c2FHSxe3sOZlz7HjlsMZfigOpas7OGex98jCOxkrrJJ6EhT1oogjI89CqGWZFKrr81x9blbJNqvSpEcB0/lkJbFuWTpih6WruzhK/uM56yjNuLF11s57Uez2WrKIL44fQwCTBzdxPJVRebMbeXwfSZw6F7j+PtLq/jN3Y+n+UxQFgEx+kiFnM9+nxlNW2fAD3/xEqcetj5jRjSyeEU3I4fWMXF0I4W8OQ6+3thmdtpyGCD8/t4FtHeVM3mPHYoklZIAfyqp5kO+/VTqwMsVofPFWbC+dUJJ40rCKFDClEn9qa/xeeyZVTz+zDLaOp28kK7HwDjgGjeykdb2Mj++aS7LVvaQZMCVfcVNuaxZuKTLmgwwYOUDTy1h7lvtgHH6ddpX1gcFM55fyey5q1gdayHH2e61kJE+bzed1J/tPjUE31PMX9TJ2cdsRBgJ6wypY6spg9h8w4Hc+Oc3SQB4tba4+uh0yeKzj1WVkG1sMYNE5LuWUW5sZWjzYPo1wLurhSffFBatkKTLVlrj8PLCJsONL6if3Kt5cYEYm6qAhKBqBemBoAjKwxz1F9BFE9GaHuGuVw0YsMVYxY3752gqGK3YHccpthzlI2LuvQI895RtNznzX4UwOVzJKdELNKgIlfchjFKHVFpDPm9MAURRulBXymh9WgdNOCBqAqraa1XxTCJtQEDBOr1J9dzCMLQAqxm3glIJP59HhyFRFBkwNpcnN3IE/sTx5CdOwBsyCK+pCQp5iDS6sxO9bDnl2c+jX3mVaHUrdXvuRm70SARYvFxzya8D7n9aU5OHXk6iPgR5wCIGEVnASXRER9nnwTUDWFSuTcI9saaZv3c18+OJCxmbNx+5lKcSZ1vETUqppFnG8ko8uWsDSusoC64qILImEKIoQCmfkla8Vm7+p8v1vhTFpx/ixpzZlpi/TpmeffwGJsWvp+5PxyP7w8InuZnt+cro+MUSbt7hCeb98DQWbbc+LQCN29F5x3jmMYJJjQD1fOXh6/kKwMLHaTjsBiu7WLNUI+FXmP3oDkx2crTjMTfRdQzAYn752dM5Lpk+JSNn5DO8tnoxTPk0PdcJNUf+AtTuPPDnQ9ix0UY25SC67z3IXI+qx4Cpu/PATvdx0ZarWHDTabwwb89M+gCTv/AIpS9UCrKTxy7cgwVTx8D4MTz3w4uZepYV4U0zef7r09hx/EZcEwnHWXF7cfugk0cvmM5uNynURb+htN8YXrvt00w5EzjiMpadOQ1Em2+Dcb3YvnvKzfdw8VaNrHn6aoZ95Q+m/M7UY6YNSaeY+LnN"
[DEBUG] 2019-07-12 19:39:03,234 method:org.apache.http.impl.conn.Wire.wire(Wire.java:86)
http-outgoing-2 << "tQY7Hih0WMbDmOPQxkSrUYQVrAUblTCZDy2eTcv2cXAcRTnDajIhxYNm/D8lQWdN7EpW49XaRXHmzt4LEZXpZ+av6X9OGNz32ez9W2GJRCbx2Ep6XdGm+0QEqvxV/ip/lb8v/v91SsDU+DY2QfX/mKdPIFWB1SpVqUqfIOp7Ca+Usfe55SYDM89zfqrhKWLsRG65ycBe02hXd0jmuDQkc20UCV8792n6NxcY0FLgqP3XZdP1+7NwSRc/uflV3lncRUdXwLnHbcytDyykozvk0L3Hsc3Uwcx6cSUPPLmYsqtpkuyB4w2Tvc7sqAz1lCIu+MXLBlS05Tn2i+syeVwzoXYWBzFvHxsd31PU2GPuy1YVufWBhdTW+Jx3whS0FmY+v4Ku7pCcryjkPfI5VwB2J1mh8dLcmGOXrYbx0IwlbLRuPza0mpn3PvEe5x0/lcnjm8n7HkrBV/edyOGfT23Tvrmwg12OfNjoxGQ8bOAsilRmURSEQinRohSMfc0Yi0kBuySyTAWnCdz+8LuIwK0PLqS7FPLV/SYiYrzcL1zche8rJo1tpq7Wp60zoKUxz5W/m8fDM5dgzTc6MnflVNGihCT/5UDz54cXEmtLNTXkOPnLk/EU/PXppfz2L2/bzbYjiwRc7pti/C4OsbK1RM5XrDfWfEQY2FKD7yk6SyFr2gO0q+jUZ7bNRXNjnjHrNDCwf21GnAADWgrU1blLhmwdJQ54dIna1leZt6iZax+uZdZCyPUXjt3MozGneHKuMG+J0BPAxqOguU5RjmBQs3DL08LVf9XETloTTCGuVhE8HyQC6VKQN8/DEMplyOWEhcvgZzMj9ljXY6tRirnLhT+9pOkJoKUZ3u0kiR8PRAuDKHJGaRaDdDsqCow2ahhBGBkgFaCnmMorqQAx75UFB22jVJABCxMR2/YdH1s2R7MlddqTgISKsFzG932iUBAd4ZFDa40/cACFSeuRnzaF3OhReI0NoDwigXJogHzxwBvYSG7IMOo3XJ9wwUK6b7+b/CYbgVK8s0Q495oyz76qqcl/dFhEIayOagjEIyoX0QK1nk+tpzOtOBDFK131LNDNjM214iuIghDP8xJANdbYje8TIDoeIxF0aOokigzCrnVkgFetkzZbDkPeDgawNKr/yOXriyQMKsZr6eNaJUPozXO6uWDaGm7e7nSOP/NiOndYw1lfuo5Jv90eOudy5vQLuSIu5xl38zP24N77v8QOqx6j4cvXA8JJP/sFF673Nmfu/jzT7zuEHUSMndMDz2bJiRtaIHYHum5+lLodDgYFJ196AxdtCo9dfSTTb+1rXEl2Ufb3Li479S746Q0czkJO0TtQANoAACAASURBVGUu4w4++/nbEf84XnxwF4a/8BJLp2zM5Hcfpt/Lk1ize388OYDd12+Etx7juOgi9MQLUB5cc//fOGI8vHbrNkw9A5Q4BhSULS/ADVcwds6J7Ljfr3h+6lgmT3DzOIYjXn+CIwBYwE0TD+G4GOgTMWYGkvwbu6kq1q6XCCLTRlNv94pLF63kYhpZ+t5v7fhox+CknbkbTPAkmWLRdkyKlKCU0RDXYYT2zdQeY5nxPCCQfCgxeVZ2+FA2mMKRhNt60tpSxJ8WcB5ZPmcd0CseO9CrvqBR6fU3zQ8Vmq5x+pXc/yZYQpzU3I+vyYdT0mfJ2spZVFX5q/xV/ir/2vir5FAKqJr//5YR/r+GqsBqlapUpU8A9TWwp9uOSAt3P7qI+55cbJ7ZDUtDnc/5J03hS3uORWvh7y+t4sQfPkOxnD3SLS7wlEy45l2kYc7c1Zx19IYc8NkxDLAaqw31OU49bDKn/WgOC97rYvK4Fk69aDZRpPE9Rc6P7SzGE3s80bv5J9n3xJTPeXjW8VVHd8BDM5ewZHmRyeOaaW7Mc90f36C2xmfOq6uzgJlbAnet4KwZCnmP0SMa2WeXUcx/t4P+zTVsN20Ih+493tFY62ORoZy8AkGgGdy/hgN2G83eO42koS5HdzHk1gcX8sqb7QwdWMsph02mtuDz4IwlzJm7OolqVVuJrB2fXhLJPkxDOq/i61i+kq6pELdp2IfGnMGzr6xi9iurMdo88MK8Vn52xqc4+dDJ3HDbm8x4fiXXnbclwwbVcc/j73HZr1/j7UUddPdY7TTBmglUfTfJTE4NeZ6isSFHV3dEqGO7kPFhU5L7rNwlG5Giz2qJac7c1Rxz3ix6igZo2nKTQfz2R9v+gxveNNRG6/bjDz/e3tpPzVLOV7Q05SueZgRtSeOX1rD0rdc57VeTUV6OmjqYlReuPMjj23t53PmM5uK/aG461mfCUMXKDtj7kpBv/z6irdPWX6jAE7ycgkCQ2MRpLVAGVWERo3WVMGQoLOkUbnk+YsIAxRajFG+sFq56SlPfBI2NoHxlVj6+ggBq/Ygj5GUmhyvwowB8D6U8REJQCglClO9VVI8kbTSWQHpUPe3SbnuO7am6TppEhCiMMN7treMrZfq/EoydVQRVKCCDBlE7dWMKm07BGz4U/BzFMixfJryzNGLxCmHxCqGraPpCXa1i6EDFOoM9Rg4ex5DDvkq78lj+dsAVf4x49lXtfET56FSmhqKqp0WVQEM+DKilt/mO5gIMai6Qa2gwHuUj+8HEMQWQtKgYVLUgtXF2BTHgqjDXOgzRNh7RglIepUgzoziELvkXLXOjDwZWYyBPKbj8ybc5fdqGbHVGwFUbjYDGFnY7IGBBHD4KKgCuWCNX23fC5IH1NqwBrNtWLUSiAH7/PYb/fi/ue/Awdlj1CPWH/NyE85z+qUNMdQioz3P/PYelGqgOTZ5+C8Xp8d2hXHznFNSTA7hod+e4/5SN6QcwaldmhW+bOHfYkx2aO3j8Z98jF3lECvQRV7PveKD9WW463cy5P3/waQ6fsIBfjjuIYz1IPyn8ht2m/dp+GKy0C/4lHnjuJHbkWU7f9AQuS8TUyI5n/43S2U7+959Baf/0filRMj3EJy5wbe5KlCj7uhZi3S26BygNnnXmpTzr9y7nkSvkQAsRxkGlxPZKBdM2BTwEwZjIMEsAL9FkTe0s03s4jT8yqNihlglg/qbznKtxmtjNdrW2Mu1UZS8z4RygwRnAKgHVJJuuoP7VpJyLuKyu8zepDOcCJ1X+Kn+Vf638ClA5O25FH57//zv/Hwf//zilH7AzT80/WctGs0p9UhVYrVKVqvQJJzNjRlqIylFmxV9b4zFqmNFYyuc8tthkIE0Nedo6A9KZ1plK1vLl0lOKzTYYwKABNaxqLVFfW8+sF1ey3bQh/Oi0TTnhgmd58fU1xg5lkj6pXcs4nXgT4m6gJN20FAo+e++0TnLcXwE5z2PYoFquP38rhgyo5evf/zu3PbTQxXb6JKlYM3ie0Wjc/7NjeGjGEu5+bBHbTRvCaV9Zny02Hsg7i7sq5OFuPrNxl8rCy2+20d5Zpqbgs/1mQ/j7S6uYM7eVZ19ZTU3B45gD16Um7/HoM8u48bY3szJONoFOUpJuHntXQ8V0n5RdaKzPs+2mg1i4pJulq3ro6A6M1/ckvXTnJwK5nHE0VQ40c+au5tJfv8qPv7kZRx+wLm0dATnfI5/zCELhlTfb+vhaW5k5VfEoG973FQfvPpZFy7p5cMbSvovl/la2jz7SlYo8RFpYb2wzm280kBWriyxdWTT5lor8CBXN3n0AK9eUuOfx91JHaw7V1fp8cfoYax+277LGR5KVROQ7FkLdAPItw9CB4oWXheNvjHjwjBz7b+Uxr1Uo5KGQM/G88I6gM1q7dqEXGVDVK4DkFCrUaK3wrO1VAOVBsQxBALm8KVJo7aharJSjNvdoyMGyMtz3phgYxIctSkv5fGkehaAEvocEgdFCDcoQ2CP51n6qRfWc4qd9t8+j9DGgGpsNEDF2VG14ETEOpZRnjveL4BVyaN9DDWrGb2mGdYaTW3ci+YnjUc3NhOKxpkuY+3bEU89HPP2y5t2lmiBMnU7F5Hum/Q0ZoNhkgs+q1V28+W4bKzsaKRQqQfKPSCrP6qiBwX4riCavYEi+jFdMLSkXPNh1ZMiEYTV45cDIxvNwvxC5R5Ldo2iK2EatceYVlsrGXq2OEiBcKc847QI6"
[DEBUG] 2019-07-12 19:39:03,235 method:org.apache.http.impl.conn.Wire.wire(Wire.java:86)
http-outgoing-2 << "dIGHetbp1Vc+LpIoRvqTJ+5bQGWwssUnG43Sls/dYk0CNLDDyT9m6AKgcUMunHkLF1ru195dxORRFshs3JmuGTunUXeIMU8hmE1wAshGdkzUSHQMz83cNWsK4IRbKZ4AdL7IGbudw/Tdbkvz+sUfsPSkTQxYyiJu2vbrHIOAsg7kFFx6sSCnX0t591Gw8D76HXAB4arVyA/upGuc4GkBmpi68wHkrv0VyvO54qBP0Y8OHr38WC7Vymhq2jSFCK0tkPnVq1n+nc1N+u3PcPqUGUx/4WR24hlOn/J1LvvRXuzYDGtm/o1LdZS0Dejg0R/szPQbQH70R8oHjOO1P23OlG+D2DiRCHGdsTkfNkxWtNFwjd+RrdZ0ODJ9XXtCJKBzilxdAb/GIwqtWQsBT6wGLabPmw9oGqMxC7E998R+q53LlLip2aypbMtKQej4TjlPY3LVZVNcASculfntDSQnlPBkN93ivv93YRICGcA4zoBpDM66wllU9Fpn9MF//YFG0Ef/Ye38133R3MdhPs70q/xV/v9P/nwN+AWHX0Opm2Rg+k/P/8fFXyVDEmuqSuZ/lf5xqgKrVapSlT55FG9c+qR0tV/IeQwfXAdAGGnCUBgzooFFyxznSn1F5ewglGeOQa8/oR+/uvNthg2qZZ2h9ZQD4aEZSzh4j7F0dYc8OGMJG0xsYcZzKxNgMAido7CqIm4nv/mch/KgrsYAftpOZLU1PofvMx7PUwxoLuB7MH27Eaw3tpkw1Nz5yCLeXtS5VjHFWziAoQNr2ePT67BsVRHfU3x+p1EU8h5/f3kV3cWQDSf2W2s8qZAUoCmWI44//++0dZa54/IdKZUirvzdPHxfMax/LfmcIrRezQe2FBg2uM5ZyyhWrC4SBBHG1pwYOTvyESCX8xOw6oDdxtDaXu5ThCOH1vPV/SaSz3lc96c3+OnNrxKFEX2RiKKQ9/nSnmPJ5TyefXkVz76ymgeeWsyG67ZkFhBRtJYFRV9rDOdZTcFnu2mDaWkyKpVhJDz6zDLuu2YXjv/B35nx/AoyDW5tm9PKZ5m8SMpr77aeMogzvrYhz7y8iit/Oy8N57KtrctYev3tdn50wyu0tgfJmjOmdYbUsdPmQ2lqqADkevUfUyAvKtHU9gq7btvEuqObefpN4fVlcM1DmoO2UZRL4PlpFPmCEIYGM4odU4kmwTIlBCWCFhjUDMMGKQY0moRVBHtP8WgowJKiZv5qoWTN59bkYNwI4fRtfRoL8PAC4eEFEZGCwVEPJ8tzNKoQtCASQbEIolF+zpgCEEHFzpIEjB2CuKgqUy9mjW7uRWsDGsZhYlDVmg0wbVSIEvuscX1F1BxyELlJk5B8gUj5FAPFqiK8N0+YOz/k/pkhz72uDXDqgVLGFrRXqeiHSXrpSuG9ZRHdnT0opaipDUnsKHxcJMIS+jEhXIjvKTw06+R7yCmhLApfwcaDNF+foulfq9ChAq3xcj4kph8klWMmarNhEoQoME7DvJxPWA7MiKQ1np9DW/uzofJ5PhjI4qjBROD5BnEv1CJBCfUxeH6VKEg0BV3v7ckeLw5nr4ZP+zywD/c+fgQ7rnqI+i9cAQquvu0uJne8yJnXwRmnbQLP3Mi0Y28H9uXex45kx1UPUbff5XDID1jyjSn0a+rHpNg8hazDvQ/fwbBHP8fU71tAbcyu9Pz+QWq22DMFEBVwzjWUPjeKNfP+zqVRkIy5Il/ggSNiUBVgJEf87niO+eKlKC82WyFc89uHOCL2FTV6d9bM2h14k1//zpb0gZ34zdB3+fK2+3FlcA0n/OxhDp8AtM/lwevKGFdtTgMVo+GJCPKLYxly3Zd58OVT2RFAa+6//+9seuAWXPz2M1wMwNvcftDNVqKugENEv999ZE+kmIFKYcuUvA9QkZGRklRjFeK5054tEAOMagEv55OvqyVXmyMKSuTKGj+yzux8BTmfyPfMBwV77DS2eWqqwzmWb51niY7BVtIO4P6mgqtsiX3ex+1R9RlhUsAUaLCv4xJnAQhxGcg2dKnI37+IlJv3isWCoiJfVOSrcuXg3L8zJ71eG//COWvn/6jpV/mr/P9f/H7egqouvweFOih1/efn/2Plr1JKkv6Vqo3VD0tVYLVKVarSfwH1PfLX1fo0NeQRge5iRFtnmc/vMooZz62gUs9jbfEopdhzx3W4/8n3+N5VL3DhKZuyeEUPbR1l/nD/OzTW53l3aRdTJvVn202H8PQLK6ktmA1kTzF630mprtZjvbEt7LXTSOprc3T1hNz7xHt89QsTzfsa4yQql1PU1+XoKYbsuMUQPr35EHp6Qma/stoAq5XrhiTv0Fifo6cU0VCfY4uNB5HzFWPXaaSuxqe7GPH2ok4iLfRryrNyTYn2roAMcK0gu/JQhJHw7tJuJo1tZr2xzTz2zDKenL2cdUc38btLtkMpA0Z7SnH0Aety0O5jM/na79QnWPBuZ6YOXBBTCezwqSGEoSb0FUfsO9EAtX1QbcGnsT5HPucx68WVlMrZcJXy7+wOuOfx97ji7M359pEbcNtDC7ngFy+bPDcX8DxFpIXOnhBBpdpHaYw4O9Bei7LmxjyXn7k59dYeqWhh+eoSWguXnb4Ze5/wWJaxsn0oIWu/1WyNezWjD7MYrNhPr/WZfSEVr9U/nKBkLsvdXTz16HPsdPLW3PqNOp5+QzjuxpA/zIQ13XD8TsZbdnsJhk9QlIvQthwiDZKHcg8Q/h977x1nN3H9f79HumX7rr3rde8FG4wxxvTmhIDphN6LCTV0CJ2EGmpoBhJ6CZgWAqaFEnozYDDYYHDFvay311skzTx/jKQr3XvXBTu/b8iz5+W1rqQp55wZaWY+OnMOnpEXMqKIR+HyA0xO393AM57t0w0eOcakOC6YsUJxwgtp2ly/pd2LYFh3gemmndOkkJYiGlUcKeYxIN2ISOvAaMqyEZEIJBOoVBqU1A5cDbe9pdLBqhxtweprxAUZgo7+DdPU1pOORBguaAJIy8KzEbPT2upR2m6gs0icOanu2EtMLApIJBW1TQ6zf5LMnKdYtFL37cK42CDfqEKAaZoYhoFSCilzt+hvLCkEq5zuENFOcIUQDIhpYFUKGF4u+csuFkO7CUgpkBJhGtrFgyG0bl29KL9Ml39cP7RSIgwDx7V2FWhQ1QsCJh0NhDc5UR5o2xwnGofCYiivhJ59cMw41vyfKEgt3HiBA1v3s/kNWxrq/7+Z+UbGgrR0Tzpm7AmL3uJx5ZahvJTStYb1wFMJztl8c+FWLvjZn5O++p2+V1mtj0NuYPVXY/X9xW8SP/ROzn/gn9wyHj644xAmTjmMN3fvDyzlpdOf80VQwPn3H8WE0qU89gpMOnAAc776ll7jJzLrylvZ6gYFQqGOvp2DBwK08cFdEznwkQS/v/8Dbt45CFBKzps+n+OGD2e7O2/ky6OG+teNSQ9Qc+2O2gcsAIOZtHiG9pm64EViv7oGEXRMKh/nzose486LrmHWskNcvSntziDEfSm/+uM3pP+YuTryiG9IH5E5X40GVj3/pELgvtMV0ErNnAQxJdz+pULPtX5mZaiVoxGDqCrAcNLItjTKspCJBDJtacv2iIFRXIRZWoSKmCjDdPtD0MJUaBwA8FF4qV9ywVdyJ0MM4Re3Cv3yt+27QHAuqXA/VbjuC4L91uVPBCzy89SSsfz9f4BMeC9WEfgNhEBeD1wJ8KnvKUKCzPsApl4FLYEdJIu/hIePXTsPi76AR46Dsl7w2xtg+O4/r/6N5b8rf1f+TZE/aKkazC8i+mOkkv/d/G/K/F0UIn8MUdBlsbph1AWsdlEXddEvitZ3Ci+A4sIIZcVRbEcy/bt6pFLsvXNvrr7XJJHMb9WYTUoppr6zjMdeWkjUFEz512Kee3MpC5e10tiS4vRrvyBtSVraLbbfshLDEJSVxhBCUNcU9CeatQAR0K9nMS/ctSvdK+IIoLYhGfJvubouycHnfsCIQWVMvmJb/vLYjzzzryXYtgZ2Mlvec8tGaRcGU99bRs+qApJph5sfnk1leQGv3Lc7Q/qVMGdRM4ee/xEdSYdelQX07F5Ia0faLzEXeMtMUGJRgzOPGk5Dc4pr"
[DEBUG] 2019-07-12 19:39:03,235 method:org.apache.http.impl.conn.Wire.wire(Wire.java:86)
http-outgoing-2 << "/zpTB81RsLymA6kUlRVxIoUG7Qk74GZAk2UFLHkDrHuqUgrue2Yeza0Wo4eXc8EtX9PSZmXmTIG0g/qW8Mp9u1PdvYBE0vNh6iUS+Ct/hf97eU0H9zw9h7/9cXuO2ncQS1e2cfdTc+ldVaitbW1FXWNKTyzcvKKzjqfCamppszjzui+55uwxjBqsoQQpFS3tFr2rCthn1755CslfuPIbIfu+Ch3ysNQ5g6Gb6/c05VSTj51OFvEtDU3c9eQP7Dl2K3YfFWHyiSb73+rQsxziOoA9i1crls2D8iro3kdhmgLbhpZ6SCcBU2GlAQekBRFDEY/ovN8uVSBgbH/NwIcLJI4Dja5RekWhYFiZtpiUCj5ZJHFMGJms52A1h6id0mayhgG2BjqVdBs8bSMiphbQ61fSi7atcuRWnm4UIVBVSonhWq8Kw8Cx7UwAJs/dAIpGy+BPyaNZ+HQflJXCMCAagWhUu8coKvj5AIYOlmWglOP7I920JFiueoJhoqw0IOhntFFsSsZUCm7ZyWLLSonwQOlIBGXbLrgqCW4501a9ClAZ36lKIZVCuH5nESClg3QCFsRKkSbC284wFleMgL5DoKgIMFAOJBMSqQoo2ATSKsfKwMBuf8g25MtYzgi2Hr0ncBhvTDudCXVvUHjA7SAO543PgLqV3C17cZkuGJzz+Oa7fRgJzHnnVs578GVG0sYHtx7E3k/q4GZ/e+VdTho8lgks4fGjL+R0juCtz85ggnKB2RX1NI0fyIQLH+KtXSuZUApzXj6R0+3AWvTax7llfAlzXt6fM3hCA50rzucm9Rq3HPAyb87fl4lPS9RTZ9NjyNNYBwxiwvmf0nK+p4WagEICfWrkAHo2z2cewxmBRNx7JAPuEyghuPezpZwwfAFP9NqbMw0DhfZFrgj49pMO6o5XsI4cEtD4ECYtm8XBn91G9eFPoC44gNgFnoWp8NPPeW4LxlzowovC8IHSjFdrAEnskgPY/LZuRI0qhvaBZCJFbW0tlmXhWY6G3/luCZZCphI4nq9tKYm4oD8oZFIhk2ns9gSRinKceBQVMZAE3hs5X7UEOMK/7vl6zaQTfrLQwBm87fe/4HhHMEPmfjYYEc6QxV3gA1Kovsyx07FxU1PIQtbTZWDSABkQJfDsZe65v7NBVYB37l53/e9O1seW1bqMiz/+efVvLP+bKL+SkjX19ZQUFlJcVJSTf+WqGqSCfr2rN7j+jkSCJctX0ad3T8pLitcrfzqdZnVdPQP69P7Z8q+sqcE0TXr2qPyv1///eX5hdJ7fMHUAz42pX5gQi+sTK0EGqP0vkT+Yv4vC5K59XC+r/9fc/KKoC1jtoi7qov8dCrz/TVMwwo3w3tJu8cTLP7HNFt3ZfstKRgwsY+bcxnC+nMWBV5ggbUlKiqKMHlbOq/dNQAEnXjENJRWlJVGmf1fP6roE4zbvTkVpjKryOELAT8vaOg0wBdDYksa2FcmkQyyWHbxF0ZG0sR1Fn55FfPNDI69/uALTEMQLTToSNrY/Scglw4AxIyoYN7qS7xc089XsenpXFdKvZxGFrg9Xy5JUlsfpVqooLY5yzP6D+ObHBhIJh2WrO/IXjPbXWlke41fb9eLup+aSSDmMHFzG4H6lnHbNF9Q3pfj3w3swelgFb3+2iktu+4bB/UpIWw4NzWnak3bAQi1ImfMVNQlueWR2zrzIB2Fdvdq+X1v3euD32hZ8n8+s4+nXF3HMfoNxpAahqysLKIhHSFsOS1eFwWB/PYzovKsAqbTki1l1NLek/Wu2o5i/pIWqijjdy2P5MwYuKcA3J0KEhYK8bW6aopO+ELyYt6P7FIuZlJZENAiACC28S4ojRCJ59ppnV5UtknJYs2QpVz9Yyq1nD8V2BIaAqCkoKxDYEr5bpnBsaKiBxjV6w3BZpaK0uyDi7lRLJyHZpo3WPDba07DbbWmUAS136Wcu1aH/FtdqoL+iAHYeooHVhg6Y26iIR21+l55FuUppsCUWRSUS2kmrEOA4enu+YWifno7nNzEgqvAC4ejJu5IZANALtgTKd0vhOI6fznEtVT0QxLFtzEiEYmUxxlzJ6nhvjPimRisEhmGilEQp18XBJkREhIBlshspy6bABXmqoxYTBzicO14yrFwhbHe7tFTI9nZIp7Wu3PeYdoesdSR9v7YacJVum9jpNAjPyte1BDaEBquFwZJILx7vfRwq1k3PcBWoJCQTkOiAwnV04fUm32IVMm9sQsfg7ze//IAJdTP4QAGD9yHx/T7Q2kZTKTT9sAgle7oZHJR9M2NH3RwoYV8dsMl9vhRwxr67coZ/LkBkgElh29x55XHcOfdu1lwyjgnbAixm2lXaBYASwHVPkTpoIE1f3suYqyy4zlug2tx58kRGvvIpky78iFlDt2fLq5X7vm7lw1t3Z6876rnwH7O4adeM982eJ86hfkQ5NH/Ck3sczr2cwcuLr2aEC5QKgu9jhUgniQgFpkFJeTm3vnkJE8qAZsXeH37PLcOg6dNb6XHYo1rs0x6n9toefPOWREmHBz/+kUnDcptl5JGzSR8ZuLDgBWK7XqmFFiBRRLC5/PnpXLFdKW3f3M/+5z9H2hQkWiK0pJJawUr5z7iPE3jt6anak0e5Tg6UBm8NS38AsCyLSEUZZmEMZer3qTdkez5VvcWrkIYPYYb7UWBZ61m3+qBBRkzhpcyxLsrupdmkMoJ5Y2sOtJo/t3IH5/yWsZuYghZpSmkFhqzUvIFThEEVT74gCpwNqoK2WF0XBdO0rP759W8s/27+ZNri0j/fuV7qO/7Q/Rm/1eah/A1NLYzf52guPO0ELjj1OJRUfP71LJ1BwVW33Ut7IsGdV1/sl7Pj+LGgFK+9+yEvvfEu9914JQXxOKD4cd5PnPunmznrpKOprCjjmHMuZ/J1l3DwPr9Zp/yJRIIJh/8OpeDDFx6lsCC+VvkVkp+WrCDwQDDrx3mc+6dbmLj7Tlx+1u9C8xcQDBnYFyGMTab/X3R+g7XnD87/fk79CIgXgZKQ7sAHMf9b5M/J30X+uBMcgFTgRhetF3UBq13URV30P0mFBREO/FU/FNDaZjHjxwakUvz+qBGcdsRwzvnz9LB1YycUjRhMuXVnelYWUlIUwTD0IHzDOVsxoHcRhiH4dk4jh1/4MaYpOPOo4ZQU61frd/Ma11qHbUuWrGznrqfmcPfl4zPX3ajPdU1prj93Kwb2LuGmh2ZTWhzl7svHs+3oSh59cSG3P/YDHan8lreGEPxmp95cduoW2I4ildJR6aMRg8J4BMdRjB5ewbuP/gbQUd8LC0wO22sA5/55OktXZYDV7HlHYdzkzsvG07tHIdefM4brzxlDY0uaP9z2DatqE0Qj2lIVoGf3Agb3L+bzpyeiFPz5we+5Z8pcZPZoHV7L+RTcaqiCc6BO0ocWiIH7AohHDeJx059nTX5qDvc9Mxcpobw0yqgh5RQVmDQ0O6xc00F5SdQv03KU69pBeetuv67wWjb3+24iaXPOn7/i90eP4MlXFnHqYRlEIBQVOsjsWigWMTRAG2iY4sJIPsh33YUFaMetqvjimb3J12UNQxA117+siGlQVGj6YPiHH89jm+8lybKhlBfB0J5QVgQdKfhuqaKiCL9NpYKmOkFjLQhT+xGNFUJBAVT11fN10OL3qFYIb6s+UFwCtgDLNWSsKoZdik0MA2aukVgWjFc17KBqiEgHZett6z7Q7wqvHFuz41l3BsBTvwuKjA2cv7xzO4N0dLkeIKij1WuwRph6O7twt+bj5ouaDiPFIt5mm/XW8/qTwohEsO00SqG31ZvmJitdoKiXxdjKRBgG0nYYO6ycHQZICgwJKVsHBbMdZDLp+rTF34KtG166z5bWiRACx3Y0GCwljmUHAGGtWw2yat+qTdFy7q36LfWFFboxHP0nbUhJMOMCO1q0SeRVdpqMD1PdcXNfSZkrE8pgzr8/gz3HwU+vUjDxJu5/6zNOKm3jg/eeArW9W7AOSHX+39/m5h3gg5seg7POYQJfcel9cPnl46n46VXiz/Wm5vLx8Plkep7wDOBGaFJSW17f+AzpQwYBi3nsRZh0yCAmffcGg27+DRO5jUJSEQAA"
[DEBUG] 2019-07-12 19:39:03,235 method:org.apache.http.impl.conn.Wire.wire(Wire.java:86)
http-outgoing-2 << "IABJREFUjzUHD6Lpi8lUnzQl/C6VFjhw2n7bwetfMumgd3h77gT2UgCl7H7JDFKXePLV+PlWPz6c7e8L6Cf4ZHh+ibPrEWBGIlSe9TgHuZ4DKN+Brb+/mejOj/hgJgjE/cdTfX9m7XzqzsM4zXv/KeCuN7GOHsqcZ4az5QWglO98wy9DKQFIIoai0HuXKRvbSiEUVHYrJ5lIkEpl3OFoi1fhN6fv+sBdkHs+bEPXURiOwkhJ7JYWDKMMETVdbNeVSmXW/3oMkeT3saoC5/kGPZdPt/95g1FgGCRoxZW3OJFdjhFuv+z6/k+ACE+GADji8SaCSlNh3UEYeBHZ8mwMSxtefyqd5oXX/82P83/CNASjRgzhkH32IBaLh/J/NWs2H38xg5a2drbdagv2/tXOGMIIyW9baV584x1Az/fys6hbcsKO4xg/ZnMQisbmFq65434uPfMkLxWnXXodIwYN4O5Hn84p44gzM8Dq0i/fQgiDJctW8vZH0zjx/Ct5/I7rKSws5J7HnmbOwsV8P3c+hfE4AN/OnkdBvABQbLnZCPr17Zm3/QoLC7n4jJO44NrbmPzoFC496+TO208IWlvamXD4yXllfuvDz3jrw89yrs9+9yXKyoo3vv/8T+QPTFzz5TcE2BtRf7xQp0l6vlo3kn9vjvYf018XeSrKvPNV4K+L1pe6gNUu6qIu+t+hwLqjojTK9mMqsSzJ+1/WsKo24QMfe+3Ui349i3KsEvMVJoSgR7c4vaoK/MA9HQmbqm5xH2R96IUFNDSnmb2gmVPcQEppS/LNj42hrf3Z1NyaZu/T36N3j0IcR/l+IAvjJoYQ/LSshV9v34u+1UX8/eadNPgSMfS95W0kOgFVs2nJynYOv+AjVtUl+O0e/bnvqu2Yu7iFIy76mPrGFErB8IGl/Ov+X5FKS76b1xTKHwIOvXlTzPTXVytqEvz23A9YsqrDX8zVNiQBGNi3mAtPHIVpChIphyemLlor2ByLGsSjXuAqb1DPLGz9CiQ4Mo/VXSdrPqXguAOGcNUZo32L3ex8ptue3cpivHDXbi7go2nazDqOuugTklaWzlXW0f0dvCwlrGlIcvW9sygLBn/ynIeua96SJeMx+w2mIGYSi2SuV1cWIASkrWzIev0nRe0Jm8Ur2rEdb8KZuReLGgwfUEI8lg+My13wbzWyG8/dsTOlRRl5lYdoI/xAS4VxeOzMSMiyu7EdNr/IoqlDoTQWh52GZAd0tEOb2z2VhGWLQJmZyXRbBzQ1Ql21Bu5KXctPpeCZuQ6qXXJpwdcUKBvp2BiGQDY1IQoKELEYJJMox0GYbrR6qcE7XBDU728q4MtQoa0wlcRxXOs8V0CBQDnSDVIlNDjoWmM6qRTCMLQ/VqUwpcMocxXSCoX52WQUiURJu+0klY3BpgNWAdooJW0WIUjTfYftiBQWgG2jbMf3WatS2i8lSmqgVUqUkhhC4EitJzMa1YGoHIlhCJTUPmsdy9YBwAwDx7L8epVSJEWMVwp3ZJo5GmW7z5QDyoYk4FhgNwsi0fimEdaxXaPyzLOS/aQFz+ND7uatb8/T0e1n/wTOpewwBGj5kTceslAnuw+AkqgT7uayHUpg4XTecP7OnW/vT/qw8Uwavi03ff4et+wwgTflr3hp4VdM2mESb544kN5XHqRdB7x9Lfe//hWThrby/o3bsNdjutjTLoMH3/yaSZe9w1s3TaDHiCwuPTmUjbL19VMnjuNUIUEoxI0KaOXDG3fgN7c3cNHUOdy8a0BG5SBV5j2g/E9nPTl+yRpuyDhYBYZzQlMNJwDQwie3PsTM1u78NHY/Jh33CPXXXoZVc1knim/h/Tdns/XeO5Iv3OLIo+djHZ2V/o9bsef9hsYLkEQjgidP+zXPmgKF9J810xAUFcRJJpK6PaX7/AbaONSoIvMO8D3ECt0fkWBi4CRTkExiEscRwrXyDKhcBcDWHMrqUXnHNhX+pVRnd8KGXW55fnKRKd5zy5CvpLXz8p8kEQaafR5EUJFkodKBPIH860NbTIQJZ8N9B6yVpQ2pv6a+nkN+dz5LV64OdaX7HnuOVx+fTEVFGSB4+OkXuO6uB1CAaRg8/MyL7PvrXbn3hsuJRiJZ8sMR++/F7X/6Q5gfFzx684NPOfWSa1396WuFBQW8/NZ7HLLPHroABT/O/YkDfrM7Lz9yNzV1dYDg5vseJZFIcu0fzgQEvat7+B8ZzjrpKBwlue1vj3P93Q9yylGH8Pq7HwPwwFMv+Cp69LmpPPrcVAD+8seLOLLPRNo62rn6L38NdjhfnqLCAh56+kVq6up1XSHwH6698ExKSkooLirg2b/eAggenPIC73/6JQ/c8kfKSktBKRKpFKf84RrGjBrBpb+fBEJQXFwYKutn95//ifyq8/xKj8t+Hetbv0yDGdduBIwo2CkyH3V+Bv8CiMR0WYapy7OS/yH9/f+XMuIHB4fA/f+XzPwPUBew2kVd1EX/c2QIweB+JfSuLmRNfZK/PPYjKEimJCvXJOjXq4grTx/NGdd+4VuM5CdBKu2w07Fv06uqgNmv7I+UMPH09+hdVcSzt++MkvD6RyuRUvHu56sYt3k3hIAfFjZj2Wv3Zaj8/8JUXKRfzV9+V8/OW1ezYk2CQ8//iLrGFA9ftwMTtqv2fZquzwJHKoVlS2JRgz2270Uq5TD1veUkU5K0LZESLHsd0R8DKwEpFQ3NaTqSDpfc/g3P/msRjlQYhsHIwWV0JGwWr2xHCNhiaAVbDNVL4HumzNXBsYDMV2MPqNL/Hbv/YK4/Z0wnAF6Y5ixq5rybvl63AjwRDL1l3ozkKk0gQvilYaC/2ru8eSD6RtO6vo771QSh2XDdF500irGHvsHYUd39ayMGlmGagkUr2rOAaxVou7XL8NX39Zx69Rc0tGgfmSLAS9/qIqZO3o2hA0rz5MyVSQiFaRqd6JpM2Uqr2Qg0dyQrgDhRfP+qKhK+JyJktuYCkUJwkjDre4UtwYPRljQrptcofmUupspq0b4F7DQKA2JxVDKFchwMlPar6ji6f3oAq9L9W/PsWS0r/VsqpNTWzGbEBQAtG8f2gu3oZ0vaMuMmQEoIlOd9SKg0GoioJIhN4Qk0TIYRwesD0nE28QxQ0eIU0NZjAMOHj8SwbXAcDSInU6i2dqSV1ussKVG2jbJt7W4BsG0boTSAaqfT2sLX0FunHdtyLa9cUNi2MQxDB60CbBFhWnw0D5bsh1NoQAd6jWBCRyt0WG4A5DIQzQahl9nPldaxstZwGTAjcz1Yz+NM3PJxX1cAWw26JrOqeehUej7svRMfo+dDOr+2iDyY2EVePbtyp7cwfmgsp+P65Hzoan8Rq8RWnIbn0xP/sT9tz604LYtP3+D24gOJXiJ8dj32/c3+Fx9A9BKISIkZjXHH/kOZjHaR8fvfZ/TgvWaUuo99BtyX8/bSsfkEjmkgCgowCuNIQ8BDD4AQRP5+EtWPKe0Kwv3LZBbueluAMDDcL5FSSm1ZLiVIhRFcZ4O/ZV0AAgnKJG1bIA20RasXpAMc6VpIu3qR3sev0GLdK8+zaM20f8bHqUI4mheVTOsPKIaB4/KjlNB8QtjyOe8xUK3PRdAXa7BjBoJKuQrw0vsNFOyv5Fpah/J31r8DJa/XJGRjKQhuB5E4nx/vd0b//nWhsvKvg7Y5HA66Hjqa1pFww+q/5IY7WLpyNWdPOoqTjzgYy7a56d6HmfrW+9z3xHNcee6pzJ43n2vveoBRwwbz4K1XU1FexrV3/JUXXn+HR54dyRnHHx6W3zuItdTvnbvXCgpijBg6iLkLFwGQTKdZunIVW44czqPPvsRjz78ckvK0S68H4IxjD2Ps6M38+s89+ViqK7ux76934893P4RUigtOOY5tt9qC7+bM56b7HuX3Jx7JLtuOBQUjhg4CAalUmudfe3utmv3Ha//Oe/2Ks0+hBMXVt/+N+qYmUNDQ2IwCHn76Jap7dAcFjc0tOFLS1tHBUy+9Dgpee+dDbrr8PDa+//wv5Bed57eT4NjrX7+yYcVsWD0XBo6D/ltrANRJ/Tz+zaj7581X3PxmVPMWzJ/qgMal0H0ARAs3Qn9dFCSVdeyi9acu"
[DEBUG] 2019-07-12 19:39:03,235 method:org.apache.http.impl.conn.Wire.wire(Wire.java:86)
http-outgoing-2 << "YLWLuqiLfnkUsPpwLxC8UFkR55qzx5C2JP98exnLVmvL1ETS5vUPV3D2sZuxzy592GOH3rzz2ao8FYQXC6YhOP7AIYDg39NW+papAsHrHy+nvUODhW9/tpoLTxxFxIT3v1iNHQJWRbj8kGOy8Mjev2cxre0Wq+sSeEFbUmlJMu2sl/uCztY6A3oXs8u4Hnz1Qz2PT13I6UcMY9dtqjn+ss9C+stmNbPVRlMy5XDejdNJW5JEWgNKsajJTReMxbYVV07+lu/n60WJB6D9sLCZO574ke227M4Xs+ozC9AQCZ59YzGvf7gisCiQ/r1sthxHUVEayy4kp0xvlf3wCwt59J8LQ/IJoKgwwvXnjOH4A4dQ25DkhMun8dXs+lBlSrkf8XNMCfPIsbaJmspzIrL7Q25hZgDYnfLaYuobMxPMorjJ6OEVmIbg9Q+X4zgqJ3/odL1mSz9jShXI8vXsBoZNfDlH17GYwZF7D+T2S7ahLQm/e8DipekB0ELplI6jtK4NIINPauvFgNGvTEOsLFOJF1A9ZcLsGsX4ftqn60MzHAZEFScaPxBpa0Mp6VqlKkinQUqNo0uFst3tw16/F8Kdl2sBhdBWqMLAfR51BxGGgXI0AKGQmJEIjuWCgp5TYCG0paYQLl4RmPSbJmWGZJjZwDzZF2MTT2uFcH3GSoXj2OvOsJ7UYRv0L27h2jFfMqa8BMOzUu3o0Pq0LB2oCoFybDewl2sVZ2lfpcqRSKV950lH+qCgY9t67SZ1YDolpQ/8KKmQwuDbwmHc0P04Ek4cEoAJCNcFgNLBj2UrYIAqiKCEyPGZu6GUCV7lX8l9tPI+0j+v3sATkgHW3HVhCC/LV5PIuhZaXHbGUTZop8+kUhhmBCJxLMfSQCVodxyGgYoYGGYk9CFKeh8glAK0xbEwI2BGsF1Lb69OAWCCMAVCmfokl7XwqWlgRHR6ZTtI28648JAglMDzWa2QJG2H5lSSwkgEU39aQUlFe1s7Lc2tSPfjhwS/n/iacB93D2v0L7vvB0lwS76BkOCkLcxoFGV4vpdFII8nkCK8Nz+rVbwhQmV8miqvkCAQmwu1etC4x1kn14Ob/0VOaoVXTaCf5wCt/0HK/hArvIbI5kGEwSMfUMnK3xnteipMvFTnb1iyDqbWv/5k2mLa1zPp07Oai047kUhE9+uTjzyYqW+9z6JlKwB4/PlXALj6wjMY1L8vKMWfLzmHN9//jL+/8AqnH3e4fjd68kNWV1mL/N594MA9d6e0VAeVchyHM44/nNKiIn698/bsst04AG685yE6EiluuPhsEBCPxahvaKaye4Vf/1EH7QtKccHpx1NRVsIFp53g8qdrGzlkILtut01I/5XduzH/41cBePTZqdx03yO8+vg9jBwyKMCn4rOvZ3Li+Vdx8Rkncdqxh4FSFBTqD45NLS00NDUDgqKiAnYaPxbQfmO9/JlrzWQaaBP1n198ftF5fj/ZOup3UlC/BFb+6AanUrDkaw2AVg7cMP7NCBgRnTf4HgzlR0/+WtdA80poWgntDfoDdU9vC8bP1F8XdU5d6tkg6gJWu6iLuugXTuHJsmnCdmMqGT2snNkLmrnpodn+uJlMOzz0wgJO/O0QSoqi3HPleI686BNmBQNZAb4PIndEMU3B0fsOQqH4bl4z/XoVceQ+AxEC7p0yT2/3F9DUmvbr2mGrKiKmIG2tz6iUSRONGFSURVle08GahlRItrx5vBVPJ/rAPdtuy0qO2W8wSsFHX63hxIOGMLR/KWNHdmPKLTtx1eRZ4RyhtV3WgkxBc5sGk0uKIlw0aRTH7jeYlbUJ9j3jPaQj+WTGGj99a7vF0X/4BBTsMq6a6d83uOBf1opfQCLpkEi626/9NsikDezEBsj4Qc3RjSBbF0opsjFHAey8dQ8O+FV/pFR8MqOWI/YewJH7DOTGh2ZT15DM6CE4YQtpN0M9Kwt579Hf0K9XUTiJu/AW+fKG8AsRKFL/OOuYEVxwwiiiUYM5i1q47m/fk7Ykp179OfGoyaih5YwfXYnjKM4+ZjP+OHkmOx7zNlIq6ppSuRMjAUiBBq1z+1f2sl5kp8pXXlZObf0VSCy07FUVcS49ZQuUgjX1CUZ0S/LqJRWc9ajDohqFF1vCa2jDAOk2mhHXy38nEa5epgPc2VBUCR1J+Gi2ZFwfk1Udin/NlRw5JMXAxlbMqIlwBCqdRCVTGAVxHdnIW1S4FqohAE4QAjE0QClRUmnLORf0k46j3QLYNl6ke+X6DhVo6zrfeshTlGl4SAURlWKbyFzmpPtucncAQmirValsH9jcGLKkwBCSa7aazt5Vi6gwHGhLIi0LUMiOpHYF4OnTsjTw5QLNytEfZbTvQIFSEum4elRKg9em6evZB1RB+1zF4Mv4KP5UPolmUawxOAnYoGLQ1q7Xe4ZAg6oK6NhEqwTHCg4RgPItI30KvoL8Y3gRm4G1QHRynqlhbUe3/pxxQYVPcyi4uMzLsH8UQvgf9kQshkE0U77IVCCF0I4ARPabBEC6Xk+F/1wEny0V0KfIw4cKgQGevjK+UIWhMGImSMO1jJauuwldsINEOlDX1kbEEERNg4JIFJlK09bU4n5UyVhsqqD+VJ72UYRcQgRHK6W0rMpxkJYNpuG2UXDcCwZ/ypY32EpBfYSbLzwu5c+/bsrTD9znLQfv7WxK8p8k77nJBkH8HSAqKx2BgUt0nh/grNf0vXv3h70u0ZkVMGAbuGG+zj/nXXjq9Cye1r/+gliUeR+/mvPwTvv6WwC233pLAKbP/B6ALUa4ftgFFBUVMah/H76fu4DVNbX07tkjVEbasmhqaQnPU9wHvj2RyNHf8pU1LFy8jNlzFwLw8Rcz2HzEEJ588TVuf/DvOer53cVX+78nX3sJo0cO5/KbJvvXTjz8QGKxKG+8/wlvvP+JnsclUgBcP/kh7nx4CihFWWkJrz1xL4Ab8AqOPXQ/7nrkKR555kXuuf7yEP9TXnydgniU4w/dn4J4LNR+995wBfMXLeGOh57M7fJ5+um5k45h1Ighm77//FLzG9HO+6+y154/3Q5rFkDtAv0lO6jrXiM1qLo+/EfiGlAVZtYrS3Wev3k1/BiwZhZAWS984PVn66+LumjTUBew2kVd1EW/UArMpgKLyAF9irn+3DEsXtnOiZdPoyOZscxSCuqb0rzw9lImHTyUHt3jTLllJ35//XQ+/npNnvJ1HZYt2fu0dxk+sEy7EDhyOAUxk7YOm6Ii0y/84F/3J+IGxdhuyyqeuX1XTrzsM5parayyReCoQldKi6MUFUT467PzfPAyO9faKTeVAkzTYOtR3agojXHxpM3pSNq8+sEKpn9Xz2aDy6junuV7MPR1N3yrqDDCVWeMZtdtqundo5Dioghr6pMce8mntCccTNNgl3HVPg4Vj5n07VnEMfsNYtnqjszcJnv9l7NoCyZcTxIQsv7MKTMIPiiGDCjl0t9tQXlJlC+/q+Oav87CthU3X7g1nz21Fy++s4zr//Yd7R12oJ95RbiFBxALwxD0rS4iGgnAYspbhm+oHLqOcaO6U1EapaklzclXTtMAProvA5x3/EjiMYN7n57HmoYkL92zO09M/YnJT80JB6JSIncinUOZ/ihCVztJ35lI2deVoFtFnL9cvA1VFXHqm1Icd8nHLF+TpKpoW2bc1JtP5ihOedimpjFTho9lSm2BaBoZFwUFUbjh8GjGWAuwE5Bu1mKUF+rrPYsF21TDidvEiM/VQYeQEpW2MQviqEQCw4xoq0rHwQMV/KfUK9wFHjxNSCkxTO17VTq2P7FXZCKKe5Z6QUAw+HXAC5ylrV0dohHYzlzAU+yxljb6eaSUIhKJkrItFHrLsxDrD9+qwHpHIjik3wJOGTmbPrKdiFTQnkKh9Db/tnYNTtk20pF+f1BKaeDVs5y1LaRhuPLL0HtHodNKqX2tokAqiVACW0T4uHBLbupxDA1WKcoSekardF9JtmjfvIbbkWUHYIIhRWYRtjG6dLLf6etbYCCdCF/Jf/QCpOXZsr3e53pRmcNhYAEafIY65dxN67gnQmTc0ej8nbmnccE5v8KMPaRyedMNJ7Ik7oSyZAniKiFcW4AR"
[DEBUG] 2019-07-12 19:39:03,235 method:org.apache.http.impl.conn.Wire.wire(Wire.java:86)
http-outgoing-2 << "EWRQdbcOAZaUWAqSjk17Ko3hSByXb8Mb+wML/UwdGUtOXwKFbwDlvWIVGuP3PM0q11WIv9APlRwsL1emzJV8pHLOBPny517Pgz/l6DXIo/chQWUz+/+CPL15uwhCHdbl1AOGVeC3dz+UP4t6bZZH+Vn5+47Ow9PPrV9w0bW3MevHecz7aQknH3EQxx2yHwjBqjV1lJcWU1FeFso/sJ8GVletqaN3r+qQ/FPfep+pb72/3vprSyT49KuZWLZ+hy1bWUNjcyuH7z+RJ+++kcampiz+ddZu5RVsN3YLVtTUYksbK+0wa848Ju6+E5sNG0TvXtUoKZk2Yxa9q3swdvPN+PaHuZSXllBd1Z3S4uIsoEtQXlrKIfvswTNT3+C83x3HsEH9QcHi5St55+PPOXz/vehWXpa3/eubWnjtnY8Yvdkw+vfpmVfsFavWMGvOfI46cB9GbbL+8z+QPxLNkx+9hT9ffiQ0rYbahdpaVHr1B94y/cdAr83Xn3/lgFGQSbc+/FcOgHgxpNoz/HcfsGn010VdtAmoC1jtoi7qol8AZS8R8lP38hhXnLoFDc1pTrv6C5bXJFDKA2J0/kTK4bZHf2TXbaoZNqCUspIoPbq5oGLOotBdOikdfKi+OcXL7y1nh62qAB2J/fE/78QfJ8/kgy9rOPOoEcxb3Mrshc0cvEc/dhrbg+fv3JVDz/uI1nYHDNdCMEuUYJXlJVHaEzYfz6jFdqNy9q4q5N6rxmNbiq1GdsuTK4+asupYsrKdVbVJlq9OMOX1Rbz/5Wpq6pPsuFUP9t+9L6tqE+Fy1kKmIdhlXA82H1qOUoq5i1s49pLPWLGmA9MQHLxHf26+YGs6Ug7FBSaxqMGzt+9CLGLw+aw6Xnh7GWnpViSyrSYFeknqRsDNv1L3KRo1Ovd/qvIoInCzT48i/nzeWDYfWsY3PzZw0W0zWFWbRCnFLQ/P5okbd+LEgwYztH8J5/75K1bVJTIF+1bNhCZptQ1JfnPKOzz+553Y2vWBahgGVRVx6hpTjBhUSixqYNkqI5YH9OSd5wmee2MJu43XLhvmLWkJ3d9iWAWH7TWAaTPrmPzUHBxHcdrhwzjrmBEsq+nghTeXkEp729DDC6Vs9wM7bt2DT6fsndfdRCQi6JbjdiHruQxZ4wUFUZSVxLj0d5uz2/hq6pvTnHzV5yxY1orjKO55ZDo7jNiZvcZU8u/LIxx7j8N3S/UEWbmWzcJA+0+MZPiOmnDiLuGtwkYUhBDss4Xg8G1NOtJQUgB3HxClMCqwdhxP6v1PESiMeAyVTOptzEr5ARtEwPdpRjQVuuZbYUrpAofa4tJ2g1N51pXaF7LOI6VkjR1nSlN/BkYTHFy+EgP8tMI0UI5N71gtRkcKRD5r7HWTI7XqR/S3WbzKxAm0s2FGfDmk42AGPgCkLEFxXBKPKiImxCOKsiJFj3JJZZmktFARMxVpW1BotzOp5BuKkyndC1IpVHsClUrpsi3LB0V9vSmwbQvDMPXWf+lodwmO3r4tHQchDG1N6+nZtZhT6PYXCDqI8aq5LQ+UHUyzXaqhLoF2GeGAikJbc0YfKgmYoDzcdu2ur9eLMq4AMr4ucyxOA+u3zDFjebtexxxIL3iexdNazwNQWsASMR+wlsN/6Fxl3ld+DSKDFwbfAVlyk0c+4QOt4J0R0FM2A54WfJ5DDOcOFyorH0q3k3QyrjgUCkcpRDSCEo4OWhjst76ihC+r78JDua4EPH1Ktz7ldjPD0PI6DkpkXB6E2yOjytzRLihgjrg5/S9EXnv453kbNIwzZFeQl4+1JvzPkNffQjIExxsROmR+uzwG8+eldeSf/nwenn5m/UqxbNVqVq2pRSlFIpkmlbaIxWIkEkmq+vTKyV/ubttvbe8Iyw+MGDyQ3XbYJq9Ui5et5J1PPtf1u408cuggvnx9Cnc/PIW/PPAE22+9JY/ecR1CCM664gZe+feHecs6cM/dmbDTtgwfNICpj9xNTW094/fVkeJ222E8u+0wnp+WLGP3w07mtGMPZefxY9nr2DM44/jDOfKAvTNKyWq/M084gpff+oDTL72OVx6/m8KCAi689jZisQhnnnBkoPvnaX90TAXTzO+TP3RdbaL+80vP7wWDCuZ3bA2qkvkIilDQWg+Ny/SWfyvZef19t4TeWxAaddbFv2Nri9eA7/d18m9EYNB2MO99XY4ZgYq+m0B/XdRFm4a6gNUu6qIu+mVSyOpIUVIY5ah9BlHbkOLyu2bS0JzSvt10YrwRVCmobUxyxrVf8MSNO7GspoPXP1qRKVeFkvtkmIKj9hnExSdvzofT13Dt32bxpzO2ZPdte7L50HL22qk3S1a2cc6NX9HYnGZwvxK2HtmNWx/5QW9tDy5A3EG+pCjKGUcNZ2j/UirKYzQ2pxgzohtTXlvMitUdlJdqYMUwBJsNLMORiqJCMyNSkOeQ4Vl4sSPQgN8h532IZSs6kjZpS1JdWcBWm3Vj6ap2Dp84kOLCCGkrnavfrLWTIxW1DUksW/KPt5Zw00OzWVWbIGoa/GHSKI7adxC3P/4j70xbzYt370qf6iLKirUs24+pImJC2vIWlSI0F9OTHQP/on9f+LLsPK4HF540iorSKD2rCulWFkNK5ba3wDcZCmnAm0QpUILhA0u58fyxbDu6kuffXMotj2oZPP+k85e0cttjP3D7xePYdZtqrjh9NBfe8rUOSJa1OOtIOvz1mXn8462lpNMOq9YkuPHB2VSIpXWGAAAgAElEQVSURulIaUulvtWFPHDN9mw5vBwvUFHIB2+oSIGe4GrZP5lRy5EXfcLMuQ2hYK39ehZx75Xj+XB6DVdNnklzm4WUiof/uYArThvNucduxr8+XEEqnQ7xm9GNCJ4wf0kLj730E63tds6kvUf3OOccsxl9qgvDnSJcRO7zo/T2/yvPGM3Bv+nPl9/Vc+ntM1i4rA3H1kFimlvSXPyXGUy9Z3dG9onxyBkmu19jk7BAGAJhonenmQJpK4joCttSMP6KNMoQLJ8cxTVEZVQfwZ/2j3D6FJt+5YKbDjUpjmmGIj0qSdk2Kq23KmLbiIiBsh0XYBUuOkKWYAER3feKB8AKQ6DSGig0TENvY3e3H3sBeBxhMq2jinvqhrAgXcKBpSvZv1QQN1x/om6fMswIxXYHfYwWVqmqTv2sKgWWAwVRhSOF/5jYDuw6OsXv92+nb6nk2WkF3PtKCXEXozWEt9AUONLGJOpLetOkZsYOtogZbkAxFDFDEDHANJQfawul75mfFkBjM5imBlXTaZSjA3fpwFVK+5MNLnoUOuiU0kCXlbaQtq0tVqVEKscHrrz3t2fVKxXUmN35e8FveFrujJAFiIjI+OG1QZrQ3AhOWhvlWEl33ebGmtoAA921k5MOvR437OiBZCJ83V8DBu9nLVSD3SHPeT7YKz/l862ZdRT5r9PJefY9kZXOkzb7dRHkPXNN5cgvsvgNAtn5SQRyr0XOIH/C0C4l3MBY+QwcM9MOhZIOtpT6+2Dg44sSQoOqERPPxUX+cjIt1Rlf2fVu6NE7y7S3ewxiDmT6338l2OChvv645I092WAJgfOAgMH8+cr22y5PftuCL5/uPN+G1i/g+ftvR0rJw1P+yfWTH8QwBTdfcT6V3StYtaYO6TgYpunnX75K76jqWdU9IL9uqLGjN+PqC87IW/+b73+igVUR1Jfeqv/oc1MBePeTz/nDdX/h9qv/gBCCitISnr7vlhD/h51+UfhDR6D+YLnfzp4LwBbDhxKa766l/Qb268tf/nghZ1x+A+dcdQtbjBjC9Jmzue4PZzF0UL+15NflFxcVUllRkfviE9DU3BpoL/LW/3Pa7786f7IZWmv1tUhMA6nRuDsAmnoLfrIJ72MnygYMKCiC9mZor4eW1boMJ52pP5/+DAOG7AgV/cK8ri//dgri0Q2Tv+dwDfbWLtT1mhuYP5/+uqiLNhF1Aatd1EVd9Aui7EFQz54EioK4wbSZdSxY2kpre2CbpiBndeRImDW/mZOu/JwTDhqs/aCGkriDsAChBBVlEa44bTR9exZx+Z3f8v4Xq6lvSnH6NV8wdlQ3ttuyii++q+PFfy+jpi6BVHDK"
[DEBUG] 2019-07-12 19:39:03,236 method:org.apache.http.impl.conn.Wire.wire(Wire.java:86)
http-outgoing-2 << "H7/gslNGMe3bWmzHG8yDxQsSKYfHp/7EO4/sQSxiMHtBM9WVBdwzZS4pywG0hWBdY4pjL/mUxpYU91yxLTtuXbUOPeVOFGxbUtuQCt1uaknz91d+YtJvh3L8gYMxTEFrh01DUyq3KJXRiWVL3vx0Ffc/v4AvZtXRnrAYt3l3DttrAPMWt3DkhR+zeGUbqbTkzOu+5JEbdqSqQlsFv/9FDWlLhsvuVAYVSKfcf4Lp39fT0max09gqf8v9tG/rWLyyPX8ZgcViNGKw3259OfOo4cxd1MJJV37GNz800tphhdZcli15/cMVDBtQytnHjGDYgFIipqGB1YAuUBpo/vjrNX7XVErx/herA/Ipvp/fxJ1P/Mjzd+yKUrCmPsnHM9YElBCw3A1O9gwN3M74oSEk1l479ubXO/Tivmfm8e/PVtHabvuWpq9+sILzjh+ZX70q6yTwPNU1pnn1/eU0tlg+K958tE91IaccOjRXvX5RgfZyyTQF40Z25/JTt6Aj6XD+TV/x8ddraGyxfHAStP7mLmrhiru+5bY/jGNIFVSmF7LC6Y2KFiOk8i0NpQmfLgQ7JUnZilWNOjjR3z5yUA4srYfdNzM45WGbha2KogLBLsMFB4wxiBiQ/nY2wtER6YVpQsQE20GYAuyMtUa27oKRuwVkPtooHcFcCIFhGNpiVWkrVQ0gQhqTt9t6cfeawaywC5EKllhFJJRJHO1PVHhdwBREDcFm5jJW2FU5flYVYNnQo0xy5oHtDOnpcNUTpaxqMImYinMOauew7ZJUxTVQM7J32Jeq8CzolPYDS0y3m0AxqLfNwCqJYYmMVWdeIAIQBmpgP5yfFiFtB5lOa2DUsjSYGvqopfzI7Qql29FxXEtfnU7723R1SbhupRQpEWN6wWY8WrYPs40BNDfHKDdA2G4VDigT0imwlQZTvcDGwjWMwbXkzWPbt8GUG7yKDTwPvJS8+yKo7iyEwHtWVb7zcAUq6xgqZv0lzFu/58vUd3eh8h29bOEFv8onxgbUnw20ZgPDuRrOfSetj9RB8t7KnapRoIPgGZ5FbOCeoa3YfcfeIXby6DdH31nlrSP5zzsGgZn1rfD/kPzOkzU38A5B8KczEDWHsp+hrPzfvwFttXmyqfWuf878n3hgyj8YM2ozJh1xEKAwhOCEIw7klr89xjsffQ6XQ//evahrmMOKmjX0793Lz790xSoE0Ld3T7c6lStfvvqzVeDq75rb/0ppcRENTc0cvPceTH3rfXpXV6GUoqm1jX1POCuPuCqs/6z6OzoS3PXwU5SXFrPl5sNYtqLGv/fWB5/yyLMv8uCt11BRWkJ2++23x26ccvQhPPzMi/z742n8eufttJ464T9Y/+rauk6DutY25IufsJH95784v1z2LcbqOXneHYFnOHvMCBSxzkc9WH9xdxiyPRSW67Q/h38c7eNJmBuWf8hOUL8UqgezyfTXRV20CagLWO2iLuqiXxSJPIOgQlDflKahOU3u/Cr/YsG2Jd/ObWDhva3ZGUKrJ4WisCDCI/9cQH1TmvrmtA+q1DameHfaambObaKpJa0BQzff0lXtXH7ntyRSMnfy4pLjKOoaU1x97ywqu8V59f3lSAnNrforcXNrmgeen080Ipi3uIVkyuHJVxfx4ddr3IBbLqN51gqOhA+/WkPalrS0WdQ3Z8BSL7llSdbUJ7n/uXk0tKRIpSSffVtLS5uLVgS36Svw/BPZjuSJqYuwbMdfUC9Z2c5dT86hoSmNZUt//vLpN3X89pwP2XGrKlDwxscrdbCvUNsI/O3/3gzND+KkMteF5iGVdrj2r7P4+Os12I6kpj7JV9/X09iSzirXq0f5Vwf3K6G1w+LsG6ZTU5+kvcMOWDaHqT1hM/mpuXz0dQ3NrRZpy8nRhebRXeD7xYgQziiEwHYU02bWccnt32Aagk9mrGFFTUegQVyF+WZiAv+DgG+B602M4fsFTXz9YwPNrRaOo7ezemKvrOngsPM+wrIVbR1OLhIQmlTCc28uZdrMOpav7qC1XQODQQBEocH9+59bQGlxhK++byCXcnVYWR6noizGn+6bxao1CZpaLBwp865tLVsy9d3lLFjWSmHcpGN5IyUsxCrshVXWH6Owm/azKgUvfSL5V4GuUxggHbjyGe3N0IxpA4aWZhCGwJJw1yvN7F77A4XpDuy58zMTb8fRvlYdB4GBUDKwwOgc9dEBlwROMLo93pZ/F0SUEhGJ4jiSLzsquWvNEFZYBXiwYa0dp86OURHJ+IAWQiAdSSwq2Sq6nHetcQQ/CjkSIqbiqN2THLlrgsEVklYHUmnBwGqbK45qY+u+NkWGblylFFXF0jO+8+sQhgnSwZF2po2V4MrHythhM4uxAy0GVDts0dMh2pmFp1LQu6d+dlIpbNcFgJISwzSRjoNj2wgEtpUGBJ6vWhXUm9SBrPQ6OQPOZV47gmWRHvyzaDfeKtyWerOctO0G+3INbbzXhxTQltC/lZ35cwTaUlWg3QJsNKwK2Fa2J42cJ6Dz88z7L38a730VDl617vNNvETsBGfz36qBoUE/AWGgM78tafb9/55Frco6euTvK8jCJML6yCNHjsuJDZT35wCrP5vyoSmdA6trw17+I6QCrZMNEnnWdNm8ioBSVGetC9TMz9xfMgMGjMvkTzTDxw/k50msf/1V3Sp44fV3+Nd7n3D4/ntSUlwECL77cR5py6K6qhIEHDTxV3wzew6vvv0hvz/pSEDw7fdzWLpiFb/eeXtKi4sy8gfHKJGnrUQgjQ+yKl5/7yOefvkN7rn+cs75400MGtCX0447jD122Z5Hnn2J8tJiHv7LdQQ71QnnXRGwWM2tf96iJVx4zW0sWraCmy49l5LiEoTQwOqCxctAKT7/ehaFsXje9kskkziBgIo1dfX8MG8hm282rNP271VdxYmHHRjq96+8/QHptMVh++8JwEgGs+v24+jbs0dmDrWx/ee/ML9SDnVL5tGjbq7XIf4z9QugWz/oORTKers63Uj+7TTEitY/P4ByYNjOUNJz4+vvsljtok1IXcBqF3VRF/1CKM80PmD6oq3EvHTBgbbz5a3jKJpasoOQuGn8ySOsXJNgZScsKaH9r+auyhTNbXae+gPiuPTye8u1dN41t/pU2uHxlxZqKdx5wAtvL9VJsicEWeshheKLWXV8+V2dmz4/GwBNbRYP/WNBIJ1brhAhebzrCjIgo5unrjFg5RogKRU/LGjmxwXNbl6v7CxFhLaZubUoApOgTF1CwE/L21m0fGFAdJUpz5chPNFS6C3+8xe3BMTKAD7BOrzy2hI2n8yozajAvxeQI2hFFlRXFlmW5MmXfwrfFtm8dlJAqIPoPumvmbKS245i1rymTLlB1kI6BoTipXeW4ek7WGtwDZVMOTz6z4V+3wpPZPMJLKhtTPLOtFUhXYcrD8uatmXGMleBoWzi1iKiHStx4t2xinphF1ZjxQqxEwqUwHTdvrYndPGmglgEjLh2I2Z3QI+CeuwvZmAXCITjoGxbW4IqR1twxqJg23pbWycPisq6nvERCZ4ln35udX8yohGkVNSaZTzeNJiVdgZUBWiSUVY7BQxD+8wzPF9whoGJwzBjCcJFDhV6a/6o/haXH9nGZlUORRFFwhG8Nj3OxHFJTtqrg94FYATYFELQrUISjyjfz6pmM0LSslFKYsQU0QgURhWt7QbT50WprTf51dYpRvf2zEHzk4jHYUB/5A9zcCxLg6JSIYSBbVngvpMNw8SxbTxPmkpK3/eq71YhqEfAwaQmUsFHhVvxfNEEVpndSclYZl0VbA7XiLw94QYpdkBE9NFLL91XsbEpQFXQwauyXjGh1+W6SyD7ec/1obpx5+t/9Ghd5+ugzrL/jGNeQ8q13N/g43qzk7HQDY8l+XzrBnzsuu8CH/hYV3rIc/7fe8xu9v84BecLPsjjD2qh4d+/5neUrPzZdM++md8PHbkBTK1//VVV3Th8/z35x2v/5sBJ5/Lbib9m1ZpaXnP9mZ5yzCGg4IgDJvLAk//gjoeepKaunspuFTz14uuYpsnvTzoi04kD9be1J1i63J2hhuZRgtr6+gxf7rXKigp2234bdt1ua7+c"
[DEBUG] 2019-07-12 19:39:03,237 method:org.apache.http.impl.conn.Wire.wire(Wire.java:86)
http-outgoing-2 << "S8+c5P5+iebWdg4//aL8Igfqf+qFVwGYPvN71tTWM3veQq44+xSOO3R/QDF00AAqu1Vw/1P/AGDMyOHEC2I57ffR519x2U13sWxlDQftNYERQwZx9yNT2O/Es/n9iUdyzsnHUBD3/LsLmpqaOffqW/KyZ1k2jrRZumJV6Pp1d2twfPJ1l1FRVhqqf4P7z8b2v43Mr6RDoq2FtuZG2luaaG9tpqWhjuqoTY8Ksc78G1y/YUBZNZT3hu4DIeq5g2L98q+rfmnp7SWG2Xl+Zesv6Epp1xwoKA9ab29E/RsyxnXRJqNk42qWN+UzhloHCYOCikoGdMvuh/8d1AWsdlEXddEvkALT++ztkf7K2x1NQwMtmXzZAIrISqLIrOj8e1krx/UZl0WedKFyveWbIscEKiwRKDJ+RBHk+hLNrtcDKsLLIaXw3Zh6asgpRgSYD/IvgvfJyzNoX5e5uG9Abu9qzhZyEcqRaYdcLlU+znNAzuDkMRhv2us/KtTUfjOHasnSQ1YR+riWtsjhOVsPwUrzLWFVJonKo4u19YFQ5QE5ApNNtRb9B4H2vPoOZsvSj1ICggFbhMpN29mqPNDpDSeF0bGSSLIGaRbiFFQiS3rgmMVIWYJZFAOhrVcNA9LNECuHdLvAScD4eB3RiEBYNiqV0n5bnUxQKQLbz0UIyQmI54KG3hZox9vuLgxQEkMIJAppOyAEju0gIhFmt5Uwq70oFEAKoF1GWJwuYqeiBiKuhacZ1X5iDaXoFe2gm5GkWRZhGjBhTIorjmilRxQ/plttq8HoATaHb5+i2MzfNCWFiooSRV2L9sPavVRy2E6SykJFaSl0K2+mvEhRUaAoL1AUFiqK4ooiA4xOnm2fpMQcOxr7+x90k0pteWqn03izZce2MVz/qUHLVIQGWBFCWw0LgRKCdqOQRdHefF4wincLx7FMVZOIxnUo+mBXIrAuMiCdhESHrtYwQaZB2PiG30YcRMobFtbvWV0bKcfKHXqC5+Q+EuFzD1hb1/3s90Hnxw1Nvy4O/6/P173V/5dx/KXxu7Fy/kfIG6RDHwbdF0EQNQ8OLNmTm2zXGRtNG1b/jZeeR0E8zjNT3+D/Y+/N4yU5qjvf74nIzKq6S9/bm9St7tbSCCQ2GaQBjJlnFhsbxDMWg8HL+9h+xh57nv0x4/FnbPhgP/vzsWc8jG2YGTHMM4xHXj72vHk82WBs4YUBgzGWMSAWSQ8EQhJqLa1u9XLXqsqMiPP+iMysrLp1b9/bfbvVjet8um9VZcY5ceJEZGTGL0+c8xu/9bsA7N45z6+/7V/xz27+dlBldmaK9//2f+TH3/IrdQzUy3fv4nfe+au88Hk3rG0/8KGPfoIPffQTG6ta3cdV+eabbmD/5Xtq/iHbAjt3zPJHv/0f6t/9vOCWH/2Zsmys/71/cDv/8b/9Ic+57lo+/Dd/z/OefT0/cMvNvPD5z+GBrz+CsQYjwv/4z2/nH75wD4lNuP7aa3jyyZPs2bOTJ0+c4k/+6mP88Yc+whe//BV27pjlv/zbX+C7vuOloPAdL/0WfuaX/z233vbf+YM/voMfev3/yg+/4bvZs2seRVld7Y1tZtCAqqx7Pt5zzq7/tm38nQV/8I4TRx/l+OMPc/r40dK7t7GWEWHnDOvyb7l+m8WkUPMHYMflcRvQ+Wx/sQqt2VhYQ4y9WvEFH4+dz/ondIHpNMfOBlQF0EDv9AInd3bYte16nTtNgNUJTWhCFxVtvDNjnRNDK1yId9LqpioD75E1sqpyJco0FItVGdqOXiNv6y1KR+TKyKHmtsCmqhVKMtK2ITusqWaMkRrPE4N6dfBAPUbE8PNEU+8hBVnb3sb3ITOMs0mj7nGZQJp1SfPBaKRIJWtNFY3FwSjvel6wlZxRWq9LgRqh0VHbNOqt+ZvCm57UVbnRShrjqvmgODoGm2NUxzW5accGT01h5PdIg6t61niW6nh7wbA9hsoMrr+1vMNbmId5ZG3Dyj4U9Vi3jF1eRpcfAZvikyn89OWobRFshzAzD0mCaoKximbCjcljWEIEUEXAF3GrvgqCrzOAV6DqkIWGtlsSwatyu7uGQHCu3M5e9W0ccyZNIUk44Sx5WLufPlfD1/rTeBVsCTDGEAMWmybMap8D5hhLXM2rburxltcvs7MJnqpwcC5waK7MWzfGnAJkBuanAk8uGlThBdfmvPX7eqS5KaeQYmD65uW3yQdeu2c3Mj9HeKwLqrg8x1hTzi/RLt45vPclOB3bKvWiR8lNxrFkni+mh/m7zrP5fOdaTpg5+r7MuGWJQzcZqFupKD6GSFhcLYetA0lj46tLygBTU2CmYPlJ3XTbNqJef7yH/oQmNKHzQEMvuxr33fr20wBX6nsoa8tvK22t/nY749fe8mZ+6V/9Hzz86GNMdzoc2HfZGv4DV1zGHb//nzm1sMDSyipXHrhiRP/h9jz7uqfxqpe9hBpMajyyffWBr/PBD398jf2uOniAE1X80aFnXLCJ5elXXwkCn/rc3fz0L/w7+nnO0w9fBcDpxWV+87d+lxc+7znc/p538KWvPsDP/upv8vt/9Kf8/h/96YYW++P/+k6Wu11e8cYfo3COvbt38pM//L386Pe/jst27671v/5pV/Nnv/cu3venf8V7ShD3v/z++/jgbf+JZ1//dG7/r+8csX9syHf+wE+wsLTM7e99x/j+1zG/tzx+Lhz/wokneOLIQzz52BG8d9QgeNXJ1WMhynz7HOs3AjN7Ye81MH8IbLI1/nNpf38RMCWvX9Ov23v9j+Of0IWlUK6LUnYe3s/eTfOd5OsPLNNXxZ+58FNCE2B1QhOa0CVKI3fEIXC1eSPdzMN09XTSlFHy1g8yMARsjb0jK2vA2QooGvKSavIOHmg3B1Dq4EGianfztd+QvjryTLHBE8S66Y8bNmzKGgL7quPr2WRshQxvaZNhvYf6stm+cVF2GS5TK1g+LI57I1154zVtua6OjXaNhkfQSu8wOD8qr+r/M6ld6dy0bXMx0NwTWyX9oWG29dpR96OsPd7UfQ0wuxGN2rXSfYy919h6E7YYdwk0DgoenCdxfZJejDesYgnJNCQJGItpd5iZm+UZHMNoQLTymlTEJlD0B7ivEK+jdd7qxKQ9lcmkjhFqrCXgCYGYeMkaDDH+Ks5x/Xxg5xOOXp4NNcep4aFimtVgSaXAmOj5qiHgnSdLPc9tP87BZ1zBz79umZ1V+OHKEhLxxjORIebnUuKl8Jn7Ux4+Zrl2Z4jBR8+VNJC+5EX03veBGiyt2iDGoBpieIDyeCygFBieDB3uy67kI+b5fGXn03jU7KWbtgkq0UPVEIdmj7J/ys9iMD2oh9Uiti8U0S4+j+eNQGphdif0VmDlJKiPibomNKEJXUJUv7hi+P4yGi9i6G10da7x7CXAjn0x6/m50I59g/vnFutvZynPuOaqM+q/c36enXNzDJ4Bhtuf2ozve+2r+Cc3PIvv/e5XD+qs7CXCvV/+KrMz01xz8EDjkSLyt7KU7/r2l3Ld4auqE7zwec9l1/x8XdkN1z2dV7/in3L1oQO8/tXfDgLzszPc+itv5fBVhxBjeNYznsYdv/duHnj4CEePneD4iVPkRY4qeOeH7uXPe/Z1pEnKW3/yTRw6cDmv/NZvIbF2bPuTJOUHbrmZ77/l1fzVx+7krnu+xLOvv3bD/r/lVd/WeOm1Tv+f6/g5z/yqgSe+/jUeeeA+ustLw89C6/DvaAm2GVP0bOq/7mUwWyZM0wvc/tYOYgbK5jP/Bax/QhPaJpJe7iYj6h8ZVZ41MWtxwHuP956dc7NPsWYT2ohOLSxhrcVaiykzOwNjPDHPjg6/+sPbImc7aL0mqSp5v49zzbioYwqrrjm3vpl0bYEhcLUp4CymSx3zva6qAsjGg14xkUv1Y5zwCuTT4XoqpGg92ZvWu9Hm+uFl1C7rsI8x67DOdSXDOjeP69DJ+sDGXs3Nqkb7dGyh6t86xdaOpWGbntkW69Zb9d2ILuvrK0MfoOvYorG4GlWs2lI1dnyP6jNqa2kUGdVPhvQaD7JXc9ZGdm7qq4PF6xCgPK5dg9/a+HOwU/DRbzvOlAloPyJ04lwEUdUj"
[DEBUG] 2019-07-12 19:39:03,237 method:org.apache.http.impl.conn.Wire.wire(Wire.java:86)
http-outgoing-2 << "Pm4NNGV81YaENXNr5YFZlfMuJp4K3teemShx27sxYIR+OsU9ehm/8/hevrqYsFQIebl+uCZb5Z177+LAVCCd6mBaLdLZGUyrhXamOZLtZ8e33cjlrbN/N78Y4AffOc+Dx5L6HczBPY5/cfMC33GD0lmTYGfrpMay9Ju34paW8cEjRODZJgmuKOreKtRwwrf4ipvjr3oHuNvv4fhVL+CEOUhn1sQkW0IEUD0ROS7DqWHKY8ScY4srMDcNhYPTS7GsX438RsFamJ0BF2D1SXAa5dqix2XFx7cMrj7w5688d0NNaEITOitqnXqwAaLAADRh7a2j+fjWvNlU3+//OLz/F88eXN2xD173b+Habz27+s9V/wn/Nyz/yWOP8cA9d9FdXd4S/6FpuHr2HOrv7IDn3PyUt/988i8vnGR54RQ7du1hanZ+iL+/8xr+sVK1xqzylKgGgsZEpDFBa2D3zh3bXGvpeTrWY/Vsz507LS4unrOMicfqhCY0oUucxgA4tQfoeovnxt24Bm0ackRAR7ZNN4EiYcC/BmCTxs+RYzKGpwKERoFbaZYfQ0Pym6o22jMke6Q8o+XH6d14Qlkvsc9Yz89mf4zKHi2nY8qWx9f040g/j6WqX0cOV/pVNhm10xlFN2wxpFejDbXsDeStscG4OhiMh7rYuHpG7Tq2ooFcgRgTdFw/Nmw/qvua4mP6T0aMWD/QmgbPBuN5PRryOG6O6bqieLw5/hqq7G4FTGIJK8vxobHfx6YJOBc5tdzWr6F0bNCxL6vqZFWlt6oCUoYDgJikDQSxUpcnKNOZ8C2zXV585SlO2RlO5Jaei/aZscKhqRuYyQQRU2auNxEttIZr01Mgq0Br63YrzdALcHrF1EPWCBw5nvAv35Xw3S8p+D9/AHYnm7uy1qMiBBae+zzST3yCTCLALDYpPw145RP9y/lQ9xB3u50cKWboqQVryaSF8yZOt5XSFcDqGr9D+VkOIyGCxMu90mG/B0kGqcLUbARflxehWG6MOqcYCiYeqxOa0CVGTY+0ygttyEtt5N4w5MVWHq/KXvtS+PlPDI7R4G/e29dsPy7L6hiZW6n/XPWf8H/D8efdFe6/57OcOFomIavH4ub4Z7PGOD0b/S9/+rnxX+T2z7tdvvqFf2B5cYEd7YTnPv+fYPZc3eCf0IS2hybA6oQmNKGLjs7skVid1JHPEaaGEGVU5rgKGg/ZIo0VefVQrY3qZERXGZEzRu4aQG6URUbEjGmXjn6R4SLjvG2H2sFa8609MKxYpXf9AFPV0ainaZOGKFVp2L0pv9GmoQVMU3bz/DptG6UhEHnUztJgHz638Zgr61sDHsIwAD9qj0p2PL5W/siYkaZeOiiyZhw2KhgzlIZlj9G9Bj1H+3FYd8EAB9MAACAASURBVG1WMfba0eGfo8qIaQgatvX6VOohjTHQ9FpoFmueX1N//D6bgj+9gPd9rLWoc2AMEgIqYG3pqaqU4Gklctio0Xs8jn2p5gYBMQasJQTFlFsafdAYz9Um4D1+eZnEGC7rBPZ10hrINcbExE151DcEjUCkAnlAlz3ypa8i3/ScjQy2gSWVR59MOLkimEZzrIF2O+F9HytYWoVf/WG4orPOMFqPBLwqT3QNf3ZXmw/d+a38cx5DneGkdniF3EPbughmG+Efisv4s/6VMd5sc67yimnF/BQ1cDqSqGoomFZ5PCis9mJ81RTozEVPVQ2wvAR5H9SBZEBO9Hy1YML2xEYtdv0YRhOUgDc5KgUqgZApZk9GNtehd3yZ6ZmMYrFgZTkj9RmZi3Fje61l2B2Ymbe4k336p6bwdPAiWC1ITRf8DCoKBEJ5j9HGXByvCINKKCOSSGmieN0Njg2u9YBBxSBi0KD1bcloKHdhCkFMKUMIEpOpAajRoVyFSnwhoGVdUZ1BAY8i2CEeadwHQ5k4sOIJIqAS7SoONQ4xFg0WDNipAjO9QkiWEW2BWhSDGIUAElLcaorrZ2hI6/bHtHKVFRKCWIJUW2dD2ZaBvbR+GcRwe8s5aSinm1RlBvc+EUHLuU9VB33WkCkidT/V1LBdtSO2yVvpFerbTWP+q/CGur9jHwYRgu2STfdozRYkaQ/FoJTJaMQhJsY0NKGN77XoPjlFcFK/TNoMveT2HzlzoXOiEjipAJX6/kXj3qaNcgzuGU3gZcI/4b+o+JXHv/5VHvrS3bgiH4jZBH+SpbSnpulMzzCvj0NwZ6d/ksKew/H7JWe/zfFnnQ7P/9bv5PijD5Mc+TTmgTth9QQcuKERS3ZCEzp3moymCU1oQhclnRlchcHNtOZisGrfCjXlNG7S6wKhjZv6WF1HysqIbkNvWJsym2IFXVPnOBqpfA1oNoZXz2TfSs9RmzTraJZtlhtTXV3XqF2kcWyMnDFAeewKGWi0YRua/STDp5rKlQdVR8uO6jhqVxpjZFT4qP3XU7RZx3r2Hi5eHRgAnzEj+EihhuzRsaMD4+l6ujZ5RnVvPvCOqXNMvw0pPCR/3JgYZ+eKv2mr5niLx3XoN2QSIHhMmuC7PUyaDqQGpU5IJlLhE2MvDtVmXdHmVXvEmAiqojGeqAhiYoKm4DwSAn5xCe3nJDPTEezo95EkQYxBCocKJeAKJrWEbh80oF+4l/TpT8NMTzXsd2ZSYBX4vY908EEwIwFZjbFMZfDhz4DaDr/0vX2umguYTVShAqcLuPNrLX73f05xz0MpiPLz/HPAUhC4cfrXucI9SQggGrguOU1LPTlmqHtFoOyiiJAKA1C16aVaHS+7RoBEYLYdj/X78b+vosQUkUd9yV+GEjDkm7bhRmRRCrOCEbAhI0hKP+3T3p3Qagsrj53G9Fu4NMFNGVjpYjVBpEcwfYyCf7JFt/C0L29hWjnuuKedz6JicUbAKEZ13ZmjSaPvfEbOgpr6q6hHJJSgbWRy1peXTQmUlkY3KsMzgzIMLI7QmcC4pppSCdIIVhqN3xGPWodNFTEBXyiqgnoFZzHSQsQ0UvGVL0RsIOmASsDlOQRT3kMNYJDqnirRrmf1qHBRUrSqVM8ZakAs4MD2yaY87WmLGEW1Ey84CSDlG4xgMaFDvpqwuhgQH+8nlYe+bmHeOX8kg3tA85GhQpSb97ShZ7iKZ8I/4b+4+BdPHuf+uz/LyuLpYXklf9ZqsfPy/czs2El7ZpY0bZEkCTbNSNMUsTaW7y7A3UfOXv/9z4zzxSVmv63zC3tnMkjK5FhPfAUWHocrb4T5f7yhAC4+2sVVh3c91UqcNU2A1QlNaEKXOFU30oq0cXyYxoOJ4xYNI6vUNQCrDH6uS9rg1caxxu+qijUr1XJpO1ZfaZSpfurw8fqBY5SnwUfTHiPn65/jdJcRNdaz97ANB3U17TJafpRG+mGUNji1aVkyouOQ3NHylT3GtHmNPdYqOt4GMlJu1N7r6FspW1c3Uu9QQ7ait6wtU2uzXt+N0sa66+gQW6NMU9+NrsOqrsbnqPnLrfqaF9hWRigKgrGoK7BJgoaAGEMIPnqQGjPsmTrULF1bbUnGGoKPyJ+xBrEmboXPc0hTNC8IquS9HpIkaJX8Kk0xRgiFw6Qpod/HttuEokAA7z184u9oveqVYxo3nhRYCvDf/nqKD3+uTTomy5W1CQqkCXzii8Lb+jv4mdct8byDjgxZG4XEQB6EhVy491HDn31CuOs+i/HLXJPmJDgMHgGKoKhm0ZtRPahybbJIWzxLmq7RxZgSSxUG3qrN+keGhWqcMhdXS0BWQByoK8s0wwrk5TELoopx2+Ox6tVhyrWekxyfKtOXTWMSZfXoIkkvwWmgu7rK/MEpipPLkHcoJANREmdJwzT906ssyGnmLpuhRaB3bBFcG5EMrzUUePakMIitEIiwaWhczxF0VG3VXqqD67sE4DSUM7894wiM4yZOdLVn94hC1YugCrLVUIKCIihKMDlJK2AzQKKuPhdCIZgiLa9Th0EIokgQMBDUIYmQdBSsoegJ6g1SIfYawQNRRUURlQ1B4qo9G5bRMlJFo4w25onoMTs8+54rGY311dO/Utp0cKl4dUjSpzWdk80o2Nj7ohakAHIMDiEBN0V/pcXqooLvIDrwpA0hbNpr9bxS7X0GQ/ex"
[DEBUG] 2019-07-12 19:39:03,237 method:org.apache.http.impl.conn.Wire.wire(Wire.java:86)
http-outgoing-2 << "5k1blXriah6vXp5N+Cf8Fwn/iaOP8P995pNr+MXAnv2H2H/1tcztuYz6zeLo45k26jx9hNqhYqv6p+0YBuBs+S8l++ddeOhTw/zdJfjKx+Gqb2FCFwud3ziq55smwOqEJjShi5bGA4vjaOhpY8z3s6q9IbeqZmj1tI4qVZkmb70EWkduU15cHq0P2lZGGW3z6JPXSDVrBDb5dR29N6P7sE2Gaxn9Jess0prlNtGuQXXrjI/1jLexrPgQtg7rWLlnsMc6EtZfqI6Tz9o6YAC3rNdtZ9Zi+NBQP8aF+ppzm9a7eWw8TxwLm1B1S2DwWuq7mJwqeE8oYrp4H3KyVkbwEUwVBvFTm4Bq5alVnyuPVWBs9bvmM1KPI1HFJgmoEpwDDaU8RZdXkCTBZCmhKNAyGaGWZXVpCfUesQlFdxX3uS+SfPMLsHMbJxBQoK/w4ILhPXdM86FPt+m0xl8LYmxdp8Fxz9en+Il3zfOmV63yym/qc9m00rJKUKFwyumu57GHcz7zD8uYxx7n1e1H+Re7T7NLVujYHEIBeY5qILiAIyWIQdWhwB7bZ7ftczy01wwXIbKTUU1/gzJNkDTEj24P+t3B2hIlRuSwRGC2ktH0eC3lJPQ2tOFmyYuShDbeePx0l86+NlJ06T7hMPk0wVuSRMnzZVy/oLOzTd/1MHkHE1JUClyyAmrITs3R7fWZuSIjO+BYeWIVm7dJUEbjwTZNM0oVCFgDb/VlvvZ6N2pi/jaJwGoExWNWNVUBMfUiVYV4bKSeoalHq3Kl93ylR6N8lNX0rhdEK+BRUQmIBGzLYdqBYD0Gg1VL8Ab1Bs0tSoJaEz1uJaDGIomCeAIOkoA1GWAp+kUEbkMZAgEp57Y4OCpwtTnsRsHU2q4M2lPZZWDPYbBzjYzyszpHQ95maSOQV8qLQQGMgySnNaMkHUVNgRcFMQgRWBVC/O469BYTesuCCe3Si3ig1UUBqsIA+Knve43nltE3dc0xXwMyE/4J/1PNDyQtsAnTew+Wh2KZud172H35AfYevJqs3dla/ccfYkBb1P/gDSDJ2fNfKvYvuvCVv4aiX5YZ4Z/QhLaJJsDqhCY0oW8gai4Cxt8s1wfjxvHqmHPVGRk6rKwnd5wujQeEuvpRZq3+jSxuRsvJiPx1dB7xzKxOnxngGqf7OD0YPDxuIG/Y/qOyR9s53K61zz+jZcZRJXOcjUbrXG98bFTHBvZgs89s69lhdBxuXM+26S0whJysW8dG/Tde9zPbY70CZ75m1mxZFWHJWULh0OAhBBJj8VoQ8hxjTPQuLXlDiImshra/KlTeYFGkxKRVjQd+oYRpSoBUEEKIHqkaNHqyiiDORS/WEsylKKK7pvcxKoFzhDKpFgre9bBJgnee5T/+U3b86A8iYS0UE4Cuh0cXDR+5J+N3/nKa5a5ZF1St2mGMxXtH8B6RuN36XR+Y4T13TPO8q3Ouv6zHrK6QnjjKdYv3cKP9Oi/u5LA7w6uJibtECB5EMkLpieuNi4NFPTZJCN4zEwr2mC6ic4MeLr8kLehHjLHenTwwOIMYqyaabKVfslaerYYYRqAo/1flE2ICrOoTxej2eKzakOCSAp0KzOybo+iu0jvZwxYZKkqwHhfA5B2Wj8Hcgb30e0fRhSXEz+BNjrc5NrRJXQu/AqeO9pjanzC9v8XKIz3azhJk9IqQepqtjyg1qFldE/XMWHnxlGhg/IigKjaJgKkKIn1EYqBbVYtq6ckqhoCNOynHTDJDLx+0jJPa0GlUR4AqzECEASOgqkbBeJK2QdpKsA5sQDUgVrDW4LzicwhqUGtBQhwqRrGpRdIEjEPFIaYgaQPGkHddvM8pcZANracHQG+odCvB4cDgJYtopTcDGzfsLiI1uFrZRZB1wdWKmuDqaBgFbdQpI3VG0DqWr+WJxLanPdrTnrQjBBMIJVgqFAT6GBFEEzRv0VtOKVZSxKegoQxUPBL79WKgCjxZM8eP3GfqcsRPgRpgmfBP+J8qfrHQ6lQHaGcph659FmmrxZ59h8g6ncbEoJuvv3caekuNyWUL+k/Pw56rqxvFxW2/c+FfOgZf+3s0XyUoWBnHP6GLhyahACY0oQlN6LzR+kDomWh9pjPL3BjYOjuwrJI7KnOtIlH+WmBr8/WsL3+c7mcGzJpyxttkPdljNdPRRE7rNbR5fJzw9cIljJM5blk7kLF5GpU7zh6x3Hpy17Z/Pdnj2r9VfTeSNfp9M/243snN2HuY9+yvw81fM8ddhvcBQsCI4L2LCayyFO8d5HEbP0RgNIYBiHVFD9T4W6URxbYyUJkECxgAHyUoW4UTQMHauBc/xlE1GGOjx6sqPs+pkDIxEj1VjSUEjwalyGNIAPfIY7gjj5IevAI0wi2FwkIBDx63fPQLLd5/Z5uTi5aptpImZxokEr1Wg0crb1oRplqeluT4o8e4avGLvKpzNzvTPjqVohh8aA9sUHnxhlBCz4p3HjEG1+uDCKrRPm3juSpZ5u9FcSqDhY+CTYnoUrVtXwbnmmEBQoDlcvu/hLIbKi/VZviAqqMKInLlqPvUUAVhPTfSxONneszu30F/oUdxymLCLD4pULuCbQlehGw1QVZSusdXmdk3z+mkhzvdJ/OWzKV4ArntImKw/SmWjy6z60CLdIdBT/mygWem2ou0WpOX9h2MggqtLuOOihDU4Y0SjCKkGG3TWM2WRtMIuhO3zje9Nse8e1lDTeBwnKcnoqjxSOIxLcVkDrUOTCM4roCxYIzgnRKKUhdrsRicC7i+knYSbEuivhJQKUhbGUYMRbcg+DgCDMlYT1EpdRzSd6SBlX2r4+O8SJt3+fW8TJvHt+q5WsuoXgDVOwocJnVk09FT1UseAR3KWLlCLOst6tp0Fw3FaooJKQYBE8oXLGMa/lRTDVBVA7t58yitXaHl2vhenZ/wT/ifKn5hCFQlePAFV11/Q8l+DvWffJiatsp/5U0MtnRcxPY7B363dIJH7/oYq0XAqxBUcUFwXikQEoGnzSqzTGhC20MTYHVCFz0d/+CbuPEvX8Vd735jHWvjs7ce5j1Xf4r3vnb96BufvfVNHHnDbdyy/zgf+KkX8dN3rFPwNW8fkj2hi4/ODkjaDhq5ca/5PkybA/lGZY7KWytgWO569Tf5NqOvbHBuI33G22SrfTRo0+YWcLpmdaqNc7D5LYvD5cYl5mg+547jWV/e5sZJVcfm5A+XibqNl712/K0nd1wfxt9n6sfN17H2/Hq2PrO8rV8zFR3LExZyQ8uGGDKSCBwEH7BpUn73mNKzUonxR2vFTPWwPgiOIIAgJaAY21WFBgAiiGvKZFbaEOF9jAlZArnN+IVBA+pBg+JCUYPAlOsEdY6Vv/wIM2/6QfIAR1eFv7mnxQfubHPfI/FRLktgqr3B/DTyS2wSwyMAGhypUV7YepAfmfskN7Qew2rMkB5CDJsgpUcuOmhzHaPW+dLj1+Dyogarnde6ndcli7TwuGrroRJB0R54D+qJOFDtYVqWKaeqbh/6xUhbKhkVDqcMQNYqFIDE87E125O8qphfYcfeXayeXMQtKZYW2grM7Joiac8ADrUhAmjdwIlTy/SOt5nfvYsi61OcyNHclGCXi/ObT7De4PM+VhKcEeRsELc1VEOF5acSxKGpw5supAGfpoik4AWcYLxFvEGCwUhCeeWcsaam1+aZSVHxYD2mFTAtR0h89I4FYiAEW66VI8BrTAzDAAFRUyZ8i0F6i64HAWsMWI+Kx2uOSVMySSi6Bc4laDAYjWPwnGOswlgAdqsytkJNr1WVCBYgIGlBOu2xLYNXH4FvcSWPQUKMtRF8RncBfD9DQlKqHkCFoIPYtxcVVfe95tbf6hOov6x51Conjwn/hP+p4rdJeZ8q4k3O5dtTf96Fo/edHf/uQzCzl8Gd9CK23znwJzv2cNWLX8Pjn/8bHjy2EKPAN/hzgS+fhhcwoaeGAv2jj/LVVb+p1WhNIpt85XzhaQKsTuiip72vvY0jh36NQ1f/Gh946G3cxF188p3w57yIQ28ew1ACpTe94VW858Vvgjtv45Z3P8At7wY+92sc+u1rB0Dq4+/jx//NhW3PhC4OOrO3XJOk5im5"
[DEBUG] 2019-07-12 19:39:03,237 method:org.apache.http.impl.conn.Wire.wire(Wire.java:86)
http-outgoing-2 << "NyH3TMKb5wfy1svAO17f9epYTzZjjw/L36xRBuW2njV4YM/N9MF48bKmzIX3bF5f1vpjZW2ZzdYxkLldOo/acDP9KGdl6yh6PNPm5W3tmgHwCp8/nfKKqT6JNQTnyFotXF4gKCaJoJF3rgwNYFENtUdpcL4EPwUx1cN79BSrY5SWZRHBFwVShhiIvx2V16tJkhI8DTV/DU5KGWdVAi4vYqjQ0uMzhBhcNH/4Ee788EO8+yvfxKe+nNBpQWIioLqu3RvfnEYvRSseCwRjKFTYl67w8qkH+em9H2OfrKJqQQeJikSid2D1O3gHEuPIxpizik2TOtRBkqaE4HH9GNO2suW1doG2OFZ8qXDcbU4Z5nPgnFl5rjYaUQRYXgEN5VipnDkrUKs61tz6X2HdvqzHe+w2xViduXyalWOLhMXo9ZK3TjF/+V7cUo/TJ3t4AlmS0rXLdHa12HlgJwuP9FhdOcX0zoT2lR36q4Fi2UHfgwkU1qOtHll7F92jffCmbGzlD1z1qDR+N+JhltdYiX3HCAA0gE41iCrBKkWWY2a77N7bobUjwXdWUVnFaobrCSsnu3SfVHRlCuMNqCUYwdQJsAxBYxKoWKtFG76Xza3wQx6ZZUzVmJVeEetIWiAt8NYh4kEShpI+qZTxYAWMYkxA0ihVjGLVIJLg1RB8jvHEa9XE5FsaHFhIOwnaC4QiEGMhDE86zViqg+smaqEVwi0gJVqvdcmBHKMxeqlQxaitPIWllla1a1y4hBofKL8PzWwSiNv0B/dPFUXFkWWGdFohc8QLIy3HQY4QAxBLyAg+ZXXBEYoW4hMGgUwgxpw1II5R2wyoavNW7/nnSFIBLBWYIg1wpQmW0PjdAGUm/BP+p5K/6EZP1e2s/7F7obwXb4k/a8Ohm4bLXez2Oxf+bJr9L7qZ+SP3cN+997BUDPPr2S0cJrQt5Fld3SKLGNrzc1yswQImwOqELg16/ts4Usbn/uyt38M9t36KI6/dCxznAz/1FvjF27hlf+XJ+vIImu5/I+99//0c+n/v4pY33/gUKj+h7SJVCGGj7d9blwebkzWM3WzMcLaA3EbAJ2cJaI2XPZ62CvQNeM6+M85U51Yw263YZ7Nyt2rztXLPzLyZOs6XHYblb57p7K+d9cts9ZoZL1eHygDc2d3NK3YvIihpYkuwlDJWasmj0Wu0Sm4TvcEqGTFmqsFEIFSr7bJE8LMESo21NQDpXdxiX5URGwFUYwzBRw/OEDwExWYpoeiXCavi1udQlOClCOoHXqEPfuTz3B1uZMfUBrYsDRrzpvf51s7D3DLzOV7S/hrTdiEmtwHQJLrTYnBFm6AWJMZaDN6XIHNczCjVOkQxNomhCgAN8XwEkKOe3rnGYijqYoxwecuxy+ScCO3G1n1FbB1qNqpTdaEAIQKDy0vgQ6N9TfSrkiXEp9oCaDGIt6qAV6xZxeg2hQJ4WMlzSEKCCcL0PkueF4RTllQz/PQyrV2z8IRBjzrCgYJkp8LxlO4jCTqTI3NC5/IESQKaOGZSSyimOH10GfI2mRecUWqMThoe5TLYlh9DAMRETKgSjK/7tcLAgon9lJgeruWxVwszBwRLF0dC8AaCRa3i5wrSHYF0b0rv4Rx/UiHPUOkAAUulh8FLjM+LJgiWYAZAbwwQEYY8WI0mUSXpQRaTVJGAWrBGImyrlLClosHgvOB9AioYGxDjIEkQ48uXDhYTYoiD6OEaSltEmwUTUJMjNpCaDLfiCLlBSeprJV7mUdEgEQyNcVMFL4EgniBg1GJLo8f4pmUSrTKmcnS5tqgIqh6ML4HYMhwIg+tTxYPG+cFQebGXL2wk9rmt5iFV1MRoz6JpmXTLo9InbRXYToAkxrxQbLxWgyBi40ubkFLk0Fsw4KeQOo5xdeGU36WKs1HprAwuMEMdf1Uql/ILTBVoUl38dRsYNKUGWcbcICb8E/4Lze+LAci3XfV3T8Hx+8+O/5pvhrQ9KHex22+b+DuHns3zLj/MY5/7GA8dW8CX5S+aBH3/WMmmzM3vYO/cdP0u/FKmCbA6oUuGjn/wTdz45o/Bz95egqpw/INv4afv+Bhcdxe3vOF+3vPOH+MnHmps6n/+2zjy/KdI4QmdVzobEHAjWdsB7G1W5ubqGM989qDZ1spvF2C2lTphuN6zkb+ZcXE29jiTzLORu9k6zpcdzlb2Vuq58MD4WgGfXpiiu7OPoSAkMZlVmmX4okAVbBIBxCSNcVeNjTFOK0k1YBpCGQN1kPCqAkbEGIL3df1xK3ws510pyxh8ERM7iZHo6WqIehAB1qKfYxMLZWiCECoPwMBf+Bv5d+GHaK9jI6+CU7g8OcXrZz/H62fu4vLkJIQ2XiOwk7tZRMowBFX4gho4jVCYGIOR0hu3Apuci2Uq21iLOld68UodCqDy7vUueu5WsW1DCMyGLjulB7pj0E1eI5ajUOSQthiApiWe0ytDAIiAVompCuITbBUGIAN6DLb/N3EfG4G6TE+vN2i2TL1uj3aYwroWSRowrYKlhWWsdqADU5e3yLVHe3oKg7C4dIr23Awrp3tkoYPveZJ+yuoTAZcWtHcL7ZkO/eOOsGwQAnmSI2pLYG48iUawTyEC8qJ4o/GEKiKG2pMnLXDZMrPXCOFgfDERTiT0nsjpr4AXiyZCa2dGe68g032mrxeWH8wJjyVkpfe1E0FNggYLmqI44pZzh6jdMOaoGgfiMZnDtjXi+KL1SwwpY8BK6Qmr1R8FVDBisYngpBexUE3wzqAhtlM0IDhEPWiVPCqUw80jBJI0xfkI5Dd1G9ZZS6y1wKiBkGE1wYQy8ZyECGBLfBkTqgCyEjBEEFYQ8LYEualj0p71lKsmyhSHoqj1pJmSdAwkAcWW4IKL/01A1IJv4fop3RVFC1O2a6MbZOU63gwhUWpu+iNlLgypWCSUwZIrkAoZ3DSGQOIKMal+07hhTPgn/N8A/A9/tv65Jf59z4C5/U+9/k8Vf9rhihfdzPyRe7n3nrvpFUo6PYmw+lSQTTLmd86zZ7b9DQGoVjQBVid0CdBd3Hr19/AbP3s7Rx66LR56/H38+Ivfyp+/5u3c9dBt8ME3cejF8K47b+MmiFv+X/fbAPzc+x/gzRNw9RuW1nupuR1yzpW2E3TaitxzlX+mOs6HrbZb9nYBtWeSuR1yz5esSt6F6MNR25yvsX02ch/OO9zrd/PC1oka6CvyHJskiIArlKzTjp6kZvCwHnzAJBbvPUiMPRiT+JRApDExbiox43i1Zd4VxcCTFUAgqEYQzBpCCHjn6rilIQTUB5yPx+P2+sGWaqeG2/Xl/JZ/TQmqRuNoaY9VNew0q7xu9ou8buYzHE5OkIqNgE+YqSwXwZTSrs2YsFU4AiUmzzKlTiKGoCECw2W96uN2Ru8cWtmnqLYjQghlrNUkwfX7QwNiynquSZe5q9iDC2X9JTBqS7PXgGuZlMoFWF6GClNBSp4E6Je/Ky/V0THTjNOK0uLk1gfPOtQu2igJzjjyNKdlonejMYbWXErRCpgipbu8SuISWvNT2KKFVY8EwapFCZAapufnsJll8dElpJuR6TTBFnjjIJhBsxrrRq36s4yJqaIRVK33l0tdVoJFEkc+s8jcNSl27yoE6D06w9LXA6Y3hdVWDcL6046lY6tMPc3CHsfM4Q7dNMc9nKNFG5WMgI/YmqaIprEt4hFsHWe1Wtc2t7yrKTAtj808pKHcrl/qi9QOSUEjSG9EMAJCQAPgLWJN9G51AQ0SwcsQw2gYC8YbxCSDASE+vgQhXlcaoIrZPZQLBerYpaFUyZXxKiJ+kYPx8Tox0Qs4iGJCGctChRjXoox/CoAHjR6szVADzQRgmyUplQs4MI6kbcjaEKxH64tCQQpEciQYRFsU3ZTeioGQIkgNqja97oep0rB6S1F6qopjALZeYGA1bSP5MnVnAUMZwauvoxdL1bH18Qn/hP8S5z/xECweHy67Gf72DBy84anX/yLgnzr4LJ636wru+eRHSHfvY0IXmnZx8MqnWofzQxNgdUIXNz3+Pn78xX/BzXc+wJH9DADT17ydux56gPdW5V57G0dee5wP/NRhDt3xMt51520ceehtfPbW"
[DEBUG] 2019-07-12 19:39:03,238 method:org.apache.http.impl.conn.Wire.wire(Wire.java:86)
http-outgoing-2 << "w3yStcmrbrzjrQD83K1vv9AtmtAFoO0CjbZrh0gTWy/aFgAAIABJREFULDpfINx2Aojj6tiKN+E4nWT4D8PfGHpeGjk8VHBDFWRt2o1Rmdvl4bwVmVoCcVr+CRv0z5n67mxfGmwWjD9XCo1kO+dS17mMu1HqBcsHT+zheftP0ZJQ41PBOUxiEZR8pYsIpO02rt/HJCkAwXtskhCcg3IbPzYqZUQo3T/xIURQNc9rheOWf2o5xliKPI+AkbEEH4Y8PatQAaqhjLsagaZsehqn8yyezsrxLWSiXJEs8S2dr3Dz1Bd4VnacKSlIhOilFqoFhZSgkJTbpocTbVXgbuVFS1muAqLQCDZHoFfRANZahIBYi8sLbBofJZ13ERRzHlVXe/YGVcRapkKXy9MCi+CqPi2TVSUJ5BU4WlUNrPTBVR1G+VmpnxIB1ZyB52qFBwFiImArCfje9iWuAmDGk/d7qBqMU3zPYWcsvWIVq7OYEyn5UkAcuDSnPTNFsdrH5JbUZSDK6vQy2WUWtcLp4320Z0klBocVn5JoufVb6mVitItQZqePF4kSUAGV6JkpamMIUyF6g1qH7Oiy4xlC2J3TVwiPtli9PyUr2gRSvMREWTYoBkPwQverq3TyFlzmaV3lMalh6cgKyapGYFgcXhQlwWi5/bxEKqtuHIDB5TWTgskCpHGbfIxWUMYsrZB1KV9clACxtaBWcT4QguCdgLZi210o51ePBvCFhdiCuMIJIFJluwfvDKEgArIVjZljpLSrtwVoC1GDShxsRg0Yg5pQ6toCjbH6muFDUCm37G9taGndySMnRFAc2IK0BUknEIwjSPnio3L9BkQTcBmu36a/nGBCOZ9JDGMS55b1FCsvQIkJreqwADV4sS0Z1bZEPp3G5CsDoCQqMjS2qOas6lx9E6kOyYR/wn+J8wd47O7Bg/Fm+a2Fa/8XEHuJt3/7+NPpnTz35d/FiZVqG8yEJnTuNAFWJ3Rx0/438t6H3hgB1Rf/9uD4HW+twdEm/dz7H+DIu0eP7t04edVfnj/1J3Rp03og19l6ip4PkK+iMGats5H8wXNZXLhaa7AmxrkzRkgSw64dGfM7MuZnM+ZmU+ZmUuZmMnbMpky3La2WZbqTMNVOmGpbOm1LlsZM1xUoJDS+l8cHOYAGQGh09BkobMbpLtRbk8e1p5I/SjpS7lyoasdmSDXiWyEo3is+KM4FVnueBx9d5s7Pn+Djn36CR4916fbd2D4cJ/NcaDvH4Jl02S6AfyzgvgW9Ffjowk7eOJ3ynKk+xpSggsbYoFm7DRIBwcrLUkKI8U5VcXkeQUIZyBMlHi891CqgIgRFylxWlXdq8L6Mw0oEKX0EYqvjSAkqKVTeqtWW+um5OUxi+TH9OG+Y/QSeBDFCgqejlgTIJEQgSePW76a5NChKtdW/zOyuw/ndjUjMLu491iZ4V5QerBHgtUmK99HrzxhDv5uTtVv4wsVYq7miIXr1+qIoE4HZ6LlqLanxLOfwC6s/xJ/0n4OTIyTh5GAS0ni9exdDVZrSYa7Xg2636vDyswqRqgw8UkvvVgBjoTMP7R1xTvE9WDwKmID125O4CkCuDoTjHhZSspUO7tgq2cGUfL7L4ulTdPpTEQRsO7LdFtNWuk+ukoZpfOLQVsHsvjaFOlaP9Uh7rQj2GY83OTakWJ/iTKP/xg16KUFFiUYxajE+zrFOHJoWsLPHjqcpfn6ZIjHY7iy9E0mUT4GRFJGYIM0bxZdJn5LVFvn9OZJbkkOW9GDObJLRe6CHdDNUU5CAiEfUIxoI2DhHKnVs0PjyQTGJYKxBbHUzYLA9XgcjlPJb/OIxicGqENTHWL4+RX2s24iCcRE8DQZVg8stBI8k8UUFNonAagDf15gUTCuAQeuhVV3XFXANkPqEEJKYJMuukGWLtDJPkoImfZxCf3WOXneaoHP4YFHjQTwiKRpSVGMIAhp2GfJaRYfns/qYNG5YSiDHWMW2BNtSgilQqUKWCFXsDNEUXEq+anG9DAlpWa9rWHiDsS2DGSMi9GU28ypWbGgY6AJRSKdQYxHfTKylDL1xaAInowBMVX7094R/wn+p8LseHP0K9FbKY1vgP/xi6MyVKlyi7T8P/DabYn7vISY0oe2iCbA6oUuHXvP2ASC6hqJX6sNnI/eO+3n43awjd0IXG13Yx/nxdD4Bo+2kSr4xQjszzO/IuGxXi+uv2cF118xx+OAMl+9u02kbsjSCollqSJMIrBoRjKH8jOCoMeXWzBosbYCmyHn3iPxGIFV47jPm+c6X7KfXfyanFwvuP7LEbX/8AJ/83HGWVy9cYpDzPQbPF21V7xMu5XdOXsmvZl9i2rjBPFICivF7/G1sTMBkJanPp0mC60eAVV3AmLgVNnhXJmzySLmN3hex/xRFg5YJqSR6vaK4oihBShuBVq22KGutk00T2jMzaIjlszRht+uTZAohepdqI8kOlB6podpaHY0UfPQsRUO9ntDyT5VcywdfT6wuzyOoU8eMpQ5tAGVyHWMo+nkEhlVR3EB3JdpGPVYCR90Uf9j7Nm7vvYBHwhw5gs0OYvpdjPbqOKrGll8VCDFR1XK3xHOqHcnKwFu1qE2FtdDaAe1pUAerp2Hh8djk4EGdksoKwvYkrgJYeXKZ6V17WbF9gvMk3Qz3aGBm7zy6Rwl9jxpP0pnG9T2rj/Rpr84AFjfdo3OFxXUL3JOGVm8W64VgA06FkDiCKZCQUoNlZb3VGrIJ/sUvZUxQVYwo3uS4dpdkjzJztcD0KjZYTKFYl7C4GlDTJ4gncVmMg6uKM4K3MQ1U4pUkb7Py9ZzMJ2RXFUzvTWiJ4fTDfcKqIN5A8NEzFpDGFvFy6Y9A9MQOSigUm1qMKZPPaWhkZW4ufCO3SkAlRzJLYgwkgi88cWu6xjiiVjEGLEoIMXaqVyU4xasiGJB4DYQQ47jGGnSo1lEyKiTB4NVhW8vs2HuMnbtO0kr7ZStjLNV+f4lTJ3Zw6nRO4XbhSQgElD5iPKKm0aYB1fbRNaeiXlqCq2hMqJU4bMtgMiJ4W4HQOpClGLRIyXsprmcRn5T35wg8DNLQrU/xmo4hJjAFyCpiFEKKhhZ1yIELTL69k2T1+PDkX4MppQWGxlJ1ToeH1oR/wn/J8St89W9h+fjwpbcZ/suugfmDg8n4kmz/+eH3UzuZ0IS2kybA6oQuUbqLW6/+C17y0NtiTNWzpf3X8hzuB+Cztx7mPVd/ive+dgKxTujSJ2OEXXMZz79+J9/2zfu44RnzXLa7xdxsRqsGUA3WXlgk1DnFWBnrkeqDYssTzinWbh6o9SEm2rkUgF0RSKyQdBKmOwm751tcfXCaFz53N1+47zS/9p57+fS9Jy5Z0PNiJEX469W9fHLlGK+YPU5S7hcXiFnsieBPUKWKH1j0+tg0BbT2TlWN2+d9lW6+9G6l9DjN+31EDCaJW/1BUVcCpxFJooptWMdY9aE+BmCThCTLYvgAa4lJxwOCQets5IP1RM1bvuGogFpjDGJN7U0anENMCbJShScowxsAYiw++CjflWCpgMsLkiwdJNPSMvlVqW8dLsE7jOYUarnXH+KDxU38z/6zeMjvpF8mNVINeNOhsLvJ/NHYA+XaJzHgPJi0DAHgyvVQQvROLUO5GolJjTtTYFMoupD3YOk4uG7ZFVLyCAiBjj7BmX31Nk/tJ3bQX3V0DrZx0iM/lZP0pug96vBTBWkWa+svrEIPTN7GkuCMZ2Z6lv7SCsXpgO3HeKUhib6EgmK9JRiLswHZxCRgMITg4o5tCQRx+FafdJ+nc7UlZDm60mHxdJfdV2cQCsgTEp8QxEIwGCMEcQiQuhTRDIyS4wjB0n3U432L5JDC3h5THWH5oVU4qSTaxmEJRrBhGDAc8lpF8AWEHqQYTJagwUUP77pvqtV//K6lp6eKQ9KUJEkxaQDt13CzGBATwX9DgQkG6y2+qBJbWYQEJZRjIKC4CLg23jYIDMIsSKzdSYG3kMz02fv0DsgyPl+CIsaStRqYaq3S2rfMzNwSpxcWWFzcSV7sAGkTgi/HYNxK35Rf2WksVWqVnlfGgGmByZQgMc5x9OotQeIybEJwlrxr8H2D"
[DEBUG] 2019-07-12 19:39:03,238 method:org.apache.http.impl.conn.Wire.wire(Wire.java:86)
http-outgoing-2 << "JQHxBAJgUTXly5gzkSBYVD3WeNJOnyT1+CIn7waC71DH8b2A5LMZxPWx+SI1aFJZsJ4DdRhAqoAXaIAwTPgn/JcW/7H7YfnJxvS4OX6P0J05xMxTrf9FyO+zWXxWxaCf0IS2hybA6oQuTXr8fu55zbV8/yaLH//gm/i/D93Gm9ecOcSVr7mfI4/DIeA5hyag6kVPE7RpQxKB3fMtvvvlB3j9d1zJM66aZXY6IUvtlkFH55W7v7rIn/z1YxgR/umNuwH4/JcX6jJZaviul+7jqiumgAhw/s1nn+TvPn+SLDV8zysPcM2Bqbr8v/z1L/LSm/bwPa+8AtNAVwsX+Ilf+Tz/5qefxVTb8sO/+Fne+8vP5x++eJJnXD3LtYemaxDYe+XLDy3T7UVwq9sP/F/ve5Dve9UBrtjbrmXu3dXmwGVtkgZ4HIGzYWA3Otvp2DADQeM2/hgyYRi4VY02AkgsNLfqqkZbhBIsPhOAbY2wc0fGt960lyt/+QX84q1f5M//9rHJcN9GWg0J73jyWg63VjicrWAqkFMbHpohgpg2TbFpQnAFQZXEJtE7TiJQWYUA0BBiDFEBCCW+GtAilvXegw629ldYRLUt3ztHUHikmOL+YoaX7ThFIlEHY225rd5gk6SuT1XBVMm0qPXX0PT+i+uLuny53igz99RgbJWYC9XY1jIpldi4VVpdjEkbE1TFcAmIxLiypawsUZxzfCXs42P96/l48UzuC/s5HmbIgyEQPWxFNbqmKhTJHhJdrBUViaeci9dOtwdaViUFJGn0SE3T6IVadKG7EoHUEBrJrXw0c9xnXZpclYzBnLUdZF2HsCysPrbM7F5LkSj9E11MPoNZaoEGLCCSghic8fh2n6RlWT65SBZaJD4jSIyTGZMbSZkmySLBxqREEsrjJsbrrMaQQrVdXqVMrlYCZ669SnYgMH0owycF/nTK0kMeWp0YlsQYJAiJFwqTAJYyzVpMVRQE0QSngZBGcNMUhuIxYcHndK6xyFzOjsMpfSkoThgI7QhZikFMOeZL6BJ1IAlQJrrqFxQhkKrFZAYVh5FAIMYIHXh4GsBTbZVXiZ1rUoNomWyNmHBLCeU1AcZ4rFhMsOAHntBS2k5RIgCtiFqMWiIA6VDaBM0Q6SN4vMQ4E2pzzJ5ppHMlvruMW1iG1WUMDiOK7S2wY3aV9vQSMzM9jj4CPTdT1lklz6raFfsUNYgoalzd3kFwHI3xak1AErCZIImi6usXK/GP1P+1sLieRQsT21S9sYhTXAnmxuRbaEoMhxCTjlGGgogArCDiMEmX9nSfrNPFph4NCTb1dJd7qJ9G3RQx0PGFi7nqpuIziM0XGfZS04E9mqBKhZjTKFt5sU34J/yXAv/yMTjyubPif3hJOXbXp7jp5TeTpNml2f7zwO/bs7hOnEsmNKHtpAmwOqFLg57/tjJ26l3cevX38Bvl4T+v46y+jHfd+QBv3r+W9Tded5jfeM3buevdwOdGz+7lJd8Jv/Dpu7j5vpdx5RvOk/4TmtAFokP7pvjX//sz+a6XH2BuNl03JulmKC8C7/4fD3DP/Yt4r3z+vgV6ecAI7NyREYLy9cdXOXayz6/81DOBCHr+0ru/TJYaVrqOo0/2ece/fk4t80sPLHHNFVPVe+aa7ntwmc/cexprhIXlgvsfXgGFT919mv/wB1/j9/7NTRy8vIMIrPY87/i9r/Lk6ZyVVcfpZcfJhZzP37dAK4uAlxXhm67bwX96yw3MTA1udR/46OM8+MgqP/rPrmJ+NmWl6/nvHzpCK7P8b685WHvMAiwsO/7wjiP86cePMjNl+ZFbruLVL7kcEVjpem7/8KP8P3/5KFli+IGbD/KG7ziASLTbxz/zJO+9/SEWlguuvXKGt/7oM7hyX+eMNjdGOHxohl/+yedy30OLPHBkeY2tJnT29HAxxS8efSbv2H83+5Ne3d8ig+Q5cWt/gQaDqtYxRvHxwdxaOwgfAHVSKGSQgApjcD5vOFdoDVgKREAWOOEz/mLxMm5fOMCupOBF0wu0TCmPMm6rDxgbavBUrMWIRNDVWhCpt+UTQg224iMIE0LAiIkxX6tjpf4V6Bq9Tm2M+WrMQF9jCEVRAraKeo8VxRjHasi4113B3+bP5jPFNXzF7+N4mGVV0zJUQVzUGAZxQmuSFnm6n071GCqQGui6GAagnYDNoqeehvjywznorkZgNfRBq4gZFS6l5WdFSrmuKkhY2c5hRJE4CIJdSuiGgtauDp29sHpyFdNtIy5D8agJhCQnmTbkoUCdIsGAM8QY04JVU3U3ICXIWWBV8BKPi8oASK29bmITvShWE1QVP9Nn+hpI9oGKJzyZsvKwQ5YzkjmPIaEwFkkD0g8oMXawx5fyhWDKLPMiWC+YYEswMsUdMywXPXYcTrEzDjmcELKc/jGPcR3QmHwtjvkIFMakWh7BRFmSEHKH00CigmklYAuMEEHUsmFatjsKqzy1FahebCiIL4+VNlSDBgNOCHkYhJKQGE9CK6spqERoNoZUUJAQbYbDSET4AymZdslY5P9n783jJbvKeu/vs9bau6Yz9Dk9Jt2dobszdBJCggkCIgERZBAFQYRcBRFf5TK9VxQELzggcuWDwkWUi+CrFwcwoCKoLzMXEJkSwhBIQpLudDo9pMcz1rT3Wuu5f6xddU4nDSRkIrJ/+fTnnFNVu2qvtdeuSn337/k9YhXfbhNbbfLJNdBfxvshmTVwyyGM92TuOGumPMOZjIPHMkTy6gt/kyiues1QHc8KpCpE0oWYleWryaXrFNcQsKkrmwisOG8TIBcswStlH6K3CHbMGFLzM1Ohz+o5sFTdzli5UjiCDiASwZRkjZJGe4DJeoj1GCwtlyHW0F/yhOjQkN/lC7Z3V769FnUNbH8OiZ6VLIXqhB//Wb3jrAYvIyCz2u1Wb19v//26fbEMN/5H+hC8i9svF8r+ZVAZcv2XP8d5lzwS49wDa/z38PZqLaE5UztVa91rMt/9IbVq3Z86wj+/aBtbzxj9ewa8fze37rn9vzfA66rH/MnVadOD7+XP35SA663fNpsV1v/UG3jSR57BS/5tB1tPAmZrfR9JVz4ra91RM1M5L7n8bJ7xE1uZmcrvFlSFlKeoqjz8wlmaDcOPP2wDC8slZ50+wfnbJzl/+yTGCEfmhivbKBxfKPiN5+7gMZeuZ9+hPp//2nE+fdUxPn3VUY4vFOw50OOzVx+jPxzBHfinTxzglPVNvrVniet2L6EKX752ngvPnmK55/n0VUdZWCpRhUZu+LXn7GBhqeTg0QFL3ZLSR4bDwHLXs7TsabcsL718O3l24secMcL7Prafj33+MKVXrvzGHH/5z7ewkme3omt3LfLX/7KXndsmMSL8yd/tYn4p5TTednTA2664me1bOsxMZfzRu27k2ELqOt7tB/7gnTcQovITj9jIl74xx7s+cNcSoM86fYKnP+60O+xTrbuniPD1wRr++6Hz2Ve2CAqqugImSdEAghB8yh71ZZGcnFFTg6vSE6qyeF3l/tQKrsYYU7yAVo7UkMigkgBmGeC2MucDi6fwov0P5k1Hz+K64ST7yhZHfA4CNltxqNrMnbCPoqQmUSFQDgtCWVZRAaRy/9FYfUjZr1VDK1+kplS+9ITSr9xXfUkJIY6fJ5QlGjzqCzIDUT1LMed6TuW9xUN5effn+Znuy3hu98W8qf9kPq0XsFfX0ZMGqRNdAoHVr4gxmKqrl4iAMUQzSamt0YHB2uQ+NaRy/7KEXh+Wl2B5EXrLUBYQ+ozSDE50qML4u9VIQiRjAXMP5qsCGC0xMiRTQ+xOsHzEEKLSXi+EzjL9fMCw6ek1F7AbCxqzgnhFug7nW6mD/Cqn30nPchVMdEhMLsKAEkSJRokmEiUQTQR1mKjYdp/OmSVuU4kYy/CgYWl3JC7liFpisGipIAWmocRoEXWkwNoRkCe9IY+c3FTfZRGIBhsM5pilf0NEFzJie0i+raB5qgc7xEhIzbOCBRyl5JTSJkiO4DFSVi9iCF4oBuCHUjVYchANSiSamHJbZRSQYNBVX1mipPupIKNBkGiRmKFlhh8IvgQdZapWgHZ1zyWjFkGSa1iE"
[DEBUG] 2019-07-12 19:39:03,238 method:org.apache.http.impl.conn.Wire.wire(Wire.java:86)
http-outgoing-2 << "iEMpMKaLo8QxwJnjdOxRJmURMxxgAhgxhNxRrpmGtaeCncKbADJENGBNn+k1R1g7u5fJzkFy28XiEU0QOBJRSe5e1IFmrICBBLVVAs5BlhvExGqtrIxXUIwKRh1+aCj6gvdCrN7PYOXnCetLG+k1CSAF465vI5ewlIjrAh7UJThuIsaUIAPEdml2hnSmS1xzEbELqOnd9RPobirkExTTWyknNhLzCXTc7Xw0Uln5MbpqUYHjsYSV21aVCNfb19t/X2wfPdz0H+CHd3n7iPCtBcZRLHNHDvH1z/8fBt2lB87476HtVSwx6+A76ymmttZQtda9qtqxWuv7XOt56p/t5ql/9j087pRn8o49zzzxYWPn6/fyGrXub+ntvzXXGstZ4bJLNvDUx26l3bzn3tpVIcsMvX7g4p3TvOdD+7h21xKHjg4JURkMT14GuGYyo920HD4+5GVvvAYfFGOE4wsln/zSUa66dp43/caDePiDZ9m1r8sVH9nPmZvbvOot11KUkWEZecWbv8HmDS1aDcvb33czEx3HUx61iTwzdJqW+eWSyU6GCAyGA9ZMZeTOUAZlqetxTu4AVh/70PV85qqj/OU/38LWTW3+/B/2cMGOKX76MafcIfd1uefZvKHFy5+7gy9cM8cb/vIGeoPAzFRG4SOTHccrn382tx0d8IuvuZrlnmfdmpyijByZG/K6F+/k4p3TXPnNOT591VFe86vn3Ol5N0a47NINvOVvr2dY1Gv+nlRA+FJ/llcfOp9fX38TO/NFMqlKbKvmT8FXpe9Rx2ASrUr9R27P6vlEJBnA4grQkMpVMWo+E1ToBcM+3+bz3Rk+sriBG4pJlqMbP89icOwrW5zFMOWfkp4zhoBxLrlKrcX7cux2RBJ8FTF4H8bO21iV+GsMRDRB4KipK/vI7adK9AVVKAHqJTWNKiKLTHE4TnGrn2ZX2MSuuIHdcRP74gyL2magWQVNE/LSVIlN1JX2OJHU+C6kyQExKU8zRhBFcRR9S3MydYwvPRRDGL2lKKAlJ0LTEQsafRSM8ldHf8vtf4+09Vbu6S7mAulbqxqcMcShYXC8pDEFkxsm6C/18T4wMdnBuZylYwOkzLAxvR/FVRm/o6GdLHvTaFp7UXTFZIhUoDDBtmg9fqrPxJkBs8kToqF3i1LsN8ggRyQ1gSIIcajYdiBrGwoRwCH0EQxRzQkDHO2HVDuYIcmNSk6cbzJ3Q4/Ojhy7piDbKrjcsnxrFzNo4NSgpHNIcajmqXxfRp3rBZEM9UrR9yhC1sgwBqIrYQUfjmdp5e35xAMtWjXCCpZQGkJhEkRWw7hx1e2OXXWmoqRy+DS/KRbARrDap9U8xNTkYdq6QMz6UOZAC2KKOFArRIRoDd5GXBkRbYIK7dY8m5sl3vdZXi6Zmx+y1JtGZZKAISoYAiIJoiZ+kJqAiQHrUn4wJqKExA9kdCyq1lLRUBZKKAwaGpjKG756jKvXFAiqtjoX/CoQkeIOkCEuL8gaA4pBg+AtwVucWqIKMgLZpqTRGmIkY5llfHni/N6XilmbmLW/+wNr1Xog6kfO+p43veDb3D78NrfXqlXr7qsGq7Vq1ar1n0DTkznP+InTmJ3O79Hnjaq0m6mL87H5AlXl0ZesY8vGFiEq7/nQvhPK5wF8iLzrg3vZe1uf9TM5p25ocXRuyMt+YQfPefWXecKPbOQ5T9nK9q0T+KC89d276PYDZ5za5g9ecgbv/+RBPnXlEfrDyGN/eD0//ZhTiFE5ZX1zXHY4qr5u5KmUFYFGZmjkhizCUtffcTDAZMfxksu3819f91X+3zd8nU7L8lu/fCHTk9kdHnvpBTNs29LhwJEBV3x4H9MTGZ1W+hK5dWOL//XqB3NsvuBtV9xMIzdMdtJHqlQX15d6ntIrgyKupgJ3Wtu2TNDIDMPivsuw+0FRUOHK/gy/efB8njtzCz8xeZg1VTmyQJWbaqoGTsnNFyuAObLNG5vWQmoWpSfgn5S9CgHD8djgusEEn+2u5fO9Wfb7Fv14RxjRV8u1g0keNXm8MmgYRg5YLcu0L2OmlNyxiR1qsnlGJYRQ5ZmCGJOgqQYIqV4+FJ5oLN1o6cWMLhMcDhMcjB0O+Bn26kYO+gluY4ZDcZquNulpTsBUFx7SON2qRucp+1OpemCN178ZlRYz6jJeQVcjFcgLFH1P0XPkE47ucuroPoaNRfWLkODpql5DCKMIzlWEu/q74sZU8CqXVS6de0gJtOeIGKwWNGIg9HN8CQwCzQkDLUsYWAaLIMMWhtQMyUgAtWmHx67CdDxHw4AK0DMCqmkOTTQVlEyuzZAVxDUDJrYbmC3xQ0N3D4RDDUy/kdaHDUQ1aCloX7HtIdk0dG0gj4CGajoTxF0BcSfCVaNKUAhiiNpElnP6NyzS2QqyKeJOHdJxGcu3dmG5jVWL06q4X20FMUfPXZXsV1NQ9EqIQtbKIcaqoZWM53q8P0qKpdDqgoYCscqkLYQwFDQ4hGp+WXE5CSMHV4KEqiWIqfowKYYyOVWjJ7cLzE7vo9PYi5UlermhH9YDazE2Sw2/VFPUQxYhb6IDXwFvMAzITR/XWCJrHMdkM/hDkV6/BdJAKYECxFbwN0UoiFFsJogjQehRnuB4HKm0X6JQFhFfWAgOo3l6vIQTToeRiz5N5Khp12giK+isCrYga/ZodYaYbIiIpb+sFAPBZW1wIFI1iDQRZEjWFKZsi+XFlViUWrVq1apV6wdVNVitVatWrf8E2ralw8XnznzXJkl3VTHCdCdj49oG//zJgwBc8ZF9LHYDZCPMAAAgAElEQVQ9Wza2aOaW87ZPnrCNKuy9rc/8Usn0hOO/PHkLz3vN1Xz1hgWsFTaubXD+jimsEY4cH/L1GxZ56INmmGg7zj1zkn2HdrN96wS793WZnnCcubl9B+fpRNuxY+sEyz1PUUYamSFEaDcdR+aG5Jmhkd0RXi31PHOLBZdeMMP//sBenvG4U+kPAotL5R3g6prJjDwz/P6fX89Xrl/gnDMm6PUDayYzJtqOrZva/Lc3fJ3/+Oox1k7nLPc8a6dzGrlh66Y2r/nTa7l45xpuvGWZH3/YXW+Mt362QbvlWOr62qd9Lygi3Fx2+OOjZ/Pv3bU8a81+LmwuMGnKE3KSEkSr0GBMuaNoBTFh7E6NpCiMIZZjPmNP0eFL/Vmu7k+xu+iwGDO8mpPuC0Chhq/1J/BRyUxIYaMi2Myl0nwRjM1SA6KoWOsSADaW4WBIaTMKdfSHSiFN+l5YijnHtMl8aHCszDimUxwYCsfdFubtZua1w5y2KdRRVAXQI8a32hdoK/g0inrDJDcvgDUp99SYqkxalairwU66HRSjrJTxk6DwYNlTYClVqBqYJ6eqsgJJA4yr+VdD1XQgVyyyo5+AEGlyEMOI0N6TklSmrsmpazXigiEESyiFQU8IpsSVkdwnl2BhA9GkWR05V1dciNyhYzxV6TcVWB2VtBsgSknI+8hMweQ5YKcg9nP6Nwv+YI74DARsFAgGbxJbH8yVTM1a7LQQGgPiwGKrcvt0wCtYf7t3HAW8AaONlBFrUscw12vQu6Ukj478VKGxaYg1LZb2DonLOTbmoCGV7puVPNSxa1QFiyV6xfcTmLSdFqq+yvqsCLlU28kq4BpN2pdoCUMhlAb1FtRWFyVGo9CxOXPs5xyv8RLBIhrJ7Ryd9iFabpnMdGk2jgA+7XMEWeqSLS+gzQbYJtE41EA0DmlOEpe7WB2mixAxIjEipsCYgslOg8HEMn54nBjXEGMONNMSthHVdEHE2NTEDROJkpzdKw7lBL+Jgh8qMQgSXQKk1UE6oRp2fPBGcFUxJrLiKQfwYAvyVp/WRB+Xd0EiWSOnGOaUhaG31MA1YJS7keWKa/YQu4y1XSbsHS9K1qpVq1atWj9oqsFqrVq1aj3AJQIXnTtzj7tVldT1PqJMdhzX3LhIq2l5xfPO5o3vupFffcYZ7D3Y518+dRu/9NQzaDbMeH9+5wXn8vEvHOabu5a49PwZXvDMM/ngpw7eISN3djrnXa97CH/1gb0Mi8hy3/Olb8zxG8/dwY17T964yQflb/51L52WJUal9JHMmbFTLssM/UHg"
[DEBUG] 2019-07-12 19:39:03,238 method:org.apache.http.impl.conn.Wire.wire(Wire.java:86)
http-outgoing-2 << "mhsX2bKxSbOxAliPzxf8wTtv4Ob9XZoNw6euPMrN+3q89kU7ufB2YHVYRHxQ3vBrF/DFa+Z47Z9fz99/eB8ve84OijJSFJHXvfg8rt29xMveeA1//r49vP6l59FuOv70VRfyu2+/nm/tWaYoI0/9sVPv8vw7K2zZ2ObQsQEnnYha94iWouOT3Q1c1Z9hR6PLM6b285DWPDO2pGkCrnKvJiKYYFqsOrR7hUE0LEXHsdDg64NpvtibYXcxwZHQoB8t4U7alYMK1xZr+Xq5iaAtfFSiySiGhoEXCpPRjxlD02Q5GJa9oyc5C7HFfLDMxwbDYBlqg36AgcIAoahgzKhCPhKI+SY033QiiKn4y8iUO7rZmsrBq+n30W1GhBA1OVmt0MiEfhHRKBhJcNXYVMMcQkCr+IKUSxswxhBjYNhPuZJRq1zZEQcdgdORWzWw4kgdgdfV9JcT/xY8bW69a4vhTsqoJUggikERHA40YAVEc8KwiUjEqgdCauCkqXmTjLG9fseVkfhxyvA1lWMViXgpCa0+sq5g+owWcaIgLlmWdkXkSBNXZkSjCCl/ddR93kTD4HjB1GkWzYe01maEQwNikVf7JCuQdzSNqyIBktvTYhQklmB9utBQdOje6vGlMrHZ0FlnMA7mb+kRFyMuNDAIcdxkRFZeq3olg4Mg+EEkxohr59gsELSAMZAllfePXKvBoCEjDCGUFlVHslaayiOdFsjKW+cqoIsAOVAgCpkZMNk+xMz0TTTsUmoCJyU2pouGzVLwtx5heHyO3sQEa846HyYaKIFgLFlrgmgUjZ5QNaxKFyMsRoVMeqxde5iJyT6D/iKLc1P0emtQaeClBBzWmWQgreBnmvvKpq0m7X0QykKJvspnHTeqGnXpYpx6oavPa0BViNUHsIiAeMQOyNtDWhNDbJ6aVBEdNhuS5TDodSiHOTFajCuIQSj6SsMrzYmI2B7G3RsXLmrVqlWrVq0HlmqwWqtWrVoPcGXOsHPb9AkA8R6Rpg73f/3BveSZ4YmP3Mhnv3KMmamMH9q5hje+6yYyJ7ziF8+ikY9cM3rSBmO/8vQzeOKPbOTpL/viCbdbK5x2SpvSK6jyjZsWEYEff9gG3v6+PePnmlsssNbQaVlUlVPWNQlR6TQdMSprJjN27ety6QUz9AeBd39oH392xW4uvWANWza2xq+3eWOLt7/mIr7w9eP83tuv59d+fjuPe/gGZqZOhKo+KO/96H5uOdDjpf9lOxedO00jMxw8OiBE5eNfOMJHPneI175oJ+eeOUGradl7MDXxyJywbUuHP/nNC3npH34dZ4UfOm/6ezoEp25ocfW1wu0dZLXuWSnCQsz5cj/nK/01bHBDTst6nNdYYmvWZ8YWNE1AVeir5XjIOBoa7C+bHChbHAkNjvqcgd6dc1DYZ7fwtO7jgUisbKAxpnJ6iUVytkmWOqhHD7EkdTxPDk0ZwTotK8JiUwmwlIimfEvDqBlO9apVOfYoevWE2yShKbMSy1qV+cPQp9tD5docloozgpqUEeyrsv6oEZUUJaCatlFNUFXEpKZchYfMQqxo0GqoOvp71KgqpGGNs1VXDuL4pxDJOY6jfzeOx7eXiZZoPWqGqFiCOoxaUmuiApGCDEcwUIpBK6jqKudvMGVyIq7OEL2daxWSYVOpEgOkaljVLHEblM62nKLRw843Wbq5ROfaiLcYUVwwgCFIApqikvZ56Ogt9cjXeabWd5g7PkDLZnJ+Vmun8kieOF4FE5TS+OScVsV4gxqH94rFUhwo6Poc3TIgW+9Z03As7h4QjoPTNjEaMCtIVcawNDmaVQUChKFH1eM6iuQj13NlR9Y0Lomg3hAKCIVFtMEoKyKiVR6orgKpkDzqZuXvaKsrBZHMLTHRPkxujmK9AarSepbxEhDNcYUSbYG2W/RCwGZKoCCLims6vHVEL6hpovRRGRCMSU2yZEgjL3H5HO1OxuTUBo4cWc+x+XWgUxhbnR8S0wWckVO3GrOQYkl8EYjeQszSeM3ImeurOa0ubq5sfeInR+XmVS2x2ZBGu0/e6eEafVQ8giOqJcYhWMGaKYgtiFX7MJNRFI7BUhNjodGO4+NYq1atWrVq/SCrBqu1atV64OhkxK4W7abjtFPa4yi1e1KqyjN/YguPvHiWHadN8JmrjzEsItu3dvjUlUd53tNO4ycftWllA0klwgcO9zm+WI73yTnh9FO/fZOJ/jC5vd71gb3s2DrB9ISjKOO47PmfPnGQXfu6/PavnksjNzz+ERv4hVd9mRc880zedsVufu+FO/nbf7uVH7l4LQcOD7h21yIvefZ22s0TQZezwvqZnPUzDVoNy9o1ORtmGycddzO3/OtnbuPYfEFUJUblCT+yEVWYnsj43FeP81tvuZapCcewiPzs4zePtx8Ugd9/x/Vcc9Mib3/1RUx1vrdyyfUzzZN8O651byoi3Oab3OabfKk/C6y4B4E77UC9yxKD5NO4qvzYWiAWgIJxQESjr5yePhE4Cwme+lSPv8qXmurxU228jGv77UotfwVPR2tLR05FBeeqWNYKTqXIgwRfQ1BCFDKX7IwhJIQzun8UAZB+ptd2ltS0qprMBGgto/RVvAfJk81PV+1XNZRx+f/oXFidrXqSc0MITOquVE5+LyiYKgZBLSkRIXWwj9V8p+rxMG4ylhqNaeUGTaAzmtQ0zKhNJd5Uc2QYd7EvjSeKQcQRCfhmj8ZpgfYWCxay+TbzNyp+OScLrnIEVzEFpAgBNREh4mKkMRB6Bwz5WguzXcysgb6OM1sBiA4jWVpjtkDFoeQIZXLBVopiq+MoEBSjGYNDEAplenuOmeoyfU7O0k0F5fEMiTmBWFmiDUYjjljBUocXIYpH1KIFeA24tsE1HNGUREnVE6jBFE3KYUzOzaoBnI6aK63ywo6XyGr77Ui2QKLFouS2R+56GLVQrUvVNiL9dBHCZPSnWzQfeQHrLnowuBbDA/sJxwcEm+GtI+QZFAaDIRhDNG28FGQaEHF4Y4kSMTqgkcG6mDEsWiz0mqmr/ejqxRimjkbhUTX4vkOjY/W5qxqr+IbRu1PaKhDSRU6R6jxL5xvqQAps1qU50afRHmKyAWKq6AUKQAjBoT5HjMdmA2yWTjjVQOYsqjnlIMe5DsadPM+8Vq1atWrV+kFSDVZr1ar1gFHNlk6uRm5YP9u8V57bWcNDH7SGyy5Zx8JSiSq85d276PY9L3jmGfzjxw6QO8PlT9rC5g0tjAjbt07w+r+4AYCfvCxB12tuXOSTXzxCtx9o5obbo6nBMCQgunuJP/6NC2hklswKV183z2TH8Xf/dis/9ZhTEKA/CLzmz66j8JENa3O6fc+Xr5tnWEb+/kP7uH7PEls2trj6unme9cTNnEwb1zY47ZQWmze0Tnp/5gw/9sPrOHRswL98+jaaDcNLLt/OIx48i7PChWdP8cKf28YVH92HEeGXn346j3vYhvH23it79vd47Qt38rALZ77n+Z86SVOt+1bf6ay7lwDj96ESy7uXx2scuBZiVsFFcWP3KJIluFjBKdGQgEwVUSC2CVqVTccSsRkahxWcDGAbECsIIjKKXVy5IFNFZ47gaMp3rO4yieGqgstSjmpmK+ZZsSAjKZM5c+DDqGe9rCwhEaRqZiSjB6usuDRDQDHJiVrxyTFYZdXfJ3OprpKg5MzhpHv3jsd3VDXnVeapjNyGAKsTejX1tUel6jw/cqOu5HyuVGxrymA1YwZLQLDq0KDI5IDW6ZHmlsTH/WHL4u4C222Rh+R4NJqgtpqQnkRSbAGaJegbIM61KI4G7KYBnc2GpaPLmH4HUZOiDYxNzZmwmOiJNoAUK8d6hPyqAz8qM5cIWTQM5yzHbwpMb2tjJwqmz7Ys7ukyODQk9000Cmos0cAAnxrGaUzF++IxWFQtsVR8L+DUYBp5cuwixNJQ9iF4QdSsXDQY261PLIdfjdatjqZF8Whq6mWEYByDOI1Xg8GjtkeUNsQpfDAMJmD94x+Cu/h0/MwsQk5rokM2v8D8wnFC2aa5bQJrmkgULEN02EO6hzC+W0VfCEYNtjDM36IcOSgUcZagOYSUhyvWoxKqOU3HTVXwwwih"
[DEBUG] 2019-07-12 19:39:03,238 method:org.apache.http.impl.conn.Wire.wire(Wire.java:86)
http-outgoing-2 << "urIgFYQ3q9fb6GrF6jUqVYOvMM6cRQpsXtDsFAmqugEio45xo8mJBC+EINgsIKaLcT65VQek2AEJiKTYBis1WK1Vq1atWrVqsFqrVq1aD3BlzjDRvuffzp0VHnTWFJOt9NxZZnjIudMsdEte/KxtXHj2NA+7cJa3/N0uzjptgs0/1iJzhr95/SXsO9TDGOHs0ycAuOaGRd73sQPs3DbJ4x6+gRC1cnolzUxl7Nnf47EPXc+PXboe54T/+nPb+Ot/2cv/90+3kOeGpz/2VPLMcPP+Lt/as8zrX3IeO07rcOHZ0/ztv96KAtfevMSjHrKOy5+0hY9+7jCD4ckda2dubvM3r7/kO7p8107nvPjZ23jxs7fd4b7JjuN5Tz2N5z31tJNuO9lx/NObf/jOTfR3UDO/h+Md7pTu7CWMMTG7h1/nrjzfndnXBwgAFoe4ZpWlaVKuZvRgHBJDAq/er7gESQ2NMDbZS2OBiqlIqYCGCrZYEM/qrlEiyeFWGWHHMlWealg1raoVAwWcTU+fW6GsogAUyC2UId0fY/pnUpelUcE3MVQAMpJKtY1JD0RSLED0KC7RsBFAHeWrwopzlernavi6ehopmOJbJ7gr7w2d2GhqBTDfuRUpmGqcyUyp42GDEAVEFUOGhoiZ7NM8s8RuTutgsN/QuyVie21cTKXiqElgunI8RknA02qi04UEjHFkgw7Le7rMrm2iUz3apzcZ7i6hbBExRBMxUkIURDNs9KiUhNQa/tuOyaigpSHPhOKYslAGps/K0Jk+E9tznLMM9vcxRbsat8Eah6ZXxURFCHgz6lbviKVSErDeYLIMVAiFoqVU7tLk0B1xwTR7uvK3gBVZYfTV9IyWklhPUFjur2VQTCDRIgjR9IniUDOkzD3t8y0bLj4XZjMsBUpEJx2mOcm62Q5Yj2SGUEVjZLEkHt2Nzi1QKqjxCBETHRoskzOz3LzfUhy1ZGoSMPbJvW3MaMFbQjD4oU1jlHDCujNKtU4Yn2OjQZvq+EskPVBSjnHW6NGaCGStIcb1ESlXFi6r588Sg8GIIWs4EI/3AbRJWQJExFiEJhq/fUO+WrVq1apV6wdFNVitVatWrQe4RMCaex4etZqWV//KOeO/203Lm1/xoBMe88iL1/LIi9eesC8bZnM2zJ7YSOvnf3IrT7lsE//y6dv43FeP87mvHgeo8vOE7Vs6bN/SQUQYlpFW0/Kcp2zlOU/ZSn8Y+LmXX0mISlFG3vOh/XRals0bmqxbk/O/Xn0RpY9ETfMwLALDIvLCnzvzhCgA1VSi3x+E8XgauR3DkKKIdAcBVaXVsLQa9l6JV7irum934WT11SdDRasJ13dDSSuevLu2D9/t+fW73L96+7s6i3d2X++poyOobSCmQcJusXJ2WiBW5eMxjWRMQ1OqKrFETBMN/eqZDCqmKmF2aPSIyRPRrNyto92uYlfHgBSqavzKgWqkylCtprAymSaYmqVGXsYIQZVWLgwKxRqSI5V0flubAF+MKX/ZWiGEBHCNCBoVawwxjOCvXQGncLua7lW/j7jpqiUgRFocxHFvulW/g+7CUht1eh9BVUjuUokpU1kl4qXAzA5obgvYjZ4Qhd4epdxncb0UYRJWxzqMHLGSSsTTdHmMlIiJGA2INggLQnfPgPZpQr7RUiwrw8MFNjRxoURMAGPR2EBiAxFfLYIEfFXkDmAZzbBiCaFLLg6/lHPoxiWmd1haU4HJzR4Ry/LBPqYQXMyQKq5CManUXwxBRm7YKuvUe4Iq4g0Ri8aq7F1GzRJlFZROpDpKlaiqyWk9Aq0RKG26Lw+2GgsEWkTfRNRWztgGiiVGIWw8zumP2YFM5UTNsD69hrcRdSkfFpsBTZCAdYJ4Q9cvYd0AGz0mWow2ExjOCuLkPKdduoUbju5HFjYCOSEYRB0S0oKOVJ+P6hFsKu3n5Gx7dKTT+4ZNc6dSzSOoevIcGhMleauP2B5iR1DVgFpSVqsiNpI3LOXAEcqMQjNc1iBET/AgWIJ3FDFDYyBvdO7cgq9Vq1atWrX+E6sGq7Vq1ar1AFdUKP296866J/TpLx/j1W+9lgvOmqI/jKgq+w8PaOSGnWdO0h8GVOEh500zPTFVufLg0LEhBw4PcFa48ptz/OPH9+O98vvv+BZvfNkFrJnMyLP0JXtuseQP3vktPvuVY5y3fZLf+uVz2LaljRGhNwi84x/28MFPHSSq8rOP38zzn3Y6rYZlMAz83b/t44oP76M/DDz5UZt46eXb6bTuD8foioZFuA8jME6Eqs5WYC0miJagdSQETd2l7/AN/7tB0O/2mDuzbytqZAnCn1AGjKwqnb/99qth8J3ZtzsDjO+ua3e0uSBZBzEGxFRVvTIGoUplS5PKzRd9criObKCiYBtIHKQcVrFV86sGgh8/HrGkgNJUOi4ANiEsVQghgVJrFNEEVTWCWEFEEZOgaMOl+1x1e4xC4VPjthASXI2xuuCjihXBZELpEwizJhB9lQ9pbFpPRtN+GrvSmOr2nP87cn/FMmCS3XfvWNwJqWrKT1XAyPgC0Qjgre7IfvKlsVK2rRWhNBgINp1z1lOaEp3t0j4rw8xGwtDQ22soDzYxvSamyq9NWaepYZPgGTUzkuoUjWSo5uRV1IIacKr4fRFpTxE3RFrbYBh7xMORljbRIJRW8SbiNEtuUg1jUHd7pdL1dAkALCqBiMMuT9O/YZnG6QZdF2if6ih8yfBwD1e2MWooo+CtoUx9qchj5bRklE2bpcUkCQAqFjWKpssK1TzGCrYCIngjBJM+G0fuTgPYoNhIBXNl7FzV8ev5dLYFBxbK5gKnPQpk3SJGpkFNyhPQiFMlGMXnio0RiYobEd4IIZQYG1DTg5BBSHPvbSB2hMntPTZckHH4yj6mtBgc0dsqEzUgEhATqveBBJ1Xu6NH49IqU2L0djx6V7IIgVEDL8U6i8sixpSI8agWyLg5XgKxI6Tr8iGtCUNv2eN9RggWYxzGBMSWWOcIQSmH4Mvvg6uPtWrVqlWr1v2sun6jVq1aDxzVzatOqhAivUH47g+8n1X6yETH8dOPOYXDx4ccPjbEh9Sgas+BLrcc6DE14dixdQIzcrwBH//8YWamMuYWS379j67honOmecsrL+Qr181zxUf2MShWxv62K3bz8S8c4ZEXr+Ur1y3wjvfdPHao/v//fht/9c+3cM6ZE5y2qc1f/OMtY+fs5796nLe+ZxebNzQ5f/sU7/nQPj702UP3+RzdXscXivv4FUfFyMol58/y8udfwM4zJ/nt//pg3vjyS/iVnz2LM7Z0cKPAzdvRr0ZmaDdsclDpagpWPa9o5YTU8T9nktux3TSpSfe3tSiuvJ6RyHN/ehvtpiFzKdczz2DtGseZm9tYo6scmiejcpE71pHHE14j5V9W47j9v5Pu292RgazDqFZeqjp3rV7DWpdAnslRTfBRtYKqGNBUTq3SwLh2yl6VHGIJJgckAUuTJSdsFQXgsvQUoRpC1kjmO4MgLsH1Vi5YA7lLgCfPEnx1BqwkF2qoruuEVZw7scYEICOKDwnCqiZ3uRiboO2qtSKERMNG/3c6Kve//aE6yXQbAhO6C8O9f86Y73C4Bfg2/HEsrSZp9B/oOK81mpKBXYK1Q6bPc9jZiPYdvZss5S059DJUYvJzBkMWlSyC9YqJgokGqw2sNhHfIsQWQ1rE0EJjCy+GGIW8P838TSW6bNBml9ltlnymwJsCJQMaRIRShsTK3Tga1+g0XT1OMSkyALWgDUQtmc9pLk8xd+OQ/oIl5p72eoM0ClQCGiPOCM5H2l7olAbVgJeIF6UUKEUpRarfwYumfwa8iXgTKY2mf6J4VaxXOgMlLyNZZauNJjlZTYQspNiB8bxHi40GEwViDrTxbsDMhV0mz1/C5310mBp8FXmXkPVASgwrc6JSohJTQymNdFprIGQEHKUF7wZ42yWKpgsc+QLbL22Qb5xDXUHQgDEmnd+UQImoIlVzr+8uYeXEUZB08TKdY5bhIOCLDGgBOdbkENOaSyR7BEgN2GXyzlEm1x6jNXWcvLWEa/TIW32anSXa08foTHdpTQyxWf9O7FutWrVq1ar1n1u1Y7VW"
[DEBUG] 2019-07-12 19:39:03,239 method:org.apache.http.impl.conn.Wire.wire(Wire.java:86)
http-outgoing-2 << "rVq1HuAaFpFj88P7ezfulNpNy+e/dpyzT+/wow9ZOwaokJyp7//EAYoyjkv4+4PAO//pFnZs7fBLv3M1zdzyh//tfDbMNnjeU0/nre/ezVTH8TM/vplmbjh4dMCTH7WRl//iWRxfKNi9v8ewjHRaqYHW+pmc333BuQyGkctfeRU37e3y2B9ez837e0y2HL//4vOwVnjWK67ka99a4BmPO/X+mioA9h/uJTfcfShB2b51gmc9eTtTG9bxD089m2OLJXM92HLGJh7+0NP4/bd8nm/tWapqgVM3a2vgWU86nac85jSe/+rPsrBUrkBIEZwVztzSYfOGNqDjzvHNpuP5zzibiOGN7/waX/7mMaxNrk2NFbwUodOyLPdKNCouN7zqVy/k0Q87lU9/6QCqSrvp+KnHbQeb8ZLXfIJrd82jmFWuwZGX6044VFU5dUObjWubfOPGObyPIDDRyrDWsLBcVvGg32vUwO1kLOJajGIAENAwKtuvXGeSesdHTAoBsFX5v0mgLDkWFQ0pAzI5VAXUJ1qqCrFIz2XsuMkUCpkBLySnqU+beQ9OBGmAeKUMQp6n8v+gWrnmKj+cJgexj8m9OqarItjK9ZwMuNVasWl8yeCXmllpjBVX1rQzo0Oy+pCNDls19SIpJzYUkYYepiUH795xuAtanXG5WqPVcPuzduRyvcMDqwFFImpLhm4ZOdUzub2FNIew3GDxpoAebZIVeTVnmtybaoCAEtEMCjw4qW4BRAi2n4BfaTHkBMkw2gIPtq8s3Nhn5twGrqmsOctxPO/ROxqwRQcnKYoi4DE4TrbOR+7JdCQVwUEUclLualSLMMXCwR4zkwbbERqdjLAcEeMINlI6oZSY4g9sIIpduXBjRvB55KhcRXRFR7cwyhYWUlMxUbAYiIFM3DhiuLRpeUVJZfOiaRuNBoyjxFDYkmzjPKc/WvCto0SfQ3Z6comrQWMD1RwloPjknTWBiEGxWCu4yY0M+otImZqAgU9ZslVosZWAdA6z40dnuPbfjiL9dUQviGRV6f8oD6Mq7a/GPY5gWP3zdtkZUoFSixJUMerQKHQXHBqbtKdSTIBIOZq9alNBjBLxiAnYvKDlCjQWaLTVPqRYCRvaWNfCFLVjtVatWrVq1arBaq1atWo9wNUbePYe7N4TeOdeV6tpCRGu+uY8V31z/oT7VGGq406oMP/3q48xt1jwmS8PmF2Ts37GYaoHzC2WWCu8+k+vY6LtePKPbuKtr3wwPkSu/OY8N96yzCN/aB2NKiYgzwyFV3rDSK/vCVHHr+VcgkLdfiBzgg+pMc/9qRiVG/cs3UevVkEMVZpNw0t+YSc7ztrIZ68bMNeNnLEh49hSYMemjN19y4XnzHLDzQupWVJFLNrNjLO3zdCTNq/6lQfxqj++KjmwSHmaZ50+wRVvfgxHlqCMsNyPZBYGpUqsnRAAACAASURBVCIGwqDg4p2zfOOG4/zi03aw/1CXA0f6gNLMLX/y6ofzc7/2CW66ZZGJpqMIhqsP5PzMk85lcXmIEeHgouELN3R54qM2862b5/AhVqXn1X5UOZ/pwEespM7ZUdN9oxwBEeXv3vgoWhNt3vbXX+WbNx6nkVte86KHMD2R8+xf/z/s2d9NpcH3RBCvWMjaqaw+1VQjNksNqVJ4cAXYQyrfVVsxOVv1p8rRWGJMJKpJmaphSIxlym2NBRCTezUMyfPIMCQ3qhilDNA0MCzAVU5Vp5KiAELKRbWaTK9lkaIhhFGTKsFaKL0ySojIc7BeKIOOm1+hEWsSZC19la8qoDFUblwIfhRbkJ9oIF49VYBtQmsK2jMwXILebV0m4w3c2w2r7pqqd2RdWR+jyID0e7ptjAvF4/OC5imG1tktylaPbK7F/I0DdL6J+NTZ3UXBqCOKYegUEUPpPEXeI18jNKYNdhJsQ8EEJEZkKBRdQ3+xTzGfQzFDaVM3d5nPmLu+ZHp7BtM9OudYtFXg9wlm0AIxeKnq9EfDOiEAN/0QTCpNN54MsMESjKNnhaEasqEllgHbMGR5TjTCIEaWG4LbsQlOX8+iLXBikKrkHyRB4ZQNkIAj6VzQyhosq/Zp1PhNRbABWotDlr5xM1PLkVZI7wHegjcp1zVduIjpYBipIG+JnzrGjkdFzHSfvGhQDAYgy1idwpYZaCNtJwVGM4wakAFWs3SxQRzSmKE9s4XB0RIJy1UOap6WhIkURKQ1oLltyNYLptn31Tk0ZKg2Ec0THJUAxBTB8B1s0BV2HdcbjByr6dgIaDWnXugtdlFK2lMNjIsk4FvlNZMc5UKG0KjecxSxBWKqE1IMGjJidPjSMejftxf+atWqVavWA0fHF++b7zGzU5P3yet8J9VgtVatWg8YKauqcGuNVZSRG29Zoigijfz7N+FFgVbD4kPk8idt4XlPPR1rV6DDrlu7/M7brht/ZR8Wkde+/Tp6g8DPPPZU/p+nn8Fz/vuXx6X/R+aGPPLitTz4nGk2rWum78gCtx0d8ptv/ga33tZnYlVG6sMvmuW9H93P5b95Jd4r3b5ny8YWAOdvn6IoI8/+zStpNy1H54Zs33r/NuXYc6DL0fnhfbrmReD0U9p88OO72XLNbVzysHNpuz7d+WWWh2323zrHo3fOsrl9Jp/+0gEOH6/KrgVijBxfKCgPe05b2+bB56zhra95BH/27ut474dvYf+hLpc+4wPMTmW8/X/8ONfvLfjEh6/mRy89hYt2rud3//iL3HjLEo1GxlmnT/HTT9rJoYXAoFQGReRPPrTMCy8/j5e9/j9Y6g5Z6keOLAb27T3MG955Ne2m5W1/8EQ+/vXA5pkGkOrSLz5vPe9+02M5fKzP8171GXbvW0ZVcdbw2y+6iGc9aRt//YEbefP//ibdvic1iVFuPdTjqqs9P/nEC3jW04QywLW3FUwsKFs3ddizf/Q/ixWguTvzbnNkVKZvssS4UcRkyUEWQgVRFUNVMhw1eQQ1YHSAiiOGlFMsvodKhnGTaOhVMK9yvhmD4sgtYBVfQLMlhFLJqghJyYRYaDqnSHBVKjdrp0lqUmUlRUII5A4WewnUhqj4kM53ZxOwNgpWDFFTE65R9qoxNuVgVqG4YiQ1FPIVlKym1QiYDPIOdGbSc3ePweEbwOiAGa7BMbhbx+CuHbBIHAFSTPXZNCalqKT8TRsdJiZ4n8rRY+UlFYJND85ihlFl2OxizhiSbXeoUezhNgvXe0w/S1kNVUl4lICKByTlrJoh2anQOt3h2iXWVBESYjDBYiNoO+DXCS0aTA0cg1uPMTjYQocNrJTEecfCDUpnexu3fsjkGQWhk7F8c4n2DEYDWjax1hLUo1VoqUqVbVphSqtCiIKKozSWaBTVkgyqknYPkrJavVT7iEGynIknXEJ/0kNMbtPk0k6u4JEzM90uxBOA6ghOrwLYIrgA2eE+/eOHaO1eTJhWqxgHTWeDSglYRDMiYExJ3pxnzbk9Js7PCXmPqCUxGHSwhHY6YPLkbpWISMCMO3hZEJ8iBlRBHNnEKUQ/oJjbg4YSpwkKRxNQU4IGbLbMxkvaHD3QpzgwIJJBdEi0RBWirbJVK0Cfxi4rvF6UKIHV54sCREMcZa+OXc6gYZr+QosQFpiYBVwvHRsxRNKYQFKkASMXcILVqKLREEODcthkuNymHNZfJWvVqlWr1sn1/QA87yvVn4a1atV6YCnVvdVaJVX46vVzzC8VbFzbvL9359tLE4w549QO7//EAd7/yYOgKXu12bDEqGze2BrHAxRlZOO6JhNtx8MfPJu+4smKQXAwDDhneNYTNjPVyRBJz3Xq+iaf/Isf5S/ffwvv+Mc9XHbJOh558Voe/UPreN2Lz+NP/34Xew/2OWV9k4vOnQbg4p3T/M9XXMgb/uoG9hzosXZNzmWXrLufJirpS18/dp9n5zorvODZOzlj20aOLUXmupGibNHKhf1zJbJ2ms/cEOlkLR50zgyf+PxBmnlGu+UYFp7l7pA1RpjdMMvrXvlovnbA8/QnbOcfP7qXxaWCdsvy2Eds5ou7PJftbPKxDwXO3THDVftzfu83LuMVr/sktx7q84o/+hLWGrZt6XDe9jX8zNMeQuaEI0e7jFxV"
[DEBUG] 2019-07-12 19:39:03,239 method:org.apache.http.impl.conn.Wire.wire(Wire.java:86)
http-outgoing-2 << "u25dYlgqjZn1/NavPx6A6w+UDAplzSkN0Iizlrf89mWUAYbS4E2/9XAu//VP0u2W/NgPn8KOc07BGGXd1s087XHLvPdDuyiK5Ny1Aj4oNvR53q99DIBXvvQylmKLECuXm+jKT+B7AqwiqG2AmARMKpfYGDaiiEkNq1I2alrrisfanMgw5ZWGAmMdMQCmkxxysVjZJ43j6AKjgWwygRgTFGcSTC2GimsKhJRJmZGaVTUzUvRi5Vg1BlzlPhWFQpVOE4pSx0C19FD6BHaMiRhJ8LYacpW3WnUiFwgxYq1B0Kr7OGRt6KxNP30f+gtw7ObKAQsYSqa5jpz7ytm9onFp/0lLBRIgHvkIT0gy0ATidVTWTaBs9cjPKMnONIgzlAcMy7s8tttCojLq3J4gniW4gsL2kMnImu0OWesIbkg+MBRHc/rLhmJQIj5gxWKbGW5WyGYVbXZpng2NjY6l3RF/tJkaZy1GFq4vmOg6JrYodtMiaybbLO1z9A+DM8cJahHJQDNEHVazMaxUgaEVSqNEG7EacMHQUGVID9PpYTKLDW1C3yfXJ4IrI8f3HsQtdBlONfANqRywaR5HYBXS64hCFDlh2ldD1uro4DKBNRkz557BYM/XcJIugZgqBzhgKiTuicYAllL6xJmjnPGIjcTsGEpAjEU00l+cp92YTQvfSDqOwVZxGJBQLav3CCQnnz4VjQXFwj5M7KfICxU05mmnTRc3vci2h67j+o8vIfPNdNYbRdRhokFNGD+njK45KKvN0Ok8Gs9aigcYxVWsKEU7oI7B0iQaLRMzAs2F9Pmqrep9ogDjK7drhkaHanL5x+AoBy36y45ykKVtatWqVatWrR9wff9am2rVqlWr1p3Wrr3LXLdr8fva0buw7Dk6V/DK55/Fc56ylUdfuo6XP+8stm/t8Ks/eyZnbu7wnjdcQrtymU60He/5w0uZaKVrgMMykjkzBq/9YawqOBO8We55nv2bV/Hh/ziMCDziolmsgV4/wUlrhSc9ciOvfeFOJlqOpz/2VDbONtJ9RnjERbP8j5eez0TLcdkl69i84f77wlh65YOf2n/f5quq4n3gt//nldx882GOdyOPeVCb7iBy1qk5W9Y6Hnlem20bDB/416/yqS/uB1V+6rFb+ei7fpLfffHFzC30mWoLDQZ88lPX88XPfpPnv+pTeJ+OwWQn45eecS6TLcO+OeUxT3goR4pJtqzPmJ1yjOIIQlCKMrBn/xIPv3gj/5e9N4+2JanOO387IjPPcId33/xqfjVTiBIU0GAEyMiyQVg0S2p3qb2stbqXsYa2sGhJtkBCag/dQqblFsLISJYNai9NvRZYLQuDENhGIEYJSoVUhapKNder6c13PENmxN79R0See+4bamCoeiXlt+pUvsiMkxkZGZHn5pff/vYX757wnS8e8P7/eEd68DcjGFy0p2D92GP82q9/hl//zc9STFYxA+9TcOyBPT3WJ8ajx0dsbY5ZnRa0OsPrDi9xYl354m0nKAt49UsOUvocRmvKHfeeJgTj4oOL/Oq//Bu89ftv4qKDCxTOaJpsTvp1gSC+j4hPIfH57YGI4L3gnM/0nE/WC1mNiLSJbiSH72YbAQeJPGnydjJZkmwLTPr4foFFwwLJk1PBApRFUgs6YFgJZQVlEtASci6wspgNl9QugdJL8lYlqUvrJs2pXpmSXjlxM6K48C6H/heIGGWZQty994QQkDKy9ypj39VQ9GD1CBy7E049CKPVnaTqst1Fn2Nfx2vx1HHmH9Ay+wjOBK+phormDzh1OPM48xTRoyj10gbl9YHeteAKIzwkbN2h+PUFfCgQ+phViILT5GNauzG6Z8ryDRVhX0DpMTkinLhli82vGOH+Ene0xJ+siCcLxkeFrTsDp764wdp9Sh0Lmt3rLN/QUBxSKBuKaFTjIaMHKk7dWRDXB7hhw67rGva8MFBc0tAM11G/hbcJpQacGiowLWDqk52BuSnmJjk0vsZJTSw2WbyooChLwobQbCqoQ3D0o2d5LKx++T6GwWGSwvUbJzQ54VQ6a0cUR3COmJWscf7jtj/qoHYwWSxZfP5hmsWU8GubZBSieDCf1Z+B4MfY7g2u+vYV7NAJzE9ApkCqo9M1CGNEkq9qalWak/MfRebKHtwSvV2HKZcuZooDn5LTea1wWqRjFMdZumaLfTeA622CNNkDNpPJZ2VvO2Ps2ZM/0KVT97OJK7ZIvbWb9VOLxOkw90WbKU6yQjpZCiS1a0VsFqhHS4w3FmnGCzgWwaqnM206dOjQoUOHv5ToiNUOHTo8t3ABE4fPJk6s1fzepx9JocwXKO49ssXBvT3+2S/dwa9/+Ag/8D9eyaDncU74m39tP0ceH/PPf/lOpnX20xPoVY6tScSAz335JMO+pyrST9dkGncQj4O+Z8+ukp/811/hB/7FrfzDn/kyReF2hPT/+X3rvO0XvsINVy3xd19/6Q4rggceGfGPf/42Du3r8SPfezWF3yH1eUbxpdtP8qkvHn0GiXKb/X//nj7lcJGVoaNfCtdfUnFopeDqQxWfvWPMbQ8FnnfV7pTQCWPaKLfeX1MOF1A1BqVw210n+Te/8RU+8Hv3pYRT+SgisDRw/M/ftovXvGDIqBauPFTxgssqdg3g0aNbO1rlneOSy/eDKf/lE3dy/NSYNmS83++xZ9Hzshddxjvf9q3865/+Vhb37M4RsYmKfPzEFv/05z7JAw+e4vTYM3AhxbWb8R9+526++Lk7ObB3wNHVyK1/fmJ2TgAPPbo+y3p/9eW7+Ot/7XKiOaoC6ubrqCQWh1SDGTMnzuHEJV9YE1SVwhczstgJaIzkaPq0C23AJZWukEhXcZkBlQLxvXResQZCEsoVyTe1rJJ3armQFKlegCIlskKh59P6XpHqiUDVS0ufVazZBjYRs6SlEyPm9qml8/RekpctSfEZTZJtgEk6J+fRBk49aBy/D0anEpE6s4HJ+/NM2cXtDORRns0fBZlv1Px6UuImIYV9q8v3NHM5sZIhBNzylMH1Dn+F0agxfcAzuQN6o4WsBLWc8MvhRfEEokxwuyK7r+rhlwJ+VLJ6W2Byx5D+6gF69ULyYQVMPG5XSbmvwocFFjYOwf1LnPzTCOsF1t9i4fqALG+h5RRDcXWfeHSR1dtKRvf30GnE79pg+RrHgRt3sXBFie4OTIcj6t4mTbVJKDdQP8Wrp1ShioZXTywj9cIm+67ehV/qY02f0fEIkwJnJahRBGUwUrZue4DBekBUUJEZQaoiM1WoCjMbgFnwv7Trt6+EAlGMujDW91QUhw/MIuXVgTej0AjmsKycZbDO7hsaFq4ZMylPYTLGfEO0iMSGoqnR9Qk0FUaJoaTkVTzhJ0qBFbvorxymt3QpQUq09YzNktPGb9H0j3LZiwuGl2xCMQbzqDhMFG+244HtnHartnP9WXVm24uk9pUGcDTj3awd208z3p16TrKlhpVAS5oqGjz1aJHxxjJhOkQYYirP7Mu/Dh06dOjQ4QJFR6x26NChw18ChKD87ice4VNfOkbUC+9Bxwy+9JXT3HX/Jl/6yio//QPX83+9/y/49Q8/hAhcftGAf/Hm5/HJL57gv37hOCFun8PGVsOp1Zr/8KEjvO5bDrKQFa2TWndQGt4JP/uWb+K7v/1i7n5okxdcs8yv/O8v4oqLhrM69xzZ4kXP28XPvuX57Fkud7TxseNjDl885Of/yY3sz0rWZwOPn5jwk+/+02fcBqDFt738Yg7u6bM0dASFIycCR04EloeO+482HFqKfPILR+hVDu+E4yfH9LxR9irKQljqw2jS8JIX7OND//Z1/JM3ffNMZbyxFfjE5x9lc6tmPEn7LBw0o01+7t/dwuLC9jXxTnjZCw9w5LTwrc+r+K0P35M9SB3XXbnCyU3lv7umRz2dzsLcr72oZFBKngMONVjbmHLwoj2sjow/vvURfM43NZ4EFoYFX3rQeOV1FX/whYd3+Ao+9Ngme5cdm1tT/pe3/hd++J99gvFoymIvkfrspHe+Bjjwg+2wcstx0C4pO50vUG3AEqkqrqRwBiI4l0nUYgjWgCtTyK4ZZhHxFaCYNiA+N7WgrISeh2KY"
[DEBUG] 2019-07-12 19:39:03,239 method:org.apache.http.impl.conn.Wire.wire(Wire.java:86)
http-outgoing-2 << "/FFzXiyKUvAF9J0QjBQ5nK1ZjUxyWlK3am6mxjb0OG0b9AQnSSG+0Eu2AKUXSp9UuM4JZeEofHbGbEOpXSKRzQxTbfnvhNlEN0o2WLEv0+c4F0qyqtb7UyQHY1v2wQQ0K4kTl5aSMTVuSlzcZPFKR7lP0ElBfV+PyT0VfjpAxHDSkMxVsx0EAXU1OpjSPwTlckSmkfE9Y+QxZTgdJl9OD+Y80XpEV1Ls9ixe0scNe5iVlHVF/9QCG7cbrPawXs3i1UPCgqJieI30moZyy7H1gOfUn1XUD+zCTQqKgdG7PLJ4U2TxpTX9548YXDJiuGuKH06ZLE/RxRFuoUZ2G1wcWL7B4/c0SCxYf6RhehJ86OFMMJJ6swzQe2yNcM9j9KaKj4bzLilMxXCmYBFHpMAoo9IDShGcJQ/fbPs6m40u9/90sWDx+ZczLdKcaBz4KFSWvF6jeczVLFy6yaV/zaODtRxCH1BxiAuUqsjqkAdvWaVZS/coFQPxiMX8siZ9nBgpFVT6JE9ZB36F3soV+OF+zBXgAoYSKVAv4Cb43ce59KVCsXs9bReIEpIdxJwqtSUzzyZPs72E2ayOa8uZ6hVrvRUaoEa0xKZ7WT+5xHS0DNYHPCLJfkJDSZj2mWz1GW/2ic0ALEcXSEBc/fWfUB06dOjQocNzDJ3HaocOHZ5baJ/gO5yFE6en/J+/fDveCd/2soMXVCKrJigi8G//6Yu45vIFCi/8/meO8sixwE99//UMKs/rX3mQW/58lc2tnarbqy5d5OL9A66/YpE3fffl9KpErF5+aMB1hxdTKHHG3l0Vb/371/K/fe9VlIVj2Pc7VKmvf9VBXvctB+n3ti0FWrzsxj3cdMMKg55PyXWeYZgZ9zy0ydt+4cvc9herz7CtQ5ZzmfCRTz3MNVeu8PwbLqYqYHHgWFlwfOXIlOsuLrnu0oJ3/vir+NF3fIY6GD/5D1/CsbFjK5a88W/fyKiG666/lKuuuZiTU88rbjpI+et3MNXIylKPG65eYXVtgis8+5c9+5Y9zbjgR970Ev6nNzyP73v7p9jYChSF47WvvJRCjA/9/p2sbgQQh/OOv/eGaxlPlc9/4V7e98E7mE4Du3dV/Md/87fxTljfSA/7+3YP+D/+8av48hHj775qkQcuuZoXPn8/P/jTn+I7Xn0p1994JftXKq66uM9b3/Kt/O5Hbuejf3iEplEeOTrm4C7P6tjxo//rqwgKo8YxLANboxSC/7WTqoDzSJXIf5GUlGa215xF3vmSGJpMsVnikb3LCa4EjVPE9bBmE+f7KD6H8uZ9Wszkc/JqLQRcJXgHpkZfhaCGzypTywRN4UlJ0xGcT+s9iVR1luwBkhVHSljlXFan5qabpGO4ypjWhmuzEonRBMt+yYZ32c/WZ5WuS81NO2pHqNKzEyzLnXiZPKuk6ry/ZesvOj9dW01lpr8QczgVnIPGN8RqQv8wuAMB6h7hASU+XOKbkuAC3kV89GCpb7GImNEUAXYrvYNCDDXjh0umjw/oW4XSoGUgEPE2BBVctcXCsqcJE+rg8X6R4MDFgmJtha17N1h6gSMuBap9nmZUU8UCs0i0Eh8WkVOOZm2L8SMblCswPFBQLSuxX1MOQPZ5nJWoGLVs4KkpxKFiNC7gXMBNemwemTA9JhTTBRwVUcEXllSf4ljZEtZuuYul6y/GyoJxo5hLqmCn1vL7lIXn4N497N6zwua05v6HH6GOmvscsKTWbRM2NR6qaw+xtm9I7/FxUle3LzGIxF7A71nl0EsK3L411EVc9FgBTnsQwG+s8MAfNhxdbThwpTDcbUgBRBBvZ9wFdr4NcBbBPCYFrrebwe7DjGNDGJ+mLByiHrMKVIjFGktXlux9fsmjtxyH8f5skrr9G5eF5LMxeKbXqpDMC+JcnZnXqqQXR0LyThWxbGsg2HSB9eOehVgyWGiIjMAcsVlksjmkHvfRWKZEVq0eV76eligdOnTo0KHDcxcdsdqhQ4cOf0kQ1bjnoQ1+/Odv5a+/9ACvvGk/L7txL4f29anKFIbr5JknDAHK0vEb//Kl7FmuUjiwGe9+2zfTBGX3con3wsB73vam61Jb54jNX/zJb6bwwt96xX6GfT9LXvWOtzyfsnBU5XZdEVgY+Jmq9UwMeudeD8l24Jkgo81ALZFjakaIxsOPj/jIHz7C//dfH+bO+9afVdXx4yfG/Mntx3nJCy9mdUtRNe47WrNQKLv9hHuPDtkcww3X7OWjf3iEX/qN29izMqDfK7i9iWxsNWyNA1GN0Thy5PEtmpA8PkM0Hj0xYTCo6PeFGy/1jLamhMZY3Rhx172nKUqfH9iFhUHB1YfgZz5xhFl6axy9XoEfr/KLv/HnnFpNoau+8GxO4bL9BffcuY6ZQ8RxxUUDDu4TVjdqFnrCbce2UINdSxXXHipYWXScXKu58kDBkce2iBHA8fDREbd88V42txpW16cYMBiU7N1VcWqtSZ6lMNeur3JuuZwQSNrEMwKW1djZ81Q1JbBKLqWGlBUaA6YREZ/aYor4XvJ11BrTJqtBs1JNHEaRCMl+UqaSlaeuBB9TMqqqAG1IWetzGL7PJFUyfUzkTsiJq4rSZt6rrf9pv0r78jnBlWpSIJcFTOp0r5qpOyVlHHeW2qoxYvgdKlXPmAUeZCiP4rK/5bONcxFazNZlb0ppbQEcWFKrBpkii0qxx2FOaB4PNA8rZdMHMRRFo8sEViJnUwZ7QUuP22VYb4LfKmge7VHqIpjOfEZxEyyAeUFWRtAvqI8q0vQxU6KPBK0ZaJ+wVjA5WVMdiizvG7J6vKFpSpwMUxg6hreACw43GqBTWD0aoSe4JU+xLBTLhgwjrhhTSES9UpcNWqxCLJHN3Ww85KgfN3q6ANpD1SGiqCnRCw3GsFFO338Md3KTqr+LMEgJvhxGVQi7FxY4uH8Pw8EC/cIRzKgGPdZGyxw9eRq1ZCmBbJPdtRgL3rG1WMD1FzE9cS9lbcSs3BYXaKrH2ffCwMLzjFhMklJTkjTbRaEKhzh6K6ze0sOKktFjExauXEBcAzTJDmJeOjp7I5YHR2xAaswVqHik3E1/1xWMQ01Tr+OdQ2KZ5gERHaxy6IV7WD9xio27BK/7CDK7PZx/LM4dEuaU4Bkuv+jYbmf7WxgxIk4KNCyydcqjYUJvUCWv68mAydYAdJCS5tl2Iq002C+cF7gdOnTo0KHDs4WOWO3QoUNCG346K3PBlSVrUtocy2eKV7symaTb4gO//yAf/fQjrCxVHNzb59C+Pgf29Dm4r88lB4bs2VWxb3efXUslS0NP4V1Wi1nO2J1IWNvWAc2RNNvleX+1JysvDT11E7AcOdivhF7paJpI00REhMIlYmUcI+Tvp2Q5hnPCpA6z59aySA95bXIqIRG25zp+Ev7Nl+2c2zWfv2rqyxCUqO0SmhBRhbpR1KBpUnnaROpGmdaRJqTES3VjTOvItFaaJjKZKqNpoJ4akyYwqZXROLK+WfPIsTHHTk7YHG+f3zM7fixrIdO/PvH5R2eE9bDvKSvH48e3+NKfHeM7vvUw11y5my/efpzVjYbf//QjFEUeLznxlNqMAqSdyCJwYm3K2/7vLzLseZwDJylEVWMi6kaTwOYoXfsmKD/zy3/KcOA5vdGqNQVV+Ll/fzsmxqn1bYLz+Kman/pXn+OGq3fzn//gCAacXKv5nrd8HO9yIhaEtc2auon89scf5OOfe2SmXosGJ1an2Q8UxpPI//uRewmNEmJKDuWLlGAqxvn++9ruR+ILxLs5Zs7QbG0gWRjmHJgKaExXKcY8T7NqlaRsNTXEC8SIE0FzcqtE1qZ+xTkkBsSnYzkBmRqUgp+m3wEnNpvv5pIq1SQTvgYaU7i/c0mp6gWiJu9Q5wSNlpTiltMOCfQrx7Q2iva4BdSNoapoVMBhprgiJdhRSRm1+pxgwe6nlK2sw5tdym18o8tPCfN3y4REvnpMLKWjB0yMckmQnqBjY3JsQhkWUqIxcZRagCXSVcUhpjgSSRsLWNjVQ21EWDVkXOCsIWkYSwQo+57FvSucWD+B7PU0rmTr9Ig+BuUYv1DTX3TUJ8eoFWyemLB3t8f5Bj/whM0C"
[DEBUG] 2019-07-12 19:39:03,239 method:org.apache.http.impl.conn.Wire.wire(Wire.java:86)
http-outgoing-2 << "U4cngJsSRTAboNZDQ0yk49gIk0h9XDERxAviA1ZNcfsdi1d4HBP8Ro/Td4GtDvEh2VZsW1Iku4TGjFhArzGqjTHHBMVqQQAAIABJREFUb7+H/QduIi6U9Acl+/essHdpkUFZpnB/l8alSEqU1u/3AdmRmAqg0QiFx9VKMyhYvvEwG7fcR9UotRMEjxVjdl8VOfBiT1g8mdTBUXDeUBNcKFj785KHPltTbeylV40Z33cK++ZlkC1EV7fVm3Njpw3FNzNEI0aTEmuZx4LgQ0NR9AlhE7OIoyCq4qXECLhda1x+0x7uOzqmORa3X+LsOMOzyf0nH6IOk3yvl/yWxJIW2LBEdscFttaEZprGU1N7sCoR/Wrp+s3O92t4odShQ4cOHTr8JUJHrHbo0CEjni0CutDKJJ+1tN7yg377BNyV27KZUNeRk03g5Okx9x1Zz3yKUBVCr/KURVJneu8oCqHK5cI5fJGykVeFw2CHF6L3kg/XEpM8rbJqUt/NiM3Z5p1lNUOjtfmJt+sBpkZQO2t9SyxjZ/MiIW57zmkm/9ovBt3+QgwpJUkbZRyzkWRS4tkZS4g5ZDpqSnIUzTDNSXuyIlXV8vlANAVrKUzJD9/p/HlWx49mNVOSKJ5cnfBbH74nkTpOcKIEhRiUX/uduyhLx3iaCAUzaBo9q/2zciZRDCEGWFuPrKG52twVlmzkmdWXinDs1CgzBzZTAhpw7PQofW+u/YrwqT9+lM/d+nhKLiUCUXnk6Ghne/LIWN+qWd+cbI+U2faUpd5EmEzCjv4KITJTaLXZo8zl/nNfVf8LDnEGEtGoiEuJn0CwmPrJouXjxURctvdr2w6nV5uCNlhokuouDfacxRxSOHkkaQAV05BIFkmn4KKAT9erLZsk/0oDiGncOiExOghqUOT5UUAia3L4ustUvRiIJBLNoVkRGJkEQSxmT8g2RBkEj7hIZUcZ2ENUrCaV6pneGM/478822tDqdLo5DH3m4ZDHsyqF88TCE3sNqjVuOsAocYMpFA02FmTq8E2fKAXR1YhrKGIJoSL4kkI2cTRMvUf7kbJw+LrH5makEQWGeBpcOcJ8IETQ3ohd13tC3xivTSgGnsFuT7ki6LBEpI+vlM3HR5SbfYglOhjRL42pRgzFKagNMNfgIzhXJ5IVUgYoSZYpUQPiIFhguHtI75KG2GsIaz027xKKk328VIxd6jBnDeI8ISZC0TtQUTaGUPQq4vGT7F8actHVh+gPK3qk367gEtnpLamgG4vUBmtrm+n3I/e7mKbbt3P4CIKjLo3+4RWaSwrskVViKRAmyN7THHzFENm3RvBbFAaVDLCmQGOf0SMrPPoxo396L8E1FFawfu8WzfEREh8hbNyHMKFVc6d5dubAyeHy7Q+S0QbfpzZLQXBKIYoPFSCo32Lh0h77X7ibxz67Rrm1QnAu3WPYPk4acvmatAm+8vo27L+tb5L6TrOZgDoDIt4MFYczR8hvFZ31abbyLTEr8o14Hg71CSZKhw4dOnTo8FcEHbHaoUOHBNPz8iIXTBkFtKUlEGsVldKVn6CMSQ49F0bBGE/Cznrd8llf8gyOh/OXLS0lE72WwsQ1JDIzPV87JnVkXCeFMXMP9mcT3TbjmlqCLe3/fPVbbiqFwW/Xb2nZdul21jeb248lkrc9L9fu51zH2fm92XlkFa2YnGP/c+c122/bXn36/S8gVUowJWo5+Dsrp5FEuNp2JnQVRZTkd6qCak1SegbENEtbMzGGkRLoOCDPecvq7qhAwGXe2Fz6SM3sWouQxGnZ8jhpShOJut1npPDr3MYiq1xbcbsjNSlGI5pROKhD3PZqzUS+y+RwGlCKlwmLcjeFrs06+ln9/TkDesY602R1IUh+SaJYEZEKfN9BafgAEsGpwBR8qDCE2Guoyy1KK1OvWkEQn0nuJo+4AmeKE8VcCvuvQ6QSEGsozCG7+1QH+qw/ssbJo6dYXPIMlyqqXVNY8hRbBeP1wMajI3SygR/3KOOAWCnRIuKNWAqjSlFzDIOjjGl0q2i2BigQNURqHAGL4L0jSmTpkFAdniDew8kBx+/ZoNxcovQlDQ04RbPXqGE0eXyFnjBZ6RGv2MOV3/5yXvCK51FcukRdOTwpkRUKhaYXU7Uax1Y3OHryFHWMTGLIKbASASiWxxABQWhcRfA1q4sT9n3nYS46fTfVYJOiJ/hBgV9eQ4sA9AnOiE2gpyvoyV088PFN6pMHEC3Rfk3Tn1BKzfrDgaGcRt3ppNRlbqC4nUPGW7q3znDG2BHAm+INcOtEEYJ3IBvsfd4Sj951ikm9DCqzeyfSkqW5ICCWzr1972FOZvXa6eXV0j0FI7/jy/223Zp5uyCb3fg7dOjQoUOHDk+Ejljt0KFDgmVVE+S/2Lngymmlbm88JzPTLbtlt/zql7b9FM4Z2+dhsM0s6naZufWzeSpz9SRvb48zX1/n6uftOxnMvD6esX7ueOfcX/5eC5k7zpn125Mzzj7Ojv3PH3+OvXjaS4fzVVJuimCqmahM528RxEkiba3tYsOiIaZJCWoBbf1KsVyvAVwiUgUsjhPhhQMNWNGABdSBC2AFSMhCxMS5Yh6kzu3MfqmmKaI9NdFmXaKalO2m2d5BtxNZSd5F4Yy6SduEbDeQrQK8CJpjmpN6NWx/bPuSzMbeM10+D2YJrCSpCQ1Lql0PMhCKvkukotWgikiFl4J60+hNFTfwuBWh2agppw5nBY0XVGIi2yTpGs0cTg0XI2oe9REpDSwQi4BYn+lkzFIJg+t6hHqEWxbCpEG0x6njE+pHtuhNlvGxR6kB7xxNEairKeqhMBAVqvwiBRyNkyxiVsR8GgCi+SWBoEUkDMYsXlwyvMQzKgKcrFi/u2Y43YVGTxQBKfCmqAi1h8YbLPbhwDK7X3wNV/6tlzG87iAse2KRSPoSwwHmU6RDUOX05oiHjx5jc1wnCwLnsoo2XQjJb3LEBK9poiklYpFQOvSaZcrRBO8eSVJrqbEYMCtRCpTIwPex07u497+tog/uQYYlxXDM3ks9wyuWKPYohBG22lDs6UMcp0FyrvtkatQTDaFUJQ4wcyBTzCmqFV4cxXDEgcuWePRRo9SYX/psj7v05dmNFJBZIjWx7ftSe/zgjOAk57WTmRpd8g6LVu3boUOHDh06dHha6IjVDh06ZOg2/9DyDRdYOfn+afIRzE8MLQfUlbtyV/56lefmVyZLczQoLXmXnuXb+prXP9n+UnD4jv2ft367Pz1ju+Sy5hpPdD6csb8z69vc/s7XHjvPds3nw1M4nycoi0OKitb/VFqyMieWAsWiJFtKhUyrJPLSNPWoxeyQqJnzNUQj0HpvCuI8LiuSZ8whMWeuEqQxzAsEQ4IkL0UvmM99FA1ibl8mgFv1nHOCmc5IrfQ/BXNI1hIy129VIYynkRhSQisLOqtlyIzkMYQZC5v3+mz+/szDpNXvJigGEjExzBlFv0QGBY00RDVcJPVrAFGHrjnipuKHkeFFJesbDeGkx4cCIyKi+Fgmn1WnJAWyIHWBToFFpTf01OYorcTFPuWGsPrQSZZf0GfpUJ/6ZMPag1sM+kP27t7HaBiYjAKF9Sh0kEL9XaBfKd6DxgJtPGVMI7VxQvBGGUGJBOeTVYEYhkcLjy5MWLxckIOBNa2pTwzYeDDSaxYBCN5QVyJWYqI0i0bcO6C4Yj+X/c2XMXjpNZSHFqFMY1xRohhlJvCjgzHKxnjKo48dY2M8YaKRwhWAYZpeHLjZfYLEOopLBGN+iVKoYK5iUi6zWfZZkiGFjhKBLg58uoeVVhFXezx26xrjo479VyyycNUiwz19in5gWm4RJUIooVnCodnHeH5wtKMnIYqgT6L6lCLk+4hHxYNUaPCopjkYfUC0P5tz5yJWTdJsQ/L2dj15zprhCERnmDgK8xSaK7vUZFFDXHv3nDufJ25+hw4dOnTo8FceHbHaoUOHhFax2v5FnZ/vL6xyCpWN836w7R/9Xbkrd+Wvc9nYVo6SNpyzLHP1z/z+fDk+yfYzy+dqz1fT3vO1j7n6ecPTat+Z5/NV9Ld4pCoRHzORaokLjZng0FxRcxMNsGw9kFlaE8NiAySbBaeK"
[DEBUG] 2019-07-12 19:39:03,240 method:org.apache.http.impl.conn.Wire.wire(Wire.java:86)
http-outgoing-2 << "WQTvkuhW6+S9imIWgAKmDQxT6Lki4AyJgoQU4G8+lWHOhEG3TR/EDDSbKZjgcj+LzgwDUvKfTLQKRtTkm5ySDhnewaRprWMtqT7bfmHbF7btt/YSPCvlszDHNEkitxFDC6M37EGRQuijaUoEFSokRmIE04KiHjB+aIuFYYlbDixeXzC6awrHjUpBxRHF4UySghnFrIC6IqwFBns8sixMBgpbgrcCKabs3j+g8rBxekLllglVwfSY4k4EpPEUFoguAiWYMPGR4W6PFYpN+9Tj7KGbk2VpjNTLfUaHdxN8hckEIyVQk2KTlUsWYU/DZlkxWVtgulWgV1VEKTCLCJ4YS7wvoFL2v+R69rzqm6kO78d2lVjVJp3K1hWWX1eoAp5JbHhsfZVTq2vQRIZFSeV6tC+C22vRWpkIZII/9VkauhGvEP0Ab3sx93zqsBexVdTVqARMAqig4x4bI2FrpcfKq/dzav0Ex4brrOxaYNjbh8UVppMxU4XDl1xEHDyGhdPI+QdKIiyfZLu19y5KyFYJpiWjcZ8TfoxcvReNQ1oy/5wJq2T2qieNSSHbUoBzDlXFoykRnTrs5BjWUlLAdp8+Kur8jt1u29V06NChQ4cOHc6Hjljt0KFDhs6e98/yJLxgypaToGj7eD/32N+Vu3JX/saWOU/ZLpD2na+9T7V9Z57fN769+KRaTWaVOSlSY1kpnN1kRVJSq1ksfiIwLSrOOZyFlGBGJBGspriih4VxCqvXiJDum0kWWEPVQAhYCW4yxx8GsJJkB+BJeXfO4aigJO5KWsI3e9kCnKkmbglKJ1B4JYREzBYOKp+SupUuiWLNDCcyszCgVeHOrs+z8/tzNjIZBZgp5gwKo1osoIpp1MWsItYCmhLqJBAGKGKJnV5gdPeY/nWCWw7suqHP1E+JxwRsQBBL4flkog3DRU88bfhDfehNKS8y6genuDgkVpGyKon3T5muGrrH2LV8kMnpmnjKpz14R3SR4KeIC7A0ojzgwXniaU+xKTgVGlF8UKqix/jyPVz1rn8EhQMLecCsQjiClOvgepi/HAsHIFTpQvtkjSCxJQIDRd9wiwuo8zjvwFlOzpZGp4kQhewT6jATSkoOLe3hksW9FEoiPwtm4e7bOPsiqavzAK6ST6x5HNDnEF7H276nkj2Zo6ETZemwxxWLhFghtcOKCG6KxCpdQAtI1cMvGK6/htnkXANkrmluNl7OW4Vk60FMHrTpLYth9YCbblzAQoGc+ch2pgrW2HYzke2VAtteqiapztS463f/mEf/8HZ60c3ePWX71SdrbocOHTp06NDhDHTEaocOHRLmFKs5CfcFV0aS0inOfFalW3bLbtktn7NLcYKrwIhJAGuGK4QYIs5cIkbFIU4RVaKmF2ApObihMWQCMwLZFsA5sCnihBgVkbQPizlxlQgWk3pVGraTVmULVlpr2ZoEO+PjQCLb9hAGGtP3Z4nILS0tk1cGYEIMyUPWYTQxEcaqkgnbmCOSBdOY1LqmWGY6jTO675ksnwMiQlQFZ7hSqJYrYhEILmBqeHWIKBINppYyXjkjeZQqUit2smR0x5SFa3voypTe8wrGPZg8OsHHCjNBdBfgMTeCGLE1x/RopHeZMLjM0M2a5tgInTjW7x5TTjwD3Uu9JWz0N7AmQlFhWmDOY9JgMsGXgaUDFcUgYLVn61jATfuYGNEphRpeI5UUUDq0bJDCEBlBeBwZTNC4DO5iTPdBuZDIV4kIkkhVB7j00iBEgfVp6ryWa4yKicNEMqEqqDNU8wBC6Jkl1l0kvXyYeR6TB+DOYrvCZy9kISbv4Kg4NaxYIMogGwDngWxlIhxtCm6KBsFpAc4jlKAezKNEqDwIaChwugspls49QOZhT7BNyOLaBlxF3PJocGDMfFKdl/bk5gfg2bu3uX1KmktlVVDXIU1JseQ6EsGJ4tl+8RQlfTpStUOHDh06dHj66IjVDh06ZMwpgy7gpRMDsRRy2noSdstu2S275XNwiQjWKCYhFbPnqHOQ2EaFmNVs4nBkwpEUZh/bhDZmQFJ7Yk3yQHU+eUACaEgh9xaxWCMhAMkT1E0zOyqSjlmkpYkgjSVVbfZixSxlJycHCLdtwbCY92P5+9b+tiSm0pR03rad1Krli5JalZkqViSS7vqKmD3rvztnwmWSzbziBlAuFqgPmNPU9yZIFFwUdKqoGi5lDMJZRCxiBbjG0zs5ZBTG9J4nxL01/Wt7mIfm0QnalLjQZAWnR0SQqTJ6vMbtBlupGV7rOOXX4NQCTMvU90R8LGkmqfHelAKXiHZv2GBK72BF7+IFJjJi/Bg0m0IhLl0rKVAf8RpxDz7Og+/4NcbDTYoDytKeGpUR6hZYuezl3PtHn8edDinBmVTJ71QVZ0lpizSYc5gWaYiJYg5a9bZTSS8RENQJlkP4xSSdryWCXsVQn6wDCpMZ/5fUrmmczZYoiCHmEPNEJxQa8KrUvsKc4C1ZAJgT1CqMnK1Npoh6hD7JN9dn8XZK5qUuoG7K4mVDbvgb1+L21CCt7UAe7jAjOdvUVWnWzE+JVLEl8n3dIKOSO//gHtYfLiniAqJNUq3jUb/9fZs/TvsPmesLyVYJCxU3vubl3PLxz+GDUpiCGj566iOn6UWPmaS+FQheWk52Bxds7f1q5xGfJRznQ2/5Fn7so6/hXZ/+97zxEPD4B3nzq9/Ox/gHfPDun+Cm83zn4TfdzQ+96OvZBnjdL3yO975h/1P4zq380rXfw7t2tDHt52Ov3bmPW997Le+74qnut0OHDh06XAjoiNUOHToktIpVuLCXYumhdCYperYb1C27Zbfsll/D0hloAARrDCnAlKRiS3alSblKSgaFEwRNrgBoZikFMZ0pP7GAhikiBWJhtkNBQDzmYz6mYUUKW3cx06UhJbpJmd8N0eT1KiakxFgy84Dd9rC1rDRNZSORvNYyQJbKhTMsGo2SyDIFsipP2j4RMI0IEdp7/QVwmeZhZphX/AL4ZUf0NWrpmkgUXCiwxkEtuV912zMVMHFES8JNHwW/WjK6q6Z3dUG531g8XDAqhdFDNRWbSW2Kx8yl4bJZsHbfmKVr+7CrZvd1PSaPNjRHYToqILZKzJzWTBTclFg0uN1j+pcavT1K0Jr6aEH9MLipRyzirKBQBz4yZYqNFD5zK4uXTBiOPcWRmvFWycl6hcErItM/epjFh05RqeA00YAiLcmZjo/IbKik8ZH7tVWbik8kaxqRaTxnIq+1CRBJe5MzVKpt6rhsDss87Zf6WkAcAaORgOEQimwolF8gkOrorF0tWal4LVARgk+qTyeOuhyxdthori8ZLJCJTN32eoghqXE1ojF5HltoklVHmCJxikzHxHqKWcBiQ9ycwinHwldqNv5iP9Ppoczue8SK7EVr2wrqfF47x6dLibJcjcMR9w9pXjBm85aH6U+NOs5RogYiWVWMJasFJ7MXCWeO+/Z6ybk2fkOxTWLuxCf5sVdfy4/tWPd+br72/dvF1/8sn3/PzfDht+fvf5Cb33Mz+2dE7BPj/KTpwzyc2/NNl34N5OeX35/a9dFv4c3kYz3+Qd73bvgY38IvXfr1IoI7dOjQocM3Gh2x2qFDh4w5j9ULeCliOEdS3lwA7emW3bJbdsuvaimCKwuk0CR4E0FNE6EqqWIbSo/lxH2awqxbMiTtK6bET7FJhJaG5KsqAhYRqzHxs/VmBtaAVaklRuZvWiUtyZqyyC1tUltaohVJTRLLhKtLfJKTNplVW0WYyVYNogqgmAoOJc4lw0rnJ0Q1nBOMmMionNTo2b5eZ6LuTSgXSsrFkuia1EIFHz0SHWEKWgsWBY8y80iQTJAieEvXNeJA+/j1ksmdE/y4on+xo3/5hMr3WDsyRusSFz1FLBErkWYAp2Djrpr+4ZLhSsHSpYFmr2O0Cs2GwLRGrEGIUHjcwNPb7XErHhkIOnHEx43mIaU3LgHJYfmKUwdNQVE4ptUWi5ca1eWGU4c/usTawzVu9xA37VE0wjAKvWDMRfCTrzzbilI4ixRtO7dd1w4Zl/t/rm6qI7O5c+b6zDzm9Sl031xEpAEBtR6IYq4mvQRwaaLN2pDGWTqmpT2J4swQ"
[DEBUG] 2019-07-12 19:39:03,240 method:org.apache.http.impl.conn.Wire.wire(Wire.java:86)
http-outgoing-2 << "F/BWI6REWAPG6OqU6Z/dhpv0iHFMrEdoM0KaCb7eQpoJWk8JGokxoPUEnY6QMKaIU0qtcdqANihTvAq+HrBvcgmBF7Ael2lkARUPWuIlzMZf6iuBuX5oCWl1qS9c7uAYFa+Ci+nlyI59zEHOWDkb/5b65Fzz4JnBft74nrt546z8VShW3/BD/NiPfpJ3ffTtfPDLN/NDh/L6TLzu//I7uebm98OPfIB73nwTxz/8/bziRz95/iZ9+WO8C4DXcOmh81d7UrzoJ7jn01fz5lffy+temlbd+tuZ8P2RD3SkaocOHTo8h9ARqx06PBXc+rNc9t338Iuf/1W+66JnuzHfILTZlzn7D+4LqSyAdxBDq8iZewTuyl25K3fl50oZhxQOkRQtYNEAEA/WGInN0KQMVcM04gqwYFiMiDjUNOlYQzMjUs0CzhWYBbCAWgRrcFIkv1KAEBPR6lJ71BsuJH9LFzPBOs3H9e3xswWAS9stxzDP1tvcUra3g4Cl8PigySLAoqExqRg1q1ezbjCJay3OPq1itcXO0jNfBnArRjF0RJrku6ngokdqj00Nm5JC983hRGk9cNM4yH0SHSKO6ATEKBpHGRcY31sTYkP/ioi/WFgclKzfX1OsDymjT2H1AkUzxJ3oEbZqmgNGeUjwizXDZYjqITpcTEmkKMC5Gu8iGgvqkyWbjyruZGQwqTBzNFIQRcBFVBQnjtAbsXh5Q+9SJXqhOSqM7g5U9YBiqUKCUWiBjyU+NGQnAWbkqm0vjTQFyEMb5qZD28/GjIsX2CZW5+q3+5mtt511ZnuTJs0BUbCAZ4ohabxKkxSroiABcTXipoivwTU4H0ACvgiI17xsKFykBJwPxP6YeMcX2Lx/ChYRAmhNQasGj3hTKgnM0cDMnTLW/ssHRAs8E9StUvU2ceOA0+SvTLb8aAlo23mms6XBTHHq8ifGmC6HKplu3SZKc912qkoairPt88dp659rPjwTOJvsfGLF6k616U3c/Auv4V0/+kne9asf5Oa3P82Dn1fheq42tGiJ39YC4Iw2ZhKXQzfz3ru3j/O+dwP8Az745rMNDTp0eM7jxGf5rf/8ABtPqfKAb/rv/wdetW9u1V98jF/57AlYPMzfufmV7DvvdztcqIi33cbkp34K/fSnU3TN04H3uFe/mv473oG/8cZvTAO/BnTEaodnFrf+LJd99/uetNqP/859vOWMvymOf+hNvPhj38GfvPd7OHfgzXH+05tfzg/zzvPWOf6hN/Hit1zDf3rg7bzkPMe+5T1X8V3vOve2H37FVfzwmSu/8/zHe07Btj3Cnm2+4cnKzrV2f8pM8ZSf1rpyV+7KXfk5URZBvMOaMEvm0xIuUuQkM21scswWAfl9kvjkxYoqSkTEozoGPE4E1Tofw6VjioDVYDH5UxPAB2hIJErI1bM61YRE8MJ2QqrcFCIp4ZUyO5t5zHuS2o5/G4UIiiKSSFSX5bmmpP5IR0BIRJVYfNZ/b+TMEwRkl1BrjaoiUZDgkMbRjBWbGoJPSlsTzIpMsoK6rPCVkOwAyDmTRPESMPXIpGLzwS1ihP5hxe01lqVHfV8knjZUG8wpag4XKmQrsnFE0dPgVwrKPYofKEXpwCpEPLEJWO2YbkSma0a9JVhd4aNn4gBziQi31KDooS5rFi8SFg84mqhMHy/YfDBSjQcEB02RyHmLEBWiy4rlPFK2r31rf8Ds+s7WtWPKdNbRiXRt1dhteW4s5TE0P/KsPSaQVLFJRSzm0xf9Kq63hncg3iiqDXw1TUpUD843uDLgXI1zEfEBLxFxDbgG9QEnAZGYTQQCuIBJRKY6O67mpZkwU5OaorIzwiY7ZqT6luwiCoNAg7gRrlojui2C7saICG5mcbz9vsLybSVvEDDLWeSwbHVshCakZHCWbZScS5YdLlt1bEvOkwKdlDTP2uuRdpyUsGaIbNs77GDGnym0hOR5cOt7r+Xmd5+9fv9LX8vrXv9a/nm2AgDgo2/nFdfOsazv/h6uOcd3E/l5c/p3q25lTjH7hLiJH7r7bn7oLFXtrfzStddy7seNliA+n2dshw7PUex7JX/v779y57pMll7yyu/lDdc9wXdbUhVg8wF++/95YG7jOUhYgOO385VwHd90UfV1aHyHrwcmb30r+kd/lN6qP12oop/5DJO3vpWFj57lD/OsoyNWOzzzeEIiMpGjD51R/uGPtOVP8uKP/AQAr3/PH/GDD7x8jgR9Db/4+fs48gSK0v1v/FX+hDfx4jd/4LxteMlb7uPIW+ba8n07Sd7jH3oTL37gH3HkLS9+auf7XMG8YnX2tHNhlkXA+axanT0At3/od+Wu3JW78oVfbn0dRWKWlgElWGNYbVCQiQ5JytIogKX/NCeDatlNC5nQSSpPkUzkxRonhlpKAoXzWKyBACERq3gS6rQwchubtq0kn9d2o+W2Sl66udNrly1PZmzv1Cwn0oIY0obkEysoSfnadlBS2zaAJvKn3U/uyicsK7lh/qnVfyrlMzCVACYQwYUCqSGOIjo1vPp8Rk0iT8Wn85bktZpCtCPBabIBoMIMGnHJw9YEP+4xvX9CPYksXFWgK1Pk2oqt+zfR05LGglQE5zAfMfWwXhA2jeljNZQBV0TE1ahIUgUHwTUVohVYsiNoMGpneAMfY0qO5oxoJY3z1NNIs9pj63TB6JjiphVTcYzEGImjDoaGhgnTRDJaMeszay98S9DZ/ICQTNxlKrYl6GR7iLXpqcyE1k5A2u9mIpE5Kr4lHVOdgPOGMaG3eIyFvY/QG27gS0HcFPwGziWbBJG5QSqtF3HamVNH9A3m4sw+NYhmuwTBmwdzMzLpWuyXAAAgAElEQVQ4NUWZK6GS2g+tPtVmytB0/un6aP4bLMoIX57GudMQD+BUUA007bnm80xzcpuQTjxrGmO4iFMhmDJtkh1BoZpUulHT92O7n9ze/CegiMMsEbMiiSyGdl7BbM055sUzgvORn0+GQzfz3vecse6rsAI4/vC9+buv5RVPwwbg+Jc+fobiNROuT+MUOnT4S4HzqFYf+exv8iuf3S7PE613fuw3+dSjnKVUna2/+LqzSVUA1vjTj3+Y0699A6/qyNULAvqFL7ShSk//y2YQY9rHBYiOWO3wzOMjPzEjR8+HH/++9l/7+a6ffie/B7yjJUIf+wA/8Ip7+ME37of3JIL1373xDIr0SZWxnzxnG378fe/k9u/7CXa8A/nIVfyrc3z/srnXzOdS2D73sP3H8izM7gIuF470ML79WMV81t2u3JW7cle+kMuIIc4hLibSIpKUYwo4QwykICevyt/UljhK1JNpzhgvmTjFEikJWRUa0t+uMfuAAphiMYBEKNIN1dSQQqAx8LksgmhmcTStJ6bjYm3Sn7w9E2OCZa/LXM71EpGc/pZ2gJgR4nauH2sFiC03ZQHRJpPET+P3QSNx8hjN5kNUS9fg+vvZ4cf5Vf7enIkQJCWpio6mBt1SaAzRlF4pKfuMKDXqDcrE+MXaKMynhGBmKCEpF7UE8ahaUkma4Zoe4bHAyWbMwjUltlxTXOMZP9QQjgsueJCAxCIndWpwahAEm/YIYqjLHW6CiRIkXQdnFU59vl6KoTTiMT/GipqgPUQXWT9qjE9NiNM+ohVelaaIRApq84S6QeOUyJRaBKeSyLjMsCd7CMkKzbQ+8anSDqP0AoDc7zq3fnbd0uzZnjuyPR/yepufFZLWBltjYfdRVi5+ED98EOdDIgxJPsWKpoRveT+JmbQ8DtP4VTyBgGq6bpgj+ERQevN4dahr8jixbSvd+fZtT4/sYZzmNq1tAkagwKGIJTsGLTawYo1axzjfx8Qw205U1e4+kdOzHWEIag7R5Luspkyzz2tjyS+2lcraXPI5o70AqX2Wr5NJ27+zr9EmFZunyZ9RPF3F6hlh/D/2wbu3PVafCs5nA3Cm2vWc2LYD+OATebZ26PBXEDPi9EzF6rwylcf5zAf/G1/hMH/n/2fvvOOsqM43/n3P3LsLS1lEUFBBQBCsgEYTBRRji4oGVGwoRsUGhgiWWIJiVGJsGBIxatDYY++xx4JoYmLEqLGAgorSFF1g25055/39cc7MvbuA"
[DEBUG] 2019-07-12 19:39:03,240 method:org.apache.http.impl.conn.Wire.wire(Wire.java:86)
http-outgoing-2 << "YhL9gd7nEzOcKWdOnbvzzHOed194/MG5PP7XTTjsB/j9y6HNZrty2A9WMak7DuDgPWZw++MP8XyZXF0z8FWX/zdHIFfXRJSJ1TK+eXwlxSrQ+SCuGTWJLmPu4J9X9uS2HR5l7xevY1vg5VXdo/9ZfDjX/8Hz8pQeXN1tJeQreAJ2+o+aqk/nHvQfVOpbgFSukP3lvoZvRYkiSFLVqn8z8P8op8vpcrqcXuPTimkpEFlPWAblqCgljKO/TEQhIZAeFIkPtf64c375vwpoAcnl0KQ+3M+i6u1TnC2Aes9JGhPUKESCNBS9U2kQRDQjXrIgVU5Q/Nazvl6XKSlzFIJbSVbPkFZPqCmCTX1k0eD2GIiwQGam1cYliCZ8ld8ldTH1i16gfsFfUFegocV6tN3kJ0SV66zW9V+4bQabiFf8NTiSOgeNEJELKkQXullwUQxVlqiVIMbg6qF+uSPSFojLo8So8UvMcS0gkK1WHInxAceiJZV89mZMqx4R0rZAvmseJ0LjwkYia4lcHicpxRiW9IvJVMBGgyWBqfRaTFUiiRHTGAi6CGeE2Fhy7YXWHSJMg2XZx3UYm8NhSTRBJKJCFFWLSwRrE+KkDucacGqwNvJL9H3XB57SZEGl0v2eu5TgpUtR7Vl6HnjiPiP3JCMTRaSoWE3VsCUEpgggjVS2XEJVh/eRFu/jqMMlURi33vdC0vuBn1fZxBRU0kJYEvVEqLrIq60RrFE0UZxzaJRaAYTiZ3M9ZJ1KPsX/X6bmtSmhCaI+SJsXoCvKckyuFqcxic2DhI8UgaFNl+J7Qjn1B/FaWyuKkGA0QjWhPmnEqiVxlkijbIl/qjpXEZqIidGiSlyKRHfRgkBC2696fnyt+KqK1U7DuXLW4BDwqtmx1bECKLEByEjbVOm6mkVY/NDUJkv+X7yyFy8OmFUOTlXGdxrNFarN0x6dGDh8BANDapsN5vLsm09x9ZsAHdj5qD3p8yX3iTqXkKt7/5iBHaMvuaKMrxOlv5dNICX/pSdmfy+vmMeaiDKxWsY3g2YK0i9TrKYq0dN+PYpLfl56XfjHDj346T4X8dve8MjY79NlbNPLSxWk2w4axSN/eJrF+61I5r48/Q+cNmglX5xX0wt2pWrZtRau+KRaC7YCREYIYV9K3wnWCEVtOV1Ol9Pl9BelUx2e4FDrkAhcg8PkxJOsFpxT769aEf7SLCVcXVhSjMWZBFFBTITaHC5ZDkhQrQqItwgwUeRjQiUFyFd6UicBzXkCSHPh1Aq/RUkLW7xvWo/UDiAQLyslWrRp3SMUG4JdCSCqWOuJV2OKhKxojGgjq/27pJbC8jeoX/QMqPc00MLnNH76MlWddwmFXI18vmhbAhdHJI0JhdoCEhuM5nwdsvYynuysSnDVMXFlBCZH1NIiFULDZyBxhSfM1QQSMkYjBXEoXhGb5HLekmFJxHJXIN9NkHYN5DauwEZK4wKHYFHNkdMKIutZ6kQcVgSjYJxDjZIgiBryFhBHHCmJ8VLpvBpvUlClsI6iyxw2J2i9oCQ45wBDQ7BzsJqQSEKSFLBWQ1AyXxaQkqbz9dM0YFfpkv/A1PlzDami2xOLgZ5XT646laLlhFLMzwlpxCwVhwYDYCMN5CprkIrFFLQWnMOo8eSoCR8UnAJ5vJ2GZuVWxFtvaCid8/d0Goel836fc84Tq2mXNxkyqUJdEAnEq1JiCZG1DqKQs4oz4IgxrhJjlVy0nDiqwSWVRIATE/Kj6OWaPUlKnijWK9jJ+XkfNzZiXRL8fJNQwECmOgkfUIpD3S/19w8q78VqsoMurYeAkdIPKV8/Og65ltlDQiJVkX5FgjNDqWcqFH1Tv1AN+wovpqRr756rf88FdzKxiVp1GpdfAVzRC+4sk6tlfHexeorVgCb7OrDFZrW88eYnPHvnDDqUg1itVZhtLeuK0FqEivRDn4DpYqnYvUBua/9BPflXROGJCtyHUfYbVVClVpVPVddI7+kysVrGN4P+Z/Hh3GObeZau3MO0OcYeHIjP1AKgJPDUy1POyMjNVSpT+x/Lb/k5M+YfxNBS/9X5d3D12xdxYTNSNsOXBKV6eUoPrv6yeq9NCMqnJm8Ia/jWCEQGrC2VvpS35W15W96uBVujoA5tLCBGggDPodYr5gRBY4vkxNuNWkiJHlBKVWzqEk90uBgAXIxIDnXps9FHpnfWelWqtkQDyaJKUMPiSTz86abgj6nxaVGfVVaFcB5KE2qltJrZkuVwH2uDetI50KBgTZcgqwSyS0ALmRXAl/4eGINp155WfYciHauonXkPrqEGJSFePhu1O4Cp+O9+b5qhoTam0BhD7H04VSVEmVcQi2J89Nq8QysccSSoFMgbS651BaJKYVkDWhAizXliVhRL8PhUg9EE67w/bkREXJNj2bsNtNq4gspqJdc5wkYJDR8luNiRqCfdMIKKBPWjw+JQjVAHDkccJZma1FmDGksBi9M8dYtjausLxA0OGivJIYFAjxDnsAa86YAjEUeceCWkwfogaiUEpR8Lvm91hRYsJV/TPSUEofjxgZBx60UP3nB9OggJcyB4n4paKkw9pqKBWBu9nYWAON+uiuLSMZsuzYcS7j3MMefLboLK1Bn11rahm71NsBQnQymyCgueNC62QDZ3Sk6PJZtaCAlEjWi0lLypoWDb4cgRGw1RO4vEqgsTTLI8BYhwkfVEP47GxgastdjMLDVsVHw7Wj9moPlwD8pga0nVsWlPqpBZAnz9WLxytSl8+XL8lRKvX5DfCorVVQSoWh3VbPN77zWYPR95hsc4hvEnT+Pytyex0Yxe9By+6izGl4nXMr7FWD3F6us8dP2rfERKxAZrgDfD4dIgVs38V1PY+TO4/fGFbPjDPcpq1TUAdUCdKjlV2gDrGUOLdkqL4xqQ9RwavuVF309o0d1Rd2lLCp8Ji1SpUSX95r8mokyslvGN45JhTT1LT+u9cnWoV53+kyndDmxy/iPd/Ll7TfkbxwNbdvmy78YdGTqqJ10uuIMBGVG6mPsuOIMtR7236q/Oq+EFu1dzI/y1Gq74glzyxrNGp4EoEq+mCWF2JbwaiJbT5XQ5/YVpY4qef+X5842nRUCMYiocLlHAePWcAAWFCKI8IIorOO+BWtBAtCqI95nGuUCwWlQTjMkHpapXI6oWl+eLWkQMkjgkshkx6llPgQg0Bol9OXF4RWuknmjywkUyT1VNH83hHpo+q8P1vtqhDJBRY85hrSEygWjF55+1k4vxAbncF/8eCEhlC6INOiPkqOq9N7lW6/H5M1eAi3GFJWhSi1Tk/ie/NynqahtRPCkKEVZBIouVBI2s96lVJbKOyOZwYnE5T3IaE2PaCGoi4qUJSaMjsiBqcA5PXkoCAsYBGGIUbJ5oeY5lsxpINoyo7GxxnQvkowqWf9iAaRRslEPFkHNKTr1C0RnFq2K9QjUxXg2SVyWJLC06VmJaJSz7ZBlmeR5tyCNOsBJRLxBJhLE5hASr3uszEcWJksSNOOcCIYwPkiYmY+hcOvK0pPOzrQTP05Uw2FpCzItk1xS9WA2pLQZhzggGZwUkJperg3w9Beu8l6w4UIdo7O+pgSHVEIQsM6ZQUO89q5ojMTEGiBQk8SpkayAR/8HBOMilFhmsuPVzzmBKBlHz4eTEoBr5agZ/ZCuNSFQHppaEBiytfNta8S+dTdqntNn8Xa36uS2o91i1CUalSft70jtYKFgCUVpyghhUHV4RDBCsP7KzpGi98LWiI/tNmcV+lPqnHsOds85oplh6ham9DuLyVZGhK8lv5STryvKGLw821TSvPfcY7N8vOvVkCwaz51mjmffIMzwG7DBmFrMBGM5+Y760Acoo49uFDgM4bMByrp6BX8r/hYrVLRly1JaAD1R19Qxgg74cP3zLcDwlXluyxS4rUa4uLpKqO3dp/Y1Ur4wvRvobGAOfAUudY7OhjUhHx7uf5GmZ92c0xEKPjjFuaAOzplWSsOLv55qGMrFaxjeO4jL9oFgddBb38QdmDEr3/5Mp3R5lQH+AbRg79z3GwioUq6t50/5ncV/vHmwzpScfju3CfWO+z5/3/BvXfJGO/DuqWFUt+Tt9LUiLQC4X"
[DEBUG] 2019-07-12 19:39:03,241 method:org.apache.http.impl.conn.Wire.wire(Wire.java:86)
http-outgoing-2 << "ERcKKz5xy+lyupxGchG59dYjat0SyUVIiwokl0OMARHq6x0VFc5HZ48L6PJ6bEMDWtuArauHxAWFoWt6jzWkfmttGhuYMwvq0PQRluDVrNZTGOpA8oRA9+rVqxIIqRCqW0gQk8MlnjTzykEblHcFFBP4KcV7rsaoSzxx2khYgi5QCOVU77GqAhp5olWjQLzacDySLOZhSrUoga8ieK8SyJ8S6Wo6lPLGkYRgWKKKUwlL4wXRQiDB7Bc+/8lVYjbaMPBiFqyhov0WVKy/GYX5/wJncfHnRPnW//3vTQliB6KeGDSqOLFYiaHCkmtlULUUGhKIDS3qc0hLh1WHRt77FFNP1DoPJkehpgB1lrxWgjN+yXYEKkreGpxEOOP7mFiJXCVLPyoQaUxlZwedGmgRVVD/fgOuvgrFEJMEEkxwzqAmBtOIxQTfVShULKdl1xy6fgFrLVKnuOUJGvtng9VGksirQyJiBOeVIqokChYlTmJil4BzOMUTcU3YtqLKMSUDUU/iqYbxrpA57irZtZqNqnTqeCV36sWqQbeZ9ZFVwGFMI6ZiOYlZirGKJBL+VtDsGaZqPCFbUjbP/KfnGJxYkmCQmnP+PwB1kn0kkHSafiF0hVQTkas6XCiPUUfkDOpyxEmeRudoEIsLH0+kOOWb2zBnbeTb06ICEWnwqgRxxovk03sHotVJ2i++XkXm1AUvW5f1SRZjTkIfhjb4JrD4oWObkaqBSM2Uof0ZPesO6HUQ4wddRJeVkqPAvDuZOm8wo4d0ZPFDZzH+kcFcPnkTxo+bBicfw/grpjH8yj2/MEDWyst3VpGgPfkOrhySvj1sxEaTR7NfJ5j6H9e+jDK+Zdi0L1u8+hTP3jkDutQCLWnXPj22J8dvWjz1rcdu4dmPgQ36csBm73D3m69y61+h64ev8sZyVqlU9WhP3x/1ZYv1y6TqmgjF/8nbqr8FA4kV5tR4VXGH1j74ZlV/my6mWuNRJlbL+MaxgmJ1FGw7/CKu3mESL889C6YcyOtT/ka6Qn/xA0ezzdie3PdiTwBmTOkRSNjFfPj2YLp+wTKaUmw79j3um9KDLt1W0xv1u6ZYzV7Q0zRrTdqIeuWqtU1eMsrb8ra8BawSt1uXXHVL8jkQExRV4pfFtsh5L8+oQohcBVS3yhSGqo6k4BCXoPX1xB8sxNbWo4n9f6/XWr81YCK/RF/QTAmaCv4URRsdUmHQRL2iLPEkh7qgAA2shuKCWjUKAW5cyFPAKRoCQRmJcEkBtZXgwoKqsDJOVZBIvccqkLJgGXFSshRbIzAulCN4X5aMuIBi2ntU4gP0hHyt55N9XV1Y5ZxFVS8ggcwLFcxyzNJRhOm4Hiaf90G8rCCxIraC1t1+zOcL30BxuHgp0X/7+9YMVgVRIQnkuJMYKpRca8G2VJy14IRCPVALeQWXF2JjkJyBSEmiAtoywUQ5YomJ6xw5V4lRr7xUgQIOpy4EK3OICcHLChG1HxeIE0euq1DRvpG8yVH7/nK0rgKjQoIQaSusU1QaQZ0nxNSQtGyg5UYO17GBAo54UQsal1QS2Qos6tsNi7OKmOBdisE6r5i0KiQoBZsQW+/fm7k4BMZUCEHLxPunIviFMWFYZKNDAmEaDmhK8OGfU+n4EJOSsSaMb+t9YUnHe84rQ2U5UcUyrNZjEzB5g1NLiYVv8G6NUFwohyIaoS7KPEeNgKmPUGOI1ddZRYgNqBEfOEzJ7BGKRgapLl1LiEihdP43CXelwWdZ/HlGWuK0PcsaOlAXt8HG4udvsJlL42ohJc4ZgBgFZ4KjhkWdEuFoiAtYZzGqWKcYSWeVv1DTZ4RJy1MyB1ICXMmI1FBkP09XOUP+t1j80LHskPmUTuPFmWfQP1si/y53ju3F5UzixSk9s3OG93p3pcrVy8c9zuXTh8PMi9hh3DPsOfkF9ttoGuMB2JPRd8Llww9i6grBpYqK1BWW6Jf6qO41iRebkLId2W9IR+CV/74hyijjW4NOdGgLfDyXZ8Oy/jeenkGflRCkffYcEQJULeD5O18FYNmbr/JG624ccNSX+Kt23Iwt/tdFL+N/jsbPhKoqZb22Nv1TgfXa2uzY2oIysVrGN44VFKsAnQ/imnsn0aVbD68UHRtIz1cmeVJ17llsO/8OAAaMfQ+m9GDKhxfxOj/iws6ruFEzLH7gaIZeDnvtM9gHvJp7Fx+O3WblJ/c/iw/nlvo2BRVtiVr22wf/Nl3y5/5alY4i8S/pLo2oomTefeV0Of1dTqugC+dTG3UlVyFUVQYSS7yFRmSgoQHvpxiINgkv1YJg8hGJjahct4LcOq3RQkxSs4z4409wy+qCUmwNqu/aknbWE9RGQNRvFTRxqFV/WqRoISzZN/hgMhDyALXhegBbIJW0pcS4J2oFsTYoWhtADGId2LCwKvVXFSneN8EvFbaaLT1OFZoCnnxNCbFU+Gd8/ZSQTpcWqyeArHqPVecE50Kk9VCdbBWyhjK7BtAEHxApQCk+/43BVLfDtKlC8cpbdYJYhQKYlu0gVwVJPbZhEfm2Pf08yFquWX6rky5BooqKxYnDGYtUKLnWEXGlRaPE90k+h62HxrqExFpchRJLghqobBHhWoKLYkyFg3Y5rEmIa5Wcy2cEmZoCivVBl8TXWxUk8R9BCvMaKDQo2l3RdZaTz1VSO7cBtywiojWFJEFMFNSNgtMEbWmp2tgQd0yIC0LyUZ7GBREklVgxNJoCgsUoiMvhg0/5Tnbi/Ul9fzoKSUziLOLC3w/Bj9fbo4al4/4R5Fsyk6mG8Za2sJqmKk6RrP1dmDMpIQ+pfUCCEgXSz/vGihRokV+ORst9m1vBWIcTRTCI2PCBoETtasC5iKTQlqSxI6oVpPYZ4iCJBFTIOYMViKsrcW0rvPetMVkgJzHGf/wIdU9XBNhIsMb440Z8vdMvCMYryXM4cAUSibH5auK4Pcs/yNP4qaFSDGgBp97LF0L7atFumTDXwRPvDosaxapCXPA+uFYDQV9saEX8n36CD2RV0gX+HtmnjabEaskj7WtHIC3H3zmLHWZ4K4DLZ7xSQmxuwka9gSse58WZ8AYAQYU66FhoQq4Gm4AFxWBVVw7pCDNL7tfvDF6c/C47DF8xuNQOZ81i9pRXmNqrFymFu+fkSWwx7iweA+AY7vxPgmmVUcZ3BZ/M4NYH57IM/JL+o7Zseuz6W/wxAFqyxb6b8vmD3mOV9JrhJdeU8a3AvEfy9BpZoH0rT6Y6hfatLK7RH1tbUCZWy/iGUOKV+nBTxSoP9+D1KXex92PBZ/XhM7ht1EGefO1/Fh/OXTG3bcf+jQ/HfB++yCO12X33mvI3Ppwbzr7SL+Xv0g1glCduIdgNnMHKPO0BLum2ohcslJLFay9Eg09ZeM9Z27YGyOcNcSEJL0X+bS7zNCyny+nvcrrmU7TD+hRcHhtDyzzk82H+KFQaz8vlIorLu02YWw6I8RHjjSBVFeQr1yHfoS12WR2FDxZgP1vuvT7XlPquBWkxGrwfLTi/cFuTQIhGgA1Lf9NOCtYAEghQiQDUE7H4vlEbyMiwHFuD56XgwNmgCk1QLYAkvl9TvoriNiVuoGQ8CD6QUWqhqeG/lC/ObAFK8iPje7zOUL3lBM6TYwZvAUBG+PiTjTYgaknXeTd93gvSsiWmfTu/Q21maUACGitJIY/JtcIl9bjCEp+XmP/496U5CuLCUvEY09IQVQnaIgFjSSWFEhlsLsIlSqEQ8skb4gZL0pCQtwaqIhKTQIXFVOdxRqlfbokkH0g0RYlRsRjyOGsQUVQSb0FgK3GfxCxx9bTulkcqLZXdKqidX6Bh6TIwdYgE+4EIoiql9QZ5kjYFtCFH3TzFLMwRJYqTemw677EYdb6HQsAnEU/UqYhf9o9SSBJiZxG1oR9D1yuIeMWqZCRp6UDzg0wzSwvf0E2jzPu0hrGXMa8SbCNI/D1FEHEYLGgjkq/DST2xCi6JMOpCmdKc03ysH15OsDZH7bJ1WLq4K6qtQ3FyYGJiI4AhUqHWWNbfbiDrbt0dWggSW3BFT1mcCzYHodwurV+Yq6H+KSFapIgjRC15aSQiT6VtSW3Dh9TPmY1oHC6IfJukzSjp"
[DEBUG] 2019-07-12 19:39:03,241 method:org.apache.http.impl.conn.Wire.wire(Wire.java:86)
http-outgoing-2 << "bCmddD5lnQ22+YqNPfltXKqTDe0tJvvOU/q9p4lyNZCp2VMre6747TdiA9BpOFfOGg4L7mTMFQCDufyA/rDgzkCiwg4DjoErpjF+xmhenDyYx8Y9w2NMYvas9A1hHvMegfF3Xst+nV5h6iBPqq5quX/HIdcye6OL6Dn8WDbKiNmOdOwETbxWF9zJmEFncTmhXNNXYT+wEjRV4a4a5QBWZXyr0GEAhx014KsdO6pMpH7b8ek/ItpsnKPTLgntqwK5GsOCZ3N8+o+1J+BYmVgt4xtCiVdqhqBY7T2KS8YeyJb3vseHV/ojL0/pQZdhg/nti9cxtHMJKTv+Lq4BmP80f+YiLlzVXzCvpAGxRnHfCvf12Hbse3w4Fjz52oOheIL0mrkHreTsb79iNfWyS1+YU9+ytSot3m81SWKv7Cp5ASlvy9vv8lZih1teh1ZVYY2wPIF8I1RVgDHe0rMxAZNP1axkFoQi+BgvjSC5kK+AREKuuoqoT1eST2sozJmPaywA///1XTu2PuCUNx0NzWbVE5dJukNI2W8JS3b9ueoVZuqC2lO9B6taTKqIS9fwBhsANMGzsc4r+12S9XP6PMXiFaqpCjWh6RLkUBwJCwPSouDIlK1p/bJjUEIwKc7bZpG4knxVMzWeYBHXCOoXpa/wvK+oxHRYF3JhYDqQOn8wafCFVKtIrgpQXFwTft+05H5NuuFL083RSIIzDmkp0EpxFZYg8QQUdRJsDSySy2HE0OX+B+i1/nM8scMldLn3QTbd+h1m9xvHBy0NvR9+jvUX/Y7pR9yDKnS6/U767PTlnnDx9D/w+L5/giVVdH/sUbp0msm7+5/ChxtVYmrH8YO/7knrZS/z5g7jmVdVSdRaSSqXQ0NE3byIrR5+go17fcgnz7enw8BWK95g1pM8sONVqFjk+PPZ6/ytYMYN3HfggyTqiG1MctFFHHhgOxafcyTPXytFFXJQOIdUGArHs8fHu9Bixs08MPyhMFwEd+wvGHruFvDCLdx30MNhEIWhkw2qkgl0zJkMm7AFvHgbdz3ZlwMnbE7FStonmXkOMyZO8tGnVCgNUuU/CEi4hyPRChqTNmBb0eemq/hex39w657XE0egkyZx9P7VzL9oLPfeuR0DJw2k1cz7uPakR3C6B8MeG85GJd215OFjuWWS0P+3VzBwmyqWPHwCN08qGUhB2ZrOD4dBdFf2f+xwujCLl/7ajl1/sj1v9T+fFxCs25V9pg+j6i9jueO8H7LPs0PZsM1C3tpmEs80GagKI07gqPG9qPzS0QNQz7wrJnDfn4pl0czDllQ4HP4t2Zwu2jnIyjL9mjCYPU+GLQZcS5e7e9HzCr93/NHD6djvFcYzzROt39uDPWlOWHoytPTfqw5CFdDvDGbP+pJzUtIXYOZF9BzUi/FfGjzLo+OQa5k95MsKUUYZZZTx7YcrCHPvzvPpqxFtNvZf6Ze9b1g22+AK3+TvzH+HMrFaxv8jOqalXfgAACAASURBVDL0yvcAGDv2rCZHiqQnrJSU7XwQ11zJCtdckyZWWMr/RVgZ6fvdQ+a6lRIx6f61LO1XYAZyVUtepEld0Mrpcvq7mY4+mUe8XjeoyKGJEueEpYnSMi9UREoOwSaKiSRTPPq3ZyFvlCQWKsKE835+nmWTnMGs25bKqkoKcz7Cfb48LOFes+q/pqXBL8cXMV6M5sAYReOgWjXiPUwVTwy5wMVk5GpKV2kJiZoG5wlLmdX7X0oa4TslumxQytrQz8EywrOT4klCf7cQ/EdLPFaDsjAoTaF4vWrRQzXdL0hYzk2IVO7LZ0RwNlsM7vMNRLBxjYBd8XlvIsw662Iqc94jVtVHShfF1YMWQAzYxIdcQhS1tV76EOX/49+X5mg0CaZKkCpHUpFAlK748KpYZx1SsDjNoTkwFYfQfuvW0HZvBt//Hu8qUL0NG98ynHfn78uG3YHuQ+gZ3cabrSqZO3xf3q0FtIKmSk8BEfSqa9j3iC6g4GyEysm06wnxjBlUXvMUg7uVFLbNtmz2+rNsBrB8Jm9Pgx4/64dfXFfL4rNHs3CvP9GBWhb/4jCmXyUoP2an946iI0qBIew06yjWqw75DTiS4fOPXKFNOv7yLoad8hqvbrqI7gt3pW12pJals6Hteu/xau9FYcQ6NrlrGv22nMPMPhfAbt3IA0s/fJBEw0L9Yydw4LlbNCVMl77BP7e6AHpD/VKo3mFntn/yMwAKL97EA0dPo806i8kddg07nzQAEJIkj0oD4INEmeAiGwYiigE1WImx1ONo4a0TeuzE3hddzz1nks0bVSVXH/pCc1Q15mmoc366vDedq17tyYnDqml4TWnx2ZFssU0VAO33OZc9zjjH033N1tEroJL4IHEKmIg2r3/GZ7ttSp/nxrJk4BXMHLk567aByh//mr1nPeJHw7IaPlFLkj4OFMBhbprC1bcorkKo7t4Jqlvz6T4Hc+qQTix58Gfc/MvwPBITDBECYSqZQUIY9JJZB6Q6Yu/kEP4tgoYQad8IOnVkvzGB6ew3i9ljSg82JU4zsnN10e8MZs/64pgK/30eq0nollFGGWV8B+EKQs2/I2r+vfYoVJujTKyWUcZqYRvGzl2FH+u3BFn05fSdIbx3rI1pr1w1OOuwNgRoSd8cSqVI5XQ5/R1Km8ZlSGMDSgsQ73WJKLWxUMh5gtWqEoUl6xI8EEV8Wp1kQZTUegWlGkWcT1uTp0WvDWic/RHJp0vJyL41pP5rVBp8G5tgA1DQ4lL6CK9cDRaovhmVlEPFadGT1HlPRdR5skg16zNUswBVqgmSea8G3wcXB39F8d6kWUEF4hDMJiXYXVCUarp4OaQlVZoqIWoOqXemaNCIZgQsiAYuV4vXCRK8Y/04M1pA1CtWmzzfJYJWbTCtWvjfK3U+swbBFhRXAHVgY3CuHk0+xy97tqhr9J6XpfnBaqebw7VSpAXYnEVNsCxAyKJvKWAjnIVchTBowYmkgsb8gJNCIA7I73gSe2a5dqPLmzfjeh/K61UVJFbp+8LTdNNHuLf/5ZlvqS9WWjBH7CJ6PjKINnzAe3vfjf5jDMx+iLuGXEquZQiW5YS+dz1Bt3Udyy/8GXedX8EPXnyK7uvN5uMrBX4UclNLrJ4wc+FOsd7DU5vcjTlhEsMu2Bqev55bht+H3Wwj2la1pn7kTznyoHVYcM4I/nIVYITX11OGLNqNljP+yB0H3M/md9/MNusFb9qQr1W/TfRYeg3watm2B/+JQw8GqGX+7XMAqLn9IO49ZV/2/PcRdEaxmvDvUyfy6qk5FEGPPZMjALBQUY+TRuIwXVAlDipsDWM1TL+ip6sKOEjUYYmxzjLziFG0ffRW+ux+Gnv225wNN/GnbnDmNI47M1zXfwhHPd2HFwa8Eoa3skvfzrDsTebcsDt7vzSQdZjPm5vNptObg+hz/0j+MuSPvswXns9Jw1YVIKAHm50c/tmmC10Pt/z9xsu4uud5jN0VanQ9OrcBlqnvr2ZXGwR32M8YfUrvFVSr7ff9DWP3LaY/ffCnXH+elDyjCNYj6TjDP+9T6WoJskeSUEYZZZRRRhnfeZSJ1TLKKAMAKTXIK777r9XpKCdelWF9hOP0xR3S88vpcvo7lHYx0fLFkF8fjYxfAi7+PxtDfYjMXiHhgnRSef4sC3IixdW0hGDhRBJiWOUMlT06oYVG3LL6Nav+a1w6qEYlrL1XMjVquqoX49tYjHqeMRzPluQH8lrVeQuAlFx1Cpm9i4bz4vBsDEFw1PtYSfj2lHapOIrqWAJC8KximPOS/SGdLZkvIWCy53KJIjYSIVFvCZAeQsmEs6IFRAtkTLPiieKKSqI21YD6YFzOV8k1gsbp8nufmTYugaQWH4ANTyKnNNN/8HvSHEmrhCRSiKynIBWMemUfAioGwX+oIPHtzKyHuOcHk8BG2ILB5RympRJVRbh8wraPzqB7D692rY8TrB5GzXV/ZulFezOsbgvmtDqav2e0ZBGx+RnddmpF/NzztPrgL6xfDTCEA99ayTrjGsFMvoVDR3QNO/rS9/PbqJkF0Ir1L3yIgy8sOX+RkgTSPp32FQOP4qj5RzXLuBZw/luACvqb3lRT"
[DEBUG] 2019-07-12 19:39:03,241 method:org.apache.http.impl.conn.Wire.wire(Wire.java:86)
http-outgoing-2 << "y/zH7iFBvHerKlnsNdTvQ7HHdaQltXw88Q4YfxQbLHqSaTtdhR43kZGA4oiDIQAo7tLJHHnQRgAUXriJ659K8yxARS0xjRmRjwqxEz82RIPHr6aHit89nGIlwZqYBIuq4ak9D+dJwli46GLGHNiOjyYdzz3Xj2LErJ1p9bdbuebYJ2nbYRhdBKAn6/eAJXdfRPXDN7Bhmzrm/eosnnSKXtSB488YxOiHlN/s80f/oYQ6Pvz1GO66UUgMrLPu/uz54BC68CbP7nAJ/9R0LP2En7w2iPahllucFgjZNr3ZaeZV7FTaDXOe57KhN+ECgf3ZM+dx23U5aoYfzZn7dubTB07gDxMFJp7Lz/frBGqxqWVDmIBqIP0ByJT2YQ6mSnhVzbyWVzY/yiijjDLKKOO7hjKxWkYZZXiEl2z/Zk3xj+W1PG0EJCeIM6hzOHXFt4FSpVV5W95+B7ZR7SfYqmqilhWEIPSk1p3OQqyw3PrgVjkfKyWbLkY9ASvpKp2wTcV6EemKa0Nl9040vPU+2lhYI+q95m0htQLwa9edJzPDKS5RJO8VwlivSvXBqZwnekpEkoAPaOSs76/Ut9UYv8/3oLccUItqUKq6xOcRyNtwmt9qcV/qnSq2WOzAq2Rjo0lZ0n3heJp2FmyRWfPjqfSeYTCJrUc0JiWbEUFNBdKmHeQVNPHC0ARcrGjiB7CoYJ2iGuM+ew1cHIrk92UKWGlW19VJN0NjrhFMUAcriIonrFFU/BwxlUpj3EicRPy5egcwI9h57guB+GyGmn/y6laDuFMVTSop1DmI7+CN30S88ZtL+P7Mp9nk40v4rPMpvFlymeIonLQeLYD8Tnuyfs0rLHynP+vzCDdvc1nouBB8quRryetvXMzBk/pRUTOTv3c7jTfUUBriPat+Sd0lkJWF5//AtAPuhc03okWukoZRp3Hiwe1x6oiDonnQ97oA0PmXD/CTU17l7deB6q3ZbmHIbMBP2B5gKeh1E7j+OkV1KPuO93ePNSitAcWWKF3Bjj+Jq978JUefuzWUHBOJcVJHTFKsAFBIJPMJdqqYtH+zflZUlUQTrDQQ/2QCx/9iKyqBxr/ezO8Pe5htNmwHeEWvy0hbpbGxgSU19T7PHhuwDsABN9CeOt6/6Hjuud6fq9dP4krOZMwZ32PYkddyOwBVdPn59Yz7eRhTL9/DW59Alw6K2j044KVDWP/ff+KKY67jmi2nhf5TGPlzTj59MyrnTOei/f4Y9v6EY18bxLooiSuWcZ3B5zJ6cLEt1t3v9/x8v5Lxo5a4JDidr6Tv+KzvpTix03ku6uec06ZjpIwyyiijjDK+qygTq2WUUUaAa/oy+S3aChAZPNGggjv3TOb/eH1gAbdudT4nB2ZARNAjxjLr9N5Uz3mB9fe7BT1/AouGdoJlbzNxxykw7VImbl/DLVv+kvGpQiy8cchK0idOu5SJ27ek5qV72PSYp770/HJa4fxzWLRrDRN3nMLU9HjaL6Efpuqu3PPi/gxsA+/cN4aBv1j9/EdPu4yJ27eEOS+w3n43f231GX1duM+yt5m4w28gpGteuodeRz9ZMt668q+LT+HAm0rK1/EVP/5WyH8Ez7+2I5uWjt2vUD5cAepqKLh2SGT8Un7j1Vwifmm/Q0hGH8Lnu64DfMbth/2JM1SJEOJE4fhDmbPTOlD3EZNOuJ9rA2FojNBYr0StBGmRo6LLPtx2464MbFPP9LR+zebT1NUs/+QHrmREd3jnvtEMnFAyHljALVudz7g1afyuThq8BUDqsYoikXgLAAWJ1CtVwfuspspVCQSZVZ9tUGhm0citxYgJHK73EvDkKoEgCUGsnCA2JaB8/xsVz6ynTLsIqbdq5rkb9kuJJYCoPy8LViQl4y09TzXLTkOd/LLsEoZLBVGH0QZEE1Ko5HCV1eQrIq99tIIkihQEgoWCwRM8OQNxUo/WvBYC70goR4xnY/+L35MSxOJVwkjqZQsSVJXqFMUSVXo5b2NdQqNVjN7EI91vwpjQj3YC+y7Zl2qg5sETebXGYDD4uGI5DHmsJKDK8/125nkRlNMYWrsz9c99CkDd+7cT//Y2bvrt6RywfGfqf/VXOLM/VO/F4cv3WrHgfMA7bY/m8x/19N6l1f3Y7qVxtNW96b3pSk7nA946ewk9LuxX9DodOIoTF45a4cwNzn+IY86v5aNHZtOhF1DzKm++1pPNtoJPhh7IUyIgJ3Powj2omjGN6w+5FxWF4yZx9IS+xWXrbXfnhPm70zj7w7DDkbgSxapzxFmf2Iycr/jBGA56qYnxJgWFWA1qBRWHqhQ/CBCU0AoabAAS6kmm/YLfcQEn/WIr6LgLJ7x3eFa2Lmffys/ODokfjODUt4cy91f3eiXu3Om86gbRt8dH/Kvn01T/8ybGHfQ0v/7Rxxzy9xFszBs8veko/iaCm6RAHXN/fSx35X7BT0/ZDLWNnrhs0451LtyJrm2Ajp1JXBLGsS/49wdvTCXQ0GFbznhtE2ZucSYPSdFiwROrvohLnv4FN1ylfD5iDOf9eAM+ue9opp4Let6FnDu0M2jiFatpgylhkoq3Agn7/GMincfekxZRrKr32y6jjDLKKKOM1YBUVKBxTLay5CtnIEg+/78t1P8IZWK1jDLK8EgVq18XJp7NvP3WX2H3rAfGsstEuOSeKRzaremxpX9/kdf67MCANqvONr3++Kt/zYTtWq54wtwX2Wj/27Kk4JctZ+lIiFRxThGUEwd3pRqgew8m4zi59LmvP6TXRx/wDr0Z8fqlbHzxePa/EWB37n7xAAZ9QTmrt9+fha/tv+KBZW8zcYfJTD1/IguHrRhG9p17T2DghPT+zQ6ubelfTmTRsE5AHdMvHs+BN67s/CN4fmgnoBMjfmmZOoEVoaXyOmiith45LhBuTVHz0t1sevQTwBEctn0YJ937cfcRN3JAWo6Q5eQHf8+I7iu57xdhzgzW3/emYvr8iZ5UZQG37DCZqcDoJkyNgyNCWee8zVPph42R4xi3fUtgR57/5Y0MIG2z5ujEYa9dyWEle2bdewIDSturtP1HjuOd03tTTR3TL/k5Qx6sBCqLS7wlJdQA6c/9P1gnXLgOB996Igen93j6eRZvG45VbchZN44mCxM4/99seOpTaAxilKg6/cMn1Fdhct9Ql08+4armz5wvGz9AGpyJGz9h0em9qaYT2/3SwoTVuH6NS1tPIIrxBKMTNHbNhrYWt86rVgFPhCtkRodhHb6I91NV55V53js7VbMKYiJUHeqcV6wiSBKut0WaExQV8apVRwlBjF+CnxKqabUyojX9Wzn1UM1O8NcC1q8Lz4jYlHj1xI1FXH02pxXBRVVQWYmIJ1VxQIPibChLaC8JNzd2ORovLWlE9fn9D3/jbGJQA04s/lOEYNT4dghK1kQcpiKHiQxJ7EkoFYeJIDK/YNgHnlT9/LbtufMkcEniSXOXAwQh9uNCFDiEvT8ewwbt3uftlnvx3DU3cywAjlgPYcjH+9AOaHfRETTW+DI2PvdnPum7N1UP/hkO34IFN8Nmh4PlFHrtBI01UFkN9NqbbtN/z9Tt7oQxl3LMpP7U3bIbtwaOUgWYCvK76xgzoivMepTL/rE5pxzalSWPHMtHva5lq56w5NY9uOWngp74a47fy/deoJrp+sIjDOAxrhgYCFJR4sum8tOD4I2ux/L7awVGXcQJ5/SDGdOYesA9cPwkRp/Xxasq0czz1aor8RVVkqvP5vfTltOm/UJy+RqEhJRtd4BUCkR+bGfzhuKYScer0wQrMQlJRkzqoqe4Ylc49F8j2ZjX+MvW5/GSnMixc3al1Ys3csVhD2BlCIeNAcTw8Ksf0bdHO9oeVSSCC1r8t1VLApkNgoqjRYsoTBHL4kV10GMD+u4PLH2Dx/e+mhjvm+qn395sslkV8BHznxQ6D9uAfm/8Cvfrz2kNNCz6iFhDcC6g/S4XMG6XYn07DL2Oc4YW04olcSXEaugbEP88ys4rCnxF/IcDVHGimZK5jDLKKKOMMr4M7QYN4vPnnkOT5KuTqyJILke7QYO+nsL9lygTq2WUUUaA+/JT/is0f3gu4LZtLuC0ZntnPXASf+p8STOS"
[DEBUG] 2019-07-12 19:39:03,241 method:org.apache.http.impl.conn.Wire.wire(Wire.java:86)
http-outgoing-2 << "tJ4Zl53GwbcU91xyz+8CEdu03Ev/fi+bH/8Ux19dmkfzupWUxUCEEEURMIIRgXSbdf8vOS0ScqUkrHmCU855HM7ZnbteOJCBJ57MmJsmcxWPc+COjzdZMZq+iJw4bTLnbl9FzUt30fuYJ5q0gn+pCwqwCefQ6Zwjmf7aAHo1Ocdlyq8sIM1XSu/G3S8OZ2Bz0nfZW5y342SmfuX8Vi+d1atJurT2aRTtpj0i3MCgi9flndP70GvYuVwx4VzGQfaimJF0JX0qTf6tWf0m7vAau4W6L/zoMQCueHAAmwI1y+qoblPFoBNPZvSNlzO1pE/G73sc46Bpf44cz6zT+1BNHc9ffDL738hK+1sARo7nnUCG1rw0nfErjD/H6OsuZ+L28PzFx3HAjSXX33gZm/Y6j4XDOvv6b3kO608oHoeRPP/6QHoxn1u39G2zwv2btGeaLra9aCO5uiXYVh1CH4X9ke+Qn16yHTu3auS5xxfRd48uLHxyMjv9DirzwjHnnsg5rWD205N5edNxHLxhIy/cNJURjwBGMHsdwL8O70Lbug+ZNGZO0Y8VByPHMyQQ1jWLPwbciuUdOZ53Tu9TJMaXvcXEHS4v6V8XXvBv4O9zBtCrO2za73DgxhXG2/9yPK8yXYLm7V9Me6WqKSmXIkRRGMtOPSHnPCEtRrB1Dokkaz9tdJhcsAYQQVIv1kBcqdWiB2IwaPUBrxyo82pRIzjb4P/tAtGY9r3DK9Riz36qgLhQTw3kmguK1ZIae8/F0hZY8Xg2AsL3kJQATZW8psnzIsY4H8EdBDUtcJVtqKhUP88L6suakHl+ipD5teISks/fAI2z/vH91vSZ8d+iodaSr8qRiEIUgoKpA0IwN8QT08SYSPjJB/9qGt2+BO0OfYljD01Ty/jo9D25f4pXMoseyr4LTmLDdsv56PSBTP1tkeD2zehI6EpV9XLmnTGE+357GiNqd4aa1lTutDcbAhy+NwDrHA7wPm5MJ6pqZrF4YX824hVmdDkFfegBRteckJWpcsSTjBkBvPNnfrP9peiV13PyiPY01ixn0R8vJdnyutDeMX8e+CgbTt8cDnucEbo71489jb/+6F523qrY4hmxmKkb06BL3kG1oMJ2u/X0ytABxzBy8l1c9xbZGYlq9v7lcCRpA6y3B2Pe+h4v9XufrWbuQt3lm/LorZez/z9GwAMduet8fCGsZM2WzsmmXzA8WahRQuxsSPu7JRfvxsZtgXcXMoPwoSIci8Pc8lVqoEWFCWXegDZtgcXaJGCXC6Twjhu2Az6j9sF2fLxPo+/5eQ/wAruwO1VALe9NPZ9n1XvbOhUwMOCGoXRvAw1/e5rrzvoz6CWcveE7LOy1Hpun5VWL/vECzut9Cb/6cZ6ZQy7ktlGn8+uhG7Lo3sO5YgLo+Rfzq2EboBqIVSltET/hRYIGW5p5rIr1SmPxxGw+v/ZGcC6jjDLKKOObRY9f/5o5Z5/N5888g2ts/ErXmooK2g0eTPcLL/zyk/8fUCZWyyijDI+vW7HajFeddf95nLZSRdou/LCPJzcXfvwxWfhk7Ap5+POb73fN6tKe25/93SpUr5049J+/43v3n+hVr9f086Tm3BnsMjEsXS3hTkwk5BDgKQ7ZKUTMyJnwID2cp19pSoqWonr7A1nw2oHN9i7gtn4TOS17YbmZwfdvwkc/LlEoGkM+V0LIlGybvhzKiunDx/Hmqb1pu9ISCRIZcqu63ktTaPLGJeKX72b8UnjhwivLmi7sLaWZSvMPKQORKaaL9QK5ZTJXDJ7Mudt3Zsh1I+m62cAiMdymDxNfv4aJJTn3GnYNi4bN59atJ3KKFO8iR27F1m2AZW9x2zlgLjiPw7r79BU7XkavB67lsO59GH/d7vz+mMdXaN+m9WtaGyMpv+aPZEulGcn0UmIwNKOUEFDV2w9n3Et30mmrJ3xLZYRgOOGc53l+t+Fs9ea7zBqpTB5+rS93E3TmsNevKSpW5zxPp/1uAODyB1Z2fooqBp5+DZ+e3mz3B6/R7sjH4KCDOK1vJTUzn2E/3YrPgerdRnLJe7Xsd1xQc/MpL1/Zny43AFSy4/4HMOrh2/kDgfDzPRqWp+PbBxidqsFDGyx8fXjTMsyZQee7fDPMuu9OFu46nIFUM+LFa+gV+r/XsCu4e6MaBm5XElG7+0AWvT6QpX+/mz6jHk9bvTgeS4iBpuO5yaJgvmw+rXx8NNvSdJwUIc22gRS1CRIJLlgAoHjFb4VXdLrEBXlb8BLNWE4N/wt3FOeFmc4hJkSZcj4wlgDOhWX/gWj1SoGWiA1LfhMNalhFbUqgSiB8w/1Kl/Y79deF8Z8FtaFkKyXHnSeIkmABkOWrqbJVveWAq/eBq9SiphJXWU1k1Ct7rS9nuqpfpOmTRxWMNELtvJK2Tvuv+e/Cf4f65Y7YJkStPPnkxK948B8pfJ1deC4ICb/v3id0fYTRCHHncdj7w1hn9n1M2f58XINgXA7j/PhQDmXYorFs1A6W3LgDvzmOrF2zNeF4Yit2F3Bj1QWonMXI2n1Yh7ksWdAaXn2IRX2H0OqBh+CILfn4JtjyCNDfzmDW5sD3+7MRjoQCL++zN38TgTGTOelX21B7885cNybcb8xkxo6A16pvovqDE+l64ZMEW1Da7/NHfr4AmPVnLj77U3524b0c+O/9eC+0Q6oyVQBRkjTgEY5C+i+1JPpzttqxNcx+hfc79mfjQx/hqBkz/ZBVS9xM9RkHsrJFz6588qeH6TbzRK/Y3f9yCj2/RzuA/Waz1+yePHAHSATO+PmZBa8inY1+TqmzWHEkmtG2oI741NH8c9vbWOfWKd6CoIQojdUiNtDHPXZlfA/g/elc26cPk4CGRR+SlIjQnUtIjLDueq1g2QdU3XgVk7oDS1/j6Z9bvn+z93Llvb9yjZ7NuW9vxbK7D+SKM4SBf/wje36/FSx9naeOuJ9EDHrmeM5F4ahzGAws++gBEvX9Zic8zdzdDqffn0ZT+Hc7oJalbwdP1bNP4bRfpJU0zURD6RgL5dYwy7Q46hSLiBLlDM5QRhlllFFGGauFqs02Y4t77vn/LsbXgjKxWkYZZXhoSRjor2Nbyn4ue4s/nbuS+wHQifXaAMznHxOVrj8EaMmAU65i3ikrK3hTTYzfumJaP+HgnS5vep/zJjLvx52B+YHYBHQkhwSF69LF6/L0K1c1JUnb9GbCK1ex4sr0+dzWf2IJSVySFjj+mslM2K6KpX+/i82PeyKUY2QgYQOTQraIFjn3eWb88MASIrjZ8dJt+qaTtWPT9CUHpqRqHTMuHecVvwrI7tx+z5aIuGzV3wrXp/nTNB14suz+WTpcn+YnKylPqWJVEEzKawnNCC+49rhxXJulb4IR4/j3qX1ou+wtzt9pMlfr7tw+3bfTrPuPZ5dzgaipzYPZtJq2wNK3Xufa6EieG9rZt8U1k7k2MrD/DLZ7ZQC9th/O9AueZJeJpeVoWh5KXh4lkiyw0wrnT9yEXnNncP7i/kzYrgoRIZfbg9ufK+nTuTPY4rgnyeUC0XfEOP59Sldeu2wcB98EyJMcMujJkK/hkoNKx9VInp45gF4rpIVczrMWp+9/PKfr7tw+fW+4OvR72n7UMSPcx448lbcOqGXjIx719RL47T5dqV7+PhPG/xVj/sqE9U/miEXz+MFxfYtk8bx5nO7+ihnpuOXGHeHOW7k28eRFcVmo+oBMaZv1Hs+47auAkv5ayfyIRgQNroRo7tTwp50m0vOeqzm0O8y6fxyHTKTZuCpuTSkfmo3HkvnSZDy7L5w/K6RXNQ9Lt6v9PMSThzYBNRkx6M8JpKkDrCIRaJyxGlk+kko1gyJTnfP+h84vhRYR1DWCRPjl0T54lah6b1aXoBgflKr0sVlKsoTLsGErZI9cCWVsErym+fO8eZOjPmhVyWO7VAhsXD2ivlw23wYiQ76F9R6msQ+OJhZKKewsgBRgtYDJtfAfK9I7S0qxN+/vr7BtBokriV1M4iymNdgobQevrE2f2qKCIbUIcKgmGAWO2pAqACcUGtSvXA/kocjhHLhwLBstvJ/L1rsAkUAFBqUzqnxv43WBZSx/w5KI8L1HnmDwzgQb"
[DEBUG] 2019-07-12 19:39:03,242 method:org.apache.http.impl.conn.Wire.wire(Wire.java:86)
http-outgoing-2 << "gE9ZTjdaZV2aUpkeTm7jzyfC3v88CfwQoyA29I6GlnIU0rpe+TMuu9IrcE2X21Aj1E+9kfMP25hPHjyE3x29gMh64vziqzzR/YMfAdX96TsQqNHQNo5Y0iGW+qQqTpUfPbM36/I+3M77HAAAIABJREFUrww8hQfdaYxetAWs148WQItDH+PsVNFbQwiSBfA+/1z/EdrPOpFubaHx7xO55ripgPLbWXdz3Ck7seH4Gex0W3/+4sBphOIQUba9YgkD+8O8K9tzzx14v1yXkJAQ6/4cffLWtADY8WCOHHU3fxg83BPbAsJvmNz1N+l3B5BAIL/7BKfvNoXKE3/FOadvBMzjX4feSWwOyAhmZxPcqAvZsgcwZwFTdz+TKMyhAx+/j+03CfXs0Zv9e0FLavnorSEc/fJP6NkWYB4vbXsOTwOo/3CCAL3a0RJYqpaC+vo4vY8lnx9Otw17s/32PtueY85m0A3n8XQ6dxSyqHRims5bCbrx4veRdARB5MjlDBpZYi0aM5RRRhlllFHGdxVlYrWMMsrwKFXzNH+5/h+nl771L65ufr8UG6zL+gBzZnOauhA9t44Zl47l4JuLp11y7x84tDusqGRtrkxyMHEi87aezUbDbmBF+OsvubdUbfovdul7qX+ROO98T8LOmc75n2wbSKA72HzU401fuNPAKHTm0Feu5lCaou12BzLvleaK1ZLyZ3V4lL+8tTcDtqtaxXFWM70HXddNd9TwwU22hNB5lIOHPhrSe3D7cwd50m/ZW5x/Nfzs1D6ZynXp3+9g82Mfz/I//topTMjK5jHr/lHsck6aOpKnXxlEr3Dtwx0O4tDuIZ+PV1LvtH0J9x90KVevrD6lUFvS3iV5NcMPt/ZE6mvPOm6fPoBepeNIAa5nl36Op2cOotePr+ZpRnnCb7Xu3+x4mj53AhsBx1/bP+zYkqdf6QP3jWIjCXVdd12OV8vV6fU9q2lLFQP2P5xL9h8UxjUwZ7ofs9nLbjC8ZGXpknGvcMm9gcg9dSKX3DyhqeWGWtAjeW58L+/xeJPS4ciHyeXgtFEXcKoDjSAv8PtTn2eP+3ZjEMAHM7lJ+nFEl748ccKD7Pq7FzhsxAte3JSSUJk5oZasz275f+ydeZgVxfX3P9V3ZtgXFSEoIiijEdwwP3FBI65J0CjGhMWAuCAY15gImghuuAWSuKKCiAEMoMYAJhqNC+57VFAwCgYVkAAuMMPAzL3ddd4/qqq7+s4dQAT1jf19Hq17ums5daqqh/72qVP0PCF2PafdDkeCGM/SLm3MXFqx7JEimxb306H+ehj714mWdN3A+H3TZAAJzbZaE3TUnBMVGU/55LhtMYc12UKi3SFkYk9sciSsRxxirhveyrKlljgysOeLhy5IqccfOrM7HhaTBcGQqx7hKH6/vP5J8TUhjqUqWtDaqqWK2hRNEK0D0URlzaGsnPLyEBVZEigyeiXRXA3j4zxjNQL5dQQ593wyisYhG/xYzJszXh4KFBARwlpNAOSaKKQsMgckefkCcYesi5m6v3+Yi/s69qyaDydeTiEyPreG9FagpjKt3RS73VpAmRiuMuF+fnOK54r+7oP8+WbgvFvZk0lc0wx+/vEFNJ99Dp8f8BJtY4JXgE7sPQhY8xorRafifEa338MlA9MBzhsPfJbfDjS/P7mnJ6/v/CjHHNq8nh3a/HgGV6xK5Npnx3H98TNM3Wte5/W3dmO/vawJuxzLSOdMfPA59iPlB8gfprJfl7X857LBPBBqFL/jpjYgv7iBkaO7Uz39cG46vx+nLzqLXbBxSsf/mtHjQ9RZIzhjVTV1/76JW8+8LQ7HwOQ+jNv1JX61D+hRQuF6QQdiicJf07GyNax9kvdnmAOujCmEiIjwzANoz5s81GEEz/xhIr+77CGuvYwGUMOiq6bH1LXWEWvzy6iu3pOqf57LvYFCRclCKJQL4T1X8OTRU/neh38gCg1ZK7+7jR67woq//JjrR5zI2W+eTo+fAu8/xjh25OxVNcD7zN5vFHNMDxnw6GwO3NVT5f3HueaSCE67it/9di+aACx9kRHfv4PalVXGQ/y0Kxnzzv0c7+n/3vWncPNkkgVt2H0Q76+N+zhu52RZDnRgDhXLDq/KkCFDhgwZMmI1Q4YMMXTsLOUIuC0tG6zjracfafB+u+92pCWwcO7dKH6wQf2AIoINLLvjyV2Yc0J7oBX3DrzbeASmsmsYNJxjU1unJW5v6A7FxyCl7xf313jBXspwMe8mQ++81ZKx99LtzEdt/tMMmefaL7LX+Kc/5IL99zDkpte/L2Zv/2WnPQPm3kzH359rPSL9/F6+Ft9l1EXpnrbcvy9zrnyEwy8DNXA4FxSRqgCVJ9zMvQvPpf89HqkC8N3jGOB53qYdvzSK03gyJlXfYfShY+kycxJL3VhUv8PoQ8YyPtUfN76SqivuT3y9Fe3amF9tTzqOyhbreL5k/+/m8H0/5t5n+9Fz78Egd2+CPXWJ+w3N97kcvu8Y806qnuH5I/rRs8V3GTV3YpH383JmnHg3w+Vuhl91TUI2p8Y/fbBRKdm1P7zPs+w/91C60J4BMwcz/IG0/mNn2fnHcv7c/34oq6AQKbTbAo6ggoOZ9Y+jOLQ5sHYxowbP5lbRHPDUfux2zEiekCv5/g1Co0bKxPUMEgLQEIJOv1oWLtZUdjZzp2Wb9pjx/wEd2wCsY+UiXTR+xePtRM0wu6YWzT6dXh7hEdtjKz2/tvzz0JDh3s5uc1p8TiGhRgXKHFoVgIQJgagCe+iTXQYKsCdZWaLVNGJCFHinOxGhVA7RBUPaSmiUsVvz8bbkk7Mp5noqZq3L54hN8baoeyEBEradeDo4z9JYR0mCBwQSEkgtOqhAco0py2lUDuOGnjfEpIq7Z8rHETQEkAgp1JArb4EKcpZkU5hDu4LU+ti88UqQVyGKHDoqI1ofUQgjyporpEyhrQdjDojEkqIiKAK44HiuPVsR1QJhAFqZGLPW21hcbFlLiVofVqPCsJO4aiikY14quOUXjLvFmH/Kd+4xFlf7IwQIVxuFz7o6Donh+jNrvwOYaWt/9hf+eHkhNHDDdwzPKAi02VJfVyY0/u7ORGvXEy1ZRU4gEPuFRQlPH380T+cgKFPMDEBbb/HUvBAFEoAo7j8XRAIb6cKu9zt+yeW3u9kxnfFdZiScn5jacuOvZsqfP6ei8RpjR0Pfmzl12cFcJwJlClVh2jbE6h40aw6fPnQ0L0SQzGUI0UR3DWPk+JZAgPzqdH79K88OcWwg5YoYacL91l6CvvOPXHXnH2m1zTbo3Fok+gu37Hk/hTIIGlfQrHE5/+j7Ux4XMx4FgOHDOH+EizX8ADfv80A8D5RS3DTxxmQ8bP/vOeY4ptpQH+LWlFLIpEv59SRNVBHQsstOFELjWY0EyKRL+dXdboIrv+sk/squYyrxWLVxzYNAyJUpIiLzeFd664fnz5AhQ4YMGf4/QEasZsiQwUAi+49zJ7Nl5RQxFZW4n0Zln6sZc/kzaf2kVP60B1vL/fux9M1+3v33mPFqK0bt35SeJw2GKZM8okFAIpi6khUX7eHFIpXYHs6jLv32ICXs5TyV2jPgzUklPFb7sSSll9e+++nqS+mT9O+L2f9h+j1xKEv77GAvNKXnRZNYehEsnDWYwy/zXsY8LJw12Hr9nc6ceYdRCVQecRHDRv2O8QgsfpoOfSbZN7HTmTP3MCppyl7fPwaZ+g98IrBlC3h+7ODEQ/Qq7xRHiRgz05F7HzO95/WGQD1hMMNPuZgFF3WlZco+RWPm6y3+fEryie13JU/TYe9JDLvrdpZe1NT04YRJyJXXGfssfpoOPQeDgrGzJiceoyWR2LEeqhcwuufvGA+MP+MXpj8+j8DD9Ov5sM9flE7jPvje1+3p/+Yk+seNFcsa8T1pZSK9Zu3K0iNXM7rPRBh4MQkihp8wg47PHw93XMJFtY3QFdtBUIbzAJT+p7H4gl3s9v9anpl0F+NCBeqvHHhraxafuwu7/eBy/rvHv9j+jFk0KhfKylV8ij0IEib7vVc+8CArD/s+bfffgco2zmPXhf1YzUdTIsvXeePs0iKP1fHLVjNq/6a03eEY"
[DEBUG] 2019-07-12 19:39:03,242 method:org.apache.http.impl.conn.Wire.wire(Wire.java:86)
http-outgoing-2 << "EGJydsXCiE1fH1+zDBCFEBWIiSyNOYRKlHmeFAxJZc55M0SUQgwfqi0Bqx0F5xEjtiFx9UiEO2RKRJt8IkhUQOWCNIGKOXwJLYZE8mKh+oeCOc/ZONaz2PyuXYzs3zcxVu0QxwRt8oFHyToEIco1RZUJKgjNEsgbfeLIDXaeaKt3Eta3AGGtJVIbga4FAaXKMHEkv8T8KEIeTNgLDUpyaBEK1SG5pgFSYbb9h4jjGVGijOdtXiF1YsbWxVBwZHTsXawQJamlkJDRib+uiEIb3jhpw+Yw9KLGxTARR4DbvP4q84l9iUfEySqVOifpUEOkIwpRRKQjtKGNQRQaDYE5bC3KmbZNH1yQBOxcBrRGIoXWJoyH48KL9UzpZK8HShBq0cE6QimA5GwPJC4iiI3dG6BVZNfJmYw7YGhMzif1ChEhIXVEEqK8COSxDfwikhCdCARuBUagA/hszee03LY1a1dXEUYRKldGo0aNqFq9BhWajxwRQiRuDP0YxUnFbj2peNwTOyil47FxA2h00kQihDoiHxYoaBfTI85AHEDeLUX/I7WNR62Vfa5IRFBmPuqE4g5rw3hol/jwkCFDhgwZMnzbkBGrGTJksHAeY/jvJVtUNljNR1N0g/dXPDGbt44cQM8WO3DsxPa8BUBTeg6fzNLUfuZEb7981SvT6TrkYYZNHM8oG9Nx/Bmv0n/eYVR23p97B02kX73yH7Pylaf51/aH0b8z9s1Fo+htSRuoWvWx90Ll7vv6T+SIfSam+D7jsWr0qHplOt3OfBgZ+BsWDO9KS2DRrIvNFu0N2ktvvv0vv5jROyR2cKjsM5ml+zzNTn0m4p8WT/UCZlzmXq4mMuPV/c22/xat6YJGTb2OrlO8/jGR1xYfRmVnaLl9e/+12WDxq/Sbmva4dWj709vpaQnMhdYOpfrfZeLtLPX1b9GVUXMnp7w9K/tMZmkfDEH6F3d1NTOegFF9doDOlYxFsyhlBY0qIQ8/YVC8bT7xjAIGuXFbx/Njh9FvatF9lx9AenPv8wMaODCtFD5m+t4XM4Kiobd6OZ2U6s2M51y9HzNjn4u5qHi+TSwe7x2K7NWUnhdNTojh4ZNZbju85l8P0fns5zhn3OWM/l5j3vv7b/jbXtcxcOfGfP/8q/ns/CLVPnyNbed35LPHRvPew7/hsBug3GODVOS/qP+D/kMeYsysqVR27sQRgzQTKisNsb54IcP99WTLJz+Teir7TGbOKwuoYgfr+UpMzi5xc20rPb+2+PNQR4iOUKiY40gRp0qZAJgQE6yeUQxhZFewEhtf1VYulqESicw8Nw52Rgd76jlRAYKyRCdNsu3fhW71HPR828a/7X9pisrLZ4lVsaENlAiJj519Yojpd6Br0UFTCAICicgpZQ7VilS8zhzB7Bp1HvdhpMnpWkx4hYBco22I1i9HBQG5RtsZ4so9n77U3y+DvAQEds4qUUgUEJGjbl1ImQAVZqu0gCWqFUFe0Os1KswR6JznGCjWUzExnpPFxt8F93wxfpeiQCtzUJkogVCRI2c8gFXiU6/EWU3Hno7OszL1RccTU16ZomNZUORE0EoRIkSiCXWByHoCB8qQqioAVW70E60tSRrgqH83fkoHaG2IeyWKyD/qSkyHEz3BZ/BEaQLRlOXWo4M8hVI7VxyHSA7CwBD9lqCMDwt03bdjHOoCocoTSQHEBtb2CFhxszBlR3NDuXmpFFFkRuqz1Z9T0aQxYV1E00blrF29BneaVUSIxpDoSieHQqaHQ3l/V8xVpbxHgb9AXT6bN9JCGIUUopAw/hiZHLIXl1WY9amSQOKJR7RGEIKcuR1iSFUirB5eqI0MGTJkyJDhW4yMWM2QIYOB74GZvLduOTn+J39rOg6KYErxfYe/8eQ7J9CzR1NatrGsJut4fswrtB3Ri0qWMX3v4QwXGHbXRPpTfNKzhtQ1ASZYArApPX96BsxNyB9zAMTf6HcGjH3wsKQOiRDaW9IGVnz8N9jhhKL7tvpTLmXB8G6ex2t9tOwxgCVz036sXfpMZek+T9HhhAlpe53SxsSZhaQvm2n/8WcMYbyCsbOnpT0xO+/PjIHj6TfFeyH9ZKWJfeteOJO3NNvfY7n3+Z83QBiK9QhLWIiqVUutfZ0+7l5TKmNdlvHaZcUezMn4LDpjCB08/ate+TNdhzwEciz3vmB0WTjrZA4fZfs98NJE58veY2GfHahkB/7vqohF9fojRfKG7OmzK1GD9rZMSpxz4ayTTfzZIh4jPW+K2i/Sy+UfOvGE1KFm35s1lTlzk/r98U7aSeyUwuJk3rn6w7IW3DxzPAM7reSeHqO4QIEwnAsAGTCMxb/swoq/D+egq807uQoM57DdtT/jxeeuY3m3V/jOQ1b3ZrvS99x3WBk3aDwnF61aB52bstdhP2TM9sabeuHc8Z79JM5v0IkL5k2N15ax51DmzOtKyzZtGDYQs1aqP2eh80jcGs+vrSAjoTlASgBlCZQwIYdTU84SrTo0XmPObU/ijM6zTRnbORLGLWTbuNlybvOEkXFiSxwlsWcYJXyNc3RzVWoM3+ScIX09XTMkskNCmpuGDJFj+mFixhYQAnRQRk5FqECQSCGhiVMKtv+SGFAEIq0JAoXSJgyA824ua9oBXbsSVEBZk3bEOwo2d7yKEGJ8QpVy4xCYMLYFRagjcpGCRvbQKQ2SB+oEQkWgAaKkKXfwXdyci49rx8mpIGZLvagIHUSUNS4jqAAdKQo1BXKRJXmx80IlBGLqseKGp/hUotQ4qmTMrCwY72CtIQwUoTaknXaUqAjkzEnxZnzEeN7G0W4S5k80SBQZUjU2sEoZPW1/j1TFGFWpArmyOgpEKC0kUWPF1iZmXCSAIAeBITERCEg8f+NGxMRvjchTkAh/N0nKRLGntfVQdXaLQ2UYUjIKNVqHhGXQcpuWrP1sDbpQMJ7X8bZ+ZeNSq/T4xJe86yrJl3DMxbaziTIe3WEUUghDIh05bV0G4nUUm0HH1+JuKkOUm3jL5vnhf6lxBGyGDBkyZMjwbUew8SwZMmT4dkDbmHRbK3VoSrvKDd3XTPj4c/OzTWvaAuYf+nfwr8UArek4UMPosYzq0ZTKPndy70A/5qYkB1h48vD751MF0Hl/7t0BD54e8TXDIKirrEcdy3htVLrOVLkpo+m6V3922qs/HYrS6YtNiapX7im6P4dFwEK2t/r79tjy4zL8eNPu6Fdqisah+G0uKVe5ve/52DsmVateuade/3y717NjPfvCwlfseLAjA2afueH+D7w0joG74uO/FY2v8USrP48AuYPXFif1uP5UrVpKyfHepPkr9gV0Q/lTjJi9fiZPzZvG0rem8dRVGxnnUnrZ+U51TWy3ys5Q2WcaCyb2blCfsQ9a8jm2dw2LFtdA5171ypWHVVzU53Ta7H8tF8hJvPjyWF4aaQiGcw/ZkVbAbocN5RyJUFHITX8ey6ePDuUcPYNDDrmQHQbPQDq1iEnQLkcdx8HNXFcilGjGP7WYKqDlHn3MmFbPZ8aoBuwMwGJuSs0zjZKlrKzGeFLv1tq098lKJmzV59eWT00IixBFhCJEQnOYlSJCBRqlbJ4oNKkOUYEtIyHEeQ2VZmLMFmzeyOSxdne/kQIiBSSqQyQPOorbUGGEqAjz4SA094hQoWnbuKlFKG3vi72vElmJ0cnoaOoWHSE6NJ6yOumzn4IgQbn1ArVlCxFKh/aDjdMrQqSAjgpoHaLDEIlCROdB19r1o8mVN6Oi1W5UtNyNoKLlFhivNAqEFBDqEOqUkFchoYqIRIgKAXXroLBOEdXmCNcH5NdDGCoiCSgoTZ0KKaiIvIooqMjWF9n/hIKYUAJ5ez2PJq80eRWSz0XoJoqoSUS+Io8u16YOpU1ZhAKaMK5PW1nb3/a+eNclSQt+PpfH6pPkj0wZbdKCREQ5ISrTFFRo9TaHG0Vi6xFNQYR8pMmHEQUthJ5eoTg76JR+rv6kH6ZfUVBAcnkKWpPXUJDIpoqCaPIi5DXko4B8IaCgAwqRoqCVyaeFQgQFrShoKIjxyAxVRCih+S2R95/2/oso2GuRveZ0jNAUdITG3FMKampqkECRJ6JOafLY+nRk"
[DEBUG] 2019-07-12 19:39:03,242 method:org.apache.http.impl.conn.Wire.wire(Wire.java:86)
http-outgoing-2 << "y0ep/wpxe951bepNldPJ/aioDlMmpBAViCSioMMkv19O2/q09vpprKyDCAlCQjHhBAraltUhYRSaNnXxx+0MGTJkyJDh24eMWM2QIYNB6sW1+EV2S8hJU2136F3/vqdHzEt98rnn8RYxfO4yoBl79RrJnD47AlD1ygP0m+L/w16n68N6Uk75F29V1/D8mFPptyzd70TfpA6kNzOONG2w+F2G17tfpP+gkcx/awYL7urN0LvuYulbM5h/V2+G3/+2IZJ6HM7YOP9Q5rx1OF0A3rzC6O/VN7RXp8T7dbPt3ZsZL9zFvYOK7qcQkYqr1rlHkn/QSHrHp9O/y3DZgXax16Pt/6CR3qFf1mNI/OACugH7Asuu4CZH8nY+nDlXefqnXKcixvzMeQMv47WRrr5E73T/fPLbtVnDyvd6s5NzgI7Hz9N9Y/ZMEdAbs79n03h+bG8/Eizj1ZEuv6TyJeXTeslVf2Bpnx2h+m1GH/QyK2w9M/Z6koVAyx4DWfrg0Hr6DL3rLuOlvPhJDn8qaWvF/acyfbEpN+cqX/+QsrCairpPuOn+A9kN2G2vn6F0yLiz3uQ9gBYdOLp/iJK+9OgEtKjkonHfBx1SWB/yx27tgPU8e/N5tDt0Fs+vLerflCt4aDHQohktgap3/mW8pIvHL7ahpMdKIkRm89EnRuy4Q2sAFr5524bH75soW49VJEIK1nvVhgeQQgGJCoAlFm0+wjAmOZVEoCOTT0J7KFWE6IIhLNGmzphUDa3noyV2owiJQlNWmf+IQoQQsNe1lXVI4mGb3DNxYu09sfd0IqMtCWz18+8r77eIRqmIIAgJsIRqZP5z5XVUMH20RK0OjX2isICEtTF57J7/ZY3bkWvcBuse+eXGqwgx2WnJxjwReSzZCISRom69ULdeU1erCSNFqK/h4nA+N7x9Fflf3s11hXe47rFTKUz8GzcW3uGSiZYIFUPQ5cWRqpEl5CLyucGct+xdbv7k39yw9N9cPEazvjY0JOH42dxcN4/fPTrIEItaU5gwm1vWz2PMI4PIS0KCFsToPOCNedxaM5Pz/vEct9bMZdy6uYyrmcttNW8ybu0b3PbGZZZcTfQqiCYa91dufvVB7vjXHziSkCiniXKG9DTtDOKCd+dy+4p53L5iLneseJM7VrzBHStfZ/wnrzPh8zeY8OHtHGkJV0cmuvpDq2MYE7IJwZq3+oRBHaGKKGhNQVsSVYv9rchrRSES8iGsj3LkI0OshpFQpzH3NZZchbyOyEtISGhJ4zDVdkI6FpGeRWRlXoeGXJWQoCKgkM9TVbWGvEREZYHRXVvyVkJDUuqoXn0FHSZ5JEyRpaGOPJIziuWCq1eHhFoTRgXjtSqGmA1jMtZvN0zIVG1JVAnRKiIitISs+S/Sth6tDREbauryhXrrI0OGDBkyZPi2IQsFkCFDBgOPDCre+bxFZI9EarlHd4bJbCZ49x0qT7yfpQDVbzH6x69zxIt7JvqNPJ/p+zzAgB57GlLmlcl0Pf3Bop2a1nOrSBaZTf+DZpsddqOLPE+L9AWB0UfG26cXvTkuzashIMcx48XBtH38JI4YBUN7dTbk3x7dqXzHyzflch7+2QN8783zGS5nM+ft3fnXnhcw45UDGNWjGZX7noXiNq/94zlij2ZeW/X12zRZgGb0HHE/S0dQH9VvMX1kscdqqfw1PH//OJDjWVENXVpAyx6nsPTtU4AaqqqBFs4mDXisOv2KPDknnP4XjnhxMD1bQOWJf2LGwlPoNyXeBBqXH/Hjkxg++iYW7PhEEovTqys+DT4uA7TYk1Fv3Q/Aopmn0E+uYEEL05+3npptsqX2MG9s/qd1Z4P2n02/A2f7hy4n84MdGfD2DdDtAkZQuv1hO7ZOro++gaUn7giLn2CnH9+GcLY9GE1AxnH4nuNQp1zB/BFHMP+uJfF6GDppCqN6NIvLMeiKlP7Dj5tMx5cG0/PE+3mKk+g1Mrmb0+u5+L63+fGIPWnVaV9mDpzKSdOn8tqHB7Hbdh8x568h543fl90Aqt/lD0P/icZsCf1l37P5JaRjWiJIECCWOF20qgY6mznessdJ3HvKbPpNTo9f5YmnGG/xajMHfN2T+dWavfZohiHOkzHZKs+vrSFrQyCSC+LrZie/fVpqQAlBTqELbguv2wfsDqdyh0npeCeyiueT28OfVsDdl0KeoEKBdruMbQWO3xZltli73cFRsk0YzH38+yp9Pz5kB4h3EGu7BTsVqsCkCkUQEPPoQWB0dYf6gOmnCGh3YpUIWjRl0Trch5TYvirp75cdr2IUUh9uXIfdD53I8WFumqOfOJrvAMtf+g0RU+K1UTjjhwyVR5hw6ruMopLLhgATH+HOwbuWaBmWz9iVMy+EgBzhejEhBnSOo3feHqjiw4fuoiBmPZ56wC5ANR8+NInQmf28P3HrmAMw/vvVvDPiOOYd+zLfpZp3Lj6QMbcIwqlcvHwEe1jiWO54kMmDdqmvTMv96L/mLe8QvWreuewArr/DHJ3FmpeZ0eUMHtGO31bAqVyy5Nd0BbToRK94/voxTOMRiVNzsFeesrJas2Uf83dHyIFoe+hVEM+3MAqIUIgOTBxUpYkUKCUoLSiCZPu8ROhACEXbfzf4Y6uKDmqKFTbRX2yoClEmcEJQVkaUU9Stq0VECNeto0nTJkShIS9dCIR49sfz3JtSQhJj1W33Lw4DIL513IrSRAJhFBLaA8ZU8d887/AqV5cA5CJU4EIxmBiriNvyL0CAOcgOdKhT32YzZMiQIUOGbysyYjVDhgwWUfxiWMxRbTHZocVe9L86YsLI+vcXzuzD4fa64gSOiO/8gjlvH0XbV+axsPPeVLKUh0+bWa98yx6DWfL2YO+KJB5HpfSRqL5+dGcSJb1aAAAgAElEQVTOiR3Mz+p5TB9Z7LGUvElUnjiFGe+9SNsehiha+PgoFu74Z6PL9juCRFx0XB/Tn6t3p5IOVL54OaNve5+qHnvTsvOBzBh0C/2mWMWuPrIoHmZU9HK3qfaeyZPv/JSePXyS1qDqlbvpetps+yrlvRVVz2P6O7syIC6zlOndzrWHOc2k/23dmX/x3rE37aKZP+fVfWcxICZWDSOT2FM3YF/TL2Qm/W7rzoKL96Ylzeg54ibGTj4XfraXaaPFXox6+ya6dDuX4SPPpVuqmzPpf+DMenx3bKzqeYw+8DLGA3AC975k66x+nycnF4+nJUk2aE+fUGpgPjUkX32rITljdGDA/AcYwFKmd+uTHJYlgJ+385EsbTOP0d3OZTzu1fcWenW7xeR3zUweRdfJiTzm77Osp+rjdDju1rQysf7GfmP+PosBJz7Agh3vpttps+OcavKrvP2LPenZQkNUi+RzXPCTYZwvglKn8Px+TYB1PDvhD9wWTyGFO8pblBCoQkIGRnnCxo04e9ydjOrRjKpX7uYm+jKqRzLuI7zxWzizD0eMTLQeGytv1sPw4/owghOY8dJp9ORzPvK81rfa82uLy4Hx+tSBiWFov3O4U9QBs4Q0hsB0sVUh5prEniiPeCQQ9tAquw1ZtK1YKctwmnESiYy3KaYNpe34aUy8Va2SDwraEV1JJ8zhNoksWNkjWt39ANO0z6C5GJUuDZSNqWq7m0J8CJY2Bx45tbQLqVAXW3ar//0CCnxRNmkIe+7bEla/yDNDNIVfJo0U0DDkB5w2xGvrjB9w6pCESNR3PcrUQV34ePou/PaXoHRAVBsiBYXSZ3DJykvoar/H7DHm30wa8z5PD1/F93YHaMEeY97hrjEA7/NU42MZdjMMmftvDms3nzdu0XCs0UUkogAglhgVzMFQAlDN/It7cPWtEAZC013aE9bUoNdUEyBu6cejIACtDqD/qrc94tXDGnMAVsF/NGHmkUEcxJP0H0GNUrVIUEdB8pgDlMR6P7sDu7QtrshHhiQMQqudAm2+/JjW3Boy3UaLJpIQdC45uEt5zcewRKck8WDdwVIqB40aV1CztsZMfAGlNTU1NTRp2pT8ugiJophaNYljUMULmZqQqS7EjIvJTJHdFMrEbhVLrGrM9v0oRNtdHkk827iQ1x3xPkaYhsx6tpp4sVRFQEfm4LEG/sBnyJAh"
[DEBUG] 2019-07-12 19:39:03,242 method:org.apache.http.impl.conn.Wire.wire(Wire.java:86)
http-outgoing-2 << "Q4YM3ypkxGqGDBkMRMcvxKkzLbaUXPSv78oT/8yM9wbQb3Kxo5Pn4ag62MOjmtHz4qMAqJLXOKLbCp6cfzT958/iezOP54iRSfmqlyfR7fRZDJ00nVEHNLMv8Dqlz7AdtzGZF7/DcNHp9zagZQ9HHtbw/G0jjWdtSn0B2clsja9+nyf5iC4v11DZ9X1mXKqZoF6g//yjqex8FEvnH1Vk6CXMOHAk4wUq+z7I994cQH9Hqg6+mgWO0I3h2+OL2X/CaQMY78l+Gr9UpV11WXTqAHYqkV8EmDLSEHip68czIlXvzRzR7eZUO3H5kWfT4dIiPSaPpNsUr76rx7G0Myy04zrmbw8yYP4s0sd+NYDFj9HhvrTtEPj9Q6fFZPXCx/3x9F7WNzb/qV/vxuw/9E/TPUJ1CTO6ncNF9v6Yvz3IgF062L4tYXrXcxihYNgO24CTB1/N/Iv3ZtT8WYzaxP6PXnkwAzz7bUz/4ccez6I/TWdUj9OYf7fQ9dSdeGrB0SZMBQDNOPTXk1j161INNuXQX0+w95bz5/0u5UKtyUkdQVhHwLqEIpECN9z3gDmA7NXJdD1tJoqZMGk6ow7owICXrmLRgSMZXzQf8OcrwD63sHT+TkV6WDtWz2P0ASOZsDWeX1tDtlv8VS6H2EOpRPse3yCRN3KOHwWTzyNa43NtxJW3hKU2nndYbz7BxfYV63CZ8zxWib+zKCH1zcUnYZS2zQYx5+IYsYTsF+NparxF056pSPIAUNYwgbLX7aFWORxhLDFh68ieQEEYuee2JicFExZhK45XMfJojxj2iK2G5Ik/Y4/WsO4p4dDwffq5inr9hrvD33g1VzH/okdo/fu+7Fi/WXYY8B/+lHoYLuKpivvN8lj9Ive0HQSPvc7Aw6DLkANpyvvMafxDxgPD5i7k8N1BJjzE1FOcN+yBnLz+FZa9K0BLuo75N/eM8ar/r/HeFDvAwmjG1vyU4r9SDjXPXc9pJ0xCmMSVu9wNWhlC3XmGeoZNiHprYLHLXPmEO5awdXY187ksiEyUW60xpyt5nuze/NISUBvmzL8DRMUTXXTy7xLDJ9r6JUJToECd/RMRxLoRe9A6uAersl2wci5HReNyqqurUJG2OQW0IT2r1mkqGlWQX1+gHj9v6xMpmnhu3afY0OTBGM83MV61Co0W67GqQ7QOUeYEKpy3qYpTsfaVxCvVfsgR0fEHHaUCa7vIhEoWLFFbYoFkyJAhQ4YM3zJkxGqGDBkMUnEMSTMxW1oGDFn6IHN2O5YjLvWvR0n+a75rD4+q4fnr+9J/SvJ+f/geN/L7hx6i/4nTmfFeX/qd2tcQKvb++CJ57N8fYkBqJ+MSZhx7Y1o/q2PVy3fRddkxLNjxn/SbHDnHFiac+jz9FxxDZY/TWbrA5l3wKhMm/xX50wOGYASU3Mjhe9yY2grub+lz9Q0/9thEvvoOlvykmDAqsseWsn9KLr6xtdvbsDx2n52oevkuDv9thFIw/LhjGUF9+zUkM/japFI7p4cfeywL776PC5jB4Zcm45m0n+RtWD//QtSg/sPuvs8Q+hZVL99Ft9P+Suo92Y69mS8X8NSCYxiwYDodf9eXfqf1ZYLrz+TfxJ6om9p/4cakvPL1a1j/Caf2jQl4gMO73liyfpPBekWhLKHh5rOxa4VYY4gYBg5wa70nNTz/u370nariA4HGn9aXCdfcwZIT92bU385l/HE3pe0/+FrmX7yP9Taey4zjfpvqX0l7fI3z9wvJWpmYpY4ccR6dgUIK1m3U91DVWPLUlbf5nbld361B0qSViYOolN1rb6e8ibGK9UjFkK0ugoCbP9prz3XFys6hzbe/aLFzScVTz3nWSnwCug1lgJCzTKbSyvvoY0MAOCJOWw9KFyZBDHGEjghk3Sas3y8pF6HgfYiJsQH5hlO72Kqe5Je5AfDL6dz9h4PhqRdY3etgWj91LacfdacZFwVy4wgzDhdO40+/O5jVCxexY2UXlj37Aq0PPZhm797LT/e6xDZ0JpfbXzpm6nZFWATvvs6tEqEsvc7qlXx05kB+8tY9TB17EM1Wv8jk7wxitqeupT1N6ghDZwq5hHNaLGT00t+w3ZyDOPvCaqi+jHGf9KUDVbz/yAQKouCWfzLz56VDGfhYcs9unPMLz14+pL4g7nCzslryhJbAB5HAzjmxnTBzSkeKQgHQQqBBcoBolFYEXn+RpP+RhNTJerQISgdFf7h9tdIKK6XQgaJReVPWrP0cFWkCHd+0y1IhUkCrEFUWUKjLk7NkqKlYJW24BRg/yD2iXvzriTbmI4QhViNtiNVCZGI3O1pYbDuO+EcEZcNuIGKeQ+5ZoMSGADEzyHmq4uxSf6AyZMiQIUOGbyVUbT7M/iJ+y+C25okIWmuiKCKKIrZp1WIjJTN8nfh8TTW5XI5cLkcQBPG2LKWK30Y2D7vufVxJz8Ys/V9PT+LeV4YYj87quYzucUns8ffN0C9Ls/R/NM0F0LQ5KijDeWQ6UsN4rloiUpE4VGvr6SdJmoJtQMR5VGK9Rl1+bbNpVBBQ1qJRTGAqkhTEEL+ewkqUiR+pLcGjvHIpGduuuS5iwwAoFW/jd9UChp8XCAJTInDXvf5pl2oxcSzjOLQR5awz+m3F8Vo09+8pM/dv3OkLVXBP+BHNgJqnRjPwqDth4pPMPLULS/80A07tzzZPXc2gI+808UMViNKc99ZSjtp9EY9vczi33TqHv/68C0sn78S5QwKY+ASzBncBqph30S0w8lL2bu1ruIjHKu6j3cpz4Zp9GHmTcN5bH3B0uxeY1G4gPPomp/eyQV3evY/H6MvRu5f6l8EiHmvyA24e/yh/O6Ut8y7Zh0uDacy49iCasZhHd/4R6vF/c0xlFfMu3Zvf3m49U295jL//vAtL7unMWb9QGDdKS+Qp4LZHeXhgF5bcsytDz8ZMAKWSRMwMImY87TpAE6iQRk1qUWX55LbLrcyXASEgEIWOyqhbX4bkIpq0XoeoWhNRVQe2Plcv9sNEgESNWVvVFB01xp3x62njVpSXYj5oBIryJo0Jo4gwXyDQXoiB2KvV/NYKGjVtgg4jdD608z2w6yhwC8CUV8q0rpLzhpP1VWQmrKkRdFmO5u23Ze2Kz6AQGY/V4vLKfgQJwHmu1iO4rR4illSVgCSTSf/50SulJs9Wx9SlVTy0ci2vr67l49qQ0D0P3UPGoVi2BLwqkUepdDZEED+uut9GqdSvC2Oh5mUBZYH7sOTaN89lV0x75XMKvtO4nO7bNeeYDtvSf9d2X9Q0GTJkyLBRmMdO8iwS0fbfWOaAQh1pttum5caq+Z9AVVXVl64j81jNkCGDQVHcyCz9tqRF+32zeZClWfrVpFogCq23mvHgFBHj6CvWN00LCOmXfRf8MnZfTSifuH4XS9VdjNsVKwvoCCKz6T5Vj9NDPNmm8eFTJPpJEZHomoqJRQzxpIX4caOsWkrhhRNw9SayOzhHfPJCS+wVqySP8cAu6v+WTotQcDaMbbrhdNFTz7Ntr55si/F2Pf9AQ4p++pawrW3IRAsV5IIZ3P/7QzB+71046vMluIAyHQYvYdZgqHnqanqXT7AKDuO6kcDqF5jYtj/8822G9AJ9Z1/2bt0SLv0zx9/0JG0tN6PlOn7QC2pWQ7PWwO59Ofjpq/nR3hPh/Gn8ZezBfDqlE0OH2tHw5p4EmsId/Tlx/O+469P+/ODDfwPw0bQ9GXG7Yw51HCNX0IQo5Lxp/PW6g+GZazjx2AlJfYSEkjZz7Oiu/GF1MVw1QQ4UOVRYTqQCtBICR/Bbd/WcgHLEqoCIIiiUkQvKCInQBKACBOstqjSBKBNnWCsizLljkjqgzJGknj3cOlSKsvIy8lGBfF0dgZ0e4pUVr7Ag1NSENG7ShIIKkUjbZ4D9oICXOlJWBcbPVBlvUeUIV3vfEa1uJWsNhSgijCKMe3oSZkSIi9nMYonVVFfNAtUmdIJ5dCiSeCFeY18xpi6r5qr3PmXJ+gL1FqmbNN7zJ5bdfTetXR6vjPj1iGdRRf36GqofcE4PjXKKnDsMzC+jVPzYFe/5CRCJsGxdHcvW1fG3jz7h+jc/5OJ9d2ZARrBmyJAhwzcW"
[DEBUG] 2019-07-12 19:39:03,243 method:org.apache.http.impl.conn.Wire.wire(Wire.java:86)
http-outgoing-2 << "GbGaIUMGCxcLjNS/UzP5f12+j/7732df5OzFb5R+mZzJ/6OyiImx6rbUp5ikJEaqW5j1ysZUiitvI1N6DI4jLd02X2LZ7vWPQhPbVfy6E31d+AFV6p5/zf9tCRdPDedwaDzEPI9b10/Xv5jPiVNLXYkYYjYmRUx/AqlDoePmt/b4OXzRw6tGHPkRd0Y9EYQCY/nud4HV83j5RvjhH0y/QqXRSqPG9eUnd4hxlpQ/cmf1ADq+O40f7HkRcsF9/PX3h/DZh3cQOt1iQswcBoX9rc88gvE7z2dYr4Pp/88PWeTyXNCBbVa/xXsretKd5xnfbgA8+jb/qBsZ69vslA945BTg3Rkc2X04fTu1BVage7/FI9fW917pePJHPHIyQBVv/KYrv4rnpVAQ4Wc/2pPmwIcf3kHozRdDvKbnSjF/Fc8lZUN/aijUBWia8KkuZ30uRyBCIDkETQUhLVSBxmhDkgoQCcH6clAB+ZxirZQTqjIc1ahEKEfTiIgK0UQRiEQkVKRRRBINwa1XhXExDBT59estqWrmucZ5gicxeV2fiDTr1tdQ0aQx+fW19pC5pL/K67dbh8kFhfNkVcqQrSowZLEhYI1TbhiFFHSI0uaQLvN33nmYk3om2AGL21EqMJ7hgg1TouK1mjyqhCRmyFeDCxes4vYPVlNvYW7MSzXW1xvVep6s/nVd4tqG6i+qGzMtGjsXfCGV3989GJOx3gNT7D0RWFpTx3nP/Zu5n1Rz/QFdyJAhQ4YM3zxkxGqGDBkMrKei+3CeeiHO5EzO5EzO5C0sK9AF8+hV4HFi7jweI7jwACT1uHwCHpHqET1iGyuGTxaIIJECgiSmqnhVOV0kqdZrOiFbbbm4OS+N1Si6p8SFDkjq9EnVdKgDdwiXIajMIfVCgEZJ6DFQW3G8ivBFiVWjsUn7PNGbjsDaN59gBpX8AEBp8r+8lwd/345nmx7KWEysy74Pmbwfvvgr8gLs2Y7mQPPBS/nnYPjwTzsweIiNP4t4MVZBS8T0ox/ih4X/4+2jF9J+lb1+0xM8vSdwYE+6A5FEzDhmD6YpkPPv4+GxPfl0SgdOOUvMVvEy6NC+JayZxwvHf58LlJmSuTa3Mvndk+i0cBqHHHARl7z0Mce1m8cLt2hC6cWhZ1k7nncfg75vyNidBy1hzqAq/nXJHhzSvJSVvHllrWaOq1JEBGiVM1NYl1NQ5ayMKqjVFSgVocQQik2ljkDVIlIw88zWG9YqoIz1uQo+kcbUShna8YQC5aJppepoxXrjrZ2auIl+9fRVAeVlOdavX5fEAraLR7z16HhM/PkVacL162lUUUFtbW39w+v8/8WNex7k/hr0CFcVKKCc8qgZUVSwXsBBUoVbz0qS54zynh+WBtbOUxVLqsaPGa8jpRbIVkKDpKreBBLUpqqhMnFeXb/shmTvmm8JBTTLBcm4e/PJfSBCtDffTR1O1DrR2c2lO99ZCiJcf2Blad0zZMiQIcPXhoxYzZAhA0DsAaQg9RKcyZmcyZmcyVtBRhmP1VyAREJMLYogoeUrPE+1eKeoAqXNBecBmhAigvMgMy/0LvaoxHXHhKUYjz5UDrAxVG29uBivUqIdkuithlBwTFGJVLx6XDmxJhCF2Yzt9FeJ/pKUF2s8Eaxeph8BBZR/ENtWH68EeXsKfQO9jtPYDLaS5r0u5xcAq59l8pG3kZc/xv0r7NWW5rSl3blC4Rah3yML+cVhrVj71BX8/AyjjAw5hEOGKGTiszx/aiWCpuBqb30Ivyh8bDVcgfGOvZCTyxXCWdwCsOJD7pHbkSHCb96+DBAiZbxGVaBwLI8QUVACOVDn/YXDKoGFH3GPYbXNuWseMVUYdh+9doO1zzzBPY5Akj8wveZkOgG8O40D9/s1AL99YznHX7+M565fyIPNvs81ztgksUuBeDu9Voo8kBfIixAaSh2thLwSlGhDuLt6JEQTEUpkOHeVo6AqCBVEWqiLKlhHOSFlmBDGYloWyIsijE9vM/2IYwjjeZy6KaKgoryc9XW1aK1TpLCZ58n6UH5IDaetBiVCJCa+aeLRKslEctZxy8KboLFe7gMEdgi18QWuKNRSW7eenMoRBDlbie1VXI0dr3gru7tsQgC4DyApO3jrNfBit25NTF1aVZ9U3RzSs1Se1HVvDPy0obLa2+3loVwZj9XSOppxj+dIqXbiNNFfBO58Zxn7bNecAZXt6/chQ4YMGTJ8bciI1QwZMgBQXtGUQl2V91pjkMmZnMmZnMlbQ1ZIVIBckNx0hIUjOM2bNyk+RiA+ZMq9i7v8ouvHPPXiIiqvHQVIFOIiM4olVsTFeHUkjJUTgoWEYLF1xh6mRbJT3xGl7vAthXdIllhCT6tED5EUH+E8vJJQABolecQSnF/V+Dlsiseq50hrLQbVT93Du/v+GEafyFRRCBcw798/5/heV/IswOpnee7mPzC1diCdWMNrv96ec250dZzNuE+u5P/cIVWrn2X2EI9YXf0sN7U5CR5fyAW9BC0RfR9fyAW9WtkCa3jt6l/iolK6Hug7n+GFU9IecM1PWc4Lp5jfH/y5LU+8t5K9X72AUAtyzkzmXHso7rjTxS/9kvBmoddN1lLn/ZU5vzvE3H93Gt/rfmGq7iv3bceVwKg3VtCn5hl000O4yrO0i+Ib281uoy9XipxSaAJCpdACZRQQHVAAQnIgmnKVBzSRFjRCrSjWkyM0swZBkyNPjnx80FMA5NAEFOzYCinSvgGIQFhbG3+4KJ4rxURsvfLuf6E7nU6SG95PkiW8gfrtYVTukaGhEBbIR3mUgFIBuVwZQc7GVY6UecS4h4KnvMRnNSlSH2pihZK0dbMSrsdbAVct/JTUgGxxUlXXK7cpdUPRuIsh6pvkcvZwLD9utM1fVFc83P4HMGdsey0uIsJ1ry/OiNUMGTJk+IZB1ebDjfyzIcP/Gvy4PlproigiiiK2adViIyUzfJ34fE01uVyOXC5HEAS4wPgu/bI4+JihrFz2zhapK0OGDBkybAJyZaiKRumtte4tW6l4a7C/Nd55jMWepzHjkSBNTqXLuxwAKggIKnJxez6xE3uoiSMYXfsuuyeLlSmSbX2pXa3KqOz0i/+EFfdDEZ+irWNi1SonEbkkOudWx6L5z6bkgxpt79lfecTzpssoYwgVYA5dcsOvQWmF7yEZ2x+P4E7z5yUYYFthcUY3ToFKl1EgWIIvAJXz8ot4TLEhKHOtWhCtXY+qC1PzJRlIVSQ1MFqqeH66f9uY6y6EZ1JeGUdrCWJaPUSBymE8mSNLkoIQEamcIV0JTDReZeK0Gt4/2aWjFASiyYk2B2Lh5ltix/T895dL8iHBR7E9Ert4HxbAW62+R2hSLC7thjFpwNrPz2Cv5wKabduatZ98nhREkcuVo4IcSgVxP/xxgKL55cax3nwzDe27655MeenBUiO7xTB1aRVnzvtvcmFjxKdPUDaUJ76+CVv//dTLU2/JiYDWlAeKFuVmJ4D/cSl5fpns2pK5JpZqmqjVRX0QkfiaiDDu0K4M2C0jVzNkyLD5cM8kF89ZRKNFEK2JtEZHmu22qR9X/X8RVVVVX7qOzGM1Q4YMAOy15548sfTtBl4DsjRLszRLs3RLp2gQbQghsERqzhI4okBbYskxJy4Wqrskgr8VvyFCNS5fRKyKNqeFuy2/rj5RSb1iyzlKKZZTjJ5fv83nbXk2IQ1UvP0VjJwI6Z+x7K5ps9XbEVtKQiD66sapCAUkseXmpkrMf6i4r6KNfZQ5qp703nJ/K7lnm+K0WPHUfROnFgWJx3PiUSdKCGxIAHH2j28mdCAC+c+rQBuScsMKJah/xbeL7Z/VX3n9dLNarN2U1s4aZkYqIYg9niESRWT7g4QERCgbesI4SJs+usOCnJlNPFdbZ/HULDU/S/Ujdav0jCodWqCB9SDp0g3qYV+Mnd4SCWs++xx05GVVaK0IfFbYVRLPFxWrI8al14hS1L5N9/3efmxtPLRyrW1T0npvgPQEq3pDhCpiv/iULltS9q6pEtfc9YrAH0uJzSupOVK/nXgISvXBQtlxfvSjVRmxmiFDhm88Pquq/kra2bbl1+8gmBGrGTJkAGDwgB/y"
[DEBUG] 2019-07-12 19:39:03,243 method:org.apache.http.impl.conn.Wire.wire(Wire.java:86)
http-outgoing-2 << "xCPT4ve8LM3SLM3SLN26KQLoECDhNjQQCQTKvmy7mKimgJK0x6rvuarEVKVwqdh6lX15d80mXlBoG2/RljWkVvIbkjpj0dWTqFUvfxouxqTfvvLK+ESTqzDxEIxJB5dXCl/tOBXhix9eVQRl/hNrl5jArGdgm0/wQi2kreRXKfgXXUFXj8Iy6Alx77JhrqvA0NXx4TqeOomrohDvkheInEduifErmfqesyVcb928cp619crb+SneJHXdTEhnbbvvZFt/HDtVxcS/8uwk1iAinsfqRrpTamzTnp3Wll5a34O8mGYtPcLJ542NwCquQx33w5UTQOsoOTxOJerFHcAsbDc/U9oUDeOxp5y0MW2+NP61pnbzSE8RGilAKeq0kFOK8kBRiCIind76Xx4oypQJUhJqIdRpT1YFNMspagrpta+AMttgBJQrRZOcDbDiP3PFtG8bRIt51JvYvEbnJmU5ClFEwXv2OZLVjJHtn8Abq9ZshiXfYPLpd/DYJuauPPkKLj/KkLcLpg7j2jntGTzmCo5u42WafwcD//AGHH4W9wzqvtE6Vz1+BRdOW07lyVdwNuO5cBr169xIOadTaSznsWuuYPL7Rbp+8jBXjpjNQrrz20ln0dUrYfrmXTj8LG5oP5sLpy0v2cKGdHB1bVBPZ7NNRMN12fHc9QRuuLQ323t1p8t8kXGvb5/NhxsLOPrkE/hg2mwWfuE2vTp+PZ7B3Rpqa1P7WGIOZ9iq+CYQnl8VMmI1Q4YMABy8/2502u0AFr/7gvn3v/8+lsmZnMmZnMlbXDZET4BjSpLr2LduMGfpCG7PrriMlhEx7/5C/UOkEsQEZYpesURTVLTV19fDqy5do2s3qc53pIx5LPH0dXuYFYYicrEbldHPvx9vCbeEQtyYgEKDRHFbX8V4FePLEKtxnbH9JD3uyeWkgLFUehD8AkKJChpKrZ+mI5YU5vwyN/ACvudo3JwYIs4cuOQpYA+Oqj/rilE8kYxc3E+lvSzF/SrVgJsabvrEh59BmvVPV+AfS+VuJc0JkQ0mEC+X4iqK5klqafl5S8gxYRx3vlQnS6zjEt1vEHbtGN9eCAhQQc74eYtO9aMknHoNzivFUfsdyu4H7PVFtNosfLyu4NkKO0+FMqVoWqao8Eh5h7X5kLwIF+7elg9rCvx16Wq2rchx/T47cMmbS/k8D3WRjonLvVo1YUiXttz+3goaB4q3Pl9HbZQ8mNs2Lmf8gZ0Z/NwiqgpRfL1CwRXdOzLzw0/59+p1DOzSltdWVfHh2loigW0alQNCPtJUtmpCk1wOQRNqYd4n1eRF0bQ8R63WXLn/Lrz039U8/OEnBLkctWFEQdeP0QrC8prazTeoT8Q5wtEjRh2JubWx/VEncPS0O5g8YhgvbJQw3UR88gYvvA/s2oN9PfJs1ZuvsBCoPPmE0gTeridww6XdefOaK5gcXywi4UoQogumDuPajzx71oMhBl84wOtft7O4Z5KfpwRB2gAaJLg3BRskYBMC88siRVTvegI3TOrN9p88zJXTKEuTjnAAACAASURBVCLgN6XN9uzYEXgfHnv9DQZ32xh53xBJu+X6lyFDQ8iI1QwZMsS48rdnM3jw85C8aiSeO5mcyZmcyZm8RWXDfITxxVQ+QBURpsoyHT7xmHiuevyllybP8+S4KWUZIeMB5Txmk/pVivhpqOJELxrQE78+Uan++CEKUv1MEWN++8Yegdnk/ZWOVzHyaHxaLulFWnZ6lrwvnldakTWT0S8+lR6v1noFiipK5Uy1kA7soOoRgGL7HlfvhiMOlks8D3yPaTM9SntUq2IP1HofAurPp3SM36LeSDwL4vmSMkeJ/tjTqrz+uy8XSU4FyXryx082qK2nj9eor1A9fYS0x26pCkusuwbs63+YSL5smPFABbac9i1U1I+i+SpFaZGHcS4I+NU1l/JVIPKfBx7B2qIs4JnDOrNjkwo0QoVS1GqhIlBc/85/mfj+pxy0XXO2b1RHeQCHbd+cY3doRSHSfJaPuHzeMludonOzRhzTvhXvV63n7N2/w+kvvM8zK6qMjUVo0yjH8R23ozx4P9ZDAT/qsC0ndWrDyvUFmuYCRu27M9PeX8Hi6vU8t3wNz52wH3VRxJNLP2ePbZohAtWFkI4tGvOTf8xlXRgx5cg9ufpf/2G/7Vvy8dpajtt5e87ouiNnPPEWS9bW99ZVIkTCV4PY0xNgOZNHDOPjw7vz2Jwij8s5dzAw9vrcVK/H7gyedBac/jL7b4RUXbXcEL2d2jeUr4g4e382F54+2+gypiP3W6J44bQrGDjN5rFE42Zj/h2WQDRtHf3r8exfdD8mYt+/gsntrcdlyqYeYp3T2LCn5hdAifpT9thC6DpoPPcMsuPxBcvW8x72kZpjFpvoKZ0hw1eBjFjNkCFDjJ49duen/c/hL9NvSnssQSZnciZnciZvaRkwJ/EofEIxxaNIckFw9dhfJVLxCco01WMh9rLNHzll/K2/HnEjRdcbCEVQL5WESPOJtYTAKao/tTU6UTU2iCicG28SIuCrGa9ifOlQABuo28ERqSmlSpVvKC3+HU8Hb9O5AuWYM039eebVIwKpGxtr300z15QkxSXuX0kFG5DT3VLFsmzUpGn9YkSlcoFEm1bfJrTn97v+fWvY1Lq1md3aB3Bzzl3HbuUX3/A2rIdS9mBTV5cmKo7NW1rVGPUORSsa30t/cTHfPWifhivb0igiF8HM5JxS/Gnxp0QinNJpW0bM/ZhzurQhh+L8yu05ol0LDmvbnNlLc6wNI8oDExYgrzXblAdct+9OlAeKnZpVsH2jMo5s34pP6wr067Qdr62qpibUlCnFbi0aA2arv9OlLFBc83+dWL4uzyX77MTndQWqCyG7tWrCwC7tOL3KHAj79MerKdiPEq0alVFRlhj1s9oCf/tgFd9v3xoFNC/Pcd7eHbnxzQ9YtT6f9N2zwZeel6UIvFKkFUCb3lw+qXc9T8nBg+z9BkMBbNhDsJjQe+z0YWmPyhSWs+wj8+uD5cuh24ZIWKdjsjX81X8YEjMhKEtsG/dt0jFpd/KIYQ2Tg9bzdMHUYVzLWfRut5xV3u0FdGTwrm8wuWORbaxNXRslQxdsDXwdHquOdD75BCM2NM9S+DK2eINrTx+2OQUzZPjSyIjVDN8MLL+PoQddwj82Nf+v/sKS823A/DeuZaeJXXh9XN/UH+N/3bwL4zu9zITjS2+qSN2vV8cqZp1zAB8N+Q/nf8s+hF1/+Wms+uQTnv7n1OSi1H/JyuRMzuRMzuQvKQvGY1U5ctVcVpZITPkoSgOepK4eKxc7lJqk2OPRIz61NvFcXT2OAdrQ27tsQuoxSQpiL9yS9dSrVzxmx/ZDAWKOFvqqx6sYhlhNKMKtkSbE6mainm2TCSFAzLv5+ey8Sw2fmwvxBV+/Uvo7bFzesMfvhkt/GWzI+luyvU0Z7XRu6l2td7tIVi5up+/Zitj7aQ/VL6SfFKXec+W8vkMZdt1FG+r6loUu8SHDkozlSnFih1ZogVYVOS7cvS2dmlYQqDVc+84KvtuyMStrC7z86Vp672DIy23Kc6yuC6mNNO9WradMwf7bNaN5eY49WjVh2n9WsXJ9If6AUx4ofrLzdgDs2aoxq9bVxXR8KMLd7/2XC/bckU/WF3jmv6uZtmglD/5gL9YVTDBiF89VRFjw2VpW1ebp+Z3WNC3LMfL/dmGPbZoB0KVVU1pXlLGspo7Be+zIujDi0Q9XEbr+FvV9s/GVhAJoz9GXjudo/1JqK/0XIc/+y8eW8Fu4/L/AFwkZ8AbQHXbtSO8NeX1uZigAsB6a9rdPrHbt1puu3XqnbdCQt+pGSNyjzzyBD+5Mew7HeRv0RP164ol2HTSee/aztvLn2lFfxDt4E2Kmpoj47gyeNJ7Bm692hgxfGhmxmuGbg2Ovr0eObj2sYsm7vej9M9ta9x8y/KGfMn1IX0ukLuGjh4bQc9xXosw3DnfdMpwRl2/DX2fcRHIIhP3nufc+n8mZnMmZnMlfUtYas1XXykBMhAqWJzE/nOdnmlgtSjfqserD5UtIvHoOdO56kRzrKqXllIejq89vWVLF6vEGhoj1+wdf"
[DEBUG] 2019-07-12 19:39:03,243 method:org.apache.http.impl.conn.Wire.wire(Wire.java:86)
http-outgoing-2 << "19+jYhScgrGObEXZooQeXxSueu8MnThJiO+k0XgMKZHGoQb8yooV3pC8mfpvsdq2PLzpvgX1UyUS/2FRvJCK9UnHUE5VW0rhhuaZQKAUV559KeeMueRL9OdLwiMVA0y/7l+ymgA4pdN23PjuSs6ubIMInNyxNT3bNEcp2K4i4MDtmnHbuys4dsfWtG9Szqi5IWPmf8ygzm34TpMKClrTujzHB2vrmLJoZexlum2jMn7SqQ1PfPw5fzxgFw57eB6f14UgJs7rr/bqwDaNyhg3fxmDK79DoyCgeVlAVT4kp+DQ9tvw7PLVCLBNozJ2bdWEdz6vIRLhueWfsaR6HSP224Xp737M0Ttvz6fr8zy3/DMWr6lBi3eIlhTFnP66UIpg9D0RS27PfoPJqTLLmTz+YfbdSExRAD5ZzgdxOy+zYFD3L3C4Unf2H3QW+08dxm2PdzfemX59m4sGCVKD0lvsDdEZe6vGdtzE0AkHFXsOb+rhVRZbIhRArPOGSdsFr7sQCLO58Br47QGvcO0GyPr6+hqitPfjV3Dhyz08AjUhXCsP6B7PnS/0MSALH5BhKyEjVjN8w7CKWedcDCMn0af4g+Ty+xh60CKGffBbvtdQ8Xqerwew0/n2p0/cLp/Dww89xT8e2oXzgOEz/8OAm3ux37P30XHiJZz3kCkyttNEW7gXt7xYQqf/YYy5cgjH/6gnI6/6I0sXPZe8ZNo0kzM5kzM5k7eAjAIX+9ASpHEsVIRU7NNNSVVxShI7tIHUHAqfELnGU0vFBGP908Hdr4bl2KPRhjio5zFbUi7RD2clsUb7GsarGKlQABvjD7ekLJ68GalAPVLVr7b4QjL+kHiUFoWGKLqeqJ32aK13vyhmZ/1Yo/UUKEo3dv9L2KmUWpuZunqL+5sOnUE6RGoqdSfC+3bW9ey+0bR4vMRbn649SeZFMRH7o317cdnvr6HbIfvxtcGSqm6uNskpKgLFMd9pSZmC5uUBQ3dtwy7NGgHC65/VsGRdHU+trOb291Zy94Gd2b9Nc/4fe+8eH0V97/8/Z2Z3c08gJECAxBhuopxqQuUiWqWKiNegBStqqRwqPIrmW+3BUu1paU/lUKme88XqD6il5ativSFeECm14AWFqolWEeQSQyJJIIHcb7s7M78/ZnZ3drObhHuU9/Px0GRun7ns7jB57vvz+vSPdzNty25cwA/yMngwP4f3DjUyMi2BRz+v4j+/NQQX8GSpVX/4o+H9afbp3Pj3nZTefCE/HDaAFTsr8RkGPsPkx1t387uxeTR4/azcVclVQ9JJ9bioa/fiM02Wf/4VI9ISMUx4du9BZo0cxLf6JTMyLZFXvjzE+RnJqIrC4//aT37/VD6uaeT53VU0+vw441HMwDU4Xo4mCiAMO2P1pysiBl+yCHQBn1zQWVp9/uRyNpHF5EmwaXMVwyflw+aXQ7KzCwIDT022s10/2AHnxqw+jVL5GcxCtXNOB0TZ7GijAMK68zvO/acrmHVeQP51JUydormr7us9zavtilA1Z0BABkRmYLpnOa7OY+5KjJfwweYshg+tYs8+YN/LLMYexMpxDN3vs4qPt1dZr82TWTx1+0A2PWhJ1VjbdtlmNzJcEI4XEatCLyOTwsfuYlluHncuc3bjL2bZhIWMfqk0JFUjJGrB+oVMXbadlWWlgNXVf+sldlf+ksVkPxHaS80HbzD6pVJWOv/tz19FBQAzyB7p2PYM5uLxo9jy+h955/2d/OnJl/js02IaD+/H8DcRqBw6ZX9QyrRMy7RMfxOnA/OiDT7jnA4YnxPwMyBOnRWupm3cLLliTwcXH/t04PhNjm79sOMmJKRO2+vlwEeUUdW/Lj8dBK5u5LSzIFfh+H4GiPryOd7/PZ62DzRyulf+7HId+wpFTgc5mivt3FlPlkfBsWsVhfS4VIYNzGXihRO4ed4sRl8cs6Th5OOo2AwcvWqaDI53owA3v/cl+X0SWHL+YOZ+sJ9H8odgAlXtfg57dTQUkl0qR7x+rh3Sh/LmDlRF4aLMFH7xrSH8fkclX7V08Jv8HDZW1uNSFe4YPoC3DjYw/awM5p2Txf/Zto9mv8692/axdGwe2UkeFn9cjkdVeGnyaHyGYVeg1tPq17kyO50O3UBF4dbhWWytrENVYMLANHbUNXNh/1R21jUzJCmOB8ePYPNXh6ls6cBvmKTHu/n387Jp13X++Gk57X477zdQrXu8cvVoogDCZFSoSjFcJBKSl5PmdRJbNX9fxOLNMHzmXK5mhdW9O+sGfjyzmnvWrGDTBV10V699ncfXVMHQG7j69nwGlZewet3rXH1erErXzhmrnDeP/5lpndOmh5dz4UO2Oc3JskRf8JpEiwK4gcr7lrPJvj6fPzmX5zvtM5QB2zOqgoIwtjjtQVf4oyEihuGiCyyZnXnBWIaveZlND89l03Flm4ao+fvLbBo6kMlUsWfoDdw/rpwDF/SgMjnIQAZnWMc5+YEVXPD3RdyzJiT+eyaBT2F2rSDYiFgVeiEFFJVtZ938cWRvXELxY8N4Jvd7fLZse7gIzZrByrIZMTNWY1PMM0VbWEoeS6FzBEHJYgp5gYr8YpblvsHEripkzxAumTCKSyaMOt2HIQiCIAinnRav73QfgiCcOTiEarBqVVHITXSz+WAT+1u8nJXoobrdx4+HZ5Cd6GF7bTMD41wMTnDzXNlh7hyWiW6a3LRlN7eencFfLspj6pu7uPbNXexrbOPSAak0+vzUe/08tquKNfsOoRsG/9Y3kV8Vl/FSWS2YJs+V1uDXDWbkZRKvKhxo6eCn2/ZS1+GjvKmd7w8bwKwRA3m3qh6/YfKbD/exsbwWwzD503dHY5omz3xRCaZJvzg314wcRGlDK7/551500+S10oP8YNQQVEXhgfd24Tcc/QHMUAbxMcnVQBd4Wyj2iLDBqwIzq8jMygdK2PTwXMom5cNmO08zsov1juWWpJ00z66QDC3KvGIus7YvYvV9iyCq/Kpi04qX2UMWs+ZaYm5yYT6rHw5UMPa8+iWwr8rCG8g82DknNTb5XDgJNm3ezmqWs2kzwMt8foVDhtaW8N4+e92ows+WfFhCu+ZJ5yBRJ2CwpWgVyMFjc4jzVfPs1zEgLh0MvYH/KSznnvvmsjqmYM1n1k/z2RSIApgbXZbWVFUxfNwNDNpuXefMK+Zxbu3r/Hp2eLWoJXOtdi25HBLUB/6+KGZ0QGg7YnfrD74mUc5VEE4SIlaFXkomhY9th/njKMjFqkSNMQjVUVO1F5Ztp5if8QC/Y+X1sG5+HnevtyIBJr7zBDzyBNmPWKtbcQBzWCeCVRAEQRAEQRBOGQGpiOOnYZq8WtnImweb8OoG79U0ccvWVhTg4c+r+arVS5yqcNPbe6ht9/HaV3XopkGr3+DdQ030j3PR6PWzo8P6kuSDw83c8Y4lSFt9Oi0dPlyqwp3v7qFNN/DqVtapVzd5sayWjV8docWnU/i3TzFMgza/gQqsLT3Ih4caqG7twG+arP6iEp/fQFPg9r//iza/ToffoPhQIyomnx1uRDegrsMHpslfPv+Kl/dVY5gmh9t96IbVbuC8j1mqEupSPzxr4DG/FhZZZF4xj6cusKXdZltURgrbHY4BjKJK0CwmPzCPytnLgxEDoUrE0Cj1k3/qkHznzeP+SXNZvHk5v86KkiPaxTFPfmCF9Wvt0YhVOPf2eUzebEvVTiIvIH9h+Mwbuu6yv++ffLwH3tucxayH5sKKRazedzwVqz0YsCkssqCEDzYDQ3Oii/Xz5kWNeDjadc4tmMf08wZyYHv044gZBRCQoUNzuOCKeUy+IrQoZoRBlNgJKGF1sMo6IK6zmPXTsd2cnCAcHyJWhV5MBeV21umGoj/y0fXdic0a1s0fF8xHBeARuyrVpmD9Gzz6/iqKroeaVwJzMyl8rNTq/g+MKSqloghAKlYFQRAEQRAE4bQTkTfaqluiFNOkxQ8tfj2sq3yHDo1ef6dtfbqfRluoBiphj3T4OdLuC9veb5iW8Oy0vUGdrgPg1UPC18Skts1LkzeUjWoNgGXiN+FQa0cwcqHDzrkwvVjr2uu3+XXafH4rxdk0gznTpj1wlems3j1K"
[DEBUG] 2019-07-12 19:39:03,243 method:org.apache.http.impl.conn.Wire.wire(Wire.java:86)
http-outgoing-2 << "Pt5uVQDmZnWTaVrVg0GAHF3Lh9sVq3s2L+e2zbYorH2dXz9c0oOBgvKZtWoRgx5cxOqHFzHooUVMJhQ/EK3b97m3r+B+5rJ4zSJu2+4cGR66zEUNcLC8s2DuMmM1i1kPzWPyfcvZVF5FDfmdBlIKVORaDGTQUGBfNQdq4VwCwnAsFwy/msmrrgaqbGl6AipWe0ToWCcXHk23/GPgvHyr+vQoN/t8gy2oHYNSRcUZD2G/NzKvWMRTV5SwevZcbgPCBtey36urH37Zmj/1DM/5E04aIlaF3knJYrKnPcGCl0qpyLeEaWEu3VSNWoK08DGC+atEq3QtWUz2hEDg6jiyi6yBqbIBS6Z+L0zGBgawWvCSZK4KgiAIgiAIwikjWq5oIIDXOT9yvVjbRZOThhFz3aj7Df4eWs/EqqQNtm+a1qLgtoHVbanqXNbpvEAxzTChGp6Qe/RVqxfMnUflfdtjdFcnort/PtOvyCJMHg4dywWO7NIw6Xk7wW7ni2cvYtZDi8IGd+oaq5p0MqE29gyNFKbhnHv7Cp6aaq17z+x/WhWgdludMlYhImPUeX42ERmrQbnsPI5VK7jwybnW/n4+lvf+O5b8zbIjC0rCJG90oXksFas9kMdhx96TwbROIjEGjQrr0j/0Bv7ngUXMKn+ZwcHXJfIa2NmwGVlh762wTOBo7xtHle3nT85l8X1zeW/m0VQ7C0LPUNq9/uNMwBa+bpiObz8Nw0DXdXRdp29ayuk7qKrnuPO38OBjMyhflkfhI5bsLHTc8z6KMT8gYQG49wUqirJZN38c5XNKmfjObCqmR6xvU/PKbDsKIDPYfviAVb2rYrWuoQlN09A0DVVVUeyBRgI/BUEQBEEQBOGbRMLaf4XPsOWlW4W+HhceVUEzTTQF3KqCacL+5nY6dINUt4ZbVTBMk1SXSm27j/7xbipavOimSb84F/GqEqwMDbTf6PWHql2d+3XK3Cji1aMqpLg1AtbUqmO1NiMoVE1HcyEpa8007ArWwC5MS9ZGOYba+dce4xUVBEEI3L7sL3BMME0DwzQxDQPdMDB0g359U0/3YZ4SGhsbj7sNqVgVehXlr8ym8JHoeaZjikpZRx6FzxdTWFQQrErdcM0SistKg99OfbQsj7tHvkBFPpB/F1tzF/NRF3K05pXFbL3wfrtiVRAEQRAEQRCEXocZqixNdmlsuGw46R4XbtVarKJwpMPHtC27KW3u4KacdG7I7suzX9YyZ/gAfvVxOSsvGsaE9f+i0evnl+dnM3VIXzQFFCwBqypw/wdf8td9h+x9BsRm11IVrPiAYCmqLUEVe1PDIUWdubFG8NzMMKlqzXJUv9L1vgVBEITTh3q6D0AQnORcv4qKLiSolX9aYE1kzWBlWSkVj82wpWoN6+bnUcgLoXUooKjsKrbm5nHnKzWd2ttQNI6CsqsorF5M4SOwdNps1gWjhQoo6iXVqoIgCIIgCIJwxuLorq8AcaqCCmgKZMa5MUyoaffRppuMSI0nJ8nDv/VJJDspjn/rm0j/BDcF/ZLIjHcxPjMZNyYZcS58ukFtm48Ut8r+5naS3RppHo2QSO2+UjUw3zQMfH7DsV3IswbbMJ0VYoTvx3S0ZRr2rw6pGmhQEARB6FVIxarQe1i/kIL1C3u27jVLKA4KVQhko362bDsVkZmqFFBUtp1188eRvTGwXQ1bN26xowNgWS6sKytlTNVz3Dkhj7uj7FIyVgVBEARBEAThFGKaVqWqY1pVoKBPIqpiLdYUhXbdIE5T8GgK1w3py9DkOGbk9qOPx8XgBA8pHo0Fo4eQ5nHxv2PzuOjVjzFMaPEbVLd5OSs5nq+aOzivbxL2mFOoiokrELnlKFz1G6a1TgCH9O0wDNyq5tjGDA5EpRAoZu0sSk2HuDUxUeyqV4VQzqpIVUEQhN6JZKyegfTKjFWhWyRjVRAEQRAEQTiTSHjBHnTIKSmBjDgXlw1IYdWEoRzu8HG43YcJtOoGP/2gjJLDLcwbOYDCnH48ua+GH43ozwMflvH0Zecw6sUPafbp3H3uIO771hDiVJVPjjQzYUAaXza2ce/7e9l04AjfGZjGwxOGhw12ZQI/3bqbt6vqQtWrjgGxVAVS3a6g9DVNI7zrvzNX1a5UDUragNG1K1oDUQLOgbGwt6u9+/qTcr0FQTgzkIzVEJKxKgiCIAiCIAiCIHzDCYlFTVEYnhLHkvwc4jWF2nY/DT6DJJfKyNSE4OBUzm1H903ir5POQVGUoJi9fFAa6XFuVu2q4nf/KmflJSP5zsA+3Dy0PyW1jXxY08iMv31KWPApcLC1I6pUxbQkabtfJ8GldspTNZ3r25WppmPboEiNaDPspxF+LIIgCMLpR8SqIAiCIAiCIAiC0DuJ6AZvmAYKCu8cbOS7WWk0+Pwc6fCjGxoQh+IQofGawo4jzdz05ucogG6a9HFrHGjp4B8H6qlt85GTEk+SpjIiLYGi976g1W9Q1+FDN0zKfK0Rx2ILUsOKJwgToPYxenWdeE3pJFXNCNkLoNjtKTFyW6NPi1wVBOEbgNFOQ0MTTc0dtOlGKPVFVXBpHhKSE+iXlornazAylIhVQRAEQRAEQRAEofcR0QUerG7x22ubKGtu560BKcSpKomaSrymogRUp2ni0w3OTo5n7eXnhqlIr25wzvP/JF5Tuf6sDH73STntuiVry5va2VJZh67bg0dFHo+dpxoWxNVJ/EKz10+KW7MXh6SqU7Yqdhdc1QxVrpoR5xqWrxqMQzj6yygIgtB78NN65DDVjR34jSiLDRO/0UFTXQdNDU0kpvZhUHoSvdmvilgVBEEQBEEQBEEQeh9O0eiQl37D5EiHj/9vVzWfHGnhSIefVI/GRZkpNHl1MAzWltXybnUDaiCo1JaSBpbQfGV/LZ8cbuLd6noUYMnHZXxR34pfj/KXfqAbf5SBp6JVlvoNA68KbjWkAhS7u79pS1ITM8yThgSqo8o1uO/ASsH/HTWfPzmXxZuzmPXQIiZnOBbsWM5tD5fApHk8dXv3I/XW/H0R96ypYvjMRfyYFdyzhs5tUsWmBxexel8+96+ax7n2PobPXMSvrsjq1BZDb+B/Hrga5xDE1vHC5J+uYNZ5JayevZxN2O0d0xUQBOH000btgcMc6bDvs5qbpKQE0lISSY7zAODvaKGlpYW6pna8uk5r/WFK27wMGdyX+NN45F0hYlUQBEEQBEEQBEHofXQhLzv8Bn/YWYVuWl38VWDbwUZ8thitbfdR2+7rJGUDeaZfNLTyRX1LMNP0Lzsrnamn4esbRpdVqs52A/Nb/TrJLgVNiS1Vo56roy1rn4GjinEtTiOZV9zA5DXLWX3fXN6LkKbR2LNmEbetcc7J5/5Vi45JlFriVUSrIHx9aKPmQC11HSagEpeaxuCMlE5S0hWXRFpcEmnpfpoP11Dd4MPoaKLigEn24PReKVdFrAqCcEyYveihThAEQRAEQTh+FEXpfqVTTaRwtEWoCXgd4tUwTTq6qygNyE/AtHNSsStDfdGebXvQ9T98nhk2q9XvJ0lTrarZsPVjHKOjndAgVzHO5Sj49ey57AGgitX3zaVyUj6bNpeEr7R5ObdtDkz0VFjmM2vVPJi9nQu7kapAp4pVsKpWb6u6oUfVshaB6lUYPnMcmbVARnfbCIJwumk/XE+9LVWTMvozONWqUDVaDvPV4Tba7VwA1eUhtV8G/ZNcJPfLIs9ziLKadvwdLRw8nMBZ/RJO41lER8SqIAhdIgJVEARBEAThzCDWc99pE64xpCqApijEqQpeXcetgpVgquDTTXRHrqlLVXArCn7DCMlTu8JVc56WYg17ZZgmhmHiUiDJrdHo9QPQx+Oi2evHH3GN3ArEaSomJrph0m5XzKoKJGoqPt2gT5wb3TTx6nrY+ShAnEvD59dxayrtfj96pEQ1wmVy1IGuuuFXq1Z0igKYdbu9MGYUQKA7f/Q2I6tPN82ea3XpLyznnocD0raExbPnMnnmDQynhD1V1UCEWK2qgs3b+fx2+MAWprEpYfFsq20rIqDHl0AQhNOJUc+hRh8m4EnrF5SqNNdQVtOG33FbM/xe6g8dxJ85mEHJoKb0Z5C3kooG"
[DEBUG] 2019-07-12 19:39:03,244 method:org.apache.http.impl.conn.Wire.wire(Wire.java:86)
http-outgoing-2 << "Px2NDRzpm0B6LwtcFbEqCEJUnA/WiqKgKqCpKoqi0BuLGQRBEARBEITjx7RHqtcNw3Z6jsGXTqdgteWiAmTGuxnTL4lrh/TlmX2HuHJIX7y6iUdT+Li2mQ0Vh+kb7yFeU0n1uLhn9GCe3HOQ0sZWDNOkormdwYlxXDG4b7B5TbXk68byWqpaOrh0/6WLsAAAIABJREFUcDrfH57FjzfvIMGlsvK7o/njZ+Vsr66n1a/bWawmKR4X//ey0bxRdojMBA9P7TxAbVsHyS6N/ze1gJ/841PuHz+CbZVH+LK+BQX4+GA9umkS59L4xYSRPL2jnDsvyOOxj/awt64Z3a6UtUevCsrkY5Gqx04Wkx9YwWTnrICEtZd3zla1eGpVRMYqVWza/jJ7wqpiQwyfeQPnksW5q1Ywy54XyFjtjHT/F4SvG94jrbSbgCuBzGDFaTuH6iypqrgT6T+wDym0UlPdQINPp7nuMN7kfniA+H6pJLUcodnvpfFIO+kZvSsQQMSqIAhhRFYquF0qmtrLvhISBEEQBEEQTgqKYn+prlqj2uuGgc/uonnKBWtElSpYlaDf6pvInyYO49MjLVzQL4lpZ/Xjr/tquKR/Gplxbt4/2MBfv3suQ5LjcKsKSS6NKdnpNPt0mn06k17+iNF9k/jdhOFsOVCHzzBJdmuM7Z/KnroWWjr8nN8vmfED0pg0uC//fl42U8/KICPBzaHWDn71/m6+amrDrSr0T4zjwgF92F3XwvdHDqKPx83i7V9wfkYq47PSObdfCt/KSGNq7gBafH62HjjM/voW2nWdjHgPhcMHsXn/IWaem8P6vZVoqsL++hZavX4M0wiFCzgGtTpuwgSpjVN6Rh3IqoTVYdtUsXrF61wQMehUdKJI2mNCpKogfP3w09BuVf57ElNICs5vpc0H4CJ1QAZpboBUBgzw0vpVKz6flwaw7y/JZCQ20tzox9veikE8vclQiFgVBCFI6EHNRFNV3C7ttB6PIAiCIAiCcHrRVBXNo+Lz61YlJYo14NOpkKuR+aYAJnj9OjvqWonTVBI1lYw4Nzec1Y+sxDh21rfiVhUSXCrr99fyrX7JxKkqCuA1DH7y3m4avX5UxSoIHTcgFb9hEqepdjd8k7ED0lhQkEeqx8XNI7J466vDfHdIP7440sLHNQ2omDx1VT794t2ketxkJcUx+7xs6jp8TMrO4Jmd5ay4Mp+0ODf/Z8xQPJrCS3sq2fBlNdfmZTHr385ieN9kvpWZRmqcOyhNbzk3h7GD0vnl25+ydmdF8BqELsfxSlU7Y/WnK3hqVeelgSrRyQWd804/f3I5m8hi8iTYtLmK4ZPyYfPLPP73/C4GrQpFAZStednOeY1CVJErCMI3g1a8OoBGXJKz0jSds/LSO6/uUjrf9wFPkht3ox+f7qcJSDspx3psiFgVBAEIPaiZpolLE6kqCIIgCIIghHC7NPCDXzdQlFMjV6MNGqUq0MejMTYzhcrWDlr9Bm9XN6ApUNbUzoGWDhTAb5p8fLiZDt3kgn7J5KXGU9Pm46vmdnTTJD8zlX8ebAhWPZn2/4amJrJmdyX/8c4u7r8wj9Wff8Uvxg7DrSqM6Z9K/wQ3b5bXsPxfZfRL8DBz5GBGZ6TgN0yWfrCHqpZ2ypva+O5z7/LhbZfx/z7bT3ZKAtNGDOI72f041NLB6k+/RAXOTkvkkSvyg1Wpo/qlcO+mEt4qP4RumMFrYCUCHPsAVqHBq0Ld94MSNZBVumO51fV+0rxO2aU1f1/E4s0wfOZcrmaFlYOadQM/nlnNPWtWsOkCRyRAWDWsXWFa+zq/XkNngVr7Or++rwvhKgjCNwA/fh1AxdXduFNGC0cOtuEFlLgE+jmXJWjW/VrX8Z6cAz1mRKwKghAmVTVVEakqCIIgCIIgdMLt0uz8VfOUyVUgKFUxTXwmfNnUgQlkJ8WT7Fapbfdxy9D+bK1uwKsbuBVLSI5OTyI3JZ6JA9No1w2e3XeQGXkDWP75V1w8sA+mabK7voWBiR4+O9zMrHMGM7pfMhMG9OHX44bRPzGOwqED+G52Bve8tYPr8wYwMCmOhg4fm8pr+G52Bt8e0Ae/YeLVDSaf1Z/vv/YBqR43LxeOo1+Chx99K5dWv4FH1TBME4+mcritgy/rW9hT30yHbmDYEvVn//iEdytqrOtrmkHhGiZVj2vwqsCcKjKz8oESNj08l7JJ+bC5xBp8KrJydMdy7llTBZPm8asrsqj5e2hR5hVzmbV9EavvWwSBvNXz5jkyViMOJEbGaoiuB8xyYp2PRAMIwjcFo+kQZbXt+E1Q45IYmNWnV3X374qvy3EKgnCScEpVBfC45fsWQRAEQRAEIToet8uqojyRmZ+xCIjEwGBOQKJLZcbZGTR6/Ww9WE91q5cpQ9JJdKmMyUyhf4KbeE1FUxSOtPv47HAz2w810OD1c21OBlfl9At2+X+/up7ShlbyUhNZvfMAXzW3g2my60gza/dVs7u+hQfe282jH5dy+zlDKOifxu8+3EezT+e2c4bwlyvz2VJRQ2lDC8s/KWNYnyTW3jCWRJfKY8X7qG/38pN/fEKfOBeH2zsob2wlNy2J9HgPc87P44XCCfSL9+C1yrnw6QZX5WUx49wcPJpmDxxmBK+BYRh2HMPxkkXmFfN46qEbGA7s2VxiVY3mZIXnpQaqT6MJV7udyQ/MY7IdMbB6Rze7nTSPp1atCP1n7x+wqldnL6Ky0Fp2/6SuGqriQDlANQdqe3TCgiCcNlxYdVsG/rZY67RwsM6Squ6UTIYN7kdypK1s0zEANA3PSTzaY0EMiiCcwTgfiE3TxC1SVRAEQRAEQegGl0vD67MGIzmplauRFZqmSbtf59nSQyS5NTBNShvbWfLxfn777bN5bt9B3q1uYFSfRHTDYNXOA/TxuBiQ4KHdb/Bg8ZfsPNKMohu8UnqQnOQEbv9WDp/WNvHyNQVUNLfxwcEGUOBIhx9NURidnkQfj5sRfa0hVzLi3YxOT2b2edk8+8VX/PFfZTx33VhKG1r4940l/N/v/htJLpXS+mYMCHbpb/b6aejwYYcO8O2svnxcXc+I9BRMoN2vM35wP0ZlpFLb2sFzn5XRZl/jwLkrJ1JiO7rsD7crVvdsXs5tmx3d9x8u6UH+aT6zVi1i0IOLWP3wIgY95IgFiKSritWMq/nVqqu7OWhLpJ6bUU3lPoCBDI61L0EQegmJeLR6WnSdjpZ2SIiPsk4HXj+Ai6R+0fMCvC0+fACai5STd7DHhFgUQTjjMYPVqi5NitgFQRAEQRCErnFpKj6f3eNJAaIONXICiJCqAIZhsq+xjepWL3GqwsxhA/hWehJVrV4mDEjj7JQENpTX8te9B2ny6Sy44CzGDUhj1c4DbK2swzQNFBMK8waQoKn857Y9bCiroV+cm4XfzmPGiCy2V9dz49ABvPVVDYOS48lMjGP8X99hylmZ/PDcbGa/UcK1a7ehmyapHheH27w0dHj5qPoIU55/l3afzuZbvsPeumZqW9upbfPiUhQSNY2q5naOtHbwfzYWk+x28e1BfWnx+nl42y6uHzEYVYFH3t9Jm98ffg2OQ6qunj3XykUdOpYLMkpYPXs5m3DkqwLcTjDzdPHsRcx6aFEPRGeALCY/sILJAITaZ9K48G76x5yxms+sn+az6eESqzLWnjt85g0SAyAIvR4XafEu6rx+vK1NtBBPUqd1YgxkFaSZ2lbrnuiJT+x1Xe+Vdq//JPbdEHojzipFwzDQdR1d1+mb1tu8v+CkrqEJTdPQNA1VVYNVAcdaHRBZrerSVIkBEARBEARBEHqE1+cPDmR1vM+lsUh88j3rl4jKVVWBJE3FpSrBTNXAeoGu8j7DxG+YJHs04lWVhg4vbT49qIAHJnrw+g2avH78hoGqKMS7VFxY1aOpcS7afTodukGcptLi8+FRFBJdGs0+P17d2o9HU+nj0Wjz+Wn2hmTogMQ42v06rT6dPvFu/IaBrpt4VIVmr592v46mQJ84D81eL6qikOhSMU1o6vDhC8Qf2AUQQUyTpvtnntDrLAjCmYVpj9ZnuQAwTQPDNDHtuBFDN+jXN/XE7dCop3x/I+0meNIyye1U"
[DEBUG] 2019-07-12 19:39:03,244 method:org.apache.http.impl.conn.Wire.wire(Wire.java:86)
http-outgoing-2 << "lXqE/aXNdOCmb15EJAnQfriSigY/puIh46yBpJ9As9rY2HjcbYhFEYQzmIBUNQ0D1S0DVgmCIAiCIAg9Q1UVTJ8BqvUX7kkbxCrKgE2GYdJk+DtXc0ap6qxv9wW70QeP0DSpbukIW183DFq8enBeTaseXObVdTAM2rGkq/PYvD4/h3w+q23HcRxsaQ+uVtPaAUbnWAPdNDnc2g5Yy9qcQ13HkKrHU7kqCIJwWlD70D+1lYoGP96GwxzwDGRwSs90pL/xEJUNfkzAk5p2QqXqiULEqiCcgZgRD3UmJi5NxKogCIIgCILQM1yaRjteK/fTlqonPGs1SsZqIKM0TKZGk42B+T2Rk4F2o7XjGDgrWvsKPTkOop9HN8ce9bhFrAqC8DUkvl9f+rTXUtdh0FJTTbmvL0PSk+xu/dGiAPw0H66husGHAShxyQyMkb96uhGxKghnOJHPeYIgCIIgCILQE0wTTOWkJaz2TKrGPLCjkKrOtrtaN2yZEVYBG1OQGl1I3KiCl87HHUvuCoIgfG1IIHNwBsqBwxzpMGivP8zepkZSUpPom5xIvB1LaPhaaWpqpq6pHa/dQUCNS2HI4L5EG/aqNyBiVRDOUIIxAPZ/giAIgiAIgnA0RD5LntQ4AGdFaVdiNZpUjbW+LUi7aqPzMqNz21ErXbupto0heKVKVRCEby4JZAweSGL9EQ7Wt+PTfTTV1dNUVx99ddVFUp80svok9boBq5yIWBUEQcSqIAiCIAiCcNSc7GdIxSEjzZ5KVcPoLCcj1++q638smemobI3MU+28Xjf7Ox6pKs/tgiB8rXGR2Kc/Z6e201DfSH2zF69uhG5tioKquUhITiKzTyqe3mxUbUSsCsKZTKDCQB7QBEEQBEEQhKPF+Sx5EqpVU9waJga6AX7DwG+YlmY1zfCO+0ddpRql6z90m6caJlW76MYf1nR3Xf9NE1Wxqn3NwHlFO47u4g8EQRC+TqjxpKXHkxYZrfo1RMSqIJzBmBE/BUEQBEEQBKGnOJ8lT0YIgFsFUEExQdPANDFME9008ekGHXooikCJrBDtoht/5/k97PrflawNthM5z4i5jWKauDWVzIQ43KpCg9dHY5sXI6YMFgRBEHobIlYF4QxDuv0LgiAIgiAIJwvTNE9s1mqEVFQVBRVwuzQSNROfbuLVdbx6qJo1euapQadygi6Fag+qVIPzid31P4aEVUyTFI+Ls9KS8GhWX9d+iXEc1FqpamoLyVWRqoIgCL0aEauCICA1q4IgCIIgCMLRc5KfIY2IgaWCstH+nwluxZKs8ZpKh1+nQzeixwScNKl6lF3/ARWT9AQPQ1IT0SIkdP/kBDr8OodbOzpHdolgFQRB6HWIWBWEM53Ih0FBEARBEARB6AmRlZonc1fO7vhh3e2tCU2BRLdGnKbQ5tPxGSbm8Xb9d64biRFLenadp+pSFDIT4xiYnIBqS1XTPj8VK1JhcEoCPr9OY7s39JgeKxdWEARBOK18DcbXEgThZCKPaIIgCIIgCMKxcKqeI60MVSKkavSu/aqikOjSSHapaNESCUwz9uBQPZGqphlDqoa277SNvT+PqpKTlhgmVQ3TpLqxldLDjRiGAYaBpijkpCWR4HZFtC+xAIIgCL0NEauCIJwyAvmuJzrnNbLdwCAGkfuJNk8QBEEQBEHopZixpGrn57ngc55pomCiqQrJbhdxqhoSpba4jLIxnQap6qLqtMs81chlhoECxGsqeX2SSItzB6Wqbpjsr2vmYHMbTR0+DjS0BLNVXZpKTp8k3KoSaj/GuQuCIAinD4kCEAThpBOQmYZhoKpqmOBUFOW4BjgwDANd14PtKopidaVSVQzDCGs/sJ6qqid0UIVosvaEDtogCIIgCIJwBmIYBgomYSo0LH7Akq0K4dIx+JwJxLtUNB3afP7oX7D3uOu/ESVL1d7eOR3RjgKkeFwMSUkk3qWhKFYzPl1nf10zzV4fpl0Be7i1gwS3RnpCHCqQoKpkpyZQXt+M3xCxKgiC0BsRsSoIwknFNE10Xcfv96NpGk1NTbjdbjweDz6fD4/Hg6ZpQPcy0vkwHBCopaWlfPHFFwC43W58Ph9nn302Z599Nu+9917YNoZhMGzYMHJycnC5Tu7t74SPiCsIgiAIgnDGYUYZiCr0ezChNFqvqIBcNU3cKigulVa/7nCyoepW5/qx81QjjqOrrvl2laqiQN84D4NSEnBrVuWsaZq0+nTK65to9+nhz6qmSWVjKx5VJcWtoQCpHjdZyYlUNjajG8cpVXdvZMWXg5k7ZbQ9o5p3n38PJt3IxRnH13R0qnn3+TepP/9Wrh3R1Xqf8drzDYyfPpGMwPSfDzDsjimcczIOq7fR6XVx8hmv/fkTDnTTRMqoy5k5fiDUbmXNq2U0BRYk53LT9InUbnyavWdHeR0i1++CwRO7ex0F4cxExKogCCcFw+5m1dzczMqVK/H7/Vx77bX8/Oc/Z/r06Vx88cXcf//9XHnllXz/+99HVVVeeeUV2traUNXwlBJd13G5XCQkJHDllVeSlJSEYRjU1dXx0EMP8Y9//IO+ffvi8/lobW3liiuu4L777uPZZ5+lvr6e+Ph4FEVh3759zJw5kzvvvPOEnqeu6xw8eJCqqipGjRrF+++/z65du/jRj35EfHz8CduXIAiCIAjCGYlp/y9MqpqdVyG03PlTwepanwS0+PVghSjdSdVg9/7ItruOClAAVVHISPQwMCkBlxrKU21s91JR34LPiJ7H6tcNKuqbObuPlbGqKgrpCXG0+/0cbmkPRgWcfCwpuqPZmgqKu4j5DDo/hhDsht0bWbG1NmzWi38uC5s+8OeneQuABM677mTJ39js2vg0b1V2nj944q2MP7KWF3e2dVoWuk5EnGMGl8YQxbVHWkhJi3Vyo7n2jq6vb+22tfzNOSP4mljCGj5jbyUcqHyaFVvDz+PaEROZecdE2L2RNUfODzv24HTtVta82swwkaqCEBURq8JppphluX8g5/1VFGbFWKVkMdnTnuhxiwteKqUo3/r9o2V5FPICFUUFjjVqWDd/HHevD99u6rLtrLw+M2yd16c450HNK7N5gN8F59W8MpuCsrsi2hfAqihta2vj7bffZu3atVRXV5OcnMz+/ft54okn2LlzJxs3biQjI4NLL72Ufv36sXTpUg4dOhTcPvDTNE0aGhrIyMhgwoQJJCUloSgKXq+XlpYWLr74Ytrb21EUhfT0dCorrSegBQsW8OCDD3LttdcyadIkVqxYccIrVf1+Pw0NDfzyl7/krbfe4rHHHuNPf/oTJSUljBs3jrFjx57Q/QmCIAiCIJwxBIVnYNKSmopzmT3fdGyjOKMCgj9MNEUhSdNoNXyhWthYVaeBQao6HU/3UtWlKgxMiicjMS4sT/VIaztVTa1Wt/6oWa3WcXb4/XzV2EJun2Q8moamKmSlJNLh89PU7u32soUTIUKpZcWfPwlf5dWn2QHB6sYMR6Xp3AiZVrvtPcd8a7012zJCQq6njJjiaLt3VqyeM+XW8P3v3siKT5IZPwIyuJG54x3LbPlY4JSqnyRz0x1T6M4H1za0QVrs5btiVZt2gbXN+fbvn8DE8Neydttatjk3GDGFgo1Ps+L5wHsgQDXvbi4jdeKtZ0b1sCAcAyJWhdNL1V4+YxgTY0lVgPz7qSi7P2K757hzwl7mlt3PmKgbFbMs93ssBeB7ZD8SWjJ12QtcTbiAtYSpc9s/kPN+KSuzalg3fzb8IkL8Vj3HnRMWsuHeSGkrBFAUhebmZv7jP/6DqqoqDMNg0aJF+Hw+Kioq2LFjBz6fj2effZZzzjmHH/3oR/zlL3+hvr6ev/3tb0ydOpXExERUVcXr9fLAAw8Eu/yD9QCdlpbGr3/9a/76179SXFzMjh07+M53vsN1113Hxx9/TGJiIpdddhlbt24lJyeH9vb2YPXqieLw4cP8/Oc/p7i4mMrKSn7+85/T1tbG4cOH+clPfsJ77713wvYlCIIgCIJwRhGypY6BqcD5JBeUqo6u/84SU9MpZ00TTYEETaPN7w+22QkjmvS0p6MNfmXPUwG3ppKTmkhKnDt4nH7DoLqpjdpAxWlkG05h"
[DEBUG] 2019-07-12 19:39:03,244 method:org.apache.http.impl.conn.Wire.wire(Wire.java:86)
http-outgoing-2 << "a9PS4aOyoYUhfZJxqSouRSG3bzJ7axqiX6uYDOTi6bdyMfQ8CmD3J+xIPb+TVAXIGH8j1zraPic7gR0NtUBArMaQogHRGCbtAozm2ukR091UaZ56qnn3kxbOmxRdlO76yCkfu143st3aRmjCeQ1PIM1l7GjO4NIxW1mzMY2ZUaqLrYrXi5g55VYytq3lb9uqmZkeWGq9fwRBiI2IVeH0Ur2XDcDcE95wAUVlpRQBnatia1i3McZmAWEKMCGPuwPz1+dR/lIptwAbisaRfc0SistKWUkxy3Jnd11xe4YSeIh1u93Mnz+f9PR0dD2UI+VyucjJyeGXv/wlmqahaRojR47khRde4PHHH2f//v0sXLiQvLw8fD5fULK6XC58Ph9ffvkl27dv55133uHjjz+msrKS1tZWXnzxRV588cXgccTHx5OZmck///lPBg0axLnnnouu62EVsUcrWp2DZPn9foqLi6mrq+Oyyy4LxhgMHTr0RFxGQRAEQRCEMxrTIR2dUjVSqEIMqWrSSZK6VAWPquD1G1EyXI8xTxWIc6mcnZZMglsLLtZ1g/31zTS1ey2pGqNKNSyOwD63+nYvWmMLg1OTUO2K29z0lO4v2nGy68taBqcls+bPT9vZm7G6sVezq6KNlOyQPqzdtpvGURd1XnfEFC798mn+tm1osLo1Vlf7MJIjKyiPAu9ONjxfTPWAAm69YhSeY2kjwO5P2JE6grnRDqR2K8WNuVwZENG1+yhnADkfPc0K+/zCIgLCtt1HeXMCKRxgF6NjVoUe2BrejT+SlFGRcxLokw719vVj21pSz54Y2m1DG9jyNGP8jVa16p8zuPSOG5mJVZmcmn4SRK8gfAMRsSqcVmoq9gJQUQVjTqiYdFas2gRE6TVzWAAsnZYXtnzqMiBrBivLZkRvb/5zlE+JiAzoScXtGUyfPn145plnaG9v5+abb6axsRFd19F1HY/Hw9y5c3n22WcZMGBAUHBOnTqV//qv/+K3v/0tDQ0NrFq1Ck3T8Pl8xMXF0djYyOOPP84zzzxDU1NTcPCr+Ph4EhMTg+LWNM3g7w0NDRw5coS9e/fyxRdf0NHRwU033URcXBwulys0cmwUwRp19FgHqqri8Xi48MILGT16NAcOHAiTtkIUShaT/cQwih+bQSbYX2i8wdXOLyhKFpM9DdbFrEo/8dS8MpuCoi3AnK73W7KY7Gl7eTTsC5XAPWcO68quYmvu9/hsWXiUSDQ+WpZHYbCi/jIeff938FsrqmRqjO1rXplNwcarQtfvTCP4BdhlEa9BBMEYmW7WC6NzVExkvMyK3Givi2O7LnsyhNaL9fp2S0/P/5RxvOd0lNt3cf6Bz3CX7fTS+48gCNEJdv13CEmT6M9nimk4tgk0QGeRaU/HaRqGYTqyTuksTmNJVYcEDQxSleJxkZOahEdTg7v2+XVKjzTS5vPbTcWogo2QqgEM04oPiNMUMhMTUBSIc4Wk7cnBqqA80Ag33XErGdgCdONnnBNR7bhr45vsIJebxoeqVbftTKLgjuhC7pwxuRS/+h7vDrMqZJ1d7aN3dw9khB4HaverdE+gAjV6Fe2uj8pIPf/WkPw90kxTc60VmTAFOyYgdN5OavcehFEXcSXv8bdt1ZwTI1Khq4GjOmWsRjn+XQ0DGD8+FLkQPPYwuV3LW8FcW4AImXusebqC8A1HxKpwWikv2wLA6x/UUHgsf2DGJFSxGhAXoT+0alg3/4mYUQAhueLEFi0le9kwbRzZRY5F977AyhN45N8kTNMkPT2dlpYW/vCHP1BXV8eSJUuorKxk+vTp3HzzzfTt25e4uLhgBWhSUhK33XYbSUlJqKrK6tWrufDCCwGrynXOnDl8+umnxMXFERcXh6ZZD5eqqmKaZvBnQNQ6K2fdbjeNjY3853/+J6+//jrz5s1jzJgxVFRU0L9/fwC8Xi+ZmZmoqkpbW1tYG4HfVVUlPj4eVVXp168fL7/8Mg0NDSxevJg9e/bQ1NREWZkVvv/HP/7x5F7kGBnEzvd376KYZfbxPjBlEiuvh3W/tarEN/z2OSY+NoNMalj3hLVOYa5TbkT5wqQHhD770bdf8FIpRQOf4wH7cz912Y+6kCmhY7v7+WIKOwm0vVSUZJNzLywtGkd2kUPSRn2tIiVuDeu6PJtininaAmyxrl/2H7vJoHa2HxBYIfm79JolMQVtSPoGBFaM63+qI1GyJnH1NbBh/RbKq4GADHP2OAhwzRKKH5tEeUkNZBE1Xzucy3j0/VIqHgvNqamqATKhZLF9PcaxLDvy85VJ4Zw53L3+CXjkD6yb3r3wHJ19bP/m1XzwRvAcX/9tXjfnY3HMEjfa/gP/Rh7j63682wd6usAwssOucQ1bN1qf4Q1lFRD1XX067z+CIBwTUWVpaECq0HQgKoBO64X9HjEvTlPRTcPqmR91faPLtgJStV+Ch8HJiWj2IFUm0NLh5cu6Znx+vWth28XxYZrowMHGNhJdGslxHkd+bA/pNEhUFxmrwOCJl9MHGHx+qErUEqLOikp7pPpB5zN3eki0BbI8Y2ZxZkzkylFreXHzVs451irUo8Eziqm3dCrlPHp2f8IOBnBTrGrVygwKpkTMT85lfECEZkykYNDTFO+thgynOP2MbTsh57qBZGSMIPXPn7Br/MCjzjLNGG9VmXZ1/OVp53MxAxmWupZdtYRe28gcWegmtkEQhEhErAqnj6rnWPHIZTz60lW8/sRmaq4/8dVXlhiwxELOK7PJzrX/mHusNGy9zOtXhcnR8D+EilmW+4b1a7S8VyEqhmFw6NAhrrvuOurr6wFroKe6ujri4uJ444032LRpE4ZhMGfOHBYsWIDf76empoZXX32VZ599ll27dqGqKgsXLqRv3768++67HDx4kOTkZFwuV6du/JEDXjmPRVVVNE0LdtX/8MMPmT0NlMTiAAAgAElEQVR7NosXL+b5559n7Nix+P1+3n77bZ588klUVeWOO+6gsbExrApW13XGjBnDww8/jNvtRtM0MjIySElJ4eGHH8br9XLfffdRVlbGRRdddKout4NY1ZY9rag72RRQ9P4SPpuwkA1FtqB67AXK13+PpesX8sycGdxS8TNbFl3Go+87z8UZ8dEd0QepA2zZNgOCX6LUBOUK2HEfYTtxXNOqzby+3p4X6xoOzKSwaDt8MY67Rw4jpwpL/jnvH0c5KF/wrF75gyV27n2BB/kZ2e/cRcX7wyyh6JCkQXl1zTByum81+rW6ZgnFZZZoqqmCwPWfGFZle+qI9qVXqOeB9W+JRefPQKYtQQsfK6XwMSIICbMFL3UWoplZ9r8F+fdTvGwvBUVbWDptMRNfgsKor+EW7nZGyeD8oqOCcvu9nRNWkNL9+9UeMjEoD7n3LlYWrYJO52PR+UvFk0/nz87RVdX2ZPtATxfuvSr8Plfyx9B9Y3qs+1svuP90t75ktwtCON0KVeiRVI0hNlUF4lSVdt0fNvhVVOnpaCtwDKpiDVI1ICmewCOpacKR1nbKG5oxI7NaY7UfYyCswPn6DYOyw00My0gl/mgrVsMGieoZu76E+lgLa7ey5tWD5Fx3K9dmhM8v5nxmdrOvjPEjGLzzE7btntj9YEy1DTSmpp1muVfNu5/UMvj82NmqjLo8XE6mJ9OTwIZdGz+hcdTl9nUczfhRu3kxSmVwj6jdypqP0pg5ZSIzp1Tz7vOfsOMjmDt9Irs2Pk1T5Zus2GmtmpJWTYYdFdCZz3htawvnjYIX/7yW867rXGUrCEI4IlaF00bNB2+w4d67WJlfQPbIPJ4pmXHiKuzsyiWWLWEBCynMdfzx+0j4YFbR/nCLJlYmEqUbqHQXjImqqiQmJjJt2rRg5WdDQwNr1qwhPz+fsWPHYpommqYxevRoGhoamD9/Plu3bqWtrY38/Hx+8pOfMGnSJCorK/nDH/5AQkJ8sErVqkqF8KfoEIoCpl1lEFovvIu+russWLCAwYMH89RTT9HU1ITb7WbNmjX84Ac/4PLLL6e4uJjs7GzS0tIwTZMPPviAffv2AZZoPXDgAD/+8Y+prKzENE0Mw+DAgQMYhsH+/ftP7kWOwoKXeu97sWsxFm06IKhi"
[DEBUG] 2019-07-12 19:39:03,244 method:org.apache.http.impl.conn.Wire.wire(Wire.java:86)
http-outgoing-2 << "dPk9Qd3hl04bF/w9stt34SOECZyPnrcEbOeq1mxyrgHWQ5gkWb+Qgi84Qd32A9Wql/Ho9Gy2/nYLrN/CstwlEeuF5NvUKZOOYr+xJFgmmY55Y4peYMEjR1+5d7xkXr+Kiuzwe27NK7MpKLvLElFVz/H6ST+Gu1hQBDnv38+YLGxRHhKzsSVmZLVjuHwNDKoIjvdgNPkeFPtdycPTx/FK3G678E+L9m+59b7NfiewLFJsW8snftA77z+CIPQMMyAzTTAJCVU7ZDVsub2Bc+MIcRn+7OhWFfyKgi+4Xow81Qip6lZVhqQk0CfBE5ynGwaHmtuobmrrPDBWF3mqXe0nMM9vGJQdaWJov9RYl6l7glLUlmW7N7JiK53yU885O4O3tm5k1whr/q6PymgadH7wd0Zd3lm2ZUxkZmTVZlSOYmCqI800kdazdU8atdQ3ZzAsqgSuprYxgZwxEd33M4aSw5uhPNnarRRXhq9Xu20tbzXmctOU0LyM8Rdx3vNvsmZbRvQ81q5wXqvdn1CefTk38R4rNsJcZ1Vq7VbWfFQboxGrEpmJt3LxCLh4/Ge89uenea2LGAJBEESsCqeLqud4oAgefd/6w3DM9CWsmLCYj06UoAxmpRazrKirvMQa1s3/Wae5MStWg9h/JAcruoRIFEUhPT2dBx54gNbWVt5++22+/PJL3G43V155JT/5yU+C1aNgPTCnpaUxc+ZMfvjDH5KVlcWuXbsoKSnhv/7rv+wc1ThbipqYpoFhmMEogEAb1kAG1sOoaVqCV1XDu/ODVcXq9XpRFIWqqiruuececnNz+d///V+qq6tJSEigsLCQP/3pTxiGwdKlS0lPT2f16tW89tprwbYSEhIYNWoU/fv3D4rVxsZGFEWhoOAUi49rlnBLr+z+H0GPK7Jidb2toZxhTF2/kAKOX1ouuHcOn+UOY3TRQpY+8Ry3PDaDzKrnWBGQNgGBFZw3h7nXw7r50bphb+HuCT/r1J38RPDRsoC8+x2FbOZOu7qt6MK93Amw/g22/mIGhQTk27F3N++aAm5ZdhlLO0WmnHw+suXZild+xMrrsQTy+i3cmbudlReeiiMooKhsVdicYBUxc5hr/7sRJnyD25VyS1g3+OyggB+dnd2jvQdjAK65iolZkRm9NoGK7G8qwQpex/2hOvTZDFWXB6IhIiIDetn9RxCE7gk5yJCYDEnUQDZqYNLs3FXemWUarXHDxKOp+A2/JW17IDvjXSpnpSWR6HIF5/l1g4qGZurbvJiGEf0YuhK+EREDkeuYQLvPz1f1TdHPpUuqeff5N63R4e+4MSTZRkxh7ghLnr3lHCRqxBRuOrKWFwN5m8m53DR9NMER7B3VjwSXn6Bu47VbWfNqmT1oVgLnXXeaMz13H+BAcjLjoy2r3Ud5cxIFnU58IBdPP5/X/hy6ToMn3hqU0VauaQaX3hF5zQZy8fTLeff5N1nREMozzUhLYG83h7nry1oGnz0Fq+IUCu4YSAY3cunGp3lt9+iQGM0IVLTuDj+VbWt5cSecd92tDmluSfBdG59mxZeSryoIsRCxKpwGrG63LNseqgDJmsGDy2ZTsKz4JHSBeyK8YrUTl/HoL8LnxKpYDS2bw7oedwk8c1EUJZhHun37dtasWcOIESO45JJLcLvdwTzUAL///e/xeDy2DFVJSkpi+fLlGIZBQkICoGNigKmgqFgPrWEDRNlVrHbGqjWiqg4o1jO3Yede2cs9Hg/Nzc0oisLjjz/ORRddxO9//3syMjJwu90MHjyYv/zlL/z3f/83GzduZOrUqTQ1NZGQkBAUtBkZGSxZsoSOjg6++OILqqur2bNnD3V1dfzmN785VZcaONrqxABR5EG0LuWRVVuOPMvAFxHRKlJPTtZrJmOuv5+VF1pd4I9abqxfSMH6haHpS+5nZT58VLaQpY8s5IEpw7h6o3Vuzq7hgWpV7r2KMVWbWRHWbTdUpRqtO/nxU0PFF9ZvG4rGYWk4W/pWBzI37cxRAhmUc5h4kkR75oVXMZUt4Xmmp4Axl8yBR55gw8bN1FxIMJZh7vWZUNXd1t13z46sYITA+7si7HPizO19plM2bygHd9kl4e//QK741NyeidRwQvuKxPqcHVsG6NefLdw9LRCPcNUpqNg/zvvPUfF1vD8LwonF8pEBSemIArC7/puRMjLW4FDRMIzgYk1RcCngi9Z13zDCqkeT3Rpn9UnGo6rB506fblB6pJFWn969VO1BxEDw+CLaMYHGNm/sc4qGo+t+1BHtbXlWu20tLz6/NShIM8bfyNxONnEgF0+/lYu72+W2tby4s82eyuDSo6l2zJjIzDsmdr/eqaKrKIWMicy8I9aG0Stzd2182qpU7SRVA1jXOGPj06x4vsF6PYYNoPHViIGkIknO5aYRsGvjbvpcF5LnoQxVOxc3sP6g8633g53BmzLqcubGGnRsyq1kbFsbLmgFoRuONB7Ll0BHT3pqT4I3Ti4iVoVTjP2HLUsojujul3n973h0/jiyl53ofLETW7Eavsze/he9YWTm3klAQC5YsID58+cTHx9PfHx8p3VM0yQ5ORnDMFAUBV3X2bp1KzU1NSQmJqIoCoYR+MbeRFNUVFWL2k7gZ+B3a6NAdICCohBW7aqqKg0N1oiju3fvxufzMWTIEHRdZ+jQofzwhz/k6aef5o033iAvL4+EhISwAbIURUHTNNatW8ejjz6KrutccMEF9O3b9+Rd2E5cxtUXHv2f9oEqyDDWL6Rg5DAqigocAm1L2CBzoQF0AlIrNPiTk6XTZpNj/8Gfef0qKq635kcfJC6cBS+Vdp1pmDWDlS/tJXta13IjVLUZyEgMyIrwe8OY6UuY+shCNhR9zz43Zw5mSGyGdUEOdsfOJHskdhTAySDTzgd1ZjHeZd13qkNrLX2nmFtyAzUNgS+VIu+Bji+b1i+kYOQSHgWiZYNaRLmHBgeQOoGn2CURUnT9QgqC+7bOZ+q9c8Kmw7AFePcZq7FEU2bUfNng5+eaJTxofzZClcXbI9oKvYes92SxnbfaM6J+Vk8ZUaR0p1idaF9KWkxd9jpXb7z6OLbfzsqYLjrU1f+Z7NjPDqf//nP0nMr7syD0WiKkqrNK1exOVHZVpRqRyWqaJm5Vxa8b4VmrEbKzX4KHrOQE3Jpq944yafP5KTvSRIdfjzLIVjdVqjH201XmaoRu7Z4u5Z9jtagi9dg4lraiDqL0DaSn5xm23lHI5owpN8ZYEiOCoYcZvBnjb+TaHh2BIFj0BuF5qhCxKpxC7D9eY3bDy6Twse0wfxzZuV3J0KPl6CtWe04F5euHMfEEd/n9JqEoCm63G7fbTXJycpcDTgFomoZhGNTW1rJs2TI0TQsuU1W3LUwNdF1B01RrUIBABUOgStU0Q8+fiuKobzAc+7NEa3JyMq2trSQnJ/Pmm29SX1/PlClTyMvL46GHHuKtt95CURS+/e1vc/XVV7N27VpSU1PDjj9Q/XrzzTeTlpZGnz59uOiii06xWD1WwiudgsLhkTf4qKiAMQ6BtmFjYJA55wA6jgqxsM92QFaF/8EfwCk5gjgzFHsaa5B/PxUvQfa0hfYo311IjJLFZE/by6Pv3xVjmb3ve+ew4JEnWGqLxtftL1MCUi6UvXpXVCERrepxwUvbyXkiWrVk7PtTmGQKXNsoGZvBwXwAHnmD8jL72gbOqdMAVpH31xrWzbfbfP8uyp+HIjuzNFD11pmTLZI7788pRQOvQZgIrXqOOx3dwYm2zgmlmK0BMRhZBX3vC3aV688c4irWwFWR09Gwpew1lzF1/bFVCkeNDeghC14qpSiqlD4Krj/O7Uu6Xpx5/V2Q27NIodNy/zkmTs/9WRB6E4Hu/aEZ9pfsUbv7O6pZCa1nAkpY9/rQ9k45q2KiKeA36SQ7FQUGJsWTmRiPSw3FStW3eznQ0IJP18M9bk+rVO2f0br+E2te5HJBEAThtKJ2v4ognACqnuPO3O/BS6XdVKNafzwXL9tLYe5s1n3yHHfm5pEd+d+EhWzgCQqjLcudzbqwLqFWt/2KqP9t59FrYh1LMcty88jO/R5LbTEx5pI5luwI7ut7LD0lXQ+/3gTko6qq"
[DEBUG] 2019-07-12 19:39:03,244 method:org.apache.http.impl.conn.Wire.wire(Wire.java:86)
http-outgoing-2 << "YVI1FoZh8OGHH3LgwAE8Hk/YMis+AJqamvD5/KFcVdOktbWVpqYmWlpaMAyDpKQk0tLS6Nu3L8nJybhcLnRdp62tDZ/Ph67ruFyuYJWsz+dj5MiR3HrrrSQmJtLe3s6iRYt4/fXXufHGGykvL+fdd99l8ODBYdmuAc455xyKior4wQ9+wMiRI8MyZE8+ETmCPWRMUXi1klUBBbCXiiqATArn2JWA699gaxUOuQcLLrE/z1kzWBn22S5g4r3WbxvKKro/kKrnuDM4MM0c1h1N19r8+6koKz1GqWF/zqc9wdRl2637QtH9FDnuDxuKxnHnKzXB4wzLXi1ZHLwfBKXVvS/Y95cXWHDNEorLSinKt+5twXvPS4Hqysj7U+ieFDyestB9MxRHEF3qwhNstQVUULiOHNbDa7mFuyd8j6Vf7KUGZ55npJg9PdS8MrvTtV46zXHfr+56+xNPgf0+cb6eBAWWlb26hbsnLOYjgJI3bOFuf1Yjp7vEEtkLplx1zEc7pijWv4Pd/9dJTFc9x53Liu2JGtbNt16HZf8/e+8eH0V97/8/Z2+5JySwGCBBiNw0AUkoVG4WRO4eBCparCCiQE+ttNJqrfr1p55atV56DkrPQ0ClWOVUWm4WUMSKRKOAkpoQDQLhlmBgISQh192dmd8fc9nZzeZKAiifZ4vZnfnMZz4zO9nMvvb1eb2t4qfxu2G2a6ftNz9ElvH311xoCIUrecX4XW0NF+39p2kumfdngeAiYgijpsCq3/NZGmBkrlpFVdXYVtVFVaOTUFFVVXVXrNaH0yaZOa3GHavDJpESF0VyTEBUlWUZT1Udx8ur8PnbKKqGOlVbKqoKYVUgEAguKYRjVXBhMItJtQyrm2R6K7ZrSBaLjzQn5AYXInFPe43l+roG0wAzH9arQAuaQ1EUFEXBZrOZwmVLhUZVVdm1axfR0dEAQS5XQ0T1+XwApKamkp5+Db179yY5OZnU1FQ6d+5MXFwckZGROJ1OM1qgvr6e2tpaPB4Phw4dYvv27Wzd+h4+nw9FUXC5XPztb3/j7rvvJi0tjeeee46IiAgAYmJiyMvL46abbuLmm29ucCxGXmw4wfXCoH3QHtJacTVc5fFQMifxAJqDs/EMz+bzKxtHy102+jwvt7rusmTpM2Q0O5aVTO91UCs0Ffa8uRtMHW8gbHazvCcY51IXJtfows9z+rRdK6bo2RrRMvcPAfFWn0Y9eekuFum5nQ8sfYZ9ix/iuey9LM5MNV1rprgSdNwBZ97eZWP15ffw0tKD3LdYK4KVauSBhs3utUQjXCCsfxcac6xuAfOcHrsgowrJwDRcgbl/sGRf6tez+XukEXoNNCdv9Rz9d3omH+SR9j+IVrKXpbqTeWGvXSwPdX5CQKic+gx7G3yZep7bhyteZSmotnXxCr6Y1pr3kIv1/tMCLon3Z4Hg0kBqQnS0GY9DXKrogqpkNm/oUjUEVQObJGFHm24vAS67jZS4KBIiXeY2Plnh5LlaztTUIVtzUM1+Q5Y1IZaajthwgnGj2wlhVSAQCC4lhLAqEAg6hJqaGnw+H3l5eVxzzTV06tQJSZLw+/3U19cDgRtbq4vVEGTz8/NxuVwNRFXjZ2pqKr///e8ZNWoksbExQY7YxgRcQ+BNS0tj6NCh9OjRg48/zjELaUmSxNmzZ9m3bx/9+vXD4XCY+/vhD3/IsGHDzL7DRRq0xI3bcegfqhsVVo83zHM0P7SHq6RtRXM3PfeiluE5EmPKvOHWDnxot2YQh049btlU5PBT45ubzm32rTtE3exlabPV5QLH3eTYLGJZOGHTdKol92EysDUo/xMe6JWKByzipGWqbovdpMFT/gP7DUzj7zl0LD2nwtYXX2bD6Emaay1oSrNxDdzDhiOT+CRMoaPU1D7ASrbseZsM3ZnbluzejkEX0qY+w0v9tSX7Vs4ndfMO7fpocjp9y4SlcDEOQPhK8iGil3mNWtyPwYXMslh85O/Q6xam9zrI5KlNCdcNcWdmwbfN1QTuaDxsuDeQIWtcg0EY7yGWIkvtt33juKf9ggcW79BdqwtYPjR4/aX3/mPl4r8/CwSXLLp7NPA08FjS1xkJ/EZ7BYtL1bJNUKxAGFFV61MTV1VUoux2ruwUQ5TDbm7j9cscr6jiXJ0PpSV5qoQ+J8ilapcg1uVEAnyyjKI7alVFMR23sqqgKloUlkAgEAguPYSwKhAIOoRPPvmEL7/8kmeffZZ7772Xhx56CEmSeO+99/iv//ovlNBKpwRufB0OB99++22jYqXNZmPUqFFMnjwZu90GqGGFztB+Q/NcIyIisNlsREREoKqq+bigoICbb74Zu91ubms4UYMKYl1i7DvugUyLDPHtXr4giyHd0KclaxgOxqBsTh3TkRmCUY2d/S/zSkjGZ1hRwJwyb+ljcRHHw4oNgQ/+rcrDtIgMD6xvrO/WEFJZO0Q4Czpf4YS2bn3IAMv5C+nPHHeYqbotIGwupNHX1EmM7ObGfc893Ld5pVkl/YF7wghTukMyUFhWf/2m9qFn5lhemrqS+xY3EzlgOYYLhjl1PkDGPb8gY/MOnlv5NrPv0Z16ulgd7Fht6D4O0JLiVaF8yIbjC7R8zZV9LAJgwI3ZsHgVQBaLP32GfcMf0gt/6cWFQsXFVtKoINyuhBfogsj+A6kvrgyqXN9+2zdHiGv10z5Bay+5959L7P1ZILhkCesyxVymmoKq+R89LkC/Zwvpx9JxSL96gICqTf2Ptjm4MiEGp91mbu/zyxw8U0m93x/cnSF4NuU4DXWp6mNzx0TRLT465Ji0IquqohXSqvX6OFZWqWW/hj0WgUAgEFxMRMaqQCDoEF566SX++7//m/r6evLy8li5ciW1tbVmxmlVVRWVlZXU1NRQW1tLTU0N9fX1VFRU8M033+Dz+RoImNbndXV1gCayGi5SRVHwer2mW1aWteqs1dXVFBYWUl1djd/vx+/3A5jFtIx+ZFnG5XJRWloalN2qqiqKoiDLsrkfWZZNd63xL3SbBoUVOpit730YIs8c5JXhWnahWQHb4mB0pxrCQyCvePr+MXqGXwiZk3gAwCicM3USI03BLZWeei6omUE8/F1oNL/4fDCyj9NIHX6QRY1lQJq0pDBQy3BPe61B5qmJniMdNCX8SLhq28HTjke2uajSXpb2+gNflGpioul6zFzQeG70twfZ19Ty/n1w42bkxDH6invY0EgmdqDqeDtgZGne+3YT8qKHDSt1kbt/HwIF4jUxjc3v8oi+fnKvRsvHtxtbFz/EfUeOa/EwhgAYcg00/H2E4NcfrJm458MD6y2ZqK0WJFuGZ9NvTfGxsTzR517Us4rDjOF8t28J7mm/0HON26v4ZSjt+f7zfXx/FgjaHwlrFqpFXDUdogQ7Q1VtmZmRGlbgDBFCjdxVFWwSdI2OoHenWE1U1d2jNV4fhacrqPNZRFWjr9CxKUpYUTUoB9ZYLxkxV4FFNsAhgdNuw2W3ERfhpHNMZMixCwQCgeBSQQirAoGgQzh06BCdOnWia9eubNu2jY8//hhVVZk4cSL/+te/eP7555k4cSJ/+9vf+Oijj8jOzmbnzp28/vrrOBwOYmNjm+z/zJkzgHYzKssyPp8Pn8/HV199xa9//WuOHTtmCqK5ubncfffd5OfnBwmpXbt2JS4uDtCKEHi9XqqqqigvLwc0AfXgwYPs2bOHkydPsmzZMkpLS/n666/ZtGkTZWVlKIrCyZMnOXToUNh/F5TND7GmKZFmyd+DBYvMh9mwxLJ+6jPsfbSx4jiBYicQOn3ZzfRHnwn6wP/A+tdY1L+F47ZUum9SBM39g14wzigOdb7iiS5YhCuu0xyWolWBgnoWXnxXL1j0B4tgGDwdffLSBa0ef6CAkybgfZK9Eut0/S+W6o7AqZo4+twMvXASQGmwo5OQ5ZoguZc1hsjDSqaHPTfWNufPF9m6INrMlPjU/mNg6hheCnH5uqe9xvFPJ4F+DV2M6ALPpvn6NXAPG4wCZJsfIquX5fwTEBextHtuRnDRJrMgV3PZmgQKUrXYZXkeGF8sBO/Lck3r0+AbE03Pd/uWkcVi4z3OuN6byzG+aO8/IVyq788C"
[DEBUG] 2019-07-12 19:39:03,244 method:org.apache.http.impl.conn.Wire.wire(Wire.java:86)
http-outgoing-2 << "wUUmSFQN+meIlyFiq/7POu0/WJi1tLF+Ea6q2IHuMZF0j40yi1ipqkpZTR37PeVakarAwAJ9WZc1kosarkCVqqp4qmopqajmTHUtFbV11NT78Pr8mmPV0l4NJ9gKBAKB4JJARAEIBIIO4U9/+hMulxb0v3DhQpxOJw6Hg4iICCRJ4p///Cdvv/02+fn5LFu2jL59++JwOIiPj8fv95tT+xuben/q1Cnq6+txOmPMwlFGgarY2FhzO0mS6NGjB3PnzqV///5mn4qikJiYyNixY/m///s/0/nao0cPrrrqKlRV5ezZszz//PPs3r2bZcuW8ec//5lvv/0Wj8fDzp07Wb16NVlZWTz99NOsWbPGzHA1UFXVFIAvFM/NmE9PY/p5C4rGhZse29g2jU+lbWRfmU1Njw0p+gNNVLo3+mtF8Thj2rjp3Ao4Hu8brmdbBuUNAuzgvuFp3Be2wzAZnVOf4aX+D3FfSNaqZ9N8shav5JPchyF7JWyGRyaO5Sl+G9h+yd9bKSCFywhdyXMvop+3htOsPRO1cUy/tw97l43lE/34tanGAcFUE2fvYdE0LPmXf2fKe7dw34u3kIo19iCQkdk+GEWwmhNE3QxZ/BrH8eD5NnSaf2D6fbBTr4WYEQOtcBAbRZUs08Gt18CQZUWMDDr/t+I2C1oFMjOHLPs7xzbfwnMrV2iOQyzT0VtSuKhR9vJJh2XkhinYtazlkRbnvf3mh8ja/FCzzcyp9GFzjC/0+08YLun3Z4HgEiI0Oqqx3FLjsUqQcKkCUogAqlraGD8dNq1IVadIJwCSBLJepKr0XE2Y/akN+mhy6n/IMgNZVvCE9q+qSBL0Too3i2YFiboCASArUO8Hn197rHxPNHebBHYbOB0Q4dAeCwSXOkJYFQgEHcKsWbOIjo7m17/+NS+99BKdO3fG5XJhs9lwuVw8/PDDREZGsnr1au68807efvttUlNTzbgAr9dLfX090dFa7pQkSeZ0e9Acq8aUfmu+akZGBunp6WY+qiRJpKamcvvtt1NeXk5sbCwOh8MscrVo0SI++ugjMjIySElJYezYsVx77bWoqsozzzzDtm3bqKys5J577uHs2bO89dZbeL1eZFnm6aef5v/+7/+47bbbGDx4MN988w39+/fH4XBgt9s5efLkRTjzmjh4rDVZgReFLBYfKaL9PteHEUq4hw2mA6ypjE2DpjJWG9v+VqaHHIR72mvsZT5Zeu5lQHB7jeOpfyA1e1LDKIFmCbd/DxvuXUHq4lRdVA0ev3uavr8ZD/HIxF0sX7YLWEGq9brY/JAuxi6ApSF9TDPEwVv06u3Hw5zj88RwCzYnaln45PdppsNRmzYdKApFuEzZMGjit9V1O4aXPm3OgaiLwHq+7hdL08h6kfB5u4Se/0FMeS+kEBHG2ItYjIcN97ZVRNUJI8QGF886P4KKHTVyzB25vYmZvxr6Ox/mPcAQwBtwod9/BALB+aMG56hCSDSAtQ2mAGtGAgQtDgieKhDhsHNlfBRRzsBHY7+scKy8ivJab8P9hYqqzblUw7VrYjtQkZCwScZiFZ8c6pYVXK7ICtTUa6Lq9/ORxbUAACAASURBVBFFBUUGn6wdZ4QDoiOEwCq4tJHqvH7xznyZYa2sbmRFyrJMYkLcRR6ZoCnOVpzDbrdjt9vNCvZAqwspXajXPzk5mblz5/Lggw+SkJCAqqo4nU5zvEYG6sqVK4mNjeWHP/whRUVFREREMHPmTHr37k1paSl2u52oqChTJDXGXV1dzT//+U9+8IMh2GwSsizz6aef0qlTJ/r06YPdbjcFVK/Xy+7du1m9ejXPPfcccXFxZi5rfb2PFStWkJCQwK233orNZsNutyPLMosXL+bo0aP89Kc/xe/3m2NwuVzs3buX3bt3s2XLFiIiIvj000+ZP38+kyZN4sEHH6Rr164UFRVxzTXXtOt5FQgEAoFAILhUaK/708a4Ytk/W+ZSNR/r97khomqQS1VfoAJxLgc946Nx2m1m23q/TFFZJeW19cF5qm2Z+g9axEB8NPGRTkorayirrjPvxwPbBU/zt0twVZdOxLic+GWFb06VUe/zm+eh8oVfNX7SBN9b6nxQVXexR3FxiI0E3VAuaAdU/cuoQMazgqJqmdKyoqDICp0T4y/2MC8IlZWV592HcKwKBIIOoVevXtTU1PDss89it9u58sormTNnDlFRUQB4vV6OHj2Kz+fjH//4B8899xxer5dHH30UWZbJyMhgzJgxrFmzhsrKShwOB7IsY7PZSEhIICsri5iYGH1vNkChvLyClStfZebMmQwZkkVcXByqqnLy5EmWL1/OsGHDzCgCA6fTwXXX/ZDHHnuMm2+eRmxsDJKkfSD4xS9+QU1NDc8//zwHDx6kvLycmpoa+vTpw1NPPcUtt9xCZGQkNpuNwYMH89BDD/HCCy+QkZHBHXfcgdfrbXhiBAKBQCAQCAQtQjEdnFpBKiAgnirhxVYJFZsuFijhhE+dpCgXKbFR2GyS6V6t8/k5XHaOOr/cuKjaxNT/cC7VhOhIEqMisNsk3LFRVNbW45Mt2yoKocKxJEnY9PtVRVFQ9TZm8SvBZUeNV3NwXq5U1Wlu1mjXxR6JQNAQIawKBIIO4dixYxw7dsx0mY4YMYKf/OQnVFZWsmvXLtatW8eOHTs4d+4ccXFxpKWlcdttt5nf4CclJfHII4/QtWtXTp48id1uZ+vWrcybN4+ZM2fSrVs3XdS0m9+03XDDOGJiYvn739eyfv06kpKSUBSFsrIyrrnmGm6//XYzIsBwrNpskJjYiSNHDlNZWUFcnFY0S1VVEhMTiYiI4De/+Q1nz57l5z//OZGRkdx9991069YNl8tl5qpGRkYyffp0unTpQkVFBc8//zyZmZkMHjz4or0GAoFAIBAIBN9tNJE08FTVNU4jP5WgKfqGS1VVCXaFWoVXCbrFRtIlKgK7IV6qKpV1XkoqqvEriuYgNbdr5dT/kDY+JTCN32m3mYKpdep/aF+gC6uqiqIqmgPXcvyCy4s63+UtqhrU1GsZrMK5KrjUEMKqQCDoEF5//XUSEhJMATM2NpaIiAjeffdd7r33Xvx+P1dffTXTp09n7NixXHXVVcTGxvLaa6+hKApJSUnEx8fzwAMPmA7TQYMGUVBQQGpqKi6Xy1yuqqoZGXD99dczZMgQTp0qpaKiAqfTSWRkJCkpKURERJjjMZBlmbNnzxIXF2e6aQ0ef/xxsrOzUVUVv99PcXExnTt35umnnzYLXf3jH/+gsrKSjz76iO3bt/Pvf/+byspKRo4cSc+eTdaiFggEAoFAIBA0QQOXakhGaqioasSsqiHbGThsEj3iougU4TQFTllROV1di6eqDtkyJV9SVVTVUjyrpaJqCLVeP4qqYlfBpkKUw06910cDhTSk4JVNOxJkRdXcud+X6kSCViErl+/0/3BU1YHTLjJXBZcWQlgVCAQdwuDBg3G73UHuUL/fz6BBg7j99tuZOnUqw4YNIzY2lpMnT/L8888jyzIffvghDoeDtLQ0M7PLcL1Onz6dDz74gNWrV/OTn/yE6Ohos3CVIa4CxMbGEB/fxxyLNZ/VQNaLAJw6dYq3336bO++8k/j4eLO93W7nZz/7GbNnz6ampoYzZ87wq1/9it/+9rdkZGQgSRJRUVE4HA6ef/55NmzYQPfu3ZkyZQrTpk0jNTWVtWvXXqjTLRAIBAKBQPC9Q9NKTbU0sDC0UUgbNWRavgRE2G30iI8i3uXELklIEiiKypnaOqrqfUQ4JMCOhIqiqDgAVbWhqKqWOaioKOj6pmUsQQJvGJesIqv4/DJOpx1JgmiXnfKaprNaFUXB65exSVDr9aE0Ensg+P4jnKoNqamHuKjm2wkEFwohrAoEgg4hISHBFD0NZ6nNZqNfv3688MILZpEDgC5duvDll1/y5Zdf4nA4uPXWWxk/fnzQtsbjlJQUli1bRkFBAf/5n/+JzWbj2LFjjBkzpkHBBGuxK2NfWmyASl1dHR9//DEvv/wyZ8+eZdGiRaaIK0kSiqJy7bXX4vP5+J//+R/ee+89nE4nP/rRj7jmmmtMEVdVVebMmcO0adO4+uqrSUxM"
[DEBUG] 2019-07-12 19:39:03,245 method:org.apache.http.impl.conn.Wire.wire(Wire.java:86)
http-outgoing-2 << "5M033+TRRx/lyJEj3H///Rf0vAsEAoFAIBB8XzC+FA91rlrXS0FFqxq2sQGxLgc9E6KJczmx27T7RK9fxlNdS5XXh90GdtWGlmMqoUhqoG8CAquiqvhkBb9fK/ASNJE/XPSAqqJK4JdlcNqRgCinw8x0bcwFq6gqx8oqiHTYqa7zBTtwhbB62SArUO9vxQYH7Ny8vukm02fI3NU33BqJ91+18fIZ+MXdMuM7h2lyxsaTr0oMv1vmB/vtzPu4BfvRt0mdITPd08g2nVVW3a2Q2PTQTer9EK0I16rg0kEIqwKBoENwOp2mU9TAqBZrs9mChE6Xy8Urr7xCXV0dERERXHHFFUFFpoyc1BdeeIHDhw/zm9/8hs8++4xFixbRvXt3unfvTqdOnejevTsxMTG4XE59X5oz1efzU1dXx7lzlVRUVLBv3z7ef/99iotLGDPmR5SWlvLII4/y1FNP0bt3LyTJZgqsDoeDjIwMTpw4wR133EG/fv1wOBymaCtJEllZWUGu2CFDhnDkyBFuuOGGi3LuBQKBQCAQCL4PNCaoaov0TFU9b9UqqkqATZJw2iSSIp307BSDy24zu6r3+ymuqKbeJ1tmNAVP6Q+IqtpPm15QyiFJqHYbqqo5Uev9MrI+BnMHlvGqKnhlWcuEVVWckoRN0iIIGnXfAvU+P/Vef9g+W0cpH6/9gGOp47j9umRt0Tfv8con8KO7JjIgtPnpT3jrnSOcAyCK9P+YyaguwX0VVGnP4q629BnEPv75+peUhO2jqXUCK60SVQH6ymx8MPyqwo12frsfUpLaPp6z+yW+AL7YYGPV3TIbR1jW5WiiaThRNrUzbPjKxl03B29jjut068dS7xeFrASXDkJYFQgEHYLh6LRidaCaDgRJwm63k5qaGiTCWtvJssybb75JSUkJN910E/Hx8dx4440MGjSIY8eOsX//fn75y1+iKAput5vExESio6MBqKmpoaamhvLycioqKjh16hRZWVkMHTqUCRMmER8fj9frZe/evSxb9meefvppnE4bNt3N4HA4mDx5MpMmTQoav4E1s9U4psGDB4uiVQKBQCAQCATtQQtEVWs7mwQum0Skw47LbqNnQgwRdpuZvVrnkzl69pxepAqsgqoaIqaq4YRPffq/JElEOB047TYURaHG60eWlTBFs1TqvH7UKAUJsNsk7JKk5bk2OMZAVmzoPttOMqPG9uKtd76k8LpkBlDKx1+epsfInzYUVdnHP985QvzIn3J7PzQB9sNPGDBrJF2Awvc+oCD+WhbNytDavp7Dx31ChdFSPl77JZVXj2PRdclaH++8R5e7Jmr7bnSdIBRfa4VVAgJn487UtpM4QmYVduZ9LXHyDCSGc7Wa6A7YLiob71ZIedXG6wfgrr6BMT77oNxUB03i8wNCWBVcIghhVSAQXBRUVcXr9aIoSgOxMhSfz4fH46G2tpbi4mJiYmI4evQoRUVFpKSk8M0333DttdeSl5dHZmYmkZGReL3eoLiBNWvWkJaWRnl5ORERERQUFHDgwAGGDBlCbW0tZWVl1NXVUVNTY4qyxjiBIIeq8dzpDC5J2dxxCAQCgUAgEAhaQTiB07LMcKnqX8fjstuIctgxvvaOdthx2CRURWtbWeelpKIaRRc8rYKqdWq+oqgh0++1/q1jMbaVVBW7JBHrciArKjV6JqpqCqLGMi2ayi7ZsJv3jIG+paB9WY61gbir0Gq6jCSr+5vs/ayUAUlfUkAvftwvTLtvSiiJtazrdy3pX+ZQeBpGddnHwRNRpP9Hhr4yg+uu/oZtB0uhi8W1evoQx6q6kGU4WftdS/qXH3DwGxiQ1MS6cOO5zJHb8FKf9Gg/g52pEsd1V2hqk2Jo8ySOaOg6bR6V1C7w8no7wx9UOP410F9lAFDYxnG05dwIBB2FEFYFAkGHYBUhw4mTqqqydetW3n///SbFVWPbvLw87rzzTkpLSzl69CipqancdtttVFRUkJiYyI4dOzh16hQfffQRLpcraJ9+v5+ysjJsNhtTpkxh7Nix9OzZk5ycHL766ivi4+MZO3YsK1eu5He/+5051d96HDabLajP4cOHM2vWrCDHqoEQWAUCgUAgEAjahyCB0/pTfywBdgminQ4cNltQO0VRtOeSBCp6tmlAVA0VVC0dB/ZlcZMaDyUgxuXAZbNRXluv3csCDptEfKSLep+f2nofqmVav6yoOGzaUGJcTmp9voCoao45cFzhjlUTYtvmXh0wpBd738nhrVhIHzuRls++r6W8DBrb4FzFacAirJZVca57D4sDNZku8XCsrBRoal24SIHLG6VtL/V58/Krdl62PB8ySuExt83Mbx0ySuGxEa0Y3AEthgDgt3/UPzudkXj9AAxv4xgv1rkRtA91Z0s5Ue7F39zrKNmI7NSZnomXdrUyIawKBIIOwRBPDYyiUVZx9YYbbmDkyJHmFPvQ9sZPv9/PW2+9RW5uLrfccgs9e/YkISGBmJgYJEniuuuuY9q0aTz22GP069ePrl27ajfSOnV1dVRXV/P4448zYsQInE4nkiRx5ZVXUl5ezqlTp9ixYweDBw9myZIlQcKq9Xisj10ulxBQBQKBQCAQCDoQVQkzXT5EAI2w24h22M111qJTtT4/NV4/sRFOJAniIpy4YyLxVNU2Iarqok1QUSw1SPSMcTm5slMsdpsNl91GaWU1EHCxRjodOGwSNfVe/IqCoqp4ZZkIhx1JVYlxOThdZSnM1ZRL1RRUtZG0hcL33uSjE/qTKih4500KYnvxY32Kv0lSLHFVR/jsm5Hc1A/dfQrxAHShU+yXFHyxj1ETM4BSCo/XGitNTpdVNzqOptYJ2oOAMzVUHDX47R/tzRaLCl+8SmbjgzZe/6PE8TaO7tkHZU1U1wtaCS5XyjnVElEVQFWoK6+gLDGK84gH7nCEsCoQCDoEIxtVURRkWaa6upq4uLigwlUxMTHExMQEbWeIldbiVrIss2jRIr744gs2bdrEN998g8/nIy4uDpdLC9eprq7G7/cza9YsunXrhsPhMLevqanh8OHD/O///i9vvvmmOa5z584hyzK9e/dm3Lhx3HnnnXTp0gWHwxE2O9X6PFQIvhjIsoLP58Xv1zK9rGLydxmbzYbdbsPhcOB0urCLkp8CgUAgEFyeWNyi2v8D914SEOOw4bLZ9Kn9WGIBtPs1n6xy4lwNPW1azipAl6hIar0+ztXVW4ypwcWmVFmxiKkWoVP/EeGwI6FFDDjMe8Jg4deOSmyEk9p6H15ZweuTwaUgSRDtcjSc+t9YoS5r3+HWt4ABE7U81dOfreMfFf1YNDEjfMMuI7l9ZBWvfPImr3wCxPYivTuUA5DMqFnXUv76l7zy+pdAFOlXd4GKkC6SYhosa8k6QUNsUmudmSrj75YZ33iPvP5HiQ1daFRU7Uh++8fgGhyp59GXTeiy32EU/W3MSWJaN9yNtivjaFEV9apK29N4LwxCWBUIBB1CTU0N//jHP/j888/p06cPOTk53HHHHbz99ts8/PDDJCUl8fLLL1NZWRnkWJUkiYEDBzJnzhzTOWqz2XA6nfzoRz9i1KhRVFZWUlJSwl//+lf69OlDv379qK6uJj8/H5fLhd1uD7pBjo6O5tFHH6WmpoaqqirKy8t56623eOyxx7jyyitJTEzE6XRis9nCumch2IFriK4Xy7Eqywp1dXV4vd6Lsv+ORlE0kdjn81NbW4fL5SIyMlIIrAKBQCAQXI5YXaM6dgliHXZskhRUvMpmPgy4Uet8fr6trCY1IRa7TUKSICUhliN+mRqfv+EX6Pr/GgidFhHWLgXcqX5FJmg6v2UbSVWJcjmw+fx4ZT8QYUYGOG0SPr9lHw0EUzW8qNoGYTXIsYoujIZzrAL0m8giM+90H/98vQt9JhrPM7jproAoW/jem/ToPZEGVFZwGiM9oJTTlRDfOxn4sol1glDsNlDaU1E6Q5vdpudFX5lVo/SCVTPgt+vh2btV3n7VDv3b1qX4WCC4lBDCqkAg6BBycnJ4/vnnOXHiBN26dcPj8bBr1y5qa2uRZZkXX3yR5ORkVFUlOjqayMhIVFVl27ZtnDp1ijvuuCMop9XA4XCQ"
[DEBUG] 2019-07-12 19:39:03,245 method:org.apache.http.impl.conn.Wire.wire(Wire.java:86)
http-outgoing-2 << "mJiIw+GgtraWmTNnkpCQgN/vp2vXrnz00Uf4/f4gcVWSJKKiovjJT35CQkICtbW17Nq1i+TkZK644gpTTA3NhDW2NWIMDBpzql4IobW+3ktNTU2H7+dSwuv14vV6iY6OJiJClP8UCAQCgeBywS6BHOJUtQFxDgfW2y5JDRR/MqVIVUXSs1SrvT5KKqtJTYhBAmyqSmqnWIrOVOKVA8qVqqooshIsqgbpmlrvDklPa1VVfH6loahqvZdEc7jaCMx6kpCwSzZ8KI0UqFIbFqnS29nD5Ps3R4sdqyEUvvcllVePs2SiWvjmPT6qNApdlfLx2g84ljqO26/TClKZcQLfWItlNbVOEIrTAb6WCqv69PovmmjyixntN9uucKOd46PCRQaEw8aGj9ELVmm/uL99VYLOKsNp2+cnp1CyBJcQ4nIUCAQdgtfrpW/fvowfP576ei3U3+l04vf7OXHiBPHx8cyfP58HHngAj8fD4sWL6d27NyUlJZw5cyZI6DQwniuKwhdffMGwYcOIiopi165d1NTUoKoq6enpqKoa5Co1hND8/HyGDBlCREQE1113HQUFBaSmppptjdiCsrIy6urq6NatGydOnODIkSNkZWURFRXFkSNHiIqKwu1243Q6AfD7/UEFuKzCa2RkZLud07q6Ompr69qtv+8a2mustOs5FQgEAoFAcOmSHBtJcaX+hbKqYpMg1hBVgzJQ9X8hIqWxVlJVKmvrOCnBFbFRoKo4gJT4aI6cPYesKA1jASyiauDeTtXHIZlP/bJsKWplGZNqPNca1vu1KCoFiXN1Xrx+P4SLcVKVYKE1xDnbrVNsa09jK9AE0oIq7Vnc1eO4/bqAm/T0Z+v4x9e12pPGHK8kM2psL956R48ToAs/usto19Q6QSgRDqipb2HjzgqPPdhMmwNa7uoQdxsFVt3x+sXHNr7or7LRIqqe9DS+2fuvSmzorLLqZu1632gZZ+FGeyNbNU2EULIElxDichQIBB3C8OHD6d+/P0899RSHDh3iq6++IjExkRdeeIH09HRcLheKorBo0SKWLFlCTk4OnTt3xufzERkZGRQNYGA89/v9fP7558yePRuApKQk4uLiwgqbVoxoAbvdTlZWFhs2bAhqqygKxcXF3HvvvZw5c4a//vWvPPnkk3z44Yc88cQTTJ06lblz51JfX8/LL7/MsGHDkGWZV155hT179gQ5ZA3eeOONdjmf9fXey1pUNaitrUOSbMK5KhAIBALBZUBmchLFldqX5zYgxmHHHiKqQkNB1bJCd7GqKMCZmjoi7TYSIrX7iCing+5x0ZyorMavaLmqqqoGBVta81PNWChjDKj4ZAVCBFXAdLEa28iyTPHZcyiKSlWdV3PGhhlrk1P/VZWs1LZPm+9y3UwWNdkimVGzfsqopra/rvHtAg1HcvtdIxvppIl1giDsNk1ArPe3sYNwLtbOKveNUJt0uIYrfGUUtEoFUmfI3NUXOGDn5vWWRv3VsA7Whrmvetar/mz6jMYLaYUjwiGiAASXFkJYFQgEHcLhw4f58MMP6devH1VVVXz11VeMGDGCr7/+mtLSUubOnYvf78fn83HTTTfx/vvvk52djaIo9OjRI6w4agiWFRUVOBwOunTpQk5ODkVFRdrUrWaKN0mSRKdOnZg6dSpdu3alpqaGuro6YmNjURSFo0ePUlBQwNmzZ9m3bx+vvvoqvXr1oqqqijfffJNDhw6xd+9eBg0axOnTp/F4PHTq1Indu3ezcePGsMJqeyDLymU3/b8pampqcDgcInNVIBAIBILvOROv6s6mwuNIQLTTjl2SGgqq2oOGG+uipCWFFVlRKKmoxmmzEaUXkIqPdFHv93OqqhZZDi+qhu7HYQiriorLLuG321EVBUVVUfV1ihoYn6qPQ9HjpewSwcVYmpj6H/p80sA+rTmFgu840RHnIaw25WJticO1AQp3WbfpKwe5T4NpqpCW1s9drd29TnREGzcUCDoIIawKBIIOwe/3U15eTm1tLWfOnCEhIYG4uDhOnz6NJEl8++23LFmyhPz8fLp06cLs2bOZMGEC/+///T969OgRlG1qOFWNxwUFBfTv3x9VVRk8eDDXXHMNNpst+Oa1EXFTqzivTTmJi4ujqqqKmJgYFEXhnXfe4amnnqKqqgpZlvnzn/+Mqqp4vV527drF7t27UVWVffv2sWjRIl577TXGjx/Pww8/zM9+9jOzMFavXr2A9hNY6+qEUzWUuro6YmKiL/Ywvkfks25NOaNnj9Yrc4Y+FwgEAoHgwjM7ozdP78zndE0tDuNeELD8J0R8tDxQFSTLahVNCFVQOV5+jl5JcTjtdiRUkqIjqfP5KauuI1hINfoK7EsCLQpAVZEk6JEQi6JqoqksK8iKgl9RqK7zUVZTi6IEu1AlSSLCaUdWFOQQt2vgOMKLqilJ8fx0+KDzO6mC7xR2G8RGQpX4OABo50J4KwSXGkJYFQgEHUJWVhaDBg3inXfeIS8vj0GDBvHEE08QFxeHoihUV1czatQoFi1axNChQ/n000959dVXOXz4ML/85S9RVRW/38/BgweJiYnBZrOxZ88eBg8ezL/+9S/uvvtujh8/zs6dO/H7/U3GAISuu+qqqxg9ejTdu3fn6NGjuN1uM2KgqqqKCRMmmFmtVmRZJiIigq1bt3Lw4EHTIdu/f3/Onj3LAw88wOeff85vfvMb/uM//oPY2PPPwJJlBa/Xe979QB4rMufxkv7svtV7WTAQOLmBJS/Aw3+cHpJvlceKB4uYEbT8DFseHM9D77dgd+Mf419/nE4X8liR+QHDcu/nWuDLFYspmbaUKVdofW2/4X1enNSi1PsgvF4vkZGR7eta9ZZw6JtTlPllIhxxuPv1oZurbblP3wkKt7J0Z3Ag1prlhxt57mbcwkw8a3Jxz55MOlCwZTUfFIfvOuX6ucwc0HSbcO3DjjE3ltktFXhb2x4o2LIWz9BZjHET9pwYxGdMYN4I6/TLUnasyYYb9W092azaDlOb3XfrRGtPzlo2Mzpk3wKBQHD58PDogTz0/ueBafqW2zPTjRoktAbu+YyCVgZGUatav0xJRRUpnWJx2GzYbRJXxEVTW++j2utr4FCVTEFX+6koCip2U2Q1hFYtI0D/Aj/SRXltHVqqagBVVZFUiHTYqZHl4PvNUAduyM9Hbrq+DWdQ8F0n0qkZqVuct/o9JTpCOxcCwaWGEFYFAkGHYLPZcDqdJCcnM378eCZMmEB8fLzpFnU4HPziF7/A4XAgyzI9e/YkLS2NCRMmMHjwYFRVpbKykkWLFhEXF8ddd93Ff/7nfzJr1iw6deqE2+1GVVV+/OMfAwQVuwp1rFqXm9VYJYnU1FRycnLIysrCZrMRHx9P3759ueaaa9ixY4cpaFpveKdNm8aoUaNQFIXo6GhsNpvmPIiIoG/fvqxbt47777+fvXv38uSTT+JynV8WqM/XWlE1WEANMIpn3t1L3hUhi6+Yzotz/sSgFXnkLRhkET4tbfL/xJKSubw4qTNT/riXKaAJspvSeHFBwDVx+t3FrO+xVBNsDU4W8fXPx7EAgDOUHOhNjysAtL6GvbuYQSvuIW9B690XPp8Xu70dClkpFRz6+AM2f+PF3d1Nty4uyk6UsPuzXUT2G8G0UX2Ib6l+68lm1frDVOpPGwqG+axbnktlA5GukXUh/ZnE9W6VeBiWAZNZbI6thY7VG2NZtSabrrNHA1EMmqGJigVbVrM/LSCm7jc3CLRpDE/OWrKNfS7PpaEO62kg+JKSyeIpAxu0ZMBkxhWtZnNO3xYLkelTBrBuTTae2aNxB52TMIQTXtevJs/y1DrWRgXjVuAeMZpea3IpGKEJ2oILiCebVeurGLpQnPt2J+jc5rNueSFJzbxXfN/w5KxlzT69CFDIe5p1XcMvdcL1E8u4kOu0NX1c6vxkYG++9pTzl38fCHakmg+DH6u6q7TBcv2nhLb+XL2PU+dquCIuBhuaHNqzUyyHzlRQ7/cb1bACezOjBaC0sprkuBgcdhsSuoCL5mDVHkvIihIYCwREYTOnVcJlt2v7svQfdFyW54vG/IDbhVv1siXapen2l6tzNTZSiKqCSxch"
[DEBUG] 2019-07-12 19:39:03,245 method:org.apache.http.impl.conn.Wire.wire(Wire.java:86)
http-outgoing-2 << "rAoEgg7BEFBHjx7NyJEjkSQJmy2gTtlsNhwOh/k4PT2d9PR0c8r/gQMHeOKJJygtLWXfvn34/X7q6urYunUrY8eO5X//93+RJImYmBicTqcpmiqKYoqdoLlM6+vriYmJCRqfJEnU1NQQERFhtp0zZw4//elP2bdvH59++qnpYt2/fz/V1dVERERw8OBBnnjiCZ566ilz/ADR0dHcf//99O7dm//6r/9i3759lJWVEHIA7QAAIABJREFUkZCQcF7n0e9vQ6iS6RZthpMbWDLpSbYD8AaDDjzGM30/5qFJWTykN3kp80kAbnx6buvHAZzO/RdXXzddf1ZCCb0ZZlnfZdLSIFGqNbTp3ISilPDpxmzynH2YfecPcFtv2Hyl7HlvB2s2nmHazT+kW7Piaj7r1h8m/vq5zBuALsJtpWDAZNIpZceabeSdc5OSErpdE+vco5m3cHSDtmWZ7TVF39i39iysY9X6gd89mqlXriW7EPpTS55VVCxezdKd2sOUtEAfZXu2smPoZMa4Qxye5LNueTFJGZYdtkQw9mSzag9Nuksp3sbSfdYF7gaiQ4CBzMzcyqqc0uaFhyDhtWWO1SDxxELouW5c+EhmTCYs3ZJPejgxuV1oRNgq3MrSnVUh4rh2zRy5suF4PTlrWVM+IEggKtiymg8q2uGLgNYQ9IVE8+J+xxP8ewbfUaErzO9ce3x5cFlSuFUXQ2eZfx9W5bi1a6JwK5sZzeKFyfq1nM2OvmGuYf31iE9xEx+m/xb18R3iiRsyAZW/5B4wl0lWlyqBAlYNXKpB0/jVIPfo6eo6HJJEUlQkEuC02+nZKZbDZyrwK3qUgNGfRSStrvdxsL5cc6yiiamSpImlmosVfLJszm4yi2sZw9LH4nLY8MuaCNucqPrH2ya08ewJvi9EOsFp15yrbc5d/Y4R4dCcqmL6v+BSRgirAoGgQ5EkyRRZW9pGVVXKy8vZsmULQ4cOZezYsSiKQlpaGn6/n4iICHJycti9ezfLly9n5MiR+P1+VqxYwe7du3n22Wfp2rUrDoeDgwcP8rOf/YzHH3+cYcOGYbfbkSQJRVGQJMl0lBrZq5IkkZ6ezsaNG/F6vTz55JMUFBQQHx/PY489xh133EFkZCQOh8N0vhqicUREBDfffDN9+/ZFURR27NhB7969z+v8yaEVY1vC+09ygy6INs4onnl3KS/mTg9ZPp0pC1q/y8YoOf4xL/0uK8hB+1IjYzPjCVpIm85NEFUUvLuDvIhBzJkykGilhE/XZ7PH48We1IeZM0cw9KabiN6ykU3vRmttmu3TTX9DZBiQQsrOQjwewJ3MmNlzGYMmNO0J2qapdSEU5pKXkNm0q7LVNCE6Fm5laVFI6xGzmAkUFLXEsQpJQ1Mo256N50Y4kpBMr+1bKZg9mfTCYopTUhhNoe5YHcjM2Zo4tzSMEKmh7XPeFK29eR5aPA2/EQZMZp4nm1XLtzV0BwftezRsDxbIGnWs6iIxhIpPYdzAhVtZVRayu8KtLC1K0UTKAZMZV7SWHZ6BpB9oKF52FAVFHuLjosjbk88Yc3/JpF8ZRd7RA3hGJFvOdykFR2tJybSOK5/9xVHExx0mu3D0hRHgPNmsWl9KrxlzAwL+lnxoy/lyj2bewvYbWuA6yGfd8m2sS2oPUdL4suUCCZzWLz+Cvjw6HwYyc2HHX8+XEgVFHuIzJujnLZkxmW6W5uq/UwMmM89o6O5Lr7jDlJ2BBm9uxhc9nmxWFVc1WNeiPr5jPHFDFgO7JvLiJ/mcqKjWMlN1sdMUP7FIrSGxAVo+a8Ms09LKGuxIJES6kIAoh4Me8TEcLz+n5aOGiRIwtlUB2Vwf0reiNFgUGJd2DyMBLoeN2no5ZL22YUpSPI/8x/Xcfp1wqgo07DaIi4JoRRNXfX6QlaCaa99pbJJ2jE6HJqoKQfVyoYyjRVXU4yQxrdt37s+VEFYFAkGH01QxKWsb6+PExERmzpxJ//792b17NzabDVnPoYqKimLs2LF06dKFlJQU4uLikGWZ1NRU/vKXvzB//nyeffZZU0gtKiqipKSEhISEINesdX9+v5+//OUvrF+/HlnWbm5tNhv5+fn4fD66dOnCpk2b2LJlCwAul4uf//znjBs3DtAyP48ePcpnn31GdnY2e/bsoaSkhLvuamu9Sw3D6dAqWupYteSolqzIYjdzeOnPbzTa+r7H5vDSk8HrB/05tFVWcI7rgr3k6UJt2KiA86BN58ZKUQ4fl/Vg6u2aYFq5dxd7nencs7A3B/+5kQ/2DuCOHySRPmkMnr/t4MOia5ia1tSXBAMZnVHI5pxS0kckQ2ExxSkDmNludwal7MitYtCN7S1AePhg+Wo+aGy1bqM1nZemg7VljlXDEbp0vYeU6+cypnM2q9Zk40moYtDQgXCgsMEuw7v5dIdoYyR0av1NmOls1AVb3R0cznlpjgE34xamsD9sTmopO9bk4p6trW8ThkicGbw4fcos7YF7ACnLiylgYAdPT89nf7GboTNi2bM+eH/uvsnE7yulwEPAAec5wJFzboZaxT39d2B2p0LWFOXDgAsgnp2pojJlgMWZN5CZUzp+t63DTVIchGrp3zmCvjy62IP5LlGKpyKKXkMt73GdY4k/V8UpQk5luN+r1tIefVxC3JLRm1syevP3fUV8cLCEvNIzlJ6rQVZUzTIKFkFVm5dv3mNK5n+C2vgVhZLKKpz2eKKddkAlPtJF17hoSiuqg/u1YuSqSkb3lkx/VTX3b2IVYC33xQ67HZtdRpEV7JJEt8Q4snp2Y9Kgvvz0usvrSwdBy7HbtHgAzi91TCAQtANCWBUIBB2C4Qg1RNXmxNXQdVdddRWvvPIKe/bsoaioiNraWj788ENOnTpFZmYmv/vd75g/f77pOHU4HNx6662kpKTw+OOP4/f7OX36NOXl5SiKQkRERNj9WDlx4gSff/656Wi12WzU1dWhqirnzp1j3759qKpqulvLy8vxer289957vPrqq+zdu5eqqiokScLtdrNgQTtaPzuEHvTgA0o4Q8mBUfT49f3kLbhfWxUmQxVgwYzG1zctnOax/ncf8xJZDfNfWywEdwB2O8FSqR9/A73WiyyHLmucyn2BaejxGZlNN24NhbnkJQxgcbsLGC1zrLpHzGJxX30aPpA+Za65jdWxGpYBKaTsrCKpM2acwJqjycx2AwcaNreew2CiCOvZOVNFZfFhli7PbbCqySnXetRCwZa1BCY455O9L5ZxCweGccImM2b2ZCCf/ecON8x+1TplnO6+BWgkrKBxzlTBlZm4aXgsGiECfgfhySnUvxhw44nbxh7r/nQH3JEDpeDWlnkOlFKZMsByHZWyI9dDSuZk3J3LiV9fyA7PwI6fitw5lvid4fdlCObjyDWLqlmvj4Itq9nTqTfx+w5THNeb2TfC5tAc0OuTObJTjxkIia6wFmuLz+hN/L7S8LmhYYSu0MiI0Cn2wYXgDLe4JZd452qW7mwq8qL98eQUUhyXzGjL8QWNM+j8NIxDCEiIwVEUQX00lqf8ncZD2TlIaqJF4By0/TVtjz4uZW7JSOOWjLTmGwoEAoHgO0ASV6Y19Zfx0kYIqwKBoEOor6/n3LlzJCYmYrfbTaG1KYw4AFVVOXbsGFu2bEGWZdLT0/n666+pqKigf//+TJkyhR07dvDJJ58wbtw4+vTpA4DP56NTp06MHz+el156iZKSEubPnw9AfHyDBDITSZJwOBz86le/YsGCBSiKolV7VVV+9rOfsXPnTv70pz8xYcKEoG3i4uIA2LRpEzt37qR79+7cdNNNjBs3juHDh5OUdP5/HGw2WxudmY0VsQIjBmDKFZ3p0fcwJSdLKHm/N8P+2HAb05EaKn6eOsx2WvGBJv8Dvn76Me47nsaCEDH2huNpbRJVw7mPW0XaaMYcWMemd/OZM2Ug8Vk/JGtjNqtW5hPh7s+0rCS0uIAcDiYNYk6TblXAk83mfTDIOgW5Paf76iJVu2HNS2zKsYqHpcuLgz+YhyuqZXGsGh/kDQq25EJGb47s0aZknyqvBd2d1TXMHlubP+kpqwq7TcGW1exPap346MkphOtnaceqi8CbG+Svtm7q"
[DEBUG] 2019-07-12 19:39:03,245 method:org.apache.http.impl.conn.Wire.wire(Wire.java:86)
http-outgoing-2 << "cvFO67nRaJixqo+5yEN8WtNjdvdNhvUdWdAqeFp/w6n/IVOXKaXgKMFu6iDxsKEQ2xLK/r2Rv+6uwD3sJmYPbuH7qXs0UzPWsmb9avLCZfYW57L/+rksngLhfkcr91UxdOFcZgJ4Qh3SteTlwuyFc3HrxdaMiANPzlotS3ahtj9PzlrWECyeWa+DwDRwve3RZHNb7fdrLTs6W4RGMllsXHOFW1m6fivuhZOZudDdpiiANp1bAMsXCvEZE1g8O/B6enLWsqfTBBZPSQ4c15Z8Fk8ZSMGWbVqMyeyBgXXhvjwp3Bp0Hr+fuEmKa+jUtxL44iqfdctXs78NWbbt0YdAIBAIBILmEcKqoMPxbJpP1uIdLWh5DxuOPMwQfZs1qa+xOKzZay9Le71Mz09fY3q3MKu/fZuFww+ySO/LJPcPpM7A3EcTI2bDvT9ky8RdLJ8W5ra+sf4FQXzxxRcsWbKE+++/n5kzZ5KTk8Nrr72Gz+cLElmNQlM33XQTt912m5lzeujQIX7/+9+bIqfP58Pn83H8+HGWLl2KzWbD5XLRo0cPOnfuzKZNm1izZg25ubn4/X7S0tL4+c9/jsvlQpIkEhISwgq7xvQwo01cXBxnzpzhwQcf5Ntvv2Xv3r3Y7Xa6detG165dzT6sxbHmzp3LDTfcwOTJk839FBQUcM8997B9+/bzOo92eyuF1ZNFfN03Dc0rO4c3cu/n2qAGZ9jy4BPmsx6psPsUML43PUAXUNNY/2ARM0J+WjldcpgbU3u0cFB5rJgLd+ZOp8e7i1mRr7taT27gD7/rzRu5bcsNs5936FIU/cePoWxjNm/8s56ZE3/A8Bk/Ybix2ndMK2xFH6bd3Hy+quHYs05B7p+Sy56yUuA8nYWFueTRm9nt+aHYUojJFHYyq9hclsm8EZ6mq3Rbi2p58lm3PZfKhEymThkYJIYUABzQhZIpozm1ZS07corJI5PF1xezKqeUqWG6b9yxGk50zSd7Xy3x17eHezOf7PIBzBxBiHhsLfwSznkXQoig1/KMVW36ff8pQCO6iydnLZsZzdCUbewvhPSOEEo8BzhyLopenbWnYaf+69PACzww5kwueegOZLOLUirjknXhvLFc1qapLKvSf5bRtL8vGPeIWSweoQmSa5YfDr5mUjItr4Xu/rX8jsZnZDYhVkcx6EbjdbP+fqML0YHX1D1iACn7gl9E63VQsGU1S7dksniKu8G2uEczNGU1ew6UgtvD/uIoBs2wiNYDMhmUe36vf1vPrXltF25l6c7g34uCo7VUngv53Y0rx6Nn7VqPQbumqkJ716+rXNYsr/peuiwD1AZnnp6pojIuNswXTdo1en5RGu3Rh0AgEAgE7YVNS0NRfZwtOsbZ5ppLEs3YWy46QlgVdDjuaa9xfFprt/kF9Epj6fqiRsTVRvj2bRYOf4itwNZeKwPLp97DA2jPp1uXAw+E7iN3BfdtvocNy76/XokLwSOPPMKhQ4fYsWMHI0eOxOFw4HQ6qaurC5qWX1VVxUcffURaWlpQzuqwYcP48MMPqauro6qqim3btvHf//3f/P73v+fGG280p+S73W5OnTrF0qVLiY6OZsGCBYwcOZKePXsSGRnJX/7yF1wul+kuDcUqthpxBfHx8aSnp7N9+3ZiY2OZOHEiGRkZDURV4/Ho0aPNAlxG7MEVV1xBTEzMeZ9Hh8OBz9fysp+nc/8FqaOBkha179KjN19/9gH0HUfLgwvyWP87uPHdzi1q/eWKeXz99Pta/5OWMmxFFoPmQnjht+U4HO3wJ8zWg+E3T6brZztY95eDxHRPIt4OyLWcOlFBZL8RzB7Vh/gWaLjuvskh053z2V9Ms+7DluApqyL+yswOcHDpU4lTdCdZ4VZ9+UBmLoR1y1ezNMxUXE/OVgr6TmYM2lT5XglAp3I2r8kOKSBVS96+WlKun4wbcE8ZwLo15cyePRBw02tNNtkJNNB1GnWshinypE1HDic6azmGSS27TAN9FddqkQJxvXVnIprIusdaAKmpqbWacGpgFPtqEqPQTGEuxSkpzbaPT0omfcTcdhadYnHrL1zBHk1QzgspzBVcxEoXFg+UUlDuCbk+NbEbQuMSWlfEqteYm5jZq4L4Xj3bdETpU+aS7slmle7uDeeOPlVeC53a1P15kZ7m5oPccjwXyZd5vudWK6i2mg+CromGEQYa+a3oWHeDe7JZtXw1H4RzHX/nMRzf2XgGjMZtjc0ALZpk6Czz70j2vlpSrtfOselebiYeoak+BAKBQCC4uHSia6c6isu9zRddk2xEdkpozVfAFwUhrAouUbJY/OkzLPz923iW3dqyG2pdVM1YX8TyzL0s7XUL6KKpZ9N8HmEXx5e5dQdtn0adq19kr4Qlfxdu1POka9euDBo0iHfffZf77ruPoUOH0q9fPx5++GEmT57M+PHjcblcHDt2jLFjx+J0Os1tDXEzJiaGY8eOsWDBAk6cOEFERAR9+vShX79+ZjErSZJwOp288cYb9OrVC4fDgdfrZcmSJWzfvp2qqirS0tLo3FlTV4wp/oYA6vf7TYFOlmXsdjsOh4NFixbx4x//mNjYWCIiIoiIiDCdo6HOV2N7a5Zs165deeONxgtBtRSn00VtbV0LW1sFzxLgDeZkhhvDKJ75tf5w4P28yJ8YNHceg5jDffRudh8rMufB6r1MuaL5EZ1+dzFzWEXepM6B538Gxo/ixvffYM6KceQtaJtj1elsp7R+WwJXjbiZq35QwqFvTlHml4lwxDH0xj50c7Xi+1H3aOZdv5WlFjEqvMjQWjQnWHxm++ZpalNxYxm3cC79t6xmXeFAXdDzsGNNLlxZpQmuacUsXV6oZToCFOeyhkxmH1jL0qPJzJ49mlNbDlOWNJp5fbNZtXyrnkkJgSxIY6+B7FEtr3QWnpy1hE64btqxGnoMMGhGOOGl+RxDsOQQFm/FvVBzOjbAPZp5QQWQmin4Fdfc71EjWFzEdI4lvii0gTblPqlv27pvlMJiiuNi0TzI+hcCoeJ24VaW7gwuYqWJg9nsORdSiKewmOIGr71+rlvjmrMlkJKW0KpDMRy9jUZJFFu+/PBks6c4ZOxtIhl3AuSZQpku0tP49VdQ5IGEFNy6m3eNZdvgcSXTPyU3WMAszCXvnJtx5/Pe0oZzG0r6lEz2L8/V3jsGhDmOwq2sYzIzB7hJissNEuY18T7M3V1hNjs6j2aMezTzZsCq9WEKOn0f0IVpa6zCPP31TJ8yQPtSS29qXddS2qMPgUAgEAg6isjEZPokXuxRtB9CWBVcunS7leXLWtn+yK3alH/DlTojjefMBj8kdbHxeAevbFoQZqr/Xj55ER5Yn4UWOXCLZftgtoY4XzXuaUHUwOVBfX09t912G2fOnCExMdF0rHbt2pVf/epXzJ8/n1//+tfIsoyiKEHCKmA6QLt168aiRYsoLi6mX79+XHfddWYbI5M1Li6OjIwM0/HqcDi488476dOnD9HR0QwfPpxu3brh8/nYv38/H374IVOnTuXf//43Gzdu5OGHHwbgr3/9KzfffDODBw/G5XLx7bffUlNT0+gxSpLEoEGDSEpKMiMNDNHV4XA0mevaUux2LfLA6/U23zj/A75++v9jgSl4NhMFcHIDSyY9yXbgxqff58VJJax4sAgYxII/amLngl8XsSRzHtt/vooFFlE1fIGqEE5u4A//uoF/zfmAQZnzQN9PXq7FQpj/J32dkfvagn4Bl8vVDlEAoZ324KqMHlx1Pn1YhbFGsBZ9atm6ZMbMnns+owqLMV3ak7OW7LQJJOWuZuk5SLl+MukUspnRjGMb65jL4oX6RoVVVBpia9EAMy/xlNnpaOYtzGfd8rV4ZsxqQgyxFN0hikEzgte2yLFauFUXhicHZ1VaCgDFZ0xgZlOKjCebPUZ2peGQa7SxVShsuWO1zbg7EV+c27AgV0pm+xUwM3N2oxg0Y7IuhhVTjJtxoedfn34eVMRKX5YX15t0q4Ba5IGUzAYxEulDe7Ong4tYuUfMYuiW1SxdbizRXrd09EJiKcmwXbvWQfvyoz3Gkj5lAp412yxCWW9SKA1qE5S1a3GCu0fMYlz5aou7N1iU"
[DEBUG] 2019-07-12 19:39:03,245 method:org.apache.http.impl.conn.Wire.wire(Wire.java:86)
http-outgoing-2 << "NvoOXAvW608XNC9C8SpzivnOrRQMmEx66HGkZOpZtsmMmZ1J2fLA9ZyS0Zv44nBRAH1hTfDr832NA2j8b0HjGc5ht3GPZt7C0IWty4EWCAQCgUDQdqQ6r785863ge4YhPqmqiqIoyLKMLMskJoSfKn3Byf0DqTN00XLqM+x9FB7Rp/c3hTmlP/cPpGZP4vjirEbbag7WZxsIq55N88l6bxJ7m3LJtjirtX05W3EOu92O3W43RTxousp9OC7U6z9z5kyeeeYZkpOTiYyMxG63o6oq9fX1vPbaa0iSxLBhw6ioqGDOnDk8+OCD/PKXvzTFUusYDaeoVYBtqnCRdTsjMgCgqqqKzZs3s2TJEm699Vb69+/P448/zr333suhQ4fYtm0ba9asYciQIURFRXHDDTeQl5dn7t84dzabzdzH+vXrGT9+PJIknX8xpUaQZYXKysrmG15GxMfHt7+wKhAIvtd4ctaypnzAhaky78lm1foqi3tbIPh+0l73pwKBQCC4cGgfa1VUVeX/Z+/N46O4znT/76nq1sa+yCCMMGbxgleBbUIYJxAbmyUDIjFk4p895EcwcuKgG+PgEJwZy0nMkDDgjAgZIAwzxFyci7kDJmELnkAcL8EOKIkxscMmI+MGxCYhtHVXnftHVXVXt7q1IbHE7/fzkaWu5ZxT1W1x9NRznldr0NrG1hpt21i2jW3Z9Oh28Sahq4G2+DtbHKtCO+IUgZq1uWVnzdlwmLLSeY6AuZKYEzVKE8WrABY/RO7ixvsZV5y4pZw3tu9i3IM/bHTJWXnZQWAXb5TMY1hL8l8/YUQiEZ555hk6d+7Md77zHfr168eZM2coKSnhyJEj7N69mx//+McUFBRg23bSPFJPrGypYOmd54m54Iiyy5cvZ9WqVVRXV/Pyyy+TlZVFfX09//mf/0llZSWWZfH444/z/e9/n8mTJzN79mxOnz7NsWPH6N27N4FAAKUUtm3zhz/8gRdffDEq9LbnHxCmaZCVldWoe/aTRFZWloiqQouJLvn3kyQ/VhBaRXTZu/PyvXeOUNm3sUJYgiAIl46TJ09c7iEIwhXHNdc0c6mcIDSBCKtCO5JN/tLD5PuX84fWMXPENsY3Joq2BbPXN8OxmkBoJ1s2j2L8dxuVVXlj+y7mzJ7Bwt/tpTAvdR+fdLLdKigdO3bEMAx+/etf8/TTT3P69Gl69uzJmDFjmD59Oh999BFaa7p06ZJUnGytYJnMMXH27FkqKir41re+Fc1F9URbrTVHjx5l7dq1VFVVEQwGmThxIq+99hqLFi1ixowZfOUrX6FLFyeTzjRNXnzxxajY2t6kp6ehtd2CvNW/TTIzM0hPb6NsVeETRWMRDIJw0dw0jhu3+Jb6d7reLdImCIJw+REBSRAEof0QYVW4hJSz8QdzoXh3+4qq0CrH6p6X57J19npWNDK28k3fZhYL2Fs4mn5PDKe4xI0fEBqwbNkyIFbQ6fTp00yePJl77rmHvLw8jh8/zi9/+Uv27dtHfX09119/fbsKlEop7r33Xjp27IjWmg0bNkS3A6Snp/OlL32JwsJCbrnFkV8Mw+D666/nrrvu4gc/+AHvv/8+S5YsIRAIRJ2wwWAwWrCqvcnIyEAp4xPrXM3KyhJRVRCEVpP96SkUNn1YqxHxXhAEQRAE4ZOHCKvCJSMqSkZzTZ2ogC0P7k5SROoiyJsXixJokLWaKkbAX7QqBaF1PFMIS95y8lfzv7uAmSPms0eKVSXFNM04sTEvL4877rgjWuDp9OnT/OY3v6G2tpZvfetbDBkypN3G4omgDzzwAPfddx87d+6ktraWUCjEpk2bsCyL++67j89//vNce+210fgBrTV9+/blhRdeoFevXnTt2pUzZ85gWRZVVVUYhrNE/1KSnp5GIBCgtra2eQWt/gZIS0tzc3pl+b8gCIIgCIIgCIJw5SDFqz6BXJbiVaF1zBxxkIIkImT5pukMLf1Gw6X7JfPJXTmIvUunwqbpvJS7ynWHphBHQ+uY2YwiV4nM2XCYQpooSOUW1IoWyPKPvXDQJSlkdbUVr0rm4vT6BqitreXChQtorV0nYnp0eX5b44Ryaw4fPkxFRQVaayzL4u2332bHjh3cdNNNPPDAA9E4gr59+5KdnY1pmtF7dPLkSV599VX279/PkCFDCAQCvPzyyxQXF3PttdcCxBXeuhRYlk04XE8kEsGyYkW+rnacfFyDQCBAMJgmgqogCIIgXKFI8SpBEISrDyleFaMtileJsPoJ5NILqw2F0D3FA8hPXKo/YQF7l06NFY5yxcyG+5pRvCqlGzbZuY05Z70CXDOaFF3HFbex8zaBq01YTezTP05P6IRYVADQ4iJVLenfE1O9/vz3wXPR+sfoiaTefsuyosKlt01rHX1PbNu+5MKqIAiCIAjC5USEVUEQhKsPEVZjtIWwKlEAQjtTzsYnHmIhwIgBzHK3ztlwmLKEoLPyTdN5ZtPoqDi553crG4qtzepvOLM2O32saE7+aaqiVa4DluLdlC1tZAR58ygrfYyNTwwnt3AUS9q7MNdVSOLkOlHEbO/Jt9dfa4Rbb2xNuWlFVBUEQRAEQRAEQRCETxbiWP0EclmiAK5g9hQPIP+Dlgq4l56r2bEqCIIgCIIg/O0hjlVBEISrD3GsxhDHqiC0AcMKD1N2uQchCIIgCIIgCIIgCIIgXFWIsCoIgiAIgiAIgiBcNRzdvovjb+7h7AcHqS4/68vBV2hAoxwXFu5r3880ti/V+b62Gzs/dkxCGwltNezHaRfToFN2V/oMuY4bPnMbd04cfgnupiAIgnAxiLAqCIIgCIIgCIIgXPGUbd/JB//1f6g+cconhoIiJmjGhxBoZ4uC6AGJ+xK2OG1oUMpdL5v8GO/8uL1KR0XTOJQ3zsQ23OFpsAEiNhWhs5wLneW9//kT//Pvm/nc1yaQJwKrIAjCFYsIq4IgCIIgCIIgCMIVzXtLVnJk41Z0nDwxYC/gAAAgAElEQVSZKss1fp9K2HNxxAuqzW0vqbbr264AnXBQRegs//3Pazi2v4zPz32o1SMWBEEQ2o+Wl8gWBEEQBEEQBEEQhEvEe0tWUrpxa8LWlhfIapuqzW1ZmEs3a0y//8Vr/GrB+jbsVxAEQWgrRFgVBEEQBEEQBEEQrkg+2r6TDzduSbKnoSTZlOTZNpJo6+TZVGc1d0xvvfQae195u1V9C4IgCO2HCKuCIAiCIAiCIAjCFcmB1S9d7iEk4EihLZVXkwuoSfJYG+HVf08mMAuCIAiXExFWhSuePcUDKC4BKGfjE9PZGAJC65j5xDrKgfJN05m5qTz5ySXzyS3eC+5xuf0HpP5yjxMEQRAEQRAE4fJzbPtvqD15qhVntuVy/UR0q3poixiCc6Gz7BHXqiAIwhWFFK8SrniGFe6m7InpbPzuD50Nx9cxcyU8v3Qq2cCeUhg/JbtZbY0r3s2KiUmOLZlP7u/absyC0FacOHHicg9BEARBEIS/EXr16nW5h9AiTvz+D2iIfjVFqnCAtslWbdhmc8flndUW43j/tX0Mm3RPG7QkCILQfpypPH9J+uneudMl6acxRFgVrnD2Utz/IRYCbB7ubNq8C4CtwN6lg3hj8S4WLh7ALN9Zczash8nueawkd/Eo5syGrYuHk1uYoqvZY9vpGgSh9VxtfwAJgiAIgiC0FWcPHsL21ljaoOOUSZXwvXEaCqHt6WpN3n9b8NF7R1t+0nvLeGRRCZDHvFWPMyRh9/4XC5i/EwY/XMSz9+e0xTBbT3SsOUz7URFjejbvtPJXi3hybah5553awnNPv82nf1TEmJ4lrJ6+jB1JD4y/X959GvPUcqbd0twLCrHj+SJWH4rf6rTh9d2ya00k8f2L3ovRj7Pm0TzfvYHo/Tnh3OcxTy1nWq8tPPf0KxzwGhw4iReeGU8y65LXVpOflfeW8cii4wnX5V1v8s9h/LklMHAS0/q9wuqdyQ9rbAzNHqfQblwJguelQoRV4QpnKIWlhymknI1PDGfW5lEseWsV+e7vxvJN01k4ez1lhUMBJzbgjXsPU5gHlB6msGQ+ub8bS1nhUMo3TWefOFYFQRAEQRAE4aogfPI0hg3a"
[DEBUG] 2019-07-12 19:39:03,246 method:org.apache.http.impl.conn.Wire.wire(Wire.java:86)
http-outgoing-2 << "zSJVJmitwVYplcqkm3UzjmlWQ00cmuqcxtpq4TmVJyuaNaarkqioChBi9dPLuLYxAQ6IiXUeIVY/XcCbKQQ1T4QEOOC2P23VcqY1ObgQx1qsaTcm2l5iBk7ihfyjPLnoeMpDxjxVRJ+NRaxug+7273Xex49PAFFhtTd9BgKHSnjnPRjiF6dPxYu7nni9/8VXaCCWx31OBOHyI8KqcOUTWsfMEXPZOnsBS5jLrBEDmDV7PWWF8NJ2GHejd2A5ZR+Mot+UZrZbMp/clYPYu3Qq2XnzKMtrp/ELgiAIgiAIgtBitGW7P3ivne/K1I6D1fK7TmM/N7pMXyce0wznqk7xc3PPafJQRzjWzTgnek/akCGPLmfNo23ebItIdFl6ouT86UUp3JwJTtCE83asLeKRtX53aez4i3Ux7lhU0KRYOuap5Uxjt3tcQ2GwLcTLVvPHZTyy1hEmdywqgIcnJT3ML0IncsC9v3F478GpLbzsOmin9drCc9N9bliXuHs4+nHWPDqeZ1eNbzPRtDwUavogQWgjRFgVrmxC65g5Yhvj3zrMipxyNj7hOFZzXx5Abn8YV7ye8du3sYehDAvtZMvmQRQsTWhj8UPkLp7BkmLYWtgwCmDo5rnRn+dscN2ugiAIgiAIgiBcVhyxUcUt39caiAAGGAEbK2LGDk5AAY3KkI24Xlu6dL/R492A1ebmxGrfOZcisiBxKbn/9ddZHltGHhUvYyJlMuEycXl5TMiMOTij2xKciuxcxiNxYp7jQF0dXT7uF1R9S8pPbeG56buZ4nOglr9axJOugDf44SKefWY5Y3zX/HJOawTW5i/bL3/Vc4f25lr/8bc8nsQh67+uhn0kXc7fyugA7nycNTkJUQCJIilJBPcE0TNVJEL5H9/mwMBJvJDzCs9tdbYlF7N9jt6Ez8GORQXsGDiJaf0g9hlIRuOu4KQCcFNRBILQQkRYFa5scqayonQqTtbqT+jnxQAUHqbMFUj3lD7EGyXz6Fe2ja2zv8EKiLlcAdyogPJN0+OLV/kdq5fj2gRBEARBEARBaBY6+h/X4WmDMsAwbSKWkeTg5uepNlb0qoH7tdEqVBcrgsa7bi87u5fz5CGf82/nMlYPbWa+aM/xPPvUUR5ZVMKBta+w//7H4UVXABv9OM/eDzueL2D1oRym/Wg5zzYiEjpCbwnzpxc0EEgdQuxY7ohy86cvi4pm2fcXseb+hu2Vv1rkOjGXszoEO3Y24m6MisnH+fhQ6sOSkZ3TGwgBJXHjSsaby4s4EG0/PgahoXM0xOqni6Al4uqhV3hyEUBrnbolrE5wku7YuIXxtyRmsZawZW0IcPobPDDHEUuTCpw+eo7n2VV5SQT78Yxp1E2dkyTKwSdSR98/QWg/RFgVrmz8AinAiFiRKs9dOuzeGeSvnM6+zbuYs2GVs9MTZH3ZqUdLd3Fr/53M7O9rj5hjdVyq/FVBEARBEARBEC45icWqEsVG2zIwgzaGrbG0wggE6DIgl4qy44Sr61rYWeO7FTBk0mcpffNdzp88S6KIqgAzI42Bn7mDj/58iMrj52IXoKFD905063cN5YdCaK3AUK5ArKmrqScSthqMRzfo4dJy4FBv5q0qYojPFVgaCkFzCzfdMolpA0tYfaiEl19cBjsB8pjnCl1jGgikyWk6qiCHMc8s59oXC3g5ZzjZp/Dleibw3jLX+RlzLU7ztd100aPG3JMO0XNveZx5oz1R1BGGk7slQxzo9zhrnsnzuUKPc+wUDMFZVu8/zxvjm38MMaa5jltfxurHW4t4xBWTdywqoHR008Lj/hedIltjRjtC9OCHJ9F/7Sv89NW8+Pt0KkTp6ElMO/oKbw4v4tk7S3ju6VegOfELp0p40xWXdywqgKceh0WNZdSmcJ762mHnbvY/mifuVKFdEWFVuLLJmcqKDQfjnaWhdcwccZCR3u//vMdYwnBmzV7PipT/Jrj5q/fCPmawsXQew/x7N03nmfa8DkEQBEEQBEEQWohPTE3IRk3v0pm+o0bw0evvQMVp7HroeesNjHzum+z7+UY+2PBrJ49UJ8tTbShS6oTv3nHKUHTq1ZN7v/kw/YbfQt+7Snj9Jy9z/uQ5tO0erRSZXTsysiCfW/9+JB++/Rd+9c+rqKmsQWtNxx6dGTPnS3TJ6cH2Rev5wvPTyerWEQArbPHf//xzPnhtX/MyVpt97y6ewQ9PcgWpPO4eDTtS5G2mJocxBZN48+lXOLDTcTuOecovhCVbxp3DtB8VwHJffqpHkiiChizjyQRnpCd0xi+nbyl5TRa5Stb+kEeXs2aofwl9SdLc2DFD3T9kbxnOGEpi9+TEUXd5vCfMxjgQOk5rHKh9xhXxQk4RT67t7QiTp7bw3M7Uuaaew3fwwwWMZ7k7tjymPXWURxYVsTrH52LuOZ4pFDD/EHCoiOdCznUlX5LvMnASLzwzHv74NgzMgUOe6LuMMU8tZ80tzvWvnr6MHe6xjdmhyv/4NgeAMaPz2LEzSaEsQWhjRFgVrnj2MJayGdvI7T/A3eLkrHrCaPmmbzNrM7D5J2yc4kYFJOLlr3730oxZEARBEARBEIS2IVrcCQAFSpHRvRu3z/z/OHPwQ86dO40yNGcOlLL7Ryso33cAZZqYpolGoYJBbMsmXFOHCgQIpKcRrqnFCARQZgArHAFlYmuNjlgYgQBGMEinPtnc9f9PpO+wm8Ew+M2Cn/Opgsk8/PMijr69n72/eJXTR0L0vesmPjtrCukdM/n9f27m9vzPMP0Xz/Kbf1vP4d//hbHfeZieA/rw1s9/TfWZ8/zvbyzBCAada7I1546fRWsNDYRf5d2Avxkcx2vCH2yuWFbeYMl7Xkz48+ewug7VxtyuseXzOXz6zhwgxB93x5yWTRWfalNueZw1qyAmJIdYvbWkiSXuDuWh46l3Hg1RTtNu0/JQKCEKwLkXEGL+81t4oaCRkz2H78BJfP3+HHg1/rpeeNjJscWXtXvsqM+1+14sM3fww0VMCRXxck789/lHwYsQ6D86jwOHQox56nHYS/NiJ+LwogjyuPvRSfQ5WsLqpJEFgtB2iLAqXPEMyxtK+aafOC8mzGAOK5k1Yj65pY9R9sRwZm2ewcbSVQwrmU/uiAEcTVKAas/Lc6F4N8PYCawkv//KBv2MK27/a/kkY0UuUF97hki4Etuqw7ad5U6VlZV06dKF+vow6enpcedorVFKYRgGWmtMnPwsW4HtPtI3TDM651Rx7gMbMIg6HbRy9iuwIhFsO1bKwDDiXQuW1gQz0gGFoUy3HbcNpbAiFqZpupsUhhHAMDIIBjtiGPHXIAiCIAiCILSOqJiq47ehQRkGZnoayjCwLAPD0HTMuYbbpn2Rd1/cgFUf4bZpX6AqVE73G/pTFSpn5z8voc/dt5H31S/y6nd+TE7ezdz8hfv5n2d/ym3/MJau/frw1tJfMPQrkzhb+jFl7+ync042ZW/vJ+fOwdz9lQmYAZPyD47SpW82gbQgeV+6jzu+MIpjfz7I8b98yO2T7mX7/DXcNOYuPvfNKRg/2cCbq7eTmzeYe2dMoFPvt5y5rTtvtW2bj/Yd5a+/S+ZY9YutHpc+EqAhOVzbDzgEO/aWMO2WvPjl11Fi2aeDB+Zw4FCIA2uXs+POiyi85MNxiJLg/kxVBMoTY0tY3VjWZwMac8f6GP0484h3q5a/WsSWnCKfONibPgOBFmS1xnJaUxdcKm9OQ74oAP74ipNj+vAkSte+wpY/TgJgx6Ii99jY+B0Hbg7TChxhMrGv7PuLmBcqYH5UXI0XvctdV+3ggSEOrC1iPgAJ3wfiRAiQx5ShnjM6j2mPJsmXPfQKT05/BUheEGu/m+PrOaOH5OexelGSyAJBaENEWBWubLyM1dnrKSt181OZR+HSvRT3H87C2espWzrU2Zw3j7LSsRT3H0DxhvUw+SEWAuOKB/FG4QwKSrOdf5MkCuCSU111lNqaE9jucixvdlxXV0ev3r1Ba8LhCID7tB6UckRMrXV0mx9vv21ZGAEzZd9aa1DOBDQQCGBrGyMtLdqmbVtYloVt2ximgQKUMqivrSMYTAPT8AV8KSJWJCr0upuw7TC2HSYSOU8g"
[DEBUG] 2019-07-12 19:39:03,246 method:org.apache.http.impl.conn.Wire.wire(Wire.java:86)
http-outgoing-2 << "0In09B4Xfc8EQRAEQRAEQCe4Vb3Nvh9srTCVTTArg879+pDWqSN2xKLr9X05//FJjpfsZ8D9I+nctzfpnTvSY1A/zLQgmT260n1gLoGMdPZv2MmDC/4Xdz/2RXoMyuUP//VLzodOc+F0BcEOGVSdOMOHv3+PPnfeQCQcobrsJBXHT1P+3x8TyEjHqo9gBoMEszK4/lNDOFN2ktMfnuDI7r/Q++bruPtLo6k8cZbyQyFuGz+cQHqQPjf341zoNJUnK1JcvPLFGLQFicvJHbGuNWTnOM5HdsYciYmUv7rcFSTzmPLMJI49X8TqQ55b0+eE8YllLeLOAtbcWcJzTxewukGEQFtVfm/aHeux/0Xne/+cmIC3Y1FBUness/Q/9fL7KL6c2vj3LqdBnEByHAep//VqN65gx1rnnh9wv3tL58fkjyf71Bae87Jon4L5CbmysaX9TvGxeRQwf1ERfdwxxcUiDMyjPyFozLHaM48pT+UxhPjPQSxft+koAE+EHfywT8z2XLVri3iOZuS8CkIrEGFVuLLxilA1YCiFpYcpTLEdAP/+if72GraWPXEVK9pguEJDKs++T319heM8VQqNRmuwbU2HDh1QKGrr6wgETGzbQikjKqgqVxD1i5genrCqTAPbtqOvAbTrAdCOnQGtNQEz4G413POdNsxAgCAa29aEw2G0bUf3hevDGOkGhuEIt5ZlR/t2htOwiEIkch50hPSMXu1yPwVBEARBED4p6Dh3pisyaqIPzWPHeHPAhPNtm4/e2Et9dS0D7h9JZs+u8Q/svZX2GiqOnaSi7DjXjbid97e8TvlfjpB1TXeuG3EbJS9tJ+8fHiS07zDdr8/h5AdHue6eW3hr5S+pqTiDFY5w3fAhmGkBzp84w80P3E1ah0z+tPF16i7UctPn8sjs0pHywyGO7H6fQ7//CxmdO/CPy/4Xf9y0mz/96u2EKIBU9yPJRV4msu8vYNrumJNzzFNF9Nnoc3ZGi0T53IPRvNVlPJdTxLP3u8emjAKAd3zbojmk3hh65gA5PLtqPJzawnNPF7lxAa0XVctDzpj94mjz8ATMHPq4fwZk33kPg9f6Iwyc/c0TRGPHe4W54u9Nb65tVhvH+fgQMDqHbI4SdY8mc80OfdxXJGy8c19d1rgep5TFvTwB9NQWnpvuFKt64eHlzrHDh9NndwlJ/gyPu84htwDvNeeaEoll9SZzsWbfX8QLOOLqI7ubzmgVhJYiwqogCO1G9fkPiUTOYyjDETl9RCIROnfuTH19vbOcS8UET9u2nUysqKvUTnCJKp+46b5GYVnOEn1HaNUoZaK17Yi17tFOPxpt62heFyiUqUgzA64lwMYKhwnbYSLhCIGAwjSdX5eBQKDJCa0VqaG+7jRp4lwVBEEQBEFoPXGFp7xFRJ6IqlCGQefr+mCFw6hItRMRFTsVbdvYtu2sgHIncPUXagDo2v9aOuVkowxnDprZrTMdrunO+RNn6DGoH5nduzjtaM2J/UfQ2nnAXltZzeHX/0TPgX2j+3ev3srB1/7E0C/dR2h/Kfd+LZ+jf/iA3634JeGaOl5fuQVlGGR26UikLkx9bT2GGcCOWITd11rHu3DblGjGZwqirkCHIQmvk29L4uS8xf86SZ8948U6yIkrCJUd7SMUdXne/ehypjUjizTatpvHOv/5Lc0W0BoUnRr9eDOyPZNHBAx+uCAmmja43kSSFcRKXiQr2XuSal/2/UWs8UTrU1soJYdpObvdAlp5THmmKF50du9Zm+C/5lP3MHjtUabc35tju2NjfRaAIj79fJFT5Gp0TqMO1DgS3M1jHptE6c9e4UATgnX2/UWsudO5zienv91CcVsQGkfV1keukGdewqXCE6e01ti2jWU5S6G7del0mUcmNMbZivOYbgi/YRgxYVG1LGfpUr3/kXAVlefe9zp1vrm5puFwGMMwyMzM9LlAITpR1hqtbQzDjEYBmKaBoZ2JrzZUdBLsmBacHFbLtrAsG9Mw0DiCqtaKYDAIWuF/lqRt2+nUm3+74iyA0jaGjjlr6+rCVNfW0KVr96iTNuqOTXL7lftbNSMzB8OUzFVBEARBEP42aav5aSo2fe6h2IPwqMjqFK/q3D+XMUu/T6S2DjsS4XzZR7z74iZG/tMs9vz7WqxwhGFfe5jd//ZzIrX1/N28An43fwVnjxzjCy8uIFJTS11VDR2v6c6mJ+Zzyxfvp9etg3jrpy9z71OP8v6W1/nLL3/HI+sWcObIx2AYHN29j+vvzeP8iTOkZaWz6dv/zvnyc2gUvYdcz/3ffpju/XqBUqz80veoPHEG29JgmDzw1BS65V7DujkrUIZBn1v6M+m5R9m1fAt7Nr7lCqueKzf28N//2vt5wZ9/3Cb3VxCETyba/aWq3b95tbad4n22jWXb2JZNj26dL/cwLwmVlZUX3YY4VgVBaBdqq8uxIhFfPinYlk1tTQ1pwTTq7Toy0tMwjdiyLqW8fFVQWmHZYdep6mSzWu4k3TAA5QiyBsoRZbWNqcAwHeeq1gbKcEVVFDYKg5i4q9FOp1as5JVhKFepdZb/a6XA1gSVSVYgiEZja5uA4fzq1FpHC2K5jcYRiVSRJsKqIAiCIAhCq9AJP2vfQ/iqj0+yvWBeVIw07RouVITZ9kQRdZUXUIbJtlnfp/5CDVbYZsvXv0dNxQUitXVs/sbzBDtkcfbDjwlmZlJbVc07/7EBO2JTX13Lhsfng1LUVdXw+xUbKPnFr9EohkwYSX11LTsXraWqvIK66rqo6BvaX8pLBf/KkLHD+czX8jFMt/ipG1BVX1NPuLYetCatQwaTvzcNDMWJgx/7jvN/T2ZcvRIKVwmCIAh+xLH6CUQcq1cnV5tjteLUn4hEan3FqEBbjovUUAa2bRFMDzpjwX8tTr6UEX2CpmP5VyqAMlScYxTAcGMEosfZEAlbRCybzKwsJ2cVhaFj5yoVE0R9XlWUxhFUUdhaY2kbFFi2jelGGjgxAq5ztZEJrjKCZGZd2yb3UxAEQRAE4UqjvR2rGz83BSDq5gQvZzS+oJXWkJ4WobY+iJ2wX6Pi3K6JbcXcoN4+t824fc7PGZ07EOyYRdXJc0TCkTiHabQ9ZZDVrRNVZ6qi0VMAWd07g2FQdboSZZhkde9MuDZMdcWFFOPwZcoSv08cq4IgXAziWI0hjlVBEK5Y7EgNBhrbFVYNpbDQWFYYFQiQkZHh7vMETu3FmwI2trZd8VNFRWDDNDAwnclxVLBVKBVw9jlWVgxDUW+EScPJRtVKoVGYKLewVbLJvrvVG45SWJEwyjSxcfrWlnaEXdM537ZsLNty/pDw3K4+tB1p8/sqCIIgCILwicG//D+6zV88VLmxUBpbJ0YGNNIG8aJqkm6T5pzWVFZTXVntX5AVfw7OaqcLpytJdJ5WnT4f/dm2LSpPnI2LOWiM6PWIJUoQBOGKQ4RVQRDaBcNQ2HbMD+BMQG2UcvY5rw1ncqm1m4eqUYb33QTXFYq2qa+rp0NagGAwDdM0HZep4XOuakeatW1NOBwhYAaxbR19yh8rdpXKQeE6CtyZsmWFfcv8o9bW+Gs0DUzTdKMHYtmrfpeuIAiCIAiC0Db4hVB/Qatgmk3EMhoIqInCqb/4VVy7KJ9Y6nPGRg9Ifk7iPr/gm3T8CeOL3960eCq6qiAIwpWH0fQhgiAILScYCJIeTCM9PZ20YBqGUhhKYdtWtCiVk3pqgGFiBIIE0zIIpqUTTM8gPT2D9PRMgsEM0tIy6dKlGwEzQMAMYigTpQwnMMD2XK4KhYFt2ZhGAMe5ajjirjJp3q87Z7pq23bMhZqwWydYFDTaEVgNEytiYUWsaDGtK4e9FPcfQG7/ARSXJOwKrWNm/wHkPrGO8kswkvJN08ntP4Dc4r3NPmdP8XQ2hlLsLJnf4vbajZL55PZPNVbvPZjPnnbq3ru3Mzf538lyNj6R8L6773mDzwKwp3hAivvZ0vG7x8d9rpJta2r8LcD7LCd7D66kz4kgCILQfPxGVU2CqOqsFlLK8X1alhEVOXXCyTrBPZrKrRrndEXFCZ5+B2ySH6Mb4s9JIbDqxHNj+aoN+pNcVUEQhCuaK+kvf0EQ/qbQ"
[DEBUG] 2019-07-12 19:39:03,246 method:org.apache.http.impl.conn.Wire.wire(Wire.java:86)
http-outgoing-2 << "YDiuTcM0SEtLIz0ji7S0TJRhEgwGCaYFycjIIDMjg2AgiOku5zeUEZ1QeiKl8gmVTg6MijpStcZ1qoYxTZOYQ9U5V1sRFHaDyXH8hFUBhpMtg+Oi9Synyj3YTSyIHq0gmgOr0QSCTiSBl1t7SfAEo4SvONGsZBsL3R8XTo4/Zs/Lc9kKsHkuQ+PacAU0t/1kIhw0QyhNGN/Qwl3O9sUPNRhzMkGtfNN08hfvYtYPPDGunI1PNCK0spfiVoiX0euI+2qsnyT9Tl4J+Md6+Snf9G1mbYaFk2P3xHvPF65MHGc5ZR84P43rnxvfUPQzdJCyBvfEEW/j7t0TB+k3G9i8jTe840MH2Qdw4yCymzf6hu16X0k+b+XvbHM+y+xi1gj/e1jOxpUrnYMSP3euyOu8/6nfb09wbrXoKwiCILSK+JgmiM3eXFHVNLnmpn6Q0Tm2rN5F63hx05+tGshIx0xPcyKn4oTL2LHOS0UgI51gVgYoCGSkYaanoQyDTtd0o1tuLzK7dyarR2e69euFYZqkdcgkrUNGbBw448zNG0SfIdc16KuRK0+IHEjipBUEQRAuOyKsCoLQLigD0LbzXWncqlCkBTMImGmAgRUJEw7XY1u2I2sqI7amy8tXVWDjTYwtbO0Jlgq/RGpZEUdE1Tq6BF8pMA2F1lZ0qt1AWFWOEKtRWLbtDNwwsBXYbqC315uhnNws73KUhsRCWlEhWClsy27HO5yKGWwsPUxhnvfaEfzGFe9mb/EoZ9Ps9ZS9tYB+v5tP/uLY63G+88tK5zEMKO89liUTHEG2VaJS3jzKSg+7X7tZMsHZPGdDw23JyJ74Q2f/5rk8s6ncFQpj4mV52UEgJgTuKX6IhawkP5XQG3U1xl9P9sRVvnvQGoZSWLqeOcC4Gwe1upW2JnviKjbOBljJ8k3lEFrH8sUAM9i4dGqCwFnG0c0Aoxh/t3+PT5ic/Q3yc1L1NoON3vt54yBG9h8F7OLoO+49H+GK+HHiZnNE8FEsecv5vEQ/w4mE1vFM4S7mbDjsXi+MK95N2YaxHH3ZEZed1zOcnRMWsLf0MGXePbh7LHNcQTbVQwRBEAThMqBisVIK95m3T2DNyFT83fNzufnLk7h+zEgGjPk014/5NH0+dSeBzHTMYIAu/XK4/ZG/56ZJ95HVsysqYDJx2T/xuX8uwExzC6n6HaRuXIAGAulpTC7+Fl99ZSGBtHQmv/BNPv8vj5PWMYtJC5/gkf96hs98fTJ35N/Lp74yjlsnfpqv/3I+X/vv72MGAs480VCYAZNPP3o/d039LMpdFaVUrDhVs8TShKgCQRCEqxq7loozJ/nw6EccOHKUvx52v46UcbjsBCcqqrhaKpZIxqogCO1COFyPaQbiHrVr7eSrAtjO+n2UAtuKYNvuYn7DwFAq4Qm9i1KejTVucyQcwQyYKcdiGEZMrE1A206RLNu2oyJqivitqICaoqkGxxmBS//sas4GRxB1KGfjEw+xkBlsnJhNdmgs49jF1g8OUp4zlVwGADPYWDgUyGX8BNi62XEkDnPFs+ycoeQvPUzujQPIL/w2G+9e1Yiw1gShnWxxhbt+vVMdVM7GJ4Yza/Molry1ivycbPJnzGDW5pVsLfwZBaWr2N0AriwAACAASURBVFg6gPzFc3nmwdEUlDoO2Ftzs6HEFYqj19SQqEM3GTlTeb54G1s9V22zr2sdM0f42l38EFtZz97+P4k5dKOsJL//yuirccW7WTGxef7N5va/tXA4uYUzWFJ8kFm+/rcWDifmQ3XG4fSPe8+9fY7AOAsc0X3KQfd9c64td7Gv79nrKSv0uVvd93jcg7lk3+183vYxmhVvLXDGOGEBexMF3ZL55E6O3RNn/DBnw276NesG7KXYbfv5PMhmBixeydbSMpg4mn4r58KEBTw/MRsYyxxWsnDzQY4uJTqO7JypFJaOpt8Tw5k1eT4jS/3/HwmCIAiXHW/e5YaQKqUIBm2CnTqQ2bMH/T83gtx7I1HxsfZcJTv2HaTXrTfyd9+ejgoEsOrDDLhvONvmLCKjS0dqz54nrWMWyqwnUlePFbHBMAikBVGGSX1NHcowyOjSgazuncFQZHTpAK5QqgyDg6/9iYwuHbjunpvJ6NwBIxCgvrqOztd0I5iZzj/8qID0Tpkow6Bb32yscISZa/qitVMI639/cxn1NeHopTWc/yaLBmgb9r9YwPydwMBJvPDM+GauJhEEQbh4as+dJHSulnAyH5LWRMJ1VJyuo+Lcebr26ME1HdMu+RhbggirgiC0CwpFOFxPIBB0HJxusSnDNLFtG9wl9IqYw9S2I1iWs7w/EEzDNByxNFYMSmFr7VrtnW2RSIRAMPWvMq01hmEQjkQwTBWniGqcebpt21iWjWk2LoQ62auOU1Zr4pyqqfq+pExYwJfzfK9DO9myeRTjJsSLeWyey9DNc90XCfvcpewjE8SvYYWHKSvEEcFG+I93SRDckgmGUVGzUddjEvIeY8mEg/BdV+yasoBxH0DB3Tt5o9A5ZOHkASycvYAlE0bFjksk6tZMTfbEbzCncFc0OqFZ5ExlRelUYqJw/O45Gw5TmLeX4v6uyF06j36bpicRXVtJzlRWlI6O9u2/9/kT3WOi4qvTf/z9iTl3nbE6S+O98Xnvm7/dPcUDyF+cJDLg+EG2Moold2f77gvsKfZFTkQ/e16b8ygrnRdrM9pPORubc/0l21jIKMYxl6H9Y23Hfybj+4WV5BePpSxOgM8mf+lh8pe60QBJ3h9P9E28X4IgCEL7oZRTYFS5T7YVGtO00UaQHrffhjIU7/xkDZHa+mi2an11LXUR6HXXrWR07cKuf11N+fulGNjYtnNUVs+ujPne1wlkprPnPzfx4e/30e9Tt3HHlx5ABUwO/XYv+za8lnRMGjADJjc/eA+H33iXI2+9R6de3Tlz9AS9b3aW+9u2zUfvHqHHdddww2fuQJkGwYw0zIDJ+799l7Mfn05Y3ZSw1D/JNLKtZpblrxY5oirAoVfY8t54pt3SRo0LgiCkJELFyROcrLKc32dmkA4dMunSKYuO6Y54Gqk7z/nz1VRU1VFvhTl38gQ1dT25rkfmZR15Y0gUgCAI7YLWGkMZ2JZFJBIhHAk7i/c9URUwTNNZ1qVtsC2UBgOFqZR7XtjNKnWdpBq0tt1cU7AsC9M0o8vxkwmdUfeoEctP9TJUvYxU29YEGnG8JrYXdbZeauG0CcY9ODrebZAzlRWlqyi40XkZW36f4stbJh3Fzbj0L6uPW9p/OD5ewLc9UVR1slKhoZs0m9wb/Ud6y9EHkZsTOyZ/qc8pmzOVFUtHU/aDuSxkFEvecpefL57LrM3+8xKu5Qdz2cooxjUSPQBDGTm7sf2NUPIzV1QdxZIpyR2z7Yd339qYxQ+571tiPECKUZQdhAljGel/D6JOYnc5forPmpfv2mLy5lFW+kPG44zTiw1I9dUwTsApqtUgGsJ3Tly8gG+7iKqCIAjti7f031AaZTiCqmFqIpaBpU2yb7uJ2rOVDCv4B+4p/EeGF/4jI789g8/809dI69aFI2/9mZqK83yq4CFu/4cHUVlZRFxhNbN7F0J/PkDnPtnc9PefoXOfbP7uyYepPV/NqQNlDHtkHB2yu8YGk7CkybYsDuwqoUtODwaPziM3bzDXDx8S3W/VW7yxais1ldWcPPQxJ/76EScOHKOmsppj75Xy2n9sxwony+RP4lLV8caAi+K9ZTy5NgTkMO2pSQwGdiwqYPV7F9uwIAhC49SeLndFVUWwQ1cGXJfDtT27RkVVgEB6J7r17EX//tlkZ5qApq7iFB+eqb18A28CcawKgtAueAKkwskbrampweyQhWmaaK2xLBvLslCGAu17Wm8oDKWwtYou0bfcp/mBYBpaO4mrlm0TDATBzUH1sk2TiZ6ea9WybNft4OSlapxJsVPwqnXXd+XQtPC1cPKAljkxQ2XkPjgDCh8id3Eyp2Pz8JyIJHVLwrB73aXbPjfguOLHGBa3RNyLBsC3dNzX3tLD5M9wtuf3Pxg71sUr4jSu+BuM374rdRyAbzwtw5dDmigsXgLKN/2kZe9tc5m9nrJCKH7iYDOu6SBb"
[DEBUG] 2019-07-12 19:39:03,246 method:org.apache.http.impl.conn.Wire.wire(Wire.java:86)
http-outgoing-2 << "tu+CzYN46cYBLGzCHRxHNCbiYvHFGDSXEuhXPIqFhcPJ3Z4kqkAQBEG4bCjTybZ3EgAUtu3METEDdM7tw4mS9zj9wWGncJWGugu1kJnF3V+djG1rQn8+wK+/t4JbJ43i+k/fQe5dQ3jx4WfQGs4eOUbJi5u5dtjNBDMz6HztNXTo0ZVIv3oyOnfADlt06Rv7FyG+jpSBGQxy4+eGceT376GBc8dOce7YKQb93W3uMZA9sA83fvZ23vj5q9z4mdupOV/Nh3sP8pmvjqV0z0FCf/3YLYKa2IHbAIlFVy8uXzW6/B8Y81QRY26BMU8d5ZFFJexYVEDpw0U8e/8lnsQIgvDJoP4MJyrDaCDYqSvXZXdqwumZSbecXhjHj3Oi2qau4hxnuvam+xVoDxVhVRCEdkFHQCkDbRgoTHr07AO2cpZfmQbBdANb2yi8zFXLJ4paBJQTGeCtzvcEVoXi+IljXJPdC+0+vfdcqY671Z+FqqNOVsO1PDiTVxNbO+JswIyPG2gMr13lZsB6RQcaHKevzLICTS5bTsi6JGcowyYOpezuQcwcMTfJ0umm8Ja/N+w7utR8wgL2LnWWgjdkHmWlj/mW18eW2vuXrOcW7vItKXePHzGfXE90LZkf7ev5ibm8sb2JYfcexDhoVHxtQNStCmyey0szpvJl92W8oJ0YvUDDjNaWMGEBe5eO5o3tCVmqpU42asN2/f2PaiBAJ2coX37wJzyzaXQTebCDGP8gbN28kn39d7O3+NsMLdzFnNmOO3Vhgnjup/ydbfEZsaUJ2a3NpulrKk+MYcgbSn7eKvJz55M72cnuvejcW0EQBKFN0JZX4Cnm4lSAMk1umjKOnrfElr1o4MzR4xx/9wDh6jrCNbVkdutCWlYm76z+FVXl57j9C6Mx3AgpO2I581LbmS/WV9dihSOU7fkLH+15H9uyKf9rGVbYKZ+i3Af4gfQ00jtmUnehhj9vep0OPbsQSAvSoUcXUE4Oa7iuHjM9SP4PphPMTKf3DX3p2qcHHeo6EamPkJaZTv6zj7Byxo+pu1CH36UavZhk96ORfY1Twurpy9jhvhrz1PLY0v9bHmfNU8t4ZFEJB9YW8cjaPOatepwhqZoSBEFoBRfO1lCngWAWOdmdMDjDh4erqCNItwE5PmNDwvbeXak+eobzkXrOlVfRvVfHy3cRKRBhVRCEdsE0TbTr6szK6uAKlwbKNIhYEZS2MQNBNDagMJSJ1rYrXhqgFaZhurWqlBsfoDFMk17BNEwz4EYDaGzbxnaLUCV++R2sCoWlNQobK2IRCKah7GRLsJrGGeuV9Lgs1RL4GC12rHpEszKdJdNJ20gsauQKXIWlh0mio7WSbPKX7ga+DW7xq6OlyXJKR7HkLc8Zu5fiySudbd+dSrYvT7TNCK1j5uR4sXThynWMfND5ucmMVV8WaasomR+X6zqueD3jtz/EzHd2s6L0cGyMKTNWfeNO8hmJCZE/Y8/Exl3LuV5G7fadFLjXz73zKGQ+C/35qXEi/l5e8gmd0fFvWsCtLXaxtsKx6pHnCvyhdczsn1zobigMt97JLQiCIDQDJ9reeWqNioqK2oqw96cvYmZkuoKkIqN7Ny7Ua0bN/So1Zyuor6ph5DcmMfi+e5x5oGFwujREuKaO+uo6wnVhtIZwXT22ZVNxrJzj+w4x+HN3cd3wWzn30UlKf/9TQu8epvt1OXS5NpvK46e59o7B3HDfMGrP13DhzHkG3nsHSikCGWl0zO5CuLaeP77yJnbEovxIiKN/PETf268nq1tHrIjFNbZm2+L/pqaymnBtuMEl64QvfwyAt7+lPDd9GQeAwaPzYKfjTt3R4KgcxoyGHTtLmD+9iGk/KmJMz1Z0JgiC0IALVNY5f3dndOxKRovO7UivDuc5XxEmUldDNR3Jao8hXgQirAqC0C5oQ1FfX48RCGCjQRnu3FhjBkxsyyYSqcdQBhiuE9Tv8/Tcob7XCoW2dWyfUijDiHOHarcoFjguV/92dyOVVRV07tLNyWul5e7SKy8GAOAgZSEY1oi42mLHqkdoHTNHbGO8Xyj1uSxTV7aPOVZTsjmxqJBHcsHKWdK/C27cS77PPbu1tAzIdp2ju2DzfHJLH6PsCc8x2xxnpsvxgy1zjyYcP27CKLZunstyErM82xen311ArlOEqRVtJCteFSvotZLlmx5rws3pZNQuXHyQsgcbOcxHwxgDb/x7KW6xKt8Kx6pHyXxyJ8PG0nkxodv3/4QUqhIEQbj0KNx5n2/apRVoyyJcdYG689Vo5yk8I56eSc8hg7DCFr/61iIidXW8vuQl3n1lFz2u70vVqXMc/8sRwjX1bC1ajhGOYEUivP5vv8CKWFSfqWTrM/9Ozxv6kdWjC+UHPiJSH+a14nV8/O5hLpyuZMe/rKHP7YMIZqZTU1HF9Z+6mZL/+1v+smMP4bp6bhiVx8CRt/KbJRvQKP7Pk8vQWmOmBfniv3yV6opqNn5vDeh4F25sWqkSvicIqa2cfj67annsxaPOt/JXi3hybYjBCcv/pz3auj4EQRBSU0d9BCBAegdPhuzOdQO6Jzm24XajU5BgRZhwJMIFEGFVEIRPBsowyMjKJJCW4Sy7tyKYZgBDGWjbxjAUhjIIRyIYKuBkrQJNzRidolhuJQMaiqINili5Oa2GYRCpq8EwDDIzMrCsiDuGQFSATVb8qpErdCfyLTilXdnF0eNAI4JSax2rzjLtXWz9wTpGuvmTXqV4mEGBV8H9ieFsedAvsg5N6ViNjwJofqZlVORbvI09hbmxgkcfHKScXN5Y6Ylg8xhWMp/8zamv3XMfXrRglhgd8OBY5jCWfjfOZWt7FJRK1v+EBRQ8uK2d+hvKl4tHsbBwF1sLHddqY/Trn1pQThYFkJ07CIA5s2Hh4mQO5ORu7PJN0xm6fWzC56f1jtU9v3M+O7HIC39u7gK+nAfewwJEZBUEQbg8RB2sxNbFuxFNr31/KXVGOrXnq6mrqsG2NVZ1LSffL+Xk+6XYPsdraN8hMoImCsWpgx9FZ5+ReouyP7wfzTPVOLmt+371BuCIoe+/+gc0sH/HHwhmpFNbVUMk7FS4/vMv3+TgG/ucxrRjKNAorLDFr1/Y4MRWuaJq/EX5HaqJF+ztayi6CoIgXF0ojLSmj2pAmtFEHuvl5UoemyAIVzHKUATT0jGUwjANggETjY1lh7G15UxVbYuA6WSthsMNl0IlQ2sbZRiOKGo0PbG0LQvLsrDC9ZiGiWmYBINBDDSGcvpujfu0aQ02LinrkrCvLPky92GF8dXQEyubRyu0T1jA3tLDlMUJVeXR/M45M5zt5Zum+6q8P8YwYE+xk326tXA4xSXtdYXgOSJhJcuLfxYreLR5Gy8VOwWqmL3+okQvT2BrNjmDuHX2+mjleBhN4dKpjHQFxoWTB5Abde6uJL//gOSOydaSM4iCGVPp13YtNiB74jeYA8BKlm9qfZxC9LPnfeYA8sYyZ8JYRvZPODh0kH0AEwalvrbNBznqjJD8pc7n2Xsf5mw4HPc59z7/zF7vbIvLC97LG4sBRrFkirPd+0yD99kvZ6PrgF44eTobQ628CYIgCELz8SZcsWfqCbtVVHqsq6ik6ng5decvuBFQCWj/N3clVGyzUwAr1rJP5PSy++OLSIVr6rlw9jxW2Io2XFNZw6nSEw0Ga9ua02XlnPv4TNxw4meKSYpVJUwlL2Zmuf/FAh6ZHvt6cq3zD9mBtUVx2x95sV0ncoIgfCIx3F/nNpGaVpx+IYIFYBhXpDv0ShyTIAh/A9jaRGsj5kQ1bJRtYBgmaJtIOIKJwggEMA2FqRTh+nqCgaBT9Crp5NkAHHepdr8nzpq1t2JMQzgqpjqzcQMN2CjlFCnQtoUy09CGxopYKNvGNEznfEujVGoXq2EYjhM2yUC1tlCmIhJpnljcVmzdvpPyiT5RNMXS/lQFhBKX5c/ZcJjC3l619hmMzCNWCApnW4HrTh1WeJi9/R0X6sLJ0+nXYDm2W3jqxvVJCmA5LsB9KSMFXI6vY+bLg1gxZQHjPoCC/tt8y913sfCDBSyZDbjCWDQzM45YAazkEQaewNYShlJYCHuKk+9tMmP1"
[DEBUG] 2019-07-12 19:39:03,247 method:org.apache.http.impl.conn.Wire.wire(Wire.java:86)
http-outgoing-2 << "ohnKsDwoL/NtSlkQK7F41iiWvPXDZvXx5eJRkLuKwrxU1xpre86GVYwsm56ytfKygwDcmuvc/5EzculXti3+IC9i4cZBjTqaz7oFzBJJ6dCOywN2owOOb3OOnTCWkTnxDw9iblVHvM29cQD5i3fFF0gTBEEQ2glnYqdcpdFZ9a8dx6eC6PIh5cSwBg2wtRcBpaJzwvgJoyJoGlGB1O0lTnj1XsfnncYvz9f+n3XCft3wHF8XcWOJF2zjx5rsMX1rxdUhjy5njW+Zf6ooAEEQhLYng/RAJbVhi7oLtZDZspTVC1VhnCSBIF3aZXwXhzhWBUFoF6qqa52lT5bG1hqtcZfwOwJpIBgAU2FrC8uKoNEEgwFsHSFi1QO6gZPUK0DVmFvUti3C4TBWJIJpmkmFUeUuGVOGwtY2hlKYAdMpuKU1tmU3jBRIQGvt5L0mQSmc/pXZ9I1qSzbP5SW/ySBvXtStF3NTzmBj6eHGHavuV2Geb8n/7LEMixaCcpizYZ6zrf8AcuNcmI7otCd65F6K+w9n1uZRLOmPb7tLCfQrHuUIvk+sS1FeahezJs/l1nuHOsWeZhwkv3AXjjDmXt/muWzp/8PmZ6kmoWHeZ+vJnrgqeh9T7Wu36vM5U1nhf4/fWsA4oOH73/zs2eyJq9xrKY9GMHjCKAltF+bFF6SKsZPi6GfFFevJZlhe4n2ILcOfc2+iEB9PN/delpXuZskEd2PCZzmpYzV6/bG+xj04muzQOp6Jjt0tehZax0z3cx4VXFlJfsrPqyAIgtAW+Kdi/mfZKl4ndaRIBWlBMN1c/nhNU0dfG0pFH7r7C0T53aieqBo9KU509RXRSiKcNtjWQHRVSQTTeFesf1u0nwYCsSAIwtVCBt0yHV9n/YVKKuwmDvdTd4qTFyxAkdGh8xUpYopjVRCEdqFr564oDAwT0Ba2ZWPrCFqDaRoowwTTBK0JKGeJVDhcTyAYxMAgHI4QCCT8itI66VN6T4ANh8OOQ9UVSFWKyacjmNqOMzZigTKi25XpCKq2bUezWZOhtcYwk++zbQvDcBwVl5pkbtE9xQMaLN1vHuX0u3cB4xa7giZEszadvga4Dkx/jupeivv/hH5vPUa/EHDcc83GF6PaU+oKVzcOIjtvKPl5q8i/23FZDt28LVaAKLQzutzfy0KNXY+vUFHhYTYygPzC4eRubyy31XEd5i9NsivOjfvJpHk5vGUc3Qwwin69k+2PLZl32nQ+k1H38MSpSXN34yj5WZOxDkdLd8GEsW5MQMyJDLHYiuYy8sEZsPkg4+/OhpypFMyey9bFEM1sdYXaFd4JoXXMHHGQgu+ObkEvgiAIQmtQaLRSKHdZkucmNQMmWb17UVtxntrKKtDQuU8vOmo49dEp6sM2GAYZWVkE0tOpraqmQ/cuBEwjKqRWnTqH5eajAnTpew1pHTI5+UFZnGPVL2h2vbYnkbDFhTPno+fGxQjoRNE0urnhlTVybGJS1cWETO1/sYD5O5PvO7C2iEfWJmwc/ThrHpUwcUEQ2o607llkVVVSbdVy8uMzpPftTpO+1bpzfHS8mjCg0jvQu9uVKWFemaMSBOGqJ2CY2LblCKgYmIaBgcLGdbDaljuZtJ3YLKVISws6gibOUntt22icibM38Yw5FBTaLYoV7dN0f6VpUoqqfrStSQsEiVgWpmFiqVipAqWUK9CCbdsNYgG8n23LjhNYtdaYponR6qnvxeIIQUejxXXK6TdlN0s+cJbht8whmU123tRYhXRcp+XExs4ZSmHpKufH0DpmTl7pW3IfL34xYQF7/bEAOVNZUTraOcZbZp0zleeLtwE/pDCv8WX8wwoPUzYliTjbDFJWiv+E4YnXifcj2f2ZsyHF/XVFUe89Kt80naEpC0rFC+4OZa6DdAYbE2Ijsu8eyzh2sXXxQ+QD44pHRwXUkd9dz5zNTqREyzJ2s8meOC/ucz2s8DBljam/OVNZUdqSPgRBEIRW06BglYOZkc7IfyrkvZdeIVxTR5fr+3H9fZ9Gazj8m99z8NdvcWP+fVw/6h7sSIS9P/8Vn/r6VOoqqwHI7NqJdY89z7ljztoDDdw2+bNcd88trJn2A7RlN3CzdujZlc8/N50OPbqwfvZPOVV6HG3FrFf+olQ6KpymcKtGr0X5hFTPIeuLKPA5ZONOawGJMQCCIAiXHKMrfXrUU1peS6S+irKjFtl9sumaQpW0a05TduICdTZgZnBNTndaU/fqUqBq6yOX669/4TLhufu01ti27RT2sSy6del0mUcmNMbZivOYpuPGNAwjKuy1rJL9pXv/rQtHiETCBAKmawi1nSIBWmNj+1yiGq1tbNsZB4BhmCgjjUgk4uaqaoLBoLt838BQCsuyXEepiTfbbupOeGKnjUJrx5VqmmnYtsbWNrh5WwowfL8ZFYqIZUUDXP1Fs2xbu7EBngCrCJig3AxYM3NAG9xNQRAEQRCEK4+2mp+m4lcPfjHmCNUxYRLDpOO1Odxf/H3+8vJmOuf2oevA6zhX+hFKGfS5+za2P/2vGIEgdxdM5dxHJziw/U0eeH4Wry1ag5EWZPS3v8Lqh75DTUUVRjCARvHZ/zWV7Bv6sf4bi535oWVT4wqxfW4fyOe+OZW6C7VUnargmhv68uZ/beevv/0ztVVONZaYcOpf2u8Jp/7iVCrqSNU+YTXqfPW1k5jhqoFF77Y4EF4QBCGKdp/uaDeyT2vbNT/ZWLaNbdn06Na5XfquPXeCj8/W4SmRgbQMOmSl0SEziGGHuXChjuq6MPUR2xmnmU527150S2+X4VBZWXnRbYhjVRCEdsFxmhrYtpM1qlUAsNwcLFfi9JZzKeWIqcqIZVbZEYKGQqOxLIu6mjD1YYvMrCxneb5WGEYAZ5rZssm70totZmCjsDBNEyxHaDWUgVYGtutejf43YKBshcbG1hZoy3HVGgHQNtgRTOVEHGjbQKPBsLjEKauCIAiCIAh/OyS4VL3XgYx07pz5CNqyuCH/QSo+PEZG1050yc0BFJE6p4Bo3+G30bFXD9K7duL0gaPUnD3PHV96AIDzoVPYEYt7Z02h15DrUYZBh55dCKQFmbL0KeyIRaQuzK+e/Q/uengMN44eSsWJM+xd/1vCdWGCWemM/faXGfyZ23ltxWZOHgzFDTVxKT/EF8Zyvinf64ZFq+KdrbE8WEEQhKuVjK696J9+jtCp81wIayL1tVTU11JxLvnx6R17tJuo2laIsCoIQrugDYXCwMZxoSrtuReS5KR6roZYXYHoJgMwTANbQUXFedLT0zENE2UY2LQuwt8TVb0cVFtbGIZCW05BA61ttNKgHW+AN3+1Dec6UCZKB7BsjYWNYYcxVRilFFZE89GR97Fqz9CtexbXDB7UihEKgiAIgiAIDqrBS23bnD1cSq9ht1H6P28QyMggck0Pzn98Em1rKspCmMEAF06eIb1LR+qOnaT23HlOHTiKCjgP6Cs+PkVGlw4cfv3PnPjgKOmdO3DXww8QzMzg1JGPKfvD+0TCFtXnLhCuqefcsVMEs9IZ860vYdsaKxzhfPk5tK2pu1AXHV7c0n+fW9VflCouLzUxZzVBOE0soiXLTQVBuNoxMrtybW5XItXnOFNZS3V9hLDtrB0NBAKkpacRtGqpqI5QX1sFdL3cQ24UEVYFQWgXtIFTaEAFsC2bANpVJVvYjnaW2tvapmv3rhjKwNIWSttorTANo9UFUg1lOAWvAkE3G9UgHKnHDHhOWAAD5UZn2YblVmV1riMQMMCqp6rqNMquIz2oAIvszgEiRgBdneKxmyAIgiAIgtAkzgNuDVq5D8bdbZZF5YfH0BGLrgP6UX++is65OaR37uTETlkRPnrnXWellGGQ1bMbWT27Apo+d9xIpKaO4/uPoG3Nwd/uRWtFn9sHcedDn6P2/AXSMoK8v+11aqtqsWyDncX/l+79e9O5dw/uefh+Oud0Z9dPN3Hu49OcOHCMcG04TiyNW9bvI/61X2BVcS7VxGzVZEW0BEEQrnYCWV25Jiv1/p415widi1AFdLxko2o5yUtaC4IgXCQmjnCpzKC7bMmOWxPVMHvLXxjKv9nJNzWUgaHAMDS2ZWEohTL4"
[DEBUG] 2019-07-12 19:39:03,247 method:org.apache.http.impl.conn.Wire.wire(Wire.java:86)
http-outgoing-2 << "f+y9e5gV5Z3v+3nfqnXpOzTdLZdGAZFLuKUxJgYkmmBU1BglYzLoyGhOgs/MJDxnnGcmlz0z5+w5eyfZyT7JbDLmbDEnuslRngkJmqggJiZERDFEeriFFpGLNNDQTdOX1b1uVe97/qiqtWqt7qZpaG7yfvKYtarqrbcuq6lV61vf9/vDUQ6O63iZMFoT/G8wpPBywLRfSEsIz0trR2xcDa6IkEHiIlFIFAI3mSFxqo1UTyvpnsO0t+7m/b1v46ZPMaIySiySRaguIjJDaXkJJaWnCAkt5wAAIABJREFU+ZYwGAwGg8FgMJwekfd/BqPlNSBsm7o50zmxcw/Nm7dSMmokWmtk1MaK2tjxONKymfCJG1BZh962U2itGDlhLFbEJlpeQvXEsaS6exDCiwC49RtLySR6eON//pyrpk1gzuJPEiuNYksX7WYZ86EJfHL5YuobJlNRN5KFyxcz/4t3oFxdKJAW3YYWFKzKFbQqFFnz7tXc2K0+bYJ2xrFqMBiuFGTJCMaNqbmkRVUwjlWDwXCeOHmshRG1V3nFpqSNdrKnz0IVvqCqQSuNkAIQXgErNFJaOcE0ErFwHAfLthHCL1ulNa72ikdZ8syTTS0p/YJeyisU4N/QCpUmaglQaZx0L90dJ0H3InEhC2WVZZSVSVRSUVqi0aoHVJpMop3yEhshFclUF2VnfwoNBoPBYDAYrnD8e0ehEaHh9ForEkdPMOpDU5ly3URilRV0NR/DTWfRSpFNZVCuy8HX/oCTTNHT3sW7G96k49BxbvzKn9PT1kHj6lfI9KYYMb6ORf+yjLJRlbzwD/+Dk/uPUDd1AjcsvYuy2pH8/l9XU1YW49DWdzj6p0Pc/NefpWpMDeu//SyJUwnseASlNa6jcnsdLjoVJj8tQtPholYD57Bqk61qMBgMlyRGWDUYDOeFH/2f/8To66YwY+4NzLn+euLxKAKB0CD94FKN8OMBXESu2ql3U+pVKFSARlhWrhKsl6ulkZYk62SJWrbfXmFJgVYa13GQlg2IXK6r50dVucJZQVEq7a+D65JKJejtTWALhVRpWo68T1VlGclkgvqr60n2nqS8rJx0MkWivYeSkkpKSywyqS7i8WoS3R2UlUYRrgZsIrLiQp92g8FgMBgMhg8WAk9UDRWyElISrx7Bzv+1hkyil+mf/wyu4xApKUErRUlNNcn2Do79xzuMum4iQgg+8sV7mbJoAQAVV41i0X/5K17/tzVEK0qJlsZ54euPc2zXeyileO3ffkamN8WEG2fx1ogKbvtPX2TcnOtASCzLi6F64PHlaA2Jtk5++lcr6DjWnosACO988TD+nHiqi5b3k62a60sXvBgMBoPhEkKkMo65Pl9haP9RqdYapRSu6+K6LiOrjAh0KXOqsxvLsrAsCyllbih93yH1p+dCff4/+sottCZ7ENpm3PhrueGORUyb81GksLzCUQi8NBIF0nOMekKq8gbzK0E2myYSiYZ6tfBuKWVuOJirwLKjKKURWoOQSEBo14sHQGNZ3npexKsMwrlwVQbHTdF+vJ2K0jixSIpTbUeoHllFsusk2Z5eKsorSKRTjLhqLMlEF6UxiXK8vK29e99l7FWjiJeNJKMEkahFTLr+vgrQgtjEvxzW82owGAwGg8FwqTBc96cD8dKiz+XcmgpAg8IbYZTLMdUg7Aix6pFke1Nkkhki5WUkO3tQrqaifjRKQeJ4O8KOoHTQn/CyUYUEIcmm0kj/Pk4jkFJSMrKSRFsnscoyXGKo4B6UvINUKUVvVxLlO1b7K1gV7GdBnmpIhA0v137egQ71hQ5nsAr+ddd/H5bzazAYrky0b4v3zEyeSUlpjVYKVymUqxg1svJi7+YFoaur65z7MI5Vg8FwXphQY2Od6EGLEpIt7/K7nx1l19Y3ufUzX6CqbhxIga29Cqqqn0uR6zpFoqrG0hnftSpBWijlZaU6joOUFggLz/+qkUIjpXdj7zhp72afGEIpEt0nsWWGrrbDpJLtlJWNxNaV2FJRWgJCKXo7E4woK6Wnsx07Xkq2JwFOGlc56GySROsJKtOnOPH6Rnqyio6M5Jopc6iqraO0ogI7FsO2o32Oy2AwGAwGg8EwdLxxTV6wVG4EvS9OqqxDz/G2nADrtHeifPG18/1jufcqlfVetUSBP79I1MTrV7mKRFsnAKmuHtJOdmDxs8+w/fx+9zedP4Di5WFXa35fCpxQxhZlMBgMlxRGWDVcBFp5/m++Bv/4E+4dE56/jRUTXmb+wW9yPWcyP+jrY7z/pf0sbyhc8vaKSdz7/SHs1mM/5/Dyubl1n5jwFivvqe2z/bdXTOLed77Dtsc/T+0Qur/SmDZhFJOvrkFESkg5mr3v7CF6opHNP32f2Ng53HT35ymtLAdc0NrLShXeza3jZD2htABBBs8NoREILKRlIdw0Ebyna1JaaGGhlMTVUSxLgXKxrRgaTaLzMMnOk/S0H6MsmqV6RJxe4aJkBmlrOnoSRONVdCd6KC0rAzJYlkZITTqTApWiu+sUOtlNBIeymCKhXaTOUB2LkG7ZSVdnnEQkjh0rQ0YiXH3doxfh7BsMBoPBYDB8AAhU1KJXIXRh5qgIHKBBI3Ir5OKfQu5QL4OqeOi9QLkCKXW+nd9L1rEHEFXzOmfOXervUPh9uL8+bXV+O4Vv+osQMDmrBoPBcKlhhFXDRaCWe//xDpZ9/IvwZiCutvL83/wZPLe/H/F0Lsufe5nxK7b5wudAwqwnem5e4Ims1y/fz+Hl+fl5odSn8VuM//HkfgTSbWz+/pd49KA/99g+dt01mSX+0uuX7+fwsZ+xbMIkZj7XV9A1eCRtl5i0KBsRIYrDrMgYUm0nSaR6ONC0mX319cy86Xa0ZWORBfLxBCKXjZpHA1pKHFcTjdjguqh0ChmxUdIi62qkligEllZkEydQKoWlM/T09pBMJolEkohsiroRApFK0nPiCFZZLalUgpKKGmLxMnoTaRInTlBbqslmErhOhpb33ydWOgpb90ImiU5309vTTqK7nWwyS0k8hi01OAls18GWaax0EuGYS6zBYDAYDAbDOVEgqmrfIZoXGwORNRTBWjDkPu/4FLn+vPVDQqcvzCpt4bogpcol/zuuhdKyn+H9QWeFJtKBIwD6d6+GM1jDw/11UZv+tmUwGAyGi4/51W+4MBz7Gcs+/nXWF81e//FJfDU846VJfC80+feBcNnwZX7446/x/LG+Yuqw0/gy33vsDpYH0y37WD/1DlaG24z5PCsPfv4878jlzXO/O0o0m6V8VClW3KXSdbh2Uh1ZtxPhnuC9xl8zeW4DsYpq8nfMXs6qkDLUk5/VhSaiHRBZdr+1kZFlJTTvf5cxddVIqens6iYSLSUar0BIhaW7KLMV5VHIdrQzYtRYsipOvCSGSqVwU2ls16K79QRd6QglZSOJlEYpQeNqh1OH3qNEwvEjRzjc3E77qV5GlkexpcbN9uC4PYy5+hpGVZSj3SzKdUBEyagoWoG2XCxR7LodXlxXkc1mcBwH11UopQZf6TJASq8whG3bRCJRr0iEwWAwGAyGK4+ws1TjBwGQL2SVE0lzKxS+zQmy3oQWIqiTGlpYuJ7SAtcNiqMWip3hNSGf8xrMC+9L8RD/fgXUovbhiAD6WW5EVYPBYLj0MMKq4cJwtkLksZ+xbEJIkH1pEutW/Jw72chXw6JsSJD9+wXntquth/fB9/+M8QUxAj8umg5zCz988wIIvpcZ3d1JenpTRBJZSqM2pDqpGzWamOilYWoFSqZ46cn/m5v//CvUjR2Po110pgdpWbjEsLTKPat3sxl6E92ge0gcfYeK7vfQnSmqRQa7pwftpqmLKpLd3eiOCPGSKuwR1WgZwXV7KbcV2d4eRHkpNjZZV+GmUwgniSypZUztKLLpbqIVo0ilu6itH0NXTHG86U/sbTpAssdBiQiJXkVJXCBFiqvGjaSizCWTUVRVlqNVllQqRSaTQUbLsWybeGXZeTm3rqty2/ogopQnEmezDslkimg0SjweNwKrwWAwGAxXGrrYVapBiLwAmcs2LcxdhUDUFAVipNCgctms/WwuEEmLBdM+btH+nKjh9vl9Lx72"
[DEBUG] 2019-07-12 19:39:03,247 method:org.apache.http.impl.conn.Wire.wire(Wire.java:86)
http-outgoing-2 << "338EQOG6eZG1cPuE2hoMBoPh0sAIq4YLR+O3GH/fj/vOv8vLK30/N1yfUG5qSJA99jOWfXwfj94zl+vv2c+9j5+f3ay95yccvieYauX5v3mS8Y/3l+9qOB2nOrrAsnFSGWwhkcT44/a9NMwYRZ1Q2NluYj2dNP3ht9R85s9xgYhtI5TGReNIINPL/h1bqLQV0kmS7OymtKSE5uYOtJPlyOF9fPiGj1FeUU00EqXrVDOxKPT2niKTSjJu8lR6u09REi/lVPspug/3gBWhN52gpm4kJSUlVFRXINwslSXltB8/RqmMc6r5fbTqpTfRiRBg2QLXdUlmFLF4OVUjRyCl5vjxU+w/1kFZRRUWilhpBdmsyzXjY4ypqiabdYf9vKbTGXp7e4e930uZTCZDJpOhtLSUWMwUBDMYDAaD4Yoh5Dr1zKsi5AItcpyGswCK1/cndNHCQhGzKOuU/kXVcLGqXB8hEbRP38F6xX2QF1XzfYQLVoVF2KI4g7Nl7waeODCOR2+f6c9o4fU1b8AnF3NTzbl13T8tvL7mVTrmPMjdU07XbhcvrunkxvvnUxNMP3WEyY/czrTzsVuXGn0+lzC7ePGp7RwZpIuK6Qt54MbR0LaZZ184SHewoHwCn7t/Pm0bnmHfxH4+h+L2p2Hc/ME+R4PhysQIq4YLy11FRZ8av8X4frTWPNtYMeHfuPrNn3Bvyz7W3zWZR3/1RcYv33jazfz9f/sS3/tacccfY/zyvm3nvvT1/HrFmamNT/LVl34MLw2wk6GCV4ZClIggFSiVJY2gJB6nIwsH2xRl8Rgl2QTlOkvLrtc4Ovt6rrpmMloLpBAce/8AOtFCtquNcrJEHU3b8SN0txzn0JE2tjftRylJZWkJx0/8FuU4RGQ5FppJU+qoqIpyzbTxnDp6hGhpCUJFeXfvH9n95iFEaSVzFy6k9rrZ9HS1kXEcRCpFuvMone3H0LEYUctCo0mnUiBtrJiNyChSWdh/uJmx2Tpwk1gSsOs4cbIHISxUWzeu45Lo6OHQvvcoK4sx5rPDd05TqRTJZGr4OrzM6O3tRWtFPB6/2LtiMBgMBoPhguCJp/0Ng9cFYmpeZB2owFOxo7VgWUE/snD4/wCiak74LHLGhtt4xVlVPvRKC5QWA0YAFOSpBsv1xXWotm1Zyy/2lHFzSORs2vAMvz/qT4ydM4AgOAh7N/DE5raCWb946mDB9JGnnuH3AJQw4zPnS/w9PQXHCv0cryd8dgXCZpiCY6wpOIdh2tp7qKga6OBmcvcjpz+/bVvW8kp4Rm4fPcEadrHvKBw5+gxPbM4384TS+TzwyHzYu4Fn2+fkjyE83baZZ19IMNmIqgZDvxhh1XBheenrBUImAHd95zQrzGX+YxvZ3OJPTp3M9X0cpf0Xslr+hW/m3oeLWuUYsHhVnrc37eOHK77E++O/WVSkqtVz1S4woupAWNJCuFlK43Gi0SipZApH2IyZ+SnsERYn3/sj10yU0NrJphfW8IWvftMTJ50sbcfe58jmF7lqVA3Hjh5m/6Ej9DqSirjAtctx4rWc6k7Q2e1id/cwasQoejuTxGM2bnM3HxnXQKIzxZ7GN4lU1fHhG+fT3XqKiqoR3HDbXcRrquhqP0FMuEjXobnpT1SWRBkxIkp5mQVZQSopONWeoL0rRW86i6sEKUfipgWJtCAeKfGGpLlZL98Uicq62EKQTglikThdndlhO5/pdOaKFlUDkskUQkjjXDUYDAaD4Yog7+AseA0WhZ2jRUPzEaD7jZ8vdosWDfknFDdQUGiqH1G1z3vv/21LEbFcYhEH2/J2IljXUZJ01iblRMi4dsF+B50U57qem1vVc43uTgTTbTzx1PbCJi88w27IuRvzEt8utuxJAvl4q7Yta/l91wQ+98h8avy+X9w7c+hOxim382hunUvVsdpCW9dATs3gvNYwbmw/q+7dwBPby/ncI7czmB7c1pmEqoGXNw3kNj0N3jpz/PfbYf6DofPtfY5bwitMuZ25G57hiTXFfwMtvP67g1TOf/DKcA8bDGeBEVYNF5YhO1bh6gm3cO+mbSyZsI9FE8b3HynwUihvtXgbtHL4HWCo2avHfsYTfIWV94zn+b/5Fm+H4gBaf/U1vsp32NZw2h6uaKqrR5HqbCMmXWwcXEuQTqc50pFm4QNf4eQ7Mzj8+5+gU120t77L/j1/4popU7EsycjaOrLXNbB/z056UxZu2RisaCWjJk3gqrFjGVVbS924qymrqKSkJIbruCQTCZxMmlRvN8cPvUPzgUZUWnLkvRbe3/dzJl1TR8mUcsqq45SUC0TyJOVRi672w4wbFSXdkyZiVdHRnqT7ZAdHD7dw8MARHOK4lOBoSLsu0o7TkehmVHUljsqQchzSroOjJNKvGJtMZygrLSWrhycKwHXVFTf8/3T09vZi27bJXDUYDAaD4QOPDjlThe8s9V9V0MInl70K9CeCCtBKoAsiBPrbovADXQdxqkKuuFWwH1JoSqJZSqIZb981KFUYQWBJl7KYS1k8Q9qx6egtIevaBWJq3wiAc2E0N93/IDfBkKMAmjZsh+kTqNiTyLVvOpxk3JxAeBvNTXNqeOLALpgS9DmAKBoIjQWiXcBM7r6/aHoQl+aFo4QR1f3Nz5/Xpg3PsK1gWQuvb+9hxicHF1UD8babNmD0oK2HTOIguxM13Hz9Zp7dUMUD/biLPcfrPB64/UFqtqzllS0tPJA7Zu84DQbDwBhh1XBhGbJjFWrHT4YN+9jMRmYuqM2ts+3xT7LZd6uOX+Pns45/sh+h9jDvv3QLV//jUHa0lef/y8vc+Y8/AeDex+9gxYQvcvjNn3Bvy7eYu3wyzx8c2OlqgCVf+QdW/89/JdV2lBLbwpUuoqSEE4cP4/SmuOq6Wez4j+k4pyLU2Z1s+vmzjP+HfwJpUz95MtdMnMysT92JkJb/tF4SjccIhnpJKQELLcCOKUpKY95tqB7N+Guvpad9Hv/+3f9K8uRxSqvidCqbGz85j5EVZfR0dJDqTvLib39NWUUJODbtra3UjR2Bk+0FR9LR3kUkGsHJAkKSzTq4QqFcQUe3or37JLHKCqQVI512KItFsVwHS2lcBL1ZjejXJTF0UinjVC0mlUpRVlZ6sXfDYDAYDAbDeUUgglxVP2dVoT3hUxQWjArQhav7t47Cc68GwmxRnmpYIA3mDy6qFm7LloqqsiQShfLH9wuhkYCrBK6y8HZBePMFRK0sdRUO7b1lJDPRooiAsPh7EeIA9m7wnKnXwyt7Bmnb1UkbUAO0bdlL1/R5fd2NU27n5gPP8MqWa3PDzfsMs++PPi7aIZDZw/o122i5ai4P3jqdoY93aqMjkeTIgI7egVZ7j/e5iqvffoYn/OOr6C8qIGibKKGCIzQxc0BX6JHNhcP4i6mYXjzHE4Q7/H1my1oqJ87Pb7YzCb54WnPjYs+t+lQNNz+ymAeAti1vUFl9HoReg+EDiBFWDReWs3CsMnoyi156mXXcwp33Ay2DtC/i7RV/xvce+zmHxwzeNqD1V19j3e3/jZW5deay/OBXWDFhEuP5Es8fNMWsBmPS9A9Re/U1tKQS9HSdwrItLO3QcfR9Du7dzXWzp3Prnz1Esq2FP2x8lZiKcKqjg9q6OqTSaCmJlVXk+hPCsybkM6s8J4Hw7QpaSP/VK2zQkUzTI9NUjYkzbc6HGTtlCjGg60Qrh5reZeumTWRSAlu0gWNTVlZG+5E2qqoqcBxJojMLdglS2KQzDtmMi0MWpSzSymLctbP58LybGDdxMsJVnDx+hM7W4yQ62nG6Wug52YK0Iud8Hl1XkclkzqGHk6z7h/8Mf7eCO6/qu7Tt5eV86huvD9rLrd/+Nd+/YxQA259czpF7+u+vX3b+gNk/nchvv3tv7kY03Mf2J+fy0Lv/XLB8MDKZDPF4fHhdq5kjvLf3BO2OS8yuoHbKZMZEreHr/xJk97pVbB1xGw/PG03rG2tY3TGN5XfOOj8ba93E088luGHZImYMeeWdrF3ZRPV993PLWTzRCh+n4VJiJ2tXNjO14G/i3D5rg8HwwUIL0L6qmhcy+xEZcw7WkGAq8lmmOWHUn84bXkV+/Zyt"
[DEBUG] 2019-07-12 19:39:03,247 method:org.apache.http.impl.conn.Wire.wire(Wire.java:86)
http-outgoing-2 << "NbT98LqncaralmJEaa83JRSW8MRVpbz9FsKLB1DaiwFACKQASwssqRlV2kO70CRS8X6yXS+CqNq2mWc3w82PzKemLazmjaamEnZv30zbFE9gbDrQBpT7y3exZU8Zcx/p//t22vUT2PbCG7w+2XPITrv9wYLc1r7D3YOM0HPgnG4VC52zTRue4RcbqgbPlG1P0J1oo2POgzx6O35Gaf64w7TtOw7T53Ebb/DKlham9Se+cvrCUX0yVvvQQlPnVdx4Yz5yIXxMeXG7jd/ncm0BisTcs83TNVx+XNxo58sOI6waLhmuX76flQC0Fi4Y83lWHpzMigl/xldfmsT7j33pDHv0clC/ynfY9viZZ6G2/uqLzN1wB9se93/RhaIH/v65/RzmW4yfMIlFK95i5T3mV99AREqiTJ45iz3/8Qd0by+jq2uIRgSJVBd/fP13TG34EE5GUVY3hnn3PYCw4thWFLJpBBol/VtJcfqruvBNCwoL5TsAnGSS3W/9jps+8WFqyjVKRKiqKMVNdLJ98+scevcQbiaKk3UQVoyIjKKyiqSbxJalZJSFa4+gJ50mo106uhNg2WgBGQ2jrpnGo//0HeLlVQhpoZRiktZYQqOUi+u4ZFNpcM89CiCbPRdRFeAIR349kY9+t/+lNXesYMcd4Tk7eLLhVT7a+LfM6W+FnT/goR+9Dj+aS+A9v/XbT3Prbx/m678Otfvrp9nx5dlw/Hke27KQHd+dTdvLy3mM/8MXaF/n63d4fXx11TZ2fHnoR5bNZrCsYShkpTp57/VXeWlvhtqxtYypidJ+9Ah/2PIW8SnzuOemyVSe6U1503pWvBZcw0qY7YtDrW+sYfWuZJ/mlTOLxb6drF3ZSFcwv3UTTz93gK7iFSsmsmTJAuOavxxoWs9aFrF42k7Wru5gwZIFnFi3htYb7mfGu2t4iQV9Bd+m9Tzd3sDD82Dj6lfY0W+p3vzfF62bePo3cFfR38Rufzt9BMqm9azYX58X0YunLwgtbFzdSDPQvHIVr/pzKytK6CJJ83Or2BE0rZjIkoYEq1+DhX2E+RY2rt4Et14gIbbg3/hg1LJwWT3v+J97393z9r29Cpo5jw81DJckBd8L9Q3+5+99BzT3aV3bz99+uJ/yPsv77/8yJFfUqfB+0BNcg6m8CBmehQK0Dq3rWV7zomg4W9XrVGuN9h/eayHQKl8QKygyVZypKoWmsiTptRIuaE1WCVxX4Or8fkoBUiqitkMyG0GBJ75qsC3NyJJe0o5N2rGHV1TtUyTqNBmrwLj5CxmxfeBMzWm3L6Rtzau5QlPjpk+gwr9RCbI8B8zirJnPbdPX8ovfbWba2bpQh0J0OouW9LFynjWeMHx6Z2mO8gncGAihNfOZO/YZtu1rgZrwd/4utuyBqz8zmpqaKVQ+tZ2mG0cPOcu05kbPZToge7fzftUcbmI0kyvX0tRG7tyHxe18+9PFNhg+qOQM/hd7Ry5DjLBquDiEc1If+7n3Y+PYz1j28a+zHoAv8fzj/cw7+E2ub/wW33sHoJZ7H/eG6rN8P//1V19k/H0b/f48UXXd7W9xeCji57Gf8Z+WT+b5g59k899M4qsveft3+OA3Q42+yeGD36T1V19k/ISNwC388M2+xbOudDQOt9/zWbraTvC7tc/iZHqpKStHKk1FPOI9zY9GkY6m1IqTcRXggiVRnkTab7+54WC57XiXf6EVttCku09x+E/bmTQywsjSUtLdx0j3Orz19g4SnQli8TKU62DJLLXVpZzoTqFtG8vKErGhF0XLyRMkUhlcaZMVkkwkgosgHh/BXYu/wLxP3028ogoXidQuQmgQoIR/827FKBtR5am+54jjOOfWwfH97AE+es57ArCDJ5fCTxu3Me7l5XwrJ5KeZN1vH+KngRi78wfM3oInqt7xL/wGmP2joI//zLqGFYzjJr7zct71OmQXLMNwbgDUEd785SZ2RCaz5C8/Qm3YZJxtYeuGjaz+5Unu+ezHGDOouLqTtY3lLFm2yLumNa1nxXPrqV22iBnz7mf5vFDTwL1ZJKi1vtFEM1AZzKhdwMPLwgHRLWxc/QrtDcMvqtbOu5/lw9ynAZi2iKnr1rBxlPezZfe6VbRPWsriWti9FSbcMJiLtj9BxRcTfXZvPUBlw9Kz/JtoYWNjK/UNi85q7bNl97pXOHjNbSyf1xpyrXri813LFlDbtJ4VjeUFDxCWT9vJ2pVraL2YbtZpi1he8At0cGF3RsN6VqzeNMDDkHKm3rmIBW+s4ek3ao2r+kqhab0vht7PDP+67n3+s1i8rFAA9Rz3DX1FVV/kr6yvzX9nDNr/Zfj3lRNQte9ADQuO+SJUOtR2ILdncW5puIBVrr0IvS9yquqcyBvuT1AeTyGF8htosq7AcQWOK3GD2cLr2pIa29JELYdkNoqlda4/29LUlic42lmFq4dR2igoEnUG7N3AEwmgaOj57596hn3zH+TuKaHMVny35Ph51LRt5hXm8MAg26q5cQrj9mxny975gxdjauukq7Lq8hP3qsupGLwVTRu20zV9IXfXAMzkxul7+cWGXUw7G1do22aefbuKB26fzwO3t/D6mu3sfhsevX8+TRueofvoqzzhRzpUVLVQM2B27C5e3NzDjOnwi6fWMuMz/efvGi5vhMhf0zynUtHyi7FTlzFGWDVcOBq+yeHHQ+8LxEp8Z+rnB58X7idE7T0/4fA9+el7H9/PvWe6PwXb895e//h+7u1nOwNtz1CIjVdYoGHePLb+/teoZCdSpYiKLO0nmpF+bqqrlSeyWgLHSSMtCyEkZ3w/KSSuBpTD4fd20f7ef2Bnu+g8cZCaD00n0d5J18kuSPRy4MBRsm6a66ZOYvas66iMaZ5/5U3cbJbSqKKurg4VGUl7eyeja6po70qg0w5KWbgqzheW/x2zPvZRsC1cN4NlW35JBa/IgVAapRRx20Ko9DkOPfJw3XMMaj1xgN9wgFuPw5whiJb9cnw/e/gpP2z4qT/j08z+BvDph/gqMK64/VX38v3G4n/IjUJYAAAgAElEQVSFJ1n35PMcKZp35N2JjBvi/p3zuSHB7pc3siM2m4funEWpOsKbz21ia2sGq3oyixfP44a776Z03S/51culXpvT9jeLxUtCk9PqqX+tidZWKFZTdm89QOUnlhb+UG7dxEuHRjO7/gAHB9pEUyM7qhqKhB3Dpczudat4tRlobgSguRtoXsNGRnOwOUlXc8iZWT+Z2Z37fIfqK6w4VEs9rewIOTrzlDAboHUTWzsnctc06NftVtD/GOqbj/nLW1mxspmFn8Db3murWPFaUf/nUcCccedSZrRu4umVniM77FpdvfKA/66VTU0LWJz7ew9Ep36OM+Rwrf/E0tA6w0/uMx1g+wG5/Zi2iCXt69n9xnp27OrH7bpylf+mEeZdWIHbcHHYvb+Vypm3+d8Bo7mloZYVje/SOm904ddF8O/7zn4E0UDkb93E082JgkVn3P9lQN9H1KLPgkDg1H1EVJFztoaH8BeLrYV5qvls04J5fURVr40tXaK2g9JgCYWjPFE140g/V1XkHLJSaLSlAYVteVtylMDy91UIhW0p4naWnkyUYbmRLKZtM8++cJyrA7Fs7wae2Aw3hwtNFQuxbZt59oUEc4uLUfnLXskN/R/NA7efyU4MoTBVe4Juqs6s7fmgrYW2mtG+sNvC6787SPfYOYM7Smuu5WpezefJtm1m29ESrr4+/2+5bctaL8P29vy8mhvnMWPNqzy7pab/PNbTET5Xe7fz/viFfI43eGIDPBp2pbZt5tm32wboZBcvPuW5jm+aAjfduIsXn3qGF08TQ2C4zMnpqmG/auF10jA4Rlg1GAznBe2m0QgqKsqJRC1kRlBaU0eFm6Gr7QipRIp4WQlKpMCSoDV21EY5bt49IPI3xt6Ld+uZe7oGaGHjZJJsefWXVIlenK4jlJRHGTmqiuMH3uHge+9jx6rp7EkQr4pT4VYRUYryMo3rdFIet1ASJtaPJRqT7NqzndEjRxC1I2R6LRwVJVpayb333M+HP3oDjnKxkSjtIJRGCwutJWiBUpqIHUcJmXM3DD0kvxClzk083L7lp9z6"
[DEBUG] 2019-07-12 19:39:03,247 method:org.apache.http.impl.conn.Wire.wire(Wire.java:86)
http-outgoing-2 << "6Zv4TeNJ7vQzUs+anFC6gycbHuaHnw5yUU+y7h8+zUM5wRX464Xe9p+cy0M/CnfiOVU/2vhbPnVHPk6AT/8zvx3i7pzruWH/G7zePo67HvAE065tb7EtMoMvLZvIvhd/yavbpvEXH6lmxh230PrvG/nd/g9x16QhZK42NdNMOVOLf8UWCGEBLWz8je863D+QsNrCxsYEs289P8M5wxmrfTJJc+7B69i92nMa5p1PQSbmAvjNK7Q35EWtfnNbw0OpiyINiiMT+ghkJ8PRCEVOzuLYhD5DX1sLhtUX9l0k1A1j1MKMO5d6jrE3Gmnf1Uqzv1+7161iR7CPwVD+O+dRyzxuKYgCaCzKIC1k97oWJtx6P7W5vNKlLM4t6z8KIPe53NDB088lWLhsaZ/+d69bUxzMc344zRDl1jfWEPhyC/8mw66+CxwFAORFZy/OoHaJ//mEIhV2r1vFO6E1auct4hbglnmFPQ0Y12D4ANNCa2dJoVt9VDmV3QlOUPgc7uzc6Gfe/+VEuICUN10ogoZn5oVWfySR7utuzc8PCAmzOZEhXNCqSFT1txOPZAHtibdC4wZuVSVwXYmrpV/IyhdW/V6kUEihySjpx7JqXD93dWRZkmQ26hkHho0WXl/zqlcd/pHFRSKqJ579/kwLMxVEC9QUirLDQdtmnn3hIN7XdQkzPnMRMz1r2tjy1Kt5Q8AZZ4yO5qb75/DiU3mX6Lj5D+acn16uaY2XYdtnvYW8vuZVnujMb6umqoR9g2yx6UAb4ybejuc4hbmPjKaGxdy84Rle3DszL4zWBI7WvQXrt21Zyy/2wIzPPBhyqHoieNOGZ3jigMlX/SASqu+Xc9cbXXXoGGHVYDCcFyxctBDU1lZzw00LaNz4Mrc+uIzf/PtKIhmXbW/8gY8t/AS29NwDSikUGmFJHMfxihJpgbAsgptd5ftctdfSj89yyWZ66Dyyn55UC7NmTiXV20tvVy/RVC+9iSTdHUe5+up6SnWUo/uO0dHTTTZSRqo3QoT3iJdKkt0daFVONBajbEQFbcfayIg4VIziti88xEdvWoCwNBEhcN1srjCVpSVKK9ysIhYvQyuJEIW34hePHfzhRw/xl40L+UPDKrbfMUBu6hD7fLLhYfZ8+9fsaNjEYw1z4du/5vvf3cadA6zx1VXb+PIsyBXSor9s14uEZVEolTo4ffTazNDjcls38fRrrdQXu1Lp/4dyMCz64Wmwe/8AfTY1sqNqGssv6q/ivs6n1jeaaK6fxuJa2Djo+q28ur+B5cs8V97udatYvW4Ey++c5Yl9h0azZJkvaLZu4unn1rBxVCA6JdnRCEuWLfW3u4bVqzdRt2QBta2bePq5Fibct9Rv23foa9euJrhvqXf+Cvr2RFU+sTTnBA7v17kTCM/T4FA5C0c0sbYJoJb6zg5agdqTCbqq6gcXPIqzUFs3sTXnevWEZtatYkXYTZlzrObFwN2HklCFHzWRP+a8cNlC6znWCjljmhtZsbJxwMX1n/BeZ9y5lLo31rBi3aWWRdrKq2FHcX194dLgYcHlnHFpGGZaae/OFeM+TbP+HsINY/+XC7rwjiovpoYzT8Mu07yASkg8Lc5ULRRgw47Wwj48t2qhqJoTeIUmGnFQyi+wqkBpgasFSnmvrpK+S1aDUN69q/RyVaXQKC0QOp+1qrTGkgpLKlx3mByrOZfqgzzar2rqiWdtW9byizWb+4qrNfN54JHQ9BlEC3giXfCgtIabh+J2rJnPA4/MH7zdBeHM3LX95pQOsG7Thmc8p2ofUTXAi1qo2fAMT6zp9D6PyVfR9UJRIaliyifwuSnQtGEvIz6TF8/z++a5UQtE4pxruY2K6Qt5dKCiY7c/SM2WtYUCreGDhxAI7f3KFghOdnShlEIrjdLKy6D2LfzeZfBS+L17Jvghg0J4v9OFQAqJkAIpJZFhuNQaYdVgMJwXhGWhtCYSj3Hf0oepHTsaa1Qdd//V12hpPkxZ3TVYAv9m1L+19QtV2baNUp6SJbxSqt57VE5YFUJ6ryji8SiTP3w9nYf2cPTIcWpGVGPbIzl44gRdSnDd9Ou4Zlwdr2/+Ex06SjRSyR93H+XwjoNURTPIshJ6U4pTR45BfBSJRCkTP3YPN8+9iWumz0FYlv8UTwECSwpc1wVtYVve471oLIbWatBiW0NFSnnWzsy2l3/MD//6S+xgNuO+/WO+9fJJPxP1LDn+PI/d8Vtu/fZD/PAbn/aGIQN8w48E8Ln1278u2M4Pl87lh7mpm/jO3/kC6995maqeqzWU0XqGSHmO34KTFnDLu2v51cs7eejOWVTO/Rhzf7mJp3+8k1jtVO6ZW40XF/AG+6pn89AZulU9IQVm50S+8MJNbG2u5YawCt20nlc7J7Kkv6GeOS5ODma/TGtgduMr/hBtT6Srb5gFtJzByrUsDIlLM26YyNbfdNBK0E/IJVq7gBvqV7H13RbfYlXC7Fvzy2vnTaN+VzMnAN5toat+Wuh8FwrAAJUzF+SX+32/cxI42UxzxUSWhH4RzbhhIlufa2Y3swZ0ip4ZLWxc3czUZfd7+aFA3bxpvLMOFt+5iN3r1nv7356gflKh6Na16xVWdExkdrFwR2teiKxvYPmypex+YxN18/xzc2dfMb+A1nc52A10N+aF536HG5dTe6YifscfWf3zP9E66kP8xX0fGZqgc4aOVcjnAA86FP9MHcfqHTb8f2/xDuO46y8Wcu1ZXVJCzumm9awoejBSO+9+ll+3iae30tdVXTGR2RdxhKvhYlFLdUXToK12bz0A19x2Fg7TM+v/csHTJEWfglGnE0fpRxyFvuJqWDjNzyu+j+tfVNWALTVCaJT2xdcgAzb4z48BUFr4A7GC4f4aKcDVnhArQ6Kq0gIbhZQazr0GqkexMDpQsxsX8+iNw7TJs+irf3Hyg8eZHmdBuyGIzTW3Lx5gyQAi8Rlm8NbcuJi7z2gPDJcr3uXWKwYthCeuSiFQAiTSHwXgFfgTaM48u+8i46mq3iM5IXL/Sf91OARiI6waDIbzgpAWllAoobGkzSduv4ustpAoauqvARkBHLT2LtpaF17QpGV5T8eUQlrer13p3+4q4T3112hcISFSwtTrb6Z30jTeeuFZ9mx6i+Zj7SRSCWbPnk5FdS2HW06Ao2jrgsWf+ws69v2eq+st9h9WtIs4x9s7iFWNo2bUNdx82200LLgJ11UoJEprcF20cgHv6ZZWkEwliUclkUgU5Sq/3oEvrgqBVgor0ufUDAnLOkth9fjzfOsbE/lpoyd/1tzxJaY3eIWjhlIgqoAgCmDnD/hNkXiaY+cPeKwwQLVfxyq8ztf9KICvrtrGji8PfXcs61wfL5Yw9dO30P7LTfz0xTSLb/8IH7/vz/l4sDj7vlfYisnc89nB8lU9dq9bxas0sHxZ/0LR7q0HIJd7B4FgSndrKFcSaH6FFYdC4lBTIzsoFP8uHqOZcU0Jq/fvhFEdHORsHFU+JxN0UX5267Z25AWqIXOhHJmjuWXJIsgN0/cKmy32hfW6EQleemMnEw5B9XUQjiSonHkbD89rZe3KYuEu5FhlJ2tXrvIiDHYd8ATFhgSr+6ta74uNJ7YeoLK+li7quYtGNrYuonarFydwYt16Ttw5cOzAgHR20qX8V4bolDtDxyoQOv68eNxv3MSZ0tNNewYgQXsPXHsmlUbOBb8YXesba9hUfT+Lp/ni8Uku3/HZhrMkSXv4cz+ZoKuinLpgce4h3NkWmxqk/8uJnHjqjVEdNAu13/n5nNNgea5NIJTqwr7RIZEUvG2HRFUQSL9IqfIF0j7P1kWwdc+dWlGSJWZ70QFSgJSajGOhtPS3JXxHmMCW55ojbzAYDEPBExgLxFUECImUyos00SC0F7OC/8DossF/uEXOsSoQQhph1WAwXNq4QdJ/7qJsExEarS1vGL92/AubJ6AWo7X3pExrjes62HYMoV2QwZN9hQLvPRIlbbS0UG6GaMTCipZQGZVcPaqK9sMHOdbWS4JS7vvfHuC66+p5/4RNZ6qMzbtbkTLCY9/7fxlZNxpbWliWRCuNsGwsvNwrIUBblnfZFRKERTrrYlm2X6U276XQ/l24"
[DEBUG] 2019-07-12 19:39:03,247 method:org.apache.http.impl.conn.Wire.wire(Wire.java:86)
http-outgoing-2 << "67qco66Kbdtks84Q19rBk3f8C9NXbQs5QGfz5VUTmX3HDxg3RGdof/ymyKUa5tZvLy2Y7utY9V9fzou8259czpF7hib62vYwfIXJcXz8s4uo27KRtf9rH2Vjq6m0ADfJiaOdxKfMY8lNk6k8Ew3X/yG8cABRtd/cO0Zzy5Kl3BKa0yffFGhtT1B5TcMF017qRpTQdSgY7u+LvyEBtHbeNOpXNrOW1pCjajS1VbBj/06Y5hUY2rQrCQUjo1vZ+kYLM/zh5hsbW/3j8sXaxk20TstHAWxtDs5XK5Bkx9ad3OILaLu3HqCr3q+Ufd1oKp9rYmPrrHwUQK5vOAF07Wpk97xAoGxkR3ctC6cB1FP/WmNBkaSCvs+JloJc11yBJt+lWTtvGpUrG72s1VrIZYc2refpdjzxuKKc1oLh/YFj1RNciyuI07TeF2XDf2c7Wbu6A2ihdUQDi6ubWbHfz/1sWs/TIxbwcC1wZz1rV2+ibsl1QzvMa25hyd376KqYXPhxnwlDcKy29nH27mTTrnLv31wf0fkMqPgIn7+vgoNMPAdR9fRRAAU0bWLjqAUFf1e11eV0tbcAl2G1dsNZEjjqg+tdfkRC7hp/MkFXfX0/2cf+w7vT/p2fQf+XEUGeaX7ovygQTnN5p7k2fUXV3LTOTxe2IbBq9RVu/d/ceVG1sH8PgVKghEBIfNEUpM75u6goyRK3s2QcT0CVfhxAeSxFIl3S57ilyJeSMRgMhvNK4EAlGCXqzZN40SVo6V3P/N+4QRDAZXOBCsq1hITVsGt1OI7DCKsGg+G8kMu+1vlLtNTKz0r1QvtdjTe4X/d9Ki+CtaQncrquQ8Ty8kuVELhagRDY2kVjoQDhpiizsnSobiwnxYgKqK+UdGQEu090cNVH5nP9pz5O05bnSCQ6eG9/EhGr4ZqpM6isHYUVk0QsAa5CIFBaebfoGlCgJYD0b641ZWXlfpSBCN2m+6KwFIhzHaoORCJRksnUma9w/Hkeu+NfvNzT4t9ds/6WHat+wOyG5QWi5tlQPNw/xxk7VsOc5Mi7Exk3xP2JRM61NJiPrOLaeZ/l2o8c4b29J2h3XGJ2BTfcOpkx0SEUqzqZoKvPsO1QkaTWdznYXc4NQ/5l6w2Tr2y4cMKLN8y+0XfRljB7Zi0cCreYxdT6Rl5trmVhyFHlDaFvzAl/s2eW0NxR0DMT2MSKlX7uWn0Dy30BsHbe/SzsWBVy7hZXpS9h9ojmvLuxYiJLlvh/5LULePgT61kRGg5eLC5Wziznndxn4/U9wz+Wxfd18PRzq1jxGvn9GpY8TE/g2NFY7ruP/bzVG4KM1EFct7ns1eJz4RVNypErCFbC7JmncwCP5pZ5o6EpP45+9/5WuppfYcWufKvV68hHfZwRFpVjp1I5hDXCw/lP51iFVaxonOgVTjtUztRc8acWNq5uojr4HKctYjnrWds0q7Dg2WB7Pmoq1w5hv/ty+iiAPM2sfQ2mLgPeDc0eVQ6N79I6D3av3sQtS+4/p70xXCZMW8TC/fnrXeVML2M7YPf+VipHNJy3/i8n8g7T/Cu67/D9wiH/gRs1L7oWO1n7CLGBMzVwqgZ96fyP7oJt+C7V/H4Ksq6NLR0sS6O0RqPAv8WN2w5ZFxxXgoBM1huHJaVLPJIl7YQexQtw1aWR1m8wGD64iJw5KKwtBnmkEs++FFxjNVrkLpQF0SuXNCL8Eo5lyeetDscxiFTGudRPhWGYCYZca+0Ns3ZdF9d1GVl1vsfAGc6FU53dWJaFZVlIKXNZnkPN9LxQn7+bfq/PPCHDlxuNUhq0wslm+8nLLJxWSoGQWLaNct388ePiiCgoTc/7O9j1ymr2vbOHji6LEZUOC+ZNo7VFsXHrDu7+q/+LKR/7CL/+ybfZ+MJGkrqczix864knGTO+HuFksSM2WgikX0yA0DB8JUAjAU80dZXGJZzPkj+2QFyNRs9dDOvp6SWTyQze0BdVp+eEzEHa/es/s+d//xd+c0Z7EXKY7vwBs5f+dMCWYdF1+5Nz+cON27jvyHI+9Y3XAS9LddzLwbTPp/+Z33733sEr0fpEo1HKys5kcL7hfNGfs9YwAEXZmpUzb+MuNvlZvPdTu7XIhda0nqfb65lwqJH2hqVM3d9Ppii1LLyvnK3Pee7a8LorThMFUBu0Oa2703O4LjiTnNJzxnP1tjcsDQminnBcuyQUS9C6iae3juDhwLG8bhXvTFrK4mmFruACofM80W/Gaz/kH6oExdU8cTxX0Aqo/8RtVDe+QnvDbVQ3NvrREQbD5cNw3Z8OxPN33Y/yh+FrJfz3IidsKoIh9J4QqfxMUy/b1FsWrF84X3pD+MnPyy/3i6YG64czXkPRAJblUl3Wg9LgOALH9eZJ4eK6AkdJ7zZSQHksQzrrz9MWvZkIEcuhLOZiSUFPJkbE1kQthW0pjndXkXIGHvf0P3Z/b1jOr8FguLLJawMQ/IYNilRpApdqfjp3IeTS11QDRPhdTljFL2Yl0M4Z/M4eBONYNRgMF4xwjqoQAim9aq1CDD7UXUrvyX42kyUSjaIcx8s61aCUiyUlkbJylJC0tx2jJ1tNeUUp2i6nPXEKymuYOvcjWDKGnRXUV5dxqL2LiqpxjB5bj7RsLCSZTAo7Es0VktXCixvwXAq+2Cskrip8shdEF4SPVQ5T8Ew8Hj8zYTXIQB1KuzNpX8ysv2VH49+eUdM5X/bjCGatYMcdoQV3FE0PkXg8fvYrG86dgmH6hoEJRL9aFi4rygU9NJoly/IFp7yK993M7tzHjm6on1nOwaoGHp4Gu/cP4Fj1MzuLGTgK4DT0I/6eb1HVEyhLmH3fUhYPsrHWd1uonOQfa9N6T9hsXsWK17z1lwfrt25ibS5u4nxR/Hn0Zfe6VbwTTJxMwMwF3MImnl55gC5qWbjs/rz4O2oiTz/3Cs31DQWxIAaDIXCXBi7SwJmq80InedEzEFjJ3bf5y8IO1KKiVuHc1WB74cFU4TaE9gHAUdKvFaByP9LTjnc/GYtkEUKhZOD+Aktq0o4kmY0g0FhSI4VGI73oAKH9nFaBq4ehTLXBYDAMhlehOXgp+D0bOFm1EAitQ9Esl4ukWkwgrOLHH3jHOxx1Ao1j9QrEOFYvTy43x2o2+W5fF6ooHPIfhEU7/YqGhevq4GIOuK7CdR1isTiWLfCeEWm6ThzkrV/8P7Qf2sM7B5PMnDMLnGbeO5Tlo/f8BfPuuQeRVWz71VNYJ5s41pPl7cNxvvnfHwdLElEKhCbrOkSkzH1nCO0FG2jh5amCIOtkkXYk9AUUFla9c2vbFnbkHMbbh0inM/T29g5LX5c7paWlxGLDFANgGDKBWy/nxjMYDAbDFcv5dqyuvfPzecdq4DYl5CzNuVIL3aVKg1KiYFngXvWKsAjcsIMVMaDbNXgPRQKsFpTFUlTEUziuIOtKHOU5V7UWILRfRxtKIlm0VqSyEldLpNDEbEUsokhm44DAtjQRW5F1bY53VxZEDRRjHKsGg2G4CJufwlpBwas3UbjeBdm7c6fPlVTkY/yEEDiZIcTuDYBxrBoMhvOCUgrHcYhGPQFM6+ApfJ4g00VIWTC8vxitNVIKNBLXcX33qp0rXiSFV6nQLq1kRG0dkVQb+5ubvaqqJSOoqI0zteEGFApLKSbM/DAn/rCdulgJ0eMx8Ifze45UhbRsstmM9yMB4UUDSKswz0t4kQCFiVv+sWvt7eMwftvEYlG0VkPLW/0AUlISN6LqRWZGqCK7wWAwGAznk3DWac5ZqvO/73OO0txwfU9sJXTPFhS+ymWr6iKBNBQvUOh2DTaeF1Xz7b1FKSdCOWmk1EitkRqkELgaXCXJ+v1mXIvKWIrSmItSCiE1EQtSThSlPVFVSo0U0N5belpR1WAwGIaTIGs1/57Q73bfQOQtzEUGBEsuL0SRHlE8ffYYYdVgMJwXPOeCwHVdtFYIIbH6uXJpNFJI1CAmfNdV3jAqy8pV8wP8q74LCCLRErSwiFiCivISMskE2UwvvUmNHS3BcqLYkTiifAx2eR3ZE0luuHGBX6gqEH4l4GLZEZTrogVYUqKURvvbVBqkZaG08IdweTfRuWPyv430cCqr"
[DEBUG] 2019-07-12 19:39:03,248 method:org.apache.http.impl.conn.Wire.wire(Wire.java:86)
http-outgoing-2 << "eMPfhZBXrHPVOFUNBoPBYLiyyAumheKqxqsLlRNTwXevhhysYaE1V6gq3Da0brA9wqJtPkYgn7EqCtpmXYtEOk5FPInlFzrVXplW0N5gLSW8bXVnSojaDhHLBSVIO16BTEt6sQC21KSdCFnX/EQ3DI6rIO1A1vHeq8vFPjgIUoAlIWJDzPbeG84/heIqBNfK4P/z7fIPuC4rxABC8DApq+aqbTAYzg/BMHoBUtporclmXKRlIW2bIM1fCI0QGvAFWOmvrC3/ptdrZ1mF1dkFoFwH2xYorciKGEKC0CVkslE6eju4Ono16awkWgqRqPBqHApF3bjrGHnHN8n86U/Ma/g4Wmi0you1AguExrItz3mrwRISjUIgQStkrkYiKO3NzwV6K09IPh/EYlFs2yaVSp1Z7uoHgGg0SjwexzJ3VgaDwWAwXFHkRc++markogDyIikUiqTea1ggLRRKg/Xz+al+HyFBNddXkaga7FN3KkbUconaWYL8V9AIpVEiiCfwOnSVRGmJRCNlSFS1vPVOJMqNW9VwWlwFvWlPVP0gojQoF7Kud5wxG0pjRmC9EAgRXFtDjtQi4VGDV+BZXJ7K6vm6uhph1WAwnBeEtMgl//uh/pFoBDQox0EphbS84fRCBnlcklzVQa2Q0kIIq98HSZ4bViGtCGiNLbJoSzBu1sf4UyrNrE/NYuqHZpBIJPjYNddRVlnrJ3J7N66R0hHMnvtxFN73RWjAV3AE/nYsXOXiuG5O3M07VL0bZ601SBBBnlZOVLU4H1iWpKyslHg8TjabwXEcXFehlBp85csAKSWWJbFtm0gkagRVg8FgMBiuUPJ5qiGBNPxfsWO1qJBVuPBVeJi/52gNi6x9naxB5IDyK5oWOlsL+2vrKaWmPEHUdhCuZxxw/cfuKrev+MVSvEJVUoBlecIqCFq6KnGVuecxDEwqC4krLBUs7Xj/lcchHrnYe/PBJyym9jf6UhT+n8HHCKsGg+H8IOKgU54LVIcvzN4TeiEFWrm4rkb7gqUQAsdRSCn9wlfBOv1fuC1L4iqJLTSWyuJaEcZMmcPY62Z77gDp4igXoX1/aXi4vlL5O1w0QsjQPoaHOwgsaaGFxnVdbEvknK05hyr57xdXeXmwoJF27FzP4mmxLIllxc/rNgwGg8FgMBguFhoKRFVVMHxfFMUDhItZiQGE00KXa2H+ql/4Ktw/Qbsi56wunNZa0JqooLq0l5JIBiE0MnCrBqYBhLcnwhvuHGSqOtrieHcFjnt+HsgbPhj0ZjwH55VKIuVdC0pNKtgF43RFCIc58e68M1xZqgNhhFWDwXBekHYVbupkgQ/Uu7FUvoipEFIiBWTSSXp6klRWVmJbMb/N4NvwbrAVwvZuWpUGJS1srbBxcVAIqbA14CSxomXeEAel8Sym+DEEQeRAmPyTukBwtSyLRE8P0WiMiB3JD5cglMelNX6eAVKWnNW5MxgMBoPBYDAEQiohAbXImRq0CTlT88JnoRM17xwVhcsK3gf0l78qgjeFoqo/T2lJW08ZMTvGyNJebEuhUfnCWL6oGtziKi1oT5bSm4kap6rhtKSyV7aoGtCb9h5KGOfqxed8C5WXG0ZYNRgM5wUhS5GRanDbyYuU3jBvtABp4ToOrlJYlsXI6mqcrMJ1FZZtg3ZOO8Ig/5TMxVXKKyYlLBh7xqQAACAASURBVCzlInUW14tTxdKW5z4Qfk5qIHzqwK7a3+O2/jYs0FoRj8dRrvKf4HlD/wV+2LfAy3EFpFWKkOZb32AwGAwGg+FsCURJRZEoqkOCKoRE1mL3amFear6YVai/UDuCvgrmFbtU8yJrsaNVa0EyGyXdZROxXKK2S9RysKX3AN/VkqxjkXZtMo6N6x+DwTAQrrryhv+fjkQKIpbJXDVcWhhh1WAwnDdkZCyaDNrtIUiLzjouaBBSorXEikSQ0sJxFVgSDWSVgwQs6Tlb0brPUP7grQCyjiYibaQ/gEuLkGNBeLlY0vJEVS+aQOciAPJxAP4NsQDhO2ZzQ8T8AlrSsrAiEtdx0SiU0lhSIoTEdR0vI1aAlDGsSOWFOckGg8FgMBgMH1D6DPnXIVE1XMSKQuFU5bJS+zpS88WsCl2uue3ooraEH+gXjlbqWzDLi8BytMRRFqms7uPsCq83VGSu6KvhSsE4VfvSm4YKMzDQcAlhhFWDwXBeEZEJaH0UJ92GlgIpvfwo19XYkZgnYOI9xddoP9FfolyFdl0sIfzh+6rfMQcCgRAWWoG0FAjvZlsplXcQaO/2VSmFFNIvluUP4tJ+Bmy4ayFQygVhoZRCILCknWsjhEBKgcb1lovAsaqJRCqwbCOqGgwGg8FgMJwrSvuFo3wxUoWEUPX/s3fv8VGV9973P9daMzmRcB4OQjDEcFAQBOoBkRprlZPFoELL7m63IuLrVTVP5d5Uyt6793PvvUtpuW/qE6SvR0R0t0/LLliJVAhorVhASimJnBQEQzRgggMICZDDzFrX88eamayZzOQAIQn4e/eVJrPWmrWuWYkh+eZ3/S4dHZTaUe0A3C0EGnqv6qjANba1QEx7gVBI2iB66n+8UDW272C8ba2llMZrWCR7gqR4A3hN6/JOKK4alu0s3NRiR0weXN/0IXkzLB4bEm+P4u2XDV44DU8/bnFfrziHnDb495cV4x+3+Nphk0e3t+A6oedkzrDI8yd4Ti/Nq4/b9Gh66BF1QUizpWpVdB4SrAohrjgj6TqSPD2wrbMEA+dBB/F6PYRn04d/4FSGEfnhVCkDhcbSGgONaRpxfzBVOCGnrW2cJarCz1ehafkKSxOZrm9pCxMzFK7GpzXYNqA0pmmCHVp4wAZlqshYTaXA1tg2eJIy8HjSUIZ0VBdCCCGEaAvhENSOU2VK1DT+xgta2a5WVFpHB6fx2gM0Oi6mmhXCoaqrajW8rVGAevnT+xVgGjYZKbVkJNei0M7/Wts64EOTCWuAkZod3w6tKeA3+OcCxU6fZkO+TbwMDeD0VpPp78D4e23+d66Ofm7omNmzLZ6+qZlrh/w43+IBX/iRwQv/pgjvjrpGXJVsX/cOB887jzJuvJd/uKMfAIe2/Jb3Pg8dlp7FwzMn0DvOGU799XX+8FGN8+C60Tw5aWSL9nWUVoWqAEMs3vhR/F2H3jB57jAM7Hnp4/nysGIPsKfQ4NXHLd6407XvfSc0jRfKZvaCwg8NHnsw+jmRcZ1q/VjqgrKQleg8JFgVQrQPIxXDSCUpTttRg6vsm9FVNVghhBBCiKuTu3rU3QogUr2qVcwCVyrUj1WFFpRygtZwj1Y7ck6j0fmc54YC0thwNvR/iab+N8SBbdMvVQFeT5A+6dWYysbWELRV5PW2yk0WL440efKA4s1vwAM+OPBnJxj98ezEoSoYrHknZlNMqAqwZo0J8cLVmFAV4GcFJuRbPOBTvFnQEKoC7HzH4IU+iUJaJ1Q9O/q7PDk0es+pv77Oe1VZPPzYBHqHjnvrrzdEQteIj7fwh4+6cPdjDzE8dNzv/trbOa6pfR0o0NpglYaAM3Fl6qXrcafFq5g8+pHi5GnokfiLh0gFbG/NG4/bDHzZ4JUj8NiQhjH+/EeXXn0dCAISrIpOQoqnhRBCCCGEEEJ0OpEFqmz3QlbKFZi6+6i6eqtGAtfoPqtoI3qxKcIhratKVbvCWdxVqq5WAKHK2IZQNTQNq40keYL0zajCUDZBSxEIGgQsg0DQIGi1/jojv62ZDfzszwb4DV494FSINlSPNnbg99HBJ8Dpg06oOv5emx3/YbFjtrN9zf7GscKB/c772bMtdvyHxYZ7ncdbDyr40OBnfsCn2dDMeQD4eC8Hu47mgaHxd2dk3hCqUO3H8MxUqs81LoE8dOwUGTeOZnjouLtG96a6/BNONbOvI1l2659z0u+8j65MVZSHXkxmk2Fo83rcafHG4xbDW3UeTWZvKFxvcgjF3z8ChunQ/b40l3JvhLhSpO5KCCGEEEIIIUSnE9U31VWZ6lSexvRMDYewkcpUdxuBcIWru7eqajh/3N6sTS9Q1dZVqmGmYdMnoxqFJmgpLEsR1Arbbugl23o2T882WbNGMeEATqDZ1LT7D02ePAA/vhd+"
[DEBUG] 2019-07-12 19:39:03,248 method:org.apache.http.impl.conn.Wire.wire(Wire.java:86)
http-outgoing-2 << "Flu16ubTjEex8ySchiaqX6FXH+f9zpOK06Fts78Zqpi9STMbxZoE5zl07BQDuqXzu1d+SzUAvbn7sUkMB3rfMZSur+zl0B39GE4lh8phxD2x0/grOVWVyqBxrgrUnulknD/PqSb3EbelQHuxO2idshdeNnnB9XjcXTY/8RmR/q3j7rL5yZ2tGNwRpw0BwHO/CIXnpxWvHIHxlzjGjro3QsQjwaoQQgghhBBCiE4nKjQluprU3SfVdgWsdqRvauyx7nO4F7BS0cEtuK7prm5tWMzqSoWqCuiTXo3CdgJVS2HZDW/hytrWie5lCoBfMf3fzPj9Uf0G/7wmVNHax+Bnrl29RmjGv6PY+Y7BhKYCV2DkzcABp1VAbOVrQn5FBbHBaiWnquBEFTz82HfpTain6pYDDI/0QT3Fe6/8lvcA6M3djdLQU5w9D93jXrSpfVebhsrU2HA07LlfmM0uFhV/8SqLN35k8MovFOWXOLqf/8hyqlRDC1oJca2QYFUIIYQQQgghRKcTrkprCEijg9aGKlTV6JhwX9Vw+4DYhbAi7QTcgaqOuU5oHFFtAYC2DlTDkjxBvKaFbSuCrkA1GApV7VCf1daxefo/4GngwO9DlahRi0i5Kd5co9g5UrMjV8OHMbt9Nj++11nQCmD2vZqydxQ7+8apVo30dnUehqtfx/fVJLx/Pk3/mE3Fe8tCC1aV8YdXylx79vLiK3vjnMQdskY78cffcjBm23uvnEq4r3R3McNvHRt/rO3AUK2tzNTc97jFfYnPyCu/UBT2JmGoeiU99wsz6nHmZZyriXWIhWh3EqwKIUQndvLkyY4eghBCCCGuEX379u3oIbRK3BYAmqhwNXJMVFsAd+DaEJLa7uNc1Z/RbQUazgvtF6oC9Ei7COiGKlXdUKlq20Zk/K0VDlTDflZg8jNoXLEa7n3qV0w40BCC7XzHYMI+zYZ8m165FjtyXeclHJY2NvLbFju+DaB4s8CZAp7VR0dC2DX7DZ6+yYYPQxW1cQLasaPvIK3yE44O/m5Dj9VTO/jdH88z9rEBHH3lY7p/6yHu6h27b5Krh2fD4leRc3y8hRf3pvPwzBs4lGDfbR0YqgKYBtiXvr5TY6e55GrTyzLE4tW7QgtWzYDn1sPPH9esfdmEYZd2SlNWCxKdiASrQgjRiV1tvwAJIYQQQrQVbZjYlh23JUCkb2pMr1X3olV21PE4i1CFK1iJDmLDLQQi57zCvVRjmYZNiidA0GoIgO1QZa0dDle1AsNs/mQxwgFnsxWrN1ns+A/X4w9NJoTaAvzvXE3ctgLAo7lOFeqbBU4w++J/WIz0G/xzgbPYVYRPM/smgFBP1QPRAe7sm+OvSDR8cG/e27GFQ0OdsPTQnjKqrxvNcEbCdXt5b88B7gq1BTh19CTV6X0bWgYwmicnjeSu0b15ce8OTg2dQG8q2b73FANGT6I3NLmvI3k9EGhpsBqaXr+niUOentF2jUkPvWFSfle8lgHxGBRuJ7RglfPf0XMvK+jl9Oi9FF5JskQnIl+OQgghhBBCCCE6nbRePag6+SVAVB/VqL6prkpTd9Bqxw1h3S0CGp7TsEhWdJWso33mHJuGHVVtG369dqgnbDhY7d6nE3UD9YWqWFty7EjNjm+Hg1Obp/MNylzBa9x+r2FDJ/Hwmdf5Q3iKf3oWD890gtThk+7l1Lp3GtoCpGfx8MwJ9AZOxZzj7mO/jbQTyLjxXv5haAv2daBkD1ysa+HBvWx+8qNmjjni9F0d57vEgDVU8bpnu8GeYZo3XJ/4k/7ET3v7ZUVhL82rDzqf/zdc4zz0Ruv/UADOvRGis1C19UFZT+0rRofmj2itsW0by7KwLIse3TI6eGSiKV+eq8Y0TUzTxDAMlHJ+yAu/byn5/AshhBBCiLbQVj+fJrLp337F0ff2hCpHo8NUO6ZNQDgYDfdOjbvgFeE+pe5FrxrOZbsCW0f7NXJM9QbwpVcRtBSBoCJgGQRtRdA2sG0DSytsbTDqvluY8//MabdxiY5VXQN1wUt8crwq1vDCVS2ocHVzFrRyerQyw+KxIcARkwfXuw4apnnjwXB4rnj7ZYMXeru3hYV6vYYe5YXP10LJHshIbfnxQjSlrubCZZ9DgtWvIAnWrk4SrAohhBBCiM7kSgerHxbt4O3FrzRuA4A7THUCUkKVnVHhqztcjenDakcqVt2LWYVD1fZfGccJVqsJWhAIGgQsFQlWLdtw2gFg8A8//Udum3Fbu49PdAzLhi8vP/e5pvToIj1WRdtpi2BVvhyFEEIIIYQQQnQ6N02ZQHrfXpFp8LZumLpvR1WdNoSq4an+7spVd2jqtANQURWr4QWhOipUda4N7gYEYZERKejRv4eEql8xpgHpKR09is4jPUVCVdH5yJekEEIIIYQQQohO6Y45DzZUp7qn+UcC03AP0tgp/TELWMW0EAhXubr7qnZUqApg286v5gaglEaphlDVedNMeWZqh41PdJwUL6Qld/QoOl5asnMvhOhsJFgVncaegmwys8JvcyisCO8ppiBrcYL+L34Kn8qmoKS587XgraA46rnzNoQ7cEdff09BNplPraWJ/txCCCGEEEKINjBi6p3c8vA3GhZwwumZ6n4fG7raob6qdtxp/87x4VCVDg5UwyxboRSgNIYCQ2mUEQ5ZNRO/eze35d3e0cMUHSQt6atduZqe4twDITojWUtNtCM/hU/dzjMb4++dUrCL8jJf5Fh/JFgdS/76zWQWFFOePzZ0nufgX1eT1z/6HHsKstkxsZT8MTAuv5Ty/IbtL2btYuV0X8PBJYvJXJVD8YpZ+KLOUsyOZXN5MjyWiqMcmJbD7NDecfmllFesZV5WNiPXO9cSQgghhBBCXBn3zv8ONvD3dVsbLUzlhKNE91elIWgNtwZo6L0a3YfV/b4jWdqgJuAlyRNA2RpDKUyl0QbcMftupi+c1aHjEx0vxQteEy7WXcaCVleZZI9TqSrT/0VnJsGqaHcLWhRG+vC5Q9MxT7B81XMUVjQOU9tcyWaWzp9Mfvhx5VGKhk1mpfuY/rNYWSY/3LTG3z/4mLVvbGX7rgN8evwLgkGro4fUJjwek+sH9uGu20cy68FcvnbL0I4ekhBCCCHENee++d+h77DreW/lRs5VnnGFq9HhaNQiVe6gFVcgG9kWfn7n8GVNGv0yzmEaYGtNj749+fqTDzLmW3d29NBEJ2EakJEKabYTrgaCzgJXdmf5Ir5MhnJeo9fjhKoSqIqrgQSronOrWMu88QspCj/emM2mgteYylaeGZ/NM67tS0MfLph4eZf0lx+FZY+Qucy9dVXMY7dclu9sh8D3Kvaj/7WS//r92x09jCsiGLT4pKyCT8oq+K/fv80/ffs+fvE/53X0sIQQQgghrjmjpo1n1LTx7H3zr3y8bT8nPvyMc/5z6KCOBKTuxagiHUrdoVPoY6XD+93vL9/l5FuW9pLSuy+ZIwYy+M5buHnahDYbl7i2mEZoarxMjxeiw0mwKtrd0hkNIWjTnMAyUhlasZZ544/y5PSxjJteSt6KKzM+3/TVlE8PP/JT+NRLZK5YxLgrc7lr3nfm/ZR3t3/Q0cNoN//1+7f57ISf/175Lx09FCGEEEKIa9LoB+5g9AN3dPQwhBBCCFRtffAaKRoXLaVDf8LVWmPbNpZlYVkWPbplXOErOz1WP5vbmr6kxRRkvcCgnavJq3R6ohZO2kxe/tYmn7Xg53NZ+tyqVo+wUZuCksVkzmjiPPNfC/V9vfK+PFeNaZqYpolhGCjl/GU9/L6l2vPzfy1XqjZHKleFEEIIca1rq59PhRBCiI5QV3Phss8hFauikxvLhPlb2VEZejgsh3GNKkrjL2SV/+1FkY/di1pFJFy8qsGebUdZXjCXzzIXxYTBoZB4YvuEqlejv3/w8Vc2VAWnclV6rgohhBBCCCGEENcuCVZFO8tlUD+arwRlLoVlzvT7QVm55G0rZnbWUaZkZcZ/7kZXv9VpS2LCUj/lh4HW9l6tWMuLPM3K6ZkUPrWYPa52AP4Nz/EMSyhuceXtV8/aN5quKv4qWPvGVglWhRBCCCGEEEKIa5SssSbaUTmfbXQ9nP8a5WWl"
[DEBUG] 2019-07-12 19:39:03,248 method:org.apache.http.impl.conn.Wire.wire(Wire.java:86)
http-outgoing-2 << "jd92LmGK6zBfZg4cPsqOsq2MzAzFpdOWUFy2i+XTclm+s5TC+TClYBfl6+cmuG4o0G0xP4X/uZmpM8cCPvJWTGZH1hwKK4CSxYzNz6GwiUpXAdt3HejoIXQ4uQdCCCGEEEIIIcS1S4JV0X5KNrN02mQm9G/+0Cj9cpiycTObDrc2HHXsKXiEpfOfbtQqoCn+Dc+xadLPXc8ZS37Z03w2PpvMGUSqaUVinx7/oqOH0OHkHgghhBBCCCGEENcuaQUg2omfwlWrWDC3tKHKc9kjZC5LdPxcngx/2H8WK8tyKMh6hGc2ZvPZ/HhVqQmu+dTtzpT9FS3vherfMIexWyZTvCI0UlfrgQXrSylnMZlZ2Uwp2MXK6VKzmkgwaHX0EK4cDVqZYChMEq//Z9vtOCYhhBBCCCGEEEK0K6lYFe2j4l02sYTZ7p6kLWkFULGWeVnZZGY9wlLmUlhWSn6kV6qPvBXOolXj8kv5Kc85AeiwHHyhUHXTpF2Ut2bKfsVa/iU/h8IV97DjqWwys7LJ3DY5Mrb8McCYRZSXha6XlU1muEWA+MqwPZrA4OEEH3yGumnPNvl21SpZHPr6XsyeNjjdnoLQf08FxW1wtmZEvm9kU1DS2if7KXwqzn/XFWuZF3Mv/BvmtOL+FFPQijGF79e8Df5Wjb5tNDHW8NdFe3wehRBCCCGEEKKTk4pV0T76z2LlCtfjMYsoT7TwU/9ZrCxzfzwrev+YRZSvaPQsfNNXUz694XHeilLymhpTvPO4rj1uRSl5ca6T6Hqi7WlAaQ1KRTao0HaU+6DwRhfl+ljHbNOglfOBwkBrUOGTt4DHMsBOxkrpBVqj0SgFhgZb2YABOjywq8eegmzyXFXkC9aXkj/Gj3/DYjLzm1hsrtGCcbGK2RE+7+Gj+BnbxLGhSvONCQ+IMbdRa4496xZSBEQWy7tsfgr/0zlnUcFkyvPHAsWsyd8KbOXFDU+EqteLKch6hKVRz81l+c7VZK4Lb5/LhEtc9C728xPR3P2vWMu88QspCo2l2bYoFUc5EBp77P3bsy30ddDs51EIIYQQQgghrn0SrAohOiVtezANDcoi3FRAGUEnZHWFrbbWKKXQWmOo6CBT61CiGtlsRB4baLTWaMMGW2ErL4ZuWfsCWymcOBXQNsrwkGzXM6RPGkeqbOrrgmhUw/XbSiQgi9U4XLwU4/JLKc+PDfB8+DJDH8YGeHHG498wh7H5WxNfZONCxm5c2GhzvNYaTrCb4DyuFh2x2xvGvpVnxmfzTOLRhDQXOPrIW/Ean218hKXLXqBw5mom7H7BCUrnv9a4JUjoPrFhDmPzgcq1vBgZ0yryslbFPd4X534W5d9OZn74GOfz0+w9uFyVR50xxPbErmh4HQvmyuJ9QgghhBBCCCHBqhCiUzKMOs6ePIhV83mkYBWtUDihJq4QVYeqQ5XdEGTaCpShiDpUN5Su6lAgi9IoS+HpOoAuvUdcwkA93J2VzM/v85GSpFnybi2vH6qm3tIYRlt1W2muivMo5RUwrrULw11J818LVXa2o4q1zAsHjfNfozyfUAVpyyo1o0PhUCg7fwnLDy903Xtne8SyR8hc1tT5t/LMjNA5G1WWxlS4uir0w+F2a3s5J6xqdb+m2M3hz1VssOsKwResL2V2+ebIvqUzsqMqc5sMwYUQQgghhBDiGiXBqhCiU9J4UIELDLp7LCNn5XHxwjkO/WEzA8aNJH3vZ9QMGUhG9gCSM7pw+L2dJCV58X1+jqrz1Vj19XTpmkHdjVlUVfoZPn0KwWAdlX/eQfJnfozcMXz+130M/VYuXa8fyPtL/l/OHqlxrhsOXFsozQs/GJeBL8PDz989zR+OWNRaNgaKFE9Sm9yLPQWuUDVOYLmnYA7lbXKlttVs9WpYghA2NrxrTkMLgLkUhqbrt4Zv+mrKb403bX5WpC1I5DVdQnDcHlWeTtWxn8KnnoN/DY0/XiuAirXMW5fDyrivIVwB7Q70w60P3PelOBJct03LBSGEEEIIIYS4ukiwKoTolHTo/2vPnMN/qJTafR9hnT3P+c8qCVad42LJOS5+fAwzNRnr4gVqk5M492UVgd4ZBGs9BM+ehROn0P4zfFr4FknX9+NC5WkuVJ/De+xz7C9O8XnRdmpuH41ddZGWNQFozKM0yV6nycCZWhMVuIChTTSa2kDd5d8I99T2BGHeuPzVjdsAxJlW3lz1Y2y1oxNs5rK8IMfZkGAafyLhPsR7CrLJI3rs7tB1wcT4AWVrWwGMyy+lkDmUz4xti9BUS4CYNgrhafCXI+o+5bJgPixdtjUmKJ5L4c6cUC/TFmrh1P9IEL9xMZlxW0QUUxD62sikZQHx0hmPOB/EtgcQQgghhBBCiK+wtpqnKoQQV4RhejDSkghW+J2p/qnJpCgTu+ocF744SfBEJZogpmmS5DVJHXQdyf37Yni9WMkeLCzMSj9JSR6MJA+pphcjyUMwWI+uPIORnor2GK2qUnW7UBdkT6WNZdXz7VsysAIaE4WBwmq0olbrRRYLIpflM1tWIenfMIfMOL1Yi/JvJ/OptSRaZ35cfinlZa+xIPR4wfpSystWkzd9EeVlpYnfmlo4KRwML3ukYYX5irX8SyhUnVKwq02nkI/LjzclP5flOxON3x08+ilcdTk9S8eSX+a6h9OWUFy2mvyZk5kCTjBetovl0+I/e09BNplZzls44C7Kvz20bQ6F4bLkaUsobuL+j8sPfw5XkVfQuGp3T0HDQlqFLay6XbC+lPL1c5ky6R7prSqEEEIIIYQQIRKsCiE6tcCnJ6BoB92/dQ/22WoCuz9Eeww8hoeuaV3pNeObqPQ0zCQTZXio3XWAuv2HSVIevEkelGFiKAOvNwXT68HwmHhTkkn29aXbtK+TlpaGYRqYxqUFqxrF8ztOsXj7BSrO1pI3OgPTAygwubRzNvBTfjj0obtSsGRxJICLvIUDNFdo6QR5TvhWXJDrbNu4kDUlJOTf8EKkqnLpjGwKSqIDv0RvBYnOOWZR5NpLZyxmD34K/9MJfZuroF06o4lrXolFmyreZVNML9WCklBQHbpupLXBskcaxhIOq0Ofl4T3ohlOsB1+awhgIwF3ZtPPbzCW/PVznQA2boXzLpZPy2X5zlYueDbmCaZueY7CitY8SQghhBBCCCGuXdIKQAjRuXVJxZ/ZHfv/28SF8+chaGEHLWouXiTp7HnOvPoGFzOSuZiUTG11NebAvuiaIF+e+IKAx6b29FkCGs4fPEL18Urs8xdIPnyMqrJSgieOU3Xn1wh8WY1lp13S8IJ4uFAXYHVxDaauxdYWTiODjvm7lX93eIGh6ApX3/SnWZC/laXA0m3F5I+JV6kY7qPZYOmMbA4U7KK8LBSAhqejN1qIKdqUrIYU0Dd9NcXMYWz+KvKyGhaXih+q+shbURrpado2WtYKoKFHK0Auy9dPZtOMOezYuZryMmfr5fRYbV64p2kuy3f+vPXPjtPTNrp1Q8x92Njw8ZSCXay8NbzD9XlqNDZgWDF57b0wmRBCCCGEEEJ0QhKsCiE6NbN7Or0GZXKu8izesvOk9+xJepIX1SUJMymVFG8S2mvjTU4m2bZRGelYZi1Gty4Yvbujgxa9UrvgyeyNXXUWr6WhTy/qTn5Bl67dybj+OirTU+D8JY5P21iYKFsTRIM2cLoKXH4bgCgbj/LZCpwgc8wiyssWERV2NZJDZtSU+EwGTQPiHutwqlVzmTJtK0UbYcH612DGZgbdmvg5sT4rCwd771KQtTDx4lPLHiHT1c91SsEuniy7vYkV7ZvRZNDpXnCpOQ2vn36zWFk26xIHRKTX6oKCJc7jmNcc6ec6LKfJ6fVOb9a5FK5vvM/dvzbc07ZBgq+PRPcqUokab/EqH3lz5/LMxlWw7AUKZ7b0fgohhBBCCCHEtUtaAQghOoQGLBUE3fR0+R59rmPgxLu4Yd4/0mNIFv3zvsHAfplk3ZvL4MdnMST/UboNGkiPwVlkXjeA9FPVpFfXMKhPP3oNySZlSDY3zn+MnK+Pxzd4ENf16EufMSNIHTqYoY9/m6GT7yGtR3eSmxlHIl5TcUMvLwqFApTStF2o6mPCpNAUflbx"
[DEBUG] 2019-07-12 19:39:03,248 method:org.apache.http.impl.conn.Wire.wire(Wire.java:86)
http-outgoing-2 << "4oZE3VHjOUp51JTtcj5rIlSFUCg6bTJTh4W3jCW/bBF5lS81noK/cSFjI1PzF7Mn5lwjM2eF+o263tbPdXZGeoSGe4HmMvVWX8NU+J1LmEJ4Crx7WnwTvVJDQWF42r4zHT/c83Q1eZWLY8bpp/Cp6LEPysplSsHTTG35TW5a6HXmh4PpqB6rq8gL3Ut3dW88zn1oYtr+skeYF+drI7yI1YIC5346C2nlJjy+WWOeCI19K8+sa9y7VQghhBBCCCG+aqRiVQjRMdK6Y3bvBxWHm8whj/5lG2W7dmEr0DV1nCg5iBkMYG038RhJaEMRDNSgNCjLRmuN1PkqgwAAIABJREFUbdsYhgG7d6Esm+Nb/oQBBOuCGLYFe/9OMFhLxfZdYHiwztdgpA4i/RJehmVpKs/Wc6X+TuWewl+UfzvzaLovqe/WyUxhK0Wh8CsvEjg29E5dMDF+Zee4iXOZknUPmWUxOyIVsjTTCqCYHcsAchnUr/nXFhnT/Kejqh/DU/KLVq1ldlMLYzU+Izu2hCtmiynIesSp9CybzI5QiJmXtYoF60vJHwOZw3Jh4yrynspxXkvm0zw5JpPyLS2+4OWblgv5t5O5ZQnFK3JC4fdWnhn/HFNiF7nql8MUoChSvRzuwesE027+DXOc6t/5r5F/61HmhbYPmrmaQrLJy7+dgszSVi4cFlu1+vQlvWQhhBBCCCGEuFZIsCqEaEcKA7B8gwhM/Ec8ZirBv60n+bP3CZIEhsYTBK1MFJq0/rcBdmhqffNM7SS0GrDjPCktFOA6+107ujtjA1AtvViIreCirXCnw+FzaN0Wlatjyd+5hAPjQ2Fj/u1k5jdxeP9Z/LRgM0X5WxtPPQcnaEsUpvWbzJP9fBAbrLZUyeZQeBvbhiC+xlPXoSGcJc4U+fi9UiOLYJW85Exbn7aE2WNgTeQIp3J1QkE2L2btIr/fWuZlufqpblzIv0y6h5XTxzIOP+Wuc8frWwo0vrfTllA8t/nX3KiHbMliMjdudV5rxVEOuF5rUWyFcf9ZPDl/IUXLYnqgxgTTjfrAVhyNOs24/F0sP3w7z8zIhvWtDFdDVauZKxYxjmIKWvFUIYQQQgghhLjWSCsAIUS7UVpRj0b7BmMkpYKyUaPvxR7+TYwBN+FRJrbyoNForTEME9NMwjBa9oaRCkYqykxptM80kiD0puKe09tmr9O2bWzbbrPz0X8WK8tKKS7Ijbt7SsGuqJ6ZvumrG6bduyxYX9r0gkv9xzLukvtm+ilcFV6YanLcaev+8lDA10RP0T0FjzT0ZW00ZT1+K4BwBe+e8qNOC4G58atcx+U7x0YW+Jr/Wug+5TIywWx83/TVUdeKfA7mvxY9jniVtaF2CfN2w0iAZZsbtUwI35MFE8dGxjWl4LXQlPv4ryFRGwTn/mW3YHEtJ9wtnO/0b21dWwAfeStCbQkiQXDLgnQhhBBCCCGEuNZIxaoQot0oBUnai/XxTqybJmKZJkZqFwKj70UrD8a5U5g7/xv1ZSVKKZRSaFujW9j/VCsr/EGj3q064QPX+Iy26Y3qVKxqPKoNw1USVXgm4J6+fznCU/9jhRZmipi2hOIVpRQOy2aHu9VAo+fPpTBB4BeZvh5abCpznTNlvckKXZdx01ezMnJ/xjJhPiyNre5sNI6xlF9qhW6MPduc6yyd8QjgqqQFyDzK0hkJxhKqIvbjTPWfeutY8qaXkjfXuXfO4lXNmP8axVkvkLeMSKuD5ozLL6U4aw5jwy0mIouUJbpnMcKLb03LYVDzRwshhBBCCCHENUeCVSFEu7F1AG1oVMBGVZ/G7NELSyVHSudV157YE2aT9Jc12FWVzlR6FV4QqiVcYWqLn9P2tLZI8nrpmxzosDG0mVYGtL780uhq1VY83zd9NYVl2byY9XNnant+KeX54V6pkKgVABC3QnNcfinlLQxl20KT12vBffCNWcRKd8jb6nC8FcF7+JrusD6y2NlcCssWMQ4/hU85C2A5Yh+Hjm1VH1whhBBCCCGEuHao2vpgx6UPokOE+z6GF/mxLAvLsujRLaODRyaa8uW5akzTxDRNDMOI9PFsbU/Q9vr8971pZuNrq1RItbH7jkDf9iA2GkN5InloLZBy+hjqb5swz1Y0en6noQysQaOx7nwYFa+PqtJoDYbycPrfhrT/+IQQQggh2kFb/XwqhBBCdIS6mguXfQ6pWBVCXBnaAsODoUGjsAYMg669sVN6Qree2BgEtSJJWQRsk6Szn5N+YCu2/1OM+oto2v8Hch2euq+1U0WrDeINQ9k2WoGBwk4w3V9jY+vgFRurEEIIIYQQQgghOpYEq0KIK8NMxU7yEvANwh40Fs+5SupSu5JW/gH645MEp/+IVEsRqKsjtewD1N4/E7QDmEY9lvKgVNstJtVSRrj5qrLRFqCCqDjJqoECy8K+cBZTy7dRIYQQQgghhBDiq0gSASHEFWEPn4CdmgJJ6SR9ug9ddYr06kq0bYPhwTx9GlV/Hs++d7DPlKMAIykNa+Q07JSM2LWn2oUOLV6lLnxJWvFWAjoYt2LVwoaKj0j2H2u+svbnL1+BkQohhBBCCCGEEKKjSbAqhLgyvMnYnx8jpeJDbGWiNNhoUAq0jWfnf2NWncUyAphaozTo2x/mO1NHcf8N3UAFMLVCK0XcdDNEaUApNDqyCJbGxrbBRGMboLXCRmFiYSmNYXuxzXo8tgfLsPHYBpZho7QBymDTR+f5jQ1dS/5IMM63SQ14A/UQCIQeCSGEEEIIIYQQ4qtGglUhxBWhD75DciAAmDQOHzW66gssFEqryP5A167c2N0g9wYDM5hOlWlhBiHe+lBhBhBAk6QUqR4jdHbQdj2WMlD11XgMC9tMQQVrQRvoJI1ZV4NleNC2gUE9tpmO8qailOKjylpSu/XC0ipupmsANgYGARTmZd8rIYQQQgghhBBCXH0kWBVCXBHeoEVAWRjajFtvaiovGhuPtgkv/2ToVCzTg9dKxjYDbDxTxgc1Z1AotLJRWmG7s04NKLBtm/5J6fyPPsNAg4nC0B4C9jn05xtRhoKeX8OofJdgmg9vl5vgzA6MtOuxMFDVR1C9xmP2GAlaYSoI2ookZcQZubPIVXDATTBsAkrHX7xKCCGEEEIIIYQQ1zYJVoUQV4SNjYmZcBa/Jugc11CwilZBDK3RCrThIcmySLE9BJWNIhXFRUw7Ba0ugk7FRmNg4bFTSdZgWQpDQdAIoLCo92Tguf67BAmSgqIuZxiWCoDlweh2IwZOPa3tywVAGR5s20YrhakU2tZgNn4BSpngTYa+g9ESrAohhBBCCCGEEF9JEqwKITolr20zg5NMtk/x0YUB9Kg5SaYRxNM7yBdHFTXde2J4vPRUlWR0tTl/Af56ppahZ6vo2qMakg1On+lBbVoKPWpOYvcNEAxo9tVcR7/aOgaY5wl2q+Xcp8nU9uhBWp/r6d3vuo5+2UIIIYQQQgghhLhKSLAqhOiULKXxfPIqdWV/4e+fD+VEZW9+8Hkx/R4MUrFR83ltLw7946Pcs34FX3vwArVf2rx+aiIjSs8x3Silx921lPxlIB/f+x1u+/0vue3BILUoCk+OIulEF+ad2k/mlLMces3LuS6DSfq3n3G/7o9SiRfKClMoFDa2rTFsG1uZGARRGGg0ttKAU3krhBBCCCGEEEKIa1P8BoJCCNHBNAbVfuiZYnFb6icc7dGFU7aH+uN15Nyh6HLmHGlHDnBM9eNUuaZLF7jPu5d3rxvAuTMK88s6bupXCbqOTweM5otPbTK89cwy9vNh9658WaWpqfAwdFwdSRXH6XP0U9e1mxmbDeaZk3g++CPGBxsxSjaii99GF2+Bkk14/r4ZY8+fMHf/6creJCGEEEIIIYQQQnQYqVgVQnRSmtK9HobneBnc7Rw31JzkvweM5v8qLcaXe47065K5/v1iKsaN4sT75Yx86CJDMqpQdUG29riOXqV19B95nqF/fp0PJ32Ho/91gIFDq+mTXsfI+hO8O/AGrvv4IH3u9tBjbz0ZZcdaPDLbsKHqFMa5z50Wsr0GYvcdQlL1KazP9mNqG6vfUOg14IrdHQDLsgkE6gkGg1iWjW1fG/1e"
[DEBUG] 2019-07-12 19:39:03,248 method:org.apache.http.impl.conn.Wire.wire(Wire.java:86)
http-outgoing-2 << "DcPANA08Hg9ebxKmKX8DFEIIIYQQQgjR+chvq0KITsnWNlYwlS/KbNK7deHu5E8o7tWLsi/TCJ5JxpcdIO3CWS726c+XtWmcO2UysKtNbsphtva+gZNlaSSbXm7gOMmnz3A6vT8nDiczsJvB7d7P2dTvOr44k4pdo+g/HCzDWUzLaK5cFcAGQ9mgTCxlovrlEBg1mUD218BQ4PFi+3LQt0y+IvfGsmwuXLhIVVUVNTW1BALBayZUBbBtm0AgSE1NLVVVVVy4cBHLunZenxBCCCGEEEKIa4MEq0KITinJ9lB23z18cdiDxwoyNv0COZ6T7Os2EP8eg6wbu6AMi767d3JoygN8/qEX0+PhzvTP0ekBjqV25czBdK6/1YNv724q7p5AxX6wgsmM7FHJICPI270G4y/x0uf6epI9gUsap9ZeVPlHGNtfRX34F0xlE7BBn/gAve13bXxXoK6unqqqKurr69v83J1Vfb3zmuvqvjqvWQghhBAhHywhZ8gQclaURG32v/kEOUOG8NSb/hacxM+G/CHk5K+jJUc3qXIdTw0Z0oprxyrhV6Hn/+qDyx2MEEKIjiatAIQQnZJl2Hzz9m+ghv6JYBebrrbmZ0GTWm3QNWBRnxZgfK6XgA3B9O4kPTgH3cVicNDDcp2EUR8gWdmopCDTpyRxMb0LyVPnYXsu0rPqLEtSAnzpySTj/BmqVR22tzco0O6KVQW2xlmSShlR2zXOsQZ12L0yIXsc+vRxgl98gkdpdHUFxtkv2vSe1NbWUlNT26bnvJpcvHgRrW1SUlI6eihCCCGEuJp88DLziwAWMX5FDkcnbCFn5ssJD5/0y/dZ8YAv/s5+M5n7w0VseR62vLUV/wMzSXBkAmMY/0PgeVi2o4Qf3DKmVc8WQgjRuUiwKoTopOr5uP4U5YaFrjFD2yznnQd0IIjXTML21EHgNLahsesAgkAg8t3NxkSpelIuKGxdQyAYJJjWhVQVoJ6LeLqkEAx6yU5LIRuFje30TQUUCq8VRBsGAWXitetRQFAZYBh4qCNoaFRaF7RvMATqMDBRBgSDEPSatJW6uvqvdKgaVlNTi1IGyclJHT0UIYQQQlxJlet4auIitoQfPz+LnOdh/i8Xc/DZhu1bnr2TnGfDBz3OuiMLCUeV/jefYPyzW+GHazm6DnJmvsykw0cpeWohR48sbHTJkhVDmPl85BG/GjKLZU2NsWgR44csirMjNI4PljQZ4IZfU6z5647wg1uaurAQQojOQoJVIUSnpElh3LlD3HbhY1Soa4ly7Ve2l9qufTnvm8L7tafxeDw4daSxFHd1zcDeXkTgyzOYlkYpG621U5EaNMAEY/g4GNWv0bODHi8qrSuGxySoTdCgDAtbGejz5yBgYR4/jOfcKVR9HYYKELSTue66PlSbXdrkXliWzcWLF9vkXNeCixcv4vF4ZFErIYQQ4lrWbyYrjsx0WgHMfNkJR58KRaYPzIyEoE4I2YIQ9Jb4YWpiY/jBkSP8AFdAGxPcOhqu3ajSNXLNxMc0fW4hrhWVbF/3DgfPt+DQ9CwenjmB3jGbD235Le9Vxd8nREeSYFW0v4q1zBu/kKJpSyheMQsfsKcgmxezdrFyeusm0hB67o6JpeTH/BTi3zCHsflbW3yeKQW7WHnru87YYndOm8sCVsFc13VKFpM5AwrLFjGu1aO+9pkGBGyFiYEmgMaLog5LJaGpw6O9TT5fYcHn61En/4y2ncBU64ZaUkOBx3cXVd3v4U+nj4MyMVRDhWh4qSNLwbheg7Hf2kDdx3ucuf0ASgEarUxsZZH+8OPom8dhhOb5a2Wh0dhDxpE26n7qvArv+Wo8tRegW0/qSYET+7F3vkFgwFCCw+7GPFVG0uefYJgm6TdcT9dh97XJvaytlUrVWLW1tXTpktbRwxBCCCFEe6tcx1OLYdKw9ruk72v3M4mtbOETyithjPtv8R9sCQW6uUz6WqLfZRqm/0e3D/Cz863Q7ys/nCShqriG9eOumd/lrqhtlWxft5feMycxvMnnHuDNV/ZyAoAy/vBKmWtfKiO+9RB3xSat/gMcDA5lRH+Z5SauPAlWRTsppiDrEZYCMJfCslJWhvb4N8whbxnA7WTmu54y/zXK88eGAsxVMefLZfnO1eT1T3xF3/TVlE/HCXL/E34aCnGbNouV64+SuSrHCX1LFjd8zCL2FGRTQCn5Y4opmHGU5TtXS6iawM23+ij+2ym0FUBpDzf3OsWB6m4k2Qa2nYRW8apLG2gMDEujLEXk0EjJqu30OFUeLMNAK1CGwtKNV473aA9KQVAHsJWBrWzXeRQeW2GaJkk6uipWKYVSihu/8S3+z+xe1BjQTV3Hdd5kLKowg0ks39mN1X9/C111Bk/FYag6SdCjMYwAPi+kW6XArZd1Hy3LbqOFqvbx0phHWR569Myvi3niZuBkIfP/Dyz6RV7MX3738dKPSpkRtf00m350HwvfbsHl7vsJf/5FHr3Zx0tj3uG2kmcZDex9KZ8T0wuY2tc515++8TbLJvdq9aupr68nJSWlbatW60/wycdfcCZokezJwDc0h/5JbdfOoUP4t/Hq+mNUuTYNHOjj+PHYxTZSGTVjJrnxvkn6t/Hq7u48OvXmBBepZOuaEnyzpzAitOXgpnX4b52Jb7fzvmXn3c/ra84ycfZE1/fqSraueYuy6+/n0Tv9vL6yhOMJX2wTr0EIIcQ1ws+GxYvYUgRbigByGdh4wlHb65fDCGALW9nydz/T3RWnxz9xPphyP+PdY4ltZRCWqH1AVFuAXJZte4np7fHahGg37oDU5ZXf8l7kQW/ufqwhaD3119f5w0dduPux7/JA1JOcCtjPMu9sHKoCcI69b73Jl/c/wF0SroorTIJV0U7Gkl9WSj7FFGRtjmx1qkpzKCxzB5ROCMvEsc7DMYsoL4vXu6iFKo9SNGxyJMi9HOPySxkH7Cl4hAMFu8hvItj9qjuX3geVdAazxqTWa9OrxibDtBk4+ByHP+6Kpawmn6+URif3xu4yAK1Dx6pwcKrQeNGeHnhsRXczGQ8eJzTFCUfDAamNxgSMbr3w9uiLbdu4mwrYSmEojZXSDQg3E1BORasCK8lL9TtL6XH8Q77IyCTNPEul2Y30C3XUe76N9oDnxEd4TnwM2qDetPFouC07wJ7g5d/HQKC1oWp0gNrgLpZsLmZf35jNffNY9r1fMuqlfex7YpQr+HQds/+XzD/xfZZN7sXUXxQzFZxAdkM2y54YFTns1OZ81g8ocALbsJOlfPSDe3kCgNOcODKYAX0BnHPdtjmfUS/NZZ/rPC0VCNRjmm2wkJV9jk+2v8PGj+vxXeejf+8kznx+gr/9dRcpQ+9k+l05dG1Vfruf11eWUDXyfh690/UbUVTImSgETPDcS+WbyKPzJjYbjh7cVETCvzydPg/dh1z+WAAOFVHwl+hQt2Bl9CrPa1YeC33k4955U8idfT9b17zFqwyma2jbCGhB4CuEEJ2X//11rDlQ4zwYOIb8qTcT/jeg8R+QXN/74p4nvdH++Oe/GvnZsDrUozTcY3XdWuYXhaf9b+V4JXDFA8jmK04n3Z8b/U9puJWBEMLFHZzGVqwe4M1XGmLXQ1t+y3uM5snHerN93RYOhY/7eAsv7rjAiG99l39I1BPAN4Fv37+D37/1JtslXBVXmASrouNUrOVf8nMoLJvMjqxs8pjLgvmrWLosl+U7S5usRgU/hU/dzjMbQw+XZYeqYcGpiG2Ynr9n2ypYtorMRE2XXC0JIjYuZOzGhZH98atmQxW24cpaEaX65Fk8XZJRtTXcoKqpIJkHx51m/d/7EFSBSN/UKJZFfVBzPmCgVBBu+k9ne9ziVif47Knhn3vf3LAtItQ+QIGtNWn//DwYqtFZDDRaO4efr7dRCuosC8syMTHxBgN06TmAbkoT8HbhaN1ABqbW85lpkKw92EqjtImNhcbGY5l4vCYTxmWyZV/OZdxBRzB4CelspFq0GScLmT/53/kTAL9h1JGfsGTIdhZOHku4A9nyMf8OwDd/9v3WjwM4VfJnbrwjL/ToBCcYzG2u/b0nF7Dvks58ifcmln2CnW9sY583h9n/9DV8"
[DEBUG] 2019-07-12 19:39:03,249 method:org.apache.http.impl.conn.Wire.wire(Wire.java:86)
http-outgoing-2 << "7g4VgUp2b9nKmjdOM/3B2+nfbLjqVFfuq/YxcGDsvv28vv4YXb/+fR4djhMw/mkbI6KqM8H//iGOA10v/5VF8R85T9atE13j3AbfDAe7+znMQB6Keg2xZ3iLggMxmwaOIT/7eENQunIduzNq4Pr7G9Vp+99fx5qzw8mfOoX8cAlCiypWAfqRO/v7zv4D5xtV4YaD2a5tFUaHHNz0a95xpRsDv/59Hmp6npoQQrTMoaJQGDqTEaHvu6++7+PRO2/moXnRAejBTb9md/cxjUPV0B+qug70Nf43I+H5r7Lyx1DF54gfPg5F0T1W/b/MZdmzTqC5bOYSxh+ZFPO8T5h7ZCGN/jm+DGMmPA7PvwxFb7GzcqZTTfrBy8wvAnicuQ8k+AtlcwtYxZCFq8S17RTvRVWo0qhiNfwb1PBJ341Urt418xRvho+7bjRPPjay2SuZ/V3h6tQHuct3lc9EE52WBKuifYT7qoYeLs1a5QSaZYvwVfgpnw8sW8WBrF2Ul7VkHqePvBWl5K1wAtbPwr1PK9Yyb/xR13F+yg/DgvWNe7ACTmAam5dCQ9ga3u+qmvVvmMO/8PNL6gf7VWKdrcEwFbYBt9hVlPbqwXuHe1NXZ2Gaqdg60Og5AeVlyY7zLHv/Ajo0xVvr+C0DVCgjtWnIXRvHqk6Rq1IKrTVGnIRWKwNC17C1cz2tLVAKjSZgJjNSbQa+4M+jfskxM5kH//A6Q/+2k7/dehO29mCqWuc5piaowdejC8qqIaesEC6zWYRlNW5v0Ky3/51vhALRxO5iyeYClpXkxWzPY+oTrb9kIifKt7P8x2OjKmiXJxhbpD1BC13SvYlynoObt7IveRTfm3ozafYJdq7fxm5/PWbPHB566E5ufeAB0ja9wYbNac4xTZ7PCQBzCf0i7N516DjHMwYzO/zT4fAxjCrZxkE/DVWr/m1s/LQfowYeo4y2tJ9tn6Yz8U73tnR84eseOk5Vd/c3SHc17X5eX3mInrHVtf5tvLobGD6F/OH7eX3lcYbNm8II9vP6ym3szoCs0KFlf/o1ZdffT/7UmF/ofRN5dKp7w808NDtm6IeKKPgLjSu1MgYz2xXA+t9fx0baSihc7jaGfFfAcXDTOrb2klYDQojLd7DUT9eR94e+r/Ujd4yPgpIj+O/sF/2HJf82dp8bzLTY758Q+v7rHPPq8ejVYFp8/s7OtXjVsufdO8JVorks++UNzH/2ZVa9eUNM+PwyOz9YSJvWi97yOMumvMz8oq3M/0MJ058aQ8kOJzCdv64Fi05NWczOgpkJPgd+NuTfGQpphbiWuStWnQrVnMfiV6yGHdryW977HDJuvJcn7zjFm6/s5cUt8OSk5sNVIdqDBKuiffSfxcqyWdELPlWsZV5WNkXAgoIlTGEzU2+N/VEjpjLVbdoSilfc08yFy/lsYy6D/rWJQ4bltOqHzM/KtjYkBiKhn5j7SU6BGl8tvuSLBIzz/M+Tg6n1GHisYHQKGqo+Tak/S8Duhm1rgla8mNT9DBV6ryHyceNn2Dq8TpVuSGOjzuOEc7ZtoWprsLTCm5qGUR8u2avjWL/FBHvVcnuwK+MtUJO+x7mvf4vgcR9eexN1ObdhDb0T01+KuXM9587VU1rdk+ETLr9Owmld0EotrVh19VE98dJY/sb3WP6r3yQ8+pmffI/l/x69f9SvYo8aG93H9Yli9oWC2ritAi7DJd0bt9L32X5mANP+wQlMq4p3Uewdwdx5gzn65hu8Uzycf/xaT0ZMzsX/+628W3oT07Lb8i/dNZw5TWgKfiVb/3SMrmO+j6+0bYNV//uHOF5d40yxzxjM7NndOUN65BdQ/5nzdO0Zv4rJ//4hqjKg6kgl+FzHuEPRQ8c5jp/jK4tg3hQemnez02M1tDvrm9+PH0YeKuLVM2OcCqqo6lUn2Dwz5vs8NHwK+RRRsLII5rn+e6o+5moZ4OjaRj9bH9wUClVjps2OmCrTOYUQbaES/7lUsm51fU/tlU7X6vN8QXRXloO7Q/8uXKHzX7XCVaI//AHTHxhD5qcvM/NZVy/Tyk/YQi6T+kETjbkvgY/x9+dC0VZ4/ldsuP4G5j8PTFnMzJZUmCbqrSrEV0rjitUTcStWG/qxDpjwXZ6c5ASsL74SOuzzvbz4yl7n4/QsHp45odHvPlbFDn7/1kkGfON+qVYVV5QEq6Id+Slc5ZSH5mWtYsH6UidsDYWnS4Gi8dk8Ezk+tEDVilLyVsCegmx2TIytPC2ODk4rj1I0LYefhndXHOXAtMnMTtBWwF9+NP6OmFYAOwqyeSaqlYB7oa3mF9L6Kupm1qIMSKsPMCi5noPn0qjRYNgmxC5cpZwg1N63Bc/d/8R5I510Oxh9gItWYCunutRWRtzANMwAlGE4ganVeOq4ZarQOQ2M1FRMbaMDZ9CHdmEqA00y9VYtpkolWG8RqK8j2ZtMQHXB8CZhKQs72YuZnIZK7YI2QQdsfrelkiHjW983tH0NYADvcILTnDhyFwP+x7Pse+JZZ1ecHqoAT8xIvL/p4HQf63+8neWMbdz/tcVB8BVgmkT/mBUk2CivrcdquiVw83ql07X6GNsOTXSmk/uPUFbdMOX/4KbQAk3D4WDpZV4ryn62HagJTZP38/qas87mRsHkrykocapAc2eHAkT/NjYeSOfWeQM5vLKEg3e6epuuP8+toSrSg2dgYIaPYd9MZ/em/fTpfoh3jsOoWwFq2Le+CF9sxemhIgpKBzauYnX3mI1U94bbB+zncPiwK1axup/Dx1MZNaO59D+mD2LMeIQQIjE/Z6qhZ7OHhapVW92CpIXnv2qFe67msuxh55eCMU8d4ehTsRWfN5B5BTof+B74AfOf3coytjI/1IqgxUUaUrEqvvJ60z0dGP1dHhgKcIA3153jjkgo6q5YHckDoen+p/76Oi++UtO4BcCpHfzujycZdE/jUBV/Q6h6d2b6lX1Z4itPglXRfkpe4plhc1mwESaUPUH5U3Mo/NfVTNj9HM8Me43yFa4+pSWLyVyVw4RwWFmxlhcPL+Gn+THnrDjKAVzHxao8StHGVRSFQ9J45j/deFtMK4BxdswqAAAgAElEQVQJ+aWU50OkgpY4fVlFlDO2B7NrT+zq49TVd+WToOaC7UEBQSDe3wzNkyew/ricrl4TSycOSxXgUcqpWvUkoVXib2UaMHQQT7AOK05bAU8otPUo0ChMbOz6Wqg9D54kDNsgpWcPPLZGeTxYloVpGCQZJt7TNqby4jn0V+yDuzEBS0ENFiXb/87+9/fwq3+6tzW3rRHDMC6xMjPRIlYQbgMwtW8vBgw5xomTJzjx9mBu+0Xj50QqUmPDzy+O8SeyWz6c/e/w0c9+wjPl2TwRE8Z+ozz7kkJVw2jVilKNZU8k98jrbNi8n+9NvZmuY29n7BvbeHXVfpJ9w5g+tidOu4D3OdpzFN+7nGpV30Qe/fp5Cv7yawr+AmQMZtRAOANwqIh3zg1mdrypnpfr0HEYGPudqnEPv3DFaMORTgUtI+9nBP3oM/IQG9/fj//TEvZVRy8gdZiB9OQ4+CYyrfs6NjKcURmHQudJZdSMgRxeuQ5/uJ1AuC/gyJhJk8dLKFiZyqgZ3+ch95AjISyQkU4fuKIVq9Gie846fVadUJWvfz/SL/bgpl+zZlP3q3hxGCFE+/HRM/I9MrGDu4/B9fdfws+aLTv/1aGEXw0JL1IVClI/WML8Ipj0y8VOj9MIH9PnPM78opeZORMm/fJ9xgD+eKe9LGOY6ervCsDzs/jVhBb0RZWKVfGV14+7Zt7L9nW/5cVjo7mbvVRl3uv6PaAhTAVCwWkZ3HgvTz7Wz6lY3QJPjjvH7/5YRnV6Fg8/9lCC3yN6MnryaEb0lVBVXHkSrIp2UkzBjKMs3/k0ny3bjNMjdTX+DXMYu2UyxbGh6oyjLN+5KPLD5J51Cxk5txQf0T1V/bs3UzT/aVYmuqyrN2o8Tr/UzCbG7FTYjt242alK5V02sYTlwxaypmRW/L6tAoCsQDV1NTakBAjWab6o700dBqDjhqoAGBqzrgrq4gevbrYNKikN29cHTGfFodhCWABtKAhcxKg8DXYt2lCYNthxMjlF"
[DEBUG] 2019-07-12 19:39:03,249 method:org.apache.http.impl.conn.Wire.wire(Wire.java:86)
http-outgoing-2 << "KIhFgWGgsUnWQfp+sYbytEfYmwF31HrQm9fgvftb1AS6YqPwWLYTfprQU9s8mHGaLoaGOH1kW8s0WxmsnizloyHZOLPvv8dvSp5ldNQBp9n0o/8VeTQgE/72BXDfYAZAKEDNZv2PSpkR897t1IljfDNzQAsHtY+Xvg//VJLHgM35vLQ/VNV6spDFPx7Mb0ourbLXNC8zWCWVYfflcuaNbfzmzToemvQ1xs/4DuPDuwOfOQtbkcP0B5vrr9oCw10LN7Gf11f6GDa1kq1r/FDtjw4Kj79FwadtUAU5fAoPUcSrZxo2Hdz0a/ZFTY1MZdTIdKro7jrGCRMHhloE+O6cSNaabfDN75PvHtBp6DnEB58edypczw7n0anw+oF0hkWOu5mH5sHrm/ZD9nEnJP06kTFFVq5OsGq1/8x5unb3waESjncbiM93M4/Om0jjRbiuhHDf3FB7AmjcLxcYcetgdq8/zkFujrtqtxBCRHO3ggFOn6cq/IcjcKpVj/u49ZL/4NbM+a8aY/jBkSOMXzGEmfyA6f2g5A9OT9MRoT8alqwYwsznc1m27SWm37KQdT98mZmHF/N/J1pI6jI51yO0kNbASJXpsplDINGiU7cs5OiRhU2cR36hEF8l/bhr5mjOvrLXmf7/+ftsz3no/2/vzuOjuu97/7/OObNpZ9GAAMlgkAzxVgR2XWzj4iaxjE0JWUSuszQuBudRFOtnyHXCJfk1vukNJfGvwleuuD8DpnF6WyfIuVAKliFOooQYhdggbONVQgiEkWAA7dIsZ7l/nNFoJI2k0Y7tz/Px4CHNzNlnkEbv+Xw/X+6OlY6m38VX/vaunvddeINnW+bwxb/96sCFGd5PyXsyMW4kWBXjo74ain/Mqhl1FHfdV7mFRbXfoq4ki30Fc6P6qK5lX+3u7il/6vfwLC+yIxeOF3f1W93DQ9+H7xXCMxXdoaw9tD/+mdj79Eut38OjkTB1Lfv2ruWpXdnh6lQf+wrsgHdVBjy6ZAvHazePcGqij6+GkAeHx0lKm0aj4uSYP5lYvVKHS9XAuP7PsLyzscLbjRWzKZZBCA3N7YHak2CpGIoS6a0ai4WFaZo4VJWQ0oojcSYJbg2v04NDMUmYPp1AUjJuxYFiGhimjqloOPUQutvFsoSrXO9qQ4mV3g6Rw+EgFOrbwqA/lyt/A1lLgb6N32NJn3U97/7x15DzaeKfs+pN9v43+MzLU+Na+o2dD/PuP/7K3v79xfz5zkXc+jcQO/iNn8MxCr/C1Fks+dxypv2xnP/zfDVJM6eQqgFGJ5cuNOO54U4eujub1JE/lT28/ZI93P0mMiA84VX3Yz/jtUmjO8N9tJse6Lk/AN4r482m7v3/mlweuvk9jkQWyGDZZzL46d5SyqMnslqw1A4dIdJ31Xe0lPOZC/gC8HZk/Vv4wgP218IF2JW0+Lonifp8kz0ZVkQD5S9U4n1oOTTBnNszePs1H6nhSbbefulnvD/3Pnuoa1UZxa9ljlK16C3Mz6zktd49ZYUQYtR0TSZ1BN+CpXhpoLzSR2bu8u4P0q600ZKZ2ScU6Pr5PPDPuzi2/1FycqsdQGJXhebPXgaUU/RqJesXZlL3PkA5h173sfK2cnY9DbCZ0pP5g1eQDkl39WzetqOUhIPblcVVZIVD0qL8HN6OeqxnxW0/nl5N9tOxHgiHxfKrSHxchKtP7UFA6fzl336VFQA02BWsPebgS+Cmv/4C6cftSau6dPVaFeJaI8GqGB8zVlO4EqCu+77czdTlQvQgneXFx9ixsufbvuOlmygrgqwieGKvPST/ePFcFi2xl+/T23SIk1HdnBW1dNckW10qt4S/CbcAmP9i+JhXs2PvFrLmrJH+qv14y+/gr/2XaHR4SA+G+EBPAgz6H+A/NMrkDEK35KEqQaxwj9VYsa2laKhWAH1mNs5LtWgdLZhWiNgxrM1U7HDVMnQa3jrPFx1LcJoudOMKCZ0BgmmfhVdC1F2qQw92oqomlmVhqB7aA52UXJnJj7znSHAERnyeTqeLzk5/nEtHB54fAv/K13NjTUZ1N1u/Hf72lg0UsY1b/+ZhbuXrPMb1g+5jZ+7D8LMTPDB98CO6/HIhX+envHn/1O7b24HP3s1nfvWvfH3np3lz3fAqVp1O17DW60NNY96dn2PebR9y+oNLXNUN3I4Ubv9MNjNco9XovueQcrvn6fj9tdRy6jDFp4CU2M+v76r9btZ3tJTXJt1H4Z0Z+I72GkrqXcrDj77F/9nxM4r7qS7t6sv66d6tBmJWl3rD1aD2er02FJ5g6y2OnE9m/u1HeO18eDKW98rs4HkBlFcCOct5qKqUnx71jso1tatPD/NT+nmOFmSS+fvK7n652EN2WzJzpTJCCBGfBcv5dM3PIiMVUqP7SgNv13R/kDQW2//o6OqnaoeZ6xcCGfeRRzmHnj5EZcGmyPD/Q4fL8a3I58lthzm0oZyi3aXkFw910sFKKsIh501RbXQi1aU8QmnVJno/M7kFVVR/sZSCpZs5tOFOsg939VK1K27Xx9qTVKyKT5pY1aeAXcH6Ve6OtU7eV/lI/ugSnzgSrIoJ49u/hkWF5diTP9VQVxJ7ucWR/qbdrpuzDDZ+KxzCnqB4zpd4KvzYE3t397lvQEVzw8utZV/MCtRqXijYxKm8Y9RFh765m6nbu4WsJWtAwtU+9tVe4t0L7ag0csl00BY4iWKao1O0qiho+mVCL/0DimpixeoB0L1w+KtFqOUCVnMDiqFixei32mcVoH3/d7nw2gIU1YVp6iimDs4Eux+rrxqztQnC2zI1k1RNxZzdyP+nB3GZsHuEp6ppKi6Xi2AwOPjCb/2ad//xB6yLBJ6DtAK4uI+N9/+QV4DP/OOvKLr/Q3Z+pwa4lXU/scPOdd+uYWPuw7yy/qesiwpVY09Q1cvFfWz5zV/xm6//mltzH4bwft6sjKp0fWtb+LGuvq9xbBdwuVyj0Aqg90ZnMe/mWcwbhU3d9MDf9ArZMrpDxCGvO3J9Jq8Cek7AZE/Y5PXewsM91uwOhO1t2P1ZfUdLKd5xvrvXateyrzQw5/P5kfumTYJf7/0Zb4I9wVN/n3p5J5F6vpLiHZU9jtnrq7KHr15pg5uXsowj/LQmk4dvr+KnO87QgpdPe8HrXcqcF6Im2BoJ71IefjSH8hfCYXSXyPD/W/jC55v46d5wv1zot42BEEL0Z6Cf9f09FvN+71IefnRo2/8oWXLfI1AGa7uqQDOWkbccDpWdpq4BchfmsZHnIlWhXZNLcV88v3FjTxgVCXEbwmEpsLG/Yf5dMvIpqcrHd2AdSzZsZknOYak4FUKITwjFH9RHb2yu+EjoCpQsyx7ubBgGhmEwOS1lgo9MDKSxuRVN09A0DVVVUcJVml1f4zVez3+C04mugWKaKApYpoKlWZFh+wNmof2Ins9K0RUUzYliqQMO6wcrEuaaGBi4UJQAygAHYBHJSnGSgEkAQ1VxWvYxmBZgGWi4MJToqlQFhwGmpqAAmqnQHhp5n1XDMGlpaRnxdj5OUlNTRz9YFVG6A1V7wqaJPh4hhBDXotF6fyqEEEJMhEBn+4i3IRWrQogxoSV6cRAOKVEAk+hS0OF8ohP9Ft1yg6IAloIZ53t3h2XhssITV8VXsApYqCi4sTDD01spqOHVrR4NBZTw4ypgKcqotT3QNJXExEQ6OjpGaYsfbYmJiRKqjrn4K2yFEEIIIYQQ4pNKglUhxJjwzLxnog/hY8XtdmFZ5hD6rX48JSR4cLtHqbeqEEIIIYQQQggxAhKsCiHGhIox0YfwsePxeFAU9RNbuZqYmCihqhBCCCGEEEKIa4YEq0KIMeF0auj6JztcdThGa0b5bm63C4fDgd/vj29Cq48Bl8uFx+OR4f9CCCGEEEIIIa4pEqwKIcbE7MxpnK6tn+jDmFCzM6eNyXY1TSUpKRGPx0MoFETXdQzDxDQHmsTro0NVVTRNxeFw4HS6JFAVQgghhBBCCHFNkmBVCDEm7r7j5k98sHr3HTeP6fY1TUXTPGO6DyGEEEIIIYQQQsQmZUBCiDGx+nMyn7hcAyGEEEIIIYQQ4uNLglUhxJi4beENfOPLn53ow5gw"
[DEBUG] 2019-07-12 19:39:03,249 method:org.apache.http.impl.conn.Wire.wire(Wire.java:86)
http-outgoing-2 << "3/jyZ7lt4Q0TfRhCCCGEEEIIIYQYIxKsCiHGzE9+8Cj33r1wog9j3N1790J+8oNHJ/owhBBCCCGEEEIIMYYkWBVCjKmf7/jeJ6py9Rtf/iw/3/G9iT4MIYQQQgghhBBCjDHFH9StiT4IMb4sy4p8NU0TwzAwDIPJaSkTfGRiII3NrWiahqZpqKqKoigAka/xmqjn//WTH7DnP8r5w7FTnD1/CV03xnR/48Xh0JidOY2777iZ1Z9bJsP/hRBCCPGJMVrvT4UQQoiJEOhsH/E2HKNwHEIIMajbFt4goaMQQgghhBBCCCE+NqQVgBBCCCGEEEIIIYQQQgyRBKtCCCGEEEIIIYQQQggxRBKsCiGEEEIIIYQQQgghxBBJsCqEEEIIIYQQQgghhBBDJJNXCSHENezixYsTfQhCCCGE+JiYPn36RB+CEEII8bEiwaoQQlzD5A8gIYQQQgghhBDi2iStAIQQQgghhBBCCCGEEGKIpGJVCCGEEEIIIcQ178R7beyraKbGSuKt91QmzXXTdsbiwlkTNcGNJ01F0S0SXJDqUUjWwJEMredNZqV1YAZaOX81RN35Bpqbm1A0HcVoRVN1kiZN4voMWPv5BeTdns40bwouj2tkB2zoWKEQpsOFYYE1OpdBCCHENUSCVSGEEEIIIYQQ17S/L3mL3XtPEwpZaE4XCTPmMX1KIl6rkWmZKbgmezEMeL+6GUOz6JycRGPQpPHNNlwuJxcvhkhwqTQGEkiaej1+K4ipqJh6J4rVyY8KZvK1zybh+MVTaD/YBx9WQ2fbyA46IRllVjbaPZ9H+8p3MFQnuqSrQgjxsSLBqhBCCCGEEEKIa9Z//00T+15rZkrmDBovNaF3dOC9cSofHH0bo6OdWbfewsIbVIKXLTDAHWxj2hwXaY4Av7tymqCpYASCBDss2ptMWi0AF1ridFKSU/jPp3K4NVCJ++GvwsWzo3fgnW1QfdL+d3A32t//O8qC2wihjd4+hBBCTCgJVoUQQgghhBBCXJN+8D9f5Q8tiaROc9KmTMHZ2UKgqZ1JqTrnW68ydUoq7nQXVbWt6I5kApqbJp+Bz6PTca6ZTj2ZJGeQSVM10ANkzXBjhkI0twaxnI08+XcZ/FngBK7H72HAwfqaE0wDLHN4J3LxLBTcjVryBxyfukMqV4UQ4mNCJq8SQgghhBBCCHHNOflOA2W/vcDl18/RXN9CWqpGcrKG7u/krb1/YnKKi7ty07kpWcd17jL3zFVYcqOL+de5SKaNc++foflqMzV17bxzxs/J6hAnayxOVvupu2yQluRgxZI0XP/4NSKh6v+qgN9b3f++8C1Y+z/gUCuUNcHyh+3l/t9/sx//TQh2HoeZ87oP3OGC//qs/fjffD/qjCz44VfQzBDKeF1EIYQQY0qCVSGEEEIIIYQQ15x/LX2T8+fbuHo5RPPpK9T86iTBRicp0+aQOPk62tQM9v2mkZdfucTl1gQOvxKg8nedXGxQ0AKpPPiZG7ll/nT+avEkMtN0bpwVJHtyE7NSW0h1NvPwX09D+8VTPYf/H3wOXn/F/v4XRXD2PfjKd+GN30P9GVj3I+iKRf0dsG87zLsVPvuV7m3M/hSsWBv7pC6ehX//CZokq0II8bEgrQCEEOPqwIUPOHL5HO+0+PAF2jGs0R8HZZgmTZ3t6KYxrPUVFFLcHlSl/3e8mqIwzZPMTWnT+Mtpc/jcrAXDPVwhhBBCCBHD0Tc6MNUk0FJJcKeQ5E3BH1RxJjlxTU0nOcGBduU8mnsyISWZZiWRy4aF26vQ6Dd5671klFAHyZ5OOnQXLqMJQm2YfoOUJI0H/mKqPVFVtAO7IGUy3PYZ+Pk/waduB4cD/v0ncN182PDP9lcAfzsU/z+w+NPwqT/v3kZ7M2y8D/7pUOwT+/1e1P/yBGiusblwQgghxo0Eq0KIcXHgwgc8W3OcBv8IZ1eNg6IwYCg6GFVRBl3fsCzqO1up72zllYbTbK/6E+tz/lwCViGEEEKIUXLm3DkMU8X0t9MZcOJKnEFHi0lIV2ltaSXR7eCGeTPwTEoi6/oEGpJUXCkWS6fBhVaF8ndTcF9NRu+0SPFPxZMCLecu4Tt3mpbLHzI5PRU+rB74IBKS7a+tjfa/6Ps0J/zFA+DNhD9FhagNtfa//nxYjeJ0wjDbtQohhLh2SLAqhBhzT71/lD11b4/b/hQGD0YHog1j3YbOVv7+zV/zbrOPTTcuHfa+hRBCCCGETdN0NIdKIHiFzk4/mjOIv1PHtBTwJ9GiuKls8qEmpPPGO16mZE9Dd2sE5im4E0ALmiQnWSQnKzRfduJv72BSYhLTbpyHy0iP8/1i1zIWdI206lovZRL85CB0tMJvfjEWlyCisiSH/Kej73mE0qpN5MZemu05h1jS7+NhJ7eSnf9cnEewjKIjO1mZ0bX91RRFP/z4HqoLBtwbNJRSsHQz/dTxDrA/m+/AOpacXR9zP74D63iSLZSs8Ma19cG215d9zpRWsX5hnDtoKKVg6WHyep3HgE5uJTufAZ7bnnwH1rHk8H1UFOfjHeT6buxz7D72F26Gzb2Pr7/Xz0CvKx/7C+/k/JrBr0/v13LetqOxn7dhvz6FGF8SrAohxtR4h6pdlBFWrA5pX+GvFvDC2bcAJFwVQgghhBihjtYOUFQsxYGCBpgoVoiklMl4Ur1MSdaYlOIiGGqjUzcI+DQUE4694yEtWaPxcgCCHWgE0TBQuUJrYz2G3kFiYjIXG+aSNSsbqk/2fxDBTvtrQgokptjf+zvsr62N8Hd32tWpQX/8JzYrGysUGn4rgEFDzFzWH6mmICeHm6LDtJNbyX41r3vdhZuortrUc9Xey/S3/aoqlvQJeweRkU9JVX6vOwcLge3AbmNZ1+1ysvvd551kbwCWb6GiOJvS3uEvj1BaCvkxzm9oIWt8fK8f5tDj6ykZSti3cBMV29axpLDUDksHWdy7YicVrGNJIVQUx7q+EAk9+67Nys33UbB0HURCSR/7C+0Aue+VyGV96SGySyrD16m/YNYOTyvuihWy+qhjCxVV4XNrKKVg6Z1sz4yx7LBfn0KMLwlWhRBj5sCFDyYsVB1JsMoQ1lV6fG/feuHsW3wqzSttAYQQQgghRsC0ANPA0hwoloVlqRiGSsuVRtpaDIIpCQQmp5KYmk5Sgodp6Q6MkM50r4ZuwHwv6EoiLtWDEQoRCEJrs5vO1haMQAu/ef0KX7t7FdpAweqbfwDDgFV/B+kz4epFOPee/Zihd38/FPd8HtPhsj+VH7JHKB0gVOqu3MynpCqb7YWl+Irz8VLJ9vzTFB2JWrffCsfnYoaXvSsecwv2sPHp3uFl//pW3UbJiVGZuHwLFcX5rCyuYiVDr1hdX1XF+oZSCrbAk10h5cmtcR7tMMS8nv0Fwf1XHHtX7KT0bA5PHlg2cAXuya1k755HRfFOqleM5Bjh0NIcNkbfUZbT43mNPPcLH6Fo92b2Nwy3OtTLyoKo8Dcjn7WPbyb/1UrWL+x1NUb4+hRivEiwKoQYM8/WHJ+wfQ8lVlWw39dG1olzQi1lgD39r6o/SbAqhBBCCDESlgGWAqbdjNSwFCwzhGUYmFYLTU0hGpvacCWFMC03rsmg6CGCugdNU1H1DpzuZExDRVMtEpJcuLSpONVkJk/PouyYxkNPfget7F/g4tnYx9B4Ef5tK/yX/wp6CP5nIQxzglQAps+Gr3wHY5jzt+ZteySuIeK2XNYXd1UW2lWIPcKwXhWkQ6/azCV/2zKKNpTHfUR9h333U7F6civZu2Ns4OnV/Vas5m3re1/lLzdz05qqQSs/Y6ksySGfGNXB4cDvpphB3kAtGiJbZnvOwA0RMmcv49CGzey/bZSHt8esGo5DQykFOVEhZ1kOh7btIY9yNkaHslGB7Ma74tmwj7r3Ie++zEGPdSyqioUYDRKsivFTuYWsz++Ke/En9tZQ2PUzM851lxcfY8dK+9emb/8aFh26nxMlqyO/SI8Xz+XZOd3LxOLbv4bv8WN7mfo9PLpkE2X9Lh3jWAVgV6uOx0RV/RvecH4A04z9TrcrgO25fI9INqK+s43/+PA9CVeFEEIIIYZJIYgFqFhYlkFncz2K"
[DEBUG] 2019-07-12 19:39:03,249 method:org.apache.http.impl.conn.Wire.wire(Wire.java:86)
http-outgoing-2 << "ZaACmCppqZCS6GTuPJOOzjZcCZdoa27m7dNNBA0L09+EorlB0VBUF4GEJIKGC9MMoTk8vFGVws/KXHxt0//Gs+EeIu/0XnjK/tdl1/fhpz+0K1St8IxT//DVwU/g3t5/bivwgxcwVGe8n+P3soy822L9HdPd3zJWZFZZcicb5++h4vw6sneH+3HG6pMKDDzUvm9VoPe2+8ijPM6+qcDZ5yjIeS68/COUVuUBz7HrwCOsPXtnuKLVHrIfUz9tEOyK1V4aStn1NBx62g778rYdpSSTXuFs1Pk+vj5q5Uoqnl7Ws8K3S0Y+T247zJL8rYP3sR0WHxWHy8lbvoyNv6xk5WgHif31Lg1XCJ8vyWHX7KOUrCCqb2pUyNlQSsHS06xdkUvuCruaeLh8BzazsewRSot7v65H5/UpxHiQYFWMn9zN1NVu7nlf/R4eXVLNN2s3s3iw9Te+SF3hon4fPl48l2ejbntX7qYuawtZc7awr3YziznBq0VQxh1kFcbYwINb7RB25be4ec4dPMoxdtwOsDa8PoCPfQV3cG6tBKmDOXL53AQfwVCqTnsyB3inq8T4rj+/v1QrwaoQQgghxHCZIVTVBaoFloGKjqIqmKaFqlp0drbjQOPNUwGSPCpJkzrpbL6KZvkxQ0GU4FXQnFhmCBweTNOJFQLL0tEVB4ozgQ1Pvs6CXV/itm2/w7P16/1XrurBkZ3L9Nnw9/+OOX8x+jCrVWEeWbGqFxvKOVT2CGuLoXcjzZ5Vl+vZuGE7FQ35rMyw+6SuBzsoix4u38uAlYIZ2dwEcQWruQVVlAAUhPtmNpRSkLMatu0h7/Cd7LrvKNVV3UdQXRxjI3FXrPrYv2Uzh8IVpJldwWtU386BWwtsp+jx9VT3Uy3qXbGFosN3suvAI0OaMCsuJ5+zw8aqPG7K2c7+L47BpEzhEDVy5P1VCEdUsj1nO5lHdrKy4TSHls9j7YF1ZA9SrTxQ0Gm3hlhG0ZFY4fQovT6FGAcSrIqPjqIvkTVIA5/lvX/55m6mrtb+9njxlzhVfIy6lV7sgPS78P3drJrRVcl6b/gH9SIKa1+keM532bf3/vCGTlA850tEPrc+ODfyfXSVrOj2Tosv7mWTHU6mupLwBdrpMEJ4NAdzEtOobmtE76oKGESa081kZwLnO1si69yQmk7A0DEsi5Bp4NGcaArUtDWiAC5VI0FzEjQNJrs8NPjbsSwLCwvDNNFUtZ+9xVcN+3bzpbiWE0IIIYQQfRlGEMU0wXSgWDqGZaJqTizTRNE8GCE/hkulpb2V9hYLq7GDYMdVVMUCLCyzBVXxgBlCU53halMVRbFQNAUwCIVC3P+3z/P0D1by9X85hWPPP6H9YR98WA2dIxx9lZAMs7Lhns/bw/9V5whC1f75Xj/MoeX39arYDE/6xBYqirsCp1zyt8GTr/tYGQ4Do/ueHsrpVQQTrUc15ygc84F1LNkAGx9fRtFZKCmuIqskh+ySQSbmirdi9eRzHLpvCxvLTvdYrjJSjdnr77ce4V0lpRuIXa0a4WXlmkfYmN97uP5z5MfqF9vHI8QuyvWxf/dz5G07Si5eMrfBkrGoWi3bzJLez/fyLQOskMuSx8upaAjfnJ9N7or8qN6u/U9kFdPJreFQdeDlJ+r1KcRQSLAqPjqGWLHaxbd/DYsKy+31I20CvstjB8th/glW5VfzbNFavlnr7VFBW1i7G+r38FJkS8t4psIOYoT8Wb4AABisSURBVKO3/b3ROr+PGV+gvd/Hvpx1EzekTGWKK4EMTzKTnB40ReH52jf4t3NvMcOTzBPz7+I7b/6Kb85dzC1p0yPrnmxq4P+veZ38zBvJTExlijOBGQnJpDjcqIrCU+8f5Xe+s9w+dRYb5i/haqAT3TJpCQaY4k7Epapse/colY0XWJDqZdNN9/DShff56vUL+eax/6CuvRkL0MPBas/+q0NrL3DJ3/81EEIIIYQQA9McHkw9AKaFaRmAgic5FYcrgaTJM0lMUMmeodJ8qYG01EQ6dBdnToeYOslDkkfjYoNCQqL9fWLqJC5ebEY3VQzDoLnVz9SpSVxubKWptZ0NP/pPtj//O9Z+JY8Hv/8o02dMxpPgGdkJGDpWKITpcGFYcbfxH6LwsPH7tmCXjwCUsz1nM0UxQkjvbffB0ueovG0eu8J9Qqvv6poEaaCKwFE62gPrWLKhnLxt3dWp+QfWkV2ynuqCKqpPbiU7Z3V3L9Y+ExgNNBT8TrI3ANiBXcnCSrZvON3fwv2qLFnN29uOsn6wgHDhJkofzyF/SylLItduhD1WTz5nh+Hh4Ne7YgtFhXey/eQoD3EfcsWq3fe16NVK8mefJm92ZuyWAmVR/VZ776OPfiqwoUcf2/F8fQoxHBKsio+OIVeshqtMN75IXW34t0RXz9QHt3KidjfsX0PWEnimYrc91H/Gan5UvIZFkfYB0cp5bMlcHhtwn6KLMcA7R8uycKsanXqIDE8yBy98wCsXazjb0YyqKCzzzuG6xDQenrOQzMRUnKrKNE8y77b4mJmQgqaoWJaFikqnoTM7aRL/UnOS318+S11HCwmagwdm3EBWQhoZnmQsC0KWiUvVUBWFvJnZvNtyiW/My6Xe38bKzBuZmZBKwQ1/gWmZWMD+8+/xTqsPRVGGFaoOdg1GVZ9ewGt7vH67PlwYs+rqQfYf6xgGu91HuM9yVz/jyAcmXS08BjxAu4XHYweH1w/5ePFcXl0atV74fCk+xo6VdeFq9r7n3K+o6zVeFe/9X6+ua9P3g6OxOoae5xyjvUr4+twc53PV+9zYv4ZFtd8a8IO4iEj/7rE/fyGEEEOnqCooCigqimVPGBVovUIACHS0cFn3c/4dP5ZpoaoaiZO8tF65hO+SDpaBGWrD7UlgetY8VN3Ce1027e0B2us/IMmtoweaSUuEQLsff2sH7779Id/+3im+jYWigCcpiZC/DdXhAEtHc6g4XB4SJ08i5PfjnjwNTTXRXE5UK4jLpREKtNNKCAuD6he3guaKt0NVHJ6j4uQmcqMDtkgbgO7f7oc2bIZtR6nuUZXZ1Yf1KHnLD1PHpu6emSeJXcEYrb+KwIZq3o7n0MNBGduOUvr4neRv6ApBu3QHpnnbjvIkm8nOsQPYkqqq8DKVbC+sJj/SI7Zr0qt+JsAajoZSdr2/hScL4nt/lvvFLeQtPWy3VxiFfRfkP8fG0ujJtuzK2OzR7uc65IpV8GbOg8PVVFDOTXd5I+tUFC+jIlytmvXLcEVw5nMDB7ULN1FdNcDj0RNXjeT1KcQwfOMb3+j3seeff77PfRKsio+OoVSs1u/h0SUv80BFDXUz6P7j+cGtnKitYUfXcit3U7fSx76CuWR1BQsrd3OCNSwqPkFdj+7vUrE6WpIdLhQUEh1ONEVhfmo6k10JhEyDH777+x6TRAHUtDeS4nTz2tUPI9WryU43mqKQ5HACcOuk6WQmphIwdba8+wdeaTjNjIRk2kJBdMuk0wiR4nDjUFR+e/EMqzJv5MFZCzh+9UOuS0rjl+feZvmsHMobzvCFrBs56juH0WyiahrDCVVHTTwTqPV+XePDVw/EDIm6Q8aBRALIUd//8Bw/Yk9e99SRExTmZvHqIbuf0/K8e4c1y2s8E+I9sbeGh+rWsKoIKNrCXV3BaUO1fT1q64az5+71WcYDtw9y9HFOoNdDjJ+V52rD/a/mZ/e8XvW/5aWDAOWca2BUn7N42KMHgIPd1/d4qX2+Zbv28NCgoTl4s7KBcjhYzbmSE7xaWA6UU7w0jmA2I5vlQBnlvPSaj1XS1kUIIa4pRtBu06QoJpapoyoWpqFjhSeRcqg6ackuQqaGiYWiKqR7J2GGWlEVaL3ajEOzaG9qwHSk4u/sIGRCU/1lwMI0TVTFYe8DCzABA1XTME0DxdJRsFAsA0Ux7YxXMfA3X0FzObFCbeiWDpYbwwqCohHobCGomijq2HzAXvRqJesXRv2Cy8inJBxQRVeDxu77uYzMDC8ri3f2fWiA6sKBKgIrf7k5vomreszwXkV1QZ+9RFoXPLnCi5edUcPMew4JL4oO2KKH3ec8F+Pcu4fm9+zBOsBxDqVwJvq8GgZedGCVbA8H"
[DEBUG] 2019-07-12 19:39:03,249 method:org.apache.http.impl.conn.Wire.wire(Wire.java:86)
http-outgoing-2 << "z30qUxduomLbOpYUlg5SAToEw6hYJWMeeWWHOcQy8r7IiM7Xfq3Oi6O6t5/j7b0tqVgVo+j555+PGa7GClVBglXxUTKUitUZq9lRu9oOT5ZEhScHN7Ho4KY+6z2xt4a6ku7b3pW7qQOor4YHs7kOeFUqVkfNqeZLNATaSXclcmOql/daLvNu62UM08S0LCqunueBGTloiopL1Zifkk6S5mSpdzZNQT8AlY31JDvdzEpI4fYpszjVcokz7U0Ypolbc7Aq60Z006Shs40l3ixaQn7eaLxI7uQZLJ95A83h7Zxqusgr9aepvHqBRVNnUH7pDC2hAK9f+ZCAHsKhaRMZq3a/lnuLBINr2dcnfPLijSMge2JvDYUZ4eBu44vUFWb1DV1Hsv8YoWBZYc/J4/q/Hf1Bhj3xHMATSxfZLToOxl4/YrBK1t6T6UWOtdcHKLk/5plDd/DYwV08u38dO1Z6IyHv8jlZwGDh6kBBduyfKT2Ovb/rH8Px4rl2CBzjGOret797YmnPwLUrxOTBrTwU611t1HPYt9o36tyiwtzIccRRTexduZt9tXNZVRS+vrf/lmeLIPbrKh6LKKzYyqklm3gqOpiNI6CO+VqKqyJaCCHEWHElpGKE/FiWBQokpqSiYBEK+dGcSahmGzfekMkFXzNt7QGmTU+hvSVA+kwvIX+AJq0N3dTImZeOrgdJSlSpPtvInAUzmT59Eo3NfgKdfqZMTSMU0vFdbsSdmERygpPWtjYCoRCNjQoXrzSiqhYWKpqmgWaB4gQFVNUJmoplaeiGheJ0oykhNOcY/an99CEqC3J7hVFdM6g/QtG2fiaSaijnUNk8e4KrWIZVEVhJxQAztA8kOii1LaPoSFXfyaKih4T3CGNjV6n6DqwjO4eo3p29Jq8CDvWolo1qLbB8S68+tcMxjB6rUdW8/U2E5V2xk9KzOSzJOR1/GNnDMjLjnAArMskYvebMyMinpCqb7Tmr2ViWw/nHHxnyUQybVKyKcdY7XO0vVAUJVsVHyTB7rA78h3F4GGqs+9bWUEg1ZfPvZweLKKytoRDsQGlXtvyxHYdYgeQdU2fxtev+DLeq4dEcJDlc3DF1FgtS0gGYkZDMXVOvIysxjQ4jhFNR8Rs6f7xyHq8nCb8Z4rPT5/KZadcDkOhwoSgKd6dfx8JwNWuS5uCtq/WsyFxAisNFujuRZIcLw7KY5PJwrr2JX5x9i+yUKVzyt5M7ZQYPzb6FDjPEN+YuYqYnhX969w8YloU/FCTB6R6vSza6eoVJZYV3kHVoLU+M1/6jQsGRtALw7f/n8GRxa7krF44X9xf00bMSNUaY9tTn7Ynn4h+C72XV2rU8dnAXZYU7Ob7y/kjI2zOI28WqOd0f4sQ6tkH3GUcV7VD1Dlu7zt/+uZgdOZc+HzqNZqAY63VYuJZniqt5rLB7JtmywjvIityyr+fy4mP8iO/aQ/0H1fM54OAmFkHP8+h1XpHrM8jvFyGEEBPDCAWwLBOMIIqqoGgaZqAV1dJxupyYRjKvv32OoF9H0TSago2YHT6utE9FURUsfxIJqZM53ZyIljQTh19FzZrFldZm3jn2PsFAEE9iMsmtThITXISCDnR/gMQEg872TjramlBVC0W1sCwdCychI4gGKGYI3bJQVQvVNMDQMRQDI9SBrpk4R9qftV/PkV+S1907NTp4XGjfPrS09zB7mz0hUj+GURFYWbKaQepe+pVbEBWUhnt1bly6DnpPZpSRT0npabLzc2LvK0aImbftaHgbuayvCp/xip3hsDBWtSyRyat66gqsw5ZvoWLQPqdD7LEa9fwN1kM1t6CKitnrWJKzzg6OB1w6XAHc9QZs+RYqYgWr0X1SH99jP/89+to+QmlxjPuqNpF7citF7wNEVUEXVPHkgXVk55d3by8G74qeFcmDkopVMQG6wtWBQlWQYFVc63oEDbsGrVgFO+jov4/iCYrnvNw9pDeW+t/y0sG1fLMEjhfvYvmcdd3HcuR+6pbaN8/tX8MLWbuH3K/xk0JVYtd5+gId/PHqeRyKymSnh5kJKbzXcpma9iYAqtqucr6zhWmeJL79xmGevGkZf7r6IT87+yZzEtO4J302dR0t/OGKXSk4zZ1EdvIUTjVf4nxnCwDvtlzmg8ZLfHn2LbzddBFVUbkS6OBMeyOfzcjmj7462kJBDMviusQ0Fk2eyb/VvkHezGwOX6jiuzffwy2TpnPiaj1Bw0BVQrg0B0o/53TNCgebPUNL2FcwuuHd2PJFhv2z8X4W1+/h0XBF4109WhXYPU7pqibNuxfvDG842B1Zj1Vy1/HMg9Xw/c0srtzCKogK4k4MvcfqBIiEulE/U891BdZRoWKkX2nvlgEjMWM1O2rvjTwH0QHzqq6/CHo9jz2v427qBvrLob9q40H1qoQWQghxzdGDrSiAoXeiqQowmY7meoxQB0pbEynJCVw/MxV34mSwLN6va+PGG7ycrqlDdTjwt15mxhSVFDeEAgGcbifVVVeYmqCQMUmjw59AUrKbYKAR3XLgb2vF4U7AUJ04FIO01GQsS8edkMiVK1dADfdYnTQZRVVwpUxCUU1UhwZmEMMMobcGcHkSmJIRZ3ngcDy9muz3w0FTjyH29BpyH6eFm6geYBSed8VOqnvc0yu0G6mFm6iu6juqMO7HR0PMFgC5rK+qIu5ayKi2DAOLCnyH+Hz1CCQzBnrevKwsroodvkY/37GubaxjinVfP6+bIYemgxny61OI0TNYqAoSrIprXe/huiNVX82pB7N5aKBlGqop23g/OzhBcRHcvNeeX3PfLthXsggqXwbgupU/pq5gDfu+LxOeDMWZ9ibOtDdxc9o0Fk+agWFZvHLxDH+4YtcNK8DS9Nmo2H1WO/QQd6dfR5LmIs3pJjt5Cr+5dIZjV8+TOykDz+SZALxUX0Vlk93opyMYIFmxf7yduFqPS3Nwtq2R26bOojnkp0UPRI6nTQ/y87Nv4jd0Uh0e3mm+xAtn3uByoCNyPEFdB8Ad7ucar1HJYQcdwtyrSg8Y1Yl4Rmn/3pU9w7HBbkdU7uwxjL5r6Pry4nUxQszuIe83Z41mPbmXVSXhplMz1vHMg7s491EP4g5uYlX4uo5PqFjHuUH6+g7bjGxuhrj70L5aPJfHen1IF6nk7WW8JhcTQggRm9PpwjKDYKlozgQcLjeaKwVF1VAw8ftDXLzchKV0sOjPcqC2juZ2F2lpaVz0XSUYDKEqCq2Nl0lI8BAKQajlChlZ1+MPJpFqaTS1+FkwfyYej4eGC/U0d0JyogOHamEAhunnQv1VdFNDVVVChoJuqXS2tOHGjerQ0BwaqCYutxucKYRMaDh/ZVSvRY8Kzwk3QGgnhBCfMBKsio+MSCVVdEVTdOgTa+hq7uZw79SuqjJbWWTI6zKeqaihMCoAOn7ErlI9XnwHTz24lRO59gQr59butivVIrys+v79PFp6glUyhHTIvK5E1lyfywetVzjZ1LPz+ayEFOr9bXQYIX5R9zZrr8/l7vQsgqbBf9Z/wKVgO4qicHPadL46+1Zev/oh77d2v3kNGjqXDD+rj/wcw7K4PX0Wumny2GsHaA8FCVkmAIZl4fO383xNJU/e+lc0+Nu40NnKP7xlV0h25aIWFgE9hGWZeJwu4pnMatSKW+PpcTqWlZIj2n98E2XFFB6q/kKvofGLC4/xzPs7yYoZdnlZVVLDqpIYD42KqPM52DuI6x0w970u/faDjXefo+nBrZwouZdXC3aSNQ5V993tHMZSfBNw3VVYQ93Scfr/I4QQYkSMUAemEcSyTBTLxAh2Ypo6hh5AU1XcLmhr9oPm4U+vvYHqmMylS4046MDtgiSHi/dP1zEpPYskxY2quUifdx1VZ8+gh0yCuoqqqpRfuExScgKWHsTAhW7oWEYAT5KH9vYWNIeGQ3OApuJyJ5Dkhpvmz6BVT+LiJT9oKopq4XS7MfUgpgZOj2uiL58QQohxIMGqGB+DVL2V9al4Azv0/DH8j+7ho3W1dvVoZMbx6NCnfg+PzpkbHkq6jrpeYcQTe2uo6xMg+NhXMJesyOQr8GrRMh6oAGrX8sz3V+Ot38Ojtd9ix0pfj6GsXRPL"
[DEBUG] 2019-07-12 19:39:03,250 method:org.apache.http.impl.conn.Wire.wire(Wire.java:86)
http-outgoing-2 << "fJM17KuXqtWhKvfVcm/585j0nDHVAl6oO8ULdacAONFUz/rK+pjb+N9n3+Bfz76BBfakBuGvumFgWUSqTv/bicNYWBhWz319+3gZVnj/P3zrt5hRj8fKRYOGgWkFcGpOHKoaszXAR61bwHiJewh+jx6p1Zzqs4CXVSX3UzxnLqtYy76K7L7rjlq/zJ4fyCwvPsaOEQS3I+2xOtj6/U9e1R8vq9ZCVvGJMe4vGtXOgXDAXPsidfnVMX4vRAfU3ZXPA53bE3uPcd2DwBDC564JyNh4P4vp3v6wWkUIIYQYM5buB0wU1YFl+LGMEJYRBMvARGPK5CTuvO0W2gMKoZCBJ3Ua1e9V0dzYQXr6ZM7UXCV79gxuuXE6Jk46AyE+vHSFqdOSSEpwc6rqEncszuHD8/WYOHC7kqg+18j1mWl4HClM8k6moeEyaWlJWJbO8bdrcDgMFi2eTNasRNp1DwcPXsZyuHE4VSzDCZb9nlMxjYm+fEIIIcaBBKtifAxhZus++gQZ/cx43msfi+MKQPpWuBXWhof8FnZVMa1mR7jKLFY13OLC3VLtNAwWRELN4TKjvlcUxR62bxioKBhR29Yts8+6AEbU/V2hau9cVAkfa9f3hmliWkF0RUVTVRyahqqo4WMY0emMOTvQ2soz4ds9hj8XfSmOHsajJ65Jg8JDvHlwGWUHoyYvqnw5PAFTNtdFL5+RzXKgrOhljhcuivn/MnLOcYWv9qR1D0Wq5Xsde78mpgpycWENdf1UxMaslo0EudXsyx/DD4d6tXNYXvwiDxz6Eo++dowdtTX2nQP2WI06t5jL+dgXXu5UnQ9yBxu6L71VhRDiI8MKoSgqiqKCoqBoFgoGWAZg0XCplf0Hj5CSlk5AB8NxGb3zCooVwtfYTqCtkXa/wQcffIDLMwlVtWjvCOBwJaEoLkzFzeHfvg5YmBZgmaiam/c+uIqiaSScv0pnezMujwvDsFtJuRwKgQ6TM7Ud6JoBloVimViGCYaBYilYloWiqhN55YQQQowTCVaFEB8ruqHjdDjQTJOQYQwpvI2Vi1ox7rcsC90y0E2DoB4CRcGhqCiqGlnWtCzMfgLdcdOrUrx78ir79thX59kfXNyVt4ZF/fSwjBnoRoWed+19kYfq/pmySDDnY9+uqAmq+G33ejPu5YEHoezgLl6t3MzijL6V8qN5zn0rSHtWuE6I+j08uuRlHujV4zbW5FX2pFy7eOxgOY+NQ0uT5ZGAPMv+kGrUtuwlaz7xV6x2BfP07a3a+7ZUsAohxMSyUFBMHcMC1QpihgJYZhDLCIBiohsmqWluAsEg06en09yp4HAn4nboXPQ1ErAsewIsRaWz4wouTwqKYmEYFopqomhgmiZg4UpMI9jRCgrhIFe13wc6nIQMACeaS8Od4MGTlIaq+PH5QNHcgIqqKGiqE0PVQTVxp06a0GsnhBBifEiwKoQYdw5FJcXpojUU7LeatItbtStC3apGU8jf53GXqpGgOWjXQwQN3R56BWiq/QZXt0wM04y0Cuh9HAkOJx16MLIv/xDC2OhWALplgjHKQeqgE0dB7MmjbE/srWFH7eqo/sTjv/8eoVRUYBqrYjXWcS7OXYSvLvqYfstLBwGW8cDtvSsTvdyVtwwOlvPUkRMUFnZVsY9Rn9IhGl6P1eEo57Ela6BiN1kDLudl1dq1PHZwFxT9M/vyd3NX70WiJobqWw3aPSHV8jkD7Ckjm+UPbuWbeS9HBeSj67o5y4ByymrrgBgVqw3V9ut4fjbe3NV9JkWUVgBCCHFtUh0pWGYIVQEMA9XhRlEcoGqoqptp3kncduscrjZ3oqgOMpPTuepr4FNz0zl2spqzHS1Yqgssw64gVV2gGqBqKKojXAXrwdIDqJoTwpWxpqICCqbiwFScKA4Hf37/nVSdqgGHgcvj5I4FHl74VQeKIxHLXhxVc9gftCsW7VebJvjqCSGEGA//FzZtcFurMpFjAAAAAElFTkSuQmCC"}"
[DEBUG] 2019-07-12 19:39:03,250 method:org.apache.http.impl.conn.PoolingHttpClientConnectionManager.releaseConnection(PoolingHttpClientConnectionManager.java:280)
Connection [id: 2][route: {}->http://localhost:60573] can be kept alive indefinitely
[DEBUG] 2019-07-12 19:39:03,250 method:org.apache.http.impl.conn.PoolingHttpClientConnectionManager.releaseConnection(PoolingHttpClientConnectionManager.java:286)
Connection released: [id: 2][route: {}->http://localhost:60573][total kept alive: 3; route allocated: 1 of 2000; total allocated: 3 of 2000]
test06_switchNotes 运行失败, 截图保存在: screenshot 截图名称 : TestResult_test06_switchNotes_2019.07.12-19.39.02.png
]]></system-out>
  </testcase>
</testsuite>