<?xml version="1.0" encoding="UTF-8"?>
<!-- Generated by org.testng.reporters.JUnitReportReporter -->
<testsuite name="com.oa.demo.AppTest" tests="1" time="0.002" ignored="0" failures="0" timestamp="11 七月 2019 09:06:42 GMT" skipped="0" hostname="DEEP-1808222042" errors="0">
  <testcase name="testApp" time="0.002" classname="com.oa.demo.AppTest"/>
</testsuite> <!-- com.oa.demo.AppTest -->
