<?xml version="1.0" encoding="UTF-8"?>
<!-- Generated by org.testng.reporters.JUnitReportReporter -->
<testsuite skipped="3" hostname="DEEP-1907221518" name="com.f.dianqingoa.testcase.SuiteTest001_Login" tests="3" failures="0" timestamp="23 七月 2019 08:36:47 GMT" time="32.424" errors="0">
  <testcase name="testLogin" time="11.147" classname="com.f.dianqingoa.testcase.SuiteTest001_Login">
    <skipped/>
  </testcase> <!-- testLogin -->
  <testcase name="testLogin" time="10.633" classname="com.f.dianqingoa.testcase.SuiteTest001_Login">
    <skipped/>
  </testcase> <!-- testLogin -->
  <testcase name="testLogin" time="10.644" classname="com.f.dianqingoa.testcase.SuiteTest001_Login">
    <skipped/>
  </testcase> <!-- testLogin -->
</testsuite> <!-- com.f.dianqingoa.testcase.SuiteTest001_Login -->
