<?xml version="1.0" encoding="UTF-8"?>
<!-- Generated by org.testng.reporters.JUnitReportReporter -->
<testsuite skipped="0" hostname="DEEP-1907221518" name="com.f.dianqingoa.testcase.SuiteTest003_SwitchTitle" tests="6" failures="0" timestamp="23 七月 2019 08:36:47 GMT" time="46.922" errors="0">
  <testcase name="test01_switchCourse" time="3.985" classname="com.f.dianqingoa.testcase.SuiteTest003_SwitchTitle"/>
  <testcase name="test02_switchPracticalCourse" time="10.621" classname="com.f.dianqingoa.testcase.SuiteTest003_SwitchTitle"/>
  <testcase name="test03_switchEmploymentClasses" time="12.050" classname="com.f.dianqingoa.testcase.SuiteTest003_SwitchTitle"/>
  <testcase name="test05_switchApeAsk" time="4.608" classname="com.f.dianqingoa.testcase.SuiteTest003_SwitchTitle"/>
  <testcase name="test04_switchSpecialColumn" time="10.305" classname="com.f.dianqingoa.testcase.SuiteTest003_SwitchTitle"/>
  <testcase name="test06_switchNotes" time="5.353" classname="com.f.dianqingoa.testcase.SuiteTest003_SwitchTitle"/>
</testsuite> <!-- com.f.dianqingoa.testcase.SuiteTest003_SwitchTitle -->
