<?xml version="1.0" encoding="UTF-8"?>
<!-- Generated by org.testng.reporters.JUnitReportReporter -->
<testsuite skipped="3" hostname="DEEP-1808222042" name="com.f.dianqingoa.testcase.SuiteLogionTest" tests="3" failures="0" timestamp="09 七月 2019 06:56:22 GMT" time="24.273" errors="0">
  <testcase name="testLogin" time="4.201" classname="com.f.dianqingoa.testcase.SuiteLogionTest">
    <skipped/>
  </testcase> <!-- testLogin -->
  <testcase name="testLogin" time="10.044" classname="com.f.dianqingoa.testcase.SuiteLogionTest">
    <skipped/>
  </testcase> <!-- testLogin -->
  <testcase name="testLogin" time="10.028" classname="com.f.dianqingoa.testcase.SuiteLogionTest">
    <skipped/>
  </testcase> <!-- testLogin -->
</testsuite> <!-- com.f.dianqingoa.testcase.SuiteLogionTest -->
