<?xml version="1.0" encoding="UTF-8"?>
<!-- Generated by org.testng.reporters.JUnitReportReporter -->
<testsuite skipped="6" hostname="DEEP-1808222042" name="com.f.dianqingoa.testcase.SuiteTest003_SwitchTitle" tests="10" failures="0" timestamp="12 七月 2019 05:32:40 GMT" time="54.009" errors="0">
  <testcase name="test04_switchSpecialColumn" time="8.158" classname="com.f.dianqingoa.testcase.SuiteTest003_SwitchTitle"/>
  <testcase name="test01_switchCourse" time="2.927" classname="com.f.dianqingoa.testcase.SuiteTest003_SwitchTitle"/>
  <testcase name="test05_switchApeAsk" time="3.689" classname="com.f.dianqingoa.testcase.SuiteTest003_SwitchTitle">
    <skipped/>
  </testcase> <!-- test05_switchApeAsk -->
  <testcase name="test03_switchEmploymentClasses" time="13.909" classname="com.f.dianqingoa.testcase.SuiteTest003_SwitchTitle"/>
  <testcase name="test05_switchApeAsk" time="1.624" classname="com.f.dianqingoa.testcase.SuiteTest003_SwitchTitle">
    <skipped/>
  </testcase> <!-- test05_switchApeAsk -->
  <testcase name="test02_switchPracticalCourse" time="10.351" classname="com.f.dianqingoa.testcase.SuiteTest003_SwitchTitle"/>
  <testcase name="test06_switchNotes" time="3.698" classname="com.f.dianqingoa.testcase.SuiteTest003_SwitchTitle">
    <skipped/>
  </testcase> <!-- test06_switchNotes -->
  <testcase name="test06_switchNotes" time="3.760" classname="com.f.dianqingoa.testcase.SuiteTest003_SwitchTitle">
    <skipped/>
  </testcase> <!-- test06_switchNotes -->
  <testcase name="test05_switchApeAsk" time="1.548" classname="com.f.dianqingoa.testcase.SuiteTest003_SwitchTitle">
    <skipped/>
  </testcase> <!-- test05_switchApeAsk -->
  <testcase name="test06_switchNotes" time="4.345" classname="com.f.dianqingoa.testcase.SuiteTest003_SwitchTitle">
    <skipped/>
  </testcase> <!-- test06_switchNotes -->
</testsuite> <!-- com.f.dianqingoa.testcase.SuiteTest003_SwitchTitle -->
