<?xml version="1.0" encoding="UTF-8"?>
<!-- Generated by org.testng.reporters.JUnitReportReporter -->
<testsuite skipped="0" hostname="DEEP-1907221518" name="com.f.dianqingoa.testcase.SuiteTest002_Logout" tests="1" failures="0" timestamp="23 七月 2019 08:36:47 GMT" time="3.046" errors="0">
  <testcase name="testLogout" time="3.046" classname="com.f.dianqingoa.testcase.SuiteTest002_Logout"/>
</testsuite> <!-- com.f.dianqingoa.testcase.SuiteTest002_Logout -->
