<?xml version="1.0" encoding="UTF-8"?>
<!-- Generated by org.testng.reporters.JUnitReportReporter -->
<testsuite skipped="3" hostname="DEEP-1808222042" name="com.f.dianqingoa.testcase.SuiteTest001_Logion" tests="3" failures="0" timestamp="10 七月 2019 11:12:33 GMT" time="28.833" errors="0">
  <testcase name="testLogin" time="10.058" classname="com.f.dianqingoa.testcase.SuiteTest001_Logion">
    <skipped/>
  </testcase> <!-- testLogin -->
  <testcase name="testLogin" time="8.682" classname="com.f.dianqingoa.testcase.SuiteTest001_Logion">
    <skipped/>
  </testcase> <!-- testLogin -->
  <testcase name="testLogin" time="10.093" classname="com.f.dianqingoa.testcase.SuiteTest001_Logion">
    <skipped/>
  </testcase> <!-- testLogin -->
</testsuite> <!-- com.f.dianqingoa.testcase.SuiteTest001_Logion -->
