<?xml version="1.0" encoding="UTF-8"?>
<!-- Generated by org.testng.reporters.JUnitReportReporter -->
<testsuite skipped="6" hostname="DEEP-1808222042" name="com.f.dianqingoa.testcase.SuiteTest003_SwitchTitle" tests="10" failures="0" timestamp="12 七月 2019 10:47:15 GMT" time="53.889" errors="0">
  <testcase name="test06_switchNotes" time="4.874" classname="com.f.dianqingoa.testcase.SuiteTest003_SwitchTitle">
    <skipped/>
  </testcase> <!-- test06_switchNotes -->
  <testcase name="test02_switchPracticalCourse" time="9.764" classname="com.f.dianqingoa.testcase.SuiteTest003_SwitchTitle"/>
  <testcase name="test04_switchSpecialColumn" time="6.199" classname="com.f.dianqingoa.testcase.SuiteTest003_SwitchTitle"/>
  <testcase name="test01_switchCourse" time="7.844" classname="com.f.dianqingoa.testcase.SuiteTest003_SwitchTitle"/>
  <testcase name="test03_switchEmploymentClasses" time="11.124" classname="com.f.dianqingoa.testcase.SuiteTest003_SwitchTitle"/>
  <testcase name="test05_switchApeAsk" time="2.012" classname="com.f.dianqingoa.testcase.SuiteTest003_SwitchTitle">
    <skipped/>
  </testcase> <!-- test05_switchApeAsk -->
  <testcase name="test06_switchNotes" time="4.025" classname="com.f.dianqingoa.testcase.SuiteTest003_SwitchTitle">
    <skipped/>
  </testcase> <!-- test06_switchNotes -->
  <testcase name="test06_switchNotes" time="2.674" classname="com.f.dianqingoa.testcase.SuiteTest003_SwitchTitle">
    <skipped/>
  </testcase> <!-- test06_switchNotes -->
  <testcase name="test05_switchApeAsk" time="1.997" classname="com.f.dianqingoa.testcase.SuiteTest003_SwitchTitle">
    <skipped/>
  </testcase> <!-- test05_switchApeAsk -->
  <testcase name="test05_switchApeAsk" time="3.376" classname="com.f.dianqingoa.testcase.SuiteTest003_SwitchTitle">
    <skipped/>
  </testcase> <!-- test05_switchApeAsk -->
</testsuite> <!-- com.f.dianqingoa.testcase.SuiteTest003_SwitchTitle -->
