<?xml version="1.0" encoding="UTF-8"?>
<!-- Generated by org.testng.reporters.JUnitReportReporter -->
<testsuite skipped="0" hostname="DEEP-1808222042" name="com.f.dianqingoa.testcase.SuiteTest001_Login" tests="1" failures="0" timestamp="12 七月 2019 10:47:15 GMT" time="7.000" errors="0">
  <testcase name="testLogin" time="7.000" classname="com.f.dianqingoa.testcase.SuiteTest001_Login"/>
</testsuite> <!-- com.f.dianqingoa.testcase.SuiteTest001_Login -->
