<?xml version="1.0" encoding="UTF-8"?>
<!-- Generated by org.testng.reporters.JUnitReportReporter -->
<testsuite skipped="9" hostname="DEEP-1808222042" name="com.f.dianqingoa.testcase.SuiteTest003_SwitchTitle" tests="12" failures="0" timestamp="13 七月 2019 12:16:25 GMT" time="48.083" errors="0">
  <testcase name="test01_switchCourse" time="2.158" classname="com.f.dianqingoa.testcase.SuiteTest003_SwitchTitle"/>
  <testcase name="test02_switchPracticalCourse" time="5.286" classname="com.f.dianqingoa.testcase.SuiteTest003_SwitchTitle"/>
  <testcase name="test05_switchApeAsk" time="2.864" classname="com.f.dianqingoa.testcase.SuiteTest003_SwitchTitle">
    <skipped/>
  </testcase> <!-- test05_switchApeAsk -->
  <testcase name="test06_switchNotes" time="3.945" classname="com.f.dianqingoa.testcase.SuiteTest003_SwitchTitle">
    <skipped/>
  </testcase> <!-- test06_switchNotes -->
  <testcase name="test04_switchSpecialColumn" time="2.851" classname="com.f.dianqingoa.testcase.SuiteTest003_SwitchTitle">
    <skipped/>
  </testcase> <!-- test04_switchSpecialColumn -->
  <testcase name="test05_switchApeAsk" time="2.266" classname="com.f.dianqingoa.testcase.SuiteTest003_SwitchTitle">
    <skipped/>
  </testcase> <!-- test05_switchApeAsk -->
  <testcase name="test05_switchApeAsk" time="3.074" classname="com.f.dianqingoa.testcase.SuiteTest003_SwitchTitle">
    <skipped/>
  </testcase> <!-- test05_switchApeAsk -->
  <testcase name="test04_switchSpecialColumn" time="4.309" classname="com.f.dianqingoa.testcase.SuiteTest003_SwitchTitle">
    <skipped/>
  </testcase> <!-- test04_switchSpecialColumn -->
  <testcase name="test06_switchNotes" time="5.759" classname="com.f.dianqingoa.testcase.SuiteTest003_SwitchTitle">
    <skipped/>
  </testcase> <!-- test06_switchNotes -->
  <testcase name="test04_switchSpecialColumn" time="5.291" classname="com.f.dianqingoa.testcase.SuiteTest003_SwitchTitle">
    <skipped/>
  </testcase> <!-- test04_switchSpecialColumn -->
  <testcase name="test06_switchNotes" time="1.613" classname="com.f.dianqingoa.testcase.SuiteTest003_SwitchTitle">
    <skipped/>
  </testcase> <!-- test06_switchNotes -->
  <testcase name="test03_switchEmploymentClasses" time="8.667" classname="com.f.dianqingoa.testcase.SuiteTest003_SwitchTitle"/>
</testsuite> <!-- com.f.dianqingoa.testcase.SuiteTest003_SwitchTitle -->
